Clock: clk
Sources: clk 
Generated: no
Virtual: yes
Propagated: no
Period: 5.000000

===========================================================================
report_clock_properties
============================================================================
Clock                   Period          Waveform
----------------------------------------------------
clk                   5.000000    0.000000  2.500000

===========================================================================
report_clock_latency
============================================================================
Clock clk
rise -> rise
    min     max
0.000000 0.000000 source latency
0.246527         network latency _782_/CLK
        0.251416 network latency _788_/CLK
---------------
0.246527 0.251416 latency
        0.004888 skew

fall -> fall
    min     max
0.000000 0.000000 source latency
0.229610         network latency _782_/CLK
        0.234118 network latency _788_/CLK
---------------
0.229610 0.234118 latency
        0.004508 skew



===========================================================================
report_clock_min_period
============================================================================
clk period_min = 2.50 fmax = 399.72
