Reading timing models for corner nom_tt_025C_1v80…
Reading timing library for the 'nom_tt_025C_1v80' corner at '/home/nakanomiku/.volare/volare/sky130/versions/0fe599b2afb6708d281543108caf8310912f54af/sky130A/libs.ref/sky130_fd_sc_hd/lib/sky130_fd_sc_hd__tt_025C_1v80.lib'…
Reading timing models for corner nom_ff_n40C_1v95…
Reading timing library for the 'nom_ff_n40C_1v95' corner at '/home/nakanomiku/.volare/volare/sky130/versions/0fe599b2afb6708d281543108caf8310912f54af/sky130A/libs.ref/sky130_fd_sc_hd/lib/sky130_fd_sc_hd__ff_n40C_1v95.lib'…
Reading timing models for corner nom_ss_100C_1v60…
Reading timing library for the 'nom_ss_100C_1v60' corner at '/home/nakanomiku/.volare/volare/sky130/versions/0fe599b2afb6708d281543108caf8310912f54af/sky130A/libs.ref/sky130_fd_sc_hd/lib/sky130_fd_sc_hd__ss_100C_1v60.lib'…
Reading OpenROAD database at '/home/nakanomiku/DigitalDesign/freq_psc/runs/RUN_2024-10-28_14-46-53/34-openroad-cts/freq_psc.odb'…
Reading design constraints file at '/nix/store/mr1ix0gwjfwmikfqyrq536nwhj83f0zp-python3-3.11.9-env/lib/python3.11/site-packages/openlane/scripts/base.sdc'…
[INFO] Using clock clk…
[INFO] Setting output delay to: 1
[INFO] Setting input delay to: 1
[INFO] Setting load to: 0.033442
[INFO] Setting clock uncertainty to: 0.25
[INFO] Setting clock transition to: 0.1499999999999999944488848768742172978818416595458984375
[INFO] Setting timing derate to: 5%
[INFO] Setting RC values…
[INFO RSZ-0094] Found 33 endpoints with setup violations.
[INFO RSZ-0099] Repairing 33 out of 33 (100.00%) violating endpoints...
   Iter   | Removed | Resized | Inserted | Cloned |  Pin  |    WNS   |   TNS      |  Viol  | Worst
          | Buffers |  Gates  | Buffers  |  Gates | Swaps |          |            | Endpts | Endpt
---------------------------------------------------------------------------------------------------
        0 |       0 |       0 |        0 |      0 |     0 |   -7.703 |     -244.9 |     33 | _783_/D
       10 |       0 |       6 |        0 |      0 |     3 |   -5.944 |     -188.6 |     33 | _783_/D
       20 |       0 |      13 |        4 |      0 |     4 |   -5.529 |     -175.9 |     33 | _783_/D
       30 |       0 |      19 |        8 |      0 |     6 |   -5.414 |     -172.3 |     33 | _783_/D
       40 |       0 |      24 |       10 |      0 |    10 |   -5.251 |     -167.1 |     33 | _783_/D
       50 |       0 |      33 |       10 |      0 |    11 |   -5.323 |     -168.7 |     33 | _795_/D
       60 |       0 |      40 |       10 |      2 |    12 |   -5.500 |     -174.9 |     33 | _799_/D
       70 |       0 |      44 |       12 |      2 |    17 |   -5.617 |     -178.6 |     33 | _799_/D
       80 |       0 |      44 |       12 |      2 |    27 |   -5.613 |     -178.5 |     33 | _780_/D
       84 |       0 |      38 |       11 |      0 |    10 |   -5.211 |     -165.2 |     33 | _799_/D
       90 |       0 |      42 |       11 |      1 |    10 |   -5.241 |     -165.5 |     33 | _784_/D
       90 |       0 |      40 |       11 |      0 |    10 |   -5.211 |     -165.2 |     33 | _799_/D
       96 |       0 |      42 |       11 |      0 |    10 |   -5.211 |     -165.2 |     33 | _799_/D
      100 |       0 |      44 |       11 |      1 |    10 |   -5.217 |     -165.5 |     33 | _796_/D
      102 |       0 |      45 |       11 |      1 |    10 |   -5.208 |     -165.2 |     33 | _796_/D
      104 |       0 |      45 |       11 |      1 |    10 |   -5.208 |     -165.2 |     33 | _796_/D
      106 |       0 |      45 |       11 |      1 |    10 |   -5.208 |     -165.2 |     33 | _796_/D
      108 |       0 |      45 |       11 |      1 |    10 |   -5.208 |     -165.2 |     33 | _796_/D
      110 |       0 |      45 |       11 |      2 |    10 |   -5.242 |     -165.7 |     33 | _784_/D
      111 |       0 |      45 |       11 |      1 |    10 |   -5.208 |     -165.2 |     33 | _796_/D
      115 |       0 |      45 |       11 |      1 |    10 |   -5.208 |     -165.2 |     33 | _796_/D
      120 |       0 |      48 |       11 |      2 |    10 |   -5.225 |     -165.4 |     33 | _796_/D
      122 |       0 |      47 |       11 |      1 |    10 |   -5.208 |     -165.2 |     33 | _796_/D
      129 |       0 |      49 |       11 |      1 |    10 |   -5.208 |     -165.2 |     33 | _796_/D
      130 |       0 |      49 |       11 |      1 |    10 |   -5.208 |     -165.2 |     33 | _796_/D
      132 |       0 |      49 |       11 |      1 |    11 |   -5.208 |     -165.2 |     33 | _796_/D
      135 |       0 |      49 |       11 |      1 |    11 |   -5.208 |     -165.2 |     33 | _796_/D
      140 |       0 |      52 |       11 |      1 |    12 |   -5.214 |     -165.0 |     33 | _799_/D
      141 |       0 |      51 |       11 |      1 |    11 |   -5.207 |     -165.0 |     33 | _799_/D
      145 |       0 |      52 |       11 |      1 |    11 |   -5.207 |     -165.0 |     33 | _799_/D
      148 |       0 |      53 |       11 |      1 |    11 |   -5.202 |     -164.9 |     33 | _795_/D
      150 |       0 |      54 |       11 |      1 |    11 |   -5.208 |     -165.0 |     33 | _795_/D
      152 |       0 |      55 |       11 |      1 |    11 |   -5.190 |     -164.8 |     33 | _783_/D
      154 |       0 |      55 |       11 |      1 |    11 |   -5.190 |     -164.8 |     33 | _783_/D
      159 |       0 |      56 |       11 |      1 |    11 |   -5.190 |     -164.8 |     33 | _783_/D
      160 |       0 |      56 |       11 |      1 |    11 |   -5.190 |     -164.8 |     33 | _783_/D
      165 |       0 |      58 |       11 |      1 |    11 |   -5.190 |     -164.8 |     33 | _783_/D
      170 |       0 |      61 |       11 |      2 |    11 |   -5.197 |     -165.1 |     33 | _796_/D
      171 |       0 |      60 |       11 |      1 |    11 |   -5.190 |     -164.8 |     33 | _783_/D
      174 |       0 |      60 |       11 |      1 |    11 |   -5.190 |     -164.8 |     33 | _783_/D
      177 |       0 |      60 |       11 |      1 |    11 |   -5.190 |     -164.8 |     33 | _783_/D
      180 |       0 |      61 |       11 |      1 |    12 |   -5.200 |     -165.2 |     33 | _783_/D
      180 |       0 |      60 |       11 |      1 |    11 |   -5.190 |     -164.8 |     33 | _783_/D
      183 |       0 |      60 |       11 |      1 |    11 |   -5.190 |     -164.8 |     33 | _783_/D
      187 |       0 |      61 |       11 |      1 |    11 |   -5.190 |     -164.8 |     33 | _783_/D
      190 |       0 |      63 |       11 |      1 |    11 |   -5.197 |     -164.8 |     33 | _783_/D
      191 |       0 |      62 |       11 |      1 |    11 |   -5.190 |     -164.8 |     33 | _783_/D
      195 |       0 |      63 |       11 |      1 |    11 |   -5.190 |     -164.8 |     33 | _783_/D
      197 |       0 |      63 |       11 |      1 |    11 |   -5.190 |     -164.8 |     33 | _783_/D
      199 |       0 |      63 |       11 |      1 |    11 |   -5.190 |     -164.8 |     33 | _783_/D
      200 |       0 |      63 |       11 |      1 |    11 |   -5.190 |     -164.8 |     33 | _783_/D
      206 |       0 |      65 |       11 |      1 |    11 |   -5.190 |     -164.8 |     33 | _783_/D
      208 |       0 |      65 |       11 |      1 |    11 |   -5.190 |     -164.8 |     33 | _783_/D
      210 |       0 |      65 |       16 |      1 |    11 |   -5.190 |     -165.2 |     33 | _783_/D
      219 |       0 |      72 |       16 |      1 |    13 |   -5.190 |     -164.5 |     31 | _783_/D
     220* |       0 |      72 |       16 |      1 |    13 |   -5.190 |     -164.5 |     32 | _783_/D
     220* |       0 |      72 |       16 |      1 |    13 |   -5.190 |     -164.5 |     32 | _783_/D
     221* |       0 |      72 |       16 |      1 |    13 |   -5.190 |     -164.5 |     32 | _783_/D
     222* |       0 |      72 |       16 |      1 |    13 |   -5.190 |     -164.5 |     32 | _783_/D
     223* |       0 |      72 |       16 |      1 |    13 |   -5.190 |     -164.5 |     32 | _783_/D
     224* |       0 |      72 |       16 |      1 |    13 |   -5.190 |     -164.5 |     32 | _783_/D
     225* |       0 |      72 |       16 |      1 |    13 |   -5.190 |     -164.5 |     32 | _783_/D
     226* |       0 |      72 |       16 |      1 |    13 |   -5.190 |     -164.5 |     32 | _783_/D
     227* |       0 |      72 |       16 |      1 |    13 |   -5.190 |     -164.5 |     32 | _783_/D
     228* |       0 |      72 |       16 |      1 |    13 |   -5.190 |     -164.5 |     32 | _783_/D
     229* |       0 |      72 |       16 |      1 |    13 |   -5.190 |     -164.5 |     32 | _783_/D
     230* |       0 |      72 |       16 |      1 |    13 |   -5.190 |     -164.5 |     32 | _783_/D
     230* |       0 |      72 |       16 |      1 |    13 |   -5.190 |     -164.5 |     32 | _783_/D
     231* |       0 |      72 |       16 |      1 |    13 |   -5.190 |     -164.5 |     32 | _783_/D
     232* |       0 |      72 |       16 |      1 |    13 |   -5.190 |     -164.5 |     32 | _783_/D
     233* |       0 |      72 |       16 |      1 |    13 |   -5.190 |     -164.5 |     32 | _783_/D
     234* |       0 |      72 |       16 |      1 |    13 |   -5.190 |     -164.5 |     32 | _783_/D
     235* |       0 |      72 |       16 |      1 |    13 |   -5.190 |     -164.5 |     32 | _783_/D
     236* |       0 |      72 |       16 |      1 |    13 |   -5.190 |     -164.5 |     32 | _783_/D
     237* |       0 |      72 |       16 |      1 |    13 |   -5.190 |     -164.5 |     32 | _783_/D
     238* |       0 |      72 |       16 |      1 |    13 |   -5.190 |     -164.5 |     32 | _783_/D
     239* |       0 |      72 |       16 |      1 |    13 |   -5.190 |     -164.5 |     32 | _783_/D
     240* |       0 |      72 |       16 |      1 |    13 |   -5.190 |     -164.5 |     32 | _783_/D
     240* |       0 |      72 |       16 |      1 |    13 |   -5.190 |     -164.5 |     32 | _783_/D
     241* |       0 |      72 |       16 |      1 |    13 |   -5.190 |     -164.5 |     32 | _783_/D
     242* |       0 |      72 |       16 |      1 |    13 |   -5.190 |     -164.5 |     32 | _783_/D
     243* |       0 |      72 |       16 |      1 |    13 |   -5.190 |     -164.5 |     32 | _783_/D
     244* |       0 |      72 |       16 |      1 |    13 |   -5.190 |     -164.5 |     32 | _783_/D
     245* |       0 |      72 |       16 |      1 |    13 |   -5.190 |     -164.5 |     32 | _783_/D
     246* |       0 |      72 |       16 |      1 |    13 |   -5.190 |     -164.5 |     32 | _783_/D
     247* |       0 |      72 |       16 |      1 |    13 |   -5.190 |     -164.5 |     32 | _783_/D
     248* |       0 |      72 |       16 |      1 |    13 |   -5.190 |     -164.5 |     32 | _783_/D
     249* |       0 |      72 |       16 |      1 |    13 |   -5.190 |     -164.5 |     32 | _783_/D
     250* |       0 |      72 |       16 |      1 |    13 |   -5.190 |     -164.5 |     32 | _783_/D
     250* |       0 |      72 |       16 |      1 |    13 |   -5.190 |     -164.5 |     32 | _783_/D
     251* |       0 |      72 |       16 |      1 |    13 |   -5.190 |     -164.5 |     32 | _783_/D
    final |       0 |      72 |       16 |      1 |    13 |   -5.190 |     -164.5 |     32 | _783_/D
---------------------------------------------------------------------------------------------------
[INFO RSZ-0040] Inserted 9 buffers.
[INFO RSZ-0041] Resized 72 instances.
[INFO RSZ-0043] Swapped pins on 13 instances.
[INFO RSZ-0049] Cloned 1 instances.
[WARNING RSZ-0062] Unable to repair all setup violations.
[INFO RSZ-0033] No hold violations found.
Placement Analysis
---------------------------------
total displacement        193.4 u
average displacement        0.3 u
max displacement           11.5 u
original HPWL            7070.6 u
legalized HPWL           7588.9 u
delta HPWL                    7 %

[INFO DPL-0020] Mirrored 212 instances
[INFO DPL-0021] HPWL before            7588.9 u
[INFO DPL-0022] HPWL after             7249.0 u
[INFO DPL-0023] HPWL delta               -4.5 %
[INFO] Setting RC values…
Setting global connections for newly added cells…
[INFO] Setting global connections...
Updating metrics…
Cell type report:                       Count       Area
  Fill cell                                64     240.23
  Tap cell                                102     127.62
  Clock buffer                              7     146.39
  Timing Repair Buffer                     53     362.85
  Inverter                                 66     247.74
  Clock inverter                            1      30.03
  Sequential cell                          33     855.82
  Multi-Input combinational cell          320    2467.37
  Total                                   646    4478.04
Writing OpenROAD database to '/home/nakanomiku/DigitalDesign/freq_psc/runs/RUN_2024-10-28_14-46-53/36-openroad-resizertimingpostcts/freq_psc.odb'…
Writing netlist to '/home/nakanomiku/DigitalDesign/freq_psc/runs/RUN_2024-10-28_14-46-53/36-openroad-resizertimingpostcts/freq_psc.nl.v'…
Writing powered netlist to '/home/nakanomiku/DigitalDesign/freq_psc/runs/RUN_2024-10-28_14-46-53/36-openroad-resizertimingpostcts/freq_psc.pnl.v'…
Writing layout to '/home/nakanomiku/DigitalDesign/freq_psc/runs/RUN_2024-10-28_14-46-53/36-openroad-resizertimingpostcts/freq_psc.def'…
Writing timing constraints to '/home/nakanomiku/DigitalDesign/freq_psc/runs/RUN_2024-10-28_14-46-53/36-openroad-resizertimingpostcts/freq_psc.sdc'…
