Reading library file at '/home/nakanomiku/.volare/volare/sky130/versions/0fe599b2afb6708d281543108caf8310912f54af/sky130A/libs.ref/sky130_fd_sc_hd/lib/sky130_fd_sc_hd__tt_025C_1v80.lib'…
Reading technology LEF file at '/home/nakanomiku/.volare/volare/sky130/versions/0fe599b2afb6708d281543108caf8310912f54af/sky130A/libs.ref/sky130_fd_sc_hd/techlef/sky130_fd_sc_hd__nom.tlef'…
[INFO ODB-0227] LEF file: /home/nakanomiku/.volare/volare/sky130/versions/0fe599b2afb6708d281543108caf8310912f54af/sky130A/libs.ref/sky130_fd_sc_hd/techlef/sky130_fd_sc_hd__nom.tlef, created 14 layers, 25 vias
Reading cell LEF file at '/home/nakanomiku/.volare/volare/sky130/versions/0fe599b2afb6708d281543108caf8310912f54af/sky130A/libs.ref/sky130_fd_sc_hd/lef/sky130_fd_sc_hd.lef'…
[WARNING ODB-0220] WARNING (LEFPARS-2008): NOWIREEXTENSIONATPIN statement is obsolete in version 5.6 or later.
The NOWIREEXTENSIONATPIN statement will be ignored. See file /home/nakanomiku/.volare/volare/sky130/versions/0fe599b2afb6708d281543108caf8310912f54af/sky130A/libs.ref/sky130_fd_sc_hd/lef/sky130_fd_sc_hd.lef at line 2.

[INFO ODB-0227] LEF file: /home/nakanomiku/.volare/volare/sky130/versions/0fe599b2afb6708d281543108caf8310912f54af/sky130A/libs.ref/sky130_fd_sc_hd/lef/sky130_fd_sc_hd.lef, created 437 library cells
Reading cell LEF file at '/home/nakanomiku/.volare/volare/sky130/versions/0fe599b2afb6708d281543108caf8310912f54af/sky130A/libs.ref/sky130_fd_sc_hd/lef/sky130_ef_sc_hd.lef'…
[WARNING ODB-0220] WARNING (LEFPARS-2008): NOWIREEXTENSIONATPIN statement is obsolete in version 5.6 or later.
The NOWIREEXTENSIONATPIN statement will be ignored. See file /home/nakanomiku/.volare/volare/sky130/versions/0fe599b2afb6708d281543108caf8310912f54af/sky130A/libs.ref/sky130_fd_sc_hd/lef/sky130_ef_sc_hd.lef at line 2.

[INFO ODB-0227] LEF file: /home/nakanomiku/.volare/volare/sky130/versions/0fe599b2afb6708d281543108caf8310912f54af/sky130A/libs.ref/sky130_fd_sc_hd/lef/sky130_ef_sc_hd.lef, created 4 library cells
Reading top-level netlist at '/home/nakanomiku/DigitalDesign/freq_psc/runs/RUN_2024-10-28_14-46-53/06-yosys-synthesis/freq_psc.nl.v'…
Linking design 'freq_psc' from netlist…
Reading design constraints file at '/nix/store/mr1ix0gwjfwmikfqyrq536nwhj83f0zp-python3-3.11.9-env/lib/python3.11/site-packages/openlane/scripts/base.sdc'…
[INFO] Using clock clk…
[INFO] Setting output delay to: 1
[INFO] Setting input delay to: 1
[INFO] Setting load to: 0.033442
[INFO] Setting clock uncertainty to: 0.25
[INFO] Setting clock transition to: 0.1499999999999999944488848768742172978818416595458984375
[INFO] Setting timing derate to: 5%
Using site height: 2.72 and site width: 0.46…
[INFO] Using relative sizing for the floorplan.
[INFO IFP-0001] Added 32 rows of 193 site unithd.
[INFO IFP-0030] Inserted 0 tiecells using sky130_fd_sc_hd__conb_1/LO.
[INFO IFP-0030] Inserted 0 tiecells using sky130_fd_sc_hd__conb_1/HI.
[INFO] Extracting DIE_AREA and CORE_AREA from the floorplan
[INFO] Floorplanned on a die area of 0.0 0.0 100.19 110.91 (µm).
[INFO] Floorplanned on a core area of 5.52 10.88 94.3 97.92 (µm).
Writing metric design__die__bbox: 0.0 0.0 100.19 110.91
Writing metric design__core__bbox: 5.52 10.88 94.3 97.92
Setting global connections for newly added cells…
[INFO] Setting global connections...
Updating metrics…
Cell type report:                       Count       Area
  Inverter                                 66     247.74
  Sequential cell                          33     867.08
  Multi-Input combinational cell          320    2858.99
  Total                                   419    3973.81
Writing OpenROAD database to '/home/nakanomiku/DigitalDesign/freq_psc/runs/RUN_2024-10-28_14-46-53/13-openroad-floorplan/freq_psc.odb'…
Writing netlist to '/home/nakanomiku/DigitalDesign/freq_psc/runs/RUN_2024-10-28_14-46-53/13-openroad-floorplan/freq_psc.nl.v'…
Writing powered netlist to '/home/nakanomiku/DigitalDesign/freq_psc/runs/RUN_2024-10-28_14-46-53/13-openroad-floorplan/freq_psc.pnl.v'…
Writing layout to '/home/nakanomiku/DigitalDesign/freq_psc/runs/RUN_2024-10-28_14-46-53/13-openroad-floorplan/freq_psc.def'…
Writing timing constraints to '/home/nakanomiku/DigitalDesign/freq_psc/runs/RUN_2024-10-28_14-46-53/13-openroad-floorplan/freq_psc.sdc'…
