Clock: clk
Sources: clk 
Generated: no
Virtual: yes
Propagated: no
Period: 5.000000

===========================================================================
report_clock_properties
============================================================================
Clock                   Period          Waveform
----------------------------------------------------
clk                   5.000000    0.000000  2.500000

===========================================================================
report_clock_latency
============================================================================
Clock clk
rise -> rise
    min     max
0.000000 0.000000 source latency
0.278740         network latency _113_/CLK
        0.281160 network latency _117_/CLK
---------------
0.278740 0.281160 latency
        0.002421 skew

fall -> fall
    min     max
0.000000 0.000000 source latency
0.285680         network latency _113_/CLK
        0.287805 network latency _117_/CLK
---------------
0.285680 0.287805 latency
        0.002125 skew



===========================================================================
report_clock_min_period
============================================================================
clk period_min = 1.75 fmax = 570.31
