Reading OpenROAD database at '/home/nakanomiku/DigitalDesign/freq_psc/runs/RUN_2024-10-26_06-31-47/24-openroad-ioplacement/freq_psc.odb'…
Reading library file at '/home/nakanomiku/.volare/volare/sky130/versions/0fe599b2afb6708d281543108caf8310912f54af/sky130A/libs.ref/sky130_fd_sc_hd/lib/sky130_fd_sc_hd__tt_025C_1v80.lib'…
Reading design constraints file at '/nix/store/mr1ix0gwjfwmikfqyrq536nwhj83f0zp-python3-3.11.9-env/lib/python3.11/site-packages/openlane/scripts/base.sdc'…
[INFO] Using clock clk…
[INFO] Setting output delay to: 1
[INFO] Setting input delay to: 1
[INFO] Setting load to: 0.033442
[INFO] Setting clock uncertainty to: 0.25
[INFO] Setting clock transition to: 0.1499999999999999944488848768742172978818416595458984375
[INFO] Setting timing derate to: 5%
[INFO] Setting RC values…
[INFO] Setting signal min routing layer to: met1 and clock min routing layer to met1. 
[INFO] Setting signal max routing layer to: met5 and clock max routing layer to met5. 
[INFO GPL-0002] DBU: 1000
[INFO GPL-0003] SiteSize: (  0.460  2.720 ) um
[INFO GPL-0004] CoreBBox: (  5.520 10.880 ) ( 41.860 46.240 ) um
[INFO GPL-0006] NumInstances:               106
[INFO GPL-0007] NumPlaceInstances:           65
[INFO GPL-0008] NumFixedInstances:           41
[INFO GPL-0009] NumDummyInstances:            0
[INFO GPL-0010] NumNets:                     75
[INFO GPL-0011] NumPins:                    231
[INFO GPL-0012] DieBBox:  (  0.000  0.000 ) ( 47.425 58.145 ) um
[INFO GPL-0013] CoreBBox: (  5.520 10.880 ) ( 41.860 46.240 ) um
[INFO GPL-0016] CoreArea:              1284.982 um^2
[INFO GPL-0017] NonPlaceInstsArea:      116.362 um^2
[INFO GPL-0018] PlaceInstsArea:         661.885 um^2
[INFO GPL-0019] Util:                    56.638 %
[INFO GPL-0020] StdInstsArea:           661.885 um^2
[INFO GPL-0021] MacroInstsArea:           0.000 um^2
[InitialPlace]  Iter: 1 CG residual: 0.00000008 HPWL: 1208915
[InitialPlace]  Iter: 2 CG residual: 0.00000009 HPWL: 981625
[InitialPlace]  Iter: 3 CG residual: 0.00000005 HPWL: 981090
[InitialPlace]  Iter: 4 CG residual: 0.00000010 HPWL: 975432
[InitialPlace]  Iter: 5 CG residual: 0.00000011 HPWL: 975618
[INFO GPL-0031] FillerInit:NumGCells:        72
[INFO GPL-0032] FillerInit:NumGNets:         75
[INFO GPL-0033] FillerInit:NumGPins:        231
[INFO GPL-0023] TargetDensity:            0.630
[INFO GPL-0024] AvrgPlaceInstArea:       10.183 um^2
[INFO GPL-0025] IdealBinArea:            16.171 um^2
[INFO GPL-0026] IdealBinCnt:                 79
[INFO GPL-0027] TotalBinArea:          1284.982 um^2
[INFO GPL-0028] BinCnt:         8      8
[INFO GPL-0029] BinSize: (  4.543  4.420 )
[INFO GPL-0030] NumBins: 64
[NesterovSolve] Iter:    1 overflow: 0.728 HPWL: 514959
[INFO GPL-0100] Timing-driven: executing resizer for reweighting nets.
[INFO GPL-0101] Timing-driven: worst slack 2.82e-09
[INFO GPL-0103] Timing-driven: weighted 7 nets.
[INFO GPL-0100] Timing-driven: executing resizer for reweighting nets.
[INFO GPL-0101] Timing-driven: worst slack 2.82e-09
[INFO GPL-0103] Timing-driven: weighted 7 nets.
[NesterovSolve] Snapshot saved at iter = 7
[NesterovSolve] Iter:   10 overflow: 0.585 HPWL: 553512
[NesterovSolve] Iter:   20 overflow: 0.583 HPWL: 554277
[NesterovSolve] Iter:   30 overflow: 0.583 HPWL: 555692
[NesterovSolve] Iter:   40 overflow: 0.583 HPWL: 556025
[NesterovSolve] Iter:   50 overflow: 0.583 HPWL: 555588
[NesterovSolve] Iter:   60 overflow: 0.582 HPWL: 555712
[NesterovSolve] Iter:   70 overflow: 0.583 HPWL: 555788
[NesterovSolve] Iter:   80 overflow: 0.583 HPWL: 555930
[NesterovSolve] Iter:   90 overflow: 0.583 HPWL: 555835
[NesterovSolve] Iter:  100 overflow: 0.583 HPWL: 555774
[NesterovSolve] Iter:  110 overflow: 0.583 HPWL: 555759
[NesterovSolve] Iter:  120 overflow: 0.583 HPWL: 555835
[NesterovSolve] Iter:  130 overflow: 0.582 HPWL: 555994
[NesterovSolve] Iter:  140 overflow: 0.581 HPWL: 556839
[NesterovSolve] Iter:  150 overflow: 0.578 HPWL: 557178
[NesterovSolve] Iter:  160 overflow: 0.572 HPWL: 559178
[NesterovSolve] Iter:  170 overflow: 0.564 HPWL: 562419
[NesterovSolve] Iter:  180 overflow: 0.548 HPWL: 565669
[NesterovSolve] Iter:  190 overflow: 0.525 HPWL: 569378
[NesterovSolve] Iter:  200 overflow: 0.495 HPWL: 574317
[INFO GPL-0100] Timing-driven: executing resizer for reweighting nets.
[INFO GPL-0101] Timing-driven: worst slack 2.81e-09
[INFO GPL-0103] Timing-driven: weighted 7 nets.
[NesterovSolve] Iter:  210 overflow: 0.469 HPWL: 579650
[NesterovSolve] Iter:  220 overflow: 0.442 HPWL: 588682
[NesterovSolve] Iter:  230 overflow: 0.410 HPWL: 598715
[NesterovSolve] Iter:  240 overflow: 0.367 HPWL: 603320
[NesterovSolve] Iter:  250 overflow: 0.337 HPWL: 608021
[NesterovSolve] Iter:  260 overflow: 0.315 HPWL: 614278
[INFO GPL-0075] Routability numCall: 1 inflationIterCnt: 1 bloatIterCnt: 0
[INFO GPL-0036] TileBBox: (    0    0 ) ( 6900 6900 ) DBU
[INFO GPL-0038] TileCnt:       6    8
[INFO GPL-0040] NumTiles: 48
[INFO GPL-0081] TotalRouteOverflow: 0
[INFO GPL-0082] OverflowTileCnt: 0
[INFO GPL-0083] 0.5%RC: 0.6988074779510498
[INFO GPL-0084] 1.0%RC: 0.6988074779510498
[INFO GPL-0085] 2.0%RC: 0.6988074779510498
[INFO GPL-0086] 5.0%RC: 0.6593990524609884
[INFO GPL-0087] FinalRC: 0.6988075
[INFO GPL-0077] FinalRC lower than targetRC(1.01), routability not needed.
[NesterovSolve] Iter:  270 overflow: 0.289 HPWL: 618080
[INFO GPL-0100] Timing-driven: executing resizer for reweighting nets.
[INFO GPL-0101] Timing-driven: worst slack 2.87e-09
[INFO GPL-0103] Timing-driven: weighted 7 nets.
[NesterovSolve] Iter:  280 overflow: 0.255 HPWL: 617584
[NesterovSolve] Iter:  290 overflow: 0.223 HPWL: 617861
[NesterovSolve] Iter:  300 overflow: 0.206 HPWL: 618281
[INFO GPL-0100] Timing-driven: executing resizer for reweighting nets.
[INFO GPL-0101] Timing-driven: worst slack 2.86e-09
[INFO GPL-0103] Timing-driven: weighted 7 nets.
[NesterovSolve] Iter:  310 overflow: 0.177 HPWL: 622533
[NesterovSolve] Iter:  320 overflow: 0.162 HPWL: 628787
[INFO GPL-0100] Timing-driven: executing resizer for reweighting nets.
[INFO GPL-0101] Timing-driven: worst slack 2.86e-09
[INFO GPL-0103] Timing-driven: weighted 7 nets.
[NesterovSolve] Iter:  330 overflow: 0.140 HPWL: 634505
[NesterovSolve] Iter:  340 overflow: 0.133 HPWL: 642882
[NesterovSolve] Iter:  350 overflow: 0.115 HPWL: 652530
[NesterovSolve] Iter:  360 overflow: 0.100 HPWL: 662210
[NesterovSolve] Finished with Overflow: 0.099735
[INFO] Setting RC values…
Setting global connections for newly added cells…
[INFO] Setting global connections...
Updating metrics…
Cell type report:                       Count       Area
  Fill cell                                26      97.59
  Tap cell                                 15      18.77
  Inverter                                 13      48.80
  Sequential cell                           9     236.48
  Multi-Input combinational cell           43     376.61
  Total                                   106     778.25
Writing OpenROAD database to '/home/nakanomiku/DigitalDesign/freq_psc/runs/RUN_2024-10-26_06-31-47/27-openroad-globalplacement/freq_psc.odb'…
Writing netlist to '/home/nakanomiku/DigitalDesign/freq_psc/runs/RUN_2024-10-26_06-31-47/27-openroad-globalplacement/freq_psc.nl.v'…
Writing powered netlist to '/home/nakanomiku/DigitalDesign/freq_psc/runs/RUN_2024-10-26_06-31-47/27-openroad-globalplacement/freq_psc.pnl.v'…
Writing layout to '/home/nakanomiku/DigitalDesign/freq_psc/runs/RUN_2024-10-26_06-31-47/27-openroad-globalplacement/freq_psc.def'…
Writing timing constraints to '/home/nakanomiku/DigitalDesign/freq_psc/runs/RUN_2024-10-26_06-31-47/27-openroad-globalplacement/freq_psc.sdc'…
