
Circuit 1 cell sky130_fd_pr__pfet_01v8 and Circuit 2 cell sky130_fd_pr__pfet_01v8 are black boxes.
Warning: Equate pins:  cell sky130_fd_pr__pfet_01v8 is a placeholder, treated as a black box.
Warning: Equate pins:  cell sky130_fd_pr__pfet_01v8 is a placeholder, treated as a black box.

Subcircuit pins:
Circuit 1: sky130_fd_pr__pfet_01v8         |Circuit 2: sky130_fd_pr__pfet_01v8         
-------------------------------------------|-------------------------------------------
1                                          |1                                          
2                                          |2                                          
3                                          |3                                          
4                                          |4                                          
---------------------------------------------------------------------------------------
Cell pin lists are equivalent.
Device classes sky130_fd_pr__pfet_01v8 and sky130_fd_pr__pfet_01v8 are equivalent.

Circuit 1 cell sky130_fd_pr__nfet_01v8 and Circuit 2 cell sky130_fd_pr__nfet_01v8 are black boxes.
Warning: Equate pins:  cell sky130_fd_pr__nfet_01v8 is a placeholder, treated as a black box.
Warning: Equate pins:  cell sky130_fd_pr__nfet_01v8 is a placeholder, treated as a black box.

Subcircuit pins:
Circuit 1: sky130_fd_pr__nfet_01v8         |Circuit 2: sky130_fd_pr__nfet_01v8         
-------------------------------------------|-------------------------------------------
1                                          |1                                          
2                                          |2                                          
3                                          |3                                          
4                                          |4                                          
---------------------------------------------------------------------------------------
Cell pin lists are equivalent.
Device classes sky130_fd_pr__nfet_01v8 and sky130_fd_pr__nfet_01v8 are equivalent.
Flattening unmatched subcell sky130_fd_pr__pfet_01v8_2V7TNJ in circuit charge-pump (0)(1 instance)
Flattening unmatched subcell sky130_fd_pr__nfet_01v8_4N4BM2 in circuit charge-pump (0)(1 instance)
Flattening unmatched subcell sky130_fd_pr__nfet_01v8_R32FGG in circuit charge-pump (0)(1 instance)
Flattening unmatched subcell sky130_fd_pr__pfet_01v8_77ASL4 in circuit charge-pump (0)(1 instance)

Subcircuit summary:
Circuit 1: charge-pump                     |Circuit 2: charge-pump                     
-------------------------------------------|-------------------------------------------
sky130_fd_pr__pfet_01v8 (2)                |sky130_fd_pr__pfet_01v8 (2)                
sky130_fd_pr__nfet_01v8 (2)                |sky130_fd_pr__nfet_01v8 (2)                
Number of devices: 4                       |Number of devices: 4                       
Number of nets: 6                          |Number of nets: 6                          
---------------------------------------------------------------------------------------
Netlists match uniquely with property errors.
sky130_fd_pr__nfet_01v8_R32FGG:XM4/sky130_fd_pr__nfet_01v8:0 vs. sky130_fd_pr__nfet_01v8:M2:
 l circuit1: 0.18   circuit2: 0.36   (delta=66.7%, cutoff=1%)
 w circuit1: 1.2   circuit2: 0.96   (delta=22.2%, cutoff=1%)
sky130_fd_pr__nfet_01v8_4N4BM2:XM2/sky130_fd_pr__nfet_01v8:0 vs. sky130_fd_pr__nfet_01v8:M4:
 l circuit1: 0.36   circuit2: 0.18   (delta=66.7%, cutoff=1%)
 w circuit1: 0.96   circuit2: 1.2   (delta=22.2%, cutoff=1%)

Subcircuit pins:
Circuit 1: charge-pump                     |Circuit 2: charge-pump                     
-------------------------------------------|-------------------------------------------
D                                          |D                                          
VDD                                        |VDD                                        
GND                                        |GND                                        
VCON                                       |vcon                                       
U                                          |U                                          
---------------------------------------------------------------------------------------
Cell pin lists are equivalent.
Device classes charge-pump and charge-pump are equivalent.

Final result: Circuits match uniquely.
Property errors were found.

The following cells had property errors:
 charge-pump
