
Circuit 1 cell sky130_fd_pr__pfet_01v8 and Circuit 2 cell sky130_fd_pr__pfet_01v8 are black boxes.
Warning: Equate pins:  cell sky130_fd_pr__pfet_01v8 is a placeholder, treated as a black box.
Warning: Equate pins:  cell sky130_fd_pr__pfet_01v8 is a placeholder, treated as a black box.

Subcircuit pins:
Circuit 1: sky130_fd_pr__pfet_01v8         |Circuit 2: sky130_fd_pr__pfet_01v8         
-------------------------------------------|-------------------------------------------
1                                          |1                                          
2                                          |2                                          
3                                          |3                                          
4                                          |4                                          
---------------------------------------------------------------------------------------
Cell pin lists are equivalent.
Device classes sky130_fd_pr__pfet_01v8 and sky130_fd_pr__pfet_01v8 are equivalent.
Flattening unmatched subcell sky130_fd_pr__pfet_01v8_SC63VW in circuit pcell_pfd (0)(4 instances)

Subcircuit summary:
Circuit 1: pcell_pfd                       |Circuit 2: pcell_pfd                       
-------------------------------------------|-------------------------------------------
sky130_fd_pr__pfet_01v8 (4)                |sky130_fd_pr__pfet_01v8 (4)                
Number of devices: 4                       |Number of devices: 4                       
Number of nets: 7                          |Number of nets: 7                          
---------------------------------------------------------------------------------------
Netlists match uniquely.

Subcircuit pins:
Circuit 1: pcell_pfd                       |Circuit 2: pcell_pfd                       
-------------------------------------------|-------------------------------------------
drain1                                     |drain1                                     
drain2                                     |drain2                                     
VIN                                        |vin                                        
RST                                        |rst                                        
preout                                     |preOut                                     
DVDD                                       |DVDD                                       
---------------------------------------------------------------------------------------
Cell pin lists are equivalent.
Device classes pcell_pfd and pcell_pfd are equivalent.

Final result: Circuits match uniquely.
.
