
Circuit 1 cell sky130_fd_pr__nfet_01v8 and Circuit 2 cell sky130_fd_pr__nfet_01v8 are black boxes.
Warning: Equate pins:  cell sky130_fd_pr__nfet_01v8 is a placeholder, treated as a black box.
Warning: Equate pins:  cell sky130_fd_pr__nfet_01v8 is a placeholder, treated as a black box.

Subcircuit pins:
Circuit 1: sky130_fd_pr__nfet_01v8         |Circuit 2: sky130_fd_pr__nfet_01v8         
-------------------------------------------|-------------------------------------------
1                                          |1                                          
2                                          |2                                          
3                                          |3                                          
4                                          |4                                          
---------------------------------------------------------------------------------------
Cell pin lists are equivalent.
Device classes sky130_fd_pr__nfet_01v8 and sky130_fd_pr__nfet_01v8 are equivalent.

Circuit 1 cell sky130_fd_pr__pfet_01v8 and Circuit 2 cell sky130_fd_pr__pfet_01v8 are black boxes.
Warning: Equate pins:  cell sky130_fd_pr__pfet_01v8 is a placeholder, treated as a black box.
Warning: Equate pins:  cell sky130_fd_pr__pfet_01v8 is a placeholder, treated as a black box.

Subcircuit pins:
Circuit 1: sky130_fd_pr__pfet_01v8         |Circuit 2: sky130_fd_pr__pfet_01v8         
-------------------------------------------|-------------------------------------------
1                                          |1                                          
2                                          |2                                          
3                                          |3                                          
4                                          |4                                          
---------------------------------------------------------------------------------------
Cell pin lists are equivalent.
Device classes sky130_fd_pr__pfet_01v8 and sky130_fd_pr__pfet_01v8 are equivalent.
Flattening unmatched subcell sky130_fd_pr__nfet_01v8_7XSGLL in circuit ncell_pfd (0)(4 instances)

Subcircuit summary:
Circuit 1: ncell_pfd                       |Circuit 2: ncell_pfd                       
-------------------------------------------|-------------------------------------------
sky130_fd_pr__nfet_01v8 (4)                |sky130_fd_pr__nfet_01v8 (4)                
Number of devices: 4                       |Number of devices: 4                       
Number of nets: 7                          |Number of nets: 7                          
---------------------------------------------------------------------------------------
Netlists match uniquely.

Subcircuit pins:
Circuit 1: ncell_pfd                       |Circuit 2: ncell_pfd                       
-------------------------------------------|-------------------------------------------
drain1                                     |drain1                                     
drain2                                     |drain2                                     
DVSS                                       |DVSS                                       
VIN                                        |vin                                        
RST                                        |rst                                        
preout                                     |preOut                                     
---------------------------------------------------------------------------------------
Cell pin lists are equivalent.
Device classes ncell_pfd and ncell_pfd are equivalent.
Flattening unmatched subcell sky130_fd_pr__pfet_01v8_SC63VW in circuit pcell_pfd (0)(4 instances)

Subcircuit summary:
Circuit 1: pcell_pfd                       |Circuit 2: pcell_pfd                       
-------------------------------------------|-------------------------------------------
sky130_fd_pr__pfet_01v8 (4)                |sky130_fd_pr__pfet_01v8 (4)                
Number of devices: 4                       |Number of devices: 4                       
Number of nets: 7                          |Number of nets: 7                          
---------------------------------------------------------------------------------------
Netlists match uniquely.

Subcircuit pins:
Circuit 1: pcell_pfd                       |Circuit 2: pcell_pfd                       
-------------------------------------------|-------------------------------------------
drain1                                     |drain1                                     
drain2                                     |drain2                                     
VIN                                        |vin                                        
RST                                        |rst                                        
preout                                     |preOut                                     
DVDD                                       |DVDD                                       
---------------------------------------------------------------------------------------
Cell pin lists are equivalent.
Device classes pcell_pfd and pcell_pfd are equivalent.

Circuit 1 cell sky130_fd_pr__pfet_01v8_hvt and Circuit 2 cell sky130_fd_pr__pfet_01v8_hvt are black boxes.
Warning: Equate pins:  cell sky130_fd_pr__pfet_01v8_hvt is a placeholder, treated as a black box.
Warning: Equate pins:  cell sky130_fd_pr__pfet_01v8_hvt is a placeholder, treated as a black box.

Subcircuit pins:
Circuit 1: sky130_fd_pr__pfet_01v8_hvt     |Circuit 2: sky130_fd_pr__pfet_01v8_hvt     
-------------------------------------------|-------------------------------------------
1                                          |1                                          
2                                          |2                                          
3                                          |3                                          
4                                          |4                                          
---------------------------------------------------------------------------------------
Cell pin lists are equivalent.
Device classes sky130_fd_pr__pfet_01v8_hvt and sky130_fd_pr__pfet_01v8_hvt are equivalent.

Subcircuit summary:
Circuit 1: tspc_dff                        |Circuit 2: tspc_dff                        
-------------------------------------------|-------------------------------------------
ncell_pfd (1)                              |ncell_pfd (1)                              
pcell_pfd (1)                              |pcell_pfd (1)                              
Number of devices: 2                       |Number of devices: 2                       
Number of nets: 7                          |Number of nets: 7                          
---------------------------------------------------------------------------------------
Netlists match uniquely.

Subcircuit pins:
Circuit 1: tspc_dff                        |Circuit 2: tspc_dff                        
-------------------------------------------|-------------------------------------------
rst                                        |rst                                        
vin                                        |vin                                        
preout                                     |preOut                                     
DVDD                                       |DVDD                                       
DVSS                                       |DVSS                                       
---------------------------------------------------------------------------------------
Cell pin lists are equivalent.
Device classes tspc_dff and tspc_dff are equivalent.

Subcircuit summary:
Circuit 1: sky130_fd_sc_hd__and2_1         |Circuit 2: sky130_fd_sc_hd__and2_1         
-------------------------------------------|-------------------------------------------
sky130_fd_pr__pfet_01v8_hvt (3)            |sky130_fd_pr__pfet_01v8_hvt (3)            
sky130_fd_pr__nfet_01v8 (3)                |sky130_fd_pr__nfet_01v8 (3)                
Number of devices: 6                       |Number of devices: 6                       
Number of nets: 9                          |Number of nets: 9                          
---------------------------------------------------------------------------------------
Netlists match uniquely.

Subcircuit pins:
Circuit 1: sky130_fd_sc_hd__and2_1         |Circuit 2: sky130_fd_sc_hd__and2_1         
-------------------------------------------|-------------------------------------------
VGND                                       |VGND                                       
X                                          |X                                          
A                                          |A                                          
B                                          |B                                          
VNB                                        |VNB                                        
VPWR                                       |VPWR                                       
VPB                                        |VPB                                        
---------------------------------------------------------------------------------------
Cell pin lists are equivalent.
Device classes sky130_fd_sc_hd__and2_1 and sky130_fd_sc_hd__and2_1 are equivalent.

Class sky130_fd_sc_hd__buf_8 (0):  Merged 18 parallel devices.
Class sky130_fd_sc_hd__buf_8 (1):  Merged 18 parallel devices.
Subcircuit summary:
Circuit 1: sky130_fd_sc_hd__buf_8          |Circuit 2: sky130_fd_sc_hd__buf_8          
-------------------------------------------|-------------------------------------------
sky130_fd_pr__nfet_01v8 (11->2)            |sky130_fd_pr__nfet_01v8 (11->2)            
sky130_fd_pr__pfet_01v8_hvt (11->2)        |sky130_fd_pr__pfet_01v8_hvt (11->2)        
Number of devices: 4                       |Number of devices: 4                       
Number of nets: 7                          |Number of nets: 7                          
---------------------------------------------------------------------------------------
Netlists match uniquely.

Subcircuit pins:
Circuit 1: sky130_fd_sc_hd__buf_8          |Circuit 2: sky130_fd_sc_hd__buf_8          
-------------------------------------------|-------------------------------------------
X                                          |X                                          
VGND                                       |VGND                                       
VNB                                        |VNB                                        
VPWR                                       |VPWR                                       
VPB                                        |VPB                                        
A                                          |A                                          
---------------------------------------------------------------------------------------
Cell pin lists are equivalent.
Device classes sky130_fd_sc_hd__buf_8 and sky130_fd_sc_hd__buf_8 are equivalent.

Subcircuit summary:
Circuit 1: sky130_fd_sc_hd__buf_1          |Circuit 2: sky130_fd_sc_hd__buf_1          
-------------------------------------------|-------------------------------------------
sky130_fd_pr__pfet_01v8_hvt (2)            |sky130_fd_pr__pfet_01v8_hvt (2)            
sky130_fd_pr__nfet_01v8 (2)                |sky130_fd_pr__nfet_01v8 (2)                
Number of devices: 4                       |Number of devices: 4                       
Number of nets: 7                          |Number of nets: 7                          
---------------------------------------------------------------------------------------
Netlists match uniquely.

Subcircuit pins:
Circuit 1: sky130_fd_sc_hd__buf_1          |Circuit 2: sky130_fd_sc_hd__buf_1          
-------------------------------------------|-------------------------------------------
VGND                                       |VGND                                       
X                                          |X                                          
VNB                                        |VNB                                        
A                                          |A                                          
VPWR                                       |VPWR                                       
VPB                                        |VPB                                        
---------------------------------------------------------------------------------------
Cell pin lists are equivalent.
Device classes sky130_fd_sc_hd__buf_1 and sky130_fd_sc_hd__buf_1 are equivalent.

Subcircuit summary:
Circuit 1: pfd                             |Circuit 2: pfd                             
-------------------------------------------|-------------------------------------------
tspc_dff (2)                               |tspc_dff (2)                               
sky130_fd_sc_hd__and2_1 (1)                |sky130_fd_sc_hd__and2_1 (1)                
sky130_fd_sc_hd__buf_8 (2)                 |sky130_fd_sc_hd__buf_8 (2)                 
sky130_fd_sc_hd__buf_1 (1)                 |sky130_fd_sc_hd__buf_1 (1)                 
Number of devices: 6                       |Number of devices: 6                       
Number of nets: 10                         |Number of nets: 10                         
---------------------------------------------------------------------------------------
Netlists match uniquely.

Subcircuit pins:
Circuit 1: pfd                             |Circuit 2: pfd                             
-------------------------------------------|-------------------------------------------
U                                          |U                                          
D                                          |D                                          
DVSS                                       |DVSS                                       
DVDD                                       |DVDD                                       
VIN1                                       |vin1                                       
VIN2                                       |vin2                                       
---------------------------------------------------------------------------------------
Cell pin lists are equivalent.
Device classes pfd and pfd are equivalent.

Final result: Circuits match uniquely.
.
