Netgen 1.5.282 compiled on Sun Oct 13 23:01:02 WIB 2024
Warning: netgen command 'format' use fully-qualified name '::netgen::format'
Warning: netgen command 'global' use fully-qualified name '::netgen::global'
Reading netlist file /home/gils/aic/sky130_its_biomedical_chip_research_2024/lvs/tspc_dff1.ext.spc
Call to undefined subcircuit sky130_fd_pr__nfet_01v8
Creating placeholder cell definition.
Call to undefined subcircuit sky130_fd_pr__pfet_01v8
Creating placeholder cell definition.
Reading netlist file /home/gils/aic/sky130_its_biomedical_chip_research_2024/lvs/tspc_dff1.sch.spc

Reading setup file /home/gils/pdk/sky130A/libs.tech/netgen/sky130A_setup.tcl

Model sky130_fd_pr__nfet_01v8 pin 1 == 3
No property mult found for device sky130_fd_pr__nfet_01v8
No property sa found for device sky130_fd_pr__nfet_01v8
No property sb found for device sky130_fd_pr__nfet_01v8
No property sd found for device sky130_fd_pr__nfet_01v8
No property nf found for device sky130_fd_pr__nfet_01v8
No property nrd found for device sky130_fd_pr__nfet_01v8
No property nrs found for device sky130_fd_pr__nfet_01v8
No property area found for device sky130_fd_pr__nfet_01v8
No property perim found for device sky130_fd_pr__nfet_01v8
No property topography found for device sky130_fd_pr__nfet_01v8
Model sky130_fd_pr__pfet_01v8 pin 1 == 3
No property mult found for device sky130_fd_pr__pfet_01v8
No property sa found for device sky130_fd_pr__pfet_01v8
No property sb found for device sky130_fd_pr__pfet_01v8
No property sd found for device sky130_fd_pr__pfet_01v8
No property nf found for device sky130_fd_pr__pfet_01v8
No property nrd found for device sky130_fd_pr__pfet_01v8
No property nrs found for device sky130_fd_pr__pfet_01v8
No property area found for device sky130_fd_pr__pfet_01v8
No property perim found for device sky130_fd_pr__pfet_01v8
No property topography found for device sky130_fd_pr__pfet_01v8
Comparison output logged to file /home/gils/aic/sky130_its_biomedical_chip_research_2024/lvs/tspc_dff1.lvs.out
Logging to file "/home/gils/aic/sky130_its_biomedical_chip_research_2024/lvs/tspc_dff1.lvs.out" enabled

Contents of circuit 1:  Circuit: 'tspc_dff1'
Circuit tspc_dff1 contains 8 device instances.
  Class: sky130_fd_pr__nfet_01v8 instances:   4
  Class: sky130_fd_pr__pfet_01v8 instances:   4
Circuit contains 10 nets.
Contents of circuit 2:  Circuit: 'tspc_dff1'
Circuit tspc_dff1 contains 0 device instances.
Circuit contains 0 nets, and 5 disconnected pins.

Circuit tspc_dff1 contains no devices.

Final result: 
Verify:  cell /home/gils/aic/sky130_its_biomedical_chip_research_2024/lvs/tspc_dff1.sch.spc has no elements and/or nodes.  Not checked.
Logging to file "/home/gils/aic/sky130_its_biomedical_chip_research_2024/lvs/tspc_dff1.lvs.out" disabled
LVS Done.
