Netgen 1.5.282 compiled on Wed Oct 30 15:21:16 WIB 2024
Warning: netgen command 'format' use fully-qualified name '::netgen::format'
Warning: netgen command 'global' use fully-qualified name '::netgen::global'
Reading netlist file /home/gils/aic/sky130_its_biomedical_chip_research_2024/lvs/tspc_dff.ext.spc
Call to undefined subcircuit sky130_fd_pr__nfet_01v8
Creating placeholder cell definition.
Call to undefined subcircuit sky130_fd_pr__pfet_01v8
Creating placeholder cell definition.
Reading netlist file /home/gils/aic/sky130_its_biomedical_chip_research_2024/lvs/tspc_dff.sch.spc
Call to undefined subcircuit pcell_pfd
Creating placeholder cell definition.
Call to undefined subcircuit ncell_pfd
Creating placeholder cell definition.
Call to undefined subcircuit sky130_fd_pr__pfet_01v8
Creating placeholder cell definition.
Call to undefined subcircuit sky130_fd_pr__nfet_01v8
Creating placeholder cell definition.

Reading setup file /home/gils/sky130_pdk/share/pdk/sky130A/libs.tech/netgen/sky130A_setup.tcl

Model sky130_fd_pr__nfet_01v8 pin 1 == 3
No property mult found for device sky130_fd_pr__nfet_01v8
No property sa found for device sky130_fd_pr__nfet_01v8
No property sb found for device sky130_fd_pr__nfet_01v8
No property sd found for device sky130_fd_pr__nfet_01v8
No property nf found for device sky130_fd_pr__nfet_01v8
No property nrd found for device sky130_fd_pr__nfet_01v8
No property nrs found for device sky130_fd_pr__nfet_01v8
No property area found for device sky130_fd_pr__nfet_01v8
No property perim found for device sky130_fd_pr__nfet_01v8
No property topography found for device sky130_fd_pr__nfet_01v8
Model sky130_fd_pr__nfet_01v8 pin 1 == 3
No property as found for device sky130_fd_pr__nfet_01v8
No property ad found for device sky130_fd_pr__nfet_01v8
No property ps found for device sky130_fd_pr__nfet_01v8
No property pd found for device sky130_fd_pr__nfet_01v8
No property mult found for device sky130_fd_pr__nfet_01v8
No property sa found for device sky130_fd_pr__nfet_01v8
No property sb found for device sky130_fd_pr__nfet_01v8
No property sd found for device sky130_fd_pr__nfet_01v8
No property nrd found for device sky130_fd_pr__nfet_01v8
No property nrs found for device sky130_fd_pr__nfet_01v8
No property area found for device sky130_fd_pr__nfet_01v8
No property perim found for device sky130_fd_pr__nfet_01v8
No property topography found for device sky130_fd_pr__nfet_01v8
Model sky130_fd_pr__pfet_01v8 pin 1 == 3
No property mult found for device sky130_fd_pr__pfet_01v8
No property sa found for device sky130_fd_pr__pfet_01v8
No property sb found for device sky130_fd_pr__pfet_01v8
No property sd found for device sky130_fd_pr__pfet_01v8
No property nf found for device sky130_fd_pr__pfet_01v8
No property nrd found for device sky130_fd_pr__pfet_01v8
No property nrs found for device sky130_fd_pr__pfet_01v8
No property area found for device sky130_fd_pr__pfet_01v8
No property perim found for device sky130_fd_pr__pfet_01v8
No property topography found for device sky130_fd_pr__pfet_01v8
Model sky130_fd_pr__pfet_01v8 pin 1 == 3
No property as found for device sky130_fd_pr__pfet_01v8
No property ad found for device sky130_fd_pr__pfet_01v8
No property ps found for device sky130_fd_pr__pfet_01v8
No property pd found for device sky130_fd_pr__pfet_01v8
No property mult found for device sky130_fd_pr__pfet_01v8
No property sa found for device sky130_fd_pr__pfet_01v8
No property sb found for device sky130_fd_pr__pfet_01v8
No property sd found for device sky130_fd_pr__pfet_01v8
No property nrd found for device sky130_fd_pr__pfet_01v8
No property nrs found for device sky130_fd_pr__pfet_01v8
No property area found for device sky130_fd_pr__pfet_01v8
No property perim found for device sky130_fd_pr__pfet_01v8
No property topography found for device sky130_fd_pr__pfet_01v8
Comparison output logged to file /home/gils/aic/sky130_its_biomedical_chip_research_2024/lvs/tspc_dff.lvs.out
Logging to file "/home/gils/aic/sky130_its_biomedical_chip_research_2024/lvs/tspc_dff.lvs.out" enabled
Circuit sky130_fd_pr__nfet_01v8 contains no devices.
Circuit sky130_fd_pr__pfet_01v8 contains no devices.

Contents of circuit 1:  Circuit: 'ncell_pfd'
Circuit ncell_pfd contains 4 device instances.
  Class: sky130_fd_pr__nfet_01v8 instances:   4
Circuit contains 7 nets.
Contents of circuit 2:  Circuit: 'ncell_pfd'
Circuit ncell_pfd contains 4 device instances.
  Class: sky130_fd_pr__nfet_01v8 instances:   4
Circuit contains 7 nets.

Circuit 1 contains 4 devices, Circuit 2 contains 4 devices.
Circuit 1 contains 7 nets,    Circuit 2 contains 7 nets.


Contents of circuit 1:  Circuit: 'pcell_pfd'
Circuit pcell_pfd contains 4 device instances.
  Class: sky130_fd_pr__pfet_01v8 instances:   4
Circuit contains 7 nets.
Contents of circuit 2:  Circuit: 'pcell_pfd'
Circuit pcell_pfd contains 4 device instances.
  Class: sky130_fd_pr__pfet_01v8 instances:   4
Circuit contains 7 nets.

Circuit 1 contains 4 devices, Circuit 2 contains 4 devices.
Circuit 1 contains 7 nets,    Circuit 2 contains 7 nets.


Contents of circuit 1:  Circuit: 'tspc_dff'
Circuit tspc_dff contains 2 device instances.
  Class: pcell_pfd             instances:   1
  Class: ncell_pfd             instances:   1
Circuit contains 7 nets.
Contents of circuit 2:  Circuit: 'tspc_dff'
Circuit tspc_dff contains 2 device instances.
  Class: pcell_pfd             instances:   1
  Class: ncell_pfd             instances:   1
Circuit contains 7 nets.

Circuit 1 contains 2 devices, Circuit 2 contains 2 devices.
Circuit 1 contains 7 nets,    Circuit 2 contains 7 nets.


Final result: 
Circuits match uniquely.
.
Logging to file "/home/gils/aic/sky130_its_biomedical_chip_research_2024/lvs/tspc_dff.lvs.out" disabled
LVS Done.
