Reading OpenROAD database at '/home/nakanomiku/DigitalDesign/clk_int_div/runs/RUN_2024-11-01_17-08-01/17-openroad-cutrows/clk_int_div.odb'…
Reading library file at '/home/nakanomiku/.volare/volare/sky130/versions/0fe599b2afb6708d281543108caf8310912f54af/sky130A/libs.ref/sky130_fd_sc_hd/lib/sky130_fd_sc_hd__tt_025C_1v80.lib'…
Reading design constraints file at '/nix/store/mr1ix0gwjfwmikfqyrq536nwhj83f0zp-python3-3.11.9-env/lib/python3.11/site-packages/openlane/scripts/base.sdc'…
[WARNING STA-0366] port 'clk' not found.
[INFO] Using clock clk…
[INFO] Setting output delay to: 1
[INFO] Setting input delay to: 1
[WARNING STA-0366] port 'clk' not found.
[INFO] Setting load to: 0.033442
[INFO] Setting clock uncertainty to: 0.25
[INFO] Setting clock transition to: 0.1499999999999999944488848768742172978818416595458984375
[WARNING STA-0419] transition time can not be specified for virtual clocks.
[INFO] Setting timing derate to: 5%
[WARNING STA-0450] virtual clock clk can not be propagated.
[INFO TAP-0004] Inserted 46 endcaps.
[INFO TAP-0005] Inserted 50 tapcells.
Setting global connections for newly added cells…
[INFO] Setting global connections...
Updating metrics…
Cell type report:                       Count       Area
  Fill cell                                46     172.67
  Tap cell                                 50      62.56
  Inverter                                  8      30.03
  Sequential cell                          25     645.62
  Multi-Input combinational cell          136    1366.31
  Total                                   265    2277.18
Writing OpenROAD database to '/home/nakanomiku/DigitalDesign/clk_int_div/runs/RUN_2024-11-01_17-08-01/18-openroad-tapendcapinsertion/clk_int_div.odb'…
Writing netlist to '/home/nakanomiku/DigitalDesign/clk_int_div/runs/RUN_2024-11-01_17-08-01/18-openroad-tapendcapinsertion/clk_int_div.nl.v'…
Writing powered netlist to '/home/nakanomiku/DigitalDesign/clk_int_div/runs/RUN_2024-11-01_17-08-01/18-openroad-tapendcapinsertion/clk_int_div.pnl.v'…
Writing layout to '/home/nakanomiku/DigitalDesign/clk_int_div/runs/RUN_2024-11-01_17-08-01/18-openroad-tapendcapinsertion/clk_int_div.def'…
Writing timing constraints to '/home/nakanomiku/DigitalDesign/clk_int_div/runs/RUN_2024-11-01_17-08-01/18-openroad-tapendcapinsertion/clk_int_div.sdc'…
