55. Printing statistics.

=== freq_psc ===

   Number of wires:                132
   Number of wire bits:            153
   Number of public wires:           5
   Number of public wire bits:      19
   Number of ports:                  4
   Number of port bits:             11
   Number of memories:               0
   Number of memory bits:            0
   Number of processes:              0
   Number of cells:                143
     $_ANDNOT_                      51
     $_AND_                          7
     $_NAND_                        10
     $_NOR_                          4
     $_NOT_                         13
     $_ORNOT_                        7
     $_OR_                          13
     $_XNOR_                         7
     $_XOR_                         22
     sky130_fd_sc_hd__dfrtp_2        9

   Area for cell type $_NOT_ is unknown!
   Area for cell type $_AND_ is unknown!
   Area for cell type $_NAND_ is unknown!
   Area for cell type $_OR_ is unknown!
   Area for cell type $_NOR_ is unknown!
   Area for cell type $_XOR_ is unknown!
   Area for cell type $_XNOR_ is unknown!
   Area for cell type $_ANDNOT_ is unknown!
   Area for cell type $_ORNOT_ is unknown!

   Chip area for module '\freq_psc': 236.476800
     of which used for sequential elements: 236.476800 (100.00%)

