
===========================================================================
report_checks -unconstrained
===========================================================================
======================= nom_ss_100C_1v60 Corner ===================================

Startpoint: div_i[5] (input port clocked by clk)
Endpoint: div_ready_o (output port clocked by clk)
Path Group: clk
Path Type: max

Fanout         Cap        Slew       Delay        Time   Description
---------------------------------------------------------------------------------------------
                      0.000000    0.000000    0.000000   clock clk (rise edge)
                                  0.000000    0.000000   clock network delay (ideal)
                                  1.000000    1.000000 v input external delay
     1    0.003061    0.019462    0.010065    1.010065 v div_i[5] (in)
                                                         div_i[5] (net)
                      0.019462    0.000000    1.010065 v input7/A (sky130_fd_sc_hd__buf_1)
     4    0.013615    0.162629    0.227963    1.238028 v input7/X (sky130_fd_sc_hd__buf_1)
                                                         net7 (net)
                      0.162629    0.000299    1.238327 v _191_/A (sky130_fd_sc_hd__or2_1)
     1    0.004283    0.111965    0.552785    1.791111 v _191_/X (sky130_fd_sc_hd__or2_1)
                                                         _044_ (net)
                      0.111965    0.000104    1.791216 v _193_/B1 (sky130_fd_sc_hd__a22o_1)
     1    0.003625    0.078721    0.350881    2.142097 v _193_/X (sky130_fd_sc_hd__a22o_1)
                                                         _046_ (net)
                      0.078721    0.000116    2.142212 v _194_/A (sky130_fd_sc_hd__or4_4)
     2    0.011734    0.178357    1.095203    3.237415 v _194_/X (sky130_fd_sc_hd__or4_4)
                                                         _047_ (net)
                      0.178357    0.000563    3.237978 v _196_/B (sky130_fd_sc_hd__nor2_2)
     1    0.003808    0.122851    0.175547    3.413525 ^ _196_/Y (sky130_fd_sc_hd__nor2_2)
                                                         _049_ (net)
                      0.122851    0.000117    3.413642 ^ _197_/A1 (sky130_fd_sc_hd__a31o_1)
     1    0.006184    0.126745    0.327789    3.741431 ^ _197_/X (sky130_fd_sc_hd__a31o_1)
                                                         net23 (net)
                      0.126745    0.000212    3.741643 ^ output23/A (sky130_fd_sc_hd__buf_6)
     1    0.034959    0.124927    0.249857    3.991500 ^ output23/X (sky130_fd_sc_hd__buf_6)
                                                         div_ready_o (net)
                      0.124932    0.000917    3.992417 ^ div_ready_o (out)
                                              3.992417   data arrival time

                      0.000000    5.000000    5.000000   clock clk (rise edge)
                                  0.000000    5.000000   clock network delay (ideal)
                                 -0.250000    4.750000   clock uncertainty
                                  0.000000    4.750000   clock reconvergence pessimism
                                 -1.000000    3.750000   output external delay
                                              3.750000   data required time
---------------------------------------------------------------------------------------------
                                              3.750000   data required time
                                             -3.992417   data arrival time
---------------------------------------------------------------------------------------------
                                             -0.242417   slack (VIOLATED)




===========================================================================
report_checks --slack_max -0.01
============================================================================
======================= nom_ss_100C_1v60 Corner ===================================

Startpoint: div_i[5] (input port clocked by clk)
Endpoint: div_ready_o (output port clocked by clk)
Path Group: clk
Path Type: max

Fanout         Cap        Slew       Delay        Time   Description
---------------------------------------------------------------------------------------------
                      0.000000    0.000000    0.000000   clock clk (rise edge)
                                  0.000000    0.000000   clock network delay (ideal)
                                  1.000000    1.000000 v input external delay
     1    0.003061    0.019462    0.010065    1.010065 v div_i[5] (in)
                                                         div_i[5] (net)
                      0.019462    0.000000    1.010065 v input7/A (sky130_fd_sc_hd__buf_1)
     4    0.013615    0.162629    0.227963    1.238028 v input7/X (sky130_fd_sc_hd__buf_1)
                                                         net7 (net)
                      0.162629    0.000299    1.238327 v _191_/A (sky130_fd_sc_hd__or2_1)
     1    0.004283    0.111965    0.552785    1.791111 v _191_/X (sky130_fd_sc_hd__or2_1)
                                                         _044_ (net)
                      0.111965    0.000104    1.791216 v _193_/B1 (sky130_fd_sc_hd__a22o_1)
     1    0.003625    0.078721    0.350881    2.142097 v _193_/X (sky130_fd_sc_hd__a22o_1)
                                                         _046_ (net)
                      0.078721    0.000116    2.142212 v _194_/A (sky130_fd_sc_hd__or4_4)
     2    0.011734    0.178357    1.095203    3.237415 v _194_/X (sky130_fd_sc_hd__or4_4)
                                                         _047_ (net)
                      0.178357    0.000563    3.237978 v _196_/B (sky130_fd_sc_hd__nor2_2)
     1    0.003808    0.122851    0.175547    3.413525 ^ _196_/Y (sky130_fd_sc_hd__nor2_2)
                                                         _049_ (net)
                      0.122851    0.000117    3.413642 ^ _197_/A1 (sky130_fd_sc_hd__a31o_1)
     1    0.006184    0.126745    0.327789    3.741431 ^ _197_/X (sky130_fd_sc_hd__a31o_1)
                                                         net23 (net)
                      0.126745    0.000212    3.741643 ^ output23/A (sky130_fd_sc_hd__buf_6)
     1    0.034959    0.124927    0.249857    3.991500 ^ output23/X (sky130_fd_sc_hd__buf_6)
                                                         div_ready_o (net)
                      0.124932    0.000917    3.992417 ^ div_ready_o (out)
                                              3.992417   data arrival time

                      0.000000    5.000000    5.000000   clock clk (rise edge)
                                  0.000000    5.000000   clock network delay (ideal)
                                 -0.250000    4.750000   clock uncertainty
                                  0.000000    4.750000   clock reconvergence pessimism
                                 -1.000000    3.750000   output external delay
                                              3.750000   data required time
---------------------------------------------------------------------------------------------
                                              3.750000   data required time
                                             -3.992417   data arrival time
---------------------------------------------------------------------------------------------
                                             -0.242417   slack (VIOLATED)




===========================================================================
 report_check_types -max_slew -max_cap -max_fanout -violators
============================================================================
======================= nom_ss_100C_1v60 Corner ===================================



===========================================================================
report_parasitic_annotation -report_unannotated
============================================================================
Found 0 unannotated drivers.
Found 0 partially unannotated drivers.

===========================================================================
max slew violation count 0
max fanout violation count 0
max cap violation count 0
============================================================================

===========================================================================
check_setup -verbose -unconstrained_endpoints -multiple_clock -no_clock -no_input_delay -loops -generated_clocks
===========================================================================
Warning: There are 25 unclocked register/latch pins.
  _284_/CLK
  _285_/CLK
  _286_/CLK
  _287_/CLK
  _288_/CLK
  _289_/CLK
  _290_/CLK
  _291_/CLK
  _292_/CLK
  _293_/CLK
  _294_/CLK
  _295_/CLK
  _296_/CLK
  _297_/CLK
  _298_/CLK
  _299_/CLK
  _300_/CLK
  _301_/CLK
  _302_/CLK
  _303_/CLK
  _304_/CLK
  _305_/CLK
  _306_/CLK
  _307_/CLK
  _308_/GATE
Warning: There are 33 unconstrained endpoints.
  cycl_count_o[0]
  cycl_count_o[1]
  cycl_count_o[2]
  cycl_count_o[3]
  cycl_count_o[4]
  cycl_count_o[5]
  cycl_count_o[6]
  cycl_count_o[7]
  _284_/D
  _285_/D
  _286_/D
  _287_/D
  _288_/D
  _289_/D
  _290_/D
  _291_/D
  _292_/D
  _293_/D
  _294_/D
  _295_/D
  _296_/D
  _297_/D
  _298_/D
  _299_/D
  _300_/D
  _301_/D
  _302_/D
  _303_/D
  _304_/D
  _305_/D
  _306_/D
  _307_/D
  _308_/D
