Clock: clk
Sources: 
Generated: no
Virtual: yes
Propagated: no
Period: 5.000000

===========================================================================
report_clock_properties
============================================================================
Clock                   Period          Waveform
----------------------------------------------------
clk                   5.000000    0.000000  2.500000

===========================================================================
report_clock_latency
============================================================================
Clock clk
rise -> rise
    min     max
0.000000 0.000000 source latency
1.628196         network latency _296_/CLK
        2.495349 network latency _308_/GATE
---------------
1.628196 2.495349 latency
        0.867152 skew

rise -> fall
    min     max
0.000000 0.000000 source latency
1.502058         network latency _296_/CLK
        2.394999 network latency _286_/CLK
---------------
1.502058 2.394999 latency
        0.892941 skew



===========================================================================
report_clock_min_period
============================================================================
clk period_min = 0.00 fmax = inf
