Clock: clk
Sources: clk 
Generated: no
Virtual: yes
Propagated: no
Period: 5.000000

===========================================================================
report_clock_properties
============================================================================
Clock                   Period          Waveform
----------------------------------------------------
clk                   5.000000    0.000000  2.500000

===========================================================================
report_clock_latency
============================================================================
Clock clk
rise -> rise
    min     max
0.000000 0.000000 source latency
0.315938         network latency _360_/CLK
        0.319797 network latency _352_/CLK
---------------
0.315938 0.319797 latency
        0.003858 skew

fall -> fall
    min     max
0.000000 0.000000 source latency
0.308486         network latency _360_/CLK
        0.312131 network latency _352_/CLK
---------------
0.308486 0.312131 latency
        0.003645 skew



===========================================================================
report_clock_min_period
============================================================================
clk period_min = 2.74 fmax = 364.99
