Clock: clk
Sources: clk 
Generated: no
Virtual: yes
Propagated: no
Period: 5.000000

===========================================================================
report_clock_properties
============================================================================
Clock                   Period          Waveform
----------------------------------------------------
clk                   5.000000    0.000000  2.500000

===========================================================================
report_clock_latency
============================================================================
Clock clk
rise -> rise
    min     max
0.000000 0.000000 source latency
0.294357         network latency _360_/CLK
        0.295876 network latency _352_/CLK
---------------
0.294357 0.295876 latency
        0.001519 skew

fall -> fall
    min     max
0.000000 0.000000 source latency
0.295019         network latency _360_/CLK
        0.296474 network latency _352_/CLK
---------------
0.295019 0.296474 latency
        0.001455 skew



===========================================================================
report_clock_min_period
============================================================================
clk period_min = 2.61 fmax = 383.15
