Clock: clk
Sources: clk 
Generated: no
Virtual: yes
Propagated: no
Period: 5.000000

===========================================================================
report_clock_properties
============================================================================
Clock                   Period          Waveform
----------------------------------------------------
clk                   5.000000    0.000000  2.500000

===========================================================================
report_clock_latency
============================================================================
Clock clk
rise -> rise
    min     max
0.000000 0.000000 source latency
0.275761         network latency _772_/CLK
        0.277701 network latency _788_/CLK
---------------
0.275761 0.277701 latency
        0.001940 skew

fall -> fall
    min     max
0.000000 0.000000 source latency
0.133517         network latency _772_/CLK
        0.135342 network latency _788_/CLK
---------------
0.133517 0.135342 latency
        0.001826 skew



===========================================================================
report_clock_min_period
============================================================================
clk period_min = 3.62 fmax = 276.35
