
===========================================================================
report_checks -path_delay min (Hold)
============================================================================
======================= nom_tt_025C_1v80 Corner ===================================

Startpoint: _154_ (rising edge-triggered flip-flop clocked by clk)
Endpoint: _146_ (rising edge-triggered flip-flop clocked by clk)
Path Group: clk
Path Type: min

Fanout         Cap        Slew       Delay        Time   Description
---------------------------------------------------------------------------------------------
                                  0.000000    0.000000   clock clk (rise edge)
                                  0.000000    0.000000   clock source latency
     1    0.009750    0.050293    0.033184    0.033184 ^ clk (in)
                                                         clk (net)
                      0.050293    0.000000    0.033184 ^ clkbuf_0_clk/A (sky130_fd_sc_hd__clkbuf_16)
     2    0.017473    0.039694    0.124983    0.158167 ^ clkbuf_0_clk/X (sky130_fd_sc_hd__clkbuf_16)
                                                         clknet_0_clk (net)
                      0.039694    0.000034    0.158201 ^ clkbuf_1_1__f_clk/A (sky130_fd_sc_hd__clkbuf_16)
     5    0.011813    0.034879    0.115694    0.273895 ^ clkbuf_1_1__f_clk/X (sky130_fd_sc_hd__clkbuf_16)
                                                         clknet_1_1__leaf_clk (net)
                      0.034879    0.000028    0.273923 ^ _154_/CLK (sky130_fd_sc_hd__dfrtp_2)
     4    0.021734    0.118215    0.402568    0.676490 ^ _154_/Q (sky130_fd_sc_hd__dfrtp_2)
                                                         counter[7] (net)
                      0.118215    0.000091    0.676581 ^ _137_/B1 (sky130_fd_sc_hd__a21oi_1)
     1    0.002419    0.037698    0.051253    0.727835 v _137_/Y (sky130_fd_sc_hd__a21oi_1)
                                                         _008_ (net)
                      0.037698    0.000005    0.727840 v _146_/D (sky130_fd_sc_hd__dfrtp_1)
                                              0.727840   data arrival time

                                  0.000000    0.000000   clock clk (rise edge)
                                  0.000000    0.000000   clock source latency
     1    0.009750    0.050293    0.033184    0.033184 ^ clk (in)
                                                         clk (net)
                      0.050293    0.000000    0.033184 ^ clkbuf_0_clk/A (sky130_fd_sc_hd__clkbuf_16)
     2    0.017473    0.039694    0.124983    0.158167 ^ clkbuf_0_clk/X (sky130_fd_sc_hd__clkbuf_16)
                                                         clknet_0_clk (net)
                      0.039694    0.000034    0.158201 ^ clkbuf_1_1__f_clk/A (sky130_fd_sc_hd__clkbuf_16)
     5    0.011813    0.034879    0.115694    0.273895 ^ clkbuf_1_1__f_clk/X (sky130_fd_sc_hd__clkbuf_16)
                                                         clknet_1_1__leaf_clk (net)
                      0.034879    0.000033    0.273929 ^ _146_/CLK (sky130_fd_sc_hd__dfrtp_1)
                                  0.250000    0.523929   clock uncertainty
                                  0.000000    0.523929   clock reconvergence pessimism
                                 -0.045111    0.478818   library hold time
                                              0.478818   data required time
---------------------------------------------------------------------------------------------
                                              0.478818   data required time
                                             -0.727840   data arrival time
---------------------------------------------------------------------------------------------
                                              0.249023   slack (MET)


Startpoint: _147_ (rising edge-triggered flip-flop clocked by clk)
Endpoint: _147_ (rising edge-triggered flip-flop clocked by clk)
Path Group: clk
Path Type: min

Fanout         Cap        Slew       Delay        Time   Description
---------------------------------------------------------------------------------------------
                                  0.000000    0.000000   clock clk (rise edge)
                                  0.000000    0.000000   clock source latency
     1    0.009750    0.050293    0.033184    0.033184 ^ clk (in)
                                                         clk (net)
                      0.050293    0.000000    0.033184 ^ clkbuf_0_clk/A (sky130_fd_sc_hd__clkbuf_16)
     2    0.017473    0.039694    0.124983    0.158167 ^ clkbuf_0_clk/X (sky130_fd_sc_hd__clkbuf_16)
                                                         clknet_0_clk (net)
                      0.039694    0.000029    0.158196 ^ clkbuf_1_0__f_clk/A (sky130_fd_sc_hd__clkbuf_16)
     5    0.012311    0.035303    0.116177    0.274373 ^ clkbuf_1_0__f_clk/X (sky130_fd_sc_hd__clkbuf_16)
                                                         clknet_1_0__leaf_clk (net)
                      0.035303    0.000021    0.274394 ^ _147_/CLK (sky130_fd_sc_hd__dfrtp_2)
     7    0.018516    0.104242    0.391673    0.666068 ^ _147_/Q (sky130_fd_sc_hd__dfrtp_2)
                                                         counter[0] (net)
                      0.104242    0.000034    0.666101 ^ _108_/A_N (sky130_fd_sc_hd__and2b_1)
     1    0.002228    0.031472    0.181605    0.847706 v _108_/X (sky130_fd_sc_hd__and2b_1)
                                                         _000_ (net)
                      0.031472    0.000004    0.847710 v _147_/D (sky130_fd_sc_hd__dfrtp_2)
                                              0.847710   data arrival time

                                  0.000000    0.000000   clock clk (rise edge)
                                  0.000000    0.000000   clock source latency
     1    0.009750    0.050293    0.033184    0.033184 ^ clk (in)
                                                         clk (net)
                      0.050293    0.000000    0.033184 ^ clkbuf_0_clk/A (sky130_fd_sc_hd__clkbuf_16)
     2    0.017473    0.039694    0.124983    0.158167 ^ clkbuf_0_clk/X (sky130_fd_sc_hd__clkbuf_16)
                                                         clknet_0_clk (net)
                      0.039694    0.000029    0.158196 ^ clkbuf_1_0__f_clk/A (sky130_fd_sc_hd__clkbuf_16)
     5    0.012311    0.035303    0.116177    0.274373 ^ clkbuf_1_0__f_clk/X (sky130_fd_sc_hd__clkbuf_16)
                                                         clknet_1_0__leaf_clk (net)
                      0.035303    0.000021    0.274394 ^ _147_/CLK (sky130_fd_sc_hd__dfrtp_2)
                                  0.250000    0.524394   clock uncertainty
                                  0.000000    0.524394   clock reconvergence pessimism
                                 -0.038817    0.485577   library hold time
                                              0.485577   data required time
---------------------------------------------------------------------------------------------
                                              0.485577   data required time
                                             -0.847710   data arrival time
---------------------------------------------------------------------------------------------
                                              0.362133   slack (MET)


Startpoint: _151_ (rising edge-triggered flip-flop clocked by clk)
Endpoint: _151_ (rising edge-triggered flip-flop clocked by clk)
Path Group: clk
Path Type: min

Fanout         Cap        Slew       Delay        Time   Description
---------------------------------------------------------------------------------------------
                                  0.000000    0.000000   clock clk (rise edge)
                                  0.000000    0.000000   clock source latency
     1    0.009750    0.050293    0.033184    0.033184 ^ clk (in)
                                                         clk (net)
                      0.050293    0.000000    0.033184 ^ clkbuf_0_clk/A (sky130_fd_sc_hd__clkbuf_16)
     2    0.017473    0.039694    0.124983    0.158167 ^ clkbuf_0_clk/X (sky130_fd_sc_hd__clkbuf_16)
                                                         clknet_0_clk (net)
                      0.039694    0.000029    0.158196 ^ clkbuf_1_0__f_clk/A (sky130_fd_sc_hd__clkbuf_16)
     5    0.012311    0.035303    0.116177    0.274373 ^ clkbuf_1_0__f_clk/X (sky130_fd_sc_hd__clkbuf_16)
                                                         clknet_1_0__leaf_clk (net)
                      0.035303    0.000024    0.274397 ^ _151_/CLK (sky130_fd_sc_hd__dfrtp_2)
     8    0.020802    0.114155    0.399540    0.673937 ^ _151_/Q (sky130_fd_sc_hd__dfrtp_2)
                                                         counter[4] (net)
                      0.114155    0.000055    0.673992 ^ _117_/A (sky130_fd_sc_hd__nand2_1)
     1    0.001921    0.039446    0.054823    0.728814 v _117_/Y (sky130_fd_sc_hd__nand2_1)
                                                         _057_ (net)
                      0.039446    0.000003    0.728818 v _119_/B (sky130_fd_sc_hd__and3_1)
     1    0.002220    0.031685    0.151943    0.880761 v _119_/X (sky130_fd_sc_hd__and3_1)
                                                         _004_ (net)
                      0.031685    0.000003    0.880764 v _151_/D (sky130_fd_sc_hd__dfrtp_2)
                                              0.880764   data arrival time

                                  0.000000    0.000000   clock clk (rise edge)
                                  0.000000    0.000000   clock source latency
     1    0.009750    0.050293    0.033184    0.033184 ^ clk (in)
                                                         clk (net)
                      0.050293    0.000000    0.033184 ^ clkbuf_0_clk/A (sky130_fd_sc_hd__clkbuf_16)
     2    0.017473    0.039694    0.124983    0.158167 ^ clkbuf_0_clk/X (sky130_fd_sc_hd__clkbuf_16)
                                                         clknet_0_clk (net)
                      0.039694    0.000029    0.158196 ^ clkbuf_1_0__f_clk/A (sky130_fd_sc_hd__clkbuf_16)
     5    0.012311    0.035303    0.116177    0.274373 ^ clkbuf_1_0__f_clk/X (sky130_fd_sc_hd__clkbuf_16)
                                                         clknet_1_0__leaf_clk (net)
                      0.035303    0.000024    0.274397 ^ _151_/CLK (sky130_fd_sc_hd__dfrtp_2)
                                  0.250000    0.524397   clock uncertainty
                                  0.000000    0.524397   clock reconvergence pessimism
                                 -0.038904    0.485493   library hold time
                                              0.485493   data required time
---------------------------------------------------------------------------------------------
                                              0.485493   data required time
                                             -0.880764   data arrival time
---------------------------------------------------------------------------------------------
                                              0.395271   slack (MET)


Startpoint: rst (input port clocked by clk)
Endpoint: _148_ (removal check against rising-edge clock clk)
Path Group: asynchronous
Path Type: min

Fanout         Cap        Slew       Delay        Time   Description
---------------------------------------------------------------------------------------------
                                  0.000000    0.000000   clock clk (rise edge)
                                  0.000000    0.000000   clock network delay (propagated)
                                  1.000000    1.000000 v input external delay
     1    0.002652    0.008291    0.004164    1.004164 v rst (in)
                                                         rst (net)
                      0.008291    0.000000    1.004164 v input9/A (sky130_fd_sc_hd__clkbuf_4)
     9    0.044037    0.096898    0.182119    1.186282 v input9/X (sky130_fd_sc_hd__clkbuf_4)
                                                         net9 (net)
                      0.096898    0.000248    1.186531 v _139_/A (sky130_fd_sc_hd__inv_2)
     1    0.003924    0.037948    0.063330    1.249860 ^ _139_/Y (sky130_fd_sc_hd__inv_2)
                                                         _011_ (net)
                      0.037948    0.000007    1.249868 ^ _148_/RESET_B (sky130_fd_sc_hd__dfrtp_2)
                                              1.249868   data arrival time

                                  0.000000    0.000000   clock clk (rise edge)
                                  0.000000    0.000000   clock source latency
     1    0.009750    0.050293    0.033184    0.033184 ^ clk (in)
                                                         clk (net)
                      0.050293    0.000000    0.033184 ^ clkbuf_0_clk/A (sky130_fd_sc_hd__clkbuf_16)
     2    0.017473    0.039694    0.124983    0.158167 ^ clkbuf_0_clk/X (sky130_fd_sc_hd__clkbuf_16)
                                                         clknet_0_clk (net)
                      0.039694    0.000029    0.158196 ^ clkbuf_1_0__f_clk/A (sky130_fd_sc_hd__clkbuf_16)
     5    0.012311    0.035303    0.116177    0.274373 ^ clkbuf_1_0__f_clk/X (sky130_fd_sc_hd__clkbuf_16)
                                                         clknet_1_0__leaf_clk (net)
                      0.035303    0.000014    0.274387 ^ _148_/CLK (sky130_fd_sc_hd__dfrtp_2)
                                  0.250000    0.524387   clock uncertainty
                                  0.000000    0.524387   clock reconvergence pessimism
                                  0.315658    0.840045   library removal time
                                              0.840045   data required time
---------------------------------------------------------------------------------------------
                                              0.840045   data required time
                                             -1.249868   data arrival time
---------------------------------------------------------------------------------------------
                                              0.409822   slack (MET)


Startpoint: rst (input port clocked by clk)
Endpoint: _150_ (removal check against rising-edge clock clk)
Path Group: asynchronous
Path Type: min

Fanout         Cap        Slew       Delay        Time   Description
---------------------------------------------------------------------------------------------
                                  0.000000    0.000000   clock clk (rise edge)
                                  0.000000    0.000000   clock network delay (propagated)
                                  1.000000    1.000000 v input external delay
     1    0.002652    0.008291    0.004164    1.004164 v rst (in)
                                                         rst (net)
                      0.008291    0.000000    1.004164 v input9/A (sky130_fd_sc_hd__clkbuf_4)
     9    0.044037    0.096898    0.182119    1.186282 v input9/X (sky130_fd_sc_hd__clkbuf_4)
                                                         net9 (net)
                      0.096898    0.000169    1.186452 v _141_/A (sky130_fd_sc_hd__inv_2)
     1    0.003995    0.038205    0.063689    1.250141 ^ _141_/Y (sky130_fd_sc_hd__inv_2)
                                                         _013_ (net)
                      0.038205    0.000006    1.250147 ^ _150_/RESET_B (sky130_fd_sc_hd__dfrtp_1)
                                              1.250147   data arrival time

                                  0.000000    0.000000   clock clk (rise edge)
                                  0.000000    0.000000   clock source latency
     1    0.009750    0.050293    0.033184    0.033184 ^ clk (in)
                                                         clk (net)
                      0.050293    0.000000    0.033184 ^ clkbuf_0_clk/A (sky130_fd_sc_hd__clkbuf_16)
     2    0.017473    0.039694    0.124983    0.158167 ^ clkbuf_0_clk/X (sky130_fd_sc_hd__clkbuf_16)
                                                         clknet_0_clk (net)
                      0.039694    0.000029    0.158196 ^ clkbuf_1_0__f_clk/A (sky130_fd_sc_hd__clkbuf_16)
     5    0.012311    0.035303    0.116177    0.274373 ^ clkbuf_1_0__f_clk/X (sky130_fd_sc_hd__clkbuf_16)
                                                         clknet_1_0__leaf_clk (net)
                      0.035303    0.000017    0.274391 ^ _150_/CLK (sky130_fd_sc_hd__dfrtp_1)
                                  0.250000    0.524391   clock uncertainty
                                  0.000000    0.524391   clock reconvergence pessimism
                                  0.315735    0.840126   library removal time
                                              0.840126   data required time
---------------------------------------------------------------------------------------------
                                              0.840126   data required time
                                             -1.250147   data arrival time
---------------------------------------------------------------------------------------------
                                              0.410021   slack (MET)


Startpoint: rst (input port clocked by clk)
Endpoint: _151_ (removal check against rising-edge clock clk)
Path Group: asynchronous
Path Type: min

Fanout         Cap        Slew       Delay        Time   Description
---------------------------------------------------------------------------------------------
                                  0.000000    0.000000   clock clk (rise edge)
                                  0.000000    0.000000   clock network delay (propagated)
                                  1.000000    1.000000 v input external delay
     1    0.002652    0.008291    0.004164    1.004164 v rst (in)
                                                         rst (net)
                      0.008291    0.000000    1.004164 v input9/A (sky130_fd_sc_hd__clkbuf_4)
     9    0.044037    0.096898    0.182119    1.186282 v input9/X (sky130_fd_sc_hd__clkbuf_4)
                                                         net9 (net)
                      0.096898    0.000143    1.186425 v _142_/A (sky130_fd_sc_hd__inv_2)
     1    0.004014    0.038277    0.063790    1.250215 ^ _142_/Y (sky130_fd_sc_hd__inv_2)
                                                         _014_ (net)
                      0.038277    0.000007    1.250221 ^ _151_/RESET_B (sky130_fd_sc_hd__dfrtp_2)
                                              1.250221   data arrival time

                                  0.000000    0.000000   clock clk (rise edge)
                                  0.000000    0.000000   clock source latency
     1    0.009750    0.050293    0.033184    0.033184 ^ clk (in)
                                                         clk (net)
                      0.050293    0.000000    0.033184 ^ clkbuf_0_clk/A (sky130_fd_sc_hd__clkbuf_16)
     2    0.017473    0.039694    0.124983    0.158167 ^ clkbuf_0_clk/X (sky130_fd_sc_hd__clkbuf_16)
                                                         clknet_0_clk (net)
                      0.039694    0.000029    0.158196 ^ clkbuf_1_0__f_clk/A (sky130_fd_sc_hd__clkbuf_16)
     5    0.012311    0.035303    0.116177    0.274373 ^ clkbuf_1_0__f_clk/X (sky130_fd_sc_hd__clkbuf_16)
                                                         clknet_1_0__leaf_clk (net)
                      0.035303    0.000024    0.274397 ^ _151_/CLK (sky130_fd_sc_hd__dfrtp_2)
                                  0.250000    0.524397   clock uncertainty
                                  0.000000    0.524397   clock reconvergence pessimism
                                  0.315748    0.840145   library removal time
                                              0.840145   data required time
---------------------------------------------------------------------------------------------
                                              0.840145   data required time
                                             -1.250221   data arrival time
---------------------------------------------------------------------------------------------
                                              0.410077   slack (MET)


Startpoint: rst (input port clocked by clk)
Endpoint: _146_ (removal check against rising-edge clock clk)
Path Group: asynchronous
Path Type: min

Fanout         Cap        Slew       Delay        Time   Description
---------------------------------------------------------------------------------------------
                                  0.000000    0.000000   clock clk (rise edge)
                                  0.000000    0.000000   clock network delay (propagated)
                                  1.000000    1.000000 v input external delay
     1    0.002652    0.008291    0.004164    1.004164 v rst (in)
                                                         rst (net)
                      0.008291    0.000000    1.004164 v input9/A (sky130_fd_sc_hd__clkbuf_4)
     9    0.044037    0.096898    0.182119    1.186282 v input9/X (sky130_fd_sc_hd__clkbuf_4)
                                                         net9 (net)
                      0.096898    0.000076    1.186358 v _081_/A (sky130_fd_sc_hd__inv_2)
     1    0.003897    0.037847    0.063189    1.249547 ^ _081_/Y (sky130_fd_sc_hd__inv_2)
                                                         _009_ (net)
                      0.037847    0.000006    1.249553 ^ _146_/RESET_B (sky130_fd_sc_hd__dfrtp_1)
                                              1.249553   data arrival time

                                  0.000000    0.000000   clock clk (rise edge)
                                  0.000000    0.000000   clock source latency
     1    0.009750    0.050293    0.033184    0.033184 ^ clk (in)
                                                         clk (net)
                      0.050293    0.000000    0.033184 ^ clkbuf_0_clk/A (sky130_fd_sc_hd__clkbuf_16)
     2    0.017473    0.039694    0.124983    0.158167 ^ clkbuf_0_clk/X (sky130_fd_sc_hd__clkbuf_16)
                                                         clknet_0_clk (net)
                      0.039694    0.000034    0.158201 ^ clkbuf_1_1__f_clk/A (sky130_fd_sc_hd__clkbuf_16)
     5    0.011813    0.034879    0.115694    0.273895 ^ clkbuf_1_1__f_clk/X (sky130_fd_sc_hd__clkbuf_16)
                                                         clknet_1_1__leaf_clk (net)
                      0.034879    0.000033    0.273929 ^ _146_/CLK (sky130_fd_sc_hd__dfrtp_1)
                                  0.250000    0.523929   clock uncertainty
                                  0.000000    0.523929   clock reconvergence pessimism
                                  0.315521    0.839450   library removal time
                                              0.839450   data required time
---------------------------------------------------------------------------------------------
                                              0.839450   data required time
                                             -1.249553   data arrival time
---------------------------------------------------------------------------------------------
                                              0.410103   slack (MET)


Startpoint: rst (input port clocked by clk)
Endpoint: _147_ (removal check against rising-edge clock clk)
Path Group: asynchronous
Path Type: min

Fanout         Cap        Slew       Delay        Time   Description
---------------------------------------------------------------------------------------------
                                  0.000000    0.000000   clock clk (rise edge)
                                  0.000000    0.000000   clock network delay (propagated)
                                  1.000000    1.000000 v input external delay
     1    0.002652    0.008291    0.004164    1.004164 v rst (in)
                                                         rst (net)
                      0.008291    0.000000    1.004164 v input9/A (sky130_fd_sc_hd__clkbuf_4)
     9    0.044037    0.096898    0.182119    1.186282 v input9/X (sky130_fd_sc_hd__clkbuf_4)
                                                         net9 (net)
                      0.096898    0.000202    1.186484 v _138_/A (sky130_fd_sc_hd__inv_2)
     1    0.004054    0.038422    0.063993    1.250477 ^ _138_/Y (sky130_fd_sc_hd__inv_2)
                                                         _010_ (net)
                      0.038422    0.000007    1.250484 ^ _147_/RESET_B (sky130_fd_sc_hd__dfrtp_2)
                                              1.250484   data arrival time

                                  0.000000    0.000000   clock clk (rise edge)
                                  0.000000    0.000000   clock source latency
     1    0.009750    0.050293    0.033184    0.033184 ^ clk (in)
                                                         clk (net)
                      0.050293    0.000000    0.033184 ^ clkbuf_0_clk/A (sky130_fd_sc_hd__clkbuf_16)
     2    0.017473    0.039694    0.124983    0.158167 ^ clkbuf_0_clk/X (sky130_fd_sc_hd__clkbuf_16)
                                                         clknet_0_clk (net)
                      0.039694    0.000029    0.158196 ^ clkbuf_1_0__f_clk/A (sky130_fd_sc_hd__clkbuf_16)
     5    0.012311    0.035303    0.116177    0.274373 ^ clkbuf_1_0__f_clk/X (sky130_fd_sc_hd__clkbuf_16)
                                                         clknet_1_0__leaf_clk (net)
                      0.035303    0.000021    0.274394 ^ _147_/CLK (sky130_fd_sc_hd__dfrtp_2)
                                  0.250000    0.524394   clock uncertainty
                                  0.000000    0.524394   clock reconvergence pessimism
                                  0.315787    0.840182   library removal time
                                              0.840182   data required time
---------------------------------------------------------------------------------------------
                                              0.840182   data required time
                                             -1.250484   data arrival time
---------------------------------------------------------------------------------------------
                                              0.410303   slack (MET)


Startpoint: rst (input port clocked by clk)
Endpoint: _149_ (removal check against rising-edge clock clk)
Path Group: asynchronous
Path Type: min

Fanout         Cap        Slew       Delay        Time   Description
---------------------------------------------------------------------------------------------
                                  0.000000    0.000000   clock clk (rise edge)
                                  0.000000    0.000000   clock network delay (propagated)
                                  1.000000    1.000000 v input external delay
     1    0.002652    0.008291    0.004164    1.004164 v rst (in)
                                                         rst (net)
                      0.008291    0.000000    1.004164 v input9/A (sky130_fd_sc_hd__clkbuf_4)
     9    0.044037    0.096898    0.182119    1.186282 v input9/X (sky130_fd_sc_hd__clkbuf_4)
                                                         net9 (net)
                      0.096898    0.000229    1.186511 v _140_/A (sky130_fd_sc_hd__inv_2)
     1    0.004054    0.038422    0.063993    1.250504 ^ _140_/Y (sky130_fd_sc_hd__inv_2)
                                                         _012_ (net)
                      0.038422    0.000007    1.250511 ^ _149_/RESET_B (sky130_fd_sc_hd__dfrtp_2)
                                              1.250511   data arrival time

                                  0.000000    0.000000   clock clk (rise edge)
                                  0.000000    0.000000   clock source latency
     1    0.009750    0.050293    0.033184    0.033184 ^ clk (in)
                                                         clk (net)
                      0.050293    0.000000    0.033184 ^ clkbuf_0_clk/A (sky130_fd_sc_hd__clkbuf_16)
     2    0.017473    0.039694    0.124983    0.158167 ^ clkbuf_0_clk/X (sky130_fd_sc_hd__clkbuf_16)
                                                         clknet_0_clk (net)
                      0.039694    0.000029    0.158196 ^ clkbuf_1_0__f_clk/A (sky130_fd_sc_hd__clkbuf_16)
     5    0.012311    0.035303    0.116177    0.274373 ^ clkbuf_1_0__f_clk/X (sky130_fd_sc_hd__clkbuf_16)
                                                         clknet_1_0__leaf_clk (net)
                      0.035303    0.000015    0.274388 ^ _149_/CLK (sky130_fd_sc_hd__dfrtp_2)
                                  0.250000    0.524388   clock uncertainty
                                  0.000000    0.524388   clock reconvergence pessimism
                                  0.315787    0.840176   library removal time
                                              0.840176   data required time
---------------------------------------------------------------------------------------------
                                              0.840176   data required time
                                             -1.250511   data arrival time
---------------------------------------------------------------------------------------------
                                              0.410336   slack (MET)


Startpoint: rst (input port clocked by clk)
Endpoint: _153_ (removal check against rising-edge clock clk)
Path Group: asynchronous
Path Type: min

Fanout         Cap        Slew       Delay        Time   Description
---------------------------------------------------------------------------------------------
                                  0.000000    0.000000   clock clk (rise edge)
                                  0.000000    0.000000   clock network delay (propagated)
                                  1.000000    1.000000 v input external delay
     1    0.002652    0.008291    0.004164    1.004164 v rst (in)
                                                         rst (net)
                      0.008291    0.000000    1.004164 v input9/A (sky130_fd_sc_hd__clkbuf_4)
     9    0.044037    0.096898    0.182119    1.186282 v input9/X (sky130_fd_sc_hd__clkbuf_4)
                                                         net9 (net)
                      0.096898    0.000026    1.186308 v _144_/A (sky130_fd_sc_hd__inv_2)
     1    0.003997    0.038214    0.063701    1.250009 ^ _144_/Y (sky130_fd_sc_hd__inv_2)
                                                         _016_ (net)
                      0.038214    0.000006    1.250015 ^ _153_/RESET_B (sky130_fd_sc_hd__dfrtp_1)
                                              1.250015   data arrival time

                                  0.000000    0.000000   clock clk (rise edge)
                                  0.000000    0.000000   clock source latency
     1    0.009750    0.050293    0.033184    0.033184 ^ clk (in)
                                                         clk (net)
                      0.050293    0.000000    0.033184 ^ clkbuf_0_clk/A (sky130_fd_sc_hd__clkbuf_16)
     2    0.017473    0.039694    0.124983    0.158167 ^ clkbuf_0_clk/X (sky130_fd_sc_hd__clkbuf_16)
                                                         clknet_0_clk (net)
                      0.039694    0.000034    0.158201 ^ clkbuf_1_1__f_clk/A (sky130_fd_sc_hd__clkbuf_16)
     5    0.011813    0.034879    0.115694    0.273895 ^ clkbuf_1_1__f_clk/X (sky130_fd_sc_hd__clkbuf_16)
                                                         clknet_1_1__leaf_clk (net)
                      0.034879    0.000040    0.273935 ^ _153_/CLK (sky130_fd_sc_hd__dfrtp_1)
                                  0.250000    0.523935   clock uncertainty
                                  0.000000    0.523935   clock reconvergence pessimism
                                  0.315622    0.839557   library removal time
                                              0.839557   data required time
---------------------------------------------------------------------------------------------
                                              0.839557   data required time
                                             -1.250015   data arrival time
---------------------------------------------------------------------------------------------
                                              0.410458   slack (MET)


Startpoint: _154_ (rising edge-triggered flip-flop clocked by clk)
Endpoint: _154_ (rising edge-triggered flip-flop clocked by clk)
Path Group: clk
Path Type: min

Fanout         Cap        Slew       Delay        Time   Description
---------------------------------------------------------------------------------------------
                                  0.000000    0.000000   clock clk (rise edge)
                                  0.000000    0.000000   clock source latency
     1    0.009750    0.050293    0.033184    0.033184 ^ clk (in)
                                                         clk (net)
                      0.050293    0.000000    0.033184 ^ clkbuf_0_clk/A (sky130_fd_sc_hd__clkbuf_16)
     2    0.017473    0.039694    0.124983    0.158167 ^ clkbuf_0_clk/X (sky130_fd_sc_hd__clkbuf_16)
                                                         clknet_0_clk (net)
                      0.039694    0.000034    0.158201 ^ clkbuf_1_1__f_clk/A (sky130_fd_sc_hd__clkbuf_16)
     5    0.011813    0.034879    0.115694    0.273895 ^ clkbuf_1_1__f_clk/X (sky130_fd_sc_hd__clkbuf_16)
                                                         clknet_1_1__leaf_clk (net)
                      0.034879    0.000028    0.273923 ^ _154_/CLK (sky130_fd_sc_hd__dfrtp_2)
     4    0.021734    0.118215    0.402568    0.676490 ^ _154_/Q (sky130_fd_sc_hd__dfrtp_2)
                                                         counter[7] (net)
                      0.118215    0.000049    0.676539 ^ _127_/A (sky130_fd_sc_hd__xnor2_1)
     1    0.002074    0.031736    0.078487    0.755026 v _127_/Y (sky130_fd_sc_hd__xnor2_1)
                                                         _064_ (net)
                      0.031736    0.000006    0.755033 v _128_/B (sky130_fd_sc_hd__and2_1)
     1    0.002218    0.031891    0.140784    0.895817 v _128_/X (sky130_fd_sc_hd__and2_1)
                                                         _007_ (net)
                      0.031891    0.000004    0.895820 v _154_/D (sky130_fd_sc_hd__dfrtp_2)
                                              0.895820   data arrival time

                                  0.000000    0.000000   clock clk (rise edge)
                                  0.000000    0.000000   clock source latency
     1    0.009750    0.050293    0.033184    0.033184 ^ clk (in)
                                                         clk (net)
                      0.050293    0.000000    0.033184 ^ clkbuf_0_clk/A (sky130_fd_sc_hd__clkbuf_16)
     2    0.017473    0.039694    0.124983    0.158167 ^ clkbuf_0_clk/X (sky130_fd_sc_hd__clkbuf_16)
                                                         clknet_0_clk (net)
                      0.039694    0.000034    0.158201 ^ clkbuf_1_1__f_clk/A (sky130_fd_sc_hd__clkbuf_16)
     5    0.011813    0.034879    0.115694    0.273895 ^ clkbuf_1_1__f_clk/X (sky130_fd_sc_hd__clkbuf_16)
                                                         clknet_1_1__leaf_clk (net)
                      0.034879    0.000028    0.273923 ^ _154_/CLK (sky130_fd_sc_hd__dfrtp_2)
                                  0.250000    0.523923   clock uncertainty
                                  0.000000    0.523923   clock reconvergence pessimism
                                 -0.039084    0.484838   library hold time
                                              0.484838   data required time
---------------------------------------------------------------------------------------------
                                              0.484838   data required time
                                             -0.895820   data arrival time
---------------------------------------------------------------------------------------------
                                              0.410982   slack (MET)


Startpoint: rst (input port clocked by clk)
Endpoint: _154_ (removal check against rising-edge clock clk)
Path Group: asynchronous
Path Type: min

Fanout         Cap        Slew       Delay        Time   Description
---------------------------------------------------------------------------------------------
                                  0.000000    0.000000   clock clk (rise edge)
                                  0.000000    0.000000   clock network delay (propagated)
                                  1.000000    1.000000 v input external delay
     1    0.002652    0.008291    0.004164    1.004164 v rst (in)
                                                         rst (net)
                      0.008291    0.000000    1.004164 v input9/A (sky130_fd_sc_hd__clkbuf_4)
     9    0.044037    0.096898    0.182119    1.186282 v input9/X (sky130_fd_sc_hd__clkbuf_4)
                                                         net9 (net)
                      0.096898    0.000043    1.186325 v _145_/A (sky130_fd_sc_hd__inv_2)
     1    0.004197    0.037859    0.064721    1.251047 ^ _145_/Y (sky130_fd_sc_hd__inv_2)
                                                         _017_ (net)
                      0.037859    0.000014    1.251061 ^ _154_/RESET_B (sky130_fd_sc_hd__dfrtp_2)
                                              1.251061   data arrival time

                                  0.000000    0.000000   clock clk (rise edge)
                                  0.000000    0.000000   clock source latency
     1    0.009750    0.050293    0.033184    0.033184 ^ clk (in)
                                                         clk (net)
                      0.050293    0.000000    0.033184 ^ clkbuf_0_clk/A (sky130_fd_sc_hd__clkbuf_16)
     2    0.017473    0.039694    0.124983    0.158167 ^ clkbuf_0_clk/X (sky130_fd_sc_hd__clkbuf_16)
                                                         clknet_0_clk (net)
                      0.039694    0.000034    0.158201 ^ clkbuf_1_1__f_clk/A (sky130_fd_sc_hd__clkbuf_16)
     5    0.011813    0.034879    0.115694    0.273895 ^ clkbuf_1_1__f_clk/X (sky130_fd_sc_hd__clkbuf_16)
                                                         clknet_1_1__leaf_clk (net)
                      0.034879    0.000028    0.273923 ^ _154_/CLK (sky130_fd_sc_hd__dfrtp_2)
                                  0.250000    0.523923   clock uncertainty
                                  0.000000    0.523923   clock reconvergence pessimism
                                  0.315517    0.839440   library removal time
                                              0.839440   data required time
---------------------------------------------------------------------------------------------
                                              0.839440   data required time
                                             -1.251061   data arrival time
---------------------------------------------------------------------------------------------
                                              0.411620   slack (MET)


Startpoint: _149_ (rising edge-triggered flip-flop clocked by clk)
Endpoint: _149_ (rising edge-triggered flip-flop clocked by clk)
Path Group: clk
Path Type: min

Fanout         Cap        Slew       Delay        Time   Description
---------------------------------------------------------------------------------------------
                                  0.000000    0.000000   clock clk (rise edge)
                                  0.000000    0.000000   clock source latency
     1    0.009750    0.050293    0.033184    0.033184 ^ clk (in)
                                                         clk (net)
                      0.050293    0.000000    0.033184 ^ clkbuf_0_clk/A (sky130_fd_sc_hd__clkbuf_16)
     2    0.017473    0.039694    0.124983    0.158167 ^ clkbuf_0_clk/X (sky130_fd_sc_hd__clkbuf_16)
                                                         clknet_0_clk (net)
                      0.039694    0.000029    0.158196 ^ clkbuf_1_0__f_clk/A (sky130_fd_sc_hd__clkbuf_16)
     5    0.012311    0.035303    0.116177    0.274373 ^ clkbuf_1_0__f_clk/X (sky130_fd_sc_hd__clkbuf_16)
                                                         clknet_1_0__leaf_clk (net)
                      0.035303    0.000015    0.274388 ^ _149_/CLK (sky130_fd_sc_hd__dfrtp_2)
     7    0.022490    0.121517    0.405306    0.679694 ^ _149_/Q (sky130_fd_sc_hd__dfrtp_2)
                                                         counter[2] (net)
                      0.121517    0.000080    0.679774 ^ _111_/A (sky130_fd_sc_hd__xnor2_1)
     1    0.001707    0.030892    0.076746    0.756519 v _111_/Y (sky130_fd_sc_hd__xnor2_1)
                                                         _053_ (net)
                      0.030892    0.000003    0.756522 v _112_/B (sky130_fd_sc_hd__and2_1)
     1    0.002269    0.032128    0.140718    0.897240 v _112_/X (sky130_fd_sc_hd__and2_1)
                                                         _002_ (net)
                      0.032128    0.000004    0.897244 v _149_/D (sky130_fd_sc_hd__dfrtp_2)
                                              0.897244   data arrival time

                                  0.000000    0.000000   clock clk (rise edge)
                                  0.000000    0.000000   clock source latency
     1    0.009750    0.050293    0.033184    0.033184 ^ clk (in)
                                                         clk (net)
                      0.050293    0.000000    0.033184 ^ clkbuf_0_clk/A (sky130_fd_sc_hd__clkbuf_16)
     2    0.017473    0.039694    0.124983    0.158167 ^ clkbuf_0_clk/X (sky130_fd_sc_hd__clkbuf_16)
                                                         clknet_0_clk (net)
                      0.039694    0.000029    0.158196 ^ clkbuf_1_0__f_clk/A (sky130_fd_sc_hd__clkbuf_16)
     5    0.012311    0.035303    0.116177    0.274373 ^ clkbuf_1_0__f_clk/X (sky130_fd_sc_hd__clkbuf_16)
                                                         clknet_1_0__leaf_clk (net)
                      0.035303    0.000015    0.274388 ^ _149_/CLK (sky130_fd_sc_hd__dfrtp_2)
                                  0.250000    0.524388   clock uncertainty
                                  0.000000    0.524388   clock reconvergence pessimism
                                 -0.039084    0.485304   library hold time
                                              0.485304   data required time
---------------------------------------------------------------------------------------------
                                              0.485304   data required time
                                             -0.897244   data arrival time
---------------------------------------------------------------------------------------------
                                              0.411940   slack (MET)


Startpoint: rst (input port clocked by clk)
Endpoint: _152_ (removal check against rising-edge clock clk)
Path Group: asynchronous
Path Type: min

Fanout         Cap        Slew       Delay        Time   Description
---------------------------------------------------------------------------------------------
                                  0.000000    0.000000   clock clk (rise edge)
                                  0.000000    0.000000   clock network delay (propagated)
                                  1.000000    1.000000 v input external delay
     1    0.002652    0.008291    0.004164    1.004164 v rst (in)
                                                         rst (net)
                      0.008291    0.000000    1.004164 v input9/A (sky130_fd_sc_hd__clkbuf_4)
     9    0.044037    0.096898    0.182119    1.186282 v input9/X (sky130_fd_sc_hd__clkbuf_4)
                                                         net9 (net)
                      0.096898    0.000100    1.186382 v _143_/A (sky130_fd_sc_hd__inv_2)
     1    0.004271    0.038161    0.065101    1.251483 ^ _143_/Y (sky130_fd_sc_hd__inv_2)
                                                         _015_ (net)
                      0.038161    0.000011    1.251494 ^ _152_/RESET_B (sky130_fd_sc_hd__dfrtp_1)
                                              1.251494   data arrival time

                                  0.000000    0.000000   clock clk (rise edge)
                                  0.000000    0.000000   clock source latency
     1    0.009750    0.050293    0.033184    0.033184 ^ clk (in)
                                                         clk (net)
                      0.050293    0.000000    0.033184 ^ clkbuf_0_clk/A (sky130_fd_sc_hd__clkbuf_16)
     2    0.017473    0.039694    0.124983    0.158167 ^ clkbuf_0_clk/X (sky130_fd_sc_hd__clkbuf_16)
                                                         clknet_0_clk (net)
                      0.039694    0.000034    0.158201 ^ clkbuf_1_1__f_clk/A (sky130_fd_sc_hd__clkbuf_16)
     5    0.011813    0.034879    0.115694    0.273895 ^ clkbuf_1_1__f_clk/X (sky130_fd_sc_hd__clkbuf_16)
                                                         clknet_1_1__leaf_clk (net)
                      0.034879    0.000044    0.273939 ^ _152_/CLK (sky130_fd_sc_hd__dfrtp_1)
                                  0.250000    0.523939   clock uncertainty
                                  0.000000    0.523939   clock reconvergence pessimism
                                  0.315608    0.839547   library removal time
                                              0.839547   data required time
---------------------------------------------------------------------------------------------
                                              0.839547   data required time
                                             -1.251494   data arrival time
---------------------------------------------------------------------------------------------
                                              0.411947   slack (MET)


Startpoint: _152_ (rising edge-triggered flip-flop clocked by clk)
Endpoint: _152_ (rising edge-triggered flip-flop clocked by clk)
Path Group: clk
Path Type: min

Fanout         Cap        Slew       Delay        Time   Description
---------------------------------------------------------------------------------------------
                                  0.000000    0.000000   clock clk (rise edge)
                                  0.000000    0.000000   clock source latency
     1    0.009750    0.050293    0.033184    0.033184 ^ clk (in)
                                                         clk (net)
                      0.050293    0.000000    0.033184 ^ clkbuf_0_clk/A (sky130_fd_sc_hd__clkbuf_16)
     2    0.017473    0.039694    0.124983    0.158167 ^ clkbuf_0_clk/X (sky130_fd_sc_hd__clkbuf_16)
                                                         clknet_0_clk (net)
                      0.039694    0.000034    0.158201 ^ clkbuf_1_1__f_clk/A (sky130_fd_sc_hd__clkbuf_16)
     5    0.011813    0.034879    0.115694    0.273895 ^ clkbuf_1_1__f_clk/X (sky130_fd_sc_hd__clkbuf_16)
                                                         clknet_1_1__leaf_clk (net)
                      0.034879    0.000044    0.273939 ^ _152_/CLK (sky130_fd_sc_hd__dfrtp_1)
     6    0.015653    0.146603    0.393635    0.667574 ^ _152_/Q (sky130_fd_sc_hd__dfrtp_1)
                                                         counter[5] (net)
                      0.146603    0.000068    0.667642 ^ _122_/B1 (sky130_fd_sc_hd__a21o_1)
     1    0.001799    0.030657    0.094006    0.761648 ^ _122_/X (sky130_fd_sc_hd__a21o_1)
                                                         _061_ (net)
                      0.030657    0.000001    0.761650 ^ _123_/C (sky130_fd_sc_hd__and3_1)
     1    0.002488    0.048206    0.139440    0.901089 ^ _123_/X (sky130_fd_sc_hd__and3_1)
                                                         _005_ (net)
                      0.048206    0.000007    0.901097 ^ _152_/D (sky130_fd_sc_hd__dfrtp_1)
                                              0.901097   data arrival time

                                  0.000000    0.000000   clock clk (rise edge)
                                  0.000000    0.000000   clock source latency
     1    0.009750    0.050293    0.033184    0.033184 ^ clk (in)
                                                         clk (net)
                      0.050293    0.000000    0.033184 ^ clkbuf_0_clk/A (sky130_fd_sc_hd__clkbuf_16)
     2    0.017473    0.039694    0.124983    0.158167 ^ clkbuf_0_clk/X (sky130_fd_sc_hd__clkbuf_16)
                                                         clknet_0_clk (net)
                      0.039694    0.000034    0.158201 ^ clkbuf_1_1__f_clk/A (sky130_fd_sc_hd__clkbuf_16)
     5    0.011813    0.034879    0.115694    0.273895 ^ clkbuf_1_1__f_clk/X (sky130_fd_sc_hd__clkbuf_16)
                                                         clknet_1_1__leaf_clk (net)
                      0.034879    0.000044    0.273939 ^ _152_/CLK (sky130_fd_sc_hd__dfrtp_1)
                                  0.250000    0.523939   clock uncertainty
                                  0.000000    0.523939   clock reconvergence pessimism
                                 -0.036820    0.487119   library hold time
                                              0.487119   data required time
---------------------------------------------------------------------------------------------
                                              0.487119   data required time
                                             -0.901097   data arrival time
---------------------------------------------------------------------------------------------
                                              0.413978   slack (MET)


Startpoint: _147_ (rising edge-triggered flip-flop clocked by clk)
Endpoint: _148_ (rising edge-triggered flip-flop clocked by clk)
Path Group: clk
Path Type: min

Fanout         Cap        Slew       Delay        Time   Description
---------------------------------------------------------------------------------------------
                                  0.000000    0.000000   clock clk (rise edge)
                                  0.000000    0.000000   clock source latency
     1    0.009750    0.050293    0.033184    0.033184 ^ clk (in)
                                                         clk (net)
                      0.050293    0.000000    0.033184 ^ clkbuf_0_clk/A (sky130_fd_sc_hd__clkbuf_16)
     2    0.017473    0.039694    0.124983    0.158167 ^ clkbuf_0_clk/X (sky130_fd_sc_hd__clkbuf_16)
                                                         clknet_0_clk (net)
                      0.039694    0.000029    0.158196 ^ clkbuf_1_0__f_clk/A (sky130_fd_sc_hd__clkbuf_16)
     5    0.012311    0.035303    0.116177    0.274373 ^ clkbuf_1_0__f_clk/X (sky130_fd_sc_hd__clkbuf_16)
                                                         clknet_1_0__leaf_clk (net)
                      0.035303    0.000021    0.274394 ^ _147_/CLK (sky130_fd_sc_hd__dfrtp_2)
     7    0.018516    0.104242    0.391673    0.666068 ^ _147_/Q (sky130_fd_sc_hd__dfrtp_2)
                                                         counter[0] (net)
                      0.104242    0.000183    0.666250 ^ _109_/A (sky130_fd_sc_hd__or2_1)
     1    0.002236    0.036690    0.106371    0.772621 ^ _109_/X (sky130_fd_sc_hd__or2_1)
                                                         _052_ (net)
                      0.036690    0.000006    0.772627 ^ _110_/C (sky130_fd_sc_hd__and3_1)
     1    0.002325    0.046781    0.139567    0.912194 ^ _110_/X (sky130_fd_sc_hd__and3_1)
                                                         _001_ (net)
                      0.046781    0.000004    0.912198 ^ _148_/D (sky130_fd_sc_hd__dfrtp_2)
                                              0.912198   data arrival time

                                  0.000000    0.000000   clock clk (rise edge)
                                  0.000000    0.000000   clock source latency
     1    0.009750    0.050293    0.033184    0.033184 ^ clk (in)
                                                         clk (net)
                      0.050293    0.000000    0.033184 ^ clkbuf_0_clk/A (sky130_fd_sc_hd__clkbuf_16)
     2    0.017473    0.039694    0.124983    0.158167 ^ clkbuf_0_clk/X (sky130_fd_sc_hd__clkbuf_16)
                                                         clknet_0_clk (net)
                      0.039694    0.000029    0.158196 ^ clkbuf_1_0__f_clk/A (sky130_fd_sc_hd__clkbuf_16)
     5    0.012311    0.035303    0.116177    0.274373 ^ clkbuf_1_0__f_clk/X (sky130_fd_sc_hd__clkbuf_16)
                                                         clknet_1_0__leaf_clk (net)
                      0.035303    0.000014    0.274387 ^ _148_/CLK (sky130_fd_sc_hd__dfrtp_2)
                                  0.250000    0.524387   clock uncertainty
                                  0.000000    0.524387   clock reconvergence pessimism
                                 -0.036371    0.488016   library hold time
                                              0.488016   data required time
---------------------------------------------------------------------------------------------
                                              0.488016   data required time
                                             -0.912198   data arrival time
---------------------------------------------------------------------------------------------
                                              0.424182   slack (MET)


Startpoint: _150_ (rising edge-triggered flip-flop clocked by clk)
Endpoint: _150_ (rising edge-triggered flip-flop clocked by clk)
Path Group: clk
Path Type: min

Fanout         Cap        Slew       Delay        Time   Description
---------------------------------------------------------------------------------------------
                                  0.000000    0.000000   clock clk (rise edge)
                                  0.000000    0.000000   clock source latency
     1    0.009750    0.050293    0.033184    0.033184 ^ clk (in)
                                                         clk (net)
                      0.050293    0.000000    0.033184 ^ clkbuf_0_clk/A (sky130_fd_sc_hd__clkbuf_16)
     2    0.017473    0.039694    0.124983    0.158167 ^ clkbuf_0_clk/X (sky130_fd_sc_hd__clkbuf_16)
                                                         clknet_0_clk (net)
                      0.039694    0.000029    0.158196 ^ clkbuf_1_0__f_clk/A (sky130_fd_sc_hd__clkbuf_16)
     5    0.012311    0.035303    0.116177    0.274373 ^ clkbuf_1_0__f_clk/X (sky130_fd_sc_hd__clkbuf_16)
                                                         clknet_1_0__leaf_clk (net)
                      0.035303    0.000017    0.274391 ^ _150_/CLK (sky130_fd_sc_hd__dfrtp_1)
     6    0.016339    0.152232    0.397995    0.672385 ^ _150_/Q (sky130_fd_sc_hd__dfrtp_1)
                                                         counter[3] (net)
                      0.152232    0.000054    0.672440 ^ _115_/B1 (sky130_fd_sc_hd__a31o_1)
     1    0.002074    0.038317    0.110778    0.783218 ^ _115_/X (sky130_fd_sc_hd__a31o_1)
                                                         _056_ (net)
                      0.038317    0.000005    0.783222 ^ _116_/C (sky130_fd_sc_hd__and3_1)
     1    0.002184    0.045509    0.138732    0.921954 ^ _116_/X (sky130_fd_sc_hd__and3_1)
                                                         _003_ (net)
                      0.045509    0.000002    0.921956 ^ _150_/D (sky130_fd_sc_hd__dfrtp_1)
                                              0.921956   data arrival time

                                  0.000000    0.000000   clock clk (rise edge)
                                  0.000000    0.000000   clock source latency
     1    0.009750    0.050293    0.033184    0.033184 ^ clk (in)
                                                         clk (net)
                      0.050293    0.000000    0.033184 ^ clkbuf_0_clk/A (sky130_fd_sc_hd__clkbuf_16)
     2    0.017473    0.039694    0.124983    0.158167 ^ clkbuf_0_clk/X (sky130_fd_sc_hd__clkbuf_16)
                                                         clknet_0_clk (net)
                      0.039694    0.000029    0.158196 ^ clkbuf_1_0__f_clk/A (sky130_fd_sc_hd__clkbuf_16)
     5    0.012311    0.035303    0.116177    0.274373 ^ clkbuf_1_0__f_clk/X (sky130_fd_sc_hd__clkbuf_16)
                                                         clknet_1_0__leaf_clk (net)
                      0.035303    0.000017    0.274391 ^ _150_/CLK (sky130_fd_sc_hd__dfrtp_1)
                                  0.250000    0.524391   clock uncertainty
                                  0.000000    0.524391   clock reconvergence pessimism
                                 -0.036196    0.488194   library hold time
                                              0.488194   data required time
---------------------------------------------------------------------------------------------
                                              0.488194   data required time
                                             -0.921956   data arrival time
---------------------------------------------------------------------------------------------
                                              0.433761   slack (MET)


Startpoint: _153_ (rising edge-triggered flip-flop clocked by clk)
Endpoint: _153_ (rising edge-triggered flip-flop clocked by clk)
Path Group: clk
Path Type: min

Fanout         Cap        Slew       Delay        Time   Description
---------------------------------------------------------------------------------------------
                                  0.000000    0.000000   clock clk (rise edge)
                                  0.000000    0.000000   clock source latency
     1    0.009750    0.050293    0.033184    0.033184 ^ clk (in)
                                                         clk (net)
                      0.050293    0.000000    0.033184 ^ clkbuf_0_clk/A (sky130_fd_sc_hd__clkbuf_16)
     2    0.017473    0.039694    0.124983    0.158167 ^ clkbuf_0_clk/X (sky130_fd_sc_hd__clkbuf_16)
                                                         clknet_0_clk (net)
                      0.039694    0.000034    0.158201 ^ clkbuf_1_1__f_clk/A (sky130_fd_sc_hd__clkbuf_16)
     5    0.011813    0.034879    0.115694    0.273895 ^ clkbuf_1_1__f_clk/X (sky130_fd_sc_hd__clkbuf_16)
                                                         clknet_1_1__leaf_clk (net)
                      0.034879    0.000040    0.273935 ^ _153_/CLK (sky130_fd_sc_hd__dfrtp_1)
     6    0.014570    0.090541    0.406487    0.680422 v _153_/Q (sky130_fd_sc_hd__dfrtp_1)
                                                         counter[6] (net)
                      0.090541    0.000110    0.680532 v _124_/A (sky130_fd_sc_hd__nand2_1)
     2    0.006843    0.077076    0.099118    0.779651 ^ _124_/Y (sky130_fd_sc_hd__nand2_1)
                                                         _062_ (net)
                      0.077076    0.000017    0.779667 ^ _126_/B (sky130_fd_sc_hd__and3_1)
     1    0.002633    0.049534    0.148170    0.927837 ^ _126_/X (sky130_fd_sc_hd__and3_1)
                                                         _006_ (net)
                      0.049534    0.000008    0.927846 ^ _153_/D (sky130_fd_sc_hd__dfrtp_1)
                                              0.927846   data arrival time

                                  0.000000    0.000000   clock clk (rise edge)
                                  0.000000    0.000000   clock source latency
     1    0.009750    0.050293    0.033184    0.033184 ^ clk (in)
                                                         clk (net)
                      0.050293    0.000000    0.033184 ^ clkbuf_0_clk/A (sky130_fd_sc_hd__clkbuf_16)
     2    0.017473    0.039694    0.124983    0.158167 ^ clkbuf_0_clk/X (sky130_fd_sc_hd__clkbuf_16)
                                                         clknet_0_clk (net)
                      0.039694    0.000034    0.158201 ^ clkbuf_1_1__f_clk/A (sky130_fd_sc_hd__clkbuf_16)
     5    0.011813    0.034879    0.115694    0.273895 ^ clkbuf_1_1__f_clk/X (sky130_fd_sc_hd__clkbuf_16)
                                                         clknet_1_1__leaf_clk (net)
                      0.034879    0.000040    0.273935 ^ _153_/CLK (sky130_fd_sc_hd__dfrtp_1)
                                  0.250000    0.523935   clock uncertainty
                                  0.000000    0.523935   clock reconvergence pessimism
                                 -0.037099    0.486836   library hold time
                                              0.486836   data required time
---------------------------------------------------------------------------------------------
                                              0.486836   data required time
                                             -0.927846   data arrival time
---------------------------------------------------------------------------------------------
                                              0.441009   slack (MET)


Startpoint: _146_ (rising edge-triggered flip-flop clocked by clk)
Endpoint: out (output port clocked by clk)
Path Group: clk
Path Type: min

Fanout         Cap        Slew       Delay        Time   Description
---------------------------------------------------------------------------------------------
                                  0.000000    0.000000   clock clk (rise edge)
                                  0.000000    0.000000   clock source latency
     1    0.009750    0.050293    0.033184    0.033184 ^ clk (in)
                                                         clk (net)
                      0.050293    0.000000    0.033184 ^ clkbuf_0_clk/A (sky130_fd_sc_hd__clkbuf_16)
     2    0.017473    0.039694    0.124983    0.158167 ^ clkbuf_0_clk/X (sky130_fd_sc_hd__clkbuf_16)
                                                         clknet_0_clk (net)
                      0.039694    0.000034    0.158201 ^ clkbuf_1_1__f_clk/A (sky130_fd_sc_hd__clkbuf_16)
     5    0.011813    0.034879    0.115694    0.273895 ^ clkbuf_1_1__f_clk/X (sky130_fd_sc_hd__clkbuf_16)
                                                         clknet_1_1__leaf_clk (net)
                      0.034879    0.000033    0.273929 ^ _146_/CLK (sky130_fd_sc_hd__dfrtp_1)
     1    0.002049    0.040828    0.303952    0.577881 ^ _146_/Q (sky130_fd_sc_hd__dfrtp_1)
                                                         net10 (net)
                      0.040828    0.000003    0.577884 ^ output10/A (sky130_fd_sc_hd__buf_2)
     1    0.034074    0.169198    0.196122    0.774006 ^ output10/X (sky130_fd_sc_hd__buf_2)
                                                         out (net)
                      0.169198    0.000095    0.774100 ^ out (out)
                                              0.774100   data arrival time

                                  0.000000    0.000000   clock clk (rise edge)
                                  0.000000    0.000000   clock network delay (propagated)
                                  0.250000    0.250000   clock uncertainty
                                  0.000000    0.250000   clock reconvergence pessimism
                                 -1.000000   -0.750000   output external delay
                                             -0.750000   data required time
---------------------------------------------------------------------------------------------
                                             -0.750000   data required time
                                             -0.774100   data arrival time
---------------------------------------------------------------------------------------------
                                              1.524100   slack (MET)



