49. Printing statistics.

=== freq_psc ===

   Number of wires:                543
   Number of wire bits:            636
   Number of public wires:           5
   Number of public wire bits:      67
   Number of ports:                  4
   Number of port bits:             35
   Number of memories:               0
   Number of memory bits:            0
   Number of processes:              0
   Number of cells:                602
     $_ANDNOT_                     249
     $_AND_                          8
     $_DFF_PP0_                     33
     $_NAND_                        45
     $_NOR_                         34
     $_NOT_                         21
     $_ORNOT_                       32
     $_OR_                          55
     $_XNOR_                        26
     $_XOR_                         99

   Area for cell type $_NOT_ is unknown!
   Area for cell type $_AND_ is unknown!
   Area for cell type $_NAND_ is unknown!
   Area for cell type $_OR_ is unknown!
   Area for cell type $_NOR_ is unknown!
   Area for cell type $_XOR_ is unknown!
   Area for cell type $_XNOR_ is unknown!
   Area for cell type $_ANDNOT_ is unknown!
   Area for cell type $_ORNOT_ is unknown!
   Area for cell type $_DFF_PP0_ is unknown!

