Clock: clk
Sources: clk 
Generated: no
Virtual: yes
Propagated: no
Period: 5.000000

===========================================================================
report_clock_properties
============================================================================
Clock                   Period          Waveform
----------------------------------------------------
clk                   5.000000    0.000000  2.500000

===========================================================================
report_clock_latency
============================================================================
Clock clk
rise -> rise
    min     max
0.000000 0.000000 source latency
0.487412         network latency _113_/CLK
        0.490777 network latency _117_/CLK
---------------
0.487412 0.490777 latency
        0.003365 skew

fall -> fall
    min     max
0.000000 0.000000 source latency
0.511589         network latency _113_/CLK
        0.514520 network latency _117_/CLK
---------------
0.511589 0.514520 latency
        0.002931 skew



===========================================================================
report_clock_min_period
============================================================================
clk period_min = 3.46 fmax = 289.02
