Clock: clk
Sources: clk 
Generated: no
Virtual: yes
Propagated: no
Period: 5.000000

===========================================================================
report_clock_properties
============================================================================
Clock                   Period          Waveform
----------------------------------------------------
clk                   5.000000    0.000000  2.500000

===========================================================================
report_clock_latency
============================================================================
Clock clk
rise -> rise
    min     max
0.000000 0.000000 source latency
0.484812         network latency _113_/CLK
        0.487664 network latency _117_/CLK
---------------
0.484812 0.487664 latency
        0.002851 skew

fall -> fall
    min     max
0.000000 0.000000 source latency
0.509563         network latency _113_/CLK
        0.512054 network latency _117_/CLK
---------------
0.509563 0.512054 latency
        0.002491 skew



===========================================================================
report_clock_min_period
============================================================================
clk period_min = 3.44 fmax = 291.08
