
===========================================================================
report_checks -path_delay min (Hold)
============================================================================
======================= min_ss_100C_1v60 Corner ===================================

Startpoint: _118_ (rising edge-triggered flip-flop clocked by clk)
Endpoint: _119_ (rising edge-triggered flip-flop clocked by clk)
Path Group: clk
Path Type: min

Fanout         Cap        Slew       Delay        Time   Description
---------------------------------------------------------------------------------------------
                                  0.000000    0.000000   clock clk (rise edge)
                                  0.000000    0.000000   clock source latency
     1    0.009468    0.077476    0.049724    0.049724 ^ clk (in)
                                                         clk (net)
                      0.077476    0.000000    0.049724 ^ clkbuf_0_clk/A (sky130_fd_sc_hd__clkbuf_16)
     2    0.020238    0.067739    0.225307    0.275031 ^ clkbuf_0_clk/X (sky130_fd_sc_hd__clkbuf_16)
                                                         clknet_0_clk (net)
                      0.067740    0.000244    0.275275 ^ clkbuf_1_0__f_clk/A (sky130_fd_sc_hd__clkbuf_16)
     5    0.014111    0.060087    0.212220    0.487495 ^ clkbuf_1_0__f_clk/X (sky130_fd_sc_hd__clkbuf_16)
                                                         clknet_1_0__leaf_clk (net)
                      0.060087    0.000069    0.487564 ^ _118_/CLK (sky130_fd_sc_hd__dfrtp_1)
     4    0.010867    0.146212    0.806539    1.294103 v _118_/Q (sky130_fd_sc_hd__dfrtp_1)
                                                         psc_cnt[6] (net)
                      0.146212    0.000088    1.294191 v _100_/A (sky130_fd_sc_hd__nand2_1)
     2    0.005981    0.109352    0.156818    1.451008 ^ _100_/Y (sky130_fd_sc_hd__nand2_1)
                                                         _054_ (net)
                      0.109352    0.000069    1.451077 ^ _103_/A2 (sky130_fd_sc_hd__a21boi_1)
     1    0.002699    0.071124    0.140188    1.591265 v _103_/Y (sky130_fd_sc_hd__a21boi_1)
                                                         _007_ (net)
                      0.071124    0.000031    1.591296 v _119_/D (sky130_fd_sc_hd__dfrtp_1)
                                              1.591296   data arrival time

                                  0.000000    0.000000   clock clk (rise edge)
                                  0.000000    0.000000   clock source latency
     1    0.009468    0.077476    0.049724    0.049724 ^ clk (in)
                                                         clk (net)
                      0.077476    0.000000    0.049724 ^ clkbuf_0_clk/A (sky130_fd_sc_hd__clkbuf_16)
     2    0.020238    0.067739    0.225307    0.275031 ^ clkbuf_0_clk/X (sky130_fd_sc_hd__clkbuf_16)
                                                         clknet_0_clk (net)
                      0.067740    0.000244    0.275275 ^ clkbuf_1_0__f_clk/A (sky130_fd_sc_hd__clkbuf_16)
     5    0.014111    0.060087    0.212220    0.487495 ^ clkbuf_1_0__f_clk/X (sky130_fd_sc_hd__clkbuf_16)
                                                         clknet_1_0__leaf_clk (net)
                      0.060087    0.000096    0.487591 ^ _119_/CLK (sky130_fd_sc_hd__dfrtp_1)
                                  0.250000    0.737591   clock uncertainty
                                  0.000000    0.737591   clock reconvergence pessimism
                                 -0.100061    0.637530   library hold time
                                              0.637530   data required time
---------------------------------------------------------------------------------------------
                                              0.637530   data required time
                                             -1.591296   data arrival time
---------------------------------------------------------------------------------------------
                                              0.953766   slack (MET)


Startpoint: _112_ (rising edge-triggered flip-flop clocked by clk)
Endpoint: _112_ (rising edge-triggered flip-flop clocked by clk)
Path Group: clk
Path Type: min

Fanout         Cap        Slew       Delay        Time   Description
---------------------------------------------------------------------------------------------
                                  0.000000    0.000000   clock clk (rise edge)
                                  0.000000    0.000000   clock source latency
     1    0.009468    0.077476    0.049724    0.049724 ^ clk (in)
                                                         clk (net)
                      0.077476    0.000000    0.049724 ^ clkbuf_0_clk/A (sky130_fd_sc_hd__clkbuf_16)
     2    0.020238    0.067739    0.225307    0.275031 ^ clkbuf_0_clk/X (sky130_fd_sc_hd__clkbuf_16)
                                                         clknet_0_clk (net)
                      0.067740    0.000212    0.275243 ^ clkbuf_1_1__f_clk/A (sky130_fd_sc_hd__clkbuf_16)
     5    0.012201    0.057695    0.209503    0.484746 ^ clkbuf_1_1__f_clk/X (sky130_fd_sc_hd__clkbuf_16)
                                                         clknet_1_1__leaf_clk (net)
                      0.057695    0.000091    0.484837 ^ _112_/CLK (sky130_fd_sc_hd__dfrtp_1)
     5    0.012182    0.193149    0.733634    1.218471 ^ _112_/Q (sky130_fd_sc_hd__dfrtp_1)
                                                         psc_cnt[0] (net)
                      0.193149    0.000112    1.218583 ^ _084_/A_N (sky130_fd_sc_hd__and2b_1)
     1    0.002121    0.059118    0.398044    1.616626 v _084_/X (sky130_fd_sc_hd__and2b_1)
                                                         _000_ (net)
                      0.059118    0.000018    1.616644 v _112_/D (sky130_fd_sc_hd__dfrtp_1)
                                              1.616644   data arrival time

                                  0.000000    0.000000   clock clk (rise edge)
                                  0.000000    0.000000   clock source latency
     1    0.009468    0.077476    0.049724    0.049724 ^ clk (in)
                                                         clk (net)
                      0.077476    0.000000    0.049724 ^ clkbuf_0_clk/A (sky130_fd_sc_hd__clkbuf_16)
     2    0.020238    0.067739    0.225307    0.275031 ^ clkbuf_0_clk/X (sky130_fd_sc_hd__clkbuf_16)
                                                         clknet_0_clk (net)
                      0.067740    0.000212    0.275243 ^ clkbuf_1_1__f_clk/A (sky130_fd_sc_hd__clkbuf_16)
     5    0.012201    0.057695    0.209503    0.484746 ^ clkbuf_1_1__f_clk/X (sky130_fd_sc_hd__clkbuf_16)
                                                         clknet_1_1__leaf_clk (net)
                      0.057695    0.000091    0.484837 ^ _112_/CLK (sky130_fd_sc_hd__dfrtp_1)
                                  0.250000    0.734837   clock uncertainty
                                  0.000000    0.734837   clock reconvergence pessimism
                                 -0.096186    0.638651   library hold time
                                              0.638651   data required time
---------------------------------------------------------------------------------------------
                                              0.638651   data required time
                                             -1.616644   data arrival time
---------------------------------------------------------------------------------------------
                                              0.977993   slack (MET)


Startpoint: _114_ (rising edge-triggered flip-flop clocked by clk)
Endpoint: _114_ (rising edge-triggered flip-flop clocked by clk)
Path Group: clk
Path Type: min

Fanout         Cap        Slew       Delay        Time   Description
---------------------------------------------------------------------------------------------
                                  0.000000    0.000000   clock clk (rise edge)
                                  0.000000    0.000000   clock source latency
     1    0.009468    0.077476    0.049724    0.049724 ^ clk (in)
                                                         clk (net)
                      0.077476    0.000000    0.049724 ^ clkbuf_0_clk/A (sky130_fd_sc_hd__clkbuf_16)
     2    0.020238    0.067739    0.225307    0.275031 ^ clkbuf_0_clk/X (sky130_fd_sc_hd__clkbuf_16)
                                                         clknet_0_clk (net)
                      0.067740    0.000212    0.275243 ^ clkbuf_1_1__f_clk/A (sky130_fd_sc_hd__clkbuf_16)
     5    0.012201    0.057695    0.209503    0.484746 ^ clkbuf_1_1__f_clk/X (sky130_fd_sc_hd__clkbuf_16)
                                                         clknet_1_1__leaf_clk (net)
                      0.057695    0.000071    0.484817 ^ _114_/CLK (sky130_fd_sc_hd__dfrtp_1)
     3    0.010223    0.172217    0.713041    1.197858 ^ _114_/Q (sky130_fd_sc_hd__dfrtp_1)
                                                         psc_cnt[2] (net)
                      0.172217    0.000072    1.197930 ^ _059_/A (sky130_fd_sc_hd__inv_2)
     2    0.006346    0.052380    0.104399    1.302329 v _059_/Y (sky130_fd_sc_hd__inv_2)
                                                         _021_ (net)
                      0.052380    0.000037    1.302366 v _089_/A (sky130_fd_sc_hd__nand2_1)
     1    0.002306    0.053873    0.075908    1.378275 ^ _089_/Y (sky130_fd_sc_hd__nand2_1)
                                                         _047_ (net)
                      0.053873    0.000023    1.378297 ^ _090_/B (sky130_fd_sc_hd__and3b_1)
     1    0.003098    0.091124    0.293865    1.672163 ^ _090_/X (sky130_fd_sc_hd__and3b_1)
                                                         _002_ (net)
                      0.091124    0.000039    1.672202 ^ _114_/D (sky130_fd_sc_hd__dfrtp_1)
                                              1.672202   data arrival time

                                  0.000000    0.000000   clock clk (rise edge)
                                  0.000000    0.000000   clock source latency
     1    0.009468    0.077476    0.049724    0.049724 ^ clk (in)
                                                         clk (net)
                      0.077476    0.000000    0.049724 ^ clkbuf_0_clk/A (sky130_fd_sc_hd__clkbuf_16)
     2    0.020238    0.067739    0.225307    0.275031 ^ clkbuf_0_clk/X (sky130_fd_sc_hd__clkbuf_16)
                                                         clknet_0_clk (net)
                      0.067740    0.000212    0.275243 ^ clkbuf_1_1__f_clk/A (sky130_fd_sc_hd__clkbuf_16)
     5    0.012201    0.057695    0.209503    0.484746 ^ clkbuf_1_1__f_clk/X (sky130_fd_sc_hd__clkbuf_16)
                                                         clknet_1_1__leaf_clk (net)
                      0.057695    0.000071    0.484817 ^ _114_/CLK (sky130_fd_sc_hd__dfrtp_1)
                                  0.250000    0.734817   clock uncertainty
                                  0.000000    0.734817   clock reconvergence pessimism
                                 -0.083782    0.651035   library hold time
                                              0.651035   data required time
---------------------------------------------------------------------------------------------
                                              0.651035   data required time
                                             -1.672202   data arrival time
---------------------------------------------------------------------------------------------
                                              1.021167   slack (MET)


Startpoint: _117_ (rising edge-triggered flip-flop clocked by clk)
Endpoint: _117_ (rising edge-triggered flip-flop clocked by clk)
Path Group: clk
Path Type: min

Fanout         Cap        Slew       Delay        Time   Description
---------------------------------------------------------------------------------------------
                                  0.000000    0.000000   clock clk (rise edge)
                                  0.000000    0.000000   clock source latency
     1    0.009468    0.077476    0.049724    0.049724 ^ clk (in)
                                                         clk (net)
                      0.077476    0.000000    0.049724 ^ clkbuf_0_clk/A (sky130_fd_sc_hd__clkbuf_16)
     2    0.020238    0.067739    0.225307    0.275031 ^ clkbuf_0_clk/X (sky130_fd_sc_hd__clkbuf_16)
                                                         clknet_0_clk (net)
                      0.067740    0.000244    0.275275 ^ clkbuf_1_0__f_clk/A (sky130_fd_sc_hd__clkbuf_16)
     5    0.014111    0.060087    0.212220    0.487495 ^ clkbuf_1_0__f_clk/X (sky130_fd_sc_hd__clkbuf_16)
                                                         clknet_1_0__leaf_clk (net)
                      0.060087    0.000169    0.487664 ^ _117_/CLK (sky130_fd_sc_hd__dfrtp_1)
     3    0.010951    0.177586    0.721741    1.209404 ^ _117_/Q (sky130_fd_sc_hd__dfrtp_1)
                                                         psc_cnt[5] (net)
                      0.177586    0.000034    1.209439 ^ _098_/A (sky130_fd_sc_hd__or2_1)
     1    0.002302    0.060876    0.205671    1.415110 ^ _098_/X (sky130_fd_sc_hd__or2_1)
                                                         _053_ (net)
                      0.060876    0.000014    1.415123 ^ _099_/B (sky130_fd_sc_hd__and3b_1)
     1    0.002320    0.083451    0.285018    1.700142 ^ _099_/X (sky130_fd_sc_hd__and3b_1)
                                                         _005_ (net)
                      0.083451    0.000022    1.700164 ^ _117_/D (sky130_fd_sc_hd__dfrtp_1)
                                              1.700164   data arrival time

                                  0.000000    0.000000   clock clk (rise edge)
                                  0.000000    0.000000   clock source latency
     1    0.009468    0.077476    0.049724    0.049724 ^ clk (in)
                                                         clk (net)
                      0.077476    0.000000    0.049724 ^ clkbuf_0_clk/A (sky130_fd_sc_hd__clkbuf_16)
     2    0.020238    0.067739    0.225307    0.275031 ^ clkbuf_0_clk/X (sky130_fd_sc_hd__clkbuf_16)
                                                         clknet_0_clk (net)
                      0.067740    0.000244    0.275275 ^ clkbuf_1_0__f_clk/A (sky130_fd_sc_hd__clkbuf_16)
     5    0.014111    0.060087    0.212220    0.487495 ^ clkbuf_1_0__f_clk/X (sky130_fd_sc_hd__clkbuf_16)
                                                         clknet_1_0__leaf_clk (net)
                      0.060087    0.000169    0.487664 ^ _117_/CLK (sky130_fd_sc_hd__dfrtp_1)
                                  0.250000    0.737664   clock uncertainty
                                  0.000000    0.737664   clock reconvergence pessimism
                                 -0.081638    0.656026   library hold time
                                              0.656026   data required time
---------------------------------------------------------------------------------------------
                                              0.656026   data required time
                                             -1.700164   data arrival time
---------------------------------------------------------------------------------------------
                                              1.044138   slack (MET)


Startpoint: _112_ (rising edge-triggered flip-flop clocked by clk)
Endpoint: _113_ (rising edge-triggered flip-flop clocked by clk)
Path Group: clk
Path Type: min

Fanout         Cap        Slew       Delay        Time   Description
---------------------------------------------------------------------------------------------
                                  0.000000    0.000000   clock clk (rise edge)
                                  0.000000    0.000000   clock source latency
     1    0.009468    0.077476    0.049724    0.049724 ^ clk (in)
                                                         clk (net)
                      0.077476    0.000000    0.049724 ^ clkbuf_0_clk/A (sky130_fd_sc_hd__clkbuf_16)
     2    0.020238    0.067739    0.225307    0.275031 ^ clkbuf_0_clk/X (sky130_fd_sc_hd__clkbuf_16)
                                                         clknet_0_clk (net)
                      0.067740    0.000212    0.275243 ^ clkbuf_1_1__f_clk/A (sky130_fd_sc_hd__clkbuf_16)
     5    0.012201    0.057695    0.209503    0.484746 ^ clkbuf_1_1__f_clk/X (sky130_fd_sc_hd__clkbuf_16)
                                                         clknet_1_1__leaf_clk (net)
                      0.057695    0.000091    0.484837 ^ _112_/CLK (sky130_fd_sc_hd__dfrtp_1)
     5    0.012182    0.193149    0.733634    1.218471 ^ _112_/Q (sky130_fd_sc_hd__dfrtp_1)
                                                         psc_cnt[0] (net)
                      0.193149    0.000147    1.218618 ^ _085_/B (sky130_fd_sc_hd__or2_1)
     1    0.002148    0.057722    0.206958    1.425576 ^ _085_/X (sky130_fd_sc_hd__or2_1)
                                                         _044_ (net)
                      0.057722    0.000021    1.425597 ^ _087_/B (sky130_fd_sc_hd__and3_1)
     1    0.002134    0.080443    0.273796    1.699393 ^ _087_/X (sky130_fd_sc_hd__and3_1)
                                                         _001_ (net)
                      0.080443    0.000010    1.699403 ^ _113_/D (sky130_fd_sc_hd__dfrtp_1)
                                              1.699403   data arrival time

                                  0.000000    0.000000   clock clk (rise edge)
                                  0.000000    0.000000   clock source latency
     1    0.009468    0.077476    0.049724    0.049724 ^ clk (in)
                                                         clk (net)
                      0.077476    0.000000    0.049724 ^ clkbuf_0_clk/A (sky130_fd_sc_hd__clkbuf_16)
     2    0.020238    0.067739    0.225307    0.275031 ^ clkbuf_0_clk/X (sky130_fd_sc_hd__clkbuf_16)
                                                         clknet_0_clk (net)
                      0.067740    0.000212    0.275243 ^ clkbuf_1_1__f_clk/A (sky130_fd_sc_hd__clkbuf_16)
     5    0.012201    0.057695    0.209503    0.484746 ^ clkbuf_1_1__f_clk/X (sky130_fd_sc_hd__clkbuf_16)
                                                         clknet_1_1__leaf_clk (net)
                      0.057695    0.000067    0.484812 ^ _113_/CLK (sky130_fd_sc_hd__dfrtp_1)
                                  0.250000    0.734812   clock uncertainty
                                  0.000000    0.734812   clock reconvergence pessimism
                                 -0.081343    0.653469   library hold time
                                              0.653469   data required time
---------------------------------------------------------------------------------------------
                                              0.653469   data required time
                                             -1.699403   data arrival time
---------------------------------------------------------------------------------------------
                                              1.045934   slack (MET)


Startpoint: _118_ (rising edge-triggered flip-flop clocked by clk)
Endpoint: _118_ (rising edge-triggered flip-flop clocked by clk)
Path Group: clk
Path Type: min

Fanout         Cap        Slew       Delay        Time   Description
---------------------------------------------------------------------------------------------
                                  0.000000    0.000000   clock clk (rise edge)
                                  0.000000    0.000000   clock source latency
     1    0.009468    0.077476    0.049724    0.049724 ^ clk (in)
                                                         clk (net)
                      0.077476    0.000000    0.049724 ^ clkbuf_0_clk/A (sky130_fd_sc_hd__clkbuf_16)
     2    0.020238    0.067739    0.225307    0.275031 ^ clkbuf_0_clk/X (sky130_fd_sc_hd__clkbuf_16)
                                                         clknet_0_clk (net)
                      0.067740    0.000244    0.275275 ^ clkbuf_1_0__f_clk/A (sky130_fd_sc_hd__clkbuf_16)
     5    0.014111    0.060087    0.212220    0.487495 ^ clkbuf_1_0__f_clk/X (sky130_fd_sc_hd__clkbuf_16)
                                                         clknet_1_0__leaf_clk (net)
                      0.060087    0.000069    0.487564 ^ _118_/CLK (sky130_fd_sc_hd__dfrtp_1)
     4    0.011347    0.185875    0.726021    1.213585 ^ _118_/Q (sky130_fd_sc_hd__dfrtp_1)
                                                         psc_cnt[6] (net)
                      0.185875    0.000064    1.213649 ^ _101_/A (sky130_fd_sc_hd__or2_1)
     1    0.002132    0.057307    0.207599    1.421248 ^ _101_/X (sky130_fd_sc_hd__or2_1)
                                                         _055_ (net)
                      0.057307    0.000019    1.421268 ^ _102_/C (sky130_fd_sc_hd__and3_1)
     1    0.002919    0.088070    0.299404    1.720672 ^ _102_/X (sky130_fd_sc_hd__and3_1)
                                                         _006_ (net)
                      0.088070    0.000032    1.720703 ^ _118_/D (sky130_fd_sc_hd__dfrtp_1)
                                              1.720703   data arrival time

                                  0.000000    0.000000   clock clk (rise edge)
                                  0.000000    0.000000   clock source latency
     1    0.009468    0.077476    0.049724    0.049724 ^ clk (in)
                                                         clk (net)
                      0.077476    0.000000    0.049724 ^ clkbuf_0_clk/A (sky130_fd_sc_hd__clkbuf_16)
     2    0.020238    0.067739    0.225307    0.275031 ^ clkbuf_0_clk/X (sky130_fd_sc_hd__clkbuf_16)
                                                         clknet_0_clk (net)
                      0.067740    0.000244    0.275275 ^ clkbuf_1_0__f_clk/A (sky130_fd_sc_hd__clkbuf_16)
     5    0.014111    0.060087    0.212220    0.487495 ^ clkbuf_1_0__f_clk/X (sky130_fd_sc_hd__clkbuf_16)
                                                         clknet_1_0__leaf_clk (net)
                      0.060087    0.000069    0.487564 ^ _118_/CLK (sky130_fd_sc_hd__dfrtp_1)
                                  0.250000    0.737564   clock uncertainty
                                  0.000000    0.737564   clock reconvergence pessimism
                                 -0.082692    0.654872   library hold time
                                              0.654872   data required time
---------------------------------------------------------------------------------------------
                                              0.654872   data required time
                                             -1.720703   data arrival time
---------------------------------------------------------------------------------------------
                                              1.065832   slack (MET)


Startpoint: _115_ (rising edge-triggered flip-flop clocked by clk)
Endpoint: _115_ (rising edge-triggered flip-flop clocked by clk)
Path Group: clk
Path Type: min

Fanout         Cap        Slew       Delay        Time   Description
---------------------------------------------------------------------------------------------
                                  0.000000    0.000000   clock clk (rise edge)
                                  0.000000    0.000000   clock source latency
     1    0.009468    0.077476    0.049724    0.049724 ^ clk (in)
                                                         clk (net)
                      0.077476    0.000000    0.049724 ^ clkbuf_0_clk/A (sky130_fd_sc_hd__clkbuf_16)
     2    0.020238    0.067739    0.225307    0.275031 ^ clkbuf_0_clk/X (sky130_fd_sc_hd__clkbuf_16)
                                                         clknet_0_clk (net)
                      0.067740    0.000212    0.275243 ^ clkbuf_1_1__f_clk/A (sky130_fd_sc_hd__clkbuf_16)
     5    0.012201    0.057695    0.209503    0.484746 ^ clkbuf_1_1__f_clk/X (sky130_fd_sc_hd__clkbuf_16)
                                                         clknet_1_1__leaf_clk (net)
                      0.057695    0.000105    0.484850 ^ _115_/CLK (sky130_fd_sc_hd__dfrtp_1)
     5    0.013387    0.205977    0.746393    1.231244 ^ _115_/Q (sky130_fd_sc_hd__dfrtp_1)
                                                         psc_cnt[3] (net)
                      0.205977    0.000175    1.231419 ^ _092_/A (sky130_fd_sc_hd__or2_1)
     1    0.003285    0.071917    0.229274    1.460693 ^ _092_/X (sky130_fd_sc_hd__or2_1)
                                                         _049_ (net)
                      0.071917    0.000045    1.460738 ^ _093_/B (sky130_fd_sc_hd__and3b_1)
     1    0.002211    0.081766    0.287660    1.748398 ^ _093_/X (sky130_fd_sc_hd__and3b_1)
                                                         _003_ (net)
                      0.081766    0.000011    1.748410 ^ _115_/D (sky130_fd_sc_hd__dfrtp_1)
                                              1.748410   data arrival time

                                  0.000000    0.000000   clock clk (rise edge)
                                  0.000000    0.000000   clock source latency
     1    0.009468    0.077476    0.049724    0.049724 ^ clk (in)
                                                         clk (net)
                      0.077476    0.000000    0.049724 ^ clkbuf_0_clk/A (sky130_fd_sc_hd__clkbuf_16)
     2    0.020238    0.067739    0.225307    0.275031 ^ clkbuf_0_clk/X (sky130_fd_sc_hd__clkbuf_16)
                                                         clknet_0_clk (net)
                      0.067740    0.000212    0.275243 ^ clkbuf_1_1__f_clk/A (sky130_fd_sc_hd__clkbuf_16)
     5    0.012201    0.057695    0.209503    0.484746 ^ clkbuf_1_1__f_clk/X (sky130_fd_sc_hd__clkbuf_16)
                                                         clknet_1_1__leaf_clk (net)
                      0.057695    0.000105    0.484850 ^ _115_/CLK (sky130_fd_sc_hd__dfrtp_1)
                                  0.250000    0.734851   clock uncertainty
                                  0.000000    0.734851   clock reconvergence pessimism
                                 -0.081645    0.653205   library hold time
                                              0.653205   data required time
---------------------------------------------------------------------------------------------
                                              0.653205   data required time
                                             -1.748410   data arrival time
---------------------------------------------------------------------------------------------
                                              1.095204   slack (MET)


Startpoint: _116_ (rising edge-triggered flip-flop clocked by clk)
Endpoint: _116_ (rising edge-triggered flip-flop clocked by clk)
Path Group: clk
Path Type: min

Fanout         Cap        Slew       Delay        Time   Description
---------------------------------------------------------------------------------------------
                                  0.000000    0.000000   clock clk (rise edge)
                                  0.000000    0.000000   clock source latency
     1    0.009468    0.077476    0.049724    0.049724 ^ clk (in)
                                                         clk (net)
                      0.077476    0.000000    0.049724 ^ clkbuf_0_clk/A (sky130_fd_sc_hd__clkbuf_16)
     2    0.020238    0.067739    0.225307    0.275031 ^ clkbuf_0_clk/X (sky130_fd_sc_hd__clkbuf_16)
                                                         clknet_0_clk (net)
                      0.067740    0.000244    0.275275 ^ clkbuf_1_0__f_clk/A (sky130_fd_sc_hd__clkbuf_16)
     5    0.014111    0.060087    0.212220    0.487495 ^ clkbuf_1_0__f_clk/X (sky130_fd_sc_hd__clkbuf_16)
                                                         clknet_1_0__leaf_clk (net)
                      0.060087    0.000134    0.487629 ^ _116_/CLK (sky130_fd_sc_hd__dfrtp_1)
     6    0.015099    0.232565    0.764143    1.251771 ^ _116_/Q (sky130_fd_sc_hd__dfrtp_1)
                                                         psc_cnt[4] (net)
                      0.232565    0.000109    1.251880 ^ _095_/A (sky130_fd_sc_hd__or2_1)
     1    0.001859    0.053773    0.224767    1.476647 ^ _095_/X (sky130_fd_sc_hd__or2_1)
                                                         _051_ (net)
                      0.053773    0.000016    1.476662 ^ _096_/B (sky130_fd_sc_hd__and3b_1)
     1    0.002186    0.081679    0.280283    1.756946 ^ _096_/X (sky130_fd_sc_hd__and3b_1)
                                                         _004_ (net)
                      0.081679    0.000010    1.756956 ^ _116_/D (sky130_fd_sc_hd__dfrtp_1)
                                              1.756956   data arrival time

                                  0.000000    0.000000   clock clk (rise edge)
                                  0.000000    0.000000   clock source latency
     1    0.009468    0.077476    0.049724    0.049724 ^ clk (in)
                                                         clk (net)
                      0.077476    0.000000    0.049724 ^ clkbuf_0_clk/A (sky130_fd_sc_hd__clkbuf_16)
     2    0.020238    0.067739    0.225307    0.275031 ^ clkbuf_0_clk/X (sky130_fd_sc_hd__clkbuf_16)
                                                         clknet_0_clk (net)
                      0.067740    0.000244    0.275275 ^ clkbuf_1_0__f_clk/A (sky130_fd_sc_hd__clkbuf_16)
     5    0.014111    0.060087    0.212220    0.487495 ^ clkbuf_1_0__f_clk/X (sky130_fd_sc_hd__clkbuf_16)
                                                         clknet_1_0__leaf_clk (net)
                      0.060087    0.000134    0.487629 ^ _116_/CLK (sky130_fd_sc_hd__dfrtp_1)
                                  0.250000    0.737629   clock uncertainty
                                  0.000000    0.737629   clock reconvergence pessimism
                                 -0.081233    0.656395   library hold time
                                              0.656395   data required time
---------------------------------------------------------------------------------------------
                                              0.656395   data required time
                                             -1.756956   data arrival time
---------------------------------------------------------------------------------------------
                                              1.100560   slack (MET)


Startpoint: rst (input port clocked by clk)
Endpoint: _120_ (removal check against rising-edge clock clk)
Path Group: asynchronous
Path Type: min

Fanout         Cap        Slew       Delay        Time   Description
---------------------------------------------------------------------------------------------
                                  0.000000    0.000000   clock clk (rise edge)
                                  0.000000    0.000000   clock network delay (propagated)
                                  1.000000    1.000000 v input external delay
     1    0.002045    0.015610    0.006841    1.006841 v rst (in)
                                                         rst (net)
                      0.015610    0.000000    1.006841 v hold2/A (sky130_fd_sc_hd__dlygate4sd3_1)
     1    0.002437    0.106000    1.094916    2.101757 v hold2/X (sky130_fd_sc_hd__dlygate4sd3_1)
                                                         net12 (net)
                      0.106000    0.000022    2.101779 v input9/A (sky130_fd_sc_hd__clkbuf_4)
     9    0.047533    0.180903    0.375685    2.477464 v input9/X (sky130_fd_sc_hd__clkbuf_4)
                                                         net9 (net)
                      0.180903    0.000418    2.477882 v _111_/A (sky130_fd_sc_hd__inv_2)
     1    0.003426    0.060315    0.110376    2.588258 ^ _111_/Y (sky130_fd_sc_hd__inv_2)
                                                         _016_ (net)
                      0.060315    0.000023    2.588280 ^ _120_/RESET_B (sky130_fd_sc_hd__dfrtp_1)
                                              2.588280   data arrival time

                                  0.000000    0.000000   clock clk (rise edge)
                                  0.000000    0.000000   clock source latency
     1    0.009468    0.077476    0.049724    0.049724 ^ clk (in)
                                                         clk (net)
                      0.077476    0.000000    0.049724 ^ clkbuf_0_clk/A (sky130_fd_sc_hd__clkbuf_16)
     2    0.020238    0.067739    0.225307    0.275031 ^ clkbuf_0_clk/X (sky130_fd_sc_hd__clkbuf_16)
                                                         clknet_0_clk (net)
                      0.067740    0.000244    0.275275 ^ clkbuf_1_0__f_clk/A (sky130_fd_sc_hd__clkbuf_16)
     5    0.014111    0.060087    0.212220    0.487495 ^ clkbuf_1_0__f_clk/X (sky130_fd_sc_hd__clkbuf_16)
                                                         clknet_1_0__leaf_clk (net)
                      0.060087    0.000070    0.487565 ^ _120_/CLK (sky130_fd_sc_hd__dfrtp_1)
                                  0.250000    0.737565   clock uncertainty
                                  0.000000    0.737565   clock reconvergence pessimism
                                  0.651488    1.389053   library removal time
                                              1.389053   data required time
---------------------------------------------------------------------------------------------
                                              1.389053   data required time
                                             -2.588280   data arrival time
---------------------------------------------------------------------------------------------
                                              1.199227   slack (MET)


Startpoint: rst (input port clocked by clk)
Endpoint: _118_ (removal check against rising-edge clock clk)
Path Group: asynchronous
Path Type: min

Fanout         Cap        Slew       Delay        Time   Description
---------------------------------------------------------------------------------------------
                                  0.000000    0.000000   clock clk (rise edge)
                                  0.000000    0.000000   clock network delay (propagated)
                                  1.000000    1.000000 v input external delay
     1    0.002045    0.015610    0.006841    1.006841 v rst (in)
                                                         rst (net)
                      0.015610    0.000000    1.006841 v hold2/A (sky130_fd_sc_hd__dlygate4sd3_1)
     1    0.002437    0.106000    1.094916    2.101757 v hold2/X (sky130_fd_sc_hd__dlygate4sd3_1)
                                                         net12 (net)
                      0.106000    0.000022    2.101779 v input9/A (sky130_fd_sc_hd__clkbuf_4)
     9    0.047533    0.180903    0.375685    2.477464 v input9/X (sky130_fd_sc_hd__clkbuf_4)
                                                         net9 (net)
                      0.180907    0.001085    2.478549 v _109_/A (sky130_fd_sc_hd__inv_2)
     1    0.003657    0.063794    0.112292    2.590841 ^ _109_/Y (sky130_fd_sc_hd__inv_2)
                                                         _014_ (net)
                      0.063794    0.000013    2.590854 ^ _118_/RESET_B (sky130_fd_sc_hd__dfrtp_1)
                                              2.590854   data arrival time

                                  0.000000    0.000000   clock clk (rise edge)
                                  0.000000    0.000000   clock source latency
     1    0.009468    0.077476    0.049724    0.049724 ^ clk (in)
                                                         clk (net)
                      0.077476    0.000000    0.049724 ^ clkbuf_0_clk/A (sky130_fd_sc_hd__clkbuf_16)
     2    0.020238    0.067739    0.225307    0.275031 ^ clkbuf_0_clk/X (sky130_fd_sc_hd__clkbuf_16)
                                                         clknet_0_clk (net)
                      0.067740    0.000244    0.275275 ^ clkbuf_1_0__f_clk/A (sky130_fd_sc_hd__clkbuf_16)
     5    0.014111    0.060087    0.212220    0.487495 ^ clkbuf_1_0__f_clk/X (sky130_fd_sc_hd__clkbuf_16)
                                                         clknet_1_0__leaf_clk (net)
                      0.060087    0.000069    0.487564 ^ _118_/CLK (sky130_fd_sc_hd__dfrtp_1)
                                  0.250000    0.737564   clock uncertainty
                                  0.000000    0.737564   clock reconvergence pessimism
                                  0.652557    1.390121   library removal time
                                              1.390121   data required time
---------------------------------------------------------------------------------------------
                                              1.390121   data required time
                                             -2.590854   data arrival time
---------------------------------------------------------------------------------------------
                                              1.200733   slack (MET)


Startpoint: rst (input port clocked by clk)
Endpoint: _117_ (removal check against rising-edge clock clk)
Path Group: asynchronous
Path Type: min

Fanout         Cap        Slew       Delay        Time   Description
---------------------------------------------------------------------------------------------
                                  0.000000    0.000000   clock clk (rise edge)
                                  0.000000    0.000000   clock network delay (propagated)
                                  1.000000    1.000000 v input external delay
     1    0.002045    0.015610    0.006841    1.006841 v rst (in)
                                                         rst (net)
                      0.015610    0.000000    1.006841 v hold2/A (sky130_fd_sc_hd__dlygate4sd3_1)
     1    0.002437    0.106000    1.094916    2.101757 v hold2/X (sky130_fd_sc_hd__dlygate4sd3_1)
                                                         net12 (net)
                      0.106000    0.000022    2.101779 v input9/A (sky130_fd_sc_hd__clkbuf_4)
     9    0.047533    0.180903    0.375685    2.477464 v input9/X (sky130_fd_sc_hd__clkbuf_4)
                                                         net9 (net)
                      0.180903    0.000254    2.477718 v _108_/A (sky130_fd_sc_hd__inv_2)
     1    0.003699    0.061833    0.112629    2.590348 ^ _108_/Y (sky130_fd_sc_hd__inv_2)
                                                         _013_ (net)
                      0.061833    0.000029    2.590376 ^ _117_/RESET_B (sky130_fd_sc_hd__dfrtp_1)
                                              2.590376   data arrival time

                                  0.000000    0.000000   clock clk (rise edge)
                                  0.000000    0.000000   clock source latency
     1    0.009468    0.077476    0.049724    0.049724 ^ clk (in)
                                                         clk (net)
                      0.077476    0.000000    0.049724 ^ clkbuf_0_clk/A (sky130_fd_sc_hd__clkbuf_16)
     2    0.020238    0.067739    0.225307    0.275031 ^ clkbuf_0_clk/X (sky130_fd_sc_hd__clkbuf_16)
                                                         clknet_0_clk (net)
                      0.067740    0.000244    0.275275 ^ clkbuf_1_0__f_clk/A (sky130_fd_sc_hd__clkbuf_16)
     5    0.014111    0.060087    0.212220    0.487495 ^ clkbuf_1_0__f_clk/X (sky130_fd_sc_hd__clkbuf_16)
                                                         clknet_1_0__leaf_clk (net)
                      0.060087    0.000169    0.487664 ^ _117_/CLK (sky130_fd_sc_hd__dfrtp_1)
                                  0.250000    0.737664   clock uncertainty
                                  0.000000    0.737664   clock reconvergence pessimism
                                  0.651954    1.389618   library removal time
                                              1.389618   data required time
---------------------------------------------------------------------------------------------
                                              1.389618   data required time
                                             -2.590376   data arrival time
---------------------------------------------------------------------------------------------
                                              1.200758   slack (MET)


Startpoint: rst (input port clocked by clk)
Endpoint: _116_ (removal check against rising-edge clock clk)
Path Group: asynchronous
Path Type: min

Fanout         Cap        Slew       Delay        Time   Description
---------------------------------------------------------------------------------------------
                                  0.000000    0.000000   clock clk (rise edge)
                                  0.000000    0.000000   clock network delay (propagated)
                                  1.000000    1.000000 v input external delay
     1    0.002045    0.015610    0.006841    1.006841 v rst (in)
                                                         rst (net)
                      0.015610    0.000000    1.006841 v hold2/A (sky130_fd_sc_hd__dlygate4sd3_1)
     1    0.002437    0.106000    1.094916    2.101757 v hold2/X (sky130_fd_sc_hd__dlygate4sd3_1)
                                                         net12 (net)
                      0.106000    0.000022    2.101779 v input9/A (sky130_fd_sc_hd__clkbuf_4)
     9    0.047533    0.180903    0.375685    2.477464 v input9/X (sky130_fd_sc_hd__clkbuf_4)
                                                         net9 (net)
                      0.180906    0.000977    2.478441 v _107_/A (sky130_fd_sc_hd__inv_2)
     1    0.003692    0.061793    0.112571    2.591011 ^ _107_/Y (sky130_fd_sc_hd__inv_2)
                                                         _012_ (net)
                      0.061793    0.000028    2.591040 ^ _116_/RESET_B (sky130_fd_sc_hd__dfrtp_1)
                                              2.591040   data arrival time

                                  0.000000    0.000000   clock clk (rise edge)
                                  0.000000    0.000000   clock source latency
     1    0.009468    0.077476    0.049724    0.049724 ^ clk (in)
                                                         clk (net)
                      0.077476    0.000000    0.049724 ^ clkbuf_0_clk/A (sky130_fd_sc_hd__clkbuf_16)
     2    0.020238    0.067739    0.225307    0.275031 ^ clkbuf_0_clk/X (sky130_fd_sc_hd__clkbuf_16)
                                                         clknet_0_clk (net)
                      0.067740    0.000244    0.275275 ^ clkbuf_1_0__f_clk/A (sky130_fd_sc_hd__clkbuf_16)
     5    0.014111    0.060087    0.212220    0.487495 ^ clkbuf_1_0__f_clk/X (sky130_fd_sc_hd__clkbuf_16)
                                                         clknet_1_0__leaf_clk (net)
                      0.060087    0.000134    0.487629 ^ _116_/CLK (sky130_fd_sc_hd__dfrtp_1)
                                  0.250000    0.737629   clock uncertainty
                                  0.000000    0.737629   clock reconvergence pessimism
                                  0.651942    1.389570   library removal time
                                              1.389570   data required time
---------------------------------------------------------------------------------------------
                                              1.389570   data required time
                                             -2.591040   data arrival time
---------------------------------------------------------------------------------------------
                                              1.201469   slack (MET)


Startpoint: rst (input port clocked by clk)
Endpoint: _113_ (removal check against rising-edge clock clk)
Path Group: asynchronous
Path Type: min

Fanout         Cap        Slew       Delay        Time   Description
---------------------------------------------------------------------------------------------
                                  0.000000    0.000000   clock clk (rise edge)
                                  0.000000    0.000000   clock network delay (propagated)
                                  1.000000    1.000000 v input external delay
     1    0.002045    0.015610    0.006841    1.006841 v rst (in)
                                                         rst (net)
                      0.015610    0.000000    1.006841 v hold2/A (sky130_fd_sc_hd__dlygate4sd3_1)
     1    0.002437    0.106000    1.094916    2.101757 v hold2/X (sky130_fd_sc_hd__dlygate4sd3_1)
                                                         net12 (net)
                      0.106000    0.000022    2.101779 v input9/A (sky130_fd_sc_hd__clkbuf_4)
     9    0.047533    0.180903    0.375685    2.477464 v input9/X (sky130_fd_sc_hd__clkbuf_4)
                                                         net9 (net)
                      0.180903    0.000458    2.477922 v _104_/A (sky130_fd_sc_hd__inv_2)
     1    0.003416    0.060265    0.110300    2.588223 ^ _104_/Y (sky130_fd_sc_hd__inv_2)
                                                         _009_ (net)
                      0.060265    0.000022    2.588245 ^ _113_/RESET_B (sky130_fd_sc_hd__dfrtp_1)
                                              2.588245   data arrival time

                                  0.000000    0.000000   clock clk (rise edge)
                                  0.000000    0.000000   clock source latency
     1    0.009468    0.077476    0.049724    0.049724 ^ clk (in)
                                                         clk (net)
                      0.077476    0.000000    0.049724 ^ clkbuf_0_clk/A (sky130_fd_sc_hd__clkbuf_16)
     2    0.020238    0.067739    0.225307    0.275031 ^ clkbuf_0_clk/X (sky130_fd_sc_hd__clkbuf_16)
                                                         clknet_0_clk (net)
                      0.067740    0.000212    0.275243 ^ clkbuf_1_1__f_clk/A (sky130_fd_sc_hd__clkbuf_16)
     5    0.012201    0.057695    0.209503    0.484746 ^ clkbuf_1_1__f_clk/X (sky130_fd_sc_hd__clkbuf_16)
                                                         clknet_1_1__leaf_clk (net)
                      0.057695    0.000067    0.484812 ^ _113_/CLK (sky130_fd_sc_hd__dfrtp_1)
                                  0.250000    0.734812   clock uncertainty
                                  0.000000    0.734812   clock reconvergence pessimism
                                  0.650751    1.385563   library removal time
                                              1.385563   data required time
---------------------------------------------------------------------------------------------
                                              1.385563   data required time
                                             -2.588245   data arrival time
---------------------------------------------------------------------------------------------
                                              1.202682   slack (MET)


Startpoint: rst (input port clocked by clk)
Endpoint: _119_ (removal check against rising-edge clock clk)
Path Group: asynchronous
Path Type: min

Fanout         Cap        Slew       Delay        Time   Description
---------------------------------------------------------------------------------------------
                                  0.000000    0.000000   clock clk (rise edge)
                                  0.000000    0.000000   clock network delay (propagated)
                                  1.000000    1.000000 v input external delay
     1    0.002045    0.015610    0.006841    1.006841 v rst (in)
                                                         rst (net)
                      0.015610    0.000000    1.006841 v hold2/A (sky130_fd_sc_hd__dlygate4sd3_1)
     1    0.002437    0.106000    1.094916    2.101757 v hold2/X (sky130_fd_sc_hd__dlygate4sd3_1)
                                                         net12 (net)
                      0.106000    0.000022    2.101779 v input9/A (sky130_fd_sc_hd__clkbuf_4)
     9    0.047533    0.180903    0.375685    2.477464 v input9/X (sky130_fd_sc_hd__clkbuf_4)
                                                         net9 (net)
                      0.180907    0.001076    2.478540 v _110_/A (sky130_fd_sc_hd__inv_2)
     1    0.003866    0.062801    0.113997    2.592537 ^ _110_/Y (sky130_fd_sc_hd__inv_2)
                                                         _015_ (net)
                      0.062801    0.000033    2.592570 ^ _119_/RESET_B (sky130_fd_sc_hd__dfrtp_1)
                                              2.592570   data arrival time

                                  0.000000    0.000000   clock clk (rise edge)
                                  0.000000    0.000000   clock source latency
     1    0.009468    0.077476    0.049724    0.049724 ^ clk (in)
                                                         clk (net)
                      0.077476    0.000000    0.049724 ^ clkbuf_0_clk/A (sky130_fd_sc_hd__clkbuf_16)
     2    0.020238    0.067739    0.225307    0.275031 ^ clkbuf_0_clk/X (sky130_fd_sc_hd__clkbuf_16)
                                                         clknet_0_clk (net)
                      0.067740    0.000244    0.275275 ^ clkbuf_1_0__f_clk/A (sky130_fd_sc_hd__clkbuf_16)
     5    0.014111    0.060087    0.212220    0.487495 ^ clkbuf_1_0__f_clk/X (sky130_fd_sc_hd__clkbuf_16)
                                                         clknet_1_0__leaf_clk (net)
                      0.060087    0.000096    0.487591 ^ _119_/CLK (sky130_fd_sc_hd__dfrtp_1)
                                  0.250000    0.737591   clock uncertainty
                                  0.000000    0.737591   clock reconvergence pessimism
                                  0.652252    1.389843   library removal time
                                              1.389843   data required time
---------------------------------------------------------------------------------------------
                                              1.389843   data required time
                                             -2.592570   data arrival time
---------------------------------------------------------------------------------------------
                                              1.202727   slack (MET)


Startpoint: rst (input port clocked by clk)
Endpoint: _114_ (removal check against rising-edge clock clk)
Path Group: asynchronous
Path Type: min

Fanout         Cap        Slew       Delay        Time   Description
---------------------------------------------------------------------------------------------
                                  0.000000    0.000000   clock clk (rise edge)
                                  0.000000    0.000000   clock network delay (propagated)
                                  1.000000    1.000000 v input external delay
     1    0.002045    0.015610    0.006841    1.006841 v rst (in)
                                                         rst (net)
                      0.015610    0.000000    1.006841 v hold2/A (sky130_fd_sc_hd__dlygate4sd3_1)
     1    0.002437    0.106000    1.094916    2.101757 v hold2/X (sky130_fd_sc_hd__dlygate4sd3_1)
                                                         net12 (net)
                      0.106000    0.000022    2.101779 v input9/A (sky130_fd_sc_hd__clkbuf_4)
     9    0.047533    0.180903    0.375685    2.477464 v input9/X (sky130_fd_sc_hd__clkbuf_4)
                                                         net9 (net)
                      0.180905    0.000886    2.478350 v _105_/A (sky130_fd_sc_hd__inv_2)
     1    0.003505    0.060743    0.111031    2.589381 ^ _105_/Y (sky130_fd_sc_hd__inv_2)
                                                         _010_ (net)
                      0.060743    0.000025    2.589406 ^ _114_/RESET_B (sky130_fd_sc_hd__dfrtp_1)
                                              2.589406   data arrival time

                                  0.000000    0.000000   clock clk (rise edge)
                                  0.000000    0.000000   clock source latency
     1    0.009468    0.077476    0.049724    0.049724 ^ clk (in)
                                                         clk (net)
                      0.077476    0.000000    0.049724 ^ clkbuf_0_clk/A (sky130_fd_sc_hd__clkbuf_16)
     2    0.020238    0.067739    0.225307    0.275031 ^ clkbuf_0_clk/X (sky130_fd_sc_hd__clkbuf_16)
                                                         clknet_0_clk (net)
                      0.067740    0.000212    0.275243 ^ clkbuf_1_1__f_clk/A (sky130_fd_sc_hd__clkbuf_16)
     5    0.012201    0.057695    0.209503    0.484746 ^ clkbuf_1_1__f_clk/X (sky130_fd_sc_hd__clkbuf_16)
                                                         clknet_1_1__leaf_clk (net)
                      0.057695    0.000071    0.484817 ^ _114_/CLK (sky130_fd_sc_hd__dfrtp_1)
                                  0.250000    0.734817   clock uncertainty
                                  0.000000    0.734817   clock reconvergence pessimism
                                  0.650898    1.385714   library removal time
                                              1.385714   data required time
---------------------------------------------------------------------------------------------
                                              1.385714   data required time
                                             -2.589406   data arrival time
---------------------------------------------------------------------------------------------
                                              1.203692   slack (MET)


Startpoint: rst (input port clocked by clk)
Endpoint: _115_ (removal check against rising-edge clock clk)
Path Group: asynchronous
Path Type: min

Fanout         Cap        Slew       Delay        Time   Description
---------------------------------------------------------------------------------------------
                                  0.000000    0.000000   clock clk (rise edge)
                                  0.000000    0.000000   clock network delay (propagated)
                                  1.000000    1.000000 v input external delay
     1    0.002045    0.015610    0.006841    1.006841 v rst (in)
                                                         rst (net)
                      0.015610    0.000000    1.006841 v hold2/A (sky130_fd_sc_hd__dlygate4sd3_1)
     1    0.002437    0.106000    1.094916    2.101757 v hold2/X (sky130_fd_sc_hd__dlygate4sd3_1)
                                                         net12 (net)
                      0.106000    0.000022    2.101779 v input9/A (sky130_fd_sc_hd__clkbuf_4)
     9    0.047533    0.180903    0.375685    2.477464 v input9/X (sky130_fd_sc_hd__clkbuf_4)
                                                         net9 (net)
                      0.180904    0.000799    2.478263 v _106_/A (sky130_fd_sc_hd__inv_2)
     1    0.003524    0.060849    0.111189    2.589451 ^ _106_/Y (sky130_fd_sc_hd__inv_2)
                                                         _011_ (net)
                      0.060849    0.000025    2.589476 ^ _115_/RESET_B (sky130_fd_sc_hd__dfrtp_1)
                                              2.589476   data arrival time

                                  0.000000    0.000000   clock clk (rise edge)
                                  0.000000    0.000000   clock source latency
     1    0.009468    0.077476    0.049724    0.049724 ^ clk (in)
                                                         clk (net)
                      0.077476    0.000000    0.049724 ^ clkbuf_0_clk/A (sky130_fd_sc_hd__clkbuf_16)
     2    0.020238    0.067739    0.225307    0.275031 ^ clkbuf_0_clk/X (sky130_fd_sc_hd__clkbuf_16)
                                                         clknet_0_clk (net)
                      0.067740    0.000212    0.275243 ^ clkbuf_1_1__f_clk/A (sky130_fd_sc_hd__clkbuf_16)
     5    0.012201    0.057695    0.209503    0.484746 ^ clkbuf_1_1__f_clk/X (sky130_fd_sc_hd__clkbuf_16)
                                                         clknet_1_1__leaf_clk (net)
                      0.057695    0.000105    0.484850 ^ _115_/CLK (sky130_fd_sc_hd__dfrtp_1)
                                  0.250000    0.734851   clock uncertainty
                                  0.000000    0.734851   clock reconvergence pessimism
                                  0.650930    1.385781   library removal time
                                              1.385781   data required time
---------------------------------------------------------------------------------------------
                                              1.385781   data required time
                                             -2.589476   data arrival time
---------------------------------------------------------------------------------------------
                                              1.203695   slack (MET)


Startpoint: rst (input port clocked by clk)
Endpoint: _112_ (removal check against rising-edge clock clk)
Path Group: asynchronous
Path Type: min

Fanout         Cap        Slew       Delay        Time   Description
---------------------------------------------------------------------------------------------
                                  0.000000    0.000000   clock clk (rise edge)
                                  0.000000    0.000000   clock network delay (propagated)
                                  1.000000    1.000000 v input external delay
     1    0.002045    0.015610    0.006841    1.006841 v rst (in)
                                                         rst (net)
                      0.015610    0.000000    1.006841 v hold2/A (sky130_fd_sc_hd__dlygate4sd3_1)
     1    0.002437    0.106000    1.094916    2.101757 v hold2/X (sky130_fd_sc_hd__dlygate4sd3_1)
                                                         net12 (net)
                      0.106000    0.000022    2.101779 v input9/A (sky130_fd_sc_hd__clkbuf_4)
     9    0.047533    0.180903    0.375685    2.477464 v input9/X (sky130_fd_sc_hd__clkbuf_4)
                                                         net9 (net)
                      0.180903    0.000235    2.477699 v _060_/A (sky130_fd_sc_hd__inv_2)
     1    0.003712    0.061903    0.112728    2.590427 ^ _060_/Y (sky130_fd_sc_hd__inv_2)
                                                         _008_ (net)
                      0.061903    0.000031    2.590458 ^ _112_/RESET_B (sky130_fd_sc_hd__dfrtp_1)
                                              2.590458   data arrival time

                                  0.000000    0.000000   clock clk (rise edge)
                                  0.000000    0.000000   clock source latency
     1    0.009468    0.077476    0.049724    0.049724 ^ clk (in)
                                                         clk (net)
                      0.077476    0.000000    0.049724 ^ clkbuf_0_clk/A (sky130_fd_sc_hd__clkbuf_16)
     2    0.020238    0.067739    0.225307    0.275031 ^ clkbuf_0_clk/X (sky130_fd_sc_hd__clkbuf_16)
                                                         clknet_0_clk (net)
                      0.067740    0.000212    0.275243 ^ clkbuf_1_1__f_clk/A (sky130_fd_sc_hd__clkbuf_16)
     5    0.012201    0.057695    0.209503    0.484746 ^ clkbuf_1_1__f_clk/X (sky130_fd_sc_hd__clkbuf_16)
                                                         clknet_1_1__leaf_clk (net)
                      0.057695    0.000091    0.484837 ^ _112_/CLK (sky130_fd_sc_hd__dfrtp_1)
                                  0.250000    0.734837   clock uncertainty
                                  0.000000    0.734837   clock reconvergence pessimism
                                  0.651254    1.386091   library removal time
                                              1.386091   data required time
---------------------------------------------------------------------------------------------
                                              1.386091   data required time
                                             -2.590458   data arrival time
---------------------------------------------------------------------------------------------
                                              1.204368   slack (MET)


Startpoint: psc[5] (input port clocked by clk)
Endpoint: _120_ (rising edge-triggered flip-flop clocked by clk)
Path Group: clk
Path Type: min

Fanout         Cap        Slew       Delay        Time   Description
---------------------------------------------------------------------------------------------
                                  0.000000    0.000000   clock clk (rise edge)
                                  0.000000    0.000000   clock network delay (propagated)
                                  1.000000    1.000000 v input external delay
     1    0.002516    0.017386    0.008320    1.008320 v psc[5] (in)
                                                         psc[5] (net)
                      0.017386    0.000000    1.008320 v input6/A (sky130_fd_sc_hd__clkbuf_1)
     3    0.006734    0.090504    0.170883    1.179203 v input6/X (sky130_fd_sc_hd__clkbuf_1)
                                                         net6 (net)
                      0.090504    0.000059    1.179262 v _078_/A (sky130_fd_sc_hd__nand2_1)
     2    0.005917    0.103284    0.130194    1.309456 ^ _078_/Y (sky130_fd_sc_hd__nand2_1)
                                                         _039_ (net)
                      0.103284    0.000060    1.309516 ^ _081_/A3 (sky130_fd_sc_hd__a31o_1)
     1    0.009615    0.164925    0.388623    1.698139 ^ _081_/X (sky130_fd_sc_hd__a31o_1)
                                                         _042_ (net)
                      0.164925    0.000100    1.698239 ^ _082_/B1 (sky130_fd_sc_hd__a21oi_4)
     9    0.027001    0.086294    0.130256    1.828496 v _082_/Y (sky130_fd_sc_hd__a21oi_4)
                                                         _043_ (net)
                      0.086300    0.000779    1.829275 v _083_/B (sky130_fd_sc_hd__xnor2_1)
     1    0.002042    0.066011    0.198041    2.027315 ^ _083_/Y (sky130_fd_sc_hd__xnor2_1)
                                                         _017_ (net)
                      0.066011    0.000017    2.027332 ^ _120_/D (sky130_fd_sc_hd__dfrtp_1)
                                              2.027332   data arrival time

                                  0.000000    0.000000   clock clk (rise edge)
                                  0.000000    0.000000   clock source latency
     1    0.009468    0.077476    0.049724    0.049724 ^ clk (in)
                                                         clk (net)
                      0.077476    0.000000    0.049724 ^ clkbuf_0_clk/A (sky130_fd_sc_hd__clkbuf_16)
     2    0.020238    0.067739    0.225307    0.275031 ^ clkbuf_0_clk/X (sky130_fd_sc_hd__clkbuf_16)
                                                         clknet_0_clk (net)
                      0.067740    0.000244    0.275275 ^ clkbuf_1_0__f_clk/A (sky130_fd_sc_hd__clkbuf_16)
     5    0.014111    0.060087    0.212220    0.487495 ^ clkbuf_1_0__f_clk/X (sky130_fd_sc_hd__clkbuf_16)
                                                         clknet_1_0__leaf_clk (net)
                      0.060087    0.000070    0.487565 ^ _120_/CLK (sky130_fd_sc_hd__dfrtp_1)
                                  0.250000    0.737565   clock uncertainty
                                  0.000000    0.737565   clock reconvergence pessimism
                                 -0.077656    0.659909   library hold time
                                              0.659909   data required time
---------------------------------------------------------------------------------------------
                                              0.659909   data required time
                                             -2.027332   data arrival time
---------------------------------------------------------------------------------------------
                                              1.367423   slack (MET)


Startpoint: _120_ (rising edge-triggered flip-flop clocked by clk)
Endpoint: out (output port clocked by clk)
Path Group: clk
Path Type: min

Fanout         Cap        Slew       Delay        Time   Description
---------------------------------------------------------------------------------------------
                                  0.000000    0.000000   clock clk (rise edge)
                                  0.000000    0.000000   clock source latency
     1    0.009468    0.077476    0.049724    0.049724 ^ clk (in)
                                                         clk (net)
                      0.077476    0.000000    0.049724 ^ clkbuf_0_clk/A (sky130_fd_sc_hd__clkbuf_16)
     2    0.020238    0.067739    0.225307    0.275031 ^ clkbuf_0_clk/X (sky130_fd_sc_hd__clkbuf_16)
                                                         clknet_0_clk (net)
                      0.067740    0.000244    0.275275 ^ clkbuf_1_0__f_clk/A (sky130_fd_sc_hd__clkbuf_16)
     5    0.014111    0.060087    0.212220    0.487495 ^ clkbuf_1_0__f_clk/X (sky130_fd_sc_hd__clkbuf_16)
                                                         clknet_1_0__leaf_clk (net)
                      0.060087    0.000070    0.487565 ^ _120_/CLK (sky130_fd_sc_hd__dfrtp_1)
     2    0.004379    0.101002    0.651883    1.139448 ^ _120_/Q (sky130_fd_sc_hd__dfrtp_1)
                                                         net10 (net)
                      0.101002    0.000031    1.139479 ^ output10/A (sky130_fd_sc_hd__buf_2)
     1    0.034151    0.271239    0.357614    1.497092 ^ output10/X (sky130_fd_sc_hd__buf_2)
                                                         out (net)
                      0.271239    0.000252    1.497345 ^ out (out)
                                              1.497345   data arrival time

                                  0.000000    0.000000   clock clk (rise edge)
                                  0.000000    0.000000   clock network delay (propagated)
                                  0.250000    0.250000   clock uncertainty
                                  0.000000    0.250000   clock reconvergence pessimism
                                 -1.000000   -0.750000   output external delay
                                             -0.750000   data required time
---------------------------------------------------------------------------------------------
                                             -0.750000   data required time
                                             -1.497345   data arrival time
---------------------------------------------------------------------------------------------
                                              2.247344   slack (MET)



