
===========================================================================
report_checks -unconstrained
===========================================================================
======================= min_tt_025C_1v80 Corner ===================================

Startpoint: rst (input port clocked by clk)
Endpoint: _800_ (recovery check against rising-edge clock clk)
Path Group: asynchronous
Path Type: max

Fanout         Cap        Slew       Delay        Time   Description
---------------------------------------------------------------------------------------------
                                  0.000000    0.000000   clock clk (rise edge)
                                  0.000000    0.000000   clock network delay (propagated)
                                  1.000000    1.000000 v input external delay
     1    0.002172    0.007185    0.003359    1.003359 v rst (in)
                                                         rst (net)
                      0.007185    0.000000    1.003359 v input33/A (sky130_fd_sc_hd__dlymetal6s2s_1)
     4    0.020329    0.111137    0.186112    1.189471 v input33/X (sky130_fd_sc_hd__dlymetal6s2s_1)
                                                         net33 (net)
                      0.111140    0.000788    1.190259 v fanout43/A (sky130_fd_sc_hd__clkbuf_4)
     8    0.047039    0.102252    0.232045    1.422305 v fanout43/X (sky130_fd_sc_hd__clkbuf_4)
                                                         net43 (net)
                      0.102253    0.000481    1.422785 v _767_/A (sky130_fd_sc_hd__inv_2)
     1    0.004254    0.039265    0.066970    1.489756 ^ _767_/Y (sky130_fd_sc_hd__inv_2)
                                                         _061_ (net)
                      0.039265    0.000039    1.489794 ^ _800_/RESET_B (sky130_fd_sc_hd__dfrtp_2)
                                              1.489794   data arrival time

                                  5.000000    5.000000   clock clk (rise edge)
                                  0.000000    5.000000   clock source latency
     1    0.015944    0.077624    0.053025    5.053025 ^ clk (in)
                                                         clk (net)
                      0.077627    0.000000    5.053025 ^ clkbuf_0_clk/A (sky130_fd_sc_hd__clkbuf_16)
     4    0.037941    0.057972    0.152307    5.205332 ^ clkbuf_0_clk/X (sky130_fd_sc_hd__clkbuf_16)
                                                         clknet_0_clk (net)
                      0.057974    0.000360    5.205692 ^ clkbuf_2_3__f_clk/A (sky130_fd_sc_hd__clkbuf_16)
    10    0.029531    0.050673    0.138917    5.344609 ^ clkbuf_2_3__f_clk/X (sky130_fd_sc_hd__clkbuf_16)
                                                         clknet_2_3__leaf_clk (net)
                      0.050673    0.000197    5.344806 ^ _800_/CLK (sky130_fd_sc_hd__dfrtp_2)
                                 -0.250000    5.094806   clock uncertainty
                                  0.000000    5.094806   clock reconvergence pessimism
                                  0.222635    5.317441   library recovery time
                                              5.317441   data required time
---------------------------------------------------------------------------------------------
                                              5.317441   data required time
                                             -1.489794   data arrival time
---------------------------------------------------------------------------------------------
                                              3.827646   slack (MET)


Startpoint: psc[0] (input port clocked by clk)
Endpoint: _796_ (rising edge-triggered flip-flop clocked by clk)
Path Group: clk
Path Type: max

Fanout         Cap        Slew       Delay        Time   Description
---------------------------------------------------------------------------------------------
                                  0.000000    0.000000   clock clk (rise edge)
                                  0.000000    0.000000   clock network delay (propagated)
                                  1.000000    1.000000 v input external delay
     1    0.005917    0.015603    0.009586    1.009586 v psc[0] (in)
                                                         psc[0] (net)
                      0.015604    0.000000    1.009586 v input1/A (sky130_fd_sc_hd__buf_6)
     4    0.013872    0.028479    0.106549    1.116135 v input1/X (sky130_fd_sc_hd__buf_6)
                                                         net1 (net)
                      0.028488    0.000485    1.116620 v _418_/A (sky130_fd_sc_hd__or4_4)
     4    0.011638    0.097363    0.545525    1.662145 v _418_/X (sky130_fd_sc_hd__or4_4)
                                                         _097_ (net)
                      0.097363    0.000237    1.662382 v _420_/C (sky130_fd_sc_hd__or4_4)
     6    0.017025    0.109101    0.534964    2.197345 v _420_/X (sky130_fd_sc_hd__or4_4)
                                                         _099_ (net)
                      0.109101    0.000340    2.197685 v _424_/D (sky130_fd_sc_hd__or4_4)
     7    0.023023    0.116452    0.486566    2.684251 v _424_/X (sky130_fd_sc_hd__or4_4)
                                                         _103_ (net)
                      0.116452    0.000875    2.685126 v rebuffer3/A (sky130_fd_sc_hd__buf_2)
     1    0.008362    0.035562    0.161504    2.846629 v rebuffer3/X (sky130_fd_sc_hd__buf_2)
                                                         net46 (net)
                      0.035562    0.000054    2.846683 v _427_/C (sky130_fd_sc_hd__nor4_4)
     5    0.020081    0.365497    0.342038    3.188721 ^ _427_/Y (sky130_fd_sc_hd__nor4_4)
                                                         _106_ (net)
                      0.365497    0.000291    3.189013 ^ _473_/C (sky130_fd_sc_hd__and3b_1)
     2    0.011759    0.129769    0.274437    3.463450 ^ _473_/X (sky130_fd_sc_hd__and3b_1)
                                                         _152_ (net)
                      0.129769    0.000111    3.463561 ^ _488_/B (sky130_fd_sc_hd__xnor2_2)
     4    0.011858    0.076551    0.100129    3.563690 v _488_/Y (sky130_fd_sc_hd__xnor2_2)
                                                         _167_ (net)
                      0.076551    0.000160    3.563851 v _559_/A2 (sky130_fd_sc_hd__a221o_1)
     1    0.002673    0.052493    0.347746    3.911597 v _559_/X (sky130_fd_sc_hd__a221o_1)
                                                         _238_ (net)
                      0.052493    0.000013    3.911609 v _560_/C (sky130_fd_sc_hd__or4b_4)
     1    0.004957    0.085093    0.479486    4.391096 v _560_/X (sky130_fd_sc_hd__or4b_4)
                                                         _239_ (net)
                      0.085093    0.000100    4.391195 v _561_/D (sky130_fd_sc_hd__or4_4)
     1    0.006271    0.087389    0.428602    4.819798 v _561_/X (sky130_fd_sc_hd__or4_4)
                                                         _240_ (net)
                      0.087389    0.000153    4.819951 v _562_/D (sky130_fd_sc_hd__or4_4)
     1    0.004618    0.083729    0.422616    5.242567 v _562_/X (sky130_fd_sc_hd__or4_4)
                                                         _241_ (net)
                      0.083729    0.000040    5.242607 v _564_/C1 (sky130_fd_sc_hd__o211a_4)
     5    0.032570    0.073486    0.191398    5.434004 v _564_/X (sky130_fd_sc_hd__o211a_4)
                                                         _243_ (net)
                      0.073493    0.000765    5.434769 v clone11/A (sky130_fd_sc_hd__clkbuf_2)
     5    0.018060    0.074986    0.156630    5.591400 v clone11/X (sky130_fd_sc_hd__clkbuf_2)
                                                         net54 (net)
                      0.074986    0.000143    5.591542 v _635_/B (sky130_fd_sc_hd__and3b_1)
     1    0.002586    0.035913    0.168640    5.760182 v _635_/X (sky130_fd_sc_hd__and3b_1)
                                                         _015_ (net)
                      0.035913    0.000016    5.760198 v _796_/D (sky130_fd_sc_hd__dfrtp_1)
                                              5.760198   data arrival time

                                  5.000000    5.000000   clock clk (rise edge)
                                  0.000000    5.000000   clock source latency
     1    0.015944    0.077624    0.053025    5.053025 ^ clk (in)
                                                         clk (net)
                      0.077627    0.000000    5.053025 ^ clkbuf_0_clk/A (sky130_fd_sc_hd__clkbuf_16)
     4    0.037941    0.057972    0.152307    5.205332 ^ clkbuf_0_clk/X (sky130_fd_sc_hd__clkbuf_16)
                                                         clknet_0_clk (net)
                      0.057974    0.000360    5.205692 ^ clkbuf_2_3__f_clk/A (sky130_fd_sc_hd__clkbuf_16)
    10    0.029531    0.050673    0.138917    5.344609 ^ clkbuf_2_3__f_clk/X (sky130_fd_sc_hd__clkbuf_16)
                                                         clknet_2_3__leaf_clk (net)
                      0.050673    0.000177    5.344786 ^ _796_/CLK (sky130_fd_sc_hd__dfrtp_1)
                                 -0.250000    5.094786   clock uncertainty
                                  0.000000    5.094786   clock reconvergence pessimism
                                 -0.109012    4.985774   library setup time
                                              4.985774   data required time
---------------------------------------------------------------------------------------------
                                              4.985774   data required time
                                             -5.760198   data arrival time
---------------------------------------------------------------------------------------------
                                             -0.774424   slack (VIOLATED)




===========================================================================
report_checks --slack_max -0.01
============================================================================
======================= min_tt_025C_1v80 Corner ===================================

Startpoint: psc[0] (input port clocked by clk)
Endpoint: _796_ (rising edge-triggered flip-flop clocked by clk)
Path Group: clk
Path Type: max

Fanout         Cap        Slew       Delay        Time   Description
---------------------------------------------------------------------------------------------
                                  0.000000    0.000000   clock clk (rise edge)
                                  0.000000    0.000000   clock network delay (propagated)
                                  1.000000    1.000000 v input external delay
     1    0.005917    0.015603    0.009586    1.009586 v psc[0] (in)
                                                         psc[0] (net)
                      0.015604    0.000000    1.009586 v input1/A (sky130_fd_sc_hd__buf_6)
     4    0.013872    0.028479    0.106549    1.116135 v input1/X (sky130_fd_sc_hd__buf_6)
                                                         net1 (net)
                      0.028488    0.000485    1.116620 v _418_/A (sky130_fd_sc_hd__or4_4)
     4    0.011638    0.097363    0.545525    1.662145 v _418_/X (sky130_fd_sc_hd__or4_4)
                                                         _097_ (net)
                      0.097363    0.000237    1.662382 v _420_/C (sky130_fd_sc_hd__or4_4)
     6    0.017025    0.109101    0.534964    2.197345 v _420_/X (sky130_fd_sc_hd__or4_4)
                                                         _099_ (net)
                      0.109101    0.000340    2.197685 v _424_/D (sky130_fd_sc_hd__or4_4)
     7    0.023023    0.116452    0.486566    2.684251 v _424_/X (sky130_fd_sc_hd__or4_4)
                                                         _103_ (net)
                      0.116452    0.000875    2.685126 v rebuffer3/A (sky130_fd_sc_hd__buf_2)
     1    0.008362    0.035562    0.161504    2.846629 v rebuffer3/X (sky130_fd_sc_hd__buf_2)
                                                         net46 (net)
                      0.035562    0.000054    2.846683 v _427_/C (sky130_fd_sc_hd__nor4_4)
     5    0.020081    0.365497    0.342038    3.188721 ^ _427_/Y (sky130_fd_sc_hd__nor4_4)
                                                         _106_ (net)
                      0.365497    0.000291    3.189013 ^ _473_/C (sky130_fd_sc_hd__and3b_1)
     2    0.011759    0.129769    0.274437    3.463450 ^ _473_/X (sky130_fd_sc_hd__and3b_1)
                                                         _152_ (net)
                      0.129769    0.000111    3.463561 ^ _488_/B (sky130_fd_sc_hd__xnor2_2)
     4    0.011858    0.076551    0.100129    3.563690 v _488_/Y (sky130_fd_sc_hd__xnor2_2)
                                                         _167_ (net)
                      0.076551    0.000160    3.563851 v _559_/A2 (sky130_fd_sc_hd__a221o_1)
     1    0.002673    0.052493    0.347746    3.911597 v _559_/X (sky130_fd_sc_hd__a221o_1)
                                                         _238_ (net)
                      0.052493    0.000013    3.911609 v _560_/C (sky130_fd_sc_hd__or4b_4)
     1    0.004957    0.085093    0.479486    4.391096 v _560_/X (sky130_fd_sc_hd__or4b_4)
                                                         _239_ (net)
                      0.085093    0.000100    4.391195 v _561_/D (sky130_fd_sc_hd__or4_4)
     1    0.006271    0.087389    0.428602    4.819798 v _561_/X (sky130_fd_sc_hd__or4_4)
                                                         _240_ (net)
                      0.087389    0.000153    4.819951 v _562_/D (sky130_fd_sc_hd__or4_4)
     1    0.004618    0.083729    0.422616    5.242567 v _562_/X (sky130_fd_sc_hd__or4_4)
                                                         _241_ (net)
                      0.083729    0.000040    5.242607 v _564_/C1 (sky130_fd_sc_hd__o211a_4)
     5    0.032570    0.073486    0.191398    5.434004 v _564_/X (sky130_fd_sc_hd__o211a_4)
                                                         _243_ (net)
                      0.073493    0.000765    5.434769 v clone11/A (sky130_fd_sc_hd__clkbuf_2)
     5    0.018060    0.074986    0.156630    5.591400 v clone11/X (sky130_fd_sc_hd__clkbuf_2)
                                                         net54 (net)
                      0.074986    0.000143    5.591542 v _635_/B (sky130_fd_sc_hd__and3b_1)
     1    0.002586    0.035913    0.168640    5.760182 v _635_/X (sky130_fd_sc_hd__and3b_1)
                                                         _015_ (net)
                      0.035913    0.000016    5.760198 v _796_/D (sky130_fd_sc_hd__dfrtp_1)
                                              5.760198   data arrival time

                                  5.000000    5.000000   clock clk (rise edge)
                                  0.000000    5.000000   clock source latency
     1    0.015944    0.077624    0.053025    5.053025 ^ clk (in)
                                                         clk (net)
                      0.077627    0.000000    5.053025 ^ clkbuf_0_clk/A (sky130_fd_sc_hd__clkbuf_16)
     4    0.037941    0.057972    0.152307    5.205332 ^ clkbuf_0_clk/X (sky130_fd_sc_hd__clkbuf_16)
                                                         clknet_0_clk (net)
                      0.057974    0.000360    5.205692 ^ clkbuf_2_3__f_clk/A (sky130_fd_sc_hd__clkbuf_16)
    10    0.029531    0.050673    0.138917    5.344609 ^ clkbuf_2_3__f_clk/X (sky130_fd_sc_hd__clkbuf_16)
                                                         clknet_2_3__leaf_clk (net)
                      0.050673    0.000177    5.344786 ^ _796_/CLK (sky130_fd_sc_hd__dfrtp_1)
                                 -0.250000    5.094786   clock uncertainty
                                  0.000000    5.094786   clock reconvergence pessimism
                                 -0.109012    4.985774   library setup time
                                              4.985774   data required time
---------------------------------------------------------------------------------------------
                                              4.985774   data required time
                                             -5.760198   data arrival time
---------------------------------------------------------------------------------------------
                                             -0.774424   slack (VIOLATED)




===========================================================================
 report_check_types -max_slew -max_cap -max_fanout -violators
============================================================================
======================= min_tt_025C_1v80 Corner ===================================



===========================================================================
report_parasitic_annotation -report_unannotated
============================================================================
Found 3 unannotated drivers.
 clkload0/Y
 clkload1/X
 clkload2/X
Found 0 partially unannotated drivers.

===========================================================================
max slew violation count 0
max fanout violation count 0
max cap violation count 0
============================================================================

===========================================================================
check_setup -verbose -unconstrained_endpoints -multiple_clock -no_clock -no_input_delay -loops -generated_clocks
===========================================================================
