                                                                       Cells by Function                                                                        
┏━━━━━━━━━━━━━━━━━━━━━━━━━━━━━━━━━━━━━━━━━━━━━━━━━━━━━━━━━━━━━━━━━━━━━━━━━━━━━━━━━━━━━━━━━━━━━━━━━━━━━━━━━━━━━━━━━━━━━━━━━━━━━━━━━┳━━━━━━━━━━━━━━━━━━━━━━━━━━━━┓
┃ Cell Function                                                                                                                   ┃ Count                      ┃
┡━━━━━━━━━━━━━━━━━━━━━━━━━━━━━━━━━━━━━━━━━━━━━━━━━━━━━━━━━━━━━━━━━━━━━━━━━━━━━━━━━━━━━━━━━━━━━━━━━━━━━━━━━━━━━━━━━━━━━━━━━━━━━━━━━╇━━━━━━━━━━━━━━━━━━━━━━━━━━━━┩
│ sky130_ef_sc_hd__decap                                                                                                          │ 16                         │
│ sky130_fd_sc_hd__a21o                                                                                                           │ 1                          │
│ sky130_fd_sc_hd__a21oi                                                                                                          │ 3                          │
│ sky130_fd_sc_hd__a221o                                                                                                          │ 2                          │
│ sky130_fd_sc_hd__a22o                                                                                                           │ 3                          │
│ sky130_fd_sc_hd__a31o                                                                                                           │ 2                          │
│ sky130_fd_sc_hd__a32o                                                                                                           │ 1                          │
│ sky130_fd_sc_hd__and2                                                                                                           │ 3                          │
│ sky130_fd_sc_hd__and2b                                                                                                          │ 2                          │
│ sky130_fd_sc_hd__and3                                                                                                           │ 6                          │
│ sky130_fd_sc_hd__and4                                                                                                           │ 1                          │
│ sky130_fd_sc_hd__buf                                                                                                            │ 6                          │
│ sky130_fd_sc_hd__clkbuf                                                                                                         │ 6                          │
│ sky130_fd_sc_hd__decap                                                                                                          │ 67                         │
│ sky130_fd_sc_hd__dfrtp                                                                                                          │ 9                          │
│ sky130_fd_sc_hd__dlygate4sd3                                                                                                    │ 2                          │
│ sky130_fd_sc_hd__dlymetal6s2s                                                                                                   │ 2                          │
│ sky130_fd_sc_hd__fill                                                                                                           │ 27                         │
│ sky130_fd_sc_hd__inv                                                                                                            │ 19                         │
│ sky130_fd_sc_hd__nand2                                                                                                          │ 4                          │
│ sky130_fd_sc_hd__nand2b                                                                                                         │ 1                          │
│ sky130_fd_sc_hd__nor2                                                                                                           │ 2                          │
│ sky130_fd_sc_hd__o21ai                                                                                                          │ 2                          │
│ sky130_fd_sc_hd__o221a                                                                                                          │ 4                          │
│ sky130_fd_sc_hd__o22a                                                                                                           │ 1                          │
│ sky130_fd_sc_hd__o22ai                                                                                                          │ 1                          │
│ sky130_fd_sc_hd__or2                                                                                                            │ 7                          │
│ sky130_fd_sc_hd__or3                                                                                                            │ 2                          │
│ sky130_fd_sc_hd__or4                                                                                                            │ 1                          │
│ sky130_fd_sc_hd__tapvpwrvgnd                                                                                                    │ 16                         │
│ sky130_fd_sc_hd__xnor2                                                                                                          │ 5                          │
└─────────────────────────────────────────────────────────────────────────────────────────────────────────────────────────────────┴────────────────────────────┘
