Clock: clk
Sources: clk 
Generated: no
Virtual: no
Propagated: no
Period: 5.000000

===========================================================================
report_clock_properties
============================================================================
Clock                   Period          Waveform
----------------------------------------------------
clk                   5.000000    0.000000  2.500000

===========================================================================
report_clock_latency
============================================================================
Clock clk
rise -> rise
    min     max
0.000000 0.000000 source latency
0.292311         network latency _772_/CLK
        0.292311 network latency _772_/CLK
---------------
0.292311 0.292311 latency
        0.000000 skew

fall -> fall
    min     max
0.000000 0.000000 source latency
0.163757         network latency _772_/CLK
        0.163757 network latency _772_/CLK
---------------
0.163757 0.163757 latency
        0.000000 skew



===========================================================================
report_clock_min_period
============================================================================
clk period_min = 7.28 fmax = 137.43
