Reading OpenROAD database at '/home/nakanomiku/DigitalDesign/freq_psc/runs/RUN_2024-10-23_18-05-50/24-openroad-ioplacement/freq_psc.odb'…
Reading library file at '/home/nakanomiku/.volare/volare/sky130/versions/0fe599b2afb6708d281543108caf8310912f54af/sky130A/libs.ref/sky130_fd_sc_hd/lib/sky130_fd_sc_hd__tt_025C_1v80.lib'…
Reading design constraints file at '/nix/store/mr1ix0gwjfwmikfqyrq536nwhj83f0zp-python3-3.11.9-env/lib/python3.11/site-packages/openlane/scripts/base.sdc'…
[INFO] Using clock clk…
[INFO] Setting output delay to: 1
[INFO] Setting input delay to: 1
[INFO] Setting load to: 0.033442
[INFO] Setting clock uncertainty to: 0.25
[INFO] Setting clock transition to: 0.1499999999999999944488848768742172978818416595458984375
[INFO] Setting timing derate to: 5%
[INFO] Setting RC values…
[INFO] Setting signal min routing layer to: met1 and clock min routing layer to met1. 
[INFO] Setting signal max routing layer to: met5 and clock max routing layer to met5. 
[INFO GPL-0002] DBU: 1000
[INFO GPL-0003] SiteSize: (  0.460  2.720 ) um
[INFO GPL-0004] CoreBBox: (  5.520 10.880 ) ( 77.280 81.600 ) um
[INFO GPL-0006] NumInstances:               391
[INFO GPL-0007] NumPlaceInstances:          269
[INFO GPL-0008] NumFixedInstances:          122
[INFO GPL-0009] NumDummyInstances:            0
[INFO GPL-0010] NumNets:                    303
[INFO GPL-0011] NumPins:                    971
[INFO GPL-0012] DieBBox:  (  0.000  0.000 ) ( 83.030 93.750 ) um
[INFO GPL-0013] CoreBBox: (  5.520 10.880 ) ( 77.280 81.600 ) um
[INFO GPL-0016] CoreArea:              5074.867 um^2
[INFO GPL-0017] NonPlaceInstsArea:      282.771 um^2
[INFO GPL-0018] PlaceInstsArea:        2591.235 um^2
[INFO GPL-0019] Util:                    54.073 %
[INFO GPL-0020] StdInstsArea:          2591.235 um^2
[INFO GPL-0021] MacroInstsArea:           0.000 um^2
[InitialPlace]  Iter: 1 CG residual: 0.00000009 HPWL: 5447559
[InitialPlace]  Iter: 2 CG residual: 0.00000010 HPWL: 4379740
[InitialPlace]  Iter: 3 CG residual: 0.00000010 HPWL: 4357759
[InitialPlace]  Iter: 4 CG residual: 0.00000011 HPWL: 4321229
[InitialPlace]  Iter: 5 CG residual: 0.00000006 HPWL: 4299297
[INFO GPL-0031] FillerInit:NumGCells:       315
[INFO GPL-0032] FillerInit:NumGNets:        303
[INFO GPL-0033] FillerInit:NumGPins:        971
[INFO GPL-0023] TargetDensity:            0.628
[INFO GPL-0024] AvrgPlaceInstArea:        9.633 um^2
[INFO GPL-0025] IdealBinArea:            15.342 um^2
[INFO GPL-0026] IdealBinCnt:                330
[INFO GPL-0027] TotalBinArea:          5074.867 um^2
[INFO GPL-0028] BinCnt:        16     16
[INFO GPL-0029] BinSize: (  4.485  4.420 )
[INFO GPL-0030] NumBins: 256
[NesterovSolve] Iter:    1 overflow: 0.776 HPWL: 2441304
[INFO GPL-0100] Timing-driven: executing resizer for reweighting nets.
[INFO GPL-0101] Timing-driven: worst slack 1.37e-09
[INFO GPL-0103] Timing-driven: weighted 30 nets.
[INFO GPL-0100] Timing-driven: executing resizer for reweighting nets.
[INFO GPL-0101] Timing-driven: worst slack 1.3e-09
[INFO GPL-0103] Timing-driven: weighted 30 nets.
[NesterovSolve] Iter:   10 overflow: 0.610 HPWL: 2738013
[NesterovSolve] Snapshot saved at iter = 13
[NesterovSolve] Iter:   20 overflow: 0.591 HPWL: 2723256
[NesterovSolve] Iter:   30 overflow: 0.589 HPWL: 2723113
[NesterovSolve] Iter:   40 overflow: 0.590 HPWL: 2720107
[NesterovSolve] Iter:   50 overflow: 0.590 HPWL: 2720689
[NesterovSolve] Iter:   60 overflow: 0.590 HPWL: 2720751
[NesterovSolve] Iter:   70 overflow: 0.591 HPWL: 2720764
[NesterovSolve] Iter:   80 overflow: 0.591 HPWL: 2721126
[NesterovSolve] Iter:   90 overflow: 0.591 HPWL: 2721300
[NesterovSolve] Iter:  100 overflow: 0.590 HPWL: 2721334
[NesterovSolve] Iter:  110 overflow: 0.590 HPWL: 2721666
[NesterovSolve] Iter:  120 overflow: 0.590 HPWL: 2722211
[NesterovSolve] Iter:  130 overflow: 0.588 HPWL: 2722314
[NesterovSolve] Iter:  140 overflow: 0.585 HPWL: 2722445
[NesterovSolve] Iter:  150 overflow: 0.579 HPWL: 2722657
[NesterovSolve] Iter:  160 overflow: 0.571 HPWL: 2720765
[NesterovSolve] Iter:  170 overflow: 0.564 HPWL: 2721229
[NesterovSolve] Iter:  180 overflow: 0.556 HPWL: 2729185
[NesterovSolve] Iter:  190 overflow: 0.535 HPWL: 2732557
[NesterovSolve] Iter:  200 overflow: 0.518 HPWL: 2735291
[NesterovSolve] Iter:  210 overflow: 0.492 HPWL: 2753402
[INFO GPL-0100] Timing-driven: executing resizer for reweighting nets.
[INFO GPL-0101] Timing-driven: worst slack 1.24e-09
[INFO GPL-0103] Timing-driven: weighted 30 nets.
[NesterovSolve] Iter:  220 overflow: 0.475 HPWL: 2773283
[NesterovSolve] Iter:  230 overflow: 0.436 HPWL: 2793078
[NesterovSolve] Iter:  240 overflow: 0.406 HPWL: 2826563
[NesterovSolve] Iter:  250 overflow: 0.366 HPWL: 2854180
[NesterovSolve] Iter:  260 overflow: 0.327 HPWL: 2875358
[NesterovSolve] Iter:  270 overflow: 0.299 HPWL: 2901545
[INFO GPL-0075] Routability numCall: 1 inflationIterCnt: 1 bloatIterCnt: 0
[INFO GPL-0036] TileBBox: (    0    0 ) ( 6900 6900 ) DBU
[INFO GPL-0038] TileCnt:      12   13
[INFO GPL-0040] NumTiles: 156
[INFO GPL-0081] TotalRouteOverflow: 0
[INFO GPL-0082] OverflowTileCnt: 0
[INFO GPL-0083] 0.5%RC: 0.8051221966743469
[INFO GPL-0084] 1.0%RC: 0.7599236965179443
[INFO GPL-0085] 2.0%RC: 0.7177509218454361
[INFO GPL-0086] 5.0%RC: 0.6884779632091522
[INFO GPL-0087] FinalRC: 0.7825229
[INFO GPL-0077] FinalRC lower than targetRC(1.01), routability not needed.
[INFO GPL-0100] Timing-driven: executing resizer for reweighting nets.
[INFO GPL-0101] Timing-driven: worst slack 1.54e-09
[INFO GPL-0103] Timing-driven: weighted 30 nets.
[NesterovSolve] Iter:  280 overflow: 0.265 HPWL: 2917031
[NesterovSolve] Iter:  290 overflow: 0.232 HPWL: 2936042
[NesterovSolve] Iter:  300 overflow: 0.203 HPWL: 2954526
[INFO GPL-0100] Timing-driven: executing resizer for reweighting nets.
[INFO GPL-0101] Timing-driven: worst slack 1.54e-09
[INFO GPL-0103] Timing-driven: weighted 30 nets.
[NesterovSolve] Iter:  310 overflow: 0.175 HPWL: 2978793
[NesterovSolve] Iter:  320 overflow: 0.150 HPWL: 3002420
[INFO GPL-0100] Timing-driven: executing resizer for reweighting nets.
[INFO GPL-0101] Timing-driven: worst slack 1.41e-09
[INFO GPL-0103] Timing-driven: weighted 30 nets.
[NesterovSolve] Iter:  330 overflow: 0.132 HPWL: 3028910
[NesterovSolve] Iter:  340 overflow: 0.113 HPWL: 3048111
[NesterovSolve] Finished with Overflow: 0.098991
[INFO] Setting RC values…
Setting global connections for newly added cells…
[INFO] Setting global connections...
Updating metrics…
Cell type report:                       Count       Area
  Fill cell                                52     195.19
  Tap cell                                 70      87.58
  Inverter                                 63     236.48
  Sequential cell                          33     867.08
  Multi-Input combinational cell          173    1487.68
  Total                                   391    2874.01
Writing OpenROAD database to '/home/nakanomiku/DigitalDesign/freq_psc/runs/RUN_2024-10-23_18-05-50/27-openroad-globalplacement/freq_psc.odb'…
Writing netlist to '/home/nakanomiku/DigitalDesign/freq_psc/runs/RUN_2024-10-23_18-05-50/27-openroad-globalplacement/freq_psc.nl.v'…
Writing powered netlist to '/home/nakanomiku/DigitalDesign/freq_psc/runs/RUN_2024-10-23_18-05-50/27-openroad-globalplacement/freq_psc.pnl.v'…
Writing layout to '/home/nakanomiku/DigitalDesign/freq_psc/runs/RUN_2024-10-23_18-05-50/27-openroad-globalplacement/freq_psc.def'…
Writing timing constraints to '/home/nakanomiku/DigitalDesign/freq_psc/runs/RUN_2024-10-23_18-05-50/27-openroad-globalplacement/freq_psc.sdc'…
