Clock: clk
Sources: clk 
Generated: no
Virtual: yes
Propagated: no
Period: 5.000000

===========================================================================
report_clock_properties
============================================================================
Clock                   Period          Waveform
----------------------------------------------------
clk                   5.000000    0.000000  2.500000

===========================================================================
report_clock_latency
============================================================================
Clock clk
rise -> rise
    min     max
0.000000 0.000000 source latency
0.272024         network latency _114_/CLK
        0.272570 network latency _117_/CLK
---------------
0.272024 0.272570 latency
        0.000545 skew

fall -> fall
    min     max
0.000000 0.000000 source latency
0.280473         network latency _114_/CLK
        0.281001 network latency _117_/CLK
---------------
0.280473 0.281001 latency
        0.000528 skew



===========================================================================
report_clock_min_period
============================================================================
clk period_min = 1.70 fmax = 589.75
