Clock: clk
Sources: clk 
Generated: no
Virtual: yes
Propagated: no
Period: 5.000000

===========================================================================
report_clock_properties
============================================================================
Clock                   Period          Waveform
----------------------------------------------------
clk                   5.000000    0.000000  2.500000

===========================================================================
report_clock_latency
============================================================================
Clock clk
rise -> rise
    min     max
0.000000 0.000000 source latency
0.547406         network latency _360_/CLK
        0.553405 network latency _352_/CLK
---------------
0.547406 0.553405 latency
        0.005999 skew

fall -> fall
    min     max
0.000000 0.000000 source latency
0.550931         network latency _360_/CLK
        0.556228 network latency _352_/CLK
---------------
0.550931 0.556228 latency
        0.005297 skew



===========================================================================
report_clock_min_period
============================================================================
clk period_min = 5.51 fmax = 181.48
