
===========================================================================
report_checks -unconstrained
===========================================================================
======================= nom_tt_025C_1v80 Corner ===================================

Startpoint: rst (input port clocked by clk)
Endpoint: _497_ (recovery check against rising-edge clock clk)
Path Group: asynchronous
Path Type: max

Fanout         Cap        Slew       Delay        Time   Description
---------------------------------------------------------------------------------------------
                                  0.000000    0.000000   clock clk (rise edge)
                                  0.000000    0.000000   clock network delay (propagated)
                                  1.000000    1.000000 v input external delay
     1    0.002492    0.007921    0.003892    1.003892 v rst (in)
                                                         rst (net)
                      0.007921    0.000000    1.003892 v input33/A (sky130_fd_sc_hd__buf_1)
     4    0.011792    0.074357    0.112217    1.116109 v input33/X (sky130_fd_sc_hd__buf_1)
                                                         net33 (net)
                      0.074357    0.000047    1.116156 v fanout39/A (sky130_fd_sc_hd__buf_4)
    10    0.052314    0.079702    0.200916    1.317073 v fanout39/X (sky130_fd_sc_hd__buf_4)
                                                         net39 (net)
                      0.079708    0.000746    1.317818 v _464_/A (sky130_fd_sc_hd__inv_2)
     1    0.003795    0.033768    0.056615    1.374434 ^ _464_/Y (sky130_fd_sc_hd__inv_2)
                                                         _057_ (net)
                      0.033768    0.000004    1.374438 ^ _497_/RESET_B (sky130_fd_sc_hd__dfrtp_2)
                                              1.374438   data arrival time

                                  5.000000    5.000000   clock clk (rise edge)
                                  0.000000    5.000000   clock source latency
     1    0.013004    0.064533    0.043786    5.043786 ^ clk (in)
                                                         clk (net)
                      0.064535    0.000000    5.043786 ^ clkbuf_0_clk/A (sky130_fd_sc_hd__clkbuf_16)
     4    0.036124    0.056394    0.146275    5.190061 ^ clkbuf_0_clk/X (sky130_fd_sc_hd__clkbuf_16)
                                                         clknet_0_clk (net)
                      0.056394    0.000146    5.190207 ^ clkbuf_2_2__f_clk/A (sky130_fd_sc_hd__clkbuf_16)
    10    0.024723    0.046017    0.134164    5.324370 ^ clkbuf_2_2__f_clk/X (sky130_fd_sc_hd__clkbuf_16)
                                                         clknet_2_2__leaf_clk (net)
                      0.046017    0.000080    5.324450 ^ _497_/CLK (sky130_fd_sc_hd__dfrtp_2)
                                 -0.250000    5.074450   clock uncertainty
                                  0.000000    5.074450   clock reconvergence pessimism
                                  0.222847    5.297297   library recovery time
                                              5.297297   data required time
---------------------------------------------------------------------------------------------
                                              5.297297   data required time
                                             -1.374438   data arrival time
---------------------------------------------------------------------------------------------
                                              3.922859   slack (MET)


Startpoint: psc[30] (input port clocked by clk)
Endpoint: _484_ (rising edge-triggered flip-flop clocked by clk)
Path Group: clk
Path Type: max

Fanout         Cap        Slew       Delay        Time   Description
---------------------------------------------------------------------------------------------
                                  0.000000    0.000000   clock clk (rise edge)
                                  0.000000    0.000000   clock network delay (propagated)
                                  1.000000    1.000000 ^ input external delay
     1    0.002747    0.019507    0.010107    1.010108 ^ psc[30] (in)
                                                         psc[30] (net)
                      0.019507    0.000000    1.010108 ^ input24/A (sky130_fd_sc_hd__clkbuf_1)
     2    0.003932    0.058500    0.080874    1.090982 ^ input24/X (sky130_fd_sc_hd__clkbuf_1)
                                                         net24 (net)
                      0.058500    0.000005    1.090987 ^ _319_/A_N (sky130_fd_sc_hd__and2b_1)
     2    0.004359    0.041667    0.180291    1.271278 v _319_/X (sky130_fd_sc_hd__and2b_1)
                                                         _148_ (net)
                      0.041667    0.000008    1.271286 v _324_/B (sky130_fd_sc_hd__or4_4)
     3    0.006304    0.087576    0.510673    1.781958 v _324_/X (sky130_fd_sc_hd__or4_4)
                                                         _153_ (net)
                      0.087576    0.000020    1.781979 v _332_/C (sky130_fd_sc_hd__or4b_4)
     2    0.005449    0.086184    0.493292    2.275271 v _332_/X (sky130_fd_sc_hd__or4b_4)
                                                         _161_ (net)
                      0.086184    0.000026    2.275297 v _333_/D (sky130_fd_sc_hd__or4_4)
     1    0.001629    0.076127    0.406850    2.682147 v _333_/X (sky130_fd_sc_hd__or4_4)
                                                         _162_ (net)
                      0.076127    0.000000    2.682148 v _342_/A_N (sky130_fd_sc_hd__and4b_1)
     1    0.004130    0.067402    0.257922    2.940070 ^ _342_/X (sky130_fd_sc_hd__and4b_1)
                                                         _171_ (net)
                      0.067402    0.000022    2.940092 ^ _343_/A (sky130_fd_sc_hd__or3_4)
     1    0.009697    0.043339    0.128966    3.069057 ^ _343_/X (sky130_fd_sc_hd__or3_4)
                                                         _172_ (net)
                      0.043339    0.000023    3.069080 ^ _344_/B1 (sky130_fd_sc_hd__a21oi_4)
     5    0.023254    0.069132    0.045347    3.114428 v _344_/Y (sky130_fd_sc_hd__a21oi_4)
                                                         _173_ (net)
                      0.069132    0.000029    3.114457 v fanout38/A (sky130_fd_sc_hd__buf_6)
     8    0.017100    0.031166    0.133903    3.248360 v fanout38/X (sky130_fd_sc_hd__buf_6)
                                                         net38 (net)
                      0.031166    0.000076    3.248435 v _384_/C (sky130_fd_sc_hd__and3b_1)
     1    0.002646    0.037138    0.165211    3.413647 v _384_/X (sky130_fd_sc_hd__and3b_1)
                                                         _003_ (net)
                      0.037138    0.000007    3.413654 v _484_/D (sky130_fd_sc_hd__dfrtp_1)
                                              3.413654   data arrival time

                                  5.000000    5.000000   clock clk (rise edge)
                                  0.000000    5.000000   clock source latency
     1    0.013004    0.064533    0.043786    5.043786 ^ clk (in)
                                                         clk (net)
                      0.064535    0.000000    5.043786 ^ clkbuf_0_clk/A (sky130_fd_sc_hd__clkbuf_16)
     4    0.036124    0.056394    0.146275    5.190061 ^ clkbuf_0_clk/X (sky130_fd_sc_hd__clkbuf_16)
                                                         clknet_0_clk (net)
                      0.056394    0.000142    5.190202 ^ clkbuf_2_3__f_clk/A (sky130_fd_sc_hd__clkbuf_16)
     8    0.022715    0.044205    0.132247    5.322449 ^ clkbuf_2_3__f_clk/X (sky130_fd_sc_hd__clkbuf_16)
                                                         clknet_2_3__leaf_clk (net)
                      0.044205    0.000041    5.322490 ^ _484_/CLK (sky130_fd_sc_hd__dfrtp_1)
                                 -0.250000    5.072490   clock uncertainty
                                  0.000000    5.072490   clock reconvergence pessimism
                                 -0.111025    4.961465   library setup time
                                              4.961465   data required time
---------------------------------------------------------------------------------------------
                                              4.961465   data required time
                                             -3.413654   data arrival time
---------------------------------------------------------------------------------------------
                                              1.547811   slack (MET)




===========================================================================
report_checks --slack_max -0.01
============================================================================
======================= nom_tt_025C_1v80 Corner ===================================

No paths found.


===========================================================================
 report_check_types -max_slew -max_cap -max_fanout -violators
============================================================================
======================= nom_tt_025C_1v80 Corner ===================================



===========================================================================
report_parasitic_annotation -report_unannotated
============================================================================
Found 3 unannotated drivers.
 clkload0/Y
 clkload1/X
 clkload2/Y
Found 0 partially unannotated drivers.

===========================================================================
max slew violation count 0
Writing metric design__max_slew_violation__count__corner:nom_tt_025C_1v80: 0
max fanout violation count 0
Writing metric design__max_fanout_violation__count__corner:nom_tt_025C_1v80: 0
max cap violation count 0
Writing metric design__max_cap_violation__count__corner:nom_tt_025C_1v80: 0
============================================================================

===========================================================================
check_setup -verbose -unconstrained_endpoints -multiple_clock -no_clock -no_input_delay -loops -generated_clocks
===========================================================================
