[WARNING ORD-0039] .openroad ignored with -python
                                Cells by Master                                 
┏━━━━━━━━━━━━━━━━━━━━━━━━━━━━━━━━━━━━━━━━━━━━━━━━━━━━━━━━━━━━━━━━┳━━━━━━━━━━━━━┓
┃ Cell                                                           ┃ Count       ┃
┡━━━━━━━━━━━━━━━━━━━━━━━━━━━━━━━━━━━━━━━━━━━━━━━━━━━━━━━━━━━━━━━━╇━━━━━━━━━━━━━┩
│ sky130_ef_sc_hd__decap_12                                      │ 12          │
│ sky130_fd_sc_hd__a21boi_1                                      │ 2           │
│ sky130_fd_sc_hd__a21o_1                                        │ 1           │
│ sky130_fd_sc_hd__a21oi_1                                       │ 2           │
│ sky130_fd_sc_hd__a21oi_4                                       │ 1           │
│ sky130_fd_sc_hd__a2bb2o_1                                      │ 1           │
│ sky130_fd_sc_hd__a31o_1                                        │ 1           │
│ sky130_fd_sc_hd__a41o_1                                        │ 1           │
│ sky130_fd_sc_hd__and2_1                                        │ 1           │
│ sky130_fd_sc_hd__and2b_1                                       │ 3           │
│ sky130_fd_sc_hd__and3_1                                        │ 5           │
│ sky130_fd_sc_hd__and3b_1                                       │ 4           │
│ sky130_fd_sc_hd__and4_1                                        │ 1           │
│ sky130_fd_sc_hd__buf_2                                         │ 1           │
│ sky130_fd_sc_hd__clkbuf_1                                      │ 8           │
│ sky130_fd_sc_hd__clkbuf_16                                     │ 3           │
│ sky130_fd_sc_hd__clkbuf_4                                      │ 2           │
│ sky130_fd_sc_hd__decap_3                                       │ 32          │
│ sky130_fd_sc_hd__decap_4                                       │ 12          │
│ sky130_fd_sc_hd__decap_6                                       │ 11          │
│ sky130_fd_sc_hd__decap_8                                       │ 3           │
│ sky130_fd_sc_hd__dfrtp_1                                       │ 9           │
│ sky130_fd_sc_hd__dlygate4sd3_1                                 │ 3           │
│ sky130_fd_sc_hd__fill_1                                        │ 25          │
│ sky130_fd_sc_hd__fill_2                                        │ 10          │
│ sky130_fd_sc_hd__inv_2                                         │ 13          │
│ sky130_fd_sc_hd__nand2_1                                       │ 4           │
│ sky130_fd_sc_hd__nand2b_1                                      │ 8           │
│ sky130_fd_sc_hd__o2111a_1                                      │ 1           │
│ sky130_fd_sc_hd__o2bb2a_1                                      │ 1           │
│ sky130_fd_sc_hd__or2_1                                         │ 5           │
│ sky130_fd_sc_hd__tapvpwrvgnd_1                                 │ 15          │
│ sky130_fd_sc_hd__xnor2_1                                       │ 1           │
└────────────────────────────────────────────────────────────────┴─────────────┘
                               Cells by Function                                
┏━━━━━━━━━━━━━━━━━━━━━━━━━━━━━━━━━━━━━━━━━━━━━━━━━━━━━━━━━━━━━━━┳━━━━━━━━━━━━━━┓
┃ Cell Function                                                 ┃ Count        ┃
┡━━━━━━━━━━━━━━━━━━━━━━━━━━━━━━━━━━━━━━━━━━━━━━━━━━━━━━━━━━━━━━━╇━━━━━━━━━━━━━━┩
│ sky130_ef_sc_hd__decap                                        │ 12           │
│ sky130_fd_sc_hd__a21boi                                       │ 2            │
│ sky130_fd_sc_hd__a21o                                         │ 1            │
│ sky130_fd_sc_hd__a21oi                                        │ 3            │
│ sky130_fd_sc_hd__a2bb2o                                       │ 1            │
│ sky130_fd_sc_hd__a31o                                         │ 1            │
│ sky130_fd_sc_hd__a41o                                         │ 1            │
│ sky130_fd_sc_hd__and2                                         │ 1            │
│ sky130_fd_sc_hd__and2b                                        │ 3            │
│ sky130_fd_sc_hd__and3                                         │ 5            │
│ sky130_fd_sc_hd__and3b                                        │ 4            │
│ sky130_fd_sc_hd__and4                                         │ 1            │
│ sky130_fd_sc_hd__buf                                          │ 1            │
│ sky130_fd_sc_hd__clkbuf                                       │ 13           │
│ sky130_fd_sc_hd__decap                                        │ 58           │
│ sky130_fd_sc_hd__dfrtp                                        │ 9            │
│ sky130_fd_sc_hd__dlygate4sd3                                  │ 3            │
│ sky130_fd_sc_hd__fill                                         │ 35           │
│ sky130_fd_sc_hd__inv                                          │ 13           │
│ sky130_fd_sc_hd__nand2                                        │ 4            │
│ sky130_fd_sc_hd__nand2b                                       │ 8            │
│ sky130_fd_sc_hd__o2111a                                       │ 1            │
│ sky130_fd_sc_hd__o2bb2a                                       │ 1            │
│ sky130_fd_sc_hd__or2                                          │ 5            │
│ sky130_fd_sc_hd__tapvpwrvgnd                                  │ 15           │
│ sky130_fd_sc_hd__xnor2                                        │ 1            │
└───────────────────────────────────────────────────────────────┴──────────────┘
                                  Cells by SCL                                  
┏━━━━━━━━━━━━━━━━━━━━━━━━━━━━━━━━━━━━━━━━━━━━━━━━━━━━━━━┳━━━━━━━━━━━━━━━━━━━━━━┓
┃ SCL                                                   ┃ Count                ┃
┡━━━━━━━━━━━━━━━━━━━━━━━━━━━━━━━━━━━━━━━━━━━━━━━━━━━━━━━╇━━━━━━━━━━━━━━━━━━━━━━┩
│ sky130_ef_sc_hd                                       │ 12                   │
│ sky130_fd_sc_hd                                       │ 190                  │
└───────────────────────────────────────────────────────┴──────────────────────┘
                             Buffers by Cell Master                             
┏━━━━━━━━━━━━━━━━━━━━━━━━━━━━━━━━━━━━━━━━━━━━━━━━━━━━━━━━━━━━━━━━┳━━━━━━━━━━━━━┓
┃ Buffer                                                         ┃ Count       ┃
┡━━━━━━━━━━━━━━━━━━━━━━━━━━━━━━━━━━━━━━━━━━━━━━━━━━━━━━━━━━━━━━━━╇━━━━━━━━━━━━━┩
│ sky130_fd_sc_hd__buf_2                                         │ 1           │
│ sky130_fd_sc_hd__clkbuf_1                                      │ 8           │
│ sky130_fd_sc_hd__clkbuf_16                                     │ 3           │
│ sky130_fd_sc_hd__clkbuf_4                                      │ 2           │
│ sky130_fd_sc_hd__dlygate4sd3_1                                 │ 3           │
└────────────────────────────────────────────────────────────────┴─────────────┘
