Reading OpenROAD database at '/home/nakanomiku/DigitalDesign/freq_psc/runs/RUN_2024-10-28_14-44-52/20-openroad-generatepdn/freq_psc.odb'…
Reading library file at '/home/nakanomiku/.volare/volare/sky130/versions/0fe599b2afb6708d281543108caf8310912f54af/sky130A/libs.ref/sky130_fd_sc_hd/lib/sky130_fd_sc_hd__tt_025C_1v80.lib'…
Reading design constraints file at '/nix/store/mr1ix0gwjfwmikfqyrq536nwhj83f0zp-python3-3.11.9-env/lib/python3.11/site-packages/openlane/scripts/base.sdc'…
[INFO] Using clock clk…
[INFO] Setting output delay to: 1
[INFO] Setting input delay to: 1
[INFO] Setting load to: 0.033442
[INFO] Setting clock uncertainty to: 0.25
[INFO] Setting clock transition to: 0.1499999999999999944488848768742172978818416595458984375
[INFO] Setting timing derate to: 5%
[INFO GPL-0002] DBU: 1000
[INFO GPL-0003] SiteSize: (  0.460  2.720 ) um
[INFO GPL-0004] CoreBBox: (  5.520 10.880 ) ( 66.700 70.720 ) um
[INFO GPL-0006] NumInstances:               285
[INFO GPL-0007] NumPlaceInstances:          193
[INFO GPL-0008] NumFixedInstances:           92
[INFO GPL-0009] NumDummyInstances:            0
[INFO GPL-0010] NumNets:                    211
[INFO GPL-0011] NumPins:                    709
[INFO GPL-0012] DieBBox:  (  0.000  0.000 ) ( 72.390 83.110 ) um
[INFO GPL-0013] CoreBBox: (  5.520 10.880 ) ( 66.700 70.720 ) um
[INFO GPL-0016] CoreArea:              3661.011 um^2
[INFO GPL-0017] NonPlaceInstsArea:      225.216 um^2
[INFO GPL-0018] PlaceInstsArea:        1881.805 um^2
[INFO GPL-0019] Util:                    54.771 %
[INFO GPL-0020] StdInstsArea:          1881.805 um^2
[INFO GPL-0021] MacroInstsArea:           0.000 um^2
[INFO GPL-0031] FillerInit:NumGCells:       224
[INFO GPL-0032] FillerInit:NumGNets:        211
[INFO GPL-0033] FillerInit:NumGPins:        709
[INFO GPL-0023] TargetDensity:            0.630
[INFO GPL-0024] AvrgPlaceInstArea:        9.750 um^2
[INFO GPL-0025] IdealBinArea:            15.466 um^2
[INFO GPL-0026] IdealBinCnt:                236
[INFO GPL-0027] TotalBinArea:          3661.011 um^2
[INFO GPL-0028] BinCnt:         8      8
[INFO GPL-0029] BinSize: (  7.648  7.480 )
[INFO GPL-0030] NumBins: 64
[NesterovSolve] Iter:    1 overflow: 0.924 HPWL: 589887
[NesterovSolve] Iter:   10 overflow: 0.924 HPWL: 427113
[NesterovSolve] Iter:   20 overflow: 0.924 HPWL: 426764
[NesterovSolve] Iter:   30 overflow: 0.924 HPWL: 426836
[NesterovSolve] Iter:   40 overflow: 0.924 HPWL: 426820
[NesterovSolve] Iter:   50 overflow: 0.924 HPWL: 427043
[NesterovSolve] Iter:   60 overflow: 0.924 HPWL: 427587
[NesterovSolve] Iter:   70 overflow: 0.924 HPWL: 428678
[NesterovSolve] Iter:   80 overflow: 0.924 HPWL: 430399
[NesterovSolve] Iter:   90 overflow: 0.924 HPWL: 432178
[NesterovSolve] Iter:  100 overflow: 0.924 HPWL: 430997
[NesterovSolve] Iter:  110 overflow: 0.924 HPWL: 433114
[NesterovSolve] Iter:  120 overflow: 0.923 HPWL: 435670
[NesterovSolve] Iter:  130 overflow: 0.922 HPWL: 439061
[NesterovSolve] Iter:  140 overflow: 0.917 HPWL: 444893
[NesterovSolve] Iter:  150 overflow: 0.882 HPWL: 495220
[NesterovSolve] Iter:  160 overflow: 0.786 HPWL: 692543
[NesterovSolve] Iter:  170 overflow: 0.797 HPWL: 710050
[NesterovSolve] Iter:  180 overflow: 0.728 HPWL: 936709
[NesterovSolve] Iter:  190 overflow: 0.699 HPWL: 1007975
[NesterovSolve] Iter:  200 overflow: 0.651 HPWL: 1181402
[NesterovSolve] Iter:  210 overflow: 0.601 HPWL: 1292809
[NesterovSolve] Iter:  220 overflow: 0.552 HPWL: 1405665
[NesterovSolve] Iter:  230 overflow: 0.504 HPWL: 1521478
[NesterovSolve] Iter:  240 overflow: 0.455 HPWL: 1642344
[NesterovSolve] Iter:  250 overflow: 0.407 HPWL: 1742756
[NesterovSolve] Iter:  260 overflow: 0.356 HPWL: 1816972
[NesterovSolve] Iter:  270 overflow: 0.316 HPWL: 1879036
[NesterovSolve] Iter:  280 overflow: 0.272 HPWL: 1916160
[NesterovSolve] Iter:  290 overflow: 0.231 HPWL: 1936467
[NesterovSolve] Iter:  300 overflow: 0.202 HPWL: 1942737
[NesterovSolve] Iter:  310 overflow: 0.177 HPWL: 1989085
[NesterovSolve] Iter:  320 overflow: 0.143 HPWL: 2032510
[NesterovSolve] Iter:  330 overflow: 0.111 HPWL: 2056712
[NesterovSolve] Finished with Overflow: 0.099447
[INFO] Setting RC values…
Setting global connections for newly added cells…
[INFO] Setting global connections...
Updating metrics…
Cell type report:                       Count       Area
  Fill cell                                44     165.16
  Tap cell                                 48      60.06
  Inverter                                 31     116.36
  Sequential cell                          17     446.68
  Multi-Input combinational cell          145    1318.76
  Total                                   285    2107.02
Writing OpenROAD database to '/home/nakanomiku/DigitalDesign/freq_psc/runs/RUN_2024-10-28_14-44-52/23-openroad-globalplacementskipio/freq_psc.odb'…
Writing netlist to '/home/nakanomiku/DigitalDesign/freq_psc/runs/RUN_2024-10-28_14-44-52/23-openroad-globalplacementskipio/freq_psc.nl.v'…
Writing powered netlist to '/home/nakanomiku/DigitalDesign/freq_psc/runs/RUN_2024-10-28_14-44-52/23-openroad-globalplacementskipio/freq_psc.pnl.v'…
Writing layout to '/home/nakanomiku/DigitalDesign/freq_psc/runs/RUN_2024-10-28_14-44-52/23-openroad-globalplacementskipio/freq_psc.def'…
Writing timing constraints to '/home/nakanomiku/DigitalDesign/freq_psc/runs/RUN_2024-10-28_14-44-52/23-openroad-globalplacementskipio/freq_psc.sdc'…
