
===========================================================================
report_checks -unconstrained
===========================================================================
======================= nom_ss_100C_1v60 Corner ===================================

Startpoint: rst (input port clocked by clk)
Endpoint: _497_ (recovery check against rising-edge clock clk)
Path Group: asynchronous
Path Type: max

Fanout         Cap        Slew       Delay        Time   Description
---------------------------------------------------------------------------------------------
                                  0.000000    0.000000   clock clk (rise edge)
                                  0.000000    0.000000   clock network delay (propagated)
                                  1.000000    1.000000 v input external delay
     1    0.002406    0.016965    0.007990    1.007990 v rst (in)
                                                         rst (net)
                      0.016965    0.000000    1.007990 v input33/A (sky130_fd_sc_hd__buf_1)
     4    0.014459    0.171844    0.233387    1.241378 v input33/X (sky130_fd_sc_hd__buf_1)
                                                         net33 (net)
                      0.171844    0.000382    1.241760 v fanout39/A (sky130_fd_sc_hd__buf_4)
    10    0.060065    0.153737    0.395692    1.637452 v fanout39/X (sky130_fd_sc_hd__buf_4)
                                                         net39 (net)
                      0.153830    0.003486    1.640938 v _464_/A (sky130_fd_sc_hd__inv_2)
     1    0.003540    0.055488    0.101513    1.742451 ^ _464_/Y (sky130_fd_sc_hd__inv_2)
                                                         _057_ (net)
                      0.055488    0.000069    1.742520 ^ _497_/RESET_B (sky130_fd_sc_hd__dfrtp_2)
                                              1.742520   data arrival time

                                  5.000000    5.000000   clock clk (rise edge)
                                  0.000000    5.000000   clock source latency
     1    0.015641    0.119882    0.080576    5.080576 ^ clk (in)
                                                         clk (net)
                      0.119886    0.000000    5.080576 ^ clkbuf_0_clk/A (sky130_fd_sc_hd__clkbuf_16)
     4    0.039744    0.094317    0.272118    5.352695 ^ clkbuf_0_clk/X (sky130_fd_sc_hd__clkbuf_16)
                                                         clknet_0_clk (net)
                      0.094328    0.001038    5.353733 ^ clkbuf_2_2__f_clk/A (sky130_fd_sc_hd__clkbuf_16)
    10    0.028271    0.078058    0.244345    5.598078 ^ clkbuf_2_2__f_clk/X (sky130_fd_sc_hd__clkbuf_16)
                                                         clknet_2_2__leaf_clk (net)
                      0.078064    0.000725    5.598804 ^ _497_/CLK (sky130_fd_sc_hd__dfrtp_2)
                                 -0.250000    5.348804   clock uncertainty
                                  0.000000    5.348804   clock reconvergence pessimism
                                  0.453450    5.802254   library recovery time
                                              5.802254   data required time
---------------------------------------------------------------------------------------------
                                              5.802254   data required time
                                             -1.742520   data arrival time
---------------------------------------------------------------------------------------------
                                              4.059734   slack (MET)


Startpoint: _502_ (rising edge-triggered flip-flop clocked by clk)
Endpoint: _484_ (rising edge-triggered flip-flop clocked by clk)
Path Group: clk
Path Type: max

Fanout         Cap        Slew       Delay        Time   Description
---------------------------------------------------------------------------------------------
                                  0.000000    0.000000   clock clk (rise edge)
                                  0.000000    0.000000   clock source latency
     1    0.015641    0.119882    0.080577    0.080577 ^ clk (in)
                                                         clk (net)
                      0.119886    0.000000    0.080577 ^ clkbuf_0_clk/A (sky130_fd_sc_hd__clkbuf_16)
     4    0.039744    0.094317    0.272118    0.352695 ^ clkbuf_0_clk/X (sky130_fd_sc_hd__clkbuf_16)
                                                         clknet_0_clk (net)
                      0.094328    0.001038    0.353733 ^ clkbuf_2_2__f_clk/A (sky130_fd_sc_hd__clkbuf_16)
    10    0.028271    0.078058    0.244346    0.598078 ^ clkbuf_2_2__f_clk/X (sky130_fd_sc_hd__clkbuf_16)
                                                         clknet_2_2__leaf_clk (net)
                      0.078059    0.000478    0.598556 ^ _502_/CLK (sky130_fd_sc_hd__dfrtp_1)
     4    0.010414    0.141975    0.810573    1.409129 v _502_/Q (sky130_fd_sc_hd__dfrtp_1)
                                                         psc_cnt[30] (net)
                      0.141975    0.000455    1.409584 v _319_/B (sky130_fd_sc_hd__and2b_1)
     2    0.004722    0.082118    0.370632    1.780216 v _319_/X (sky130_fd_sc_hd__and2b_1)
                                                         _148_ (net)
                      0.082118    0.000109    1.780326 v _324_/B (sky130_fd_sc_hd__or4_4)
     3    0.007173    0.165908    1.032970    2.813295 v _324_/X (sky130_fd_sc_hd__or4_4)
                                                         _153_ (net)
                      0.165908    0.000176    2.813472 v _332_/C (sky130_fd_sc_hd__or4b_4)
     2    0.006314    0.162282    1.004094    3.817565 v _332_/X (sky130_fd_sc_hd__or4b_4)
                                                         _161_ (net)
                      0.162282    0.000179    3.817744 v _333_/D (sky130_fd_sc_hd__or4_4)
     1    0.001553    0.138125    0.830664    4.648408 v _333_/X (sky130_fd_sc_hd__or4_4)
                                                         _162_ (net)
                      0.138125    0.000029    4.648438 v _342_/A_N (sky130_fd_sc_hd__and4b_1)
     1    0.005595    0.139294    0.560986    5.209424 ^ _342_/X (sky130_fd_sc_hd__and4b_1)
                                                         _171_ (net)
                      0.139294    0.000175    5.209599 ^ _343_/A (sky130_fd_sc_hd__or3_4)
     1    0.009675    0.074985    0.257282    5.466881 ^ _343_/X (sky130_fd_sc_hd__or3_4)
                                                         _172_ (net)
                      0.074986    0.000300    5.467181 ^ _344_/B1 (sky130_fd_sc_hd__a21oi_4)
     5    0.027131    0.146264    0.092578    5.559759 v _344_/Y (sky130_fd_sc_hd__a21oi_4)
                                                         _173_ (net)
                      0.146264    0.000422    5.560181 v fanout38/A (sky130_fd_sc_hd__buf_6)
     8    0.022243    0.061051    0.265795    5.825975 v fanout38/X (sky130_fd_sc_hd__buf_6)
                                                         net38 (net)
                      0.061081    0.001256    5.827231 v _384_/C (sky130_fd_sc_hd__and3b_1)
     1    0.002856    0.070296    0.352122    6.179354 v _384_/X (sky130_fd_sc_hd__and3b_1)
                                                         _003_ (net)
                      0.070296    0.000065    6.179419 v _484_/D (sky130_fd_sc_hd__dfrtp_1)
                                              6.179419   data arrival time

                                  5.000000    5.000000   clock clk (rise edge)
                                  0.000000    5.000000   clock source latency
     1    0.015641    0.119882    0.080576    5.080576 ^ clk (in)
                                                         clk (net)
                      0.119886    0.000000    5.080576 ^ clkbuf_0_clk/A (sky130_fd_sc_hd__clkbuf_16)
     4    0.039744    0.094317    0.272118    5.352695 ^ clkbuf_0_clk/X (sky130_fd_sc_hd__clkbuf_16)
                                                         clknet_0_clk (net)
                      0.094326    0.000968    5.353663 ^ clkbuf_2_3__f_clk/A (sky130_fd_sc_hd__clkbuf_16)
     8    0.025141    0.073919    0.239945    5.593608 ^ clkbuf_2_3__f_clk/X (sky130_fd_sc_hd__clkbuf_16)
                                                         clknet_2_3__leaf_clk (net)
                      0.073921    0.000443    5.594052 ^ _484_/CLK (sky130_fd_sc_hd__dfrtp_1)
                                 -0.250000    5.344051   clock uncertainty
                                  0.000000    5.344051   clock reconvergence pessimism
                                 -0.275643    5.068408   library setup time
                                              5.068408   data required time
---------------------------------------------------------------------------------------------
                                              5.068408   data required time
                                             -6.179419   data arrival time
---------------------------------------------------------------------------------------------
                                             -1.111010   slack (VIOLATED)




===========================================================================
report_checks --slack_max -0.01
============================================================================
======================= nom_ss_100C_1v60 Corner ===================================

Startpoint: _502_ (rising edge-triggered flip-flop clocked by clk)
Endpoint: _484_ (rising edge-triggered flip-flop clocked by clk)
Path Group: clk
Path Type: max

Fanout         Cap        Slew       Delay        Time   Description
---------------------------------------------------------------------------------------------
                                  0.000000    0.000000   clock clk (rise edge)
                                  0.000000    0.000000   clock source latency
     1    0.015641    0.119882    0.080577    0.080577 ^ clk (in)
                                                         clk (net)
                      0.119886    0.000000    0.080577 ^ clkbuf_0_clk/A (sky130_fd_sc_hd__clkbuf_16)
     4    0.039744    0.094317    0.272118    0.352695 ^ clkbuf_0_clk/X (sky130_fd_sc_hd__clkbuf_16)
                                                         clknet_0_clk (net)
                      0.094328    0.001038    0.353733 ^ clkbuf_2_2__f_clk/A (sky130_fd_sc_hd__clkbuf_16)
    10    0.028271    0.078058    0.244346    0.598078 ^ clkbuf_2_2__f_clk/X (sky130_fd_sc_hd__clkbuf_16)
                                                         clknet_2_2__leaf_clk (net)
                      0.078059    0.000478    0.598556 ^ _502_/CLK (sky130_fd_sc_hd__dfrtp_1)
     4    0.010414    0.141975    0.810573    1.409129 v _502_/Q (sky130_fd_sc_hd__dfrtp_1)
                                                         psc_cnt[30] (net)
                      0.141975    0.000455    1.409584 v _319_/B (sky130_fd_sc_hd__and2b_1)
     2    0.004722    0.082118    0.370632    1.780216 v _319_/X (sky130_fd_sc_hd__and2b_1)
                                                         _148_ (net)
                      0.082118    0.000109    1.780326 v _324_/B (sky130_fd_sc_hd__or4_4)
     3    0.007173    0.165908    1.032970    2.813295 v _324_/X (sky130_fd_sc_hd__or4_4)
                                                         _153_ (net)
                      0.165908    0.000176    2.813472 v _332_/C (sky130_fd_sc_hd__or4b_4)
     2    0.006314    0.162282    1.004094    3.817565 v _332_/X (sky130_fd_sc_hd__or4b_4)
                                                         _161_ (net)
                      0.162282    0.000179    3.817744 v _333_/D (sky130_fd_sc_hd__or4_4)
     1    0.001553    0.138125    0.830664    4.648408 v _333_/X (sky130_fd_sc_hd__or4_4)
                                                         _162_ (net)
                      0.138125    0.000029    4.648438 v _342_/A_N (sky130_fd_sc_hd__and4b_1)
     1    0.005595    0.139294    0.560986    5.209424 ^ _342_/X (sky130_fd_sc_hd__and4b_1)
                                                         _171_ (net)
                      0.139294    0.000175    5.209599 ^ _343_/A (sky130_fd_sc_hd__or3_4)
     1    0.009675    0.074985    0.257282    5.466881 ^ _343_/X (sky130_fd_sc_hd__or3_4)
                                                         _172_ (net)
                      0.074986    0.000300    5.467181 ^ _344_/B1 (sky130_fd_sc_hd__a21oi_4)
     5    0.027131    0.146264    0.092578    5.559759 v _344_/Y (sky130_fd_sc_hd__a21oi_4)
                                                         _173_ (net)
                      0.146264    0.000422    5.560181 v fanout38/A (sky130_fd_sc_hd__buf_6)
     8    0.022243    0.061051    0.265795    5.825975 v fanout38/X (sky130_fd_sc_hd__buf_6)
                                                         net38 (net)
                      0.061081    0.001256    5.827231 v _384_/C (sky130_fd_sc_hd__and3b_1)
     1    0.002856    0.070296    0.352122    6.179354 v _384_/X (sky130_fd_sc_hd__and3b_1)
                                                         _003_ (net)
                      0.070296    0.000065    6.179419 v _484_/D (sky130_fd_sc_hd__dfrtp_1)
                                              6.179419   data arrival time

                                  5.000000    5.000000   clock clk (rise edge)
                                  0.000000    5.000000   clock source latency
     1    0.015641    0.119882    0.080576    5.080576 ^ clk (in)
                                                         clk (net)
                      0.119886    0.000000    5.080576 ^ clkbuf_0_clk/A (sky130_fd_sc_hd__clkbuf_16)
     4    0.039744    0.094317    0.272118    5.352695 ^ clkbuf_0_clk/X (sky130_fd_sc_hd__clkbuf_16)
                                                         clknet_0_clk (net)
                      0.094326    0.000968    5.353663 ^ clkbuf_2_3__f_clk/A (sky130_fd_sc_hd__clkbuf_16)
     8    0.025141    0.073919    0.239945    5.593608 ^ clkbuf_2_3__f_clk/X (sky130_fd_sc_hd__clkbuf_16)
                                                         clknet_2_3__leaf_clk (net)
                      0.073921    0.000443    5.594052 ^ _484_/CLK (sky130_fd_sc_hd__dfrtp_1)
                                 -0.250000    5.344051   clock uncertainty
                                  0.000000    5.344051   clock reconvergence pessimism
                                 -0.275643    5.068408   library setup time
                                              5.068408   data required time
---------------------------------------------------------------------------------------------
                                              5.068408   data required time
                                             -6.179419   data arrival time
---------------------------------------------------------------------------------------------
                                             -1.111010   slack (VIOLATED)




===========================================================================
 report_check_types -max_slew -max_cap -max_fanout -violators
============================================================================
======================= nom_ss_100C_1v60 Corner ===================================



===========================================================================
report_parasitic_annotation -report_unannotated
============================================================================
Found 3 unannotated drivers.
 clkload0/Y
 clkload1/X
 clkload2/Y
Found 0 partially unannotated drivers.

===========================================================================
max slew violation count 0
max fanout violation count 0
max cap violation count 0
============================================================================

===========================================================================
check_setup -verbose -unconstrained_endpoints -multiple_clock -no_clock -no_input_delay -loops -generated_clocks
===========================================================================
