Clock: clk
Sources: clk 
Generated: no
Virtual: yes
Propagated: no
Period: 5.000000

===========================================================================
report_clock_properties
============================================================================
Clock                   Period          Waveform
----------------------------------------------------
clk                   5.000000    0.000000  2.500000

===========================================================================
report_clock_latency
============================================================================
Clock clk
rise -> rise
    min     max
0.000000 0.000000 source latency
0.332981         network latency _783_/CLK
        0.336808 network latency _791_/CLK
---------------
0.332981 0.336808 latency
        0.003827 skew

fall -> fall
    min     max
0.000000 0.000000 source latency
0.322110         network latency _783_/CLK
        0.325742 network latency _791_/CLK
---------------
0.322110 0.325742 latency
        0.003631 skew



===========================================================================
report_clock_min_period
============================================================================
clk period_min = 3.71 fmax = 269.38
