
===========================================================================
Violator List
============================================================================
[setup in-reg] psc[0] -> _780_/D : -0.755825
[setup in-reg] psc[0] -> _783_/D : -0.753051
[setup in-reg] psc[0] -> _796_/D : -0.749446
[setup in-reg] psc[0] -> _791_/D : -0.748523
[setup in-reg] psc[0] -> _784_/D : -0.745406
[setup in-reg] psc[0] -> _786_/D : -0.743362
[setup in-reg] psc[0] -> _799_/D : -0.741748
[setup in-reg] psc[0] -> _779_/D : -0.740992
[setup in-reg] psc[0] -> _782_/D : -0.740222
[setup in-reg] psc[0] -> _795_/D : -0.739405
[setup in-reg] psc[0] -> _785_/D : -0.739371
[setup in-reg] psc[0] -> _775_/D : -0.737627
[setup in-reg] psc[0] -> _773_/D : -0.737371
[setup in-reg] psc[0] -> _778_/D : -0.735999
[setup in-reg] psc[0] -> _801_/D : -0.734707
[setup in-reg] psc[0] -> _789_/D : -0.733632
[setup in-reg] psc[0] -> _797_/D : -0.732748
[setup in-reg] psc[0] -> _793_/D : -0.732383
[setup in-reg] psc[0] -> _776_/D : -0.732181
[setup in-reg] psc[0] -> _800_/D : -0.730616
[setup in-reg] psc[0] -> _777_/D : -0.728451
[setup in-reg] psc[0] -> _781_/D : -0.726011
[setup in-reg] psc[0] -> _798_/D : -0.725121
[setup in-reg] psc[0] -> _792_/D : -0.722422
[setup in-reg] psc[0] -> _803_/D : -0.719711
[setup in-reg] psc[0] -> _788_/D : -0.717148
[setup in-reg] psc[0] -> _787_/D : -0.714965
[setup in-reg] psc[0] -> _794_/D : -0.704858
[setup in-reg] psc[0] -> _802_/D : -0.702691
[setup in-reg] psc[0] -> _774_/D : -0.702243
[setup in-reg] psc[0] -> _790_/D : -0.681688
[setup in-reg] psc[0] -> _804_/D : -0.659062
Writing metric timing__hold_vio__count__corner:nom_tt_025C_1v80: 0
Writing metric timing__hold_r2r__ws__corner:nom_tt_025C_1v80: 0.355396
Writing metric timing__hold_r2r_vio__count__corner:nom_tt_025C_1v80: 0
Writing metric timing__setup_vio__count__corner:nom_tt_025C_1v80: 32
Writing metric timing__setup_r2r__ws__corner:nom_tt_025C_1v80: 1e30
Writing metric timing__setup_r2r_vio__count__corner:nom_tt_025C_1v80: 0
