
===========================================================================
report_checks -unconstrained
===========================================================================
======================= nom_tt_025C_1v80 Corner ===================================

Startpoint: rst (input port clocked by clk)
Endpoint: _119_ (recovery check against rising-edge clock clk)
Path Group: asynchronous
Path Type: max

Fanout         Cap        Slew       Delay        Time   Description
---------------------------------------------------------------------------------------------
                                  0.000000    0.000000   clock clk (rise edge)
                                  0.000000    0.000000   clock network delay (propagated)
                                  1.000000    1.000000 v input external delay
     1    0.002045    0.006898    0.003140    1.003140 v rst (in)
                                                         rst (net)
                      0.006898    0.000000    1.003140 v hold2/A (sky130_fd_sc_hd__dlygate4sd3_1)
     1    0.002336    0.052323    0.529813    1.532954 v hold2/X (sky130_fd_sc_hd__dlygate4sd3_1)
                                                         net12 (net)
                      0.052323    0.000005    1.532958 v input9/A (sky130_fd_sc_hd__clkbuf_4)
     9    0.044225    0.097207    0.201457    1.734415 v input9/X (sky130_fd_sc_hd__clkbuf_4)
                                                         net9 (net)
                      0.097207    0.000284    1.734698 v _110_/A (sky130_fd_sc_hd__inv_2)
     1    0.004182    0.037865    0.064758    1.799456 ^ _110_/Y (sky130_fd_sc_hd__inv_2)
                                                         _015_ (net)
                      0.037865    0.000012    1.799468 ^ _119_/RESET_B (sky130_fd_sc_hd__dfrtp_1)
                                              1.799468   data arrival time

                                  5.000000    5.000000   clock clk (rise edge)
                                  0.000000    5.000000   clock source latency
     1    0.009260    0.048112    0.031595    5.031595 ^ clk (in)
                                                         clk (net)
                      0.048113    0.000000    5.031595 ^ clkbuf_0_clk/A (sky130_fd_sc_hd__clkbuf_16)
     2    0.017954    0.040103    0.124644    5.156240 ^ clkbuf_0_clk/X (sky130_fd_sc_hd__clkbuf_16)
                                                         clknet_0_clk (net)
                      0.040103    0.000067    5.156307 ^ clkbuf_1_0__f_clk/A (sky130_fd_sc_hd__clkbuf_16)
     5    0.012198    0.035206    0.116215    5.272521 ^ clkbuf_1_0__f_clk/X (sky130_fd_sc_hd__clkbuf_16)
                                                         clknet_1_0__leaf_clk (net)
                      0.035206    0.000020    5.272541 ^ _119_/CLK (sky130_fd_sc_hd__dfrtp_1)
                                 -0.250000    5.022541   clock uncertainty
                                  0.000000    5.022541   clock reconvergence pessimism
                                  0.229180    5.251721   library recovery time
                                              5.251721   data required time
---------------------------------------------------------------------------------------------
                                              5.251721   data required time
                                             -1.799468   data arrival time
---------------------------------------------------------------------------------------------
                                              3.452253   slack (MET)


Startpoint: psc[1] (input port clocked by clk)
Endpoint: _119_ (rising edge-triggered flip-flop clocked by clk)
Path Group: clk
Path Type: max

Fanout         Cap        Slew       Delay        Time   Description
---------------------------------------------------------------------------------------------
                                  0.000000    0.000000   clock clk (rise edge)
                                  0.000000    0.000000   clock network delay (propagated)
                                  1.000000    1.000000 ^ input external delay
     1    0.003657    0.023449    0.013300    1.013300 ^ psc[1] (in)
                                                         psc[1] (net)
                      0.023449    0.000000    1.013300 ^ input2/A (sky130_fd_sc_hd__clkbuf_1)
     2    0.004489    0.064845    0.086672    1.099972 ^ input2/X (sky130_fd_sc_hd__clkbuf_1)
                                                         net2 (net)
                      0.064845    0.000005    1.099977 ^ _061_/A_N (sky130_fd_sc_hd__and2b_1)
     1    0.002796    0.034766    0.173741    1.273718 v _061_/X (sky130_fd_sc_hd__and2b_1)
                                                         _022_ (net)
                      0.034766    0.000009    1.273727 v _064_/B1 (sky130_fd_sc_hd__a21o_1)
     1    0.003486    0.036267    0.148529    1.422256 v _064_/X (sky130_fd_sc_hd__a21o_1)
                                                         _025_ (net)
                      0.036267    0.000015    1.422271 v _070_/A1 (sky130_fd_sc_hd__a41o_1)
     1    0.008830    0.064994    0.198537    1.620808 v _070_/X (sky130_fd_sc_hd__a41o_1)
                                                         _031_ (net)
                      0.064994    0.000031    1.620839 v _082_/A1 (sky130_fd_sc_hd__a21oi_4)
     9    0.023745    0.206250    0.210781    1.831620 ^ _082_/Y (sky130_fd_sc_hd__a21oi_4)
                                                         _043_ (net)
                      0.206250    0.000067    1.831687 ^ _103_/B1_N (sky130_fd_sc_hd__a21boi_1)
     1    0.002711    0.105941    0.181603    2.013290 ^ _103_/Y (sky130_fd_sc_hd__a21boi_1)
                                                         _007_ (net)
                      0.105941    0.000008    2.013298 ^ _119_/D (sky130_fd_sc_hd__dfrtp_1)
                                              2.013298   data arrival time

                                  5.000000    5.000000   clock clk (rise edge)
                                  0.000000    5.000000   clock source latency
     1    0.009260    0.048112    0.031595    5.031595 ^ clk (in)
                                                         clk (net)
                      0.048113    0.000000    5.031595 ^ clkbuf_0_clk/A (sky130_fd_sc_hd__clkbuf_16)
     2    0.017954    0.040103    0.124644    5.156240 ^ clkbuf_0_clk/X (sky130_fd_sc_hd__clkbuf_16)
                                                         clknet_0_clk (net)
                      0.040103    0.000067    5.156307 ^ clkbuf_1_0__f_clk/A (sky130_fd_sc_hd__clkbuf_16)
     5    0.012198    0.035206    0.116215    5.272521 ^ clkbuf_1_0__f_clk/X (sky130_fd_sc_hd__clkbuf_16)
                                                         clknet_1_0__leaf_clk (net)
                      0.035206    0.000020    5.272541 ^ _119_/CLK (sky130_fd_sc_hd__dfrtp_1)
                                 -0.250000    5.022541   clock uncertainty
                                  0.000000    5.022541   clock reconvergence pessimism
                                 -0.075406    4.947135   library setup time
                                              4.947135   data required time
---------------------------------------------------------------------------------------------
                                              4.947135   data required time
                                             -2.013298   data arrival time
---------------------------------------------------------------------------------------------
                                              2.933837   slack (MET)




===========================================================================
report_checks --slack_max -0.01
============================================================================
======================= nom_tt_025C_1v80 Corner ===================================

No paths found.


===========================================================================
 report_check_types -max_slew -max_cap -max_fanout -violators
============================================================================
======================= nom_tt_025C_1v80 Corner ===================================



===========================================================================
report_parasitic_annotation -report_unannotated
============================================================================
Found 1 unannotated drivers.
 clkload0/X
Found 0 partially unannotated drivers.

===========================================================================
max slew violation count 0
Writing metric design__max_slew_violation__count__corner:nom_tt_025C_1v80: 0
max fanout violation count 0
Writing metric design__max_fanout_violation__count__corner:nom_tt_025C_1v80: 0
max cap violation count 0
Writing metric design__max_cap_violation__count__corner:nom_tt_025C_1v80: 0
============================================================================

===========================================================================
check_setup -verbose -unconstrained_endpoints -multiple_clock -no_clock -no_input_delay -loops -generated_clocks
===========================================================================
