
===========================================================================
report_checks -path_delay max (Setup)
============================================================================
======================= nom_tt_025C_1v80 Corner ===================================

Startpoint: psc[1] (input port clocked by clk)
Endpoint: _119_ (rising edge-triggered flip-flop clocked by clk)
Path Group: clk
Path Type: max

Fanout         Cap        Slew       Delay        Time   Description
---------------------------------------------------------------------------------------------
                                  0.000000    0.000000   clock clk (rise edge)
                                  0.000000    0.000000   clock network delay (propagated)
                                  1.000000    1.000000 ^ input external delay
     1    0.003657    0.023449    0.013300    1.013300 ^ psc[1] (in)
                                                         psc[1] (net)
                      0.023449    0.000000    1.013300 ^ input2/A (sky130_fd_sc_hd__clkbuf_1)
     2    0.004489    0.064845    0.086672    1.099972 ^ input2/X (sky130_fd_sc_hd__clkbuf_1)
                                                         net2 (net)
                      0.064845    0.000005    1.099977 ^ _061_/A_N (sky130_fd_sc_hd__and2b_1)
     1    0.002796    0.034766    0.173741    1.273718 v _061_/X (sky130_fd_sc_hd__and2b_1)
                                                         _022_ (net)
                      0.034766    0.000009    1.273727 v _064_/B1 (sky130_fd_sc_hd__a21o_1)
     1    0.003486    0.036267    0.148529    1.422256 v _064_/X (sky130_fd_sc_hd__a21o_1)
                                                         _025_ (net)
                      0.036267    0.000015    1.422271 v _070_/A1 (sky130_fd_sc_hd__a41o_1)
     1    0.008830    0.064994    0.198537    1.620808 v _070_/X (sky130_fd_sc_hd__a41o_1)
                                                         _031_ (net)
                      0.064994    0.000031    1.620839 v _082_/A1 (sky130_fd_sc_hd__a21oi_4)
     9    0.023745    0.206250    0.210781    1.831620 ^ _082_/Y (sky130_fd_sc_hd__a21oi_4)
                                                         _043_ (net)
                      0.206250    0.000067    1.831687 ^ _103_/B1_N (sky130_fd_sc_hd__a21boi_1)
     1    0.002711    0.105941    0.181603    2.013290 ^ _103_/Y (sky130_fd_sc_hd__a21boi_1)
                                                         _007_ (net)
                      0.105941    0.000008    2.013298 ^ _119_/D (sky130_fd_sc_hd__dfrtp_1)
                                              2.013298   data arrival time

                                  5.000000    5.000000   clock clk (rise edge)
                                  0.000000    5.000000   clock source latency
     1    0.009260    0.048112    0.031595    5.031595 ^ clk (in)
                                                         clk (net)
                      0.048113    0.000000    5.031595 ^ clkbuf_0_clk/A (sky130_fd_sc_hd__clkbuf_16)
     2    0.017954    0.040103    0.124644    5.156240 ^ clkbuf_0_clk/X (sky130_fd_sc_hd__clkbuf_16)
                                                         clknet_0_clk (net)
                      0.040103    0.000067    5.156307 ^ clkbuf_1_0__f_clk/A (sky130_fd_sc_hd__clkbuf_16)
     5    0.012198    0.035206    0.116215    5.272521 ^ clkbuf_1_0__f_clk/X (sky130_fd_sc_hd__clkbuf_16)
                                                         clknet_1_0__leaf_clk (net)
                      0.035206    0.000020    5.272541 ^ _119_/CLK (sky130_fd_sc_hd__dfrtp_1)
                                 -0.250000    5.022541   clock uncertainty
                                  0.000000    5.022541   clock reconvergence pessimism
                                 -0.075406    4.947135   library setup time
                                              4.947135   data required time
---------------------------------------------------------------------------------------------
                                              4.947135   data required time
                                             -2.013298   data arrival time
---------------------------------------------------------------------------------------------
                                              2.933837   slack (MET)


Startpoint: _120_ (rising edge-triggered flip-flop clocked by clk)
Endpoint: out (output port clocked by clk)
Path Group: clk
Path Type: max

Fanout         Cap        Slew       Delay        Time   Description
---------------------------------------------------------------------------------------------
                                  0.000000    0.000000   clock clk (rise edge)
                                  0.000000    0.000000   clock source latency
     1    0.009260    0.048112    0.031595    0.031595 ^ clk (in)
                                                         clk (net)
                      0.048113    0.000000    0.031595 ^ clkbuf_0_clk/A (sky130_fd_sc_hd__clkbuf_16)
     2    0.017954    0.040103    0.124644    0.156239 ^ clkbuf_0_clk/X (sky130_fd_sc_hd__clkbuf_16)
                                                         clknet_0_clk (net)
                      0.040103    0.000067    0.156307 ^ clkbuf_1_0__f_clk/A (sky130_fd_sc_hd__clkbuf_16)
     5    0.012198    0.035206    0.116215    0.272521 ^ clkbuf_1_0__f_clk/X (sky130_fd_sc_hd__clkbuf_16)
                                                         clknet_1_0__leaf_clk (net)
                      0.035206    0.000014    0.272535 ^ _120_/CLK (sky130_fd_sc_hd__dfrtp_1)
     2    0.003907    0.046112    0.356174    0.628709 v _120_/Q (sky130_fd_sc_hd__dfrtp_1)
                                                         net10 (net)
                      0.046112    0.000004    0.628713 v output10/A (sky130_fd_sc_hd__buf_2)
     1    0.034093    0.088877    0.180696    0.809409 v output10/X (sky130_fd_sc_hd__buf_2)
                                                         out (net)
                      0.088877    0.000107    0.809516 v out (out)
                                              0.809516   data arrival time

                                  5.000000    5.000000   clock clk (rise edge)
                                  0.000000    5.000000   clock network delay (propagated)
                                 -0.250000    4.750000   clock uncertainty
                                  0.000000    4.750000   clock reconvergence pessimism
                                 -1.000000    3.750000   output external delay
                                              3.750000   data required time
---------------------------------------------------------------------------------------------
                                              3.750000   data required time
                                             -0.809516   data arrival time
---------------------------------------------------------------------------------------------
                                              2.940484   slack (MET)


Startpoint: psc[1] (input port clocked by clk)
Endpoint: _114_ (rising edge-triggered flip-flop clocked by clk)
Path Group: clk
Path Type: max

Fanout         Cap        Slew       Delay        Time   Description
---------------------------------------------------------------------------------------------
                                  0.000000    0.000000   clock clk (rise edge)
                                  0.000000    0.000000   clock network delay (propagated)
                                  1.000000    1.000000 ^ input external delay
     1    0.003657    0.023449    0.013300    1.013300 ^ psc[1] (in)
                                                         psc[1] (net)
                      0.023449    0.000000    1.013300 ^ input2/A (sky130_fd_sc_hd__clkbuf_1)
     2    0.004489    0.064845    0.086672    1.099972 ^ input2/X (sky130_fd_sc_hd__clkbuf_1)
                                                         net2 (net)
                      0.064845    0.000005    1.099977 ^ _061_/A_N (sky130_fd_sc_hd__and2b_1)
     1    0.002796    0.034766    0.173741    1.273718 v _061_/X (sky130_fd_sc_hd__and2b_1)
                                                         _022_ (net)
                      0.034766    0.000009    1.273727 v _064_/B1 (sky130_fd_sc_hd__a21o_1)
     1    0.003486    0.036267    0.148529    1.422256 v _064_/X (sky130_fd_sc_hd__a21o_1)
                                                         _025_ (net)
                      0.036267    0.000015    1.422271 v _070_/A1 (sky130_fd_sc_hd__a41o_1)
     1    0.008830    0.064994    0.198537    1.620808 v _070_/X (sky130_fd_sc_hd__a41o_1)
                                                         _031_ (net)
                      0.064994    0.000031    1.620839 v _082_/A1 (sky130_fd_sc_hd__a21oi_4)
     9    0.023745    0.206250    0.210781    1.831620 ^ _082_/Y (sky130_fd_sc_hd__a21oi_4)
                                                         _043_ (net)
                      0.206250    0.000122    1.831742 ^ _090_/C (sky130_fd_sc_hd__and3b_1)
     1    0.002479    0.049901    0.180232    2.011974 ^ _090_/X (sky130_fd_sc_hd__and3b_1)
                                                         _002_ (net)
                      0.049901    0.000007    2.011981 ^ _114_/D (sky130_fd_sc_hd__dfrtp_1)
                                              2.011981   data arrival time

                                  5.000000    5.000000   clock clk (rise edge)
                                  0.000000    5.000000   clock source latency
     1    0.009260    0.048112    0.031595    5.031595 ^ clk (in)
                                                         clk (net)
                      0.048113    0.000000    5.031595 ^ clkbuf_0_clk/A (sky130_fd_sc_hd__clkbuf_16)
     2    0.017954    0.040103    0.124644    5.156240 ^ clkbuf_0_clk/X (sky130_fd_sc_hd__clkbuf_16)
                                                         clknet_0_clk (net)
                      0.040103    0.000052    5.156291 ^ clkbuf_1_1__f_clk/A (sky130_fd_sc_hd__clkbuf_16)
     5    0.011689    0.034772    0.115728    5.272019 ^ clkbuf_1_1__f_clk/X (sky130_fd_sc_hd__clkbuf_16)
                                                         clknet_1_1__leaf_clk (net)
                      0.034772    0.000005    5.272024 ^ _114_/CLK (sky130_fd_sc_hd__dfrtp_1)
                                 -0.250000    5.022024   clock uncertainty
                                  0.000000    5.022024   clock reconvergence pessimism
                                 -0.062498    4.959526   library setup time
                                              4.959526   data required time
---------------------------------------------------------------------------------------------
                                              4.959526   data required time
                                             -2.011981   data arrival time
---------------------------------------------------------------------------------------------
                                              2.947545   slack (MET)


Startpoint: psc[1] (input port clocked by clk)
Endpoint: _118_ (rising edge-triggered flip-flop clocked by clk)
Path Group: clk
Path Type: max

Fanout         Cap        Slew       Delay        Time   Description
---------------------------------------------------------------------------------------------
                                  0.000000    0.000000   clock clk (rise edge)
                                  0.000000    0.000000   clock network delay (propagated)
                                  1.000000    1.000000 ^ input external delay
     1    0.003657    0.023449    0.013300    1.013300 ^ psc[1] (in)
                                                         psc[1] (net)
                      0.023449    0.000000    1.013300 ^ input2/A (sky130_fd_sc_hd__clkbuf_1)
     2    0.004489    0.064845    0.086672    1.099972 ^ input2/X (sky130_fd_sc_hd__clkbuf_1)
                                                         net2 (net)
                      0.064845    0.000005    1.099977 ^ _061_/A_N (sky130_fd_sc_hd__and2b_1)
     1    0.002796    0.034766    0.173741    1.273718 v _061_/X (sky130_fd_sc_hd__and2b_1)
                                                         _022_ (net)
                      0.034766    0.000009    1.273727 v _064_/B1 (sky130_fd_sc_hd__a21o_1)
     1    0.003486    0.036267    0.148529    1.422256 v _064_/X (sky130_fd_sc_hd__a21o_1)
                                                         _025_ (net)
                      0.036267    0.000015    1.422271 v _070_/A1 (sky130_fd_sc_hd__a41o_1)
     1    0.008830    0.064994    0.198537    1.620808 v _070_/X (sky130_fd_sc_hd__a41o_1)
                                                         _031_ (net)
                      0.064994    0.000031    1.620839 v _082_/A1 (sky130_fd_sc_hd__a21oi_4)
     9    0.023745    0.206250    0.210781    1.831620 ^ _082_/Y (sky130_fd_sc_hd__a21oi_4)
                                                         _043_ (net)
                      0.206250    0.000206    1.831826 ^ _102_/A (sky130_fd_sc_hd__and3_1)
     1    0.002698    0.051812    0.180050    2.011876 ^ _102_/X (sky130_fd_sc_hd__and3_1)
                                                         _006_ (net)
                      0.051812    0.000008    2.011884 ^ _118_/D (sky130_fd_sc_hd__dfrtp_1)
                                              2.011884   data arrival time

                                  5.000000    5.000000   clock clk (rise edge)
                                  0.000000    5.000000   clock source latency
     1    0.009260    0.048112    0.031595    5.031595 ^ clk (in)
                                                         clk (net)
                      0.048113    0.000000    5.031595 ^ clkbuf_0_clk/A (sky130_fd_sc_hd__clkbuf_16)
     2    0.017954    0.040103    0.124644    5.156240 ^ clkbuf_0_clk/X (sky130_fd_sc_hd__clkbuf_16)
                                                         clknet_0_clk (net)
                      0.040103    0.000067    5.156307 ^ clkbuf_1_0__f_clk/A (sky130_fd_sc_hd__clkbuf_16)
     5    0.012198    0.035206    0.116215    5.272521 ^ clkbuf_1_0__f_clk/X (sky130_fd_sc_hd__clkbuf_16)
                                                         clknet_1_0__leaf_clk (net)
                      0.035206    0.000012    5.272533 ^ _118_/CLK (sky130_fd_sc_hd__dfrtp_1)
                                 -0.250000    5.022533   clock uncertainty
                                  0.000000    5.022533   clock reconvergence pessimism
                                 -0.062875    4.959658   library setup time
                                              4.959658   data required time
---------------------------------------------------------------------------------------------
                                              4.959658   data required time
                                             -2.011884   data arrival time
---------------------------------------------------------------------------------------------
                                              2.947774   slack (MET)


Startpoint: psc[1] (input port clocked by clk)
Endpoint: _117_ (rising edge-triggered flip-flop clocked by clk)
Path Group: clk
Path Type: max

Fanout         Cap        Slew       Delay        Time   Description
---------------------------------------------------------------------------------------------
                                  0.000000    0.000000   clock clk (rise edge)
                                  0.000000    0.000000   clock network delay (propagated)
                                  1.000000    1.000000 ^ input external delay
     1    0.003657    0.023449    0.013300    1.013300 ^ psc[1] (in)
                                                         psc[1] (net)
                      0.023449    0.000000    1.013300 ^ input2/A (sky130_fd_sc_hd__clkbuf_1)
     2    0.004489    0.064845    0.086672    1.099972 ^ input2/X (sky130_fd_sc_hd__clkbuf_1)
                                                         net2 (net)
                      0.064845    0.000005    1.099977 ^ _061_/A_N (sky130_fd_sc_hd__and2b_1)
     1    0.002796    0.034766    0.173741    1.273718 v _061_/X (sky130_fd_sc_hd__and2b_1)
                                                         _022_ (net)
                      0.034766    0.000009    1.273727 v _064_/B1 (sky130_fd_sc_hd__a21o_1)
     1    0.003486    0.036267    0.148529    1.422256 v _064_/X (sky130_fd_sc_hd__a21o_1)
                                                         _025_ (net)
                      0.036267    0.000015    1.422271 v _070_/A1 (sky130_fd_sc_hd__a41o_1)
     1    0.008830    0.064994    0.198537    1.620808 v _070_/X (sky130_fd_sc_hd__a41o_1)
                                                         _031_ (net)
                      0.064994    0.000031    1.620839 v _082_/A1 (sky130_fd_sc_hd__a21oi_4)
     9    0.023745    0.206250    0.210781    1.831620 ^ _082_/Y (sky130_fd_sc_hd__a21oi_4)
                                                         _043_ (net)
                      0.206250    0.000199    1.831818 ^ _099_/C (sky130_fd_sc_hd__and3b_1)
     1    0.002321    0.048500    0.178789    2.010607 ^ _099_/X (sky130_fd_sc_hd__and3b_1)
                                                         _005_ (net)
                      0.048500    0.000004    2.010611 ^ _117_/D (sky130_fd_sc_hd__dfrtp_1)
                                              2.010611   data arrival time

                                  5.000000    5.000000   clock clk (rise edge)
                                  0.000000    5.000000   clock source latency
     1    0.009260    0.048112    0.031595    5.031595 ^ clk (in)
                                                         clk (net)
                      0.048113    0.000000    5.031595 ^ clkbuf_0_clk/A (sky130_fd_sc_hd__clkbuf_16)
     2    0.017954    0.040103    0.124644    5.156240 ^ clkbuf_0_clk/X (sky130_fd_sc_hd__clkbuf_16)
                                                         clknet_0_clk (net)
                      0.040103    0.000067    5.156307 ^ clkbuf_1_0__f_clk/A (sky130_fd_sc_hd__clkbuf_16)
     5    0.012198    0.035206    0.116215    5.272521 ^ clkbuf_1_0__f_clk/X (sky130_fd_sc_hd__clkbuf_16)
                                                         clknet_1_0__leaf_clk (net)
                      0.035206    0.000048    5.272570 ^ _117_/CLK (sky130_fd_sc_hd__dfrtp_1)
                                 -0.250000    5.022570   clock uncertainty
                                  0.000000    5.022570   clock reconvergence pessimism
                                 -0.062109    4.960461   library setup time
                                              4.960461   data required time
---------------------------------------------------------------------------------------------
                                              4.960461   data required time
                                             -2.010611   data arrival time
---------------------------------------------------------------------------------------------
                                              2.949850   slack (MET)


Startpoint: psc[1] (input port clocked by clk)
Endpoint: _115_ (rising edge-triggered flip-flop clocked by clk)
Path Group: clk
Path Type: max

Fanout         Cap        Slew       Delay        Time   Description
---------------------------------------------------------------------------------------------
                                  0.000000    0.000000   clock clk (rise edge)
                                  0.000000    0.000000   clock network delay (propagated)
                                  1.000000    1.000000 ^ input external delay
     1    0.003657    0.023449    0.013300    1.013300 ^ psc[1] (in)
                                                         psc[1] (net)
                      0.023449    0.000000    1.013300 ^ input2/A (sky130_fd_sc_hd__clkbuf_1)
     2    0.004489    0.064845    0.086672    1.099972 ^ input2/X (sky130_fd_sc_hd__clkbuf_1)
                                                         net2 (net)
                      0.064845    0.000005    1.099977 ^ _061_/A_N (sky130_fd_sc_hd__and2b_1)
     1    0.002796    0.034766    0.173741    1.273718 v _061_/X (sky130_fd_sc_hd__and2b_1)
                                                         _022_ (net)
                      0.034766    0.000009    1.273727 v _064_/B1 (sky130_fd_sc_hd__a21o_1)
     1    0.003486    0.036267    0.148529    1.422256 v _064_/X (sky130_fd_sc_hd__a21o_1)
                                                         _025_ (net)
                      0.036267    0.000015    1.422271 v _070_/A1 (sky130_fd_sc_hd__a41o_1)
     1    0.008830    0.064994    0.198537    1.620808 v _070_/X (sky130_fd_sc_hd__a41o_1)
                                                         _031_ (net)
                      0.064994    0.000031    1.620839 v _082_/A1 (sky130_fd_sc_hd__a21oi_4)
     9    0.023745    0.206250    0.210781    1.831620 ^ _082_/Y (sky130_fd_sc_hd__a21oi_4)
                                                         _043_ (net)
                      0.206250    0.000113    1.831733 ^ _093_/C (sky130_fd_sc_hd__and3b_1)
     1    0.002184    0.047280    0.177531    2.009264 ^ _093_/X (sky130_fd_sc_hd__and3b_1)
                                                         _003_ (net)
                      0.047280    0.000002    2.009265 ^ _115_/D (sky130_fd_sc_hd__dfrtp_1)
                                              2.009265   data arrival time

                                  5.000000    5.000000   clock clk (rise edge)
                                  0.000000    5.000000   clock source latency
     1    0.009260    0.048112    0.031595    5.031595 ^ clk (in)
                                                         clk (net)
                      0.048113    0.000000    5.031595 ^ clkbuf_0_clk/A (sky130_fd_sc_hd__clkbuf_16)
     2    0.017954    0.040103    0.124644    5.156240 ^ clkbuf_0_clk/X (sky130_fd_sc_hd__clkbuf_16)
                                                         clknet_0_clk (net)
                      0.040103    0.000052    5.156291 ^ clkbuf_1_1__f_clk/A (sky130_fd_sc_hd__clkbuf_16)
     5    0.011689    0.034772    0.115728    5.272019 ^ clkbuf_1_1__f_clk/X (sky130_fd_sc_hd__clkbuf_16)
                                                         clknet_1_1__leaf_clk (net)
                      0.034772    0.000030    5.272049 ^ _115_/CLK (sky130_fd_sc_hd__dfrtp_1)
                                 -0.250000    5.022049   clock uncertainty
                                  0.000000    5.022049   clock reconvergence pessimism
                                 -0.061891    4.960158   library setup time
                                              4.960158   data required time
---------------------------------------------------------------------------------------------
                                              4.960158   data required time
                                             -2.009265   data arrival time
---------------------------------------------------------------------------------------------
                                              2.950893   slack (MET)


Startpoint: psc[1] (input port clocked by clk)
Endpoint: _116_ (rising edge-triggered flip-flop clocked by clk)
Path Group: clk
Path Type: max

Fanout         Cap        Slew       Delay        Time   Description
---------------------------------------------------------------------------------------------
                                  0.000000    0.000000   clock clk (rise edge)
                                  0.000000    0.000000   clock network delay (propagated)
                                  1.000000    1.000000 ^ input external delay
     1    0.003657    0.023449    0.013300    1.013300 ^ psc[1] (in)
                                                         psc[1] (net)
                      0.023449    0.000000    1.013300 ^ input2/A (sky130_fd_sc_hd__clkbuf_1)
     2    0.004489    0.064845    0.086672    1.099972 ^ input2/X (sky130_fd_sc_hd__clkbuf_1)
                                                         net2 (net)
                      0.064845    0.000005    1.099977 ^ _061_/A_N (sky130_fd_sc_hd__and2b_1)
     1    0.002796    0.034766    0.173741    1.273718 v _061_/X (sky130_fd_sc_hd__and2b_1)
                                                         _022_ (net)
                      0.034766    0.000009    1.273727 v _064_/B1 (sky130_fd_sc_hd__a21o_1)
     1    0.003486    0.036267    0.148529    1.422256 v _064_/X (sky130_fd_sc_hd__a21o_1)
                                                         _025_ (net)
                      0.036267    0.000015    1.422271 v _070_/A1 (sky130_fd_sc_hd__a41o_1)
     1    0.008830    0.064994    0.198537    1.620808 v _070_/X (sky130_fd_sc_hd__a41o_1)
                                                         _031_ (net)
                      0.064994    0.000031    1.620839 v _082_/A1 (sky130_fd_sc_hd__a21oi_4)
     9    0.023745    0.206250    0.210781    1.831620 ^ _082_/Y (sky130_fd_sc_hd__a21oi_4)
                                                         _043_ (net)
                      0.206250    0.000161    1.831781 ^ _096_/C (sky130_fd_sc_hd__and3b_1)
     1    0.002184    0.047280    0.177531    2.009312 ^ _096_/X (sky130_fd_sc_hd__and3b_1)
                                                         _004_ (net)
                      0.047280    0.000002    2.009314 ^ _116_/D (sky130_fd_sc_hd__dfrtp_1)
                                              2.009314   data arrival time

                                  5.000000    5.000000   clock clk (rise edge)
                                  0.000000    5.000000   clock source latency
     1    0.009260    0.048112    0.031595    5.031595 ^ clk (in)
                                                         clk (net)
                      0.048113    0.000000    5.031595 ^ clkbuf_0_clk/A (sky130_fd_sc_hd__clkbuf_16)
     2    0.017954    0.040103    0.124644    5.156240 ^ clkbuf_0_clk/X (sky130_fd_sc_hd__clkbuf_16)
                                                         clknet_0_clk (net)
                      0.040103    0.000067    5.156307 ^ clkbuf_1_0__f_clk/A (sky130_fd_sc_hd__clkbuf_16)
     5    0.012198    0.035206    0.116215    5.272521 ^ clkbuf_1_0__f_clk/X (sky130_fd_sc_hd__clkbuf_16)
                                                         clknet_1_0__leaf_clk (net)
                      0.035206    0.000036    5.272557 ^ _116_/CLK (sky130_fd_sc_hd__dfrtp_1)
                                 -0.250000    5.022557   clock uncertainty
                                  0.000000    5.022557   clock reconvergence pessimism
                                 -0.061826    4.960731   library setup time
                                              4.960731   data required time
---------------------------------------------------------------------------------------------
                                              4.960731   data required time
                                             -2.009314   data arrival time
---------------------------------------------------------------------------------------------
                                              2.951417   slack (MET)


Startpoint: psc[1] (input port clocked by clk)
Endpoint: _113_ (rising edge-triggered flip-flop clocked by clk)
Path Group: clk
Path Type: max

Fanout         Cap        Slew       Delay        Time   Description
---------------------------------------------------------------------------------------------
                                  0.000000    0.000000   clock clk (rise edge)
                                  0.000000    0.000000   clock network delay (propagated)
                                  1.000000    1.000000 ^ input external delay
     1    0.003657    0.023449    0.013300    1.013300 ^ psc[1] (in)
                                                         psc[1] (net)
                      0.023449    0.000000    1.013300 ^ input2/A (sky130_fd_sc_hd__clkbuf_1)
     2    0.004489    0.064845    0.086672    1.099972 ^ input2/X (sky130_fd_sc_hd__clkbuf_1)
                                                         net2 (net)
                      0.064845    0.000005    1.099977 ^ _061_/A_N (sky130_fd_sc_hd__and2b_1)
     1    0.002796    0.034766    0.173741    1.273718 v _061_/X (sky130_fd_sc_hd__and2b_1)
                                                         _022_ (net)
                      0.034766    0.000009    1.273727 v _064_/B1 (sky130_fd_sc_hd__a21o_1)
     1    0.003486    0.036267    0.148529    1.422256 v _064_/X (sky130_fd_sc_hd__a21o_1)
                                                         _025_ (net)
                      0.036267    0.000015    1.422271 v _070_/A1 (sky130_fd_sc_hd__a41o_1)
     1    0.008830    0.064994    0.198537    1.620808 v _070_/X (sky130_fd_sc_hd__a41o_1)
                                                         _031_ (net)
                      0.064994    0.000031    1.620839 v _082_/A1 (sky130_fd_sc_hd__a21oi_4)
     9    0.023745    0.206250    0.210781    1.831620 ^ _082_/Y (sky130_fd_sc_hd__a21oi_4)
                                                         _043_ (net)
                      0.206250    0.000124    1.831744 ^ _087_/A (sky130_fd_sc_hd__and3_1)
     1    0.002184    0.047266    0.175369    2.007113 ^ _087_/X (sky130_fd_sc_hd__and3_1)
                                                         _001_ (net)
                      0.047266    0.000002    2.007115 ^ _113_/D (sky130_fd_sc_hd__dfrtp_1)
                                              2.007115   data arrival time

                                  5.000000    5.000000   clock clk (rise edge)
                                  0.000000    5.000000   clock source latency
     1    0.009260    0.048112    0.031595    5.031595 ^ clk (in)
                                                         clk (net)
                      0.048113    0.000000    5.031595 ^ clkbuf_0_clk/A (sky130_fd_sc_hd__clkbuf_16)
     2    0.017954    0.040103    0.124644    5.156240 ^ clkbuf_0_clk/X (sky130_fd_sc_hd__clkbuf_16)
                                                         clknet_0_clk (net)
                      0.040103    0.000052    5.156291 ^ clkbuf_1_1__f_clk/A (sky130_fd_sc_hd__clkbuf_16)
     5    0.011689    0.034772    0.115728    5.272019 ^ clkbuf_1_1__f_clk/X (sky130_fd_sc_hd__clkbuf_16)
                                                         clknet_1_1__leaf_clk (net)
                      0.034772    0.000012    5.272031 ^ _113_/CLK (sky130_fd_sc_hd__dfrtp_1)
                                 -0.250000    5.022031   clock uncertainty
                                  0.000000    5.022031   clock reconvergence pessimism
                                 -0.061888    4.960143   library setup time
                                              4.960143   data required time
---------------------------------------------------------------------------------------------
                                              4.960143   data required time
                                             -2.007115   data arrival time
---------------------------------------------------------------------------------------------
                                              2.953028   slack (MET)


Startpoint: psc[1] (input port clocked by clk)
Endpoint: _120_ (rising edge-triggered flip-flop clocked by clk)
Path Group: clk
Path Type: max

Fanout         Cap        Slew       Delay        Time   Description
---------------------------------------------------------------------------------------------
                                  0.000000    0.000000   clock clk (rise edge)
                                  0.000000    0.000000   clock network delay (propagated)
                                  1.000000    1.000000 ^ input external delay
     1    0.003657    0.023449    0.013300    1.013300 ^ psc[1] (in)
                                                         psc[1] (net)
                      0.023449    0.000000    1.013300 ^ input2/A (sky130_fd_sc_hd__clkbuf_1)
     2    0.004489    0.064845    0.086672    1.099972 ^ input2/X (sky130_fd_sc_hd__clkbuf_1)
                                                         net2 (net)
                      0.064845    0.000005    1.099977 ^ _061_/A_N (sky130_fd_sc_hd__and2b_1)
     1    0.002796    0.034766    0.173741    1.273718 v _061_/X (sky130_fd_sc_hd__and2b_1)
                                                         _022_ (net)
                      0.034766    0.000009    1.273727 v _064_/B1 (sky130_fd_sc_hd__a21o_1)
     1    0.003486    0.036267    0.148529    1.422256 v _064_/X (sky130_fd_sc_hd__a21o_1)
                                                         _025_ (net)
                      0.036267    0.000015    1.422271 v _070_/A1 (sky130_fd_sc_hd__a41o_1)
     1    0.008830    0.064994    0.198537    1.620808 v _070_/X (sky130_fd_sc_hd__a41o_1)
                                                         _031_ (net)
                      0.064994    0.000031    1.620839 v _082_/A1 (sky130_fd_sc_hd__a21oi_4)
     9    0.023745    0.206250    0.210781    1.831620 ^ _082_/Y (sky130_fd_sc_hd__a21oi_4)
                                                         _043_ (net)
                      0.206250    0.000203    1.831823 ^ _083_/B (sky130_fd_sc_hd__xnor2_1)
     1    0.002202    0.106154    0.136993    1.968816 ^ _083_/Y (sky130_fd_sc_hd__xnor2_1)
                                                         _017_ (net)
                      0.106154    0.000003    1.968819 ^ _120_/D (sky130_fd_sc_hd__dfrtp_1)
                                              1.968819   data arrival time

                                  5.000000    5.000000   clock clk (rise edge)
                                  0.000000    5.000000   clock source latency
     1    0.009260    0.048112    0.031595    5.031595 ^ clk (in)
                                                         clk (net)
                      0.048113    0.000000    5.031595 ^ clkbuf_0_clk/A (sky130_fd_sc_hd__clkbuf_16)
     2    0.017954    0.040103    0.124644    5.156240 ^ clkbuf_0_clk/X (sky130_fd_sc_hd__clkbuf_16)
                                                         clknet_0_clk (net)
                      0.040103    0.000067    5.156307 ^ clkbuf_1_0__f_clk/A (sky130_fd_sc_hd__clkbuf_16)
     5    0.012198    0.035206    0.116215    5.272521 ^ clkbuf_1_0__f_clk/X (sky130_fd_sc_hd__clkbuf_16)
                                                         clknet_1_0__leaf_clk (net)
                      0.035206    0.000014    5.272535 ^ _120_/CLK (sky130_fd_sc_hd__dfrtp_1)
                                 -0.250000    5.022535   clock uncertainty
                                  0.000000    5.022535   clock reconvergence pessimism
                                 -0.075456    4.947080   library setup time
                                              4.947080   data required time
---------------------------------------------------------------------------------------------
                                              4.947080   data required time
                                             -1.968819   data arrival time
---------------------------------------------------------------------------------------------
                                              2.978261   slack (MET)


Startpoint: psc[1] (input port clocked by clk)
Endpoint: _112_ (rising edge-triggered flip-flop clocked by clk)
Path Group: clk
Path Type: max

Fanout         Cap        Slew       Delay        Time   Description
---------------------------------------------------------------------------------------------
                                  0.000000    0.000000   clock clk (rise edge)
                                  0.000000    0.000000   clock network delay (propagated)
                                  1.000000    1.000000 ^ input external delay
     1    0.003657    0.023449    0.013300    1.013300 ^ psc[1] (in)
                                                         psc[1] (net)
                      0.023449    0.000000    1.013300 ^ input2/A (sky130_fd_sc_hd__clkbuf_1)
     2    0.004489    0.064845    0.086672    1.099972 ^ input2/X (sky130_fd_sc_hd__clkbuf_1)
                                                         net2 (net)
                      0.064845    0.000005    1.099977 ^ _061_/A_N (sky130_fd_sc_hd__and2b_1)
     1    0.002796    0.034766    0.173741    1.273718 v _061_/X (sky130_fd_sc_hd__and2b_1)
                                                         _022_ (net)
                      0.034766    0.000009    1.273727 v _064_/B1 (sky130_fd_sc_hd__a21o_1)
     1    0.003486    0.036267    0.148529    1.422256 v _064_/X (sky130_fd_sc_hd__a21o_1)
                                                         _025_ (net)
                      0.036267    0.000015    1.422271 v _070_/A1 (sky130_fd_sc_hd__a41o_1)
     1    0.008830    0.064994    0.198537    1.620808 v _070_/X (sky130_fd_sc_hd__a41o_1)
                                                         _031_ (net)
                      0.064994    0.000031    1.620839 v _082_/A1 (sky130_fd_sc_hd__a21oi_4)
     9    0.023745    0.206250    0.210781    1.831620 ^ _082_/Y (sky130_fd_sc_hd__a21oi_4)
                                                         _043_ (net)
                      0.206250    0.000141    1.831761 ^ _084_/B (sky130_fd_sc_hd__and2b_1)
     1    0.002264    0.040369    0.146135    1.977895 ^ _084_/X (sky130_fd_sc_hd__and2b_1)
                                                         _000_ (net)
                      0.040369    0.000004    1.977899 ^ _112_/D (sky130_fd_sc_hd__dfrtp_1)
                                              1.977899   data arrival time

                                  5.000000    5.000000   clock clk (rise edge)
                                  0.000000    5.000000   clock source latency
     1    0.009260    0.048112    0.031595    5.031595 ^ clk (in)
                                                         clk (net)
                      0.048113    0.000000    5.031595 ^ clkbuf_0_clk/A (sky130_fd_sc_hd__clkbuf_16)
     2    0.017954    0.040103    0.124644    5.156240 ^ clkbuf_0_clk/X (sky130_fd_sc_hd__clkbuf_16)
                                                         clknet_0_clk (net)
                      0.040103    0.000052    5.156291 ^ clkbuf_1_1__f_clk/A (sky130_fd_sc_hd__clkbuf_16)
     5    0.011689    0.034772    0.115728    5.272019 ^ clkbuf_1_1__f_clk/X (sky130_fd_sc_hd__clkbuf_16)
                                                         clknet_1_1__leaf_clk (net)
                      0.034772    0.000025    5.272044 ^ _112_/CLK (sky130_fd_sc_hd__dfrtp_1)
                                 -0.250000    5.022044   clock uncertainty
                                  0.000000    5.022044   clock reconvergence pessimism
                                 -0.060291    4.961753   library setup time
                                              4.961753   data required time
---------------------------------------------------------------------------------------------
                                              4.961753   data required time
                                             -1.977899   data arrival time
---------------------------------------------------------------------------------------------
                                              2.983854   slack (MET)


Startpoint: rst (input port clocked by clk)
Endpoint: _119_ (recovery check against rising-edge clock clk)
Path Group: asynchronous
Path Type: max

Fanout         Cap        Slew       Delay        Time   Description
---------------------------------------------------------------------------------------------
                                  0.000000    0.000000   clock clk (rise edge)
                                  0.000000    0.000000   clock network delay (propagated)
                                  1.000000    1.000000 v input external delay
     1    0.002045    0.006898    0.003140    1.003140 v rst (in)
                                                         rst (net)
                      0.006898    0.000000    1.003140 v hold2/A (sky130_fd_sc_hd__dlygate4sd3_1)
     1    0.002336    0.052323    0.529813    1.532954 v hold2/X (sky130_fd_sc_hd__dlygate4sd3_1)
                                                         net12 (net)
                      0.052323    0.000005    1.532958 v input9/A (sky130_fd_sc_hd__clkbuf_4)
     9    0.044225    0.097207    0.201457    1.734415 v input9/X (sky130_fd_sc_hd__clkbuf_4)
                                                         net9 (net)
                      0.097207    0.000284    1.734698 v _110_/A (sky130_fd_sc_hd__inv_2)
     1    0.004182    0.037865    0.064758    1.799456 ^ _110_/Y (sky130_fd_sc_hd__inv_2)
                                                         _015_ (net)
                      0.037865    0.000012    1.799468 ^ _119_/RESET_B (sky130_fd_sc_hd__dfrtp_1)
                                              1.799468   data arrival time

                                  5.000000    5.000000   clock clk (rise edge)
                                  0.000000    5.000000   clock source latency
     1    0.009260    0.048112    0.031595    5.031595 ^ clk (in)
                                                         clk (net)
                      0.048113    0.000000    5.031595 ^ clkbuf_0_clk/A (sky130_fd_sc_hd__clkbuf_16)
     2    0.017954    0.040103    0.124644    5.156240 ^ clkbuf_0_clk/X (sky130_fd_sc_hd__clkbuf_16)
                                                         clknet_0_clk (net)
                      0.040103    0.000067    5.156307 ^ clkbuf_1_0__f_clk/A (sky130_fd_sc_hd__clkbuf_16)
     5    0.012198    0.035206    0.116215    5.272521 ^ clkbuf_1_0__f_clk/X (sky130_fd_sc_hd__clkbuf_16)
                                                         clknet_1_0__leaf_clk (net)
                      0.035206    0.000020    5.272541 ^ _119_/CLK (sky130_fd_sc_hd__dfrtp_1)
                                 -0.250000    5.022541   clock uncertainty
                                  0.000000    5.022541   clock reconvergence pessimism
                                  0.229180    5.251721   library recovery time
                                              5.251721   data required time
---------------------------------------------------------------------------------------------
                                              5.251721   data required time
                                             -1.799468   data arrival time
---------------------------------------------------------------------------------------------
                                              3.452253   slack (MET)


Startpoint: rst (input port clocked by clk)
Endpoint: _112_ (recovery check against rising-edge clock clk)
Path Group: asynchronous
Path Type: max

Fanout         Cap        Slew       Delay        Time   Description
---------------------------------------------------------------------------------------------
                                  0.000000    0.000000   clock clk (rise edge)
                                  0.000000    0.000000   clock network delay (propagated)
                                  1.000000    1.000000 v input external delay
     1    0.002045    0.006898    0.003140    1.003140 v rst (in)
                                                         rst (net)
                      0.006898    0.000000    1.003140 v hold2/A (sky130_fd_sc_hd__dlygate4sd3_1)
     1    0.002336    0.052323    0.529813    1.532954 v hold2/X (sky130_fd_sc_hd__dlygate4sd3_1)
                                                         net12 (net)
                      0.052323    0.000005    1.532958 v input9/A (sky130_fd_sc_hd__clkbuf_4)
     9    0.044225    0.097207    0.201457    1.734415 v input9/X (sky130_fd_sc_hd__clkbuf_4)
                                                         net9 (net)
                      0.097207    0.000058    1.734473 v _060_/A (sky130_fd_sc_hd__inv_2)
     1    0.004081    0.037457    0.064241    1.798713 ^ _060_/Y (sky130_fd_sc_hd__inv_2)
                                                         _008_ (net)
                      0.037457    0.000011    1.798724 ^ _112_/RESET_B (sky130_fd_sc_hd__dfrtp_1)
                                              1.798724   data arrival time

                                  5.000000    5.000000   clock clk (rise edge)
                                  0.000000    5.000000   clock source latency
     1    0.009260    0.048112    0.031595    5.031595 ^ clk (in)
                                                         clk (net)
                      0.048113    0.000000    5.031595 ^ clkbuf_0_clk/A (sky130_fd_sc_hd__clkbuf_16)
     2    0.017954    0.040103    0.124644    5.156240 ^ clkbuf_0_clk/X (sky130_fd_sc_hd__clkbuf_16)
                                                         clknet_0_clk (net)
                      0.040103    0.000052    5.156291 ^ clkbuf_1_1__f_clk/A (sky130_fd_sc_hd__clkbuf_16)
     5    0.011689    0.034772    0.115728    5.272019 ^ clkbuf_1_1__f_clk/X (sky130_fd_sc_hd__clkbuf_16)
                                                         clknet_1_1__leaf_clk (net)
                      0.034772    0.000025    5.272044 ^ _112_/CLK (sky130_fd_sc_hd__dfrtp_1)
                                 -0.250000    5.022044   clock uncertainty
                                  0.000000    5.022044   clock reconvergence pessimism
                                  0.229153    5.251197   library recovery time
                                              5.251197   data required time
---------------------------------------------------------------------------------------------
                                              5.251197   data required time
                                             -1.798724   data arrival time
---------------------------------------------------------------------------------------------
                                              3.452473   slack (MET)


Startpoint: rst (input port clocked by clk)
Endpoint: _114_ (recovery check against rising-edge clock clk)
Path Group: asynchronous
Path Type: max

Fanout         Cap        Slew       Delay        Time   Description
---------------------------------------------------------------------------------------------
                                  0.000000    0.000000   clock clk (rise edge)
                                  0.000000    0.000000   clock network delay (propagated)
                                  1.000000    1.000000 v input external delay
     1    0.002045    0.006898    0.003140    1.003140 v rst (in)
                                                         rst (net)
                      0.006898    0.000000    1.003140 v hold2/A (sky130_fd_sc_hd__dlygate4sd3_1)
     1    0.002336    0.052323    0.529813    1.532954 v hold2/X (sky130_fd_sc_hd__dlygate4sd3_1)
                                                         net12 (net)
                      0.052323    0.000005    1.532958 v input9/A (sky130_fd_sc_hd__clkbuf_4)
     9    0.044225    0.097207    0.201457    1.734415 v input9/X (sky130_fd_sc_hd__clkbuf_4)
                                                         net9 (net)
                      0.097207    0.000240    1.734655 v _105_/A (sky130_fd_sc_hd__inv_2)
     1    0.003944    0.038088    0.063543    1.798198 ^ _105_/Y (sky130_fd_sc_hd__inv_2)
                                                         _010_ (net)
                      0.038088    0.000007    1.798205 ^ _114_/RESET_B (sky130_fd_sc_hd__dfrtp_1)
                                              1.798205   data arrival time

                                  5.000000    5.000000   clock clk (rise edge)
                                  0.000000    5.000000   clock source latency
     1    0.009260    0.048112    0.031595    5.031595 ^ clk (in)
                                                         clk (net)
                      0.048113    0.000000    5.031595 ^ clkbuf_0_clk/A (sky130_fd_sc_hd__clkbuf_16)
     2    0.017954    0.040103    0.124644    5.156240 ^ clkbuf_0_clk/X (sky130_fd_sc_hd__clkbuf_16)
                                                         clknet_0_clk (net)
                      0.040103    0.000052    5.156291 ^ clkbuf_1_1__f_clk/A (sky130_fd_sc_hd__clkbuf_16)
     5    0.011689    0.034772    0.115728    5.272019 ^ clkbuf_1_1__f_clk/X (sky130_fd_sc_hd__clkbuf_16)
                                                         clknet_1_1__leaf_clk (net)
                      0.034772    0.000005    5.272024 ^ _114_/CLK (sky130_fd_sc_hd__dfrtp_1)
                                 -0.250000    5.022024   clock uncertainty
                                  0.000000    5.022024   clock reconvergence pessimism
                                  0.228989    5.251013   library recovery time
                                              5.251013   data required time
---------------------------------------------------------------------------------------------
                                              5.251013   data required time
                                             -1.798205   data arrival time
---------------------------------------------------------------------------------------------
                                              3.452808   slack (MET)


Startpoint: rst (input port clocked by clk)
Endpoint: _118_ (recovery check against rising-edge clock clk)
Path Group: asynchronous
Path Type: max

Fanout         Cap        Slew       Delay        Time   Description
---------------------------------------------------------------------------------------------
                                  0.000000    0.000000   clock clk (rise edge)
                                  0.000000    0.000000   clock network delay (propagated)
                                  1.000000    1.000000 v input external delay
     1    0.002045    0.006898    0.003140    1.003140 v rst (in)
                                                         rst (net)
                      0.006898    0.000000    1.003140 v hold2/A (sky130_fd_sc_hd__dlygate4sd3_1)
     1    0.002336    0.052323    0.529813    1.532954 v hold2/X (sky130_fd_sc_hd__dlygate4sd3_1)
                                                         net12 (net)
                      0.052323    0.000005    1.532958 v input9/A (sky130_fd_sc_hd__clkbuf_4)
     9    0.044225    0.097207    0.201457    1.734415 v input9/X (sky130_fd_sc_hd__clkbuf_4)
                                                         net9 (net)
                      0.097207    0.000289    1.734704 v _109_/A (sky130_fd_sc_hd__inv_2)
     1    0.004036    0.038426    0.064016    1.798720 ^ _109_/Y (sky130_fd_sc_hd__inv_2)
                                                         _014_ (net)
                      0.038426    0.000007    1.798726 ^ _118_/RESET_B (sky130_fd_sc_hd__dfrtp_1)
                                              1.798726   data arrival time

                                  5.000000    5.000000   clock clk (rise edge)
                                  0.000000    5.000000   clock source latency
     1    0.009260    0.048112    0.031595    5.031595 ^ clk (in)
                                                         clk (net)
                      0.048113    0.000000    5.031595 ^ clkbuf_0_clk/A (sky130_fd_sc_hd__clkbuf_16)
     2    0.017954    0.040103    0.124644    5.156240 ^ clkbuf_0_clk/X (sky130_fd_sc_hd__clkbuf_16)
                                                         clknet_0_clk (net)
                      0.040103    0.000067    5.156307 ^ clkbuf_1_0__f_clk/A (sky130_fd_sc_hd__clkbuf_16)
     5    0.012198    0.035206    0.116215    5.272521 ^ clkbuf_1_0__f_clk/X (sky130_fd_sc_hd__clkbuf_16)
                                                         clknet_1_0__leaf_clk (net)
                      0.035206    0.000012    5.272533 ^ _118_/CLK (sky130_fd_sc_hd__dfrtp_1)
                                 -0.250000    5.022533   clock uncertainty
                                  0.000000    5.022533   clock reconvergence pessimism
                                  0.229034    5.251567   library recovery time
                                              5.251567   data required time
---------------------------------------------------------------------------------------------
                                              5.251567   data required time
                                             -1.798726   data arrival time
---------------------------------------------------------------------------------------------
                                              3.452841   slack (MET)


Startpoint: rst (input port clocked by clk)
Endpoint: _113_ (recovery check against rising-edge clock clk)
Path Group: asynchronous
Path Type: max

Fanout         Cap        Slew       Delay        Time   Description
---------------------------------------------------------------------------------------------
                                  0.000000    0.000000   clock clk (rise edge)
                                  0.000000    0.000000   clock network delay (propagated)
                                  1.000000    1.000000 v input external delay
     1    0.002045    0.006898    0.003140    1.003140 v rst (in)
                                                         rst (net)
                      0.006898    0.000000    1.003140 v hold2/A (sky130_fd_sc_hd__dlygate4sd3_1)
     1    0.002336    0.052323    0.529813    1.532954 v hold2/X (sky130_fd_sc_hd__dlygate4sd3_1)
                                                         net12 (net)
                      0.052323    0.000005    1.532958 v input9/A (sky130_fd_sc_hd__clkbuf_4)
     9    0.044225    0.097207    0.201457    1.734415 v input9/X (sky130_fd_sc_hd__clkbuf_4)
                                                         net9 (net)
                      0.097207    0.000084    1.734499 v _104_/A (sky130_fd_sc_hd__inv_2)
     1    0.003894    0.037902    0.063283    1.797781 ^ _104_/Y (sky130_fd_sc_hd__inv_2)
                                                         _009_ (net)
                      0.037902    0.000006    1.797787 ^ _113_/RESET_B (sky130_fd_sc_hd__dfrtp_1)
                                              1.797787   data arrival time

                                  5.000000    5.000000   clock clk (rise edge)
                                  0.000000    5.000000   clock source latency
     1    0.009260    0.048112    0.031595    5.031595 ^ clk (in)
                                                         clk (net)
                      0.048113    0.000000    5.031595 ^ clkbuf_0_clk/A (sky130_fd_sc_hd__clkbuf_16)
     2    0.017954    0.040103    0.124644    5.156240 ^ clkbuf_0_clk/X (sky130_fd_sc_hd__clkbuf_16)
                                                         clknet_0_clk (net)
                      0.040103    0.000052    5.156291 ^ clkbuf_1_1__f_clk/A (sky130_fd_sc_hd__clkbuf_16)
     5    0.011689    0.034772    0.115728    5.272019 ^ clkbuf_1_1__f_clk/X (sky130_fd_sc_hd__clkbuf_16)
                                                         clknet_1_1__leaf_clk (net)
                      0.034772    0.000012    5.272031 ^ _113_/CLK (sky130_fd_sc_hd__dfrtp_1)
                                 -0.250000    5.022031   clock uncertainty
                                  0.000000    5.022031   clock reconvergence pessimism
                                  0.229037    5.251069   library recovery time
                                              5.251069   data required time
---------------------------------------------------------------------------------------------
                                              5.251069   data required time
                                             -1.797787   data arrival time
---------------------------------------------------------------------------------------------
                                              3.453281   slack (MET)


Startpoint: rst (input port clocked by clk)
Endpoint: _115_ (recovery check against rising-edge clock clk)
Path Group: asynchronous
Path Type: max

Fanout         Cap        Slew       Delay        Time   Description
---------------------------------------------------------------------------------------------
                                  0.000000    0.000000   clock clk (rise edge)
                                  0.000000    0.000000   clock network delay (propagated)
                                  1.000000    1.000000 v input external delay
     1    0.002045    0.006898    0.003140    1.003140 v rst (in)
                                                         rst (net)
                      0.006898    0.000000    1.003140 v hold2/A (sky130_fd_sc_hd__dlygate4sd3_1)
     1    0.002336    0.052323    0.529813    1.532954 v hold2/X (sky130_fd_sc_hd__dlygate4sd3_1)
                                                         net12 (net)
                      0.052323    0.000005    1.532958 v input9/A (sky130_fd_sc_hd__clkbuf_4)
     9    0.044225    0.097207    0.201457    1.734415 v input9/X (sky130_fd_sc_hd__clkbuf_4)
                                                         net9 (net)
                      0.097207    0.000219    1.734634 v _106_/A (sky130_fd_sc_hd__inv_2)
     1    0.003815    0.037612    0.062876    1.797510 ^ _106_/Y (sky130_fd_sc_hd__inv_2)
                                                         _011_ (net)
                      0.037612    0.000004    1.797515 ^ _115_/RESET_B (sky130_fd_sc_hd__dfrtp_1)
                                              1.797515   data arrival time

                                  5.000000    5.000000   clock clk (rise edge)
                                  0.000000    5.000000   clock source latency
     1    0.009260    0.048112    0.031595    5.031595 ^ clk (in)
                                                         clk (net)
                      0.048113    0.000000    5.031595 ^ clkbuf_0_clk/A (sky130_fd_sc_hd__clkbuf_16)
     2    0.017954    0.040103    0.124644    5.156240 ^ clkbuf_0_clk/X (sky130_fd_sc_hd__clkbuf_16)
                                                         clknet_0_clk (net)
                      0.040103    0.000052    5.156291 ^ clkbuf_1_1__f_clk/A (sky130_fd_sc_hd__clkbuf_16)
     5    0.011689    0.034772    0.115728    5.272019 ^ clkbuf_1_1__f_clk/X (sky130_fd_sc_hd__clkbuf_16)
                                                         clknet_1_1__leaf_clk (net)
                      0.034772    0.000030    5.272049 ^ _115_/CLK (sky130_fd_sc_hd__dfrtp_1)
                                 -0.250000    5.022049   clock uncertainty
                                  0.000000    5.022049   clock reconvergence pessimism
                                  0.229112    5.251162   library recovery time
                                              5.251162   data required time
---------------------------------------------------------------------------------------------
                                              5.251162   data required time
                                             -1.797515   data arrival time
---------------------------------------------------------------------------------------------
                                              3.453647   slack (MET)


Startpoint: rst (input port clocked by clk)
Endpoint: _116_ (recovery check against rising-edge clock clk)
Path Group: asynchronous
Path Type: max

Fanout         Cap        Slew       Delay        Time   Description
---------------------------------------------------------------------------------------------
                                  0.000000    0.000000   clock clk (rise edge)
                                  0.000000    0.000000   clock network delay (propagated)
                                  1.000000    1.000000 v input external delay
     1    0.002045    0.006898    0.003140    1.003140 v rst (in)
                                                         rst (net)
                      0.006898    0.000000    1.003140 v hold2/A (sky130_fd_sc_hd__dlygate4sd3_1)
     1    0.002336    0.052323    0.529813    1.532954 v hold2/X (sky130_fd_sc_hd__dlygate4sd3_1)
                                                         net12 (net)
                      0.052323    0.000005    1.532958 v input9/A (sky130_fd_sc_hd__clkbuf_4)
     9    0.044225    0.097207    0.201457    1.734415 v input9/X (sky130_fd_sc_hd__clkbuf_4)
                                                         net9 (net)
                      0.097207    0.000246    1.734661 v _107_/A (sky130_fd_sc_hd__inv_2)
     1    0.003905    0.037943    0.063339    1.798000 ^ _107_/Y (sky130_fd_sc_hd__inv_2)
                                                         _012_ (net)
                      0.037943    0.000007    1.798007 ^ _116_/RESET_B (sky130_fd_sc_hd__dfrtp_1)
                                              1.798007   data arrival time

                                  5.000000    5.000000   clock clk (rise edge)
                                  0.000000    5.000000   clock source latency
     1    0.009260    0.048112    0.031595    5.031595 ^ clk (in)
                                                         clk (net)
                      0.048113    0.000000    5.031595 ^ clkbuf_0_clk/A (sky130_fd_sc_hd__clkbuf_16)
     2    0.017954    0.040103    0.124644    5.156240 ^ clkbuf_0_clk/X (sky130_fd_sc_hd__clkbuf_16)
                                                         clknet_0_clk (net)
                      0.040103    0.000067    5.156307 ^ clkbuf_1_0__f_clk/A (sky130_fd_sc_hd__clkbuf_16)
     5    0.012198    0.035206    0.116215    5.272521 ^ clkbuf_1_0__f_clk/X (sky130_fd_sc_hd__clkbuf_16)
                                                         clknet_1_0__leaf_clk (net)
                      0.035206    0.000036    5.272557 ^ _116_/CLK (sky130_fd_sc_hd__dfrtp_1)
                                 -0.250000    5.022557   clock uncertainty
                                  0.000000    5.022557   clock reconvergence pessimism
                                  0.229160    5.251717   library recovery time
                                              5.251717   data required time
---------------------------------------------------------------------------------------------
                                              5.251717   data required time
                                             -1.798007   data arrival time
---------------------------------------------------------------------------------------------
                                              3.453710   slack (MET)


Startpoint: rst (input port clocked by clk)
Endpoint: _120_ (recovery check against rising-edge clock clk)
Path Group: asynchronous
Path Type: max

Fanout         Cap        Slew       Delay        Time   Description
---------------------------------------------------------------------------------------------
                                  0.000000    0.000000   clock clk (rise edge)
                                  0.000000    0.000000   clock network delay (propagated)
                                  1.000000    1.000000 v input external delay
     1    0.002045    0.006898    0.003140    1.003140 v rst (in)
                                                         rst (net)
                      0.006898    0.000000    1.003140 v hold2/A (sky130_fd_sc_hd__dlygate4sd3_1)
     1    0.002336    0.052323    0.529813    1.532954 v hold2/X (sky130_fd_sc_hd__dlygate4sd3_1)
                                                         net12 (net)
                      0.052323    0.000005    1.532958 v input9/A (sky130_fd_sc_hd__clkbuf_4)
     9    0.044225    0.097207    0.201457    1.734415 v input9/X (sky130_fd_sc_hd__clkbuf_4)
                                                         net9 (net)
                      0.097207    0.000086    1.734501 v _111_/A (sky130_fd_sc_hd__inv_2)
     1    0.003896    0.037911    0.063295    1.797795 ^ _111_/Y (sky130_fd_sc_hd__inv_2)
                                                         _016_ (net)
                      0.037911    0.000006    1.797801 ^ _120_/RESET_B (sky130_fd_sc_hd__dfrtp_1)
                                              1.797801   data arrival time

                                  5.000000    5.000000   clock clk (rise edge)
                                  0.000000    5.000000   clock source latency
     1    0.009260    0.048112    0.031595    5.031595 ^ clk (in)
                                                         clk (net)
                      0.048113    0.000000    5.031595 ^ clkbuf_0_clk/A (sky130_fd_sc_hd__clkbuf_16)
     2    0.017954    0.040103    0.124644    5.156240 ^ clkbuf_0_clk/X (sky130_fd_sc_hd__clkbuf_16)
                                                         clknet_0_clk (net)
                      0.040103    0.000067    5.156307 ^ clkbuf_1_0__f_clk/A (sky130_fd_sc_hd__clkbuf_16)
     5    0.012198    0.035206    0.116215    5.272521 ^ clkbuf_1_0__f_clk/X (sky130_fd_sc_hd__clkbuf_16)
                                                         clknet_1_0__leaf_clk (net)
                      0.035206    0.000014    5.272535 ^ _120_/CLK (sky130_fd_sc_hd__dfrtp_1)
                                 -0.250000    5.022535   clock uncertainty
                                  0.000000    5.022535   clock reconvergence pessimism
                                  0.229168    5.251703   library recovery time
                                              5.251703   data required time
---------------------------------------------------------------------------------------------
                                              5.251703   data required time
                                             -1.797801   data arrival time
---------------------------------------------------------------------------------------------
                                              3.453902   slack (MET)


Startpoint: rst (input port clocked by clk)
Endpoint: _117_ (recovery check against rising-edge clock clk)
Path Group: asynchronous
Path Type: max

Fanout         Cap        Slew       Delay        Time   Description
---------------------------------------------------------------------------------------------
                                  0.000000    0.000000   clock clk (rise edge)
                                  0.000000    0.000000   clock network delay (propagated)
                                  1.000000    1.000000 v input external delay
     1    0.002045    0.006898    0.003140    1.003140 v rst (in)
                                                         rst (net)
                      0.006898    0.000000    1.003140 v hold2/A (sky130_fd_sc_hd__dlygate4sd3_1)
     1    0.002336    0.052323    0.529813    1.532954 v hold2/X (sky130_fd_sc_hd__dlygate4sd3_1)
                                                         net12 (net)
                      0.052323    0.000005    1.532958 v input9/A (sky130_fd_sc_hd__clkbuf_4)
     9    0.044225    0.097207    0.201457    1.734415 v input9/X (sky130_fd_sc_hd__clkbuf_4)
                                                         net9 (net)
                      0.097207    0.000064    1.734479 v _108_/A (sky130_fd_sc_hd__inv_2)
     1    0.003894    0.037903    0.063283    1.797762 ^ _108_/Y (sky130_fd_sc_hd__inv_2)
                                                         _013_ (net)
                      0.037903    0.000006    1.797768 ^ _117_/RESET_B (sky130_fd_sc_hd__dfrtp_1)
                                              1.797768   data arrival time

                                  5.000000    5.000000   clock clk (rise edge)
                                  0.000000    5.000000   clock source latency
     1    0.009260    0.048112    0.031595    5.031595 ^ clk (in)
                                                         clk (net)
                      0.048113    0.000000    5.031595 ^ clkbuf_0_clk/A (sky130_fd_sc_hd__clkbuf_16)
     2    0.017954    0.040103    0.124644    5.156240 ^ clkbuf_0_clk/X (sky130_fd_sc_hd__clkbuf_16)
                                                         clknet_0_clk (net)
                      0.040103    0.000067    5.156307 ^ clkbuf_1_0__f_clk/A (sky130_fd_sc_hd__clkbuf_16)
     5    0.012198    0.035206    0.116215    5.272521 ^ clkbuf_1_0__f_clk/X (sky130_fd_sc_hd__clkbuf_16)
                                                         clknet_1_0__leaf_clk (net)
                      0.035206    0.000048    5.272570 ^ _117_/CLK (sky130_fd_sc_hd__dfrtp_1)
                                 -0.250000    5.022570   clock uncertainty
                                  0.000000    5.022570   clock reconvergence pessimism
                                  0.229170    5.251740   library recovery time
                                              5.251740   data required time
---------------------------------------------------------------------------------------------
                                              5.251740   data required time
                                             -1.797768   data arrival time
---------------------------------------------------------------------------------------------
                                              3.453972   slack (MET)



