Clock: clk
Sources: clk 
Generated: no
Virtual: yes
Propagated: no
Period: 5.000000

===========================================================================
report_clock_properties
============================================================================
Clock                   Period          Waveform
----------------------------------------------------
clk                   5.000000    0.000000  2.500000

===========================================================================
report_clock_latency
============================================================================
Clock clk
rise -> rise
    min     max
0.000000 0.000000 source latency
0.301885         network latency _360_/CLK
        0.303688 network latency _352_/CLK
---------------
0.301885 0.303688 latency
        0.001803 skew

fall -> fall
    min     max
0.000000 0.000000 source latency
0.300600         network latency _360_/CLK
        0.302383 network latency _352_/CLK
---------------
0.300600 0.302383 latency
        0.001784 skew



===========================================================================
report_clock_min_period
============================================================================
clk period_min = 2.69 fmax = 371.27
