Clock: clk
Sources: clk 
Generated: no
Virtual: yes
Propagated: no
Period: 5.000000

===========================================================================
report_clock_properties
============================================================================
Clock                   Period          Waveform
----------------------------------------------------
clk                   5.000000    0.000000  2.500000

===========================================================================
report_clock_latency
============================================================================
Clock clk
rise -> rise
    min     max
0.000000 0.000000 source latency
0.191882         network latency _113_/CLK
        0.193710 network latency _117_/CLK
---------------
0.191882 0.193710 latency
        0.001828 skew

fall -> fall
    min     max
0.000000 0.000000 source latency
0.192725         network latency _113_/CLK
        0.194368 network latency _117_/CLK
---------------
0.192725 0.194368 latency
        0.001643 skew



===========================================================================
report_clock_min_period
============================================================================
clk period_min = 1.21 fmax = 826.82
