
===========================================================================
report_checks -path_delay max (Setup)
============================================================================
======================= nom_ff_n40C_1v95 Corner ===================================

Startpoint: _120_ (rising edge-triggered flip-flop clocked by clk)
Endpoint: out (output port clocked by clk)
Path Group: clk
Path Type: max

Fanout         Cap        Slew       Delay        Time   Description
---------------------------------------------------------------------------------------------
                                  0.000000    0.000000   clock clk (rise edge)
                                  0.000000    0.000000   clock source latency
     1    0.009634    0.037283    0.024222    0.024222 ^ clk (in)
                                                         clk (net)
                      0.037284    0.000000    0.024222 ^ clkbuf_0_clk/A (sky130_fd_sc_hd__clkbuf_16)
     2    0.020898    0.031752    0.086801    0.111023 ^ clkbuf_0_clk/X (sky130_fd_sc_hd__clkbuf_16)
                                                         clknet_0_clk (net)
                      0.031755    0.000592    0.111615 ^ clkbuf_1_0__f_clk/A (sky130_fd_sc_hd__clkbuf_16)
     5    0.015631    0.028259    0.081698    0.193313 ^ clkbuf_1_0__f_clk/X (sky130_fd_sc_hd__clkbuf_16)
                                                         clknet_1_0__leaf_clk (net)
                      0.028259    0.000228    0.193541 ^ _120_/CLK (sky130_fd_sc_hd__dfrtp_1)
     2    0.004801    0.043133    0.206274    0.399815 ^ _120_/Q (sky130_fd_sc_hd__dfrtp_1)
                                                         net10 (net)
                      0.043133    0.000106    0.399921 ^ output10/A (sky130_fd_sc_hd__buf_2)
     1    0.034221    0.128017    0.140745    0.540666 ^ output10/X (sky130_fd_sc_hd__buf_2)
                                                         out (net)
                      0.128023    0.000718    0.541384 ^ out (out)
                                              0.541384   data arrival time

                                  5.000000    5.000000   clock clk (rise edge)
                                  0.000000    5.000000   clock network delay (propagated)
                                 -0.250000    4.750000   clock uncertainty
                                  0.000000    4.750000   clock reconvergence pessimism
                                 -1.000000    3.750000   output external delay
                                              3.750000   data required time
---------------------------------------------------------------------------------------------
                                              3.750000   data required time
                                             -0.541384   data arrival time
---------------------------------------------------------------------------------------------
                                              3.208616   slack (MET)


Startpoint: psc[7] (input port clocked by clk)
Endpoint: _114_ (rising edge-triggered flip-flop clocked by clk)
Path Group: clk
Path Type: max

Fanout         Cap        Slew       Delay        Time   Description
---------------------------------------------------------------------------------------------
                                  0.000000    0.000000   clock clk (rise edge)
                                  0.000000    0.000000   clock network delay (propagated)
                                  1.000000    1.000000 v input external delay
     1    0.002456    0.004219    0.001972    1.001972 v psc[7] (in)
                                                         psc[7] (net)
                      0.004219    0.000000    1.001972 v input8/A (sky130_fd_sc_hd__clkbuf_1)
     2    0.005315    0.027136    0.054574    1.056546 v input8/X (sky130_fd_sc_hd__clkbuf_1)
                                                         net8 (net)
                      0.027136    0.000117    1.056663 v _072_/A_N (sky130_fd_sc_hd__nand2b_1)
     2    0.004521    0.033365    0.088922    1.145586 v _072_/Y (sky130_fd_sc_hd__nand2b_1)
                                                         _033_ (net)
                      0.033365    0.000105    1.145691 v _075_/B (sky130_fd_sc_hd__and4_1)
     2    0.006471    0.039192    0.119375    1.265066 v _075_/X (sky130_fd_sc_hd__and4_1)
                                                         _036_ (net)
                      0.039193    0.000195    1.265262 v _079_/B1 (sky130_fd_sc_hd__o2111a_1)
     1    0.009273    0.052599    0.107409    1.372671 v _079_/X (sky130_fd_sc_hd__o2111a_1)
                                                         _040_ (net)
                      0.052600    0.000286    1.372957 v _082_/A2 (sky130_fd_sc_hd__a21oi_4)
     9    0.030687    0.186805    0.188927    1.561884 ^ _082_/Y (sky130_fd_sc_hd__a21oi_4)
                                                         _043_ (net)
                      0.186810    0.000791    1.562675 ^ _090_/C (sky130_fd_sc_hd__and3b_1)
     1    0.003478    0.040803    0.112504    1.675179 ^ _090_/X (sky130_fd_sc_hd__and3b_1)
                                                         _002_ (net)
                      0.040803    0.000113    1.675292 ^ _114_/D (sky130_fd_sc_hd__dfrtp_1)
                                              1.675292   data arrival time

                                  5.000000    5.000000   clock clk (rise edge)
                                  0.000000    5.000000   clock source latency
     1    0.009634    0.037283    0.024222    5.024222 ^ clk (in)
                                                         clk (net)
                      0.037284    0.000000    5.024222 ^ clkbuf_0_clk/A (sky130_fd_sc_hd__clkbuf_16)
     2    0.020898    0.031752    0.086801    5.111023 ^ clkbuf_0_clk/X (sky130_fd_sc_hd__clkbuf_16)
                                                         clknet_0_clk (net)
                      0.031755    0.000548    5.111571 ^ clkbuf_1_1__f_clk/A (sky130_fd_sc_hd__clkbuf_16)
     5    0.013256    0.026689    0.080080    5.191651 ^ clkbuf_1_1__f_clk/X (sky130_fd_sc_hd__clkbuf_16)
                                                         clknet_1_1__leaf_clk (net)
                      0.026689    0.000241    5.191893 ^ _114_/CLK (sky130_fd_sc_hd__dfrtp_1)
                                 -0.250000    4.941892   clock uncertainty
                                  0.000000    4.941892   clock reconvergence pessimism
                                 -0.034887    4.907006   library setup time
                                              4.907006   data required time
---------------------------------------------------------------------------------------------
                                              4.907006   data required time
                                             -1.675292   data arrival time
---------------------------------------------------------------------------------------------
                                              3.231713   slack (MET)


Startpoint: psc[7] (input port clocked by clk)
Endpoint: _118_ (rising edge-triggered flip-flop clocked by clk)
Path Group: clk
Path Type: max

Fanout         Cap        Slew       Delay        Time   Description
---------------------------------------------------------------------------------------------
                                  0.000000    0.000000   clock clk (rise edge)
                                  0.000000    0.000000   clock network delay (propagated)
                                  1.000000    1.000000 v input external delay
     1    0.002456    0.004219    0.001972    1.001972 v psc[7] (in)
                                                         psc[7] (net)
                      0.004219    0.000000    1.001972 v input8/A (sky130_fd_sc_hd__clkbuf_1)
     2    0.005315    0.027136    0.054574    1.056546 v input8/X (sky130_fd_sc_hd__clkbuf_1)
                                                         net8 (net)
                      0.027136    0.000117    1.056663 v _072_/A_N (sky130_fd_sc_hd__nand2b_1)
     2    0.004521    0.033365    0.088922    1.145586 v _072_/Y (sky130_fd_sc_hd__nand2b_1)
                                                         _033_ (net)
                      0.033365    0.000105    1.145691 v _075_/B (sky130_fd_sc_hd__and4_1)
     2    0.006471    0.039192    0.119375    1.265066 v _075_/X (sky130_fd_sc_hd__and4_1)
                                                         _036_ (net)
                      0.039193    0.000195    1.265262 v _079_/B1 (sky130_fd_sc_hd__o2111a_1)
     1    0.009273    0.052599    0.107409    1.372671 v _079_/X (sky130_fd_sc_hd__o2111a_1)
                                                         _040_ (net)
                      0.052600    0.000286    1.372957 v _082_/A2 (sky130_fd_sc_hd__a21oi_4)
     9    0.030687    0.186805    0.188927    1.561884 ^ _082_/Y (sky130_fd_sc_hd__a21oi_4)
                                                         _043_ (net)
                      0.186824    0.001502    1.563386 ^ _102_/A (sky130_fd_sc_hd__and3_1)
     1    0.003286    0.039902    0.109591    1.672977 ^ _102_/X (sky130_fd_sc_hd__and3_1)
                                                         _006_ (net)
                      0.039904    0.000096    1.673073 ^ _118_/D (sky130_fd_sc_hd__dfrtp_1)
                                              1.673073   data arrival time

                                  5.000000    5.000000   clock clk (rise edge)
                                  0.000000    5.000000   clock source latency
     1    0.009634    0.037283    0.024222    5.024222 ^ clk (in)
                                                         clk (net)
                      0.037284    0.000000    5.024222 ^ clkbuf_0_clk/A (sky130_fd_sc_hd__clkbuf_16)
     2    0.020898    0.031752    0.086801    5.111023 ^ clkbuf_0_clk/X (sky130_fd_sc_hd__clkbuf_16)
                                                         clknet_0_clk (net)
                      0.031755    0.000592    5.111615 ^ clkbuf_1_0__f_clk/A (sky130_fd_sc_hd__clkbuf_16)
     5    0.015631    0.028259    0.081698    5.193313 ^ clkbuf_1_0__f_clk/X (sky130_fd_sc_hd__clkbuf_16)
                                                         clknet_1_0__leaf_clk (net)
                      0.028259    0.000230    5.193543 ^ _118_/CLK (sky130_fd_sc_hd__dfrtp_1)
                                 -0.250000    4.943543   clock uncertainty
                                  0.000000    4.943543   clock reconvergence pessimism
                                 -0.034747    4.908797   library setup time
                                              4.908797   data required time
---------------------------------------------------------------------------------------------
                                              4.908797   data required time
                                             -1.673073   data arrival time
---------------------------------------------------------------------------------------------
                                              3.235724   slack (MET)


Startpoint: psc[7] (input port clocked by clk)
Endpoint: _115_ (rising edge-triggered flip-flop clocked by clk)
Path Group: clk
Path Type: max

Fanout         Cap        Slew       Delay        Time   Description
---------------------------------------------------------------------------------------------
                                  0.000000    0.000000   clock clk (rise edge)
                                  0.000000    0.000000   clock network delay (propagated)
                                  1.000000    1.000000 v input external delay
     1    0.002456    0.004219    0.001972    1.001972 v psc[7] (in)
                                                         psc[7] (net)
                      0.004219    0.000000    1.001972 v input8/A (sky130_fd_sc_hd__clkbuf_1)
     2    0.005315    0.027136    0.054574    1.056546 v input8/X (sky130_fd_sc_hd__clkbuf_1)
                                                         net8 (net)
                      0.027136    0.000117    1.056663 v _072_/A_N (sky130_fd_sc_hd__nand2b_1)
     2    0.004521    0.033365    0.088922    1.145586 v _072_/Y (sky130_fd_sc_hd__nand2b_1)
                                                         _033_ (net)
                      0.033365    0.000105    1.145691 v _075_/B (sky130_fd_sc_hd__and4_1)
     2    0.006471    0.039192    0.119375    1.265066 v _075_/X (sky130_fd_sc_hd__and4_1)
                                                         _036_ (net)
                      0.039193    0.000195    1.265262 v _079_/B1 (sky130_fd_sc_hd__o2111a_1)
     1    0.009273    0.052599    0.107409    1.372671 v _079_/X (sky130_fd_sc_hd__o2111a_1)
                                                         _040_ (net)
                      0.052600    0.000286    1.372957 v _082_/A2 (sky130_fd_sc_hd__a21oi_4)
     9    0.030687    0.186805    0.188927    1.561884 ^ _082_/Y (sky130_fd_sc_hd__a21oi_4)
                                                         _043_ (net)
                      0.186812    0.000928    1.562812 ^ _093_/C (sky130_fd_sc_hd__and3b_1)
     1    0.002489    0.034539    0.106242    1.669054 ^ _093_/X (sky130_fd_sc_hd__and3b_1)
                                                         _003_ (net)
                      0.034539    0.000050    1.669104 ^ _115_/D (sky130_fd_sc_hd__dfrtp_1)
                                              1.669104   data arrival time

                                  5.000000    5.000000   clock clk (rise edge)
                                  0.000000    5.000000   clock source latency
     1    0.009634    0.037283    0.024222    5.024222 ^ clk (in)
                                                         clk (net)
                      0.037284    0.000000    5.024222 ^ clkbuf_0_clk/A (sky130_fd_sc_hd__clkbuf_16)
     2    0.020898    0.031752    0.086801    5.111023 ^ clkbuf_0_clk/X (sky130_fd_sc_hd__clkbuf_16)
                                                         clknet_0_clk (net)
                      0.031755    0.000548    5.111571 ^ clkbuf_1_1__f_clk/A (sky130_fd_sc_hd__clkbuf_16)
     5    0.013256    0.026689    0.080080    5.191651 ^ clkbuf_1_1__f_clk/X (sky130_fd_sc_hd__clkbuf_16)
                                                         clknet_1_1__leaf_clk (net)
                      0.026689    0.000293    5.191944 ^ _115_/CLK (sky130_fd_sc_hd__dfrtp_1)
                                 -0.250000    4.941944   clock uncertainty
                                  0.000000    4.941944   clock reconvergence pessimism
                                 -0.034291    4.907653   library setup time
                                              4.907653   data required time
---------------------------------------------------------------------------------------------
                                              4.907653   data required time
                                             -1.669104   data arrival time
---------------------------------------------------------------------------------------------
                                              3.238549   slack (MET)


Startpoint: psc[7] (input port clocked by clk)
Endpoint: _117_ (rising edge-triggered flip-flop clocked by clk)
Path Group: clk
Path Type: max

Fanout         Cap        Slew       Delay        Time   Description
---------------------------------------------------------------------------------------------
                                  0.000000    0.000000   clock clk (rise edge)
                                  0.000000    0.000000   clock network delay (propagated)
                                  1.000000    1.000000 v input external delay
     1    0.002456    0.004219    0.001972    1.001972 v psc[7] (in)
                                                         psc[7] (net)
                      0.004219    0.000000    1.001972 v input8/A (sky130_fd_sc_hd__clkbuf_1)
     2    0.005315    0.027136    0.054574    1.056546 v input8/X (sky130_fd_sc_hd__clkbuf_1)
                                                         net8 (net)
                      0.027136    0.000117    1.056663 v _072_/A_N (sky130_fd_sc_hd__nand2b_1)
     2    0.004521    0.033365    0.088922    1.145586 v _072_/Y (sky130_fd_sc_hd__nand2b_1)
                                                         _033_ (net)
                      0.033365    0.000105    1.145691 v _075_/B (sky130_fd_sc_hd__and4_1)
     2    0.006471    0.039192    0.119375    1.265066 v _075_/X (sky130_fd_sc_hd__and4_1)
                                                         _036_ (net)
                      0.039193    0.000195    1.265262 v _079_/B1 (sky130_fd_sc_hd__o2111a_1)
     1    0.009273    0.052599    0.107409    1.372671 v _079_/X (sky130_fd_sc_hd__o2111a_1)
                                                         _040_ (net)
                      0.052600    0.000286    1.372957 v _082_/A2 (sky130_fd_sc_hd__a21oi_4)
     9    0.030687    0.186805    0.188927    1.561884 ^ _082_/Y (sky130_fd_sc_hd__a21oi_4)
                                                         _043_ (net)
                      0.186822    0.001409    1.563293 ^ _099_/C (sky130_fd_sc_hd__and3b_1)
     1    0.002596    0.035181    0.106913    1.670205 ^ _099_/X (sky130_fd_sc_hd__and3b_1)
                                                         _005_ (net)
                      0.035181    0.000076    1.670281 ^ _117_/D (sky130_fd_sc_hd__dfrtp_1)
                                              1.670281   data arrival time

                                  5.000000    5.000000   clock clk (rise edge)
                                  0.000000    5.000000   clock source latency
     1    0.009634    0.037283    0.024222    5.024222 ^ clk (in)
                                                         clk (net)
                      0.037284    0.000000    5.024222 ^ clkbuf_0_clk/A (sky130_fd_sc_hd__clkbuf_16)
     2    0.020898    0.031752    0.086801    5.111023 ^ clkbuf_0_clk/X (sky130_fd_sc_hd__clkbuf_16)
                                                         clknet_0_clk (net)
                      0.031755    0.000592    5.111615 ^ clkbuf_1_0__f_clk/A (sky130_fd_sc_hd__clkbuf_16)
     5    0.015631    0.028259    0.081698    5.193313 ^ clkbuf_1_0__f_clk/X (sky130_fd_sc_hd__clkbuf_16)
                                                         clknet_1_0__leaf_clk (net)
                      0.028263    0.000397    5.193710 ^ _117_/CLK (sky130_fd_sc_hd__dfrtp_1)
                                 -0.250000    4.943710   clock uncertainty
                                  0.000000    4.943710   clock reconvergence pessimism
                                 -0.034297    4.909412   library setup time
                                              4.909412   data required time
---------------------------------------------------------------------------------------------
                                              4.909412   data required time
                                             -1.670281   data arrival time
---------------------------------------------------------------------------------------------
                                              3.239132   slack (MET)


Startpoint: psc[7] (input port clocked by clk)
Endpoint: _116_ (rising edge-triggered flip-flop clocked by clk)
Path Group: clk
Path Type: max

Fanout         Cap        Slew       Delay        Time   Description
---------------------------------------------------------------------------------------------
                                  0.000000    0.000000   clock clk (rise edge)
                                  0.000000    0.000000   clock network delay (propagated)
                                  1.000000    1.000000 v input external delay
     1    0.002456    0.004219    0.001972    1.001972 v psc[7] (in)
                                                         psc[7] (net)
                      0.004219    0.000000    1.001972 v input8/A (sky130_fd_sc_hd__clkbuf_1)
     2    0.005315    0.027136    0.054574    1.056546 v input8/X (sky130_fd_sc_hd__clkbuf_1)
                                                         net8 (net)
                      0.027136    0.000117    1.056663 v _072_/A_N (sky130_fd_sc_hd__nand2b_1)
     2    0.004521    0.033365    0.088922    1.145586 v _072_/Y (sky130_fd_sc_hd__nand2b_1)
                                                         _033_ (net)
                      0.033365    0.000105    1.145691 v _075_/B (sky130_fd_sc_hd__and4_1)
     2    0.006471    0.039192    0.119375    1.265066 v _075_/X (sky130_fd_sc_hd__and4_1)
                                                         _036_ (net)
                      0.039193    0.000195    1.265262 v _079_/B1 (sky130_fd_sc_hd__o2111a_1)
     1    0.009273    0.052599    0.107409    1.372671 v _079_/X (sky130_fd_sc_hd__o2111a_1)
                                                         _040_ (net)
                      0.052600    0.000286    1.372957 v _082_/A2 (sky130_fd_sc_hd__a21oi_4)
     9    0.030687    0.186805    0.188927    1.561884 ^ _082_/Y (sky130_fd_sc_hd__a21oi_4)
                                                         _043_ (net)
                      0.186816    0.001176    1.563060 ^ _096_/C (sky130_fd_sc_hd__and3b_1)
     1    0.002461    0.034373    0.106068    1.669128 ^ _096_/X (sky130_fd_sc_hd__and3b_1)
                                                         _004_ (net)
                      0.034373    0.000048    1.669176 ^ _116_/D (sky130_fd_sc_hd__dfrtp_1)
                                              1.669176   data arrival time

                                  5.000000    5.000000   clock clk (rise edge)
                                  0.000000    5.000000   clock source latency
     1    0.009634    0.037283    0.024222    5.024222 ^ clk (in)
                                                         clk (net)
                      0.037284    0.000000    5.024222 ^ clkbuf_0_clk/A (sky130_fd_sc_hd__clkbuf_16)
     2    0.020898    0.031752    0.086801    5.111023 ^ clkbuf_0_clk/X (sky130_fd_sc_hd__clkbuf_16)
                                                         clknet_0_clk (net)
                      0.031755    0.000592    5.111615 ^ clkbuf_1_0__f_clk/A (sky130_fd_sc_hd__clkbuf_16)
     5    0.015631    0.028259    0.081698    5.193313 ^ clkbuf_1_0__f_clk/X (sky130_fd_sc_hd__clkbuf_16)
                                                         clknet_1_0__leaf_clk (net)
                      0.028262    0.000340    5.193653 ^ _116_/CLK (sky130_fd_sc_hd__dfrtp_1)
                                 -0.250000    4.943653   clock uncertainty
                                  0.000000    4.943653   clock reconvergence pessimism
                                 -0.034221    4.909432   library setup time
                                              4.909432   data required time
---------------------------------------------------------------------------------------------
                                              4.909432   data required time
                                             -1.669176   data arrival time
---------------------------------------------------------------------------------------------
                                              3.240257   slack (MET)


Startpoint: psc[7] (input port clocked by clk)
Endpoint: _113_ (rising edge-triggered flip-flop clocked by clk)
Path Group: clk
Path Type: max

Fanout         Cap        Slew       Delay        Time   Description
---------------------------------------------------------------------------------------------
                                  0.000000    0.000000   clock clk (rise edge)
                                  0.000000    0.000000   clock network delay (propagated)
                                  1.000000    1.000000 v input external delay
     1    0.002456    0.004219    0.001972    1.001972 v psc[7] (in)
                                                         psc[7] (net)
                      0.004219    0.000000    1.001972 v input8/A (sky130_fd_sc_hd__clkbuf_1)
     2    0.005315    0.027136    0.054574    1.056546 v input8/X (sky130_fd_sc_hd__clkbuf_1)
                                                         net8 (net)
                      0.027136    0.000117    1.056663 v _072_/A_N (sky130_fd_sc_hd__nand2b_1)
     2    0.004521    0.033365    0.088922    1.145586 v _072_/Y (sky130_fd_sc_hd__nand2b_1)
                                                         _033_ (net)
                      0.033365    0.000105    1.145691 v _075_/B (sky130_fd_sc_hd__and4_1)
     2    0.006471    0.039192    0.119375    1.265066 v _075_/X (sky130_fd_sc_hd__and4_1)
                                                         _036_ (net)
                      0.039193    0.000195    1.265262 v _079_/B1 (sky130_fd_sc_hd__o2111a_1)
     1    0.009273    0.052599    0.107409    1.372671 v _079_/X (sky130_fd_sc_hd__o2111a_1)
                                                         _040_ (net)
                      0.052600    0.000286    1.372957 v _082_/A2 (sky130_fd_sc_hd__a21oi_4)
     9    0.030687    0.186805    0.188927    1.561884 ^ _082_/Y (sky130_fd_sc_hd__a21oi_4)
                                                         _043_ (net)
                      0.186811    0.000844    1.562728 ^ _087_/A (sky130_fd_sc_hd__and3_1)
     1    0.002394    0.034473    0.103974    1.666703 ^ _087_/X (sky130_fd_sc_hd__and3_1)
                                                         _001_ (net)
                      0.034473    0.000047    1.666749 ^ _113_/D (sky130_fd_sc_hd__dfrtp_1)
                                              1.666749   data arrival time

                                  5.000000    5.000000   clock clk (rise edge)
                                  0.000000    5.000000   clock source latency
     1    0.009634    0.037283    0.024222    5.024222 ^ clk (in)
                                                         clk (net)
                      0.037284    0.000000    5.024222 ^ clkbuf_0_clk/A (sky130_fd_sc_hd__clkbuf_16)
     2    0.020898    0.031752    0.086801    5.111023 ^ clkbuf_0_clk/X (sky130_fd_sc_hd__clkbuf_16)
                                                         clknet_0_clk (net)
                      0.031755    0.000548    5.111571 ^ clkbuf_1_1__f_clk/A (sky130_fd_sc_hd__clkbuf_16)
     5    0.013256    0.026689    0.080080    5.191651 ^ clkbuf_1_1__f_clk/X (sky130_fd_sc_hd__clkbuf_16)
                                                         clknet_1_1__leaf_clk (net)
                      0.026689    0.000231    5.191882 ^ _113_/CLK (sky130_fd_sc_hd__dfrtp_1)
                                 -0.250000    4.941882   clock uncertainty
                                  0.000000    4.941882   clock reconvergence pessimism
                                 -0.034285    4.907598   library setup time
                                              4.907598   data required time
---------------------------------------------------------------------------------------------
                                              4.907598   data required time
                                             -1.666749   data arrival time
---------------------------------------------------------------------------------------------
                                              3.240848   slack (MET)


Startpoint: psc[7] (input port clocked by clk)
Endpoint: _119_ (rising edge-triggered flip-flop clocked by clk)
Path Group: clk
Path Type: max

Fanout         Cap        Slew       Delay        Time   Description
---------------------------------------------------------------------------------------------
                                  0.000000    0.000000   clock clk (rise edge)
                                  0.000000    0.000000   clock network delay (propagated)
                                  1.000000    1.000000 v input external delay
     1    0.002456    0.004219    0.001972    1.001972 v psc[7] (in)
                                                         psc[7] (net)
                      0.004219    0.000000    1.001972 v input8/A (sky130_fd_sc_hd__clkbuf_1)
     2    0.005315    0.027136    0.054574    1.056546 v input8/X (sky130_fd_sc_hd__clkbuf_1)
                                                         net8 (net)
                      0.027136    0.000117    1.056663 v _072_/A_N (sky130_fd_sc_hd__nand2b_1)
     2    0.004521    0.033365    0.088922    1.145586 v _072_/Y (sky130_fd_sc_hd__nand2b_1)
                                                         _033_ (net)
                      0.033365    0.000105    1.145691 v _075_/B (sky130_fd_sc_hd__and4_1)
     2    0.006471    0.039192    0.119375    1.265066 v _075_/X (sky130_fd_sc_hd__and4_1)
                                                         _036_ (net)
                      0.039193    0.000195    1.265262 v _079_/B1 (sky130_fd_sc_hd__o2111a_1)
     1    0.009273    0.052599    0.107409    1.372671 v _079_/X (sky130_fd_sc_hd__o2111a_1)
                                                         _040_ (net)
                      0.052600    0.000286    1.372957 v _082_/A2 (sky130_fd_sc_hd__a21oi_4)
     9    0.030687    0.186805    0.188927    1.561884 ^ _082_/Y (sky130_fd_sc_hd__a21oi_4)
                                                         _043_ (net)
                      0.186808    0.000595    1.562478 ^ _103_/B1_N (sky130_fd_sc_hd__a21boi_1)
     1    0.003016    0.078505    0.088646    1.651124 ^ _103_/Y (sky130_fd_sc_hd__a21boi_1)
                                                         _007_ (net)
                      0.078505    0.000091    1.651215 ^ _119_/D (sky130_fd_sc_hd__dfrtp_1)
                                              1.651215   data arrival time

                                  5.000000    5.000000   clock clk (rise edge)
                                  0.000000    5.000000   clock source latency
     1    0.009634    0.037283    0.024222    5.024222 ^ clk (in)
                                                         clk (net)
                      0.037284    0.000000    5.024222 ^ clkbuf_0_clk/A (sky130_fd_sc_hd__clkbuf_16)
     2    0.020898    0.031752    0.086801    5.111023 ^ clkbuf_0_clk/X (sky130_fd_sc_hd__clkbuf_16)
                                                         clknet_0_clk (net)
                      0.031755    0.000592    5.111615 ^ clkbuf_1_0__f_clk/A (sky130_fd_sc_hd__clkbuf_16)
     5    0.015631    0.028259    0.081698    5.193313 ^ clkbuf_1_0__f_clk/X (sky130_fd_sc_hd__clkbuf_16)
                                                         clknet_1_0__leaf_clk (net)
                      0.028262    0.000282    5.193595 ^ _119_/CLK (sky130_fd_sc_hd__dfrtp_1)
                                 -0.250000    4.943595   clock uncertainty
                                  0.000000    4.943595   clock reconvergence pessimism
                                 -0.038416    4.905179   library setup time
                                              4.905179   data required time
---------------------------------------------------------------------------------------------
                                              4.905179   data required time
                                             -1.651215   data arrival time
---------------------------------------------------------------------------------------------
                                              3.253964   slack (MET)


Startpoint: psc[7] (input port clocked by clk)
Endpoint: _112_ (rising edge-triggered flip-flop clocked by clk)
Path Group: clk
Path Type: max

Fanout         Cap        Slew       Delay        Time   Description
---------------------------------------------------------------------------------------------
                                  0.000000    0.000000   clock clk (rise edge)
                                  0.000000    0.000000   clock network delay (propagated)
                                  1.000000    1.000000 v input external delay
     1    0.002456    0.004219    0.001972    1.001972 v psc[7] (in)
                                                         psc[7] (net)
                      0.004219    0.000000    1.001972 v input8/A (sky130_fd_sc_hd__clkbuf_1)
     2    0.005315    0.027136    0.054574    1.056546 v input8/X (sky130_fd_sc_hd__clkbuf_1)
                                                         net8 (net)
                      0.027136    0.000117    1.056663 v _072_/A_N (sky130_fd_sc_hd__nand2b_1)
     2    0.004521    0.033365    0.088922    1.145586 v _072_/Y (sky130_fd_sc_hd__nand2b_1)
                                                         _033_ (net)
                      0.033365    0.000105    1.145691 v _075_/B (sky130_fd_sc_hd__and4_1)
     2    0.006471    0.039192    0.119375    1.265066 v _075_/X (sky130_fd_sc_hd__and4_1)
                                                         _036_ (net)
                      0.039193    0.000195    1.265262 v _079_/B1 (sky130_fd_sc_hd__o2111a_1)
     1    0.009273    0.052599    0.107409    1.372671 v _079_/X (sky130_fd_sc_hd__o2111a_1)
                                                         _040_ (net)
                      0.052600    0.000286    1.372957 v _082_/A2 (sky130_fd_sc_hd__a21oi_4)
     9    0.030687    0.186805    0.188927    1.561884 ^ _082_/Y (sky130_fd_sc_hd__a21oi_4)
                                                         _043_ (net)
                      0.186817    0.001224    1.563108 ^ _084_/B (sky130_fd_sc_hd__and2b_1)
     1    0.002400    0.029656    0.087381    1.650489 ^ _084_/X (sky130_fd_sc_hd__and2b_1)
                                                         _000_ (net)
                      0.029656    0.000068    1.650557 ^ _112_/D (sky130_fd_sc_hd__dfrtp_1)
                                              1.650557   data arrival time

                                  5.000000    5.000000   clock clk (rise edge)
                                  0.000000    5.000000   clock source latency
     1    0.009634    0.037283    0.024222    5.024222 ^ clk (in)
                                                         clk (net)
                      0.037284    0.000000    5.024222 ^ clkbuf_0_clk/A (sky130_fd_sc_hd__clkbuf_16)
     2    0.020898    0.031752    0.086801    5.111023 ^ clkbuf_0_clk/X (sky130_fd_sc_hd__clkbuf_16)
                                                         clknet_0_clk (net)
                      0.031755    0.000548    5.111571 ^ clkbuf_1_1__f_clk/A (sky130_fd_sc_hd__clkbuf_16)
     5    0.013256    0.026689    0.080080    5.191651 ^ clkbuf_1_1__f_clk/X (sky130_fd_sc_hd__clkbuf_16)
                                                         clknet_1_1__leaf_clk (net)
                      0.026689    0.000270    5.191922 ^ _112_/CLK (sky130_fd_sc_hd__dfrtp_1)
                                 -0.250000    4.941922   clock uncertainty
                                  0.000000    4.941922   clock reconvergence pessimism
                                 -0.033826    4.908095   library setup time
                                              4.908095   data required time
---------------------------------------------------------------------------------------------
                                              4.908095   data required time
                                             -1.650557   data arrival time
---------------------------------------------------------------------------------------------
                                              3.257538   slack (MET)


Startpoint: psc[7] (input port clocked by clk)
Endpoint: _120_ (rising edge-triggered flip-flop clocked by clk)
Path Group: clk
Path Type: max

Fanout         Cap        Slew       Delay        Time   Description
---------------------------------------------------------------------------------------------
                                  0.000000    0.000000   clock clk (rise edge)
                                  0.000000    0.000000   clock network delay (propagated)
                                  1.000000    1.000000 v input external delay
     1    0.002456    0.004219    0.001972    1.001972 v psc[7] (in)
                                                         psc[7] (net)
                      0.004219    0.000000    1.001972 v input8/A (sky130_fd_sc_hd__clkbuf_1)
     2    0.005315    0.027136    0.054574    1.056546 v input8/X (sky130_fd_sc_hd__clkbuf_1)
                                                         net8 (net)
                      0.027136    0.000117    1.056663 v _072_/A_N (sky130_fd_sc_hd__nand2b_1)
     2    0.004521    0.033365    0.088922    1.145586 v _072_/Y (sky130_fd_sc_hd__nand2b_1)
                                                         _033_ (net)
                      0.033365    0.000105    1.145691 v _075_/B (sky130_fd_sc_hd__and4_1)
     2    0.006471    0.039192    0.119375    1.265066 v _075_/X (sky130_fd_sc_hd__and4_1)
                                                         _036_ (net)
                      0.039193    0.000195    1.265262 v _079_/B1 (sky130_fd_sc_hd__o2111a_1)
     1    0.009273    0.052599    0.107409    1.372671 v _079_/X (sky130_fd_sc_hd__o2111a_1)
                                                         _040_ (net)
                      0.052600    0.000286    1.372957 v _082_/A2 (sky130_fd_sc_hd__a21oi_4)
     9    0.030687    0.186805    0.188927    1.561884 ^ _082_/Y (sky130_fd_sc_hd__a21oi_4)
                                                         _043_ (net)
                      0.186825    0.001533    1.563416 ^ _083_/B (sky130_fd_sc_hd__xnor2_1)
     1    0.002265    0.040370    0.038305    1.601722 v _083_/Y (sky130_fd_sc_hd__xnor2_1)
                                                         _017_ (net)
                      0.040370    0.000064    1.601786 v _120_/D (sky130_fd_sc_hd__dfrtp_1)
                                              1.601786   data arrival time

                                  5.000000    5.000000   clock clk (rise edge)
                                  0.000000    5.000000   clock source latency
     1    0.009634    0.037283    0.024222    5.024222 ^ clk (in)
                                                         clk (net)
                      0.037284    0.000000    5.024222 ^ clkbuf_0_clk/A (sky130_fd_sc_hd__clkbuf_16)
     2    0.020898    0.031752    0.086801    5.111023 ^ clkbuf_0_clk/X (sky130_fd_sc_hd__clkbuf_16)
                                                         clknet_0_clk (net)
                      0.031755    0.000592    5.111615 ^ clkbuf_1_0__f_clk/A (sky130_fd_sc_hd__clkbuf_16)
     5    0.015631    0.028259    0.081698    5.193313 ^ clkbuf_1_0__f_clk/X (sky130_fd_sc_hd__clkbuf_16)
                                                         clknet_1_0__leaf_clk (net)
                      0.028259    0.000228    5.193542 ^ _120_/CLK (sky130_fd_sc_hd__dfrtp_1)
                                 -0.250000    4.943541   clock uncertainty
                                  0.000000    4.943541   clock reconvergence pessimism
                                 -0.075794    4.867747   library setup time
                                              4.867747   data required time
---------------------------------------------------------------------------------------------
                                              4.867747   data required time
                                             -1.601786   data arrival time
---------------------------------------------------------------------------------------------
                                              3.265961   slack (MET)


Startpoint: rst (input port clocked by clk)
Endpoint: _119_ (recovery check against rising-edge clock clk)
Path Group: asynchronous
Path Type: max

Fanout         Cap        Slew       Delay        Time   Description
---------------------------------------------------------------------------------------------
                                  0.000000    0.000000   clock clk (rise edge)
                                  0.000000    0.000000   clock network delay (propagated)
                                  1.000000    1.000000 v input external delay
     1    0.002248    0.003915    0.001791    1.001791 v rst (in)
                                                         rst (net)
                      0.003915    0.000000    1.001791 v hold2/A (sky130_fd_sc_hd__dlygate4sd3_1)
     1    0.002495    0.036993    0.349524    1.351315 v hold2/X (sky130_fd_sc_hd__dlygate4sd3_1)
                                                         net12 (net)
                      0.036993    0.000070    1.351384 v input9/A (sky130_fd_sc_hd__clkbuf_4)
     9    0.048287    0.074054    0.139786    1.491170 v input9/X (sky130_fd_sc_hd__clkbuf_4)
                                                         net9 (net)
                      0.074116    0.001933    1.493102 v _110_/A (sky130_fd_sc_hd__inv_2)
     1    0.004289    0.028783    0.046023    1.539125 ^ _110_/Y (sky130_fd_sc_hd__inv_2)
                                                         _015_ (net)
                      0.028785    0.000091    1.539216 ^ _119_/RESET_B (sky130_fd_sc_hd__dfrtp_1)
                                              1.539216   data arrival time

                                  5.000000    5.000000   clock clk (rise edge)
                                  0.000000    5.000000   clock source latency
     1    0.009634    0.037283    0.024222    5.024222 ^ clk (in)
                                                         clk (net)
                      0.037284    0.000000    5.024222 ^ clkbuf_0_clk/A (sky130_fd_sc_hd__clkbuf_16)
     2    0.020898    0.031752    0.086801    5.111023 ^ clkbuf_0_clk/X (sky130_fd_sc_hd__clkbuf_16)
                                                         clknet_0_clk (net)
                      0.031755    0.000592    5.111615 ^ clkbuf_1_0__f_clk/A (sky130_fd_sc_hd__clkbuf_16)
     5    0.015631    0.028259    0.081698    5.193313 ^ clkbuf_1_0__f_clk/X (sky130_fd_sc_hd__clkbuf_16)
                                                         clknet_1_0__leaf_clk (net)
                      0.028262    0.000282    5.193595 ^ _119_/CLK (sky130_fd_sc_hd__dfrtp_1)
                                 -0.250000    4.943595   clock uncertainty
                                  0.000000    4.943595   clock reconvergence pessimism
                                  0.143674    5.087269   library recovery time
                                              5.087269   data required time
---------------------------------------------------------------------------------------------
                                              5.087269   data required time
                                             -1.539216   data arrival time
---------------------------------------------------------------------------------------------
                                              3.548053   slack (MET)


Startpoint: rst (input port clocked by clk)
Endpoint: _114_ (recovery check against rising-edge clock clk)
Path Group: asynchronous
Path Type: max

Fanout         Cap        Slew       Delay        Time   Description
---------------------------------------------------------------------------------------------
                                  0.000000    0.000000   clock clk (rise edge)
                                  0.000000    0.000000   clock network delay (propagated)
                                  1.000000    1.000000 v input external delay
     1    0.002248    0.003915    0.001791    1.001791 v rst (in)
                                                         rst (net)
                      0.003915    0.000000    1.001791 v hold2/A (sky130_fd_sc_hd__dlygate4sd3_1)
     1    0.002495    0.036993    0.349524    1.351315 v hold2/X (sky130_fd_sc_hd__dlygate4sd3_1)
                                                         net12 (net)
                      0.036993    0.000070    1.351384 v input9/A (sky130_fd_sc_hd__clkbuf_4)
     9    0.048287    0.074054    0.139786    1.491170 v input9/X (sky130_fd_sc_hd__clkbuf_4)
                                                         net9 (net)
                      0.074098    0.001658    1.492828 v _105_/A (sky130_fd_sc_hd__inv_2)
     1    0.003883    0.027611    0.044493    1.537321 ^ _105_/Y (sky130_fd_sc_hd__inv_2)
                                                         _010_ (net)
                      0.027611    0.000077    1.537398 ^ _114_/RESET_B (sky130_fd_sc_hd__dfrtp_1)
                                              1.537398   data arrival time

                                  5.000000    5.000000   clock clk (rise edge)
                                  0.000000    5.000000   clock source latency
     1    0.009634    0.037283    0.024222    5.024222 ^ clk (in)
                                                         clk (net)
                      0.037284    0.000000    5.024222 ^ clkbuf_0_clk/A (sky130_fd_sc_hd__clkbuf_16)
     2    0.020898    0.031752    0.086801    5.111023 ^ clkbuf_0_clk/X (sky130_fd_sc_hd__clkbuf_16)
                                                         clknet_0_clk (net)
                      0.031755    0.000548    5.111571 ^ clkbuf_1_1__f_clk/A (sky130_fd_sc_hd__clkbuf_16)
     5    0.013256    0.026689    0.080080    5.191651 ^ clkbuf_1_1__f_clk/X (sky130_fd_sc_hd__clkbuf_16)
                                                         clknet_1_1__leaf_clk (net)
                      0.026689    0.000241    5.191893 ^ _114_/CLK (sky130_fd_sc_hd__dfrtp_1)
                                 -0.250000    4.941892   clock uncertainty
                                  0.000000    4.941892   clock reconvergence pessimism
                                  0.143659    5.085552   library recovery time
                                              5.085552   data required time
---------------------------------------------------------------------------------------------
                                              5.085552   data required time
                                             -1.537398   data arrival time
---------------------------------------------------------------------------------------------
                                              3.548154   slack (MET)


Startpoint: rst (input port clocked by clk)
Endpoint: _112_ (recovery check against rising-edge clock clk)
Path Group: asynchronous
Path Type: max

Fanout         Cap        Slew       Delay        Time   Description
---------------------------------------------------------------------------------------------
                                  0.000000    0.000000   clock clk (rise edge)
                                  0.000000    0.000000   clock network delay (propagated)
                                  1.000000    1.000000 v input external delay
     1    0.002248    0.003915    0.001791    1.001791 v rst (in)
                                                         rst (net)
                      0.003915    0.000000    1.001791 v hold2/A (sky130_fd_sc_hd__dlygate4sd3_1)
     1    0.002495    0.036993    0.349524    1.351315 v hold2/X (sky130_fd_sc_hd__dlygate4sd3_1)
                                                         net12 (net)
                      0.036993    0.000070    1.351384 v input9/A (sky130_fd_sc_hd__clkbuf_4)
     9    0.048287    0.074054    0.139786    1.491170 v input9/X (sky130_fd_sc_hd__clkbuf_4)
                                                         net9 (net)
                      0.074059    0.000671    1.491840 v _060_/A (sky130_fd_sc_hd__inv_2)
     1    0.004109    0.028242    0.045328    1.537169 ^ _060_/Y (sky130_fd_sc_hd__inv_2)
                                                         _008_ (net)
                      0.028242    0.000087    1.537256 ^ _112_/RESET_B (sky130_fd_sc_hd__dfrtp_1)
                                              1.537256   data arrival time

                                  5.000000    5.000000   clock clk (rise edge)
                                  0.000000    5.000000   clock source latency
     1    0.009634    0.037283    0.024222    5.024222 ^ clk (in)
                                                         clk (net)
                      0.037284    0.000000    5.024222 ^ clkbuf_0_clk/A (sky130_fd_sc_hd__clkbuf_16)
     2    0.020898    0.031752    0.086801    5.111023 ^ clkbuf_0_clk/X (sky130_fd_sc_hd__clkbuf_16)
                                                         clknet_0_clk (net)
                      0.031755    0.000548    5.111571 ^ clkbuf_1_1__f_clk/A (sky130_fd_sc_hd__clkbuf_16)
     5    0.013256    0.026689    0.080080    5.191651 ^ clkbuf_1_1__f_clk/X (sky130_fd_sc_hd__clkbuf_16)
                                                         clknet_1_1__leaf_clk (net)
                      0.026689    0.000270    5.191922 ^ _112_/CLK (sky130_fd_sc_hd__dfrtp_1)
                                 -0.250000    4.941922   clock uncertainty
                                  0.000000    4.941922   clock reconvergence pessimism
                                  0.143541    5.085463   library recovery time
                                              5.085463   data required time
---------------------------------------------------------------------------------------------
                                              5.085463   data required time
                                             -1.537256   data arrival time
---------------------------------------------------------------------------------------------
                                              3.548207   slack (MET)


Startpoint: rst (input port clocked by clk)
Endpoint: _115_ (recovery check against rising-edge clock clk)
Path Group: asynchronous
Path Type: max

Fanout         Cap        Slew       Delay        Time   Description
---------------------------------------------------------------------------------------------
                                  0.000000    0.000000   clock clk (rise edge)
                                  0.000000    0.000000   clock network delay (propagated)
                                  1.000000    1.000000 v input external delay
     1    0.002248    0.003915    0.001791    1.001791 v rst (in)
                                                         rst (net)
                      0.003915    0.000000    1.001791 v hold2/A (sky130_fd_sc_hd__dlygate4sd3_1)
     1    0.002495    0.036993    0.349524    1.351315 v hold2/X (sky130_fd_sc_hd__dlygate4sd3_1)
                                                         net12 (net)
                      0.036993    0.000070    1.351384 v input9/A (sky130_fd_sc_hd__clkbuf_4)
     9    0.048287    0.074054    0.139786    1.491170 v input9/X (sky130_fd_sc_hd__clkbuf_4)
                                                         net9 (net)
                      0.074088    0.001493    1.492662 v _106_/A (sky130_fd_sc_hd__inv_2)
     1    0.003907    0.027675    0.044580    1.537242 ^ _106_/Y (sky130_fd_sc_hd__inv_2)
                                                         _011_ (net)
                      0.027675    0.000077    1.537319 ^ _115_/RESET_B (sky130_fd_sc_hd__dfrtp_1)
                                              1.537319   data arrival time

                                  5.000000    5.000000   clock clk (rise edge)
                                  0.000000    5.000000   clock source latency
     1    0.009634    0.037283    0.024222    5.024222 ^ clk (in)
                                                         clk (net)
                      0.037284    0.000000    5.024222 ^ clkbuf_0_clk/A (sky130_fd_sc_hd__clkbuf_16)
     2    0.020898    0.031752    0.086801    5.111023 ^ clkbuf_0_clk/X (sky130_fd_sc_hd__clkbuf_16)
                                                         clknet_0_clk (net)
                      0.031755    0.000548    5.111571 ^ clkbuf_1_1__f_clk/A (sky130_fd_sc_hd__clkbuf_16)
     5    0.013256    0.026689    0.080080    5.191651 ^ clkbuf_1_1__f_clk/X (sky130_fd_sc_hd__clkbuf_16)
                                                         clknet_1_1__leaf_clk (net)
                      0.026689    0.000293    5.191944 ^ _115_/CLK (sky130_fd_sc_hd__dfrtp_1)
                                 -0.250000    4.941944   clock uncertainty
                                  0.000000    4.941944   clock reconvergence pessimism
                                  0.143647    5.085591   library recovery time
                                              5.085591   data required time
---------------------------------------------------------------------------------------------
                                              5.085591   data required time
                                             -1.537319   data arrival time
---------------------------------------------------------------------------------------------
                                              3.548272   slack (MET)


Startpoint: rst (input port clocked by clk)
Endpoint: _118_ (recovery check against rising-edge clock clk)
Path Group: asynchronous
Path Type: max

Fanout         Cap        Slew       Delay        Time   Description
---------------------------------------------------------------------------------------------
                                  0.000000    0.000000   clock clk (rise edge)
                                  0.000000    0.000000   clock network delay (propagated)
                                  1.000000    1.000000 v input external delay
     1    0.002248    0.003915    0.001791    1.001791 v rst (in)
                                                         rst (net)
                      0.003915    0.000000    1.001791 v hold2/A (sky130_fd_sc_hd__dlygate4sd3_1)
     1    0.002495    0.036993    0.349524    1.351315 v hold2/X (sky130_fd_sc_hd__dlygate4sd3_1)
                                                         net12 (net)
                      0.036993    0.000070    1.351384 v input9/A (sky130_fd_sc_hd__clkbuf_4)
     9    0.048287    0.074054    0.139786    1.491170 v input9/X (sky130_fd_sc_hd__clkbuf_4)
                                                         net9 (net)
                      0.074117    0.001945    1.493114 v _109_/A (sky130_fd_sc_hd__inv_2)
     1    0.004060    0.028109    0.045179    1.538293 ^ _109_/Y (sky130_fd_sc_hd__inv_2)
                                                         _014_ (net)
                      0.028109    0.000047    1.538340 ^ _118_/RESET_B (sky130_fd_sc_hd__dfrtp_1)
                                              1.538340   data arrival time

                                  5.000000    5.000000   clock clk (rise edge)
                                  0.000000    5.000000   clock source latency
     1    0.009634    0.037283    0.024222    5.024222 ^ clk (in)
                                                         clk (net)
                      0.037284    0.000000    5.024222 ^ clkbuf_0_clk/A (sky130_fd_sc_hd__clkbuf_16)
     2    0.020898    0.031752    0.086801    5.111023 ^ clkbuf_0_clk/X (sky130_fd_sc_hd__clkbuf_16)
                                                         clknet_0_clk (net)
                      0.031755    0.000592    5.111615 ^ clkbuf_1_0__f_clk/A (sky130_fd_sc_hd__clkbuf_16)
     5    0.015631    0.028259    0.081698    5.193313 ^ clkbuf_1_0__f_clk/X (sky130_fd_sc_hd__clkbuf_16)
                                                         clknet_1_0__leaf_clk (net)
                      0.028259    0.000230    5.193543 ^ _118_/CLK (sky130_fd_sc_hd__dfrtp_1)
                                 -0.250000    4.943543   clock uncertainty
                                  0.000000    4.943543   clock reconvergence pessimism
                                  0.143800    5.087344   library recovery time
                                              5.087344   data required time
---------------------------------------------------------------------------------------------
                                              5.087344   data required time
                                             -1.538340   data arrival time
---------------------------------------------------------------------------------------------
                                              3.549003   slack (MET)


Startpoint: rst (input port clocked by clk)
Endpoint: _116_ (recovery check against rising-edge clock clk)
Path Group: asynchronous
Path Type: max

Fanout         Cap        Slew       Delay        Time   Description
---------------------------------------------------------------------------------------------
                                  0.000000    0.000000   clock clk (rise edge)
                                  0.000000    0.000000   clock network delay (propagated)
                                  1.000000    1.000000 v input external delay
     1    0.002248    0.003915    0.001791    1.001791 v rst (in)
                                                         rst (net)
                      0.003915    0.000000    1.001791 v hold2/A (sky130_fd_sc_hd__dlygate4sd3_1)
     1    0.002495    0.036993    0.349524    1.351315 v hold2/X (sky130_fd_sc_hd__dlygate4sd3_1)
                                                         net12 (net)
                      0.036993    0.000070    1.351384 v input9/A (sky130_fd_sc_hd__clkbuf_4)
     9    0.048287    0.074054    0.139786    1.491170 v input9/X (sky130_fd_sc_hd__clkbuf_4)
                                                         net9 (net)
                      0.074106    0.001784    1.492954 v _107_/A (sky130_fd_sc_hd__inv_2)
     1    0.004097    0.028217    0.045299    1.538253 ^ _107_/Y (sky130_fd_sc_hd__inv_2)
                                                         _012_ (net)
                      0.028217    0.000083    1.538336 ^ _116_/RESET_B (sky130_fd_sc_hd__dfrtp_1)
                                              1.538336   data arrival time

                                  5.000000    5.000000   clock clk (rise edge)
                                  0.000000    5.000000   clock source latency
     1    0.009634    0.037283    0.024222    5.024222 ^ clk (in)
                                                         clk (net)
                      0.037284    0.000000    5.024222 ^ clkbuf_0_clk/A (sky130_fd_sc_hd__clkbuf_16)
     2    0.020898    0.031752    0.086801    5.111023 ^ clkbuf_0_clk/X (sky130_fd_sc_hd__clkbuf_16)
                                                         clknet_0_clk (net)
                      0.031755    0.000592    5.111615 ^ clkbuf_1_0__f_clk/A (sky130_fd_sc_hd__clkbuf_16)
     5    0.015631    0.028259    0.081698    5.193313 ^ clkbuf_1_0__f_clk/X (sky130_fd_sc_hd__clkbuf_16)
                                                         clknet_1_0__leaf_clk (net)
                      0.028262    0.000340    5.193653 ^ _116_/CLK (sky130_fd_sc_hd__dfrtp_1)
                                 -0.250000    4.943653   clock uncertainty
                                  0.000000    4.943653   clock reconvergence pessimism
                                  0.143780    5.087433   library recovery time
                                              5.087433   data required time
---------------------------------------------------------------------------------------------
                                              5.087433   data required time
                                             -1.538336   data arrival time
---------------------------------------------------------------------------------------------
                                              3.549097   slack (MET)


Startpoint: rst (input port clocked by clk)
Endpoint: _113_ (recovery check against rising-edge clock clk)
Path Group: asynchronous
Path Type: max

Fanout         Cap        Slew       Delay        Time   Description
---------------------------------------------------------------------------------------------
                                  0.000000    0.000000   clock clk (rise edge)
                                  0.000000    0.000000   clock network delay (propagated)
                                  1.000000    1.000000 v input external delay
     1    0.002248    0.003915    0.001791    1.001791 v rst (in)
                                                         rst (net)
                      0.003915    0.000000    1.001791 v hold2/A (sky130_fd_sc_hd__dlygate4sd3_1)
     1    0.002495    0.036993    0.349524    1.351315 v hold2/X (sky130_fd_sc_hd__dlygate4sd3_1)
                                                         net12 (net)
                      0.036993    0.000070    1.351384 v input9/A (sky130_fd_sc_hd__clkbuf_4)
     9    0.048287    0.074054    0.139786    1.491170 v input9/X (sky130_fd_sc_hd__clkbuf_4)
                                                         net9 (net)
                      0.074069    0.001036    1.492206 v _104_/A (sky130_fd_sc_hd__inv_2)
     1    0.003791    0.027357    0.044136    1.536341 ^ _104_/Y (sky130_fd_sc_hd__inv_2)
                                                         _009_ (net)
                      0.027357    0.000073    1.536414 ^ _113_/RESET_B (sky130_fd_sc_hd__dfrtp_1)
                                              1.536414   data arrival time

                                  5.000000    5.000000   clock clk (rise edge)
                                  0.000000    5.000000   clock source latency
     1    0.009634    0.037283    0.024222    5.024222 ^ clk (in)
                                                         clk (net)
                      0.037284    0.000000    5.024222 ^ clkbuf_0_clk/A (sky130_fd_sc_hd__clkbuf_16)
     2    0.020898    0.031752    0.086801    5.111023 ^ clkbuf_0_clk/X (sky130_fd_sc_hd__clkbuf_16)
                                                         clknet_0_clk (net)
                      0.031755    0.000548    5.111571 ^ clkbuf_1_1__f_clk/A (sky130_fd_sc_hd__clkbuf_16)
     5    0.013256    0.026689    0.080080    5.191651 ^ clkbuf_1_1__f_clk/X (sky130_fd_sc_hd__clkbuf_16)
                                                         clknet_1_1__leaf_clk (net)
                      0.026689    0.000231    5.191882 ^ _113_/CLK (sky130_fd_sc_hd__dfrtp_1)
                                 -0.250000    4.941882   clock uncertainty
                                  0.000000    4.941882   clock reconvergence pessimism
                                  0.143707    5.085589   library recovery time
                                              5.085589   data required time
---------------------------------------------------------------------------------------------
                                              5.085589   data required time
                                             -1.536414   data arrival time
---------------------------------------------------------------------------------------------
                                              3.549175   slack (MET)


Startpoint: rst (input port clocked by clk)
Endpoint: _117_ (recovery check against rising-edge clock clk)
Path Group: asynchronous
Path Type: max

Fanout         Cap        Slew       Delay        Time   Description
---------------------------------------------------------------------------------------------
                                  0.000000    0.000000   clock clk (rise edge)
                                  0.000000    0.000000   clock network delay (propagated)
                                  1.000000    1.000000 v input external delay
     1    0.002248    0.003915    0.001791    1.001791 v rst (in)
                                                         rst (net)
                      0.003915    0.000000    1.001791 v hold2/A (sky130_fd_sc_hd__dlygate4sd3_1)
     1    0.002495    0.036993    0.349524    1.351315 v hold2/X (sky130_fd_sc_hd__dlygate4sd3_1)
                                                         net12 (net)
                      0.036993    0.000070    1.351384 v input9/A (sky130_fd_sc_hd__clkbuf_4)
     9    0.048287    0.074054    0.139786    1.491170 v input9/X (sky130_fd_sc_hd__clkbuf_4)
                                                         net9 (net)
                      0.074059    0.000694    1.491864 v _108_/A (sky130_fd_sc_hd__inv_2)
     1    0.004110    0.028247    0.045337    1.537201 ^ _108_/Y (sky130_fd_sc_hd__inv_2)
                                                         _013_ (net)
                      0.028247    0.000083    1.537284 ^ _117_/RESET_B (sky130_fd_sc_hd__dfrtp_1)
                                              1.537284   data arrival time

                                  5.000000    5.000000   clock clk (rise edge)
                                  0.000000    5.000000   clock source latency
     1    0.009634    0.037283    0.024222    5.024222 ^ clk (in)
                                                         clk (net)
                      0.037284    0.000000    5.024222 ^ clkbuf_0_clk/A (sky130_fd_sc_hd__clkbuf_16)
     2    0.020898    0.031752    0.086801    5.111023 ^ clkbuf_0_clk/X (sky130_fd_sc_hd__clkbuf_16)
                                                         clknet_0_clk (net)
                      0.031755    0.000592    5.111615 ^ clkbuf_1_0__f_clk/A (sky130_fd_sc_hd__clkbuf_16)
     5    0.015631    0.028259    0.081698    5.193313 ^ clkbuf_1_0__f_clk/X (sky130_fd_sc_hd__clkbuf_16)
                                                         clknet_1_0__leaf_clk (net)
                      0.028263    0.000397    5.193710 ^ _117_/CLK (sky130_fd_sc_hd__dfrtp_1)
                                 -0.250000    4.943710   clock uncertainty
                                  0.000000    4.943710   clock reconvergence pessimism
                                  0.143775    5.087485   library recovery time
                                              5.087485   data required time
---------------------------------------------------------------------------------------------
                                              5.087485   data required time
                                             -1.537284   data arrival time
---------------------------------------------------------------------------------------------
                                              3.550201   slack (MET)


Startpoint: rst (input port clocked by clk)
Endpoint: _120_ (recovery check against rising-edge clock clk)
Path Group: asynchronous
Path Type: max

Fanout         Cap        Slew       Delay        Time   Description
---------------------------------------------------------------------------------------------
                                  0.000000    0.000000   clock clk (rise edge)
                                  0.000000    0.000000   clock network delay (propagated)
                                  1.000000    1.000000 v input external delay
     1    0.002248    0.003915    0.001791    1.001791 v rst (in)
                                                         rst (net)
                      0.003915    0.000000    1.001791 v hold2/A (sky130_fd_sc_hd__dlygate4sd3_1)
     1    0.002495    0.036993    0.349524    1.351315 v hold2/X (sky130_fd_sc_hd__dlygate4sd3_1)
                                                         net12 (net)
                      0.036993    0.000070    1.351384 v input9/A (sky130_fd_sc_hd__clkbuf_4)
     9    0.048287    0.074054    0.139786    1.491170 v input9/X (sky130_fd_sc_hd__clkbuf_4)
                                                         net9 (net)
                      0.074067    0.000992    1.492162 v _111_/A (sky130_fd_sc_hd__inv_2)
     1    0.003798    0.027377    0.044162    1.536324 ^ _111_/Y (sky130_fd_sc_hd__inv_2)
                                                         _016_ (net)
                      0.027377    0.000073    1.536397 ^ _120_/RESET_B (sky130_fd_sc_hd__dfrtp_1)
                                              1.536397   data arrival time

                                  5.000000    5.000000   clock clk (rise edge)
                                  0.000000    5.000000   clock source latency
     1    0.009634    0.037283    0.024222    5.024222 ^ clk (in)
                                                         clk (net)
                      0.037284    0.000000    5.024222 ^ clkbuf_0_clk/A (sky130_fd_sc_hd__clkbuf_16)
     2    0.020898    0.031752    0.086801    5.111023 ^ clkbuf_0_clk/X (sky130_fd_sc_hd__clkbuf_16)
                                                         clknet_0_clk (net)
                      0.031755    0.000592    5.111615 ^ clkbuf_1_0__f_clk/A (sky130_fd_sc_hd__clkbuf_16)
     5    0.015631    0.028259    0.081698    5.193313 ^ clkbuf_1_0__f_clk/X (sky130_fd_sc_hd__clkbuf_16)
                                                         clknet_1_0__leaf_clk (net)
                      0.028259    0.000228    5.193542 ^ _120_/CLK (sky130_fd_sc_hd__dfrtp_1)
                                 -0.250000    4.943541   clock uncertainty
                                  0.000000    4.943541   clock reconvergence pessimism
                                  0.143937    5.087478   library recovery time
                                              5.087478   data required time
---------------------------------------------------------------------------------------------
                                              5.087478   data required time
                                             -1.536397   data arrival time
---------------------------------------------------------------------------------------------
                                              3.551081   slack (MET)



