
===========================================================================
report_checks -unconstrained
===========================================================================
======================= max_ff_n40C_1v95 Corner ===================================

Startpoint: div_i[1] (input port clocked by clk)
Endpoint: div_ready_o (output port clocked by clk)
Path Group: clk
Path Type: max

Fanout         Cap        Slew       Delay        Time   Description
---------------------------------------------------------------------------------------------
                      0.000000    0.000000    0.000000   clock clk (rise edge)
                                  0.000000    0.000000   clock network delay (ideal)
                                  1.000000    1.000000 v input external delay
     1    0.002762    0.004659    0.002285    1.002285 v div_i[1] (in)
                                                         div_i[1] (net)
                      0.004663    0.000000    1.002285 v input3/A (sky130_fd_sc_hd__buf_1)
     3    0.010693    0.046399    0.070978    1.073263 v input3/X (sky130_fd_sc_hd__buf_1)
                                                         net3 (net)
                      0.046404    0.000505    1.073768 v _178_/A (sky130_fd_sc_hd__or4_4)
     1    0.008318    0.063147    0.328258    1.402026 v _178_/X (sky130_fd_sc_hd__or4_4)
                                                         _031_ (net)
                      0.063149    0.000645    1.402671 v _179_/D (sky130_fd_sc_hd__nor4_4)
     2    0.010491    0.186059    0.132997    1.535668 ^ _179_/Y (sky130_fd_sc_hd__nor4_4)
                                                         _032_ (net)
                      0.186059    0.000778    1.536446 ^ _180_/B (sky130_fd_sc_hd__nor2_2)
     2    0.012217    0.053381    0.039555    1.576001 v _180_/Y (sky130_fd_sc_hd__nor2_2)
                                                         _033_ (net)
                      0.053409    0.000937    1.576938 v _195_/B (sky130_fd_sc_hd__xnor2_2)
     2    0.007856    0.052709    0.096166    1.673105 v _195_/Y (sky130_fd_sc_hd__xnor2_2)
                                                         _048_ (net)
                      0.052717    0.000540    1.673645 v _196_/A (sky130_fd_sc_hd__nor2_2)
     1    0.003961    0.054211    0.076787    1.750432 ^ _196_/Y (sky130_fd_sc_hd__nor2_2)
                                                         _049_ (net)
                      0.054212    0.000259    1.750691 ^ _197_/A1 (sky130_fd_sc_hd__a31o_1)
     1    0.006417    0.054605    0.095260    1.845950 ^ _197_/X (sky130_fd_sc_hd__a31o_1)
                                                         net23 (net)
                      0.054608    0.000491    1.846441 ^ output23/A (sky130_fd_sc_hd__buf_6)
     1    0.035053    0.058703    0.091172    1.937613 ^ output23/X (sky130_fd_sc_hd__buf_6)
                                                         div_ready_o (net)
                      0.058791    0.001832    1.939446 ^ div_ready_o (out)
                                              1.939446   data arrival time

                      0.000000    5.000000    5.000000   clock clk (rise edge)
                                  0.000000    5.000000   clock network delay (ideal)
                                 -0.250000    4.750000   clock uncertainty
                                  0.000000    4.750000   clock reconvergence pessimism
                                 -1.000000    3.750000   output external delay
                                              3.750000   data required time
---------------------------------------------------------------------------------------------
                                              3.750000   data required time
                                             -1.939446   data arrival time
---------------------------------------------------------------------------------------------
                                              1.810554   slack (MET)




===========================================================================
report_checks --slack_max -0.01
============================================================================
======================= max_ff_n40C_1v95 Corner ===================================

No paths found.


===========================================================================
 report_check_types -max_slew -max_cap -max_fanout -violators
============================================================================
======================= max_ff_n40C_1v95 Corner ===================================



===========================================================================
report_parasitic_annotation -report_unannotated
============================================================================
Found 0 unannotated drivers.
Found 0 partially unannotated drivers.

===========================================================================
max slew violation count 0
max fanout violation count 0
max cap violation count 0
============================================================================

===========================================================================
check_setup -verbose -unconstrained_endpoints -multiple_clock -no_clock -no_input_delay -loops -generated_clocks
===========================================================================
Warning: There are 25 unclocked register/latch pins.
  _284_/CLK
  _285_/CLK
  _286_/CLK
  _287_/CLK
  _288_/CLK
  _289_/CLK
  _290_/CLK
  _291_/CLK
  _292_/CLK
  _293_/CLK
  _294_/CLK
  _295_/CLK
  _296_/CLK
  _297_/CLK
  _298_/CLK
  _299_/CLK
  _300_/CLK
  _301_/CLK
  _302_/CLK
  _303_/CLK
  _304_/CLK
  _305_/CLK
  _306_/CLK
  _307_/CLK
  _308_/GATE
Warning: There are 33 unconstrained endpoints.
  cycl_count_o[0]
  cycl_count_o[1]
  cycl_count_o[2]
  cycl_count_o[3]
  cycl_count_o[4]
  cycl_count_o[5]
  cycl_count_o[6]
  cycl_count_o[7]
  _284_/D
  _285_/D
  _286_/D
  _287_/D
  _288_/D
  _289_/D
  _290_/D
  _291_/D
  _292_/D
  _293_/D
  _294_/D
  _295_/D
  _296_/D
  _297_/D
  _298_/D
  _299_/D
  _300_/D
  _301_/D
  _302_/D
  _303_/D
  _304_/D
  _305_/D
  _306_/D
  _307_/D
  _308_/D
