Clock: clk
Sources: 
Generated: no
Virtual: yes
Propagated: no
Period: 5.000000

===========================================================================
report_clock_properties
============================================================================
Clock                   Period          Waveform
----------------------------------------------------
clk                   5.000000    0.000000  2.500000

===========================================================================
report_clock_latency
============================================================================
Clock clk
rise -> rise
    min     max
0.000000 0.000000 source latency
1.245488         network latency _296_/CLK
        1.487161 network latency _291_/CLK
---------------
1.245488 1.487161 latency
        0.241673 skew

rise -> fall
    min     max
0.000000 0.000000 source latency
1.180419         network latency _296_/CLK
        1.456752 network latency _308_/GATE
---------------
1.180419 1.456752 latency
        0.276333 skew



===========================================================================
report_clock_min_period
============================================================================
clk period_min = 0.00 fmax = inf
