
===========================================================================
report_checks -path_delay min (Hold)
============================================================================
======================= max_ff_n40C_1v95 Corner ===================================

Startpoint: div_valid_i (input port clocked by clk)
Endpoint: div_ready_o (output port clocked by clk)
Path Group: clk
Path Type: min

Fanout         Cap        Slew       Delay        Time   Description
---------------------------------------------------------------------------------------------
                      0.000000    0.000000    0.000000   clock clk (rise edge)
                                  0.000000    0.000000   clock network delay (ideal)
                                  1.000000    1.000000 ^ input external delay
     1    0.003594    0.016771    0.009369    1.009369 ^ div_valid_i (in)
                                                         div_valid_i (net)
                      0.016773    0.000000    1.009369 ^ input10/A (sky130_fd_sc_hd__buf_1)
     3    0.010021    0.092734    0.090691    1.100060 ^ input10/X (sky130_fd_sc_hd__buf_1)
                                                         net10 (net)
                      0.092738    0.000500    1.100560 ^ _197_/A3 (sky130_fd_sc_hd__a31o_1)
     1    0.006417    0.051771    0.106653    1.207212 ^ _197_/X (sky130_fd_sc_hd__a31o_1)
                                                         net23 (net)
                      0.051797    0.000491    1.207703 ^ output23/A (sky130_fd_sc_hd__buf_6)
     1    0.035053    0.058680    0.090602    1.298305 ^ output23/X (sky130_fd_sc_hd__buf_6)
                                                         div_ready_o (net)
                      0.058769    0.001832    1.300137 ^ div_ready_o (out)
                                              1.300137   data arrival time

                      0.000000    0.000000    0.000000   clock clk (rise edge)
                                  0.000000    0.000000   clock network delay (ideal)
                                  0.250000    0.250000   clock uncertainty
                                  0.000000    0.250000   clock reconvergence pessimism
                                 -1.000000   -0.750000   output external delay
                                             -0.750000   data required time
---------------------------------------------------------------------------------------------
                                             -0.750000   data required time
                                             -1.300137   data arrival time
---------------------------------------------------------------------------------------------
                                              2.050137   slack (MET)


Startpoint: test_mode_en_i (input port clocked by clk)
Endpoint: clk_o (output port clocked by clk)
Path Group: clk
Path Type: min

Fanout         Cap        Slew       Delay        Time   Description
---------------------------------------------------------------------------------------------
                      0.000000    0.000000    0.000000   clock clk (rise edge)
                                  0.000000    0.000000   clock network delay (ideal)
                                  1.000000    1.000000 v input external delay
     1    0.003112    0.005171    0.002596    1.002596 v test_mode_en_i (in)
                                                         test_mode_en_i (net)
                      0.005179    0.000000    1.002596 v input13/A (sky130_fd_sc_hd__clkbuf_1)
     2    0.005085    0.026353    0.054122    1.056718 v input13/X (sky130_fd_sc_hd__clkbuf_1)
                                                         net13 (net)
                      0.026357    0.000315    1.057034 v _198_/B (sky130_fd_sc_hd__nor2_1)
     1    0.005238    0.081179    0.074441    1.131475 ^ _198_/Y (sky130_fd_sc_hd__nor2_1)
                                                         _050_ (net)
                      0.081182    0.000403    1.131878 ^ _201_/S (sky130_fd_sc_hd__mux2_1)
     3    0.010080    0.073110    0.122060    1.253938 ^ _201_/X (sky130_fd_sc_hd__mux2_1)
                                                         _002_ (net)
                      0.073110    0.000300    1.254238 ^ _206_/B (sky130_fd_sc_hd__and2_1)
     1    0.002287    0.029326    0.077568    1.331806 ^ _206_/X (sky130_fd_sc_hd__and2_1)
                                                         net14 (net)
                      0.029327    0.000165    1.331971 ^ output14/A (sky130_fd_sc_hd__buf_2)
     1    0.034491    0.128727    0.136651    1.468623 ^ output14/X (sky130_fd_sc_hd__buf_2)
                                                         clk_o (net)
                      0.128757    0.001645    1.470268 ^ clk_o (out)
                                              1.470268   data arrival time

                      0.000000    0.000000    0.000000   clock clk (rise edge)
                                  0.000000    0.000000   clock network delay (ideal)
                                  0.250000    0.250000   clock uncertainty
                                  0.000000    0.250000   clock reconvergence pessimism
                                 -1.000000   -0.750000   output external delay
                                             -0.750000   data required time
---------------------------------------------------------------------------------------------
                                             -0.750000   data required time
                                             -1.470268   data arrival time
---------------------------------------------------------------------------------------------
                                              2.220268   slack (MET)



