Reading timing models for corner max_ff_n40C_1v95…
Reading cell library for the 'max_ff_n40C_1v95' corner at '/home/nakanomiku/.volare/volare/sky130/versions/0fe599b2afb6708d281543108caf8310912f54af/sky130A/libs.ref/sky130_fd_sc_hd/lib/sky130_fd_sc_hd__ff_n40C_1v95.lib'…
Reading top-level netlist at '/home/nakanomiku/DigitalDesign/clk_int_div/runs/RUN_2024-11-01_17-08-01/51-openroad-fillinsertion/clk_int_div.nl.v'…
Linking design 'clk_int_div' from netlist…
Warning: /home/nakanomiku/DigitalDesign/clk_int_div/runs/RUN_2024-11-01_17-08-01/51-openroad-fillinsertion/clk_int_div.nl.v line 905, module sky130_fd_sc_hd__tapvpwrvgnd_1 not found. Creating black box for TAP_TAPCELL_ROW_0_46.
Warning: /home/nakanomiku/DigitalDesign/clk_int_div/runs/RUN_2024-11-01_17-08-01/51-openroad-fillinsertion/clk_int_div.nl.v line 1031, module sky130_ef_sc_hd__decap_12 not found. Creating black box for FILLER_0_3.
Warning: /home/nakanomiku/DigitalDesign/clk_int_div/runs/RUN_2024-11-01_17-08-01/51-openroad-fillinsertion/clk_int_div.nl.v line 1033, module sky130_fd_sc_hd__fill_1 not found. Creating black box for FILLER_0_27.
Warning: /home/nakanomiku/DigitalDesign/clk_int_div/runs/RUN_2024-11-01_17-08-01/51-openroad-fillinsertion/clk_int_div.nl.v line 1046, module sky130_fd_sc_hd__fill_2 not found. Creating black box for FILLER_0_133.
Reading design constraints file at '/nix/store/mr1ix0gwjfwmikfqyrq536nwhj83f0zp-python3-3.11.9-env/lib/python3.11/site-packages/openlane/scripts/base.sdc'…
Warning: base.sdc line 15, port 'clk' not found.
[INFO] Using clock clk…
[INFO] Setting output delay to: 1
[INFO] Setting input delay to: 1
Warning: base.sdc line 32, port 'clk' not found.
[INFO] Setting load to: 0.033442
[INFO] Setting clock uncertainty to: 0.25
[INFO] Setting clock transition to: 0.1499999999999999944488848768742172978818416595458984375
Warning: base.sdc line 69, transition time can not be specified for virtual clocks.
[INFO] Setting timing derate to: 5%
Warning: base.sdc line 79, virtual clock clk can not be propagated.
Reading top-level design parasitics for the 'max_ff_n40C_1v95' corner at '/home/nakanomiku/DigitalDesign/clk_int_div/runs/RUN_2024-11-01_17-08-01/53-openroad-rcx/max/clk_int_div.max.spef'…
%OL_CREATE_REPORT min.rpt

===========================================================================
report_checks -path_delay min (Hold)
============================================================================
======================= max_ff_n40C_1v95 Corner ===================================

Startpoint: div_valid_i (input port clocked by clk)
Endpoint: div_ready_o (output port clocked by clk)
Path Group: clk
Path Type: min

Fanout         Cap        Slew       Delay        Time   Description
---------------------------------------------------------------------------------------------
                      0.000000    0.000000    0.000000   clock clk (rise edge)
                                  0.000000    0.000000   clock network delay (ideal)
                                  1.000000    1.000000 ^ input external delay
     1    0.003594    0.016771    0.009369    1.009369 ^ div_valid_i (in)
                                                         div_valid_i (net)
                      0.016773    0.000000    1.009369 ^ input10/A (sky130_fd_sc_hd__buf_1)
     3    0.010021    0.092734    0.090691    1.100060 ^ input10/X (sky130_fd_sc_hd__buf_1)
                                                         net10 (net)
                      0.092738    0.000500    1.100560 ^ _197_/A3 (sky130_fd_sc_hd__a31o_1)
     1    0.006417    0.051771    0.106653    1.207212 ^ _197_/X (sky130_fd_sc_hd__a31o_1)
                                                         net23 (net)
                      0.051797    0.000491    1.207703 ^ output23/A (sky130_fd_sc_hd__buf_6)
     1    0.035053    0.058680    0.090602    1.298305 ^ output23/X (sky130_fd_sc_hd__buf_6)
                                                         div_ready_o (net)
                      0.058769    0.001832    1.300137 ^ div_ready_o (out)
                                              1.300137   data arrival time

                      0.000000    0.000000    0.000000   clock clk (rise edge)
                                  0.000000    0.000000   clock network delay (ideal)
                                  0.250000    0.250000   clock uncertainty
                                  0.000000    0.250000   clock reconvergence pessimism
                                 -1.000000   -0.750000   output external delay
                                             -0.750000   data required time
---------------------------------------------------------------------------------------------
                                             -0.750000   data required time
                                             -1.300137   data arrival time
---------------------------------------------------------------------------------------------
                                              2.050137   slack (MET)


Startpoint: test_mode_en_i (input port clocked by clk)
Endpoint: clk_o (output port clocked by clk)
Path Group: clk
Path Type: min

Fanout         Cap        Slew       Delay        Time   Description
---------------------------------------------------------------------------------------------
                      0.000000    0.000000    0.000000   clock clk (rise edge)
                                  0.000000    0.000000   clock network delay (ideal)
                                  1.000000    1.000000 v input external delay
     1    0.003112    0.005171    0.002596    1.002596 v test_mode_en_i (in)
                                                         test_mode_en_i (net)
                      0.005179    0.000000    1.002596 v input13/A (sky130_fd_sc_hd__clkbuf_1)
     2    0.005085    0.026353    0.054122    1.056718 v input13/X (sky130_fd_sc_hd__clkbuf_1)
                                                         net13 (net)
                      0.026357    0.000315    1.057034 v _198_/B (sky130_fd_sc_hd__nor2_1)
     1    0.005238    0.081179    0.074441    1.131475 ^ _198_/Y (sky130_fd_sc_hd__nor2_1)
                                                         _050_ (net)
                      0.081182    0.000403    1.131878 ^ _201_/S (sky130_fd_sc_hd__mux2_1)
     3    0.010080    0.073110    0.122060    1.253938 ^ _201_/X (sky130_fd_sc_hd__mux2_1)
                                                         _002_ (net)
                      0.073110    0.000300    1.254238 ^ _206_/B (sky130_fd_sc_hd__and2_1)
     1    0.002287    0.029326    0.077568    1.331806 ^ _206_/X (sky130_fd_sc_hd__and2_1)
                                                         net14 (net)
                      0.029327    0.000165    1.331971 ^ output14/A (sky130_fd_sc_hd__buf_2)
     1    0.034491    0.128727    0.136651    1.468623 ^ output14/X (sky130_fd_sc_hd__buf_2)
                                                         clk_o (net)
                      0.128757    0.001645    1.470268 ^ clk_o (out)
                                              1.470268   data arrival time

                      0.000000    0.000000    0.000000   clock clk (rise edge)
                                  0.000000    0.000000   clock network delay (ideal)
                                  0.250000    0.250000   clock uncertainty
                                  0.000000    0.250000   clock reconvergence pessimism
                                 -1.000000   -0.750000   output external delay
                                             -0.750000   data required time
---------------------------------------------------------------------------------------------
                                             -0.750000   data required time
                                             -1.470268   data arrival time
---------------------------------------------------------------------------------------------
                                              2.220268   slack (MET)



%OL_END_REPORT
%OL_CREATE_REPORT max.rpt

===========================================================================
report_checks -path_delay max (Setup)
============================================================================
======================= max_ff_n40C_1v95 Corner ===================================

Startpoint: div_i[1] (input port clocked by clk)
Endpoint: div_ready_o (output port clocked by clk)
Path Group: clk
Path Type: max

Fanout         Cap        Slew       Delay        Time   Description
---------------------------------------------------------------------------------------------
                      0.000000    0.000000    0.000000   clock clk (rise edge)
                                  0.000000    0.000000   clock network delay (ideal)
                                  1.000000    1.000000 v input external delay
     1    0.002762    0.004659    0.002285    1.002285 v div_i[1] (in)
                                                         div_i[1] (net)
                      0.004663    0.000000    1.002285 v input3/A (sky130_fd_sc_hd__buf_1)
     3    0.010693    0.046399    0.070978    1.073263 v input3/X (sky130_fd_sc_hd__buf_1)
                                                         net3 (net)
                      0.046404    0.000505    1.073768 v _178_/A (sky130_fd_sc_hd__or4_4)
     1    0.008318    0.063147    0.328258    1.402026 v _178_/X (sky130_fd_sc_hd__or4_4)
                                                         _031_ (net)
                      0.063149    0.000645    1.402671 v _179_/D (sky130_fd_sc_hd__nor4_4)
     2    0.010491    0.186059    0.132997    1.535668 ^ _179_/Y (sky130_fd_sc_hd__nor4_4)
                                                         _032_ (net)
                      0.186059    0.000778    1.536446 ^ _180_/B (sky130_fd_sc_hd__nor2_2)
     2    0.012217    0.053381    0.039555    1.576001 v _180_/Y (sky130_fd_sc_hd__nor2_2)
                                                         _033_ (net)
                      0.053409    0.000937    1.576938 v _195_/B (sky130_fd_sc_hd__xnor2_2)
     2    0.007856    0.052709    0.096166    1.673105 v _195_/Y (sky130_fd_sc_hd__xnor2_2)
                                                         _048_ (net)
                      0.052717    0.000540    1.673645 v _196_/A (sky130_fd_sc_hd__nor2_2)
     1    0.003961    0.054211    0.076787    1.750432 ^ _196_/Y (sky130_fd_sc_hd__nor2_2)
                                                         _049_ (net)
                      0.054212    0.000259    1.750691 ^ _197_/A1 (sky130_fd_sc_hd__a31o_1)
     1    0.006417    0.054605    0.095260    1.845950 ^ _197_/X (sky130_fd_sc_hd__a31o_1)
                                                         net23 (net)
                      0.054608    0.000491    1.846441 ^ output23/A (sky130_fd_sc_hd__buf_6)
     1    0.035053    0.058703    0.091172    1.937613 ^ output23/X (sky130_fd_sc_hd__buf_6)
                                                         div_ready_o (net)
                      0.058791    0.001832    1.939446 ^ div_ready_o (out)
                                              1.939446   data arrival time

                      0.000000    5.000000    5.000000   clock clk (rise edge)
                                  0.000000    5.000000   clock network delay (ideal)
                                 -0.250000    4.750000   clock uncertainty
                                  0.000000    4.750000   clock reconvergence pessimism
                                 -1.000000    3.750000   output external delay
                                              3.750000   data required time
---------------------------------------------------------------------------------------------
                                              3.750000   data required time
                                             -1.939446   data arrival time
---------------------------------------------------------------------------------------------
                                              1.810554   slack (MET)


Startpoint: clk_i (input port clocked by clk)
Endpoint: clk_o (output port clocked by clk)
Path Group: clk
Path Type: max

Fanout         Cap        Slew       Delay        Time   Description
---------------------------------------------------------------------------------------------
                      0.000000    0.000000    0.000000   clock clk (rise edge)
                                  0.000000    0.000000   clock network delay (ideal)
                                  1.000000    1.000000 ^ input external delay
     1    0.002927    0.014373    0.007615    1.007615 ^ clk_i (in)
                                                         clk_i (net)
                      0.014374    0.000000    1.007615 ^ input1/A (sky130_fd_sc_hd__buf_1)
     2    0.013876    0.125643    0.111892    1.119507 ^ input1/X (sky130_fd_sc_hd__buf_1)
                                                         net1 (net)
                      0.125651    0.000859    1.120366 ^ fanout34/A (sky130_fd_sc_hd__buf_2)
    10    0.045444    0.168173    0.184023    1.304389 ^ fanout34/X (sky130_fd_sc_hd__buf_2)
                                                         net34 (net)
                      0.168558    0.006602    1.310991 ^ _201_/A0 (sky130_fd_sc_hd__mux2_1)
     3    0.010080    0.073984    0.130412    1.441403 ^ _201_/X (sky130_fd_sc_hd__mux2_1)
                                                         _002_ (net)
                      0.073984    0.000300    1.441703 ^ _206_/B (sky130_fd_sc_hd__and2_1)
     1    0.002287    0.029843    0.077716    1.519418 ^ _206_/X (sky130_fd_sc_hd__and2_1)
                                                         net14 (net)
                      0.029844    0.000165    1.519583 ^ output14/A (sky130_fd_sc_hd__buf_2)
     1    0.034491    0.128726    0.136808    1.656391 ^ output14/X (sky130_fd_sc_hd__buf_2)
                                                         clk_o (net)
                      0.128756    0.001645    1.658036 ^ clk_o (out)
                                              1.658036   data arrival time

                      0.000000    5.000000    5.000000   clock clk (rise edge)
                                  0.000000    5.000000   clock network delay (ideal)
                                 -0.250000    4.750000   clock uncertainty
                                  0.000000    4.750000   clock reconvergence pessimism
                                 -1.000000    3.750000   output external delay
                                              3.750000   data required time
---------------------------------------------------------------------------------------------
                                              3.750000   data required time
                                             -1.658036   data arrival time
---------------------------------------------------------------------------------------------
                                              2.091964   slack (MET)



%OL_END_REPORT
%OL_CREATE_REPORT checks.rpt

===========================================================================
report_checks -unconstrained
===========================================================================
======================= max_ff_n40C_1v95 Corner ===================================

Startpoint: div_i[1] (input port clocked by clk)
Endpoint: div_ready_o (output port clocked by clk)
Path Group: clk
Path Type: max

Fanout         Cap        Slew       Delay        Time   Description
---------------------------------------------------------------------------------------------
                      0.000000    0.000000    0.000000   clock clk (rise edge)
                                  0.000000    0.000000   clock network delay (ideal)
                                  1.000000    1.000000 v input external delay
     1    0.002762    0.004659    0.002285    1.002285 v div_i[1] (in)
                                                         div_i[1] (net)
                      0.004663    0.000000    1.002285 v input3/A (sky130_fd_sc_hd__buf_1)
     3    0.010693    0.046399    0.070978    1.073263 v input3/X (sky130_fd_sc_hd__buf_1)
                                                         net3 (net)
                      0.046404    0.000505    1.073768 v _178_/A (sky130_fd_sc_hd__or4_4)
     1    0.008318    0.063147    0.328258    1.402026 v _178_/X (sky130_fd_sc_hd__or4_4)
                                                         _031_ (net)
                      0.063149    0.000645    1.402671 v _179_/D (sky130_fd_sc_hd__nor4_4)
     2    0.010491    0.186059    0.132997    1.535668 ^ _179_/Y (sky130_fd_sc_hd__nor4_4)
                                                         _032_ (net)
                      0.186059    0.000778    1.536446 ^ _180_/B (sky130_fd_sc_hd__nor2_2)
     2    0.012217    0.053381    0.039555    1.576001 v _180_/Y (sky130_fd_sc_hd__nor2_2)
                                                         _033_ (net)
                      0.053409    0.000937    1.576938 v _195_/B (sky130_fd_sc_hd__xnor2_2)
     2    0.007856    0.052709    0.096166    1.673105 v _195_/Y (sky130_fd_sc_hd__xnor2_2)
                                                         _048_ (net)
                      0.052717    0.000540    1.673645 v _196_/A (sky130_fd_sc_hd__nor2_2)
     1    0.003961    0.054211    0.076787    1.750432 ^ _196_/Y (sky130_fd_sc_hd__nor2_2)
                                                         _049_ (net)
                      0.054212    0.000259    1.750691 ^ _197_/A1 (sky130_fd_sc_hd__a31o_1)
     1    0.006417    0.054605    0.095260    1.845950 ^ _197_/X (sky130_fd_sc_hd__a31o_1)
                                                         net23 (net)
                      0.054608    0.000491    1.846441 ^ output23/A (sky130_fd_sc_hd__buf_6)
     1    0.035053    0.058703    0.091172    1.937613 ^ output23/X (sky130_fd_sc_hd__buf_6)
                                                         div_ready_o (net)
                      0.058791    0.001832    1.939446 ^ div_ready_o (out)
                                              1.939446   data arrival time

                      0.000000    5.000000    5.000000   clock clk (rise edge)
                                  0.000000    5.000000   clock network delay (ideal)
                                 -0.250000    4.750000   clock uncertainty
                                  0.000000    4.750000   clock reconvergence pessimism
                                 -1.000000    3.750000   output external delay
                                              3.750000   data required time
---------------------------------------------------------------------------------------------
                                              3.750000   data required time
                                             -1.939446   data arrival time
---------------------------------------------------------------------------------------------
                                              1.810554   slack (MET)




===========================================================================
report_checks --slack_max -0.01
============================================================================
======================= max_ff_n40C_1v95 Corner ===================================

No paths found.


===========================================================================
 report_check_types -max_slew -max_cap -max_fanout -violators
============================================================================
======================= max_ff_n40C_1v95 Corner ===================================



===========================================================================
report_parasitic_annotation -report_unannotated
============================================================================
Found 0 unannotated drivers.
Found 0 partially unannotated drivers.

===========================================================================
max slew violation count 0
%OL_METRIC_I design__max_slew_violation__count__corner:max_ff_n40C_1v95 0
max fanout violation count 0
%OL_METRIC_I design__max_fanout_violation__count__corner:max_ff_n40C_1v95 0
max cap violation count 0
%OL_METRIC_I design__max_cap_violation__count__corner:max_ff_n40C_1v95 0
============================================================================

===========================================================================
check_setup -verbose -unconstrained_endpoints -multiple_clock -no_clock -no_input_delay -loops -generated_clocks
===========================================================================
Warning: There are 25 unclocked register/latch pins.
  _284_/CLK
  _285_/CLK
  _286_/CLK
  _287_/CLK
  _288_/CLK
  _289_/CLK
  _290_/CLK
  _291_/CLK
  _292_/CLK
  _293_/CLK
  _294_/CLK
  _295_/CLK
  _296_/CLK
  _297_/CLK
  _298_/CLK
  _299_/CLK
  _300_/CLK
  _301_/CLK
  _302_/CLK
  _303_/CLK
  _304_/CLK
  _305_/CLK
  _306_/CLK
  _307_/CLK
  _308_/GATE
Warning: There are 33 unconstrained endpoints.
  cycl_count_o[0]
  cycl_count_o[1]
  cycl_count_o[2]
  cycl_count_o[3]
  cycl_count_o[4]
  cycl_count_o[5]
  cycl_count_o[6]
  cycl_count_o[7]
  _284_/D
  _285_/D
  _286_/D
  _287_/D
  _288_/D
  _289_/D
  _290_/D
  _291_/D
  _292_/D
  _293_/D
  _294_/D
  _295_/D
  _296_/D
  _297_/D
  _298_/D
  _299_/D
  _300_/D
  _301_/D
  _302_/D
  _303_/D
  _304_/D
  _305_/D
  _306_/D
  _307_/D
  _308_/D
%OL_END_REPORT
%OL_CREATE_REPORT power.rpt

===========================================================================
 report_power
============================================================================
======================= max_ff_n40C_1v95 Corner ===================================

Group                    Internal    Switching      Leakage        Total
                            Power        Power        Power        Power (Watts)
------------------------------------------------------------------------
Sequential           8.399567e-05 1.476821e-04 5.145422e-10 2.316783e-04  47.0%
Combinational        1.417130e-04 1.198539e-04 1.135413e-09 2.615680e-04  53.0%
Clock                0.000000e+00 0.000000e+00 5.209435e-10 5.209435e-10   0.0%
Macro                0.000000e+00 0.000000e+00 0.000000e+00 0.000000e+00   0.0%
Pad                  0.000000e+00 0.000000e+00 0.000000e+00 0.000000e+00   0.0%
------------------------------------------------------------------------
Total                2.257086e-04 2.675359e-04 2.170899e-09 4.932467e-04 100.0%
                            45.8%        54.2%         0.0%
%OL_METRIC_F power__internal__total 0.00022570860164705664
%OL_METRIC_F power__switching__total 0.0002675359428394586
%OL_METRIC_F power__leakage__total 2.1708992381519465e-9
%OL_METRIC_F power__total 0.0004932467127218843

%OL_END_REPORT
%OL_CREATE_REPORT skew.min.rpt

===========================================================================
Clock Skew (Hold)
============================================================================
%OL_METRIC_F clock__skew__worst_hold__corner:max_ff_n40C_1v95 0.0
======================= max_ff_n40C_1v95 Corner ===================================

Clock clk
No launch/capture paths found.

%OL_END_REPORT
%OL_CREATE_REPORT skew.max.rpt

===========================================================================
Clock Skew (Setup)
============================================================================
%OL_METRIC_F clock__skew__worst_setup__corner:max_ff_n40C_1v95 0.0
======================= max_ff_n40C_1v95 Corner ===================================

Clock clk
No launch/capture paths found.

%OL_END_REPORT
%OL_CREATE_REPORT ws.min.rpt

===========================================================================
Worst Slack (Hold)
============================================================================
%OL_METRIC_F timing__hold__ws__corner:max_ff_n40C_1v95 2.050137007076229
max_ff_n40C_1v95: 2.050137007076229
%OL_END_REPORT
%OL_CREATE_REPORT ws.max.rpt

===========================================================================
Worst Slack (Setup)
============================================================================
%OL_METRIC_F timing__setup__ws__corner:max_ff_n40C_1v95 1.8105542022553294
max_ff_n40C_1v95: 1.8105542022553294
%OL_END_REPORT
%OL_CREATE_REPORT tns.min.rpt

===========================================================================
Total Negative Slack (Hold)
============================================================================
%OL_METRIC_F timing__hold__tns__corner:max_ff_n40C_1v95 0.0
max_ff_n40C_1v95: 0.0
%OL_END_REPORT
%OL_CREATE_REPORT tns.max.rpt

===========================================================================
Total Negative Slack (Setup)
============================================================================
%OL_METRIC_F timing__setup__tns__corner:max_ff_n40C_1v95 0.0
max_ff_n40C_1v95: 0.0
%OL_END_REPORT
%OL_CREATE_REPORT wns.min.rpt

===========================================================================
Worst Negative Slack (Hold)
============================================================================
%OL_METRIC_F timing__hold__wns__corner:max_ff_n40C_1v95 0
max_ff_n40C_1v95: 0
%OL_END_REPORT
%OL_CREATE_REPORT wns.max.rpt

===========================================================================
Worst Negative Slack (Setup)
============================================================================
%OL_METRIC_F timing__setup__wns__corner:max_ff_n40C_1v95 0.0
max_ff_n40C_1v95: 0.0
%OL_END_REPORT
%OL_CREATE_REPORT violator_list.rpt

===========================================================================
Violator List
============================================================================
%OL_METRIC_I timing__hold_vio__count__corner:max_ff_n40C_1v95 0
%OL_METRIC_F timing__hold_r2r__ws__corner:max_ff_n40C_1v95 inf
%OL_METRIC_I timing__hold_r2r_vio__count__corner:max_ff_n40C_1v95 0
%OL_METRIC_I timing__setup_vio__count__corner:max_ff_n40C_1v95 0
%OL_METRIC_F timing__setup_r2r__ws__corner:max_ff_n40C_1v95 inf
%OL_METRIC_I timing__setup_r2r_vio__count__corner:max_ff_n40C_1v95 0
%OL_END_REPORT
%OL_CREATE_REPORT unpropagated.rpt
clk
%OL_END_REPORT
%OL_CREATE_REPORT clock.rpt
Clock: clk
Sources: 
Generated: no
Virtual: yes
Propagated: no
Period: 5.000000

===========================================================================
report_clock_properties
============================================================================
Clock                   Period          Waveform
----------------------------------------------------
clk                   5.000000    0.000000  2.500000

===========================================================================
report_clock_latency
============================================================================
Clock clk
rise -> rise
    min     max
0.000000 0.000000 source latency
1.245488         network latency _296_/CLK
        1.487161 network latency _291_/CLK
---------------
1.245488 1.487161 latency
        0.241673 skew

rise -> fall
    min     max
0.000000 0.000000 source latency
1.180419         network latency _296_/CLK
        1.456752 network latency _308_/GATE
---------------
1.180419 1.456752 latency
        0.276333 skew



===========================================================================
report_clock_min_period
============================================================================
clk period_min = 0.00 fmax = inf
%OL_END_REPORT
Writing SDF files for all corners…
Removing Clock latencies before writing libs…
Writing timing models for all corners…
Writing timing models for the max_ff_n40C_1v95 corner to /home/nakanomiku/DigitalDesign/clk_int_div/runs/RUN_2024-11-01_17-08-01/54-openroad-stapostpnr/max_ff_n40C_1v95/clk_int_div__max_ff_n40C_1v95.lib…
