[WARNING ORD-0039] .openroad ignored with -python
                                Cells by Master                                 
┏━━━━━━━━━━━━━━━━━━━━━━━━━━━━━━━━━━━━━━━━━━━━━━━━━━━━━━━━━━━━━━━━┳━━━━━━━━━━━━━┓
┃ Cell                                                           ┃ Count       ┃
┡━━━━━━━━━━━━━━━━━━━━━━━━━━━━━━━━━━━━━━━━━━━━━━━━━━━━━━━━━━━━━━━━╇━━━━━━━━━━━━━┩
│ sky130_ef_sc_hd__decap_12                                      │ 66          │
│ sky130_fd_sc_hd__a2111o_1                                      │ 1           │
│ sky130_fd_sc_hd__a211o_1                                       │ 2           │
│ sky130_fd_sc_hd__a21boi_1                                      │ 1           │
│ sky130_fd_sc_hd__a21o_1                                        │ 7           │
│ sky130_fd_sc_hd__a21oi_1                                       │ 3           │
│ sky130_fd_sc_hd__a21oi_4                                       │ 1           │
│ sky130_fd_sc_hd__a221oi_1                                      │ 1           │
│ sky130_fd_sc_hd__a22o_1                                        │ 4           │
│ sky130_fd_sc_hd__a22oi_1                                       │ 1           │
│ sky130_fd_sc_hd__a2bb2o_1                                      │ 1           │
│ sky130_fd_sc_hd__a31o_1                                        │ 4           │
│ sky130_fd_sc_hd__a32o_1                                        │ 1           │
│ sky130_fd_sc_hd__and2_1                                        │ 10          │
│ sky130_fd_sc_hd__and2b_1                                       │ 18          │
│ sky130_fd_sc_hd__and3_1                                        │ 17          │
│ sky130_fd_sc_hd__and3b_1                                       │ 19          │
│ sky130_fd_sc_hd__and4_1                                        │ 8           │
│ sky130_fd_sc_hd__and4_2                                        │ 1           │
│ sky130_fd_sc_hd__and4b_1                                       │ 2           │
│ sky130_fd_sc_hd__buf_1                                         │ 4           │
│ sky130_fd_sc_hd__buf_2                                         │ 2           │
│ sky130_fd_sc_hd__buf_4                                         │ 2           │
│ sky130_fd_sc_hd__buf_6                                         │ 4           │
│ sky130_fd_sc_hd__clkbuf_1                                      │ 29          │
│ sky130_fd_sc_hd__clkbuf_16                                     │ 5           │
│ sky130_fd_sc_hd__clkbuf_2                                      │ 1           │
│ sky130_fd_sc_hd__clkbuf_4                                      │ 2           │
│ sky130_fd_sc_hd__clkinv_2                                      │ 2           │
│ sky130_fd_sc_hd__decap_3                                       │ 79          │
│ sky130_fd_sc_hd__decap_4                                       │ 41          │
│ sky130_fd_sc_hd__decap_6                                       │ 28          │
│ sky130_fd_sc_hd__decap_8                                       │ 31          │
│ sky130_fd_sc_hd__dfrtp_1                                       │ 30          │
│ sky130_fd_sc_hd__dfrtp_2                                       │ 3           │
│ sky130_fd_sc_hd__dlygate4sd1_1                                 │ 4           │
│ sky130_fd_sc_hd__dlygate4sd3_1                                 │ 1           │
│ sky130_fd_sc_hd__fill_1                                        │ 92          │
│ sky130_fd_sc_hd__fill_2                                        │ 51          │
│ sky130_fd_sc_hd__inv_2                                         │ 63          │
│ sky130_fd_sc_hd__nand2_1                                       │ 18          │
│ sky130_fd_sc_hd__nand2b_1                                      │ 1           │
│ sky130_fd_sc_hd__nand3_1                                       │ 1           │
│ sky130_fd_sc_hd__nor2_1                                        │ 5           │
│ sky130_fd_sc_hd__o211a_1                                       │ 5           │
│ sky130_fd_sc_hd__o21a_1                                        │ 1           │
│ sky130_fd_sc_hd__o21ai_1                                       │ 1           │
│ sky130_fd_sc_hd__o21ba_1                                       │ 1           │
│ sky130_fd_sc_hd__o221a_1                                       │ 1           │
│ sky130_fd_sc_hd__o22a_1                                        │ 11          │
│ sky130_fd_sc_hd__o32a_1                                        │ 2           │
│ sky130_fd_sc_hd__or2_1                                         │ 16          │
│ sky130_fd_sc_hd__or3_1                                         │ 2           │
│ sky130_fd_sc_hd__or3_4                                         │ 1           │
│ sky130_fd_sc_hd__or4_1                                         │ 1           │
│ sky130_fd_sc_hd__or4_4                                         │ 2           │
│ sky130_fd_sc_hd__or4b_4                                        │ 1           │
│ sky130_fd_sc_hd__tapvpwrvgnd_1                                 │ 70          │
│ sky130_fd_sc_hd__xnor2_1                                       │ 1           │
└────────────────────────────────────────────────────────────────┴─────────────┘
                               Cells by Function                                
┏━━━━━━━━━━━━━━━━━━━━━━━━━━━━━━━━━━━━━━━━━━━━━━━━━━━━━━━━━━━━━━━┳━━━━━━━━━━━━━━┓
┃ Cell Function                                                 ┃ Count        ┃
┡━━━━━━━━━━━━━━━━━━━━━━━━━━━━━━━━━━━━━━━━━━━━━━━━━━━━━━━━━━━━━━━╇━━━━━━━━━━━━━━┩
│ sky130_ef_sc_hd__decap                                        │ 66           │
│ sky130_fd_sc_hd__a2111o                                       │ 1            │
│ sky130_fd_sc_hd__a211o                                        │ 2            │
│ sky130_fd_sc_hd__a21boi                                       │ 1            │
│ sky130_fd_sc_hd__a21o                                         │ 7            │
│ sky130_fd_sc_hd__a21oi                                        │ 4            │
│ sky130_fd_sc_hd__a221oi                                       │ 1            │
│ sky130_fd_sc_hd__a22o                                         │ 4            │
│ sky130_fd_sc_hd__a22oi                                        │ 1            │
│ sky130_fd_sc_hd__a2bb2o                                       │ 1            │
│ sky130_fd_sc_hd__a31o                                         │ 4            │
│ sky130_fd_sc_hd__a32o                                         │ 1            │
│ sky130_fd_sc_hd__and2                                         │ 10           │
│ sky130_fd_sc_hd__and2b                                        │ 18           │
│ sky130_fd_sc_hd__and3                                         │ 17           │
│ sky130_fd_sc_hd__and3b                                        │ 19           │
│ sky130_fd_sc_hd__and4                                         │ 9            │
│ sky130_fd_sc_hd__and4b                                        │ 2            │
│ sky130_fd_sc_hd__buf                                          │ 12           │
│ sky130_fd_sc_hd__clkbuf                                       │ 37           │
│ sky130_fd_sc_hd__clkinv                                       │ 2            │
│ sky130_fd_sc_hd__decap                                        │ 179          │
│ sky130_fd_sc_hd__dfrtp                                        │ 33           │
│ sky130_fd_sc_hd__dlygate4sd1                                  │ 4            │
│ sky130_fd_sc_hd__dlygate4sd3                                  │ 1            │
│ sky130_fd_sc_hd__fill                                         │ 143          │
│ sky130_fd_sc_hd__inv                                          │ 63           │
│ sky130_fd_sc_hd__nand2                                        │ 18           │
│ sky130_fd_sc_hd__nand2b                                       │ 1            │
│ sky130_fd_sc_hd__nand3                                        │ 1            │
│ sky130_fd_sc_hd__nor2                                         │ 5            │
│ sky130_fd_sc_hd__o211a                                        │ 5            │
│ sky130_fd_sc_hd__o21a                                         │ 1            │
│ sky130_fd_sc_hd__o21ai                                        │ 1            │
│ sky130_fd_sc_hd__o21ba                                        │ 1            │
│ sky130_fd_sc_hd__o221a                                        │ 1            │
│ sky130_fd_sc_hd__o22a                                         │ 11           │
│ sky130_fd_sc_hd__o32a                                         │ 2            │
│ sky130_fd_sc_hd__or2                                          │ 16           │
│ sky130_fd_sc_hd__or3                                          │ 3            │
│ sky130_fd_sc_hd__or4                                          │ 3            │
│ sky130_fd_sc_hd__or4b                                         │ 1            │
│ sky130_fd_sc_hd__tapvpwrvgnd                                  │ 70           │
│ sky130_fd_sc_hd__xnor2                                        │ 1            │
└───────────────────────────────────────────────────────────────┴──────────────┘
                                  Cells by SCL                                  
┏━━━━━━━━━━━━━━━━━━━━━━━━━━━━━━━━━━━━━━━━━━━━━━━━━━━━━━━┳━━━━━━━━━━━━━━━━━━━━━━┓
┃ SCL                                                   ┃ Count                ┃
┡━━━━━━━━━━━━━━━━━━━━━━━━━━━━━━━━━━━━━━━━━━━━━━━━━━━━━━━╇━━━━━━━━━━━━━━━━━━━━━━┩
│ sky130_ef_sc_hd                                       │ 66                   │
│ sky130_fd_sc_hd                                       │ 717                  │
└───────────────────────────────────────────────────────┴──────────────────────┘
                             Buffers by Cell Master                             
┏━━━━━━━━━━━━━━━━━━━━━━━━━━━━━━━━━━━━━━━━━━━━━━━━━━━━━━━━━━━━━━━━┳━━━━━━━━━━━━━┓
┃ Buffer                                                         ┃ Count       ┃
┡━━━━━━━━━━━━━━━━━━━━━━━━━━━━━━━━━━━━━━━━━━━━━━━━━━━━━━━━━━━━━━━━╇━━━━━━━━━━━━━┩
│ sky130_fd_sc_hd__buf_1                                         │ 4           │
│ sky130_fd_sc_hd__buf_2                                         │ 2           │
│ sky130_fd_sc_hd__buf_4                                         │ 2           │
│ sky130_fd_sc_hd__buf_6                                         │ 4           │
│ sky130_fd_sc_hd__clkbuf_1                                      │ 29          │
│ sky130_fd_sc_hd__clkbuf_16                                     │ 5           │
│ sky130_fd_sc_hd__clkbuf_2                                      │ 1           │
│ sky130_fd_sc_hd__clkbuf_4                                      │ 2           │
│ sky130_fd_sc_hd__dlygate4sd1_1                                 │ 4           │
│ sky130_fd_sc_hd__dlygate4sd3_1                                 │ 1           │
└────────────────────────────────────────────────────────────────┴─────────────┘
