
===========================================================================
report_checks -unconstrained
===========================================================================
======================= nom_tt_025C_1v80 Corner ===================================

Startpoint: rst (input port clocked by clk)
Endpoint: _117_ (recovery check against rising-edge clock clk)
Path Group: asynchronous
Path Type: max

Fanout         Cap        Slew       Delay        Time   Description
---------------------------------------------------------------------------------------------
                                  0.000000    0.000000   clock clk (rise edge)
                                  0.000000    0.000000   clock network delay (propagated)
                                  1.000000    1.000000 v input external delay
     1    0.002761    0.008533    0.004376    1.004376 v rst (in)
                                                         rst (net)
                      0.008533    0.000000    1.004376 v hold2/A (sky130_fd_sc_hd__dlygate4sd3_1)
     1    0.002456    0.051129    0.531453    1.535829 v hold2/X (sky130_fd_sc_hd__dlygate4sd3_1)
                                                         net12 (net)
                      0.051129    0.000054    1.535883 v input9/A (sky130_fd_sc_hd__clkbuf_4)
     9    0.046335    0.101399    0.203454    1.739337 v input9/X (sky130_fd_sc_hd__clkbuf_4)
                                                         net9 (net)
                      0.101404    0.000747    1.740084 v _108_/A (sky130_fd_sc_hd__inv_2)
     1    0.005576    0.043324    0.071560    1.811644 ^ _108_/Y (sky130_fd_sc_hd__inv_2)
                                                         _013_ (net)
                      0.043325    0.000185    1.811829 ^ _117_/RESET_B (sky130_fd_sc_hd__dfrtp_1)
                                              1.811829   data arrival time

                                  5.000000    5.000000   clock clk (rise edge)
                                  0.000000    5.000000   clock source latency
     1    0.009819    0.050615    0.033463    5.033463 ^ clk (in)
                                                         clk (net)
                      0.050616    0.000000    5.033463 ^ clkbuf_0_clk/A (sky130_fd_sc_hd__clkbuf_16)
     2    0.019244    0.041197    0.126604    5.160067 ^ clkbuf_0_clk/X (sky130_fd_sc_hd__clkbuf_16)
                                                         clknet_0_clk (net)
                      0.041200    0.000581    5.160647 ^ clkbuf_1_0__f_clk/A (sky130_fd_sc_hd__clkbuf_16)
     5    0.013586    0.036392    0.117885    5.278533 ^ clkbuf_1_0__f_clk/X (sky130_fd_sc_hd__clkbuf_16)
                                                         clknet_1_0__leaf_clk (net)
                      0.036392    0.000319    5.278852 ^ _117_/CLK (sky130_fd_sc_hd__dfrtp_1)
                                 -0.250000    5.028852   clock uncertainty
                                  0.000000    5.028852   clock reconvergence pessimism
                                  0.228127    5.256979   library recovery time
                                              5.256979   data required time
---------------------------------------------------------------------------------------------
                                              5.256979   data required time
                                             -1.811829   data arrival time
---------------------------------------------------------------------------------------------
                                              3.445150   slack (MET)


Startpoint: psc[1] (input port clocked by clk)
Endpoint: _119_ (rising edge-triggered flip-flop clocked by clk)
Path Group: clk
Path Type: max

Fanout         Cap        Slew       Delay        Time   Description
---------------------------------------------------------------------------------------------
                                  0.000000    0.000000   clock clk (rise edge)
                                  0.000000    0.000000   clock network delay (propagated)
                                  1.000000    1.000000 ^ input external delay
     1    0.003870    0.024373    0.014084    1.014084 ^ psc[1] (in)
                                                         psc[1] (net)
                      0.024381    0.000000    1.014084 ^ input2/A (sky130_fd_sc_hd__clkbuf_1)
     2    0.004756    0.065649    0.089072    1.103155 ^ input2/X (sky130_fd_sc_hd__clkbuf_1)
                                                         net2 (net)
                      0.065649    0.000075    1.103230 ^ _061_/A_N (sky130_fd_sc_hd__and2b_1)
     1    0.003378    0.036357    0.177573    1.280803 v _061_/X (sky130_fd_sc_hd__and2b_1)
                                                         _022_ (net)
                      0.036357    0.000114    1.280917 v _064_/B1 (sky130_fd_sc_hd__a21o_1)
     1    0.003955    0.038108    0.151306    1.432223 v _064_/X (sky130_fd_sc_hd__a21o_1)
                                                         _025_ (net)
                      0.038108    0.000114    1.432337 v _070_/A1 (sky130_fd_sc_hd__a41o_1)
     1    0.009356    0.066919    0.201448    1.633785 v _070_/X (sky130_fd_sc_hd__a41o_1)
                                                         _031_ (net)
                      0.066919    0.000354    1.634139 v _082_/A1 (sky130_fd_sc_hd__a21oi_4)
     9    0.026235    0.221611    0.223223    1.857362 ^ _082_/Y (sky130_fd_sc_hd__a21oi_4)
                                                         _043_ (net)
                      0.221687    0.000553    1.857915 ^ _103_/B1_N (sky130_fd_sc_hd__a21boi_1)
     1    0.003113    0.110748    0.190137    2.048053 ^ _103_/Y (sky130_fd_sc_hd__a21boi_1)
                                                         _007_ (net)
                      0.110748    0.000078    2.048130 ^ _119_/D (sky130_fd_sc_hd__dfrtp_1)
                                              2.048130   data arrival time

                                  5.000000    5.000000   clock clk (rise edge)
                                  0.000000    5.000000   clock source latency
     1    0.009819    0.050615    0.033463    5.033463 ^ clk (in)
                                                         clk (net)
                      0.050616    0.000000    5.033463 ^ clkbuf_0_clk/A (sky130_fd_sc_hd__clkbuf_16)
     2    0.019244    0.041197    0.126604    5.160067 ^ clkbuf_0_clk/X (sky130_fd_sc_hd__clkbuf_16)
                                                         clknet_0_clk (net)
                      0.041200    0.000581    5.160647 ^ clkbuf_1_0__f_clk/A (sky130_fd_sc_hd__clkbuf_16)
     5    0.013586    0.036392    0.117885    5.278533 ^ clkbuf_1_0__f_clk/X (sky130_fd_sc_hd__clkbuf_16)
                                                         clknet_1_0__leaf_clk (net)
                      0.036392    0.000197    5.278729 ^ _119_/CLK (sky130_fd_sc_hd__dfrtp_1)
                                 -0.250000    5.028729   clock uncertainty
                                  0.000000    5.028729   clock reconvergence pessimism
                                 -0.076337    4.952393   library setup time
                                              4.952393   data required time
---------------------------------------------------------------------------------------------
                                              4.952393   data required time
                                             -2.048130   data arrival time
---------------------------------------------------------------------------------------------
                                              2.904263   slack (MET)




===========================================================================
report_checks --slack_max -0.01
============================================================================
======================= nom_tt_025C_1v80 Corner ===================================

No paths found.


===========================================================================
 report_check_types -max_slew -max_cap -max_fanout -violators
============================================================================
======================= nom_tt_025C_1v80 Corner ===================================



===========================================================================
report_parasitic_annotation -report_unannotated
============================================================================
Found 1 unannotated drivers.
 clkload0/X
Found 0 partially unannotated drivers.

===========================================================================
max slew violation count 0
Writing metric design__max_slew_violation__count__corner:nom_tt_025C_1v80: 0
max fanout violation count 0
Writing metric design__max_fanout_violation__count__corner:nom_tt_025C_1v80: 0
max cap violation count 0
Writing metric design__max_cap_violation__count__corner:nom_tt_025C_1v80: 0
============================================================================

===========================================================================
check_setup -verbose -unconstrained_endpoints -multiple_clock -no_clock -no_input_delay -loops -generated_clocks
===========================================================================
