Clock: clk
Sources: clk 
Generated: no
Virtual: yes
Propagated: no
Period: 5.000000

===========================================================================
report_clock_properties
============================================================================
Clock                   Period          Waveform
----------------------------------------------------
clk                   5.000000    0.000000  2.500000

===========================================================================
report_clock_latency
============================================================================
Clock clk
rise -> rise
    min     max
0.000000 0.000000 source latency
0.278729         network latency _118_/CLK
        0.279152 network latency _115_/CLK
---------------
0.278729 0.279152 latency
        0.000424 skew

fall -> fall
    min     max
0.000000 0.000000 source latency
0.285364         network latency _118_/CLK
        0.285672 network latency _115_/CLK
---------------
0.285364 0.285672 latency
        0.000309 skew



===========================================================================
report_clock_min_period
============================================================================
clk period_min = 1.73 fmax = 577.01
