
===========================================================================
report_checks -path_delay max (Setup)
============================================================================
======================= nom_tt_025C_1v80 Corner ===================================

Startpoint: psc[1] (input port clocked by clk)
Endpoint: _119_ (rising edge-triggered flip-flop clocked by clk)
Path Group: clk
Path Type: max

Fanout         Cap        Slew       Delay        Time   Description
---------------------------------------------------------------------------------------------
                                  0.000000    0.000000   clock clk (rise edge)
                                  0.000000    0.000000   clock network delay (propagated)
                                  1.000000    1.000000 ^ input external delay
     1    0.003870    0.024373    0.014084    1.014084 ^ psc[1] (in)
                                                         psc[1] (net)
                      0.024381    0.000000    1.014084 ^ input2/A (sky130_fd_sc_hd__clkbuf_1)
     2    0.004756    0.065649    0.089072    1.103155 ^ input2/X (sky130_fd_sc_hd__clkbuf_1)
                                                         net2 (net)
                      0.065649    0.000075    1.103230 ^ _061_/A_N (sky130_fd_sc_hd__and2b_1)
     1    0.003378    0.036357    0.177573    1.280803 v _061_/X (sky130_fd_sc_hd__and2b_1)
                                                         _022_ (net)
                      0.036357    0.000114    1.280917 v _064_/B1 (sky130_fd_sc_hd__a21o_1)
     1    0.003955    0.038108    0.151306    1.432223 v _064_/X (sky130_fd_sc_hd__a21o_1)
                                                         _025_ (net)
                      0.038108    0.000114    1.432337 v _070_/A1 (sky130_fd_sc_hd__a41o_1)
     1    0.009356    0.066919    0.201448    1.633785 v _070_/X (sky130_fd_sc_hd__a41o_1)
                                                         _031_ (net)
                      0.066919    0.000354    1.634139 v _082_/A1 (sky130_fd_sc_hd__a21oi_4)
     9    0.026235    0.221611    0.223223    1.857362 ^ _082_/Y (sky130_fd_sc_hd__a21oi_4)
                                                         _043_ (net)
                      0.221687    0.000553    1.857915 ^ _103_/B1_N (sky130_fd_sc_hd__a21boi_1)
     1    0.003113    0.110748    0.190137    2.048053 ^ _103_/Y (sky130_fd_sc_hd__a21boi_1)
                                                         _007_ (net)
                      0.110748    0.000078    2.048130 ^ _119_/D (sky130_fd_sc_hd__dfrtp_1)
                                              2.048130   data arrival time

                                  5.000000    5.000000   clock clk (rise edge)
                                  0.000000    5.000000   clock source latency
     1    0.009819    0.050615    0.033463    5.033463 ^ clk (in)
                                                         clk (net)
                      0.050616    0.000000    5.033463 ^ clkbuf_0_clk/A (sky130_fd_sc_hd__clkbuf_16)
     2    0.019244    0.041197    0.126604    5.160067 ^ clkbuf_0_clk/X (sky130_fd_sc_hd__clkbuf_16)
                                                         clknet_0_clk (net)
                      0.041200    0.000581    5.160647 ^ clkbuf_1_0__f_clk/A (sky130_fd_sc_hd__clkbuf_16)
     5    0.013586    0.036392    0.117885    5.278533 ^ clkbuf_1_0__f_clk/X (sky130_fd_sc_hd__clkbuf_16)
                                                         clknet_1_0__leaf_clk (net)
                      0.036392    0.000197    5.278729 ^ _119_/CLK (sky130_fd_sc_hd__dfrtp_1)
                                 -0.250000    5.028729   clock uncertainty
                                  0.000000    5.028729   clock reconvergence pessimism
                                 -0.076337    4.952393   library setup time
                                              4.952393   data required time
---------------------------------------------------------------------------------------------
                                              4.952393   data required time
                                             -2.048130   data arrival time
---------------------------------------------------------------------------------------------
                                              2.904263   slack (MET)


Startpoint: psc[1] (input port clocked by clk)
Endpoint: _115_ (rising edge-triggered flip-flop clocked by clk)
Path Group: clk
Path Type: max

Fanout         Cap        Slew       Delay        Time   Description
---------------------------------------------------------------------------------------------
                                  0.000000    0.000000   clock clk (rise edge)
                                  0.000000    0.000000   clock network delay (propagated)
                                  1.000000    1.000000 ^ input external delay
     1    0.003870    0.024373    0.014084    1.014084 ^ psc[1] (in)
                                                         psc[1] (net)
                      0.024381    0.000000    1.014084 ^ input2/A (sky130_fd_sc_hd__clkbuf_1)
     2    0.004756    0.065649    0.089072    1.103155 ^ input2/X (sky130_fd_sc_hd__clkbuf_1)
                                                         net2 (net)
                      0.065649    0.000075    1.103230 ^ _061_/A_N (sky130_fd_sc_hd__and2b_1)
     1    0.003378    0.036357    0.177573    1.280803 v _061_/X (sky130_fd_sc_hd__and2b_1)
                                                         _022_ (net)
                      0.036357    0.000114    1.280917 v _064_/B1 (sky130_fd_sc_hd__a21o_1)
     1    0.003955    0.038108    0.151306    1.432223 v _064_/X (sky130_fd_sc_hd__a21o_1)
                                                         _025_ (net)
                      0.038108    0.000114    1.432337 v _070_/A1 (sky130_fd_sc_hd__a41o_1)
     1    0.009356    0.066919    0.201448    1.633785 v _070_/X (sky130_fd_sc_hd__a41o_1)
                                                         _031_ (net)
                      0.066919    0.000354    1.634139 v _082_/A1 (sky130_fd_sc_hd__a21oi_4)
     9    0.026235    0.221611    0.223223    1.857362 ^ _082_/Y (sky130_fd_sc_hd__a21oi_4)
                                                         _043_ (net)
                      0.221688    0.000648    1.858011 ^ _093_/C (sky130_fd_sc_hd__and3b_1)
     1    0.003280    0.055408    0.190357    2.048368 ^ _093_/X (sky130_fd_sc_hd__and3b_1)
                                                         _003_ (net)
                      0.055409    0.000111    2.048478 ^ _115_/D (sky130_fd_sc_hd__dfrtp_1)
                                              2.048478   data arrival time

                                  5.000000    5.000000   clock clk (rise edge)
                                  0.000000    5.000000   clock source latency
     1    0.009819    0.050615    0.033463    5.033463 ^ clk (in)
                                                         clk (net)
                      0.050616    0.000000    5.033463 ^ clkbuf_0_clk/A (sky130_fd_sc_hd__clkbuf_16)
     2    0.019244    0.041197    0.126604    5.160067 ^ clkbuf_0_clk/X (sky130_fd_sc_hd__clkbuf_16)
                                                         clknet_0_clk (net)
                      0.041199    0.000549    5.160616 ^ clkbuf_1_1__f_clk/A (sky130_fd_sc_hd__clkbuf_16)
     5    0.013887    0.036649    0.118156    5.278772 ^ clkbuf_1_1__f_clk/X (sky130_fd_sc_hd__clkbuf_16)
                                                         clknet_1_1__leaf_clk (net)
                      0.036649    0.000380    5.279152 ^ _115_/CLK (sky130_fd_sc_hd__dfrtp_1)
                                 -0.250000    5.029152   clock uncertainty
                                  0.000000    5.029152   clock reconvergence pessimism
                                 -0.063490    4.965662   library setup time
                                              4.965662   data required time
---------------------------------------------------------------------------------------------
                                              4.965662   data required time
                                             -2.048478   data arrival time
---------------------------------------------------------------------------------------------
                                              2.917184   slack (MET)


Startpoint: psc[1] (input port clocked by clk)
Endpoint: _114_ (rising edge-triggered flip-flop clocked by clk)
Path Group: clk
Path Type: max

Fanout         Cap        Slew       Delay        Time   Description
---------------------------------------------------------------------------------------------
                                  0.000000    0.000000   clock clk (rise edge)
                                  0.000000    0.000000   clock network delay (propagated)
                                  1.000000    1.000000 ^ input external delay
     1    0.003870    0.024373    0.014084    1.014084 ^ psc[1] (in)
                                                         psc[1] (net)
                      0.024381    0.000000    1.014084 ^ input2/A (sky130_fd_sc_hd__clkbuf_1)
     2    0.004756    0.065649    0.089072    1.103155 ^ input2/X (sky130_fd_sc_hd__clkbuf_1)
                                                         net2 (net)
                      0.065649    0.000075    1.103230 ^ _061_/A_N (sky130_fd_sc_hd__and2b_1)
     1    0.003378    0.036357    0.177573    1.280803 v _061_/X (sky130_fd_sc_hd__and2b_1)
                                                         _022_ (net)
                      0.036357    0.000114    1.280917 v _064_/B1 (sky130_fd_sc_hd__a21o_1)
     1    0.003955    0.038108    0.151306    1.432223 v _064_/X (sky130_fd_sc_hd__a21o_1)
                                                         _025_ (net)
                      0.038108    0.000114    1.432337 v _070_/A1 (sky130_fd_sc_hd__a41o_1)
     1    0.009356    0.066919    0.201448    1.633785 v _070_/X (sky130_fd_sc_hd__a41o_1)
                                                         _031_ (net)
                      0.066919    0.000354    1.634139 v _082_/A1 (sky130_fd_sc_hd__a21oi_4)
     9    0.026235    0.221611    0.223223    1.857362 ^ _082_/Y (sky130_fd_sc_hd__a21oi_4)
                                                         _043_ (net)
                      0.221689    0.000774    1.858136 ^ _090_/C (sky130_fd_sc_hd__and3b_1)
     1    0.003033    0.053264    0.188100    2.046237 ^ _090_/X (sky130_fd_sc_hd__and3b_1)
                                                         _002_ (net)
                      0.053264    0.000099    2.046336 ^ _114_/D (sky130_fd_sc_hd__dfrtp_1)
                                              2.046336   data arrival time

                                  5.000000    5.000000   clock clk (rise edge)
                                  0.000000    5.000000   clock source latency
     1    0.009819    0.050615    0.033463    5.033463 ^ clk (in)
                                                         clk (net)
                      0.050616    0.000000    5.033463 ^ clkbuf_0_clk/A (sky130_fd_sc_hd__clkbuf_16)
     2    0.019244    0.041197    0.126604    5.160067 ^ clkbuf_0_clk/X (sky130_fd_sc_hd__clkbuf_16)
                                                         clknet_0_clk (net)
                      0.041199    0.000549    5.160616 ^ clkbuf_1_1__f_clk/A (sky130_fd_sc_hd__clkbuf_16)
     5    0.013887    0.036649    0.118156    5.278772 ^ clkbuf_1_1__f_clk/X (sky130_fd_sc_hd__clkbuf_16)
                                                         clknet_1_1__leaf_clk (net)
                      0.036649    0.000242    5.279014 ^ _114_/CLK (sky130_fd_sc_hd__dfrtp_1)
                                 -0.250000    5.029014   clock uncertainty
                                  0.000000    5.029014   clock reconvergence pessimism
                                 -0.062994    4.966020   library setup time
                                              4.966020   data required time
---------------------------------------------------------------------------------------------
                                              4.966020   data required time
                                             -2.046336   data arrival time
---------------------------------------------------------------------------------------------
                                              2.919684   slack (MET)


Startpoint: psc[1] (input port clocked by clk)
Endpoint: _118_ (rising edge-triggered flip-flop clocked by clk)
Path Group: clk
Path Type: max

Fanout         Cap        Slew       Delay        Time   Description
---------------------------------------------------------------------------------------------
                                  0.000000    0.000000   clock clk (rise edge)
                                  0.000000    0.000000   clock network delay (propagated)
                                  1.000000    1.000000 ^ input external delay
     1    0.003870    0.024373    0.014084    1.014084 ^ psc[1] (in)
                                                         psc[1] (net)
                      0.024381    0.000000    1.014084 ^ input2/A (sky130_fd_sc_hd__clkbuf_1)
     2    0.004756    0.065649    0.089072    1.103155 ^ input2/X (sky130_fd_sc_hd__clkbuf_1)
                                                         net2 (net)
                      0.065649    0.000075    1.103230 ^ _061_/A_N (sky130_fd_sc_hd__and2b_1)
     1    0.003378    0.036357    0.177573    1.280803 v _061_/X (sky130_fd_sc_hd__and2b_1)
                                                         _022_ (net)
                      0.036357    0.000114    1.280917 v _064_/B1 (sky130_fd_sc_hd__a21o_1)
     1    0.003955    0.038108    0.151306    1.432223 v _064_/X (sky130_fd_sc_hd__a21o_1)
                                                         _025_ (net)
                      0.038108    0.000114    1.432337 v _070_/A1 (sky130_fd_sc_hd__a41o_1)
     1    0.009356    0.066919    0.201448    1.633785 v _070_/X (sky130_fd_sc_hd__a41o_1)
                                                         _031_ (net)
                      0.066919    0.000354    1.634139 v _082_/A1 (sky130_fd_sc_hd__a21oi_4)
     9    0.026235    0.221611    0.223223    1.857362 ^ _082_/Y (sky130_fd_sc_hd__a21oi_4)
                                                         _043_ (net)
                      0.221693    0.001087    1.858449 ^ _102_/A (sky130_fd_sc_hd__and3_1)
     1    0.002992    0.052940    0.186739    2.045188 ^ _102_/X (sky130_fd_sc_hd__and3_1)
                                                         _006_ (net)
                      0.052940    0.000073    2.045262 ^ _118_/D (sky130_fd_sc_hd__dfrtp_1)
                                              2.045262   data arrival time

                                  5.000000    5.000000   clock clk (rise edge)
                                  0.000000    5.000000   clock source latency
     1    0.009819    0.050615    0.033463    5.033463 ^ clk (in)
                                                         clk (net)
                      0.050616    0.000000    5.033463 ^ clkbuf_0_clk/A (sky130_fd_sc_hd__clkbuf_16)
     2    0.019244    0.041197    0.126604    5.160067 ^ clkbuf_0_clk/X (sky130_fd_sc_hd__clkbuf_16)
                                                         clknet_0_clk (net)
                      0.041200    0.000581    5.160647 ^ clkbuf_1_0__f_clk/A (sky130_fd_sc_hd__clkbuf_16)
     5    0.013586    0.036392    0.117885    5.278533 ^ clkbuf_1_0__f_clk/X (sky130_fd_sc_hd__clkbuf_16)
                                                         clknet_1_0__leaf_clk (net)
                      0.036392    0.000196    5.278728 ^ _118_/CLK (sky130_fd_sc_hd__dfrtp_1)
                                 -0.250000    5.028728   clock uncertainty
                                  0.000000    5.028728   clock reconvergence pessimism
                                 -0.062958    4.965771   library setup time
                                              4.965771   data required time
---------------------------------------------------------------------------------------------
                                              4.965771   data required time
                                             -2.045262   data arrival time
---------------------------------------------------------------------------------------------
                                              2.920509   slack (MET)


Startpoint: psc[1] (input port clocked by clk)
Endpoint: _116_ (rising edge-triggered flip-flop clocked by clk)
Path Group: clk
Path Type: max

Fanout         Cap        Slew       Delay        Time   Description
---------------------------------------------------------------------------------------------
                                  0.000000    0.000000   clock clk (rise edge)
                                  0.000000    0.000000   clock network delay (propagated)
                                  1.000000    1.000000 ^ input external delay
     1    0.003870    0.024373    0.014084    1.014084 ^ psc[1] (in)
                                                         psc[1] (net)
                      0.024381    0.000000    1.014084 ^ input2/A (sky130_fd_sc_hd__clkbuf_1)
     2    0.004756    0.065649    0.089072    1.103155 ^ input2/X (sky130_fd_sc_hd__clkbuf_1)
                                                         net2 (net)
                      0.065649    0.000075    1.103230 ^ _061_/A_N (sky130_fd_sc_hd__and2b_1)
     1    0.003378    0.036357    0.177573    1.280803 v _061_/X (sky130_fd_sc_hd__and2b_1)
                                                         _022_ (net)
                      0.036357    0.000114    1.280917 v _064_/B1 (sky130_fd_sc_hd__a21o_1)
     1    0.003955    0.038108    0.151306    1.432223 v _064_/X (sky130_fd_sc_hd__a21o_1)
                                                         _025_ (net)
                      0.038108    0.000114    1.432337 v _070_/A1 (sky130_fd_sc_hd__a41o_1)
     1    0.009356    0.066919    0.201448    1.633785 v _070_/X (sky130_fd_sc_hd__a41o_1)
                                                         _031_ (net)
                      0.066919    0.000354    1.634139 v _082_/A1 (sky130_fd_sc_hd__a21oi_4)
     9    0.026235    0.221611    0.223223    1.857362 ^ _082_/Y (sky130_fd_sc_hd__a21oi_4)
                                                         _043_ (net)
                      0.221692    0.000990    1.858352 ^ _096_/C (sky130_fd_sc_hd__and3b_1)
     1    0.002658    0.050042    0.184674    2.043027 ^ _096_/X (sky130_fd_sc_hd__and3b_1)
                                                         _004_ (net)
                      0.050043    0.000058    2.043085 ^ _116_/D (sky130_fd_sc_hd__dfrtp_1)
                                              2.043085   data arrival time

                                  5.000000    5.000000   clock clk (rise edge)
                                  0.000000    5.000000   clock source latency
     1    0.009819    0.050615    0.033463    5.033463 ^ clk (in)
                                                         clk (net)
                      0.050616    0.000000    5.033463 ^ clkbuf_0_clk/A (sky130_fd_sc_hd__clkbuf_16)
     2    0.019244    0.041197    0.126604    5.160067 ^ clkbuf_0_clk/X (sky130_fd_sc_hd__clkbuf_16)
                                                         clknet_0_clk (net)
                      0.041200    0.000581    5.160647 ^ clkbuf_1_0__f_clk/A (sky130_fd_sc_hd__clkbuf_16)
     5    0.013586    0.036392    0.117885    5.278533 ^ clkbuf_1_0__f_clk/X (sky130_fd_sc_hd__clkbuf_16)
                                                         clknet_1_0__leaf_clk (net)
                      0.036392    0.000284    5.278816 ^ _116_/CLK (sky130_fd_sc_hd__dfrtp_1)
                                 -0.250000    5.028816   clock uncertainty
                                  0.000000    5.028816   clock reconvergence pessimism
                                 -0.062287    4.966529   library setup time
                                              4.966529   data required time
---------------------------------------------------------------------------------------------
                                              4.966529   data required time
                                             -2.043085   data arrival time
---------------------------------------------------------------------------------------------
                                              2.923444   slack (MET)


Startpoint: psc[1] (input port clocked by clk)
Endpoint: _117_ (rising edge-triggered flip-flop clocked by clk)
Path Group: clk
Path Type: max

Fanout         Cap        Slew       Delay        Time   Description
---------------------------------------------------------------------------------------------
                                  0.000000    0.000000   clock clk (rise edge)
                                  0.000000    0.000000   clock network delay (propagated)
                                  1.000000    1.000000 ^ input external delay
     1    0.003870    0.024373    0.014084    1.014084 ^ psc[1] (in)
                                                         psc[1] (net)
                      0.024381    0.000000    1.014084 ^ input2/A (sky130_fd_sc_hd__clkbuf_1)
     2    0.004756    0.065649    0.089072    1.103155 ^ input2/X (sky130_fd_sc_hd__clkbuf_1)
                                                         net2 (net)
                      0.065649    0.000075    1.103230 ^ _061_/A_N (sky130_fd_sc_hd__and2b_1)
     1    0.003378    0.036357    0.177573    1.280803 v _061_/X (sky130_fd_sc_hd__and2b_1)
                                                         _022_ (net)
                      0.036357    0.000114    1.280917 v _064_/B1 (sky130_fd_sc_hd__a21o_1)
     1    0.003955    0.038108    0.151306    1.432223 v _064_/X (sky130_fd_sc_hd__a21o_1)
                                                         _025_ (net)
                      0.038108    0.000114    1.432337 v _070_/A1 (sky130_fd_sc_hd__a41o_1)
     1    0.009356    0.066919    0.201448    1.633785 v _070_/X (sky130_fd_sc_hd__a41o_1)
                                                         _031_ (net)
                      0.066919    0.000354    1.634139 v _082_/A1 (sky130_fd_sc_hd__a21oi_4)
     9    0.026235    0.221611    0.223223    1.857362 ^ _082_/Y (sky130_fd_sc_hd__a21oi_4)
                                                         _043_ (net)
                      0.221692    0.001013    1.858376 ^ _099_/C (sky130_fd_sc_hd__and3b_1)
     1    0.002450    0.048284    0.182773    2.041148 ^ _099_/X (sky130_fd_sc_hd__and3b_1)
                                                         _005_ (net)
                      0.048284    0.000052    2.041200 ^ _117_/D (sky130_fd_sc_hd__dfrtp_1)
                                              2.041200   data arrival time

                                  5.000000    5.000000   clock clk (rise edge)
                                  0.000000    5.000000   clock source latency
     1    0.009819    0.050615    0.033463    5.033463 ^ clk (in)
                                                         clk (net)
                      0.050616    0.000000    5.033463 ^ clkbuf_0_clk/A (sky130_fd_sc_hd__clkbuf_16)
     2    0.019244    0.041197    0.126604    5.160067 ^ clkbuf_0_clk/X (sky130_fd_sc_hd__clkbuf_16)
                                                         clknet_0_clk (net)
                      0.041200    0.000581    5.160647 ^ clkbuf_1_0__f_clk/A (sky130_fd_sc_hd__clkbuf_16)
     5    0.013586    0.036392    0.117885    5.278533 ^ clkbuf_1_0__f_clk/X (sky130_fd_sc_hd__clkbuf_16)
                                                         clknet_1_0__leaf_clk (net)
                      0.036392    0.000319    5.278852 ^ _117_/CLK (sky130_fd_sc_hd__dfrtp_1)
                                 -0.250000    5.028852   clock uncertainty
                                  0.000000    5.028852   clock reconvergence pessimism
                                 -0.061880    4.966971   library setup time
                                              4.966971   data required time
---------------------------------------------------------------------------------------------
                                              4.966971   data required time
                                             -2.041200   data arrival time
---------------------------------------------------------------------------------------------
                                              2.925771   slack (MET)


Startpoint: psc[1] (input port clocked by clk)
Endpoint: _113_ (rising edge-triggered flip-flop clocked by clk)
Path Group: clk
Path Type: max

Fanout         Cap        Slew       Delay        Time   Description
---------------------------------------------------------------------------------------------
                                  0.000000    0.000000   clock clk (rise edge)
                                  0.000000    0.000000   clock network delay (propagated)
                                  1.000000    1.000000 ^ input external delay
     1    0.003870    0.024373    0.014084    1.014084 ^ psc[1] (in)
                                                         psc[1] (net)
                      0.024381    0.000000    1.014084 ^ input2/A (sky130_fd_sc_hd__clkbuf_1)
     2    0.004756    0.065649    0.089072    1.103155 ^ input2/X (sky130_fd_sc_hd__clkbuf_1)
                                                         net2 (net)
                      0.065649    0.000075    1.103230 ^ _061_/A_N (sky130_fd_sc_hd__and2b_1)
     1    0.003378    0.036357    0.177573    1.280803 v _061_/X (sky130_fd_sc_hd__and2b_1)
                                                         _022_ (net)
                      0.036357    0.000114    1.280917 v _064_/B1 (sky130_fd_sc_hd__a21o_1)
     1    0.003955    0.038108    0.151306    1.432223 v _064_/X (sky130_fd_sc_hd__a21o_1)
                                                         _025_ (net)
                      0.038108    0.000114    1.432337 v _070_/A1 (sky130_fd_sc_hd__a41o_1)
     1    0.009356    0.066919    0.201448    1.633785 v _070_/X (sky130_fd_sc_hd__a41o_1)
                                                         _031_ (net)
                      0.066919    0.000354    1.634139 v _082_/A1 (sky130_fd_sc_hd__a21oi_4)
     9    0.026235    0.221611    0.223223    1.857362 ^ _082_/Y (sky130_fd_sc_hd__a21oi_4)
                                                         _043_ (net)
                      0.221689    0.000784    1.858147 ^ _087_/A (sky130_fd_sc_hd__and3_1)
     1    0.002448    0.048315    0.181786    2.039932 ^ _087_/X (sky130_fd_sc_hd__and3_1)
                                                         _001_ (net)
                      0.048315    0.000053    2.039985 ^ _113_/D (sky130_fd_sc_hd__dfrtp_1)
                                              2.039985   data arrival time

                                  5.000000    5.000000   clock clk (rise edge)
                                  0.000000    5.000000   clock source latency
     1    0.009819    0.050615    0.033463    5.033463 ^ clk (in)
                                                         clk (net)
                      0.050616    0.000000    5.033463 ^ clkbuf_0_clk/A (sky130_fd_sc_hd__clkbuf_16)
     2    0.019244    0.041197    0.126604    5.160067 ^ clkbuf_0_clk/X (sky130_fd_sc_hd__clkbuf_16)
                                                         clknet_0_clk (net)
                      0.041199    0.000549    5.160616 ^ clkbuf_1_1__f_clk/A (sky130_fd_sc_hd__clkbuf_16)
     5    0.013887    0.036649    0.118156    5.278772 ^ clkbuf_1_1__f_clk/X (sky130_fd_sc_hd__clkbuf_16)
                                                         clknet_1_1__leaf_clk (net)
                      0.036649    0.000316    5.279088 ^ _113_/CLK (sky130_fd_sc_hd__dfrtp_1)
                                 -0.250000    5.029088   clock uncertainty
                                  0.000000    5.029088   clock reconvergence pessimism
                                 -0.061849    4.967239   library setup time
                                              4.967239   data required time
---------------------------------------------------------------------------------------------
                                              4.967239   data required time
                                             -2.039985   data arrival time
---------------------------------------------------------------------------------------------
                                              2.927254   slack (MET)


Startpoint: _120_ (rising edge-triggered flip-flop clocked by clk)
Endpoint: out (output port clocked by clk)
Path Group: clk
Path Type: max

Fanout         Cap        Slew       Delay        Time   Description
---------------------------------------------------------------------------------------------
                                  0.000000    0.000000   clock clk (rise edge)
                                  0.000000    0.000000   clock source latency
     1    0.009819    0.050615    0.033463    0.033463 ^ clk (in)
                                                         clk (net)
                      0.050616    0.000000    0.033463 ^ clkbuf_0_clk/A (sky130_fd_sc_hd__clkbuf_16)
     2    0.019244    0.041197    0.126604    0.160067 ^ clkbuf_0_clk/X (sky130_fd_sc_hd__clkbuf_16)
                                                         clknet_0_clk (net)
                      0.041200    0.000581    0.160647 ^ clkbuf_1_0__f_clk/A (sky130_fd_sc_hd__clkbuf_16)
     5    0.013586    0.036392    0.117885    0.278532 ^ clkbuf_1_0__f_clk/X (sky130_fd_sc_hd__clkbuf_16)
                                                         clknet_1_0__leaf_clk (net)
                      0.036392    0.000204    0.278736 ^ _120_/CLK (sky130_fd_sc_hd__dfrtp_1)
     2    0.004171    0.045631    0.358012    0.636748 v _120_/Q (sky130_fd_sc_hd__dfrtp_1)
                                                         net10 (net)
                      0.045631    0.000076    0.636824 v output10/A (sky130_fd_sc_hd__buf_2)
     1    0.034737    0.090649    0.181009    0.817832 v output10/X (sky130_fd_sc_hd__buf_2)
                                                         out (net)
                      0.090660    0.000961    0.818793 v out (out)
                                              0.818793   data arrival time

                                  5.000000    5.000000   clock clk (rise edge)
                                  0.000000    5.000000   clock network delay (propagated)
                                 -0.250000    4.750000   clock uncertainty
                                  0.000000    4.750000   clock reconvergence pessimism
                                 -1.000000    3.750000   output external delay
                                              3.750000   data required time
---------------------------------------------------------------------------------------------
                                              3.750000   data required time
                                             -0.818793   data arrival time
---------------------------------------------------------------------------------------------
                                              2.931207   slack (MET)


Startpoint: psc[1] (input port clocked by clk)
Endpoint: _120_ (rising edge-triggered flip-flop clocked by clk)
Path Group: clk
Path Type: max

Fanout         Cap        Slew       Delay        Time   Description
---------------------------------------------------------------------------------------------
                                  0.000000    0.000000   clock clk (rise edge)
                                  0.000000    0.000000   clock network delay (propagated)
                                  1.000000    1.000000 ^ input external delay
     1    0.003870    0.024373    0.014084    1.014084 ^ psc[1] (in)
                                                         psc[1] (net)
                      0.024381    0.000000    1.014084 ^ input2/A (sky130_fd_sc_hd__clkbuf_1)
     2    0.004756    0.065649    0.089072    1.103155 ^ input2/X (sky130_fd_sc_hd__clkbuf_1)
                                                         net2 (net)
                      0.065649    0.000075    1.103230 ^ _061_/A_N (sky130_fd_sc_hd__and2b_1)
     1    0.003378    0.036357    0.177573    1.280803 v _061_/X (sky130_fd_sc_hd__and2b_1)
                                                         _022_ (net)
                      0.036357    0.000114    1.280917 v _064_/B1 (sky130_fd_sc_hd__a21o_1)
     1    0.003955    0.038108    0.151306    1.432223 v _064_/X (sky130_fd_sc_hd__a21o_1)
                                                         _025_ (net)
                      0.038108    0.000114    1.432337 v _070_/A1 (sky130_fd_sc_hd__a41o_1)
     1    0.009356    0.066919    0.201448    1.633785 v _070_/X (sky130_fd_sc_hd__a41o_1)
                                                         _031_ (net)
                      0.066919    0.000354    1.634139 v _082_/A1 (sky130_fd_sc_hd__a21oi_4)
     9    0.026235    0.221611    0.223223    1.857362 ^ _082_/Y (sky130_fd_sc_hd__a21oi_4)
                                                         _043_ (net)
                      0.221694    0.001142    1.858504 ^ _083_/B (sky130_fd_sc_hd__xnor2_1)
     1    0.002886    0.117356    0.145391    2.003895 ^ _083_/Y (sky130_fd_sc_hd__xnor2_1)
                                                         _017_ (net)
                      0.117356    0.000067    2.003962 ^ _120_/D (sky130_fd_sc_hd__dfrtp_1)
                                              2.003962   data arrival time

                                  5.000000    5.000000   clock clk (rise edge)
                                  0.000000    5.000000   clock source latency
     1    0.009819    0.050615    0.033463    5.033463 ^ clk (in)
                                                         clk (net)
                      0.050616    0.000000    5.033463 ^ clkbuf_0_clk/A (sky130_fd_sc_hd__clkbuf_16)
     2    0.019244    0.041197    0.126604    5.160067 ^ clkbuf_0_clk/X (sky130_fd_sc_hd__clkbuf_16)
                                                         clknet_0_clk (net)
                      0.041200    0.000581    5.160647 ^ clkbuf_1_0__f_clk/A (sky130_fd_sc_hd__clkbuf_16)
     5    0.013586    0.036392    0.117885    5.278533 ^ clkbuf_1_0__f_clk/X (sky130_fd_sc_hd__clkbuf_16)
                                                         clknet_1_0__leaf_clk (net)
                      0.036392    0.000204    5.278736 ^ _120_/CLK (sky130_fd_sc_hd__dfrtp_1)
                                 -0.250000    5.028736   clock uncertainty
                                  0.000000    5.028736   clock reconvergence pessimism
                                 -0.077866    4.950870   library setup time
                                              4.950870   data required time
---------------------------------------------------------------------------------------------
                                              4.950870   data required time
                                             -2.003962   data arrival time
---------------------------------------------------------------------------------------------
                                              2.946908   slack (MET)


Startpoint: psc[1] (input port clocked by clk)
Endpoint: _112_ (rising edge-triggered flip-flop clocked by clk)
Path Group: clk
Path Type: max

Fanout         Cap        Slew       Delay        Time   Description
---------------------------------------------------------------------------------------------
                                  0.000000    0.000000   clock clk (rise edge)
                                  0.000000    0.000000   clock network delay (propagated)
                                  1.000000    1.000000 ^ input external delay
     1    0.003870    0.024373    0.014084    1.014084 ^ psc[1] (in)
                                                         psc[1] (net)
                      0.024381    0.000000    1.014084 ^ input2/A (sky130_fd_sc_hd__clkbuf_1)
     2    0.004756    0.065649    0.089072    1.103155 ^ input2/X (sky130_fd_sc_hd__clkbuf_1)
                                                         net2 (net)
                      0.065649    0.000075    1.103230 ^ _061_/A_N (sky130_fd_sc_hd__and2b_1)
     1    0.003378    0.036357    0.177573    1.280803 v _061_/X (sky130_fd_sc_hd__and2b_1)
                                                         _022_ (net)
                      0.036357    0.000114    1.280917 v _064_/B1 (sky130_fd_sc_hd__a21o_1)
     1    0.003955    0.038108    0.151306    1.432223 v _064_/X (sky130_fd_sc_hd__a21o_1)
                                                         _025_ (net)
                      0.038108    0.000114    1.432337 v _070_/A1 (sky130_fd_sc_hd__a41o_1)
     1    0.009356    0.066919    0.201448    1.633785 v _070_/X (sky130_fd_sc_hd__a41o_1)
                                                         _031_ (net)
                      0.066919    0.000354    1.634139 v _082_/A1 (sky130_fd_sc_hd__a21oi_4)
     9    0.026235    0.221611    0.223223    1.857362 ^ _082_/Y (sky130_fd_sc_hd__a21oi_4)
                                                         _043_ (net)
                      0.221693    0.001048    1.858411 ^ _084_/B (sky130_fd_sc_hd__and2b_1)
     1    0.003549    0.049243    0.159050    2.017461 ^ _084_/X (sky130_fd_sc_hd__and2b_1)
                                                         _000_ (net)
                      0.049244    0.000126    2.017587 ^ _112_/D (sky130_fd_sc_hd__dfrtp_1)
                                              2.017587   data arrival time

                                  5.000000    5.000000   clock clk (rise edge)
                                  0.000000    5.000000   clock source latency
     1    0.009819    0.050615    0.033463    5.033463 ^ clk (in)
                                                         clk (net)
                      0.050616    0.000000    5.033463 ^ clkbuf_0_clk/A (sky130_fd_sc_hd__clkbuf_16)
     2    0.019244    0.041197    0.126604    5.160067 ^ clkbuf_0_clk/X (sky130_fd_sc_hd__clkbuf_16)
                                                         clknet_0_clk (net)
                      0.041199    0.000549    5.160616 ^ clkbuf_1_1__f_clk/A (sky130_fd_sc_hd__clkbuf_16)
     5    0.013887    0.036649    0.118156    5.278772 ^ clkbuf_1_1__f_clk/X (sky130_fd_sc_hd__clkbuf_16)
                                                         clknet_1_1__leaf_clk (net)
                      0.036649    0.000365    5.279137 ^ _112_/CLK (sky130_fd_sc_hd__dfrtp_1)
                                 -0.250000    5.029137   clock uncertainty
                                  0.000000    5.029137   clock reconvergence pessimism
                                 -0.062064    4.967073   library setup time
                                              4.967073   data required time
---------------------------------------------------------------------------------------------
                                              4.967073   data required time
                                             -2.017587   data arrival time
---------------------------------------------------------------------------------------------
                                              2.949487   slack (MET)


Startpoint: rst (input port clocked by clk)
Endpoint: _117_ (recovery check against rising-edge clock clk)
Path Group: asynchronous
Path Type: max

Fanout         Cap        Slew       Delay        Time   Description
---------------------------------------------------------------------------------------------
                                  0.000000    0.000000   clock clk (rise edge)
                                  0.000000    0.000000   clock network delay (propagated)
                                  1.000000    1.000000 v input external delay
     1    0.002761    0.008533    0.004376    1.004376 v rst (in)
                                                         rst (net)
                      0.008533    0.000000    1.004376 v hold2/A (sky130_fd_sc_hd__dlygate4sd3_1)
     1    0.002456    0.051129    0.531453    1.535829 v hold2/X (sky130_fd_sc_hd__dlygate4sd3_1)
                                                         net12 (net)
                      0.051129    0.000054    1.535883 v input9/A (sky130_fd_sc_hd__clkbuf_4)
     9    0.046335    0.101399    0.203454    1.739337 v input9/X (sky130_fd_sc_hd__clkbuf_4)
                                                         net9 (net)
                      0.101404    0.000747    1.740084 v _108_/A (sky130_fd_sc_hd__inv_2)
     1    0.005576    0.043324    0.071560    1.811644 ^ _108_/Y (sky130_fd_sc_hd__inv_2)
                                                         _013_ (net)
                      0.043325    0.000185    1.811829 ^ _117_/RESET_B (sky130_fd_sc_hd__dfrtp_1)
                                              1.811829   data arrival time

                                  5.000000    5.000000   clock clk (rise edge)
                                  0.000000    5.000000   clock source latency
     1    0.009819    0.050615    0.033463    5.033463 ^ clk (in)
                                                         clk (net)
                      0.050616    0.000000    5.033463 ^ clkbuf_0_clk/A (sky130_fd_sc_hd__clkbuf_16)
     2    0.019244    0.041197    0.126604    5.160067 ^ clkbuf_0_clk/X (sky130_fd_sc_hd__clkbuf_16)
                                                         clknet_0_clk (net)
                      0.041200    0.000581    5.160647 ^ clkbuf_1_0__f_clk/A (sky130_fd_sc_hd__clkbuf_16)
     5    0.013586    0.036392    0.117885    5.278533 ^ clkbuf_1_0__f_clk/X (sky130_fd_sc_hd__clkbuf_16)
                                                         clknet_1_0__leaf_clk (net)
                      0.036392    0.000319    5.278852 ^ _117_/CLK (sky130_fd_sc_hd__dfrtp_1)
                                 -0.250000    5.028852   clock uncertainty
                                  0.000000    5.028852   clock reconvergence pessimism
                                  0.228127    5.256979   library recovery time
                                              5.256979   data required time
---------------------------------------------------------------------------------------------
                                              5.256979   data required time
                                             -1.811829   data arrival time
---------------------------------------------------------------------------------------------
                                              3.445150   slack (MET)


Startpoint: rst (input port clocked by clk)
Endpoint: _119_ (recovery check against rising-edge clock clk)
Path Group: asynchronous
Path Type: max

Fanout         Cap        Slew       Delay        Time   Description
---------------------------------------------------------------------------------------------
                                  0.000000    0.000000   clock clk (rise edge)
                                  0.000000    0.000000   clock network delay (propagated)
                                  1.000000    1.000000 v input external delay
     1    0.002761    0.008533    0.004376    1.004376 v rst (in)
                                                         rst (net)
                      0.008533    0.000000    1.004376 v hold2/A (sky130_fd_sc_hd__dlygate4sd3_1)
     1    0.002456    0.051129    0.531453    1.535829 v hold2/X (sky130_fd_sc_hd__dlygate4sd3_1)
                                                         net12 (net)
                      0.051129    0.000054    1.535883 v input9/A (sky130_fd_sc_hd__clkbuf_4)
     9    0.046335    0.101399    0.203454    1.739337 v input9/X (sky130_fd_sc_hd__clkbuf_4)
                                                         net9 (net)
                      0.101423    0.001469    1.740806 v _110_/A (sky130_fd_sc_hd__inv_2)
     1    0.004625    0.040360    0.068158    1.808964 ^ _110_/Y (sky130_fd_sc_hd__inv_2)
                                                         _015_ (net)
                      0.040360    0.000127    1.809091 ^ _119_/RESET_B (sky130_fd_sc_hd__dfrtp_1)
                                              1.809091   data arrival time

                                  5.000000    5.000000   clock clk (rise edge)
                                  0.000000    5.000000   clock source latency
     1    0.009819    0.050615    0.033463    5.033463 ^ clk (in)
                                                         clk (net)
                      0.050616    0.000000    5.033463 ^ clkbuf_0_clk/A (sky130_fd_sc_hd__clkbuf_16)
     2    0.019244    0.041197    0.126604    5.160067 ^ clkbuf_0_clk/X (sky130_fd_sc_hd__clkbuf_16)
                                                         clknet_0_clk (net)
                      0.041200    0.000581    5.160647 ^ clkbuf_1_0__f_clk/A (sky130_fd_sc_hd__clkbuf_16)
     5    0.013586    0.036392    0.117885    5.278533 ^ clkbuf_1_0__f_clk/X (sky130_fd_sc_hd__clkbuf_16)
                                                         clknet_1_0__leaf_clk (net)
                      0.036392    0.000197    5.278729 ^ _119_/CLK (sky130_fd_sc_hd__dfrtp_1)
                                 -0.250000    5.028729   clock uncertainty
                                  0.000000    5.028729   clock reconvergence pessimism
                                  0.228896    5.257626   library recovery time
                                              5.257626   data required time
---------------------------------------------------------------------------------------------
                                              5.257626   data required time
                                             -1.809091   data arrival time
---------------------------------------------------------------------------------------------
                                              3.448535   slack (MET)


Startpoint: rst (input port clocked by clk)
Endpoint: _114_ (recovery check against rising-edge clock clk)
Path Group: asynchronous
Path Type: max

Fanout         Cap        Slew       Delay        Time   Description
---------------------------------------------------------------------------------------------
                                  0.000000    0.000000   clock clk (rise edge)
                                  0.000000    0.000000   clock network delay (propagated)
                                  1.000000    1.000000 v input external delay
     1    0.002761    0.008533    0.004376    1.004376 v rst (in)
                                                         rst (net)
                      0.008533    0.000000    1.004376 v hold2/A (sky130_fd_sc_hd__dlygate4sd3_1)
     1    0.002456    0.051129    0.531453    1.535829 v hold2/X (sky130_fd_sc_hd__dlygate4sd3_1)
                                                         net12 (net)
                      0.051129    0.000054    1.535883 v input9/A (sky130_fd_sc_hd__clkbuf_4)
     9    0.046335    0.101399    0.203454    1.739337 v input9/X (sky130_fd_sc_hd__clkbuf_4)
                                                         net9 (net)
                      0.101418    0.001345    1.740682 v _105_/A (sky130_fd_sc_hd__inv_2)
     1    0.004702    0.040598    0.068433    1.809115 ^ _105_/Y (sky130_fd_sc_hd__inv_2)
                                                         _010_ (net)
                      0.040598    0.000130    1.809245 ^ _114_/RESET_B (sky130_fd_sc_hd__dfrtp_1)
                                              1.809245   data arrival time

                                  5.000000    5.000000   clock clk (rise edge)
                                  0.000000    5.000000   clock source latency
     1    0.009819    0.050615    0.033463    5.033463 ^ clk (in)
                                                         clk (net)
                      0.050616    0.000000    5.033463 ^ clkbuf_0_clk/A (sky130_fd_sc_hd__clkbuf_16)
     2    0.019244    0.041197    0.126604    5.160067 ^ clkbuf_0_clk/X (sky130_fd_sc_hd__clkbuf_16)
                                                         clknet_0_clk (net)
                      0.041199    0.000549    5.160616 ^ clkbuf_1_1__f_clk/A (sky130_fd_sc_hd__clkbuf_16)
     5    0.013887    0.036649    0.118156    5.278772 ^ clkbuf_1_1__f_clk/X (sky130_fd_sc_hd__clkbuf_16)
                                                         clknet_1_1__leaf_clk (net)
                      0.036649    0.000242    5.279014 ^ _114_/CLK (sky130_fd_sc_hd__dfrtp_1)
                                 -0.250000    5.029014   clock uncertainty
                                  0.000000    5.029014   clock reconvergence pessimism
                                  0.228913    5.257927   library recovery time
                                              5.257927   data required time
---------------------------------------------------------------------------------------------
                                              5.257927   data required time
                                             -1.809245   data arrival time
---------------------------------------------------------------------------------------------
                                              3.448682   slack (MET)


Startpoint: rst (input port clocked by clk)
Endpoint: _116_ (recovery check against rising-edge clock clk)
Path Group: asynchronous
Path Type: max

Fanout         Cap        Slew       Delay        Time   Description
---------------------------------------------------------------------------------------------
                                  0.000000    0.000000   clock clk (rise edge)
                                  0.000000    0.000000   clock network delay (propagated)
                                  1.000000    1.000000 v input external delay
     1    0.002761    0.008533    0.004376    1.004376 v rst (in)
                                                         rst (net)
                      0.008533    0.000000    1.004376 v hold2/A (sky130_fd_sc_hd__dlygate4sd3_1)
     1    0.002456    0.051129    0.531453    1.535829 v hold2/X (sky130_fd_sc_hd__dlygate4sd3_1)
                                                         net12 (net)
                      0.051129    0.000054    1.535883 v input9/A (sky130_fd_sc_hd__clkbuf_4)
     9    0.046335    0.101399    0.203454    1.739337 v input9/X (sky130_fd_sc_hd__clkbuf_4)
                                                         net9 (net)
                      0.101420    0.001409    1.740746 v _107_/A (sky130_fd_sc_hd__inv_2)
     1    0.004439    0.039778    0.067493    1.808239 ^ _107_/Y (sky130_fd_sc_hd__inv_2)
                                                         _012_ (net)
                      0.039778    0.000110    1.808348 ^ _116_/RESET_B (sky130_fd_sc_hd__dfrtp_1)
                                              1.808348   data arrival time

                                  5.000000    5.000000   clock clk (rise edge)
                                  0.000000    5.000000   clock source latency
     1    0.009819    0.050615    0.033463    5.033463 ^ clk (in)
                                                         clk (net)
                      0.050616    0.000000    5.033463 ^ clkbuf_0_clk/A (sky130_fd_sc_hd__clkbuf_16)
     2    0.019244    0.041197    0.126604    5.160067 ^ clkbuf_0_clk/X (sky130_fd_sc_hd__clkbuf_16)
                                                         clknet_0_clk (net)
                      0.041200    0.000581    5.160647 ^ clkbuf_1_0__f_clk/A (sky130_fd_sc_hd__clkbuf_16)
     5    0.013586    0.036392    0.117885    5.278533 ^ clkbuf_1_0__f_clk/X (sky130_fd_sc_hd__clkbuf_16)
                                                         clknet_1_0__leaf_clk (net)
                      0.036392    0.000284    5.278816 ^ _116_/CLK (sky130_fd_sc_hd__dfrtp_1)
                                 -0.250000    5.028816   clock uncertainty
                                  0.000000    5.028816   clock reconvergence pessimism
                                  0.229047    5.257863   library recovery time
                                              5.257863   data required time
---------------------------------------------------------------------------------------------
                                              5.257863   data required time
                                             -1.808348   data arrival time
---------------------------------------------------------------------------------------------
                                              3.449515   slack (MET)


Startpoint: rst (input port clocked by clk)
Endpoint: _118_ (recovery check against rising-edge clock clk)
Path Group: asynchronous
Path Type: max

Fanout         Cap        Slew       Delay        Time   Description
---------------------------------------------------------------------------------------------
                                  0.000000    0.000000   clock clk (rise edge)
                                  0.000000    0.000000   clock network delay (propagated)
                                  1.000000    1.000000 v input external delay
     1    0.002761    0.008533    0.004376    1.004376 v rst (in)
                                                         rst (net)
                      0.008533    0.000000    1.004376 v hold2/A (sky130_fd_sc_hd__dlygate4sd3_1)
     1    0.002456    0.051129    0.531453    1.535829 v hold2/X (sky130_fd_sc_hd__dlygate4sd3_1)
                                                         net12 (net)
                      0.051129    0.000054    1.535883 v input9/A (sky130_fd_sc_hd__clkbuf_4)
     9    0.046335    0.101399    0.203454    1.739337 v input9/X (sky130_fd_sc_hd__clkbuf_4)
                                                         net9 (net)
                      0.101423    0.001478    1.740815 v _109_/A (sky130_fd_sc_hd__inv_2)
     1    0.004149    0.038645    0.066084    1.806899 ^ _109_/Y (sky130_fd_sc_hd__inv_2)
                                                         _014_ (net)
                      0.038645    0.000094    1.806993 ^ _118_/RESET_B (sky130_fd_sc_hd__dfrtp_1)
                                              1.806993   data arrival time

                                  5.000000    5.000000   clock clk (rise edge)
                                  0.000000    5.000000   clock source latency
     1    0.009819    0.050615    0.033463    5.033463 ^ clk (in)
                                                         clk (net)
                      0.050616    0.000000    5.033463 ^ clkbuf_0_clk/A (sky130_fd_sc_hd__clkbuf_16)
     2    0.019244    0.041197    0.126604    5.160067 ^ clkbuf_0_clk/X (sky130_fd_sc_hd__clkbuf_16)
                                                         clknet_0_clk (net)
                      0.041200    0.000581    5.160647 ^ clkbuf_1_0__f_clk/A (sky130_fd_sc_hd__clkbuf_16)
     5    0.013586    0.036392    0.117885    5.278533 ^ clkbuf_1_0__f_clk/X (sky130_fd_sc_hd__clkbuf_16)
                                                         clknet_1_0__leaf_clk (net)
                      0.036392    0.000196    5.278728 ^ _118_/CLK (sky130_fd_sc_hd__dfrtp_1)
                                 -0.250000    5.028728   clock uncertainty
                                  0.000000    5.028728   clock reconvergence pessimism
                                  0.229341    5.258069   library recovery time
                                              5.258069   data required time
---------------------------------------------------------------------------------------------
                                              5.258069   data required time
                                             -1.806993   data arrival time
---------------------------------------------------------------------------------------------
                                              3.451077   slack (MET)


Startpoint: rst (input port clocked by clk)
Endpoint: _112_ (recovery check against rising-edge clock clk)
Path Group: asynchronous
Path Type: max

Fanout         Cap        Slew       Delay        Time   Description
---------------------------------------------------------------------------------------------
                                  0.000000    0.000000   clock clk (rise edge)
                                  0.000000    0.000000   clock network delay (propagated)
                                  1.000000    1.000000 v input external delay
     1    0.002761    0.008533    0.004376    1.004376 v rst (in)
                                                         rst (net)
                      0.008533    0.000000    1.004376 v hold2/A (sky130_fd_sc_hd__dlygate4sd3_1)
     1    0.002456    0.051129    0.531453    1.535829 v hold2/X (sky130_fd_sc_hd__dlygate4sd3_1)
                                                         net12 (net)
                      0.051129    0.000054    1.535883 v input9/A (sky130_fd_sc_hd__clkbuf_4)
     9    0.046335    0.101399    0.203454    1.739337 v input9/X (sky130_fd_sc_hd__clkbuf_4)
                                                         net9 (net)
                      0.101404    0.000744    1.740081 v _060_/A (sky130_fd_sc_hd__inv_2)
     1    0.004290    0.039229    0.066818    1.806899 ^ _060_/Y (sky130_fd_sc_hd__inv_2)
                                                         _008_ (net)
                      0.039229    0.000102    1.807001 ^ _112_/RESET_B (sky130_fd_sc_hd__dfrtp_1)
                                              1.807001   data arrival time

                                  5.000000    5.000000   clock clk (rise edge)
                                  0.000000    5.000000   clock source latency
     1    0.009819    0.050615    0.033463    5.033463 ^ clk (in)
                                                         clk (net)
                      0.050616    0.000000    5.033463 ^ clkbuf_0_clk/A (sky130_fd_sc_hd__clkbuf_16)
     2    0.019244    0.041197    0.126604    5.160067 ^ clkbuf_0_clk/X (sky130_fd_sc_hd__clkbuf_16)
                                                         clknet_0_clk (net)
                      0.041199    0.000549    5.160616 ^ clkbuf_1_1__f_clk/A (sky130_fd_sc_hd__clkbuf_16)
     5    0.013887    0.036649    0.118156    5.278772 ^ clkbuf_1_1__f_clk/X (sky130_fd_sc_hd__clkbuf_16)
                                                         clknet_1_1__leaf_clk (net)
                      0.036649    0.000365    5.279137 ^ _112_/CLK (sky130_fd_sc_hd__dfrtp_1)
                                 -0.250000    5.029137   clock uncertainty
                                  0.000000    5.029137   clock reconvergence pessimism
                                  0.229268    5.258405   library recovery time
                                              5.258405   data required time
---------------------------------------------------------------------------------------------
                                              5.258405   data required time
                                             -1.807001   data arrival time
---------------------------------------------------------------------------------------------
                                              3.451404   slack (MET)


Startpoint: rst (input port clocked by clk)
Endpoint: _115_ (recovery check against rising-edge clock clk)
Path Group: asynchronous
Path Type: max

Fanout         Cap        Slew       Delay        Time   Description
---------------------------------------------------------------------------------------------
                                  0.000000    0.000000   clock clk (rise edge)
                                  0.000000    0.000000   clock network delay (propagated)
                                  1.000000    1.000000 v input external delay
     1    0.002761    0.008533    0.004376    1.004376 v rst (in)
                                                         rst (net)
                      0.008533    0.000000    1.004376 v hold2/A (sky130_fd_sc_hd__dlygate4sd3_1)
     1    0.002456    0.051129    0.531453    1.535829 v hold2/X (sky130_fd_sc_hd__dlygate4sd3_1)
                                                         net12 (net)
                      0.051129    0.000054    1.535883 v input9/A (sky130_fd_sc_hd__clkbuf_4)
     9    0.046335    0.101399    0.203454    1.739337 v input9/X (sky130_fd_sc_hd__clkbuf_4)
                                                         net9 (net)
                      0.101414    0.001209    1.740546 v _106_/A (sky130_fd_sc_hd__inv_2)
     1    0.004211    0.038904    0.066411    1.806957 ^ _106_/Y (sky130_fd_sc_hd__inv_2)
                                                         _011_ (net)
                      0.038904    0.000097    1.807054 ^ _115_/RESET_B (sky130_fd_sc_hd__dfrtp_1)
                                              1.807054   data arrival time

                                  5.000000    5.000000   clock clk (rise edge)
                                  0.000000    5.000000   clock source latency
     1    0.009819    0.050615    0.033463    5.033463 ^ clk (in)
                                                         clk (net)
                      0.050616    0.000000    5.033463 ^ clkbuf_0_clk/A (sky130_fd_sc_hd__clkbuf_16)
     2    0.019244    0.041197    0.126604    5.160067 ^ clkbuf_0_clk/X (sky130_fd_sc_hd__clkbuf_16)
                                                         clknet_0_clk (net)
                      0.041199    0.000549    5.160616 ^ clkbuf_1_1__f_clk/A (sky130_fd_sc_hd__clkbuf_16)
     5    0.013887    0.036649    0.118156    5.278772 ^ clkbuf_1_1__f_clk/X (sky130_fd_sc_hd__clkbuf_16)
                                                         clknet_1_1__leaf_clk (net)
                      0.036649    0.000380    5.279152 ^ _115_/CLK (sky130_fd_sc_hd__dfrtp_1)
                                 -0.250000    5.029152   clock uncertainty
                                  0.000000    5.029152   clock reconvergence pessimism
                                  0.229352    5.258504   library recovery time
                                              5.258504   data required time
---------------------------------------------------------------------------------------------
                                              5.258504   data required time
                                             -1.807054   data arrival time
---------------------------------------------------------------------------------------------
                                              3.451450   slack (MET)


Startpoint: rst (input port clocked by clk)
Endpoint: _120_ (recovery check against rising-edge clock clk)
Path Group: asynchronous
Path Type: max

Fanout         Cap        Slew       Delay        Time   Description
---------------------------------------------------------------------------------------------
                                  0.000000    0.000000   clock clk (rise edge)
                                  0.000000    0.000000   clock network delay (propagated)
                                  1.000000    1.000000 v input external delay
     1    0.002761    0.008533    0.004376    1.004376 v rst (in)
                                                         rst (net)
                      0.008533    0.000000    1.004376 v hold2/A (sky130_fd_sc_hd__dlygate4sd3_1)
     1    0.002456    0.051129    0.531453    1.535829 v hold2/X (sky130_fd_sc_hd__dlygate4sd3_1)
                                                         net12 (net)
                      0.051129    0.000054    1.535883 v input9/A (sky130_fd_sc_hd__clkbuf_4)
     9    0.046335    0.101399    0.203454    1.739337 v input9/X (sky130_fd_sc_hd__clkbuf_4)
                                                         net9 (net)
                      0.101406    0.000870    1.740207 v _111_/A (sky130_fd_sc_hd__inv_2)
     1    0.004012    0.038078    0.065359    1.805566 ^ _111_/Y (sky130_fd_sc_hd__inv_2)
                                                         _016_ (net)
                      0.038078    0.000086    1.805652 ^ _120_/RESET_B (sky130_fd_sc_hd__dfrtp_1)
                                              1.805652   data arrival time

                                  5.000000    5.000000   clock clk (rise edge)
                                  0.000000    5.000000   clock source latency
     1    0.009819    0.050615    0.033463    5.033463 ^ clk (in)
                                                         clk (net)
                      0.050616    0.000000    5.033463 ^ clkbuf_0_clk/A (sky130_fd_sc_hd__clkbuf_16)
     2    0.019244    0.041197    0.126604    5.160067 ^ clkbuf_0_clk/X (sky130_fd_sc_hd__clkbuf_16)
                                                         clknet_0_clk (net)
                      0.041200    0.000581    5.160647 ^ clkbuf_1_0__f_clk/A (sky130_fd_sc_hd__clkbuf_16)
     5    0.013586    0.036392    0.117885    5.278533 ^ clkbuf_1_0__f_clk/X (sky130_fd_sc_hd__clkbuf_16)
                                                         clknet_1_0__leaf_clk (net)
                      0.036392    0.000204    5.278736 ^ _120_/CLK (sky130_fd_sc_hd__dfrtp_1)
                                 -0.250000    5.028736   clock uncertainty
                                  0.000000    5.028736   clock reconvergence pessimism
                                  0.229487    5.258224   library recovery time
                                              5.258224   data required time
---------------------------------------------------------------------------------------------
                                              5.258224   data required time
                                             -1.805652   data arrival time
---------------------------------------------------------------------------------------------
                                              3.452572   slack (MET)


Startpoint: rst (input port clocked by clk)
Endpoint: _113_ (recovery check against rising-edge clock clk)
Path Group: asynchronous
Path Type: max

Fanout         Cap        Slew       Delay        Time   Description
---------------------------------------------------------------------------------------------
                                  0.000000    0.000000   clock clk (rise edge)
                                  0.000000    0.000000   clock network delay (propagated)
                                  1.000000    1.000000 v input external delay
     1    0.002761    0.008533    0.004376    1.004376 v rst (in)
                                                         rst (net)
                      0.008533    0.000000    1.004376 v hold2/A (sky130_fd_sc_hd__dlygate4sd3_1)
     1    0.002456    0.051129    0.531453    1.535829 v hold2/X (sky130_fd_sc_hd__dlygate4sd3_1)
                                                         net12 (net)
                      0.051129    0.000054    1.535883 v input9/A (sky130_fd_sc_hd__clkbuf_4)
     9    0.046335    0.101399    0.203454    1.739337 v input9/X (sky130_fd_sc_hd__clkbuf_4)
                                                         net9 (net)
                      0.101405    0.000836    1.740173 v _104_/A (sky130_fd_sc_hd__inv_2)
     1    0.003974    0.037925    0.065160    1.805333 ^ _104_/Y (sky130_fd_sc_hd__inv_2)
                                                         _009_ (net)
                      0.037925    0.000085    1.805418 ^ _113_/RESET_B (sky130_fd_sc_hd__dfrtp_1)
                                              1.805418   data arrival time

                                  5.000000    5.000000   clock clk (rise edge)
                                  0.000000    5.000000   clock source latency
     1    0.009819    0.050615    0.033463    5.033463 ^ clk (in)
                                                         clk (net)
                      0.050616    0.000000    5.033463 ^ clkbuf_0_clk/A (sky130_fd_sc_hd__clkbuf_16)
     2    0.019244    0.041197    0.126604    5.160067 ^ clkbuf_0_clk/X (sky130_fd_sc_hd__clkbuf_16)
                                                         clknet_0_clk (net)
                      0.041199    0.000549    5.160616 ^ clkbuf_1_1__f_clk/A (sky130_fd_sc_hd__clkbuf_16)
     5    0.013887    0.036649    0.118156    5.278772 ^ clkbuf_1_1__f_clk/X (sky130_fd_sc_hd__clkbuf_16)
                                                         clknet_1_1__leaf_clk (net)
                      0.036649    0.000316    5.279088 ^ _113_/CLK (sky130_fd_sc_hd__dfrtp_1)
                                 -0.250000    5.029088   clock uncertainty
                                  0.000000    5.029088   clock reconvergence pessimism
                                  0.229606    5.258694   library recovery time
                                              5.258694   data required time
---------------------------------------------------------------------------------------------
                                              5.258694   data required time
                                             -1.805418   data arrival time
---------------------------------------------------------------------------------------------
                                              3.453276   slack (MET)



