Clock: clk
Sources: clk 
Generated: no
Virtual: yes
Propagated: no
Period: 5.000000

===========================================================================
report_clock_properties
============================================================================
Clock                   Period          Waveform
----------------------------------------------------
clk                   5.000000    0.000000  2.500000

===========================================================================
report_clock_latency
============================================================================
Clock clk
rise -> rise
    min     max
0.000000 0.000000 source latency
0.327030         network latency _782_/CLK
        0.329278 network latency _789_/CLK
---------------
0.327030 0.329278 latency
        0.002248 skew

fall -> fall
    min     max
0.000000 0.000000 source latency
0.317680         network latency _782_/CLK
        0.319646 network latency _789_/CLK
---------------
0.317680 0.319646 latency
        0.001966 skew



===========================================================================
report_clock_min_period
============================================================================
clk period_min = 3.53 fmax = 283.13
