
===========================================================================
report_checks -path_delay min (Hold)
============================================================================
======================= nom_ss_100C_1v60 Corner ===================================

Startpoint: rst (input port clocked by clk)
Endpoint: _352_ (removal check against rising-edge clock clk)
Path Group: asynchronous
Path Type: min

Fanout         Cap        Slew       Delay        Time   Description
---------------------------------------------------------------------------------------------
                      0.150000    0.000000    0.000000   clock clk (rise edge)
                                  0.000000    0.000000   clock network delay (ideal)
                                  1.000000    1.000000 v input external delay
    17    0.073100    0.312564    0.223519    1.223519 v rst (in)
                                                         rst (net)
                      0.312564    0.000000    1.223519 v _190_/A (sky130_fd_sc_hd__inv_2)
     1    0.003263    0.084908    0.142653    1.366172 ^ _190_/Y (sky130_fd_sc_hd__inv_2)
                                                         _017_ (net)
                      0.084908    0.000000    1.366172 ^ _352_/RESET_B (sky130_fd_sc_hd__dfrtp_2)
                                              1.366172   data arrival time

                      0.150000    0.000000    0.000000   clock clk (rise edge)
                                  0.000000    0.000000   clock network delay (ideal)
                                  0.250000    0.250000   clock uncertainty
                                  0.000000    0.250000   clock reconvergence pessimism
                                              0.250000 ^ _352_/CLK (sky130_fd_sc_hd__dfrtp_2)
                                  0.686122    0.936122   library removal time
                                              0.936122   data required time
---------------------------------------------------------------------------------------------
                                              0.936122   data required time
                                             -1.366172   data arrival time
---------------------------------------------------------------------------------------------
                                              0.430049   slack (MET)


Startpoint: rst (input port clocked by clk)
Endpoint: _353_ (removal check against rising-edge clock clk)
Path Group: asynchronous
Path Type: min

Fanout         Cap        Slew       Delay        Time   Description
---------------------------------------------------------------------------------------------
                      0.150000    0.000000    0.000000   clock clk (rise edge)
                                  0.000000    0.000000   clock network delay (ideal)
                                  1.000000    1.000000 v input external delay
    17    0.073100    0.312564    0.223519    1.223519 v rst (in)
                                                         rst (net)
                      0.312564    0.000000    1.223519 v _336_/A (sky130_fd_sc_hd__inv_2)
     1    0.003263    0.084908    0.142653    1.366172 ^ _336_/Y (sky130_fd_sc_hd__inv_2)
                                                         _018_ (net)
                      0.084908    0.000000    1.366172 ^ _353_/RESET_B (sky130_fd_sc_hd__dfrtp_2)
                                              1.366172   data arrival time

                      0.150000    0.000000    0.000000   clock clk (rise edge)
                                  0.000000    0.000000   clock network delay (ideal)
                                  0.250000    0.250000   clock uncertainty
                                  0.000000    0.250000   clock reconvergence pessimism
                                              0.250000 ^ _353_/CLK (sky130_fd_sc_hd__dfrtp_2)
                                  0.686122    0.936122   library removal time
                                              0.936122   data required time
---------------------------------------------------------------------------------------------
                                              0.936122   data required time
                                             -1.366172   data arrival time
---------------------------------------------------------------------------------------------
                                              0.430049   slack (MET)


Startpoint: rst (input port clocked by clk)
Endpoint: _354_ (removal check against rising-edge clock clk)
Path Group: asynchronous
Path Type: min

Fanout         Cap        Slew       Delay        Time   Description
---------------------------------------------------------------------------------------------
                      0.150000    0.000000    0.000000   clock clk (rise edge)
                                  0.000000    0.000000   clock network delay (ideal)
                                  1.000000    1.000000 v input external delay
    17    0.073100    0.312564    0.223519    1.223519 v rst (in)
                                                         rst (net)
                      0.312564    0.000000    1.223519 v _337_/A (sky130_fd_sc_hd__inv_2)
     1    0.003263    0.084908    0.142653    1.366172 ^ _337_/Y (sky130_fd_sc_hd__inv_2)
                                                         _019_ (net)
                      0.084908    0.000000    1.366172 ^ _354_/RESET_B (sky130_fd_sc_hd__dfrtp_2)
                                              1.366172   data arrival time

                      0.150000    0.000000    0.000000   clock clk (rise edge)
                                  0.000000    0.000000   clock network delay (ideal)
                                  0.250000    0.250000   clock uncertainty
                                  0.000000    0.250000   clock reconvergence pessimism
                                              0.250000 ^ _354_/CLK (sky130_fd_sc_hd__dfrtp_2)
                                  0.686122    0.936122   library removal time
                                              0.936122   data required time
---------------------------------------------------------------------------------------------
                                              0.936122   data required time
                                             -1.366172   data arrival time
---------------------------------------------------------------------------------------------
                                              0.430049   slack (MET)


Startpoint: rst (input port clocked by clk)
Endpoint: _355_ (removal check against rising-edge clock clk)
Path Group: asynchronous
Path Type: min

Fanout         Cap        Slew       Delay        Time   Description
---------------------------------------------------------------------------------------------
                      0.150000    0.000000    0.000000   clock clk (rise edge)
                                  0.000000    0.000000   clock network delay (ideal)
                                  1.000000    1.000000 v input external delay
    17    0.073100    0.312564    0.223519    1.223519 v rst (in)
                                                         rst (net)
                      0.312564    0.000000    1.223519 v _338_/A (sky130_fd_sc_hd__inv_2)
     1    0.003263    0.084908    0.142653    1.366172 ^ _338_/Y (sky130_fd_sc_hd__inv_2)
                                                         _020_ (net)
                      0.084908    0.000000    1.366172 ^ _355_/RESET_B (sky130_fd_sc_hd__dfrtp_2)
                                              1.366172   data arrival time

                      0.150000    0.000000    0.000000   clock clk (rise edge)
                                  0.000000    0.000000   clock network delay (ideal)
                                  0.250000    0.250000   clock uncertainty
                                  0.000000    0.250000   clock reconvergence pessimism
                                              0.250000 ^ _355_/CLK (sky130_fd_sc_hd__dfrtp_2)
                                  0.686122    0.936122   library removal time
                                              0.936122   data required time
---------------------------------------------------------------------------------------------
                                              0.936122   data required time
                                             -1.366172   data arrival time
---------------------------------------------------------------------------------------------
                                              0.430049   slack (MET)


Startpoint: rst (input port clocked by clk)
Endpoint: _356_ (removal check against rising-edge clock clk)
Path Group: asynchronous
Path Type: min

Fanout         Cap        Slew       Delay        Time   Description
---------------------------------------------------------------------------------------------
                      0.150000    0.000000    0.000000   clock clk (rise edge)
                                  0.000000    0.000000   clock network delay (ideal)
                                  1.000000    1.000000 v input external delay
    17    0.073100    0.312564    0.223519    1.223519 v rst (in)
                                                         rst (net)
                      0.312564    0.000000    1.223519 v _339_/A (sky130_fd_sc_hd__inv_2)
     1    0.003263    0.084908    0.142653    1.366172 ^ _339_/Y (sky130_fd_sc_hd__inv_2)
                                                         _021_ (net)
                      0.084908    0.000000    1.366172 ^ _356_/RESET_B (sky130_fd_sc_hd__dfrtp_2)
                                              1.366172   data arrival time

                      0.150000    0.000000    0.000000   clock clk (rise edge)
                                  0.000000    0.000000   clock network delay (ideal)
                                  0.250000    0.250000   clock uncertainty
                                  0.000000    0.250000   clock reconvergence pessimism
                                              0.250000 ^ _356_/CLK (sky130_fd_sc_hd__dfrtp_2)
                                  0.686122    0.936122   library removal time
                                              0.936122   data required time
---------------------------------------------------------------------------------------------
                                              0.936122   data required time
                                             -1.366172   data arrival time
---------------------------------------------------------------------------------------------
                                              0.430049   slack (MET)


Startpoint: rst (input port clocked by clk)
Endpoint: _357_ (removal check against rising-edge clock clk)
Path Group: asynchronous
Path Type: min

Fanout         Cap        Slew       Delay        Time   Description
---------------------------------------------------------------------------------------------
                      0.150000    0.000000    0.000000   clock clk (rise edge)
                                  0.000000    0.000000   clock network delay (ideal)
                                  1.000000    1.000000 v input external delay
    17    0.073100    0.312564    0.223519    1.223519 v rst (in)
                                                         rst (net)
                      0.312564    0.000000    1.223519 v _340_/A (sky130_fd_sc_hd__inv_2)
     1    0.003263    0.084908    0.142653    1.366172 ^ _340_/Y (sky130_fd_sc_hd__inv_2)
                                                         _022_ (net)
                      0.084908    0.000000    1.366172 ^ _357_/RESET_B (sky130_fd_sc_hd__dfrtp_2)
                                              1.366172   data arrival time

                      0.150000    0.000000    0.000000   clock clk (rise edge)
                                  0.000000    0.000000   clock network delay (ideal)
                                  0.250000    0.250000   clock uncertainty
                                  0.000000    0.250000   clock reconvergence pessimism
                                              0.250000 ^ _357_/CLK (sky130_fd_sc_hd__dfrtp_2)
                                  0.686122    0.936122   library removal time
                                              0.936122   data required time
---------------------------------------------------------------------------------------------
                                              0.936122   data required time
                                             -1.366172   data arrival time
---------------------------------------------------------------------------------------------
                                              0.430049   slack (MET)


Startpoint: rst (input port clocked by clk)
Endpoint: _358_ (removal check against rising-edge clock clk)
Path Group: asynchronous
Path Type: min

Fanout         Cap        Slew       Delay        Time   Description
---------------------------------------------------------------------------------------------
                      0.150000    0.000000    0.000000   clock clk (rise edge)
                                  0.000000    0.000000   clock network delay (ideal)
                                  1.000000    1.000000 v input external delay
    17    0.073100    0.312564    0.223519    1.223519 v rst (in)
                                                         rst (net)
                      0.312564    0.000000    1.223519 v _341_/A (sky130_fd_sc_hd__inv_2)
     1    0.003263    0.084908    0.142653    1.366172 ^ _341_/Y (sky130_fd_sc_hd__inv_2)
                                                         _023_ (net)
                      0.084908    0.000000    1.366172 ^ _358_/RESET_B (sky130_fd_sc_hd__dfrtp_2)
                                              1.366172   data arrival time

                      0.150000    0.000000    0.000000   clock clk (rise edge)
                                  0.000000    0.000000   clock network delay (ideal)
                                  0.250000    0.250000   clock uncertainty
                                  0.000000    0.250000   clock reconvergence pessimism
                                              0.250000 ^ _358_/CLK (sky130_fd_sc_hd__dfrtp_2)
                                  0.686122    0.936122   library removal time
                                              0.936122   data required time
---------------------------------------------------------------------------------------------
                                              0.936122   data required time
                                             -1.366172   data arrival time
---------------------------------------------------------------------------------------------
                                              0.430049   slack (MET)


Startpoint: rst (input port clocked by clk)
Endpoint: _359_ (removal check against rising-edge clock clk)
Path Group: asynchronous
Path Type: min

Fanout         Cap        Slew       Delay        Time   Description
---------------------------------------------------------------------------------------------
                      0.150000    0.000000    0.000000   clock clk (rise edge)
                                  0.000000    0.000000   clock network delay (ideal)
                                  1.000000    1.000000 v input external delay
    17    0.073100    0.312564    0.223519    1.223519 v rst (in)
                                                         rst (net)
                      0.312564    0.000000    1.223519 v _342_/A (sky130_fd_sc_hd__inv_2)
     1    0.003263    0.084908    0.142653    1.366172 ^ _342_/Y (sky130_fd_sc_hd__inv_2)
                                                         _024_ (net)
                      0.084908    0.000000    1.366172 ^ _359_/RESET_B (sky130_fd_sc_hd__dfrtp_2)
                                              1.366172   data arrival time

                      0.150000    0.000000    0.000000   clock clk (rise edge)
                                  0.000000    0.000000   clock network delay (ideal)
                                  0.250000    0.250000   clock uncertainty
                                  0.000000    0.250000   clock reconvergence pessimism
                                              0.250000 ^ _359_/CLK (sky130_fd_sc_hd__dfrtp_2)
                                  0.686122    0.936122   library removal time
                                              0.936122   data required time
---------------------------------------------------------------------------------------------
                                              0.936122   data required time
                                             -1.366172   data arrival time
---------------------------------------------------------------------------------------------
                                              0.430049   slack (MET)


Startpoint: rst (input port clocked by clk)
Endpoint: _360_ (removal check against rising-edge clock clk)
Path Group: asynchronous
Path Type: min

Fanout         Cap        Slew       Delay        Time   Description
---------------------------------------------------------------------------------------------
                      0.150000    0.000000    0.000000   clock clk (rise edge)
                                  0.000000    0.000000   clock network delay (ideal)
                                  1.000000    1.000000 v input external delay
    17    0.073100    0.312564    0.223519    1.223519 v rst (in)
                                                         rst (net)
                      0.312564    0.000000    1.223519 v _343_/A (sky130_fd_sc_hd__inv_2)
     1    0.003263    0.084908    0.142653    1.366172 ^ _343_/Y (sky130_fd_sc_hd__inv_2)
                                                         _025_ (net)
                      0.084908    0.000000    1.366172 ^ _360_/RESET_B (sky130_fd_sc_hd__dfrtp_2)
                                              1.366172   data arrival time

                      0.150000    0.000000    0.000000   clock clk (rise edge)
                                  0.000000    0.000000   clock network delay (ideal)
                                  0.250000    0.250000   clock uncertainty
                                  0.000000    0.250000   clock reconvergence pessimism
                                              0.250000 ^ _360_/CLK (sky130_fd_sc_hd__dfrtp_2)
                                  0.686122    0.936122   library removal time
                                              0.936122   data required time
---------------------------------------------------------------------------------------------
                                              0.936122   data required time
                                             -1.366172   data arrival time
---------------------------------------------------------------------------------------------
                                              0.430049   slack (MET)


Startpoint: rst (input port clocked by clk)
Endpoint: _361_ (removal check against rising-edge clock clk)
Path Group: asynchronous
Path Type: min

Fanout         Cap        Slew       Delay        Time   Description
---------------------------------------------------------------------------------------------
                      0.150000    0.000000    0.000000   clock clk (rise edge)
                                  0.000000    0.000000   clock network delay (ideal)
                                  1.000000    1.000000 v input external delay
    17    0.073100    0.312564    0.223519    1.223519 v rst (in)
                                                         rst (net)
                      0.312564    0.000000    1.223519 v _344_/A (sky130_fd_sc_hd__inv_2)
     1    0.003263    0.084908    0.142653    1.366172 ^ _344_/Y (sky130_fd_sc_hd__inv_2)
                                                         _026_ (net)
                      0.084908    0.000000    1.366172 ^ _361_/RESET_B (sky130_fd_sc_hd__dfrtp_2)
                                              1.366172   data arrival time

                      0.150000    0.000000    0.000000   clock clk (rise edge)
                                  0.000000    0.000000   clock network delay (ideal)
                                  0.250000    0.250000   clock uncertainty
                                  0.000000    0.250000   clock reconvergence pessimism
                                              0.250000 ^ _361_/CLK (sky130_fd_sc_hd__dfrtp_2)
                                  0.686122    0.936122   library removal time
                                              0.936122   data required time
---------------------------------------------------------------------------------------------
                                              0.936122   data required time
                                             -1.366172   data arrival time
---------------------------------------------------------------------------------------------
                                              0.430049   slack (MET)


Startpoint: rst (input port clocked by clk)
Endpoint: _362_ (removal check against rising-edge clock clk)
Path Group: asynchronous
Path Type: min

Fanout         Cap        Slew       Delay        Time   Description
---------------------------------------------------------------------------------------------
                      0.150000    0.000000    0.000000   clock clk (rise edge)
                                  0.000000    0.000000   clock network delay (ideal)
                                  1.000000    1.000000 v input external delay
    17    0.073100    0.312564    0.223519    1.223519 v rst (in)
                                                         rst (net)
                      0.312564    0.000000    1.223519 v _345_/A (sky130_fd_sc_hd__inv_2)
     1    0.003263    0.084908    0.142653    1.366172 ^ _345_/Y (sky130_fd_sc_hd__inv_2)
                                                         _027_ (net)
                      0.084908    0.000000    1.366172 ^ _362_/RESET_B (sky130_fd_sc_hd__dfrtp_2)
                                              1.366172   data arrival time

                      0.150000    0.000000    0.000000   clock clk (rise edge)
                                  0.000000    0.000000   clock network delay (ideal)
                                  0.250000    0.250000   clock uncertainty
                                  0.000000    0.250000   clock reconvergence pessimism
                                              0.250000 ^ _362_/CLK (sky130_fd_sc_hd__dfrtp_2)
                                  0.686122    0.936122   library removal time
                                              0.936122   data required time
---------------------------------------------------------------------------------------------
                                              0.936122   data required time
                                             -1.366172   data arrival time
---------------------------------------------------------------------------------------------
                                              0.430049   slack (MET)


Startpoint: rst (input port clocked by clk)
Endpoint: _363_ (removal check against rising-edge clock clk)
Path Group: asynchronous
Path Type: min

Fanout         Cap        Slew       Delay        Time   Description
---------------------------------------------------------------------------------------------
                      0.150000    0.000000    0.000000   clock clk (rise edge)
                                  0.000000    0.000000   clock network delay (ideal)
                                  1.000000    1.000000 v input external delay
    17    0.073100    0.312564    0.223519    1.223519 v rst (in)
                                                         rst (net)
                      0.312564    0.000000    1.223519 v _346_/A (sky130_fd_sc_hd__inv_2)
     1    0.003263    0.084908    0.142653    1.366172 ^ _346_/Y (sky130_fd_sc_hd__inv_2)
                                                         _028_ (net)
                      0.084908    0.000000    1.366172 ^ _363_/RESET_B (sky130_fd_sc_hd__dfrtp_2)
                                              1.366172   data arrival time

                      0.150000    0.000000    0.000000   clock clk (rise edge)
                                  0.000000    0.000000   clock network delay (ideal)
                                  0.250000    0.250000   clock uncertainty
                                  0.000000    0.250000   clock reconvergence pessimism
                                              0.250000 ^ _363_/CLK (sky130_fd_sc_hd__dfrtp_2)
                                  0.686122    0.936122   library removal time
                                              0.936122   data required time
---------------------------------------------------------------------------------------------
                                              0.936122   data required time
                                             -1.366172   data arrival time
---------------------------------------------------------------------------------------------
                                              0.430049   slack (MET)


Startpoint: rst (input port clocked by clk)
Endpoint: _364_ (removal check against rising-edge clock clk)
Path Group: asynchronous
Path Type: min

Fanout         Cap        Slew       Delay        Time   Description
---------------------------------------------------------------------------------------------
                      0.150000    0.000000    0.000000   clock clk (rise edge)
                                  0.000000    0.000000   clock network delay (ideal)
                                  1.000000    1.000000 v input external delay
    17    0.073100    0.312564    0.223519    1.223519 v rst (in)
                                                         rst (net)
                      0.312564    0.000000    1.223519 v _347_/A (sky130_fd_sc_hd__inv_2)
     1    0.003263    0.084908    0.142653    1.366172 ^ _347_/Y (sky130_fd_sc_hd__inv_2)
                                                         _029_ (net)
                      0.084908    0.000000    1.366172 ^ _364_/RESET_B (sky130_fd_sc_hd__dfrtp_2)
                                              1.366172   data arrival time

                      0.150000    0.000000    0.000000   clock clk (rise edge)
                                  0.000000    0.000000   clock network delay (ideal)
                                  0.250000    0.250000   clock uncertainty
                                  0.000000    0.250000   clock reconvergence pessimism
                                              0.250000 ^ _364_/CLK (sky130_fd_sc_hd__dfrtp_2)
                                  0.686122    0.936122   library removal time
                                              0.936122   data required time
---------------------------------------------------------------------------------------------
                                              0.936122   data required time
                                             -1.366172   data arrival time
---------------------------------------------------------------------------------------------
                                              0.430049   slack (MET)


Startpoint: rst (input port clocked by clk)
Endpoint: _365_ (removal check against rising-edge clock clk)
Path Group: asynchronous
Path Type: min

Fanout         Cap        Slew       Delay        Time   Description
---------------------------------------------------------------------------------------------
                      0.150000    0.000000    0.000000   clock clk (rise edge)
                                  0.000000    0.000000   clock network delay (ideal)
                                  1.000000    1.000000 v input external delay
    17    0.073100    0.312564    0.223519    1.223519 v rst (in)
                                                         rst (net)
                      0.312564    0.000000    1.223519 v _348_/A (sky130_fd_sc_hd__inv_2)
     1    0.003263    0.084908    0.142653    1.366172 ^ _348_/Y (sky130_fd_sc_hd__inv_2)
                                                         _030_ (net)
                      0.084908    0.000000    1.366172 ^ _365_/RESET_B (sky130_fd_sc_hd__dfrtp_2)
                                              1.366172   data arrival time

                      0.150000    0.000000    0.000000   clock clk (rise edge)
                                  0.000000    0.000000   clock network delay (ideal)
                                  0.250000    0.250000   clock uncertainty
                                  0.000000    0.250000   clock reconvergence pessimism
                                              0.250000 ^ _365_/CLK (sky130_fd_sc_hd__dfrtp_2)
                                  0.686122    0.936122   library removal time
                                              0.936122   data required time
---------------------------------------------------------------------------------------------
                                              0.936122   data required time
                                             -1.366172   data arrival time
---------------------------------------------------------------------------------------------
                                              0.430049   slack (MET)


Startpoint: rst (input port clocked by clk)
Endpoint: _366_ (removal check against rising-edge clock clk)
Path Group: asynchronous
Path Type: min

Fanout         Cap        Slew       Delay        Time   Description
---------------------------------------------------------------------------------------------
                      0.150000    0.000000    0.000000   clock clk (rise edge)
                                  0.000000    0.000000   clock network delay (ideal)
                                  1.000000    1.000000 v input external delay
    17    0.073100    0.312564    0.223519    1.223519 v rst (in)
                                                         rst (net)
                      0.312564    0.000000    1.223519 v _349_/A (sky130_fd_sc_hd__inv_2)
     1    0.003263    0.084908    0.142653    1.366172 ^ _349_/Y (sky130_fd_sc_hd__inv_2)
                                                         _031_ (net)
                      0.084908    0.000000    1.366172 ^ _366_/RESET_B (sky130_fd_sc_hd__dfrtp_2)
                                              1.366172   data arrival time

                      0.150000    0.000000    0.000000   clock clk (rise edge)
                                  0.000000    0.000000   clock network delay (ideal)
                                  0.250000    0.250000   clock uncertainty
                                  0.000000    0.250000   clock reconvergence pessimism
                                              0.250000 ^ _366_/CLK (sky130_fd_sc_hd__dfrtp_2)
                                  0.686122    0.936122   library removal time
                                              0.936122   data required time
---------------------------------------------------------------------------------------------
                                              0.936122   data required time
                                             -1.366172   data arrival time
---------------------------------------------------------------------------------------------
                                              0.430049   slack (MET)


Startpoint: rst (input port clocked by clk)
Endpoint: _367_ (removal check against rising-edge clock clk)
Path Group: asynchronous
Path Type: min

Fanout         Cap        Slew       Delay        Time   Description
---------------------------------------------------------------------------------------------
                      0.150000    0.000000    0.000000   clock clk (rise edge)
                                  0.000000    0.000000   clock network delay (ideal)
                                  1.000000    1.000000 v input external delay
    17    0.073100    0.312564    0.223519    1.223519 v rst (in)
                                                         rst (net)
                      0.312564    0.000000    1.223519 v _350_/A (sky130_fd_sc_hd__inv_2)
     1    0.003263    0.084908    0.142653    1.366172 ^ _350_/Y (sky130_fd_sc_hd__inv_2)
                                                         _032_ (net)
                      0.084908    0.000000    1.366172 ^ _367_/RESET_B (sky130_fd_sc_hd__dfrtp_2)
                                              1.366172   data arrival time

                      0.150000    0.000000    0.000000   clock clk (rise edge)
                                  0.000000    0.000000   clock network delay (ideal)
                                  0.250000    0.250000   clock uncertainty
                                  0.000000    0.250000   clock reconvergence pessimism
                                              0.250000 ^ _367_/CLK (sky130_fd_sc_hd__dfrtp_2)
                                  0.686122    0.936122   library removal time
                                              0.936122   data required time
---------------------------------------------------------------------------------------------
                                              0.936122   data required time
                                             -1.366172   data arrival time
---------------------------------------------------------------------------------------------
                                              0.430049   slack (MET)


Startpoint: rst (input port clocked by clk)
Endpoint: _368_ (removal check against rising-edge clock clk)
Path Group: asynchronous
Path Type: min

Fanout         Cap        Slew       Delay        Time   Description
---------------------------------------------------------------------------------------------
                      0.150000    0.000000    0.000000   clock clk (rise edge)
                                  0.000000    0.000000   clock network delay (ideal)
                                  1.000000    1.000000 v input external delay
    17    0.073100    0.312564    0.223519    1.223519 v rst (in)
                                                         rst (net)
                      0.312564    0.000000    1.223519 v _351_/A (sky130_fd_sc_hd__inv_2)
     1    0.003263    0.084908    0.142653    1.366172 ^ _351_/Y (sky130_fd_sc_hd__inv_2)
                                                         _033_ (net)
                      0.084908    0.000000    1.366172 ^ _368_/RESET_B (sky130_fd_sc_hd__dfrtp_2)
                                              1.366172   data arrival time

                      0.150000    0.000000    0.000000   clock clk (rise edge)
                                  0.000000    0.000000   clock network delay (ideal)
                                  0.250000    0.250000   clock uncertainty
                                  0.000000    0.250000   clock reconvergence pessimism
                                              0.250000 ^ _368_/CLK (sky130_fd_sc_hd__dfrtp_2)
                                  0.686122    0.936122   library removal time
                                              0.936122   data required time
---------------------------------------------------------------------------------------------
                                              0.936122   data required time
                                             -1.366172   data arrival time
---------------------------------------------------------------------------------------------
                                              0.430049   slack (MET)


Startpoint: _353_ (rising edge-triggered flip-flop clocked by clk)
Endpoint: _354_ (rising edge-triggered flip-flop clocked by clk)
Path Group: clk
Path Type: min

Fanout         Cap        Slew       Delay        Time   Description
---------------------------------------------------------------------------------------------
                      0.150000    0.000000    0.000000   clock clk (rise edge)
                                  0.000000    0.000000   clock network delay (ideal)
                      0.150000    0.000000    0.000000 ^ _353_/CLK (sky130_fd_sc_hd__dfrtp_2)
     7    0.018360    0.178307    0.825230    0.825230 ^ _353_/Q (sky130_fd_sc_hd__dfrtp_2)
                                                         counter[0] (net)
                      0.178307    0.000000    0.825230 ^ _223_/A (sky130_fd_sc_hd__nand2_2)
     1    0.001359    0.045187    0.101722    0.926952 v _223_/Y (sky130_fd_sc_hd__nand2_2)
                                                         _049_ (net)
                      0.045187    0.000000    0.926952 v _257_/A (sky130_fd_sc_hd__and3_2)
     1    0.001838    0.061885    0.335435    1.262387 v _257_/X (sky130_fd_sc_hd__and3_2)
                                                         _007_ (net)
                      0.061885    0.000000    1.262387 v _354_/D (sky130_fd_sc_hd__dfrtp_2)
                                              1.262387   data arrival time

                      0.150000    0.000000    0.000000   clock clk (rise edge)
                                  0.000000    0.000000   clock network delay (ideal)
                                  0.250000    0.250000   clock uncertainty
                                  0.000000    0.250000   clock reconvergence pessimism
                                              0.250000 ^ _354_/CLK (sky130_fd_sc_hd__dfrtp_2)
                                 -0.067288    0.182712   library hold time
                                              0.182712   data required time
---------------------------------------------------------------------------------------------
                                              0.182712   data required time
                                             -1.262387   data arrival time
---------------------------------------------------------------------------------------------
                                              1.079675   slack (MET)


Startpoint: _355_ (rising edge-triggered flip-flop clocked by clk)
Endpoint: _355_ (rising edge-triggered flip-flop clocked by clk)
Path Group: clk
Path Type: min

Fanout         Cap        Slew       Delay        Time   Description
---------------------------------------------------------------------------------------------
                      0.150000    0.000000    0.000000   clock clk (rise edge)
                                  0.000000    0.000000   clock network delay (ideal)
                      0.150000    0.000000    0.000000 ^ _355_/CLK (sky130_fd_sc_hd__dfrtp_2)
     7    0.012604    0.139720    0.785813    0.785813 ^ _355_/Q (sky130_fd_sc_hd__dfrtp_2)
                                                         counter[2] (net)
                      0.139720    0.000000    0.785813 ^ _259_/B1 (sky130_fd_sc_hd__a21o_2)
     1    0.001471    0.037624    0.166932    0.952745 ^ _259_/X (sky130_fd_sc_hd__a21o_2)
                                                         _083_ (net)
                      0.037624    0.000000    0.952745 ^ _260_/B (sky130_fd_sc_hd__and3b_2)
     1    0.001853    0.073917    0.323423    1.276168 ^ _260_/X (sky130_fd_sc_hd__and3b_2)
                                                         _008_ (net)
                      0.073917    0.000000    1.276168 ^ _355_/D (sky130_fd_sc_hd__dfrtp_2)
                                              1.276168   data arrival time

                      0.150000    0.000000    0.000000   clock clk (rise edge)
                                  0.000000    0.000000   clock network delay (ideal)
                                  0.250000    0.250000   clock uncertainty
                                  0.000000    0.250000   clock reconvergence pessimism
                                              0.250000 ^ _355_/CLK (sky130_fd_sc_hd__dfrtp_2)
                                 -0.064661    0.185339   library hold time
                                              0.185339   data required time
---------------------------------------------------------------------------------------------
                                              0.185339   data required time
                                             -1.276168   data arrival time
---------------------------------------------------------------------------------------------
                                              1.090830   slack (MET)


Startpoint: _353_ (rising edge-triggered flip-flop clocked by clk)
Endpoint: _353_ (rising edge-triggered flip-flop clocked by clk)
Path Group: clk
Path Type: min

Fanout         Cap        Slew       Delay        Time   Description
---------------------------------------------------------------------------------------------
                      0.150000    0.000000    0.000000   clock clk (rise edge)
                                  0.000000    0.000000   clock network delay (ideal)
                      0.150000    0.000000    0.000000 ^ _353_/CLK (sky130_fd_sc_hd__dfrtp_2)
     7    0.018360    0.178307    0.825230    0.825230 ^ _353_/Q (sky130_fd_sc_hd__dfrtp_2)
                                                         counter[0] (net)
                      0.178307    0.000000    0.825230 ^ _176_/A (sky130_fd_sc_hd__inv_2)
     4    0.010040    0.067133    0.121267    0.946497 v _176_/Y (sky130_fd_sc_hd__inv_2)
                                                         _145_ (net)
                      0.067133    0.000000    0.946497 v _255_/A (sky130_fd_sc_hd__and2_2)
     1    0.001838    0.062590    0.336085    1.282582 v _255_/X (sky130_fd_sc_hd__and2_2)
                                                         _000_ (net)
                      0.062590    0.000000    1.282582 v _353_/D (sky130_fd_sc_hd__dfrtp_2)
                                              1.282582   data arrival time

                      0.150000    0.000000    0.000000   clock clk (rise edge)
                                  0.000000    0.000000   clock network delay (ideal)
                                  0.250000    0.250000   clock uncertainty
                                  0.000000    0.250000   clock reconvergence pessimism
                                              0.250000 ^ _353_/CLK (sky130_fd_sc_hd__dfrtp_2)
                                 -0.067546    0.182454   library hold time
                                              0.182454   data required time
---------------------------------------------------------------------------------------------
                                              0.182454   data required time
                                             -1.282582   data arrival time
---------------------------------------------------------------------------------------------
                                              1.100127   slack (MET)


Startpoint: _359_ (rising edge-triggered flip-flop clocked by clk)
Endpoint: _359_ (rising edge-triggered flip-flop clocked by clk)
Path Group: clk
Path Type: min

Fanout         Cap        Slew       Delay        Time   Description
---------------------------------------------------------------------------------------------
                      0.150000    0.000000    0.000000   clock clk (rise edge)
                                  0.000000    0.000000   clock network delay (ideal)
                      0.150000    0.000000    0.000000 ^ _359_/CLK (sky130_fd_sc_hd__dfrtp_2)
     6    0.011796    0.134303    0.780280    0.780280 ^ _359_/Q (sky130_fd_sc_hd__dfrtp_2)
                                                         counter[6] (net)
                      0.134303    0.000000    0.780280 ^ _271_/A (sky130_fd_sc_hd__or2_2)
     1    0.001471    0.040372    0.193769    0.974049 ^ _271_/X (sky130_fd_sc_hd__or2_2)
                                                         _091_ (net)
                      0.040372    0.000000    0.974049 ^ _272_/B (sky130_fd_sc_hd__and3b_2)
     1    0.001853    0.073917    0.324485    1.298534 ^ _272_/X (sky130_fd_sc_hd__and3b_2)
                                                         _012_ (net)
                      0.073917    0.000000    1.298534 ^ _359_/D (sky130_fd_sc_hd__dfrtp_2)
                                              1.298534   data arrival time

                      0.150000    0.000000    0.000000   clock clk (rise edge)
                                  0.000000    0.000000   clock network delay (ideal)
                                  0.250000    0.250000   clock uncertainty
                                  0.000000    0.250000   clock reconvergence pessimism
                                              0.250000 ^ _359_/CLK (sky130_fd_sc_hd__dfrtp_2)
                                 -0.064661    0.185339   library hold time
                                              0.185339   data required time
---------------------------------------------------------------------------------------------
                                              0.185339   data required time
                                             -1.298534   data arrival time
---------------------------------------------------------------------------------------------
                                              1.113196   slack (MET)


Startpoint: _358_ (rising edge-triggered flip-flop clocked by clk)
Endpoint: _358_ (rising edge-triggered flip-flop clocked by clk)
Path Group: clk
Path Type: min

Fanout         Cap        Slew       Delay        Time   Description
---------------------------------------------------------------------------------------------
                      0.150000    0.000000    0.000000   clock clk (rise edge)
                                  0.000000    0.000000   clock network delay (ideal)
                      0.150000    0.000000    0.000000 ^ _358_/CLK (sky130_fd_sc_hd__dfrtp_2)
     7    0.015391    0.158403    0.804898    0.804898 ^ _358_/Q (sky130_fd_sc_hd__dfrtp_2)
                                                         counter[5] (net)
                      0.158403    0.000000    0.804898 ^ _268_/B1 (sky130_fd_sc_hd__a21o_2)
     1    0.001471    0.037852    0.175146    0.980044 ^ _268_/X (sky130_fd_sc_hd__a21o_2)
                                                         _089_ (net)
                      0.037852    0.000000    0.980044 ^ _269_/B (sky130_fd_sc_hd__and3b_2)
     1    0.001853    0.073917    0.323511    1.303555 ^ _269_/X (sky130_fd_sc_hd__and3b_2)
                                                         _011_ (net)
                      0.073917    0.000000    1.303555 ^ _358_/D (sky130_fd_sc_hd__dfrtp_2)
                                              1.303555   data arrival time

                      0.150000    0.000000    0.000000   clock clk (rise edge)
                                  0.000000    0.000000   clock network delay (ideal)
                                  0.250000    0.250000   clock uncertainty
                                  0.000000    0.250000   clock reconvergence pessimism
                                              0.250000 ^ _358_/CLK (sky130_fd_sc_hd__dfrtp_2)
                                 -0.064661    0.185339   library hold time
                                              0.185339   data required time
---------------------------------------------------------------------------------------------
                                              0.185339   data required time
                                             -1.303555   data arrival time
---------------------------------------------------------------------------------------------
                                              1.118216   slack (MET)


Startpoint: _361_ (rising edge-triggered flip-flop clocked by clk)
Endpoint: _361_ (rising edge-triggered flip-flop clocked by clk)
Path Group: clk
Path Type: min

Fanout         Cap        Slew       Delay        Time   Description
---------------------------------------------------------------------------------------------
                      0.150000    0.000000    0.000000   clock clk (rise edge)
                                  0.000000    0.000000   clock network delay (ideal)
                      0.150000    0.000000    0.000000 ^ _361_/CLK (sky130_fd_sc_hd__dfrtp_2)
     5    0.012441    0.138627    0.784697    0.784697 ^ _361_/Q (sky130_fd_sc_hd__dfrtp_2)
                                                         counter[8] (net)
                      0.138627    0.000000    0.784697 ^ _277_/A (sky130_fd_sc_hd__or2_2)
     1    0.001471    0.040357    0.195797    0.980494 ^ _277_/X (sky130_fd_sc_hd__or2_2)
                                                         _095_ (net)
                      0.040357    0.000000    0.980494 ^ _278_/B (sky130_fd_sc_hd__and3b_2)
     1    0.001853    0.073917    0.324480    1.304974 ^ _278_/X (sky130_fd_sc_hd__and3b_2)
                                                         _014_ (net)
                      0.073917    0.000000    1.304974 ^ _361_/D (sky130_fd_sc_hd__dfrtp_2)
                                              1.304974   data arrival time

                      0.150000    0.000000    0.000000   clock clk (rise edge)
                                  0.000000    0.000000   clock network delay (ideal)
                                  0.250000    0.250000   clock uncertainty
                                  0.000000    0.250000   clock reconvergence pessimism
                                              0.250000 ^ _361_/CLK (sky130_fd_sc_hd__dfrtp_2)
                                 -0.064661    0.185339   library hold time
                                              0.185339   data required time
---------------------------------------------------------------------------------------------
                                              0.185339   data required time
                                             -1.304974   data arrival time
---------------------------------------------------------------------------------------------
                                              1.119635   slack (MET)


Startpoint: _368_ (rising edge-triggered flip-flop clocked by clk)
Endpoint: _368_ (rising edge-triggered flip-flop clocked by clk)
Path Group: clk
Path Type: min

Fanout         Cap        Slew       Delay        Time   Description
---------------------------------------------------------------------------------------------
                      0.150000    0.000000    0.000000   clock clk (rise edge)
                                  0.000000    0.000000   clock network delay (ideal)
                      0.150000    0.000000    0.000000 ^ _368_/CLK (sky130_fd_sc_hd__dfrtp_2)
     5    0.019849    0.188480    0.833446    0.833446 ^ _368_/Q (sky130_fd_sc_hd__dfrtp_2)
                                                         counter[15] (net)
                      0.188480    0.000000    0.833446 ^ _297_/A (sky130_fd_sc_hd__nand2_2)
     1    0.001424    0.038848    0.105556    0.939002 v _297_/Y (sky130_fd_sc_hd__nand2_2)
                                                         _108_ (net)
                      0.038848    0.000000    0.939002 v _299_/B (sky130_fd_sc_hd__and3_2)
     1    0.001838    0.062159    0.373655    1.312658 v _299_/X (sky130_fd_sc_hd__and3_2)
                                                         _006_ (net)
                      0.062159    0.000000    1.312658 v _368_/D (sky130_fd_sc_hd__dfrtp_2)
                                              1.312658   data arrival time

                      0.150000    0.000000    0.000000   clock clk (rise edge)
                                  0.000000    0.000000   clock network delay (ideal)
                                  0.250000    0.250000   clock uncertainty
                                  0.000000    0.250000   clock reconvergence pessimism
                                              0.250000 ^ _368_/CLK (sky130_fd_sc_hd__dfrtp_2)
                                 -0.067388    0.182612   library hold time
                                              0.182612   data required time
---------------------------------------------------------------------------------------------
                                              0.182612   data required time
                                             -1.312658   data arrival time
---------------------------------------------------------------------------------------------
                                              1.130045   slack (MET)


Startpoint: _366_ (rising edge-triggered flip-flop clocked by clk)
Endpoint: _366_ (rising edge-triggered flip-flop clocked by clk)
Path Group: clk
Path Type: min

Fanout         Cap        Slew       Delay        Time   Description
---------------------------------------------------------------------------------------------
                      0.150000    0.000000    0.000000   clock clk (rise edge)
                                  0.000000    0.000000   clock network delay (ideal)
                      0.150000    0.000000    0.000000 ^ _366_/CLK (sky130_fd_sc_hd__dfrtp_2)
     5    0.013553    0.146082    0.792312    0.792312 ^ _366_/Q (sky130_fd_sc_hd__dfrtp_2)
                                                         counter[13] (net)
                      0.146082    0.000000    0.792312 ^ _292_/A (sky130_fd_sc_hd__or2_2)
     1    0.001471    0.040357    0.199294    0.991606 ^ _292_/X (sky130_fd_sc_hd__or2_2)
                                                         _105_ (net)
                      0.040357    0.000000    0.991606 ^ _293_/B (sky130_fd_sc_hd__and3b_2)
     1    0.001853    0.073917    0.324480    1.316086 ^ _293_/X (sky130_fd_sc_hd__and3b_2)
                                                         _004_ (net)
                      0.073917    0.000000    1.316086 ^ _366_/D (sky130_fd_sc_hd__dfrtp_2)
                                              1.316086   data arrival time

                      0.150000    0.000000    0.000000   clock clk (rise edge)
                                  0.000000    0.000000   clock network delay (ideal)
                                  0.250000    0.250000   clock uncertainty
                                  0.000000    0.250000   clock reconvergence pessimism
                                              0.250000 ^ _366_/CLK (sky130_fd_sc_hd__dfrtp_2)
                                 -0.064661    0.185339   library hold time
                                              0.185339   data required time
---------------------------------------------------------------------------------------------
                                              0.185339   data required time
                                             -1.316086   data arrival time
---------------------------------------------------------------------------------------------
                                              1.130747   slack (MET)


Startpoint: _360_ (rising edge-triggered flip-flop clocked by clk)
Endpoint: _360_ (rising edge-triggered flip-flop clocked by clk)
Path Group: clk
Path Type: min

Fanout         Cap        Slew       Delay        Time   Description
---------------------------------------------------------------------------------------------
                      0.150000    0.000000    0.000000   clock clk (rise edge)
                                  0.000000    0.000000   clock network delay (ideal)
                      0.150000    0.000000    0.000000 ^ _360_/CLK (sky130_fd_sc_hd__dfrtp_2)
     6    0.013857    0.148120    0.794393    0.794393 ^ _360_/Q (sky130_fd_sc_hd__dfrtp_2)
                                                         counter[7] (net)
                      0.148120    0.000000    0.794393 ^ _274_/A (sky130_fd_sc_hd__or2_2)
     1    0.001471    0.040529    0.200250    0.994644 ^ _274_/X (sky130_fd_sc_hd__or2_2)
                                                         _093_ (net)
                      0.040529    0.000000    0.994644 ^ _275_/B (sky130_fd_sc_hd__and3b_2)
     1    0.001853    0.073917    0.324546    1.319190 ^ _275_/X (sky130_fd_sc_hd__and3b_2)
                                                         _013_ (net)
                      0.073917    0.000000    1.319190 ^ _360_/D (sky130_fd_sc_hd__dfrtp_2)
                                              1.319190   data arrival time

                      0.150000    0.000000    0.000000   clock clk (rise edge)
                                  0.000000    0.000000   clock network delay (ideal)
                                  0.250000    0.250000   clock uncertainty
                                  0.000000    0.250000   clock reconvergence pessimism
                                              0.250000 ^ _360_/CLK (sky130_fd_sc_hd__dfrtp_2)
                                 -0.064661    0.185339   library hold time
                                              0.185339   data required time
---------------------------------------------------------------------------------------------
                                              0.185339   data required time
                                             -1.319190   data arrival time
---------------------------------------------------------------------------------------------
                                              1.133851   slack (MET)


Startpoint: _357_ (rising edge-triggered flip-flop clocked by clk)
Endpoint: _357_ (rising edge-triggered flip-flop clocked by clk)
Path Group: clk
Path Type: min

Fanout         Cap        Slew       Delay        Time   Description
---------------------------------------------------------------------------------------------
                      0.150000    0.000000    0.000000   clock clk (rise edge)
                                  0.000000    0.000000   clock network delay (ideal)
                      0.150000    0.000000    0.000000 ^ _357_/CLK (sky130_fd_sc_hd__dfrtp_2)
     9    0.021286    0.198321    0.841148    0.841148 ^ _357_/Q (sky130_fd_sc_hd__dfrtp_2)
                                                         counter[4] (net)
                      0.198321    0.000000    0.841148 ^ _264_/A (sky130_fd_sc_hd__nand2_2)
     1    0.001424    0.045763    0.108635    0.949783 v _264_/Y (sky130_fd_sc_hd__nand2_2)
                                                         _086_ (net)
                      0.045763    0.000000    0.949783 v _266_/B (sky130_fd_sc_hd__and3_2)
     1    0.001838    0.062159    0.376958    1.326741 v _266_/X (sky130_fd_sc_hd__and3_2)
                                                         _010_ (net)
                      0.062159    0.000000    1.326741 v _357_/D (sky130_fd_sc_hd__dfrtp_2)
                                              1.326741   data arrival time

                      0.150000    0.000000    0.000000   clock clk (rise edge)
                                  0.000000    0.000000   clock network delay (ideal)
                                  0.250000    0.250000   clock uncertainty
                                  0.000000    0.250000   clock reconvergence pessimism
                                              0.250000 ^ _357_/CLK (sky130_fd_sc_hd__dfrtp_2)
                                 -0.067388    0.182612   library hold time
                                              0.182612   data required time
---------------------------------------------------------------------------------------------
                                              0.182612   data required time
                                             -1.326741   data arrival time
---------------------------------------------------------------------------------------------
                                              1.144128   slack (MET)


Startpoint: _356_ (rising edge-triggered flip-flop clocked by clk)
Endpoint: _356_ (rising edge-triggered flip-flop clocked by clk)
Path Group: clk
Path Type: min

Fanout         Cap        Slew       Delay        Time   Description
---------------------------------------------------------------------------------------------
                      0.150000    0.000000    0.000000   clock clk (rise edge)
                                  0.000000    0.000000   clock network delay (ideal)
                      0.150000    0.000000    0.000000 ^ _356_/CLK (sky130_fd_sc_hd__dfrtp_2)
     6    0.014915    0.155212    0.801639    0.801639 ^ _356_/Q (sky130_fd_sc_hd__dfrtp_2)
                                                         counter[3] (net)
                      0.155212    0.000000    0.801639 ^ _262_/A (sky130_fd_sc_hd__or2_2)
     1    0.001471    0.040372    0.203578    1.005216 ^ _262_/X (sky130_fd_sc_hd__or2_2)
                                                         _085_ (net)
                      0.040372    0.000000    1.005216 ^ _263_/B (sky130_fd_sc_hd__and3b_2)
     1    0.001853    0.073917    0.324485    1.329702 ^ _263_/X (sky130_fd_sc_hd__and3b_2)
                                                         _009_ (net)
                      0.073917    0.000000    1.329702 ^ _356_/D (sky130_fd_sc_hd__dfrtp_2)
                                              1.329702   data arrival time

                      0.150000    0.000000    0.000000   clock clk (rise edge)
                                  0.000000    0.000000   clock network delay (ideal)
                                  0.250000    0.250000   clock uncertainty
                                  0.000000    0.250000   clock reconvergence pessimism
                                              0.250000 ^ _356_/CLK (sky130_fd_sc_hd__dfrtp_2)
                                 -0.064661    0.185339   library hold time
                                              0.185339   data required time
---------------------------------------------------------------------------------------------
                                              0.185339   data required time
                                             -1.329702   data arrival time
---------------------------------------------------------------------------------------------
                                              1.144363   slack (MET)


Startpoint: _362_ (rising edge-triggered flip-flop clocked by clk)
Endpoint: _352_ (rising edge-triggered flip-flop clocked by clk)
Path Group: clk
Path Type: min

Fanout         Cap        Slew       Delay        Time   Description
---------------------------------------------------------------------------------------------
                      0.150000    0.000000    0.000000   clock clk (rise edge)
                                  0.000000    0.000000   clock network delay (ideal)
                      0.150000    0.000000    0.000000 ^ _362_/CLK (sky130_fd_sc_hd__dfrtp_2)
     7    0.016437    0.165416    0.812061    0.812061 ^ _362_/Q (sky130_fd_sc_hd__dfrtp_2)
                                                         counter[9] (net)
                      0.165416    0.000000    0.812061 ^ _307_/A1 (sky130_fd_sc_hd__a221oi_2)
     2    0.006680    0.066070    0.176703    0.988764 v _307_/Y (sky130_fd_sc_hd__a221oi_2)
                                                         _117_ (net)
                      0.066070    0.000000    0.988764 v _334_/C (sky130_fd_sc_hd__nand4b_2)
     1    0.002476    0.070779    0.124251    1.113015 ^ _334_/Y (sky130_fd_sc_hd__nand4b_2)
                                                         _144_ (net)
                      0.070779    0.000000    1.113015 ^ _335_/B2 (sky130_fd_sc_hd__o22a_2)
     1    0.001853    0.050570    0.223347    1.336362 ^ _335_/X (sky130_fd_sc_hd__o22a_2)
                                                         _016_ (net)
                      0.050570    0.000000    1.336362 ^ _352_/D (sky130_fd_sc_hd__dfrtp_2)
                                              1.336362   data arrival time

                      0.150000    0.000000    0.000000   clock clk (rise edge)
                                  0.000000    0.000000   clock network delay (ideal)
                                  0.250000    0.250000   clock uncertainty
                                  0.000000    0.250000   clock reconvergence pessimism
                                              0.250000 ^ _352_/CLK (sky130_fd_sc_hd__dfrtp_2)
                                 -0.059357    0.190643   library hold time
                                              0.190643   data required time
---------------------------------------------------------------------------------------------
                                              0.190643   data required time
                                             -1.336362   data arrival time
---------------------------------------------------------------------------------------------
                                              1.145718   slack (MET)


Startpoint: _364_ (rising edge-triggered flip-flop clocked by clk)
Endpoint: _364_ (rising edge-triggered flip-flop clocked by clk)
Path Group: clk
Path Type: min

Fanout         Cap        Slew       Delay        Time   Description
---------------------------------------------------------------------------------------------
                      0.150000    0.000000    0.000000   clock clk (rise edge)
                                  0.000000    0.000000   clock network delay (ideal)
                      0.150000    0.000000    0.000000 ^ _364_/CLK (sky130_fd_sc_hd__dfrtp_2)
     7    0.017329    0.171395    0.818169    0.818169 ^ _364_/Q (sky130_fd_sc_hd__dfrtp_2)
                                                         counter[11] (net)
                      0.171395    0.000000    0.818169 ^ _286_/B1 (sky130_fd_sc_hd__a31o_2)
     1    0.001471    0.045753    0.197215    1.015385 ^ _286_/X (sky130_fd_sc_hd__a31o_2)
                                                         _101_ (net)
                      0.045753    0.000000    1.015385 ^ _287_/B (sky130_fd_sc_hd__and3b_2)
     1    0.001853    0.073917    0.326567    1.341951 ^ _287_/X (sky130_fd_sc_hd__and3b_2)
                                                         _002_ (net)
                      0.073917    0.000000    1.341951 ^ _364_/D (sky130_fd_sc_hd__dfrtp_2)
                                              1.341951   data arrival time

                      0.150000    0.000000    0.000000   clock clk (rise edge)
                                  0.000000    0.000000   clock network delay (ideal)
                                  0.250000    0.250000   clock uncertainty
                                  0.000000    0.250000   clock reconvergence pessimism
                                              0.250000 ^ _364_/CLK (sky130_fd_sc_hd__dfrtp_2)
                                 -0.064661    0.185339   library hold time
                                              0.185339   data required time
---------------------------------------------------------------------------------------------
                                              0.185339   data required time
                                             -1.341951   data arrival time
---------------------------------------------------------------------------------------------
                                              1.156613   slack (MET)


Startpoint: _362_ (rising edge-triggered flip-flop clocked by clk)
Endpoint: _362_ (rising edge-triggered flip-flop clocked by clk)
Path Group: clk
Path Type: min

Fanout         Cap        Slew       Delay        Time   Description
---------------------------------------------------------------------------------------------
                      0.150000    0.000000    0.000000   clock clk (rise edge)
                                  0.000000    0.000000   clock network delay (ideal)
                      0.150000    0.000000    0.000000 ^ _362_/CLK (sky130_fd_sc_hd__dfrtp_2)
     7    0.016437    0.165416    0.812061    0.812061 ^ _362_/Q (sky130_fd_sc_hd__dfrtp_2)
                                                         counter[9] (net)
                      0.165416    0.000000    0.812061 ^ _280_/A (sky130_fd_sc_hd__or2_2)
     1    0.001471    0.040529    0.208364    1.020425 ^ _280_/X (sky130_fd_sc_hd__or2_2)
                                                         _097_ (net)
                      0.040529    0.000000    1.020425 ^ _281_/B (sky130_fd_sc_hd__and3b_2)
     1    0.001853    0.073917    0.324546    1.344971 ^ _281_/X (sky130_fd_sc_hd__and3b_2)
                                                         _015_ (net)
                      0.073917    0.000000    1.344971 ^ _362_/D (sky130_fd_sc_hd__dfrtp_2)
                                              1.344971   data arrival time

                      0.150000    0.000000    0.000000   clock clk (rise edge)
                                  0.000000    0.000000   clock network delay (ideal)
                                  0.250000    0.250000   clock uncertainty
                                  0.000000    0.250000   clock reconvergence pessimism
                                              0.250000 ^ _362_/CLK (sky130_fd_sc_hd__dfrtp_2)
                                 -0.064661    0.185339   library hold time
                                              0.185339   data required time
---------------------------------------------------------------------------------------------
                                              0.185339   data required time
                                             -1.344971   data arrival time
---------------------------------------------------------------------------------------------
                                              1.159633   slack (MET)


Startpoint: _363_ (rising edge-triggered flip-flop clocked by clk)
Endpoint: _363_ (rising edge-triggered flip-flop clocked by clk)
Path Group: clk
Path Type: min

Fanout         Cap        Slew       Delay        Time   Description
---------------------------------------------------------------------------------------------
                      0.150000    0.000000    0.000000   clock clk (rise edge)
                                  0.000000    0.000000   clock network delay (ideal)
                      0.150000    0.000000    0.000000 ^ _363_/CLK (sky130_fd_sc_hd__dfrtp_2)
     9    0.024952    0.223425    0.860795    0.860795 ^ _363_/Q (sky130_fd_sc_hd__dfrtp_2)
                                                         counter[10] (net)
                      0.223425    0.000000    0.860795 ^ _282_/A (sky130_fd_sc_hd__nand2_2)
     1    0.001424    0.039819    0.116490    0.977286 v _282_/Y (sky130_fd_sc_hd__nand2_2)
                                                         _098_ (net)
                      0.039819    0.000000    0.977286 v _284_/B (sky130_fd_sc_hd__and3_2)
     1    0.001838    0.062159    0.374119    1.351405 v _284_/X (sky130_fd_sc_hd__and3_2)
                                                         _001_ (net)
                      0.062159    0.000000    1.351405 v _363_/D (sky130_fd_sc_hd__dfrtp_2)
                                              1.351405   data arrival time

                      0.150000    0.000000    0.000000   clock clk (rise edge)
                                  0.000000    0.000000   clock network delay (ideal)
                                  0.250000    0.250000   clock uncertainty
                                  0.000000    0.250000   clock reconvergence pessimism
                                              0.250000 ^ _363_/CLK (sky130_fd_sc_hd__dfrtp_2)
                                 -0.067388    0.182612   library hold time
                                              0.182612   data required time
---------------------------------------------------------------------------------------------
                                              0.182612   data required time
                                             -1.351405   data arrival time
---------------------------------------------------------------------------------------------
                                              1.168792   slack (MET)


Startpoint: _365_ (rising edge-triggered flip-flop clocked by clk)
Endpoint: _365_ (rising edge-triggered flip-flop clocked by clk)
Path Group: clk
Path Type: min

Fanout         Cap        Slew       Delay        Time   Description
---------------------------------------------------------------------------------------------
                      0.150000    0.000000    0.000000   clock clk (rise edge)
                                  0.000000    0.000000   clock network delay (ideal)
                      0.150000    0.000000    0.000000 ^ _365_/CLK (sky130_fd_sc_hd__dfrtp_2)
     7    0.019581    0.186645    0.832010    0.832010 ^ _365_/Q (sky130_fd_sc_hd__dfrtp_2)
                                                         counter[12] (net)
                      0.186645    0.000000    0.832010 ^ _289_/A (sky130_fd_sc_hd__or2_2)
     1    0.001471    0.040494    0.218323    1.050333 ^ _289_/X (sky130_fd_sc_hd__or2_2)
                                                         _103_ (net)
                      0.040494    0.000000    1.050333 ^ _290_/B (sky130_fd_sc_hd__and3b_2)
     1    0.001853    0.073917    0.324533    1.374866 ^ _290_/X (sky130_fd_sc_hd__and3b_2)
                                                         _003_ (net)
                      0.073917    0.000000    1.374866 ^ _365_/D (sky130_fd_sc_hd__dfrtp_2)
                                              1.374866   data arrival time

                      0.150000    0.000000    0.000000   clock clk (rise edge)
                                  0.000000    0.000000   clock network delay (ideal)
                                  0.250000    0.250000   clock uncertainty
                                  0.000000    0.250000   clock reconvergence pessimism
                                              0.250000 ^ _365_/CLK (sky130_fd_sc_hd__dfrtp_2)
                                 -0.064661    0.185339   library hold time
                                              0.185339   data required time
---------------------------------------------------------------------------------------------
                                              0.185339   data required time
                                             -1.374866   data arrival time
---------------------------------------------------------------------------------------------
                                              1.189527   slack (MET)


Startpoint: _367_ (rising edge-triggered flip-flop clocked by clk)
Endpoint: _367_ (rising edge-triggered flip-flop clocked by clk)
Path Group: clk
Path Type: min

Fanout         Cap        Slew       Delay        Time   Description
---------------------------------------------------------------------------------------------
                      0.150000    0.000000    0.000000   clock clk (rise edge)
                                  0.000000    0.000000   clock network delay (ideal)
                      0.150000    0.000000    0.000000 ^ _367_/CLK (sky130_fd_sc_hd__dfrtp_2)
     6    0.026246    0.232286    0.867731    0.867731 ^ _367_/Q (sky130_fd_sc_hd__dfrtp_2)
                                                         counter[14] (net)
                      0.232286    0.000000    0.867731 ^ _295_/A (sky130_fd_sc_hd__or2_2)
     1    0.001471    0.040433    0.238911    1.106641 ^ _295_/X (sky130_fd_sc_hd__or2_2)
                                                         _107_ (net)
                      0.040433    0.000000    1.106641 ^ _296_/B (sky130_fd_sc_hd__and3b_2)
     1    0.001853    0.073917    0.324509    1.431150 ^ _296_/X (sky130_fd_sc_hd__and3b_2)
                                                         _005_ (net)
                      0.073917    0.000000    1.431150 ^ _367_/D (sky130_fd_sc_hd__dfrtp_2)
                                              1.431150   data arrival time

                      0.150000    0.000000    0.000000   clock clk (rise edge)
                                  0.000000    0.000000   clock network delay (ideal)
                                  0.250000    0.250000   clock uncertainty
                                  0.000000    0.250000   clock reconvergence pessimism
                                              0.250000 ^ _367_/CLK (sky130_fd_sc_hd__dfrtp_2)
                                 -0.064661    0.185339   library hold time
                                              0.185339   data required time
---------------------------------------------------------------------------------------------
                                              0.185339   data required time
                                             -1.431150   data arrival time
---------------------------------------------------------------------------------------------
                                              1.245811   slack (MET)


Startpoint: _352_ (rising edge-triggered flip-flop clocked by clk)
Endpoint: out (output port clocked by clk)
Path Group: clk
Path Type: min

Fanout         Cap        Slew       Delay        Time   Description
---------------------------------------------------------------------------------------------
                      0.150000    0.000000    0.000000   clock clk (rise edge)
                                  0.000000    0.000000   clock network delay (ideal)
                      0.150000    0.000000    0.000000 ^ _352_/CLK (sky130_fd_sc_hd__dfrtp_2)
     1    0.033442    0.281562    0.906297    0.906297 ^ _352_/Q (sky130_fd_sc_hd__dfrtp_2)
                                                         out (net)
                      0.281562    0.000000    0.906297 ^ out (out)
                                              0.906297   data arrival time

                      0.150000    0.000000    0.000000   clock clk (rise edge)
                                  0.000000    0.000000   clock network delay (ideal)
                                  0.250000    0.250000   clock uncertainty
                                  0.000000    0.250000   clock reconvergence pessimism
                                 -1.000000   -0.750000   output external delay
                                             -0.750000   data required time
---------------------------------------------------------------------------------------------
                                             -0.750000   data required time
                                             -0.906297   data arrival time
---------------------------------------------------------------------------------------------
                                              1.656297   slack (MET)



