Clock: clk
Sources: clk 
Generated: no
Virtual: yes
Propagated: no
Period: 5.000000

===========================================================================
report_clock_properties
============================================================================
Clock                   Period          Waveform
----------------------------------------------------
clk                   5.000000    0.000000  2.500000

===========================================================================
report_clock_latency
============================================================================
Clock clk
rise -> rise
    min     max
0.000000 0.000000 source latency
0.585467         network latency _480_/CLK
        0.591544 network latency _494_/CLK
---------------
0.585467 0.591544 latency
        0.006077 skew

fall -> fall
    min     max
0.000000 0.000000 source latency
0.578416         network latency _480_/CLK
        0.583555 network latency _494_/CLK
---------------
0.578416 0.583555 latency
        0.005140 skew



===========================================================================
report_clock_min_period
============================================================================
clk period_min = 6.09 fmax = 164.32
