Clock: clk
Sources: clk 
Generated: no
Virtual: yes
Propagated: no
Period: 5.000000

===========================================================================
report_clock_properties
============================================================================
Clock                   Period          Waveform
----------------------------------------------------
clk                   5.000000    0.000000  2.500000

===========================================================================
report_clock_latency
============================================================================
Clock clk
rise -> rise
    min     max
0.000000 0.000000 source latency
0.190536         network latency _113_/CLK
        0.192084 network latency _117_/CLK
---------------
0.190536 0.192084 latency
        0.001549 skew

fall -> fall
    min     max
0.000000 0.000000 source latency
0.191635         network latency _113_/CLK
        0.193034 network latency _117_/CLK
---------------
0.191635 0.193034 latency
        0.001399 skew



===========================================================================
report_clock_min_period
============================================================================
clk period_min = 1.20 fmax = 832.55
