Clock: clk
Sources: clk 
Generated: no
Virtual: no
Propagated: no
Period: 5.000000

===========================================================================
report_clock_properties
============================================================================
Clock                   Period          Waveform
----------------------------------------------------
clk                   5.000000    0.000000  2.500000

===========================================================================
report_clock_latency
============================================================================
Clock clk
rise -> rise
    min     max
0.000000 0.000000 source latency
0.043054         network latency _146_/CLK
        0.043054 network latency _146_/CLK
---------------
0.043054 0.043054 latency
        0.000000 skew

fall -> fall
    min     max
0.000000 0.000000 source latency
0.016817         network latency _146_/CLK
        0.016817 network latency _146_/CLK
---------------
0.016817 0.016817 latency
        0.000000 skew



===========================================================================
report_clock_min_period
============================================================================
clk period_min = 1.30 fmax = 771.23
