
===========================================================================
report_checks -path_delay max (Setup)
============================================================================
======================= nom_ff_n40C_1v95 Corner ===================================

Startpoint: psc[3] (input port clocked by clk)
Endpoint: _148_ (rising edge-triggered flip-flop clocked by clk)
Path Group: clk
Path Type: max

Fanout         Cap        Slew       Delay        Time   Description
---------------------------------------------------------------------------------------------
                      0.150000    0.000000    0.000000   clock clk (rise edge)
                                  0.000000    0.000000   clock network delay (ideal)
                                  1.000000    1.000000 v input external delay
     2    0.005700    0.009427    0.005013    1.005013 v psc[3] (in)
                                                         psc[3] (net)
                      0.009427    0.000000    1.005013 v _084_/A (sky130_fd_sc_hd__or4_2)
     3    0.013473    0.094687    0.408269    1.413282 v _084_/X (sky130_fd_sc_hd__or4_2)
                                                         _028_ (net)
                      0.094687    0.000000    1.413282 v _085_/C (sky130_fd_sc_hd__or3_2)
     3    0.009869    0.068281    0.270014    1.683296 v _085_/X (sky130_fd_sc_hd__or3_2)
                                                         _029_ (net)
                      0.068281    0.000000    1.683296 v _086_/B (sky130_fd_sc_hd__nor2_2)
     2    0.010116    0.099285    0.099827    1.783123 ^ _086_/Y (sky130_fd_sc_hd__nor2_2)
                                                         _030_ (net)
                      0.099285    0.000000    1.783123 ^ _104_/A_N (sky130_fd_sc_hd__and2b_2)
     2    0.004554    0.030577    0.139875    1.922998 v _104_/X (sky130_fd_sc_hd__and2b_2)
                                                         _048_ (net)
                      0.030577    0.000000    1.922998 v _105_/B1 (sky130_fd_sc_hd__o221a_2)
     1    0.004192    0.035504    0.148658    2.071656 v _105_/X (sky130_fd_sc_hd__o221a_2)
                                                         _049_ (net)
                      0.035504    0.000000    2.071656 v _107_/B1 (sky130_fd_sc_hd__o22ai_2)
     8    0.012764    0.148410    0.122835    2.194492 ^ _107_/Y (sky130_fd_sc_hd__o22ai_2)
                                                         _051_ (net)
                      0.148410    0.000000    2.194492 ^ _110_/B (sky130_fd_sc_hd__and3_2)
     1    0.002087    0.026597    0.115735    2.310227 ^ _110_/X (sky130_fd_sc_hd__and3_2)
                                                         _001_ (net)
                      0.026597    0.000000    2.310227 ^ _148_/D (sky130_fd_sc_hd__dfrtp_2)
                                              2.310227   data arrival time

                      0.150000    5.000000    5.000000   clock clk (rise edge)
                                  0.000000    5.000000   clock network delay (ideal)
                                 -0.250000    4.750000   clock uncertainty
                                  0.000000    4.750000   clock reconvergence pessimism
                                              4.750000 ^ _148_/CLK (sky130_fd_sc_hd__dfrtp_2)
                                 -0.031490    4.718510   library setup time
                                              4.718510   data required time
---------------------------------------------------------------------------------------------
                                              4.718510   data required time
                                             -2.310227   data arrival time
---------------------------------------------------------------------------------------------
                                              2.408283   slack (MET)


Startpoint: psc[3] (input port clocked by clk)
Endpoint: _150_ (rising edge-triggered flip-flop clocked by clk)
Path Group: clk
Path Type: max

Fanout         Cap        Slew       Delay        Time   Description
---------------------------------------------------------------------------------------------
                      0.150000    0.000000    0.000000   clock clk (rise edge)
                                  0.000000    0.000000   clock network delay (ideal)
                                  1.000000    1.000000 v input external delay
     2    0.005700    0.009427    0.005013    1.005013 v psc[3] (in)
                                                         psc[3] (net)
                      0.009427    0.000000    1.005013 v _084_/A (sky130_fd_sc_hd__or4_2)
     3    0.013473    0.094687    0.408269    1.413282 v _084_/X (sky130_fd_sc_hd__or4_2)
                                                         _028_ (net)
                      0.094687    0.000000    1.413282 v _085_/C (sky130_fd_sc_hd__or3_2)
     3    0.009869    0.068281    0.270014    1.683296 v _085_/X (sky130_fd_sc_hd__or3_2)
                                                         _029_ (net)
                      0.068281    0.000000    1.683296 v _086_/B (sky130_fd_sc_hd__nor2_2)
     2    0.010116    0.099285    0.099827    1.783123 ^ _086_/Y (sky130_fd_sc_hd__nor2_2)
                                                         _030_ (net)
                      0.099285    0.000000    1.783123 ^ _104_/A_N (sky130_fd_sc_hd__and2b_2)
     2    0.004554    0.030577    0.139875    1.922998 v _104_/X (sky130_fd_sc_hd__and2b_2)
                                                         _048_ (net)
                      0.030577    0.000000    1.922998 v _105_/B1 (sky130_fd_sc_hd__o221a_2)
     1    0.004192    0.035504    0.148658    2.071656 v _105_/X (sky130_fd_sc_hd__o221a_2)
                                                         _049_ (net)
                      0.035504    0.000000    2.071656 v _107_/B1 (sky130_fd_sc_hd__o22ai_2)
     8    0.012764    0.148410    0.122835    2.194492 ^ _107_/Y (sky130_fd_sc_hd__o22ai_2)
                                                         _051_ (net)
                      0.148410    0.000000    2.194492 ^ _116_/A (sky130_fd_sc_hd__and3_2)
     1    0.002087    0.026875    0.114129    2.308621 ^ _116_/X (sky130_fd_sc_hd__and3_2)
                                                         _003_ (net)
                      0.026875    0.000000    2.308621 ^ _150_/D (sky130_fd_sc_hd__dfrtp_2)
                                              2.308621   data arrival time

                      0.150000    5.000000    5.000000   clock clk (rise edge)
                                  0.000000    5.000000   clock network delay (ideal)
                                 -0.250000    4.750000   clock uncertainty
                                  0.000000    4.750000   clock reconvergence pessimism
                                              4.750000 ^ _150_/CLK (sky130_fd_sc_hd__dfrtp_2)
                                 -0.031516    4.718483   library setup time
                                              4.718483   data required time
---------------------------------------------------------------------------------------------
                                              4.718483   data required time
                                             -2.308621   data arrival time
---------------------------------------------------------------------------------------------
                                              2.409862   slack (MET)


Startpoint: psc[3] (input port clocked by clk)
Endpoint: _151_ (rising edge-triggered flip-flop clocked by clk)
Path Group: clk
Path Type: max

Fanout         Cap        Slew       Delay        Time   Description
---------------------------------------------------------------------------------------------
                      0.150000    0.000000    0.000000   clock clk (rise edge)
                                  0.000000    0.000000   clock network delay (ideal)
                                  1.000000    1.000000 v input external delay
     2    0.005700    0.009427    0.005013    1.005013 v psc[3] (in)
                                                         psc[3] (net)
                      0.009427    0.000000    1.005013 v _084_/A (sky130_fd_sc_hd__or4_2)
     3    0.013473    0.094687    0.408269    1.413282 v _084_/X (sky130_fd_sc_hd__or4_2)
                                                         _028_ (net)
                      0.094687    0.000000    1.413282 v _085_/C (sky130_fd_sc_hd__or3_2)
     3    0.009869    0.068281    0.270014    1.683296 v _085_/X (sky130_fd_sc_hd__or3_2)
                                                         _029_ (net)
                      0.068281    0.000000    1.683296 v _086_/B (sky130_fd_sc_hd__nor2_2)
     2    0.010116    0.099285    0.099827    1.783123 ^ _086_/Y (sky130_fd_sc_hd__nor2_2)
                                                         _030_ (net)
                      0.099285    0.000000    1.783123 ^ _104_/A_N (sky130_fd_sc_hd__and2b_2)
     2    0.004554    0.030577    0.139875    1.922998 v _104_/X (sky130_fd_sc_hd__and2b_2)
                                                         _048_ (net)
                      0.030577    0.000000    1.922998 v _105_/B1 (sky130_fd_sc_hd__o221a_2)
     1    0.004192    0.035504    0.148658    2.071656 v _105_/X (sky130_fd_sc_hd__o221a_2)
                                                         _049_ (net)
                      0.035504    0.000000    2.071656 v _107_/B1 (sky130_fd_sc_hd__o22ai_2)
     8    0.012764    0.148410    0.122835    2.194492 ^ _107_/Y (sky130_fd_sc_hd__o22ai_2)
                                                         _051_ (net)
                      0.148410    0.000000    2.194492 ^ _119_/A (sky130_fd_sc_hd__and3_2)
     1    0.002087    0.026875    0.114129    2.308621 ^ _119_/X (sky130_fd_sc_hd__and3_2)
                                                         _004_ (net)
                      0.026875    0.000000    2.308621 ^ _151_/D (sky130_fd_sc_hd__dfrtp_2)
                                              2.308621   data arrival time

                      0.150000    5.000000    5.000000   clock clk (rise edge)
                                  0.000000    5.000000   clock network delay (ideal)
                                 -0.250000    4.750000   clock uncertainty
                                  0.000000    4.750000   clock reconvergence pessimism
                                              4.750000 ^ _151_/CLK (sky130_fd_sc_hd__dfrtp_2)
                                 -0.031516    4.718483   library setup time
                                              4.718483   data required time
---------------------------------------------------------------------------------------------
                                              4.718483   data required time
                                             -2.308621   data arrival time
---------------------------------------------------------------------------------------------
                                              2.409862   slack (MET)


Startpoint: psc[3] (input port clocked by clk)
Endpoint: _152_ (rising edge-triggered flip-flop clocked by clk)
Path Group: clk
Path Type: max

Fanout         Cap        Slew       Delay        Time   Description
---------------------------------------------------------------------------------------------
                      0.150000    0.000000    0.000000   clock clk (rise edge)
                                  0.000000    0.000000   clock network delay (ideal)
                                  1.000000    1.000000 v input external delay
     2    0.005700    0.009427    0.005013    1.005013 v psc[3] (in)
                                                         psc[3] (net)
                      0.009427    0.000000    1.005013 v _084_/A (sky130_fd_sc_hd__or4_2)
     3    0.013473    0.094687    0.408269    1.413282 v _084_/X (sky130_fd_sc_hd__or4_2)
                                                         _028_ (net)
                      0.094687    0.000000    1.413282 v _085_/C (sky130_fd_sc_hd__or3_2)
     3    0.009869    0.068281    0.270014    1.683296 v _085_/X (sky130_fd_sc_hd__or3_2)
                                                         _029_ (net)
                      0.068281    0.000000    1.683296 v _086_/B (sky130_fd_sc_hd__nor2_2)
     2    0.010116    0.099285    0.099827    1.783123 ^ _086_/Y (sky130_fd_sc_hd__nor2_2)
                                                         _030_ (net)
                      0.099285    0.000000    1.783123 ^ _104_/A_N (sky130_fd_sc_hd__and2b_2)
     2    0.004554    0.030577    0.139875    1.922998 v _104_/X (sky130_fd_sc_hd__and2b_2)
                                                         _048_ (net)
                      0.030577    0.000000    1.922998 v _105_/B1 (sky130_fd_sc_hd__o221a_2)
     1    0.004192    0.035504    0.148658    2.071656 v _105_/X (sky130_fd_sc_hd__o221a_2)
                                                         _049_ (net)
                      0.035504    0.000000    2.071656 v _107_/B1 (sky130_fd_sc_hd__o22ai_2)
     8    0.012764    0.148410    0.122835    2.194492 ^ _107_/Y (sky130_fd_sc_hd__o22ai_2)
                                                         _051_ (net)
                      0.148410    0.000000    2.194492 ^ _123_/A (sky130_fd_sc_hd__and3_2)
     1    0.002087    0.026875    0.114129    2.308621 ^ _123_/X (sky130_fd_sc_hd__and3_2)
                                                         _005_ (net)
                      0.026875    0.000000    2.308621 ^ _152_/D (sky130_fd_sc_hd__dfrtp_2)
                                              2.308621   data arrival time

                      0.150000    5.000000    5.000000   clock clk (rise edge)
                                  0.000000    5.000000   clock network delay (ideal)
                                 -0.250000    4.750000   clock uncertainty
                                  0.000000    4.750000   clock reconvergence pessimism
                                              4.750000 ^ _152_/CLK (sky130_fd_sc_hd__dfrtp_2)
                                 -0.031516    4.718483   library setup time
                                              4.718483   data required time
---------------------------------------------------------------------------------------------
                                              4.718483   data required time
                                             -2.308621   data arrival time
---------------------------------------------------------------------------------------------
                                              2.409862   slack (MET)


Startpoint: psc[3] (input port clocked by clk)
Endpoint: _153_ (rising edge-triggered flip-flop clocked by clk)
Path Group: clk
Path Type: max

Fanout         Cap        Slew       Delay        Time   Description
---------------------------------------------------------------------------------------------
                      0.150000    0.000000    0.000000   clock clk (rise edge)
                                  0.000000    0.000000   clock network delay (ideal)
                                  1.000000    1.000000 v input external delay
     2    0.005700    0.009427    0.005013    1.005013 v psc[3] (in)
                                                         psc[3] (net)
                      0.009427    0.000000    1.005013 v _084_/A (sky130_fd_sc_hd__or4_2)
     3    0.013473    0.094687    0.408269    1.413282 v _084_/X (sky130_fd_sc_hd__or4_2)
                                                         _028_ (net)
                      0.094687    0.000000    1.413282 v _085_/C (sky130_fd_sc_hd__or3_2)
     3    0.009869    0.068281    0.270014    1.683296 v _085_/X (sky130_fd_sc_hd__or3_2)
                                                         _029_ (net)
                      0.068281    0.000000    1.683296 v _086_/B (sky130_fd_sc_hd__nor2_2)
     2    0.010116    0.099285    0.099827    1.783123 ^ _086_/Y (sky130_fd_sc_hd__nor2_2)
                                                         _030_ (net)
                      0.099285    0.000000    1.783123 ^ _104_/A_N (sky130_fd_sc_hd__and2b_2)
     2    0.004554    0.030577    0.139875    1.922998 v _104_/X (sky130_fd_sc_hd__and2b_2)
                                                         _048_ (net)
                      0.030577    0.000000    1.922998 v _105_/B1 (sky130_fd_sc_hd__o221a_2)
     1    0.004192    0.035504    0.148658    2.071656 v _105_/X (sky130_fd_sc_hd__o221a_2)
                                                         _049_ (net)
                      0.035504    0.000000    2.071656 v _107_/B1 (sky130_fd_sc_hd__o22ai_2)
     8    0.012764    0.148410    0.122835    2.194492 ^ _107_/Y (sky130_fd_sc_hd__o22ai_2)
                                                         _051_ (net)
                      0.148410    0.000000    2.194492 ^ _126_/A (sky130_fd_sc_hd__and3_2)
     1    0.002087    0.026875    0.114129    2.308621 ^ _126_/X (sky130_fd_sc_hd__and3_2)
                                                         _006_ (net)
                      0.026875    0.000000    2.308621 ^ _153_/D (sky130_fd_sc_hd__dfrtp_2)
                                              2.308621   data arrival time

                      0.150000    5.000000    5.000000   clock clk (rise edge)
                                  0.000000    5.000000   clock network delay (ideal)
                                 -0.250000    4.750000   clock uncertainty
                                  0.000000    4.750000   clock reconvergence pessimism
                                              4.750000 ^ _153_/CLK (sky130_fd_sc_hd__dfrtp_2)
                                 -0.031516    4.718483   library setup time
                                              4.718483   data required time
---------------------------------------------------------------------------------------------
                                              4.718483   data required time
                                             -2.308621   data arrival time
---------------------------------------------------------------------------------------------
                                              2.409862   slack (MET)


Startpoint: psc[3] (input port clocked by clk)
Endpoint: _149_ (rising edge-triggered flip-flop clocked by clk)
Path Group: clk
Path Type: max

Fanout         Cap        Slew       Delay        Time   Description
---------------------------------------------------------------------------------------------
                      0.150000    0.000000    0.000000   clock clk (rise edge)
                                  0.000000    0.000000   clock network delay (ideal)
                                  1.000000    1.000000 v input external delay
     2    0.005700    0.009427    0.005013    1.005013 v psc[3] (in)
                                                         psc[3] (net)
                      0.009427    0.000000    1.005013 v _084_/A (sky130_fd_sc_hd__or4_2)
     3    0.013473    0.094687    0.408269    1.413282 v _084_/X (sky130_fd_sc_hd__or4_2)
                                                         _028_ (net)
                      0.094687    0.000000    1.413282 v _085_/C (sky130_fd_sc_hd__or3_2)
     3    0.009869    0.068281    0.270014    1.683296 v _085_/X (sky130_fd_sc_hd__or3_2)
                                                         _029_ (net)
                      0.068281    0.000000    1.683296 v _086_/B (sky130_fd_sc_hd__nor2_2)
     2    0.010116    0.099285    0.099827    1.783123 ^ _086_/Y (sky130_fd_sc_hd__nor2_2)
                                                         _030_ (net)
                      0.099285    0.000000    1.783123 ^ _104_/A_N (sky130_fd_sc_hd__and2b_2)
     2    0.004554    0.030577    0.139875    1.922998 v _104_/X (sky130_fd_sc_hd__and2b_2)
                                                         _048_ (net)
                      0.030577    0.000000    1.922998 v _105_/B1 (sky130_fd_sc_hd__o221a_2)
     1    0.004192    0.035504    0.148658    2.071656 v _105_/X (sky130_fd_sc_hd__o221a_2)
                                                         _049_ (net)
                      0.035504    0.000000    2.071656 v _107_/B1 (sky130_fd_sc_hd__o22ai_2)
     8    0.012764    0.148410    0.122835    2.194492 ^ _107_/Y (sky130_fd_sc_hd__o22ai_2)
                                                         _051_ (net)
                      0.148410    0.000000    2.194492 ^ _112_/A (sky130_fd_sc_hd__and2_2)
     1    0.002087    0.025539    0.098904    2.293396 ^ _112_/X (sky130_fd_sc_hd__and2_2)
                                                         _002_ (net)
                      0.025539    0.000000    2.293396 ^ _149_/D (sky130_fd_sc_hd__dfrtp_2)
                                              2.293396   data arrival time

                      0.150000    5.000000    5.000000   clock clk (rise edge)
                                  0.000000    5.000000   clock network delay (ideal)
                                 -0.250000    4.750000   clock uncertainty
                                  0.000000    4.750000   clock reconvergence pessimism
                                              4.750000 ^ _149_/CLK (sky130_fd_sc_hd__dfrtp_2)
                                 -0.031389    4.718611   library setup time
                                              4.718611   data required time
---------------------------------------------------------------------------------------------
                                              4.718611   data required time
                                             -2.293396   data arrival time
---------------------------------------------------------------------------------------------
                                              2.425216   slack (MET)


Startpoint: psc[3] (input port clocked by clk)
Endpoint: _154_ (rising edge-triggered flip-flop clocked by clk)
Path Group: clk
Path Type: max

Fanout         Cap        Slew       Delay        Time   Description
---------------------------------------------------------------------------------------------
                      0.150000    0.000000    0.000000   clock clk (rise edge)
                                  0.000000    0.000000   clock network delay (ideal)
                                  1.000000    1.000000 v input external delay
     2    0.005700    0.009427    0.005013    1.005013 v psc[3] (in)
                                                         psc[3] (net)
                      0.009427    0.000000    1.005013 v _084_/A (sky130_fd_sc_hd__or4_2)
     3    0.013473    0.094687    0.408269    1.413282 v _084_/X (sky130_fd_sc_hd__or4_2)
                                                         _028_ (net)
                      0.094687    0.000000    1.413282 v _085_/C (sky130_fd_sc_hd__or3_2)
     3    0.009869    0.068281    0.270014    1.683296 v _085_/X (sky130_fd_sc_hd__or3_2)
                                                         _029_ (net)
                      0.068281    0.000000    1.683296 v _086_/B (sky130_fd_sc_hd__nor2_2)
     2    0.010116    0.099285    0.099827    1.783123 ^ _086_/Y (sky130_fd_sc_hd__nor2_2)
                                                         _030_ (net)
                      0.099285    0.000000    1.783123 ^ _104_/A_N (sky130_fd_sc_hd__and2b_2)
     2    0.004554    0.030577    0.139875    1.922998 v _104_/X (sky130_fd_sc_hd__and2b_2)
                                                         _048_ (net)
                      0.030577    0.000000    1.922998 v _105_/B1 (sky130_fd_sc_hd__o221a_2)
     1    0.004192    0.035504    0.148658    2.071656 v _105_/X (sky130_fd_sc_hd__o221a_2)
                                                         _049_ (net)
                      0.035504    0.000000    2.071656 v _107_/B1 (sky130_fd_sc_hd__o22ai_2)
     8    0.012764    0.148410    0.122835    2.194492 ^ _107_/Y (sky130_fd_sc_hd__o22ai_2)
                                                         _051_ (net)
                      0.148410    0.000000    2.194492 ^ _128_/A (sky130_fd_sc_hd__and2_2)
     1    0.002087    0.025539    0.098904    2.293396 ^ _128_/X (sky130_fd_sc_hd__and2_2)
                                                         _007_ (net)
                      0.025539    0.000000    2.293396 ^ _154_/D (sky130_fd_sc_hd__dfrtp_2)
                                              2.293396   data arrival time

                      0.150000    5.000000    5.000000   clock clk (rise edge)
                                  0.000000    5.000000   clock network delay (ideal)
                                 -0.250000    4.750000   clock uncertainty
                                  0.000000    4.750000   clock reconvergence pessimism
                                              4.750000 ^ _154_/CLK (sky130_fd_sc_hd__dfrtp_2)
                                 -0.031389    4.718611   library setup time
                                              4.718611   data required time
---------------------------------------------------------------------------------------------
                                              4.718611   data required time
                                             -2.293396   data arrival time
---------------------------------------------------------------------------------------------
                                              2.425216   slack (MET)


Startpoint: psc[3] (input port clocked by clk)
Endpoint: _147_ (rising edge-triggered flip-flop clocked by clk)
Path Group: clk
Path Type: max

Fanout         Cap        Slew       Delay        Time   Description
---------------------------------------------------------------------------------------------
                      0.150000    0.000000    0.000000   clock clk (rise edge)
                                  0.000000    0.000000   clock network delay (ideal)
                                  1.000000    1.000000 v input external delay
     2    0.005700    0.009427    0.005013    1.005013 v psc[3] (in)
                                                         psc[3] (net)
                      0.009427    0.000000    1.005013 v _084_/A (sky130_fd_sc_hd__or4_2)
     3    0.013473    0.094687    0.408269    1.413282 v _084_/X (sky130_fd_sc_hd__or4_2)
                                                         _028_ (net)
                      0.094687    0.000000    1.413282 v _085_/C (sky130_fd_sc_hd__or3_2)
     3    0.009869    0.068281    0.270014    1.683296 v _085_/X (sky130_fd_sc_hd__or3_2)
                                                         _029_ (net)
                      0.068281    0.000000    1.683296 v _086_/B (sky130_fd_sc_hd__nor2_2)
     2    0.010116    0.099285    0.099827    1.783123 ^ _086_/Y (sky130_fd_sc_hd__nor2_2)
                                                         _030_ (net)
                      0.099285    0.000000    1.783123 ^ _104_/A_N (sky130_fd_sc_hd__and2b_2)
     2    0.004554    0.030577    0.139875    1.922998 v _104_/X (sky130_fd_sc_hd__and2b_2)
                                                         _048_ (net)
                      0.030577    0.000000    1.922998 v _105_/B1 (sky130_fd_sc_hd__o221a_2)
     1    0.004192    0.035504    0.148658    2.071656 v _105_/X (sky130_fd_sc_hd__o221a_2)
                                                         _049_ (net)
                      0.035504    0.000000    2.071656 v _107_/B1 (sky130_fd_sc_hd__o22ai_2)
     8    0.012764    0.148410    0.122835    2.194492 ^ _107_/Y (sky130_fd_sc_hd__o22ai_2)
                                                         _051_ (net)
                      0.148410    0.000000    2.194492 ^ _108_/B (sky130_fd_sc_hd__and2b_2)
     1    0.002087    0.023174    0.097509    2.292001 ^ _108_/X (sky130_fd_sc_hd__and2b_2)
                                                         _000_ (net)
                      0.023174    0.000000    2.292001 ^ _147_/D (sky130_fd_sc_hd__dfrtp_2)
                                              2.292001   data arrival time

                      0.150000    5.000000    5.000000   clock clk (rise edge)
                                  0.000000    5.000000   clock network delay (ideal)
                                 -0.250000    4.750000   clock uncertainty
                                  0.000000    4.750000   clock reconvergence pessimism
                                              4.750000 ^ _147_/CLK (sky130_fd_sc_hd__dfrtp_2)
                                 -0.031163    4.718837   library setup time
                                              4.718837   data required time
---------------------------------------------------------------------------------------------
                                              4.718837   data required time
                                             -2.292001   data arrival time
---------------------------------------------------------------------------------------------
                                              2.426836   slack (MET)


Startpoint: psc[1] (input port clocked by clk)
Endpoint: _146_ (rising edge-triggered flip-flop clocked by clk)
Path Group: clk
Path Type: max

Fanout         Cap        Slew       Delay        Time   Description
---------------------------------------------------------------------------------------------
                      0.150000    0.000000    0.000000   clock clk (rise edge)
                                  0.000000    0.000000   clock network delay (ideal)
                                  1.000000    1.000000 ^ input external delay
     6    0.019716    0.072145    0.048065    1.048065 ^ psc[1] (in)
                                                         psc[1] (net)
                      0.072145    0.000000    1.048065 ^ _079_/A (sky130_fd_sc_hd__inv_2)
     1    0.002249    0.016829    0.013125    1.061190 v _079_/Y (sky130_fd_sc_hd__inv_2)
                                                         _024_ (net)
                      0.016829    0.000000    1.061190 v _131_/A1 (sky130_fd_sc_hd__o22a_2)
     1    0.002154    0.024508    0.126106    1.187296 v _131_/X (sky130_fd_sc_hd__o22a_2)
                                                         _067_ (net)
                      0.024508    0.000000    1.187296 v _132_/C1 (sky130_fd_sc_hd__a221o_2)
     1    0.002288    0.030508    0.100447    1.287743 v _132_/X (sky130_fd_sc_hd__a221o_2)
                                                         _068_ (net)
                      0.030508    0.000000    1.287743 v _133_/C1 (sky130_fd_sc_hd__o221a_2)
     1    0.002265    0.030420    0.070518    1.358260 v _133_/X (sky130_fd_sc_hd__o221a_2)
                                                         _069_ (net)
                      0.030420    0.000000    1.358260 v _135_/B1 (sky130_fd_sc_hd__o221a_2)
     1    0.002154    0.030170    0.141343    1.499604 v _135_/X (sky130_fd_sc_hd__o221a_2)
                                                         _071_ (net)
                      0.030170    0.000000    1.499604 v _136_/C1 (sky130_fd_sc_hd__a221o_2)
     1    0.004613    0.036889    0.110200    1.609804 v _136_/X (sky130_fd_sc_hd__a221o_2)
                                                         _072_ (net)
                      0.036889    0.000000    1.609804 v _137_/A2 (sky130_fd_sc_hd__a21oi_2)
     1    0.002087    0.053617    0.080541    1.690345 ^ _137_/Y (sky130_fd_sc_hd__a21oi_2)
                                                         _008_ (net)
                      0.053617    0.000000    1.690345 ^ _146_/D (sky130_fd_sc_hd__dfrtp_2)
                                              1.690345   data arrival time

                      0.150000    5.000000    5.000000   clock clk (rise edge)
                                  0.000000    5.000000   clock network delay (ideal)
                                 -0.250000    4.750000   clock uncertainty
                                  0.000000    4.750000   clock reconvergence pessimism
                                              4.750000 ^ _146_/CLK (sky130_fd_sc_hd__dfrtp_2)
                                 -0.034071    4.715929   library setup time
                                              4.715929   data required time
---------------------------------------------------------------------------------------------
                                              4.715929   data required time
                                             -1.690345   data arrival time
---------------------------------------------------------------------------------------------
                                              3.025584   slack (MET)


Startpoint: _146_ (rising edge-triggered flip-flop clocked by clk)
Endpoint: out (output port clocked by clk)
Path Group: clk
Path Type: max

Fanout         Cap        Slew       Delay        Time   Description
---------------------------------------------------------------------------------------------
                      0.150000    0.000000    0.000000   clock clk (rise edge)
                                  0.000000    0.000000   clock network delay (ideal)
                      0.150000    0.000000    0.000000 ^ _146_/CLK (sky130_fd_sc_hd__dfrtp_2)
     1    0.033442    0.078319    0.325229    0.325229 v _146_/Q (sky130_fd_sc_hd__dfrtp_2)
                                                         out (net)
                      0.078319    0.000000    0.325229 v out (out)
                                              0.325229   data arrival time

                      0.150000    5.000000    5.000000   clock clk (rise edge)
                                  0.000000    5.000000   clock network delay (ideal)
                                 -0.250000    4.750000   clock uncertainty
                                  0.000000    4.750000   clock reconvergence pessimism
                                 -1.000000    3.750000   output external delay
                                              3.750000   data required time
---------------------------------------------------------------------------------------------
                                              3.750000   data required time
                                             -0.325229   data arrival time
---------------------------------------------------------------------------------------------
                                              3.424771   slack (MET)


Startpoint: rst (input port clocked by clk)
Endpoint: _146_ (recovery check against rising-edge clock clk)
Path Group: asynchronous
Path Type: max

Fanout         Cap        Slew       Delay        Time   Description
---------------------------------------------------------------------------------------------
                      0.150000    0.000000    0.000000   clock clk (rise edge)
                                  0.000000    0.000000   clock network delay (ideal)
                                  1.000000    1.000000 v input external delay
     9    0.038565    0.059859    0.041539    1.041539 v rst (in)
                                                         rst (net)
                      0.059859    0.000000    1.041539 v _081_/A (sky130_fd_sc_hd__inv_2)
     1    0.003617    0.025225    0.039655    1.081194 ^ _081_/Y (sky130_fd_sc_hd__inv_2)
                                                         _009_ (net)
                      0.025225    0.000000    1.081194 ^ _146_/RESET_B (sky130_fd_sc_hd__dfrtp_2)
                                              1.081194   data arrival time

                      0.150000    5.000000    5.000000   clock clk (rise edge)
                                  0.000000    5.000000   clock network delay (ideal)
                                 -0.250000    4.750000   clock uncertainty
                                  0.000000    4.750000   clock reconvergence pessimism
                                              4.750000 ^ _146_/CLK (sky130_fd_sc_hd__dfrtp_2)
                                  0.153221    4.903221   library recovery time
                                              4.903221   data required time
---------------------------------------------------------------------------------------------
                                              4.903221   data required time
                                             -1.081194   data arrival time
---------------------------------------------------------------------------------------------
                                              3.822027   slack (MET)


Startpoint: rst (input port clocked by clk)
Endpoint: _147_ (recovery check against rising-edge clock clk)
Path Group: asynchronous
Path Type: max

Fanout         Cap        Slew       Delay        Time   Description
---------------------------------------------------------------------------------------------
                      0.150000    0.000000    0.000000   clock clk (rise edge)
                                  0.000000    0.000000   clock network delay (ideal)
                                  1.000000    1.000000 v input external delay
     9    0.038565    0.059859    0.041539    1.041539 v rst (in)
                                                         rst (net)
                      0.059859    0.000000    1.041539 v _138_/A (sky130_fd_sc_hd__inv_2)
     1    0.003617    0.025225    0.039655    1.081194 ^ _138_/Y (sky130_fd_sc_hd__inv_2)
                                                         _010_ (net)
                      0.025225    0.000000    1.081194 ^ _147_/RESET_B (sky130_fd_sc_hd__dfrtp_2)
                                              1.081194   data arrival time

                      0.150000    5.000000    5.000000   clock clk (rise edge)
                                  0.000000    5.000000   clock network delay (ideal)
                                 -0.250000    4.750000   clock uncertainty
                                  0.000000    4.750000   clock reconvergence pessimism
                                              4.750000 ^ _147_/CLK (sky130_fd_sc_hd__dfrtp_2)
                                  0.153221    4.903221   library recovery time
                                              4.903221   data required time
---------------------------------------------------------------------------------------------
                                              4.903221   data required time
                                             -1.081194   data arrival time
---------------------------------------------------------------------------------------------
                                              3.822027   slack (MET)


Startpoint: rst (input port clocked by clk)
Endpoint: _148_ (recovery check against rising-edge clock clk)
Path Group: asynchronous
Path Type: max

Fanout         Cap        Slew       Delay        Time   Description
---------------------------------------------------------------------------------------------
                      0.150000    0.000000    0.000000   clock clk (rise edge)
                                  0.000000    0.000000   clock network delay (ideal)
                                  1.000000    1.000000 v input external delay
     9    0.038565    0.059859    0.041539    1.041539 v rst (in)
                                                         rst (net)
                      0.059859    0.000000    1.041539 v _139_/A (sky130_fd_sc_hd__inv_2)
     1    0.003617    0.025225    0.039655    1.081194 ^ _139_/Y (sky130_fd_sc_hd__inv_2)
                                                         _011_ (net)
                      0.025225    0.000000    1.081194 ^ _148_/RESET_B (sky130_fd_sc_hd__dfrtp_2)
                                              1.081194   data arrival time

                      0.150000    5.000000    5.000000   clock clk (rise edge)
                                  0.000000    5.000000   clock network delay (ideal)
                                 -0.250000    4.750000   clock uncertainty
                                  0.000000    4.750000   clock reconvergence pessimism
                                              4.750000 ^ _148_/CLK (sky130_fd_sc_hd__dfrtp_2)
                                  0.153221    4.903221   library recovery time
                                              4.903221   data required time
---------------------------------------------------------------------------------------------
                                              4.903221   data required time
                                             -1.081194   data arrival time
---------------------------------------------------------------------------------------------
                                              3.822027   slack (MET)


Startpoint: rst (input port clocked by clk)
Endpoint: _149_ (recovery check against rising-edge clock clk)
Path Group: asynchronous
Path Type: max

Fanout         Cap        Slew       Delay        Time   Description
---------------------------------------------------------------------------------------------
                      0.150000    0.000000    0.000000   clock clk (rise edge)
                                  0.000000    0.000000   clock network delay (ideal)
                                  1.000000    1.000000 v input external delay
     9    0.038565    0.059859    0.041539    1.041539 v rst (in)
                                                         rst (net)
                      0.059859    0.000000    1.041539 v _140_/A (sky130_fd_sc_hd__inv_2)
     1    0.003617    0.025225    0.039655    1.081194 ^ _140_/Y (sky130_fd_sc_hd__inv_2)
                                                         _012_ (net)
                      0.025225    0.000000    1.081194 ^ _149_/RESET_B (sky130_fd_sc_hd__dfrtp_2)
                                              1.081194   data arrival time

                      0.150000    5.000000    5.000000   clock clk (rise edge)
                                  0.000000    5.000000   clock network delay (ideal)
                                 -0.250000    4.750000   clock uncertainty
                                  0.000000    4.750000   clock reconvergence pessimism
                                              4.750000 ^ _149_/CLK (sky130_fd_sc_hd__dfrtp_2)
                                  0.153221    4.903221   library recovery time
                                              4.903221   data required time
---------------------------------------------------------------------------------------------
                                              4.903221   data required time
                                             -1.081194   data arrival time
---------------------------------------------------------------------------------------------
                                              3.822027   slack (MET)


Startpoint: rst (input port clocked by clk)
Endpoint: _150_ (recovery check against rising-edge clock clk)
Path Group: asynchronous
Path Type: max

Fanout         Cap        Slew       Delay        Time   Description
---------------------------------------------------------------------------------------------
                      0.150000    0.000000    0.000000   clock clk (rise edge)
                                  0.000000    0.000000   clock network delay (ideal)
                                  1.000000    1.000000 v input external delay
     9    0.038565    0.059859    0.041539    1.041539 v rst (in)
                                                         rst (net)
                      0.059859    0.000000    1.041539 v _141_/A (sky130_fd_sc_hd__inv_2)
     1    0.003617    0.025225    0.039655    1.081194 ^ _141_/Y (sky130_fd_sc_hd__inv_2)
                                                         _013_ (net)
                      0.025225    0.000000    1.081194 ^ _150_/RESET_B (sky130_fd_sc_hd__dfrtp_2)
                                              1.081194   data arrival time

                      0.150000    5.000000    5.000000   clock clk (rise edge)
                                  0.000000    5.000000   clock network delay (ideal)
                                 -0.250000    4.750000   clock uncertainty
                                  0.000000    4.750000   clock reconvergence pessimism
                                              4.750000 ^ _150_/CLK (sky130_fd_sc_hd__dfrtp_2)
                                  0.153221    4.903221   library recovery time
                                              4.903221   data required time
---------------------------------------------------------------------------------------------
                                              4.903221   data required time
                                             -1.081194   data arrival time
---------------------------------------------------------------------------------------------
                                              3.822027   slack (MET)


Startpoint: rst (input port clocked by clk)
Endpoint: _151_ (recovery check against rising-edge clock clk)
Path Group: asynchronous
Path Type: max

Fanout         Cap        Slew       Delay        Time   Description
---------------------------------------------------------------------------------------------
                      0.150000    0.000000    0.000000   clock clk (rise edge)
                                  0.000000    0.000000   clock network delay (ideal)
                                  1.000000    1.000000 v input external delay
     9    0.038565    0.059859    0.041539    1.041539 v rst (in)
                                                         rst (net)
                      0.059859    0.000000    1.041539 v _142_/A (sky130_fd_sc_hd__inv_2)
     1    0.003617    0.025225    0.039655    1.081194 ^ _142_/Y (sky130_fd_sc_hd__inv_2)
                                                         _014_ (net)
                      0.025225    0.000000    1.081194 ^ _151_/RESET_B (sky130_fd_sc_hd__dfrtp_2)
                                              1.081194   data arrival time

                      0.150000    5.000000    5.000000   clock clk (rise edge)
                                  0.000000    5.000000   clock network delay (ideal)
                                 -0.250000    4.750000   clock uncertainty
                                  0.000000    4.750000   clock reconvergence pessimism
                                              4.750000 ^ _151_/CLK (sky130_fd_sc_hd__dfrtp_2)
                                  0.153221    4.903221   library recovery time
                                              4.903221   data required time
---------------------------------------------------------------------------------------------
                                              4.903221   data required time
                                             -1.081194   data arrival time
---------------------------------------------------------------------------------------------
                                              3.822027   slack (MET)


Startpoint: rst (input port clocked by clk)
Endpoint: _152_ (recovery check against rising-edge clock clk)
Path Group: asynchronous
Path Type: max

Fanout         Cap        Slew       Delay        Time   Description
---------------------------------------------------------------------------------------------
                      0.150000    0.000000    0.000000   clock clk (rise edge)
                                  0.000000    0.000000   clock network delay (ideal)
                                  1.000000    1.000000 v input external delay
     9    0.038565    0.059859    0.041539    1.041539 v rst (in)
                                                         rst (net)
                      0.059859    0.000000    1.041539 v _143_/A (sky130_fd_sc_hd__inv_2)
     1    0.003617    0.025225    0.039655    1.081194 ^ _143_/Y (sky130_fd_sc_hd__inv_2)
                                                         _015_ (net)
                      0.025225    0.000000    1.081194 ^ _152_/RESET_B (sky130_fd_sc_hd__dfrtp_2)
                                              1.081194   data arrival time

                      0.150000    5.000000    5.000000   clock clk (rise edge)
                                  0.000000    5.000000   clock network delay (ideal)
                                 -0.250000    4.750000   clock uncertainty
                                  0.000000    4.750000   clock reconvergence pessimism
                                              4.750000 ^ _152_/CLK (sky130_fd_sc_hd__dfrtp_2)
                                  0.153221    4.903221   library recovery time
                                              4.903221   data required time
---------------------------------------------------------------------------------------------
                                              4.903221   data required time
                                             -1.081194   data arrival time
---------------------------------------------------------------------------------------------
                                              3.822027   slack (MET)


Startpoint: rst (input port clocked by clk)
Endpoint: _153_ (recovery check against rising-edge clock clk)
Path Group: asynchronous
Path Type: max

Fanout         Cap        Slew       Delay        Time   Description
---------------------------------------------------------------------------------------------
                      0.150000    0.000000    0.000000   clock clk (rise edge)
                                  0.000000    0.000000   clock network delay (ideal)
                                  1.000000    1.000000 v input external delay
     9    0.038565    0.059859    0.041539    1.041539 v rst (in)
                                                         rst (net)
                      0.059859    0.000000    1.041539 v _144_/A (sky130_fd_sc_hd__inv_2)
     1    0.003617    0.025225    0.039655    1.081194 ^ _144_/Y (sky130_fd_sc_hd__inv_2)
                                                         _016_ (net)
                      0.025225    0.000000    1.081194 ^ _153_/RESET_B (sky130_fd_sc_hd__dfrtp_2)
                                              1.081194   data arrival time

                      0.150000    5.000000    5.000000   clock clk (rise edge)
                                  0.000000    5.000000   clock network delay (ideal)
                                 -0.250000    4.750000   clock uncertainty
                                  0.000000    4.750000   clock reconvergence pessimism
                                              4.750000 ^ _153_/CLK (sky130_fd_sc_hd__dfrtp_2)
                                  0.153221    4.903221   library recovery time
                                              4.903221   data required time
---------------------------------------------------------------------------------------------
                                              4.903221   data required time
                                             -1.081194   data arrival time
---------------------------------------------------------------------------------------------
                                              3.822027   slack (MET)


Startpoint: rst (input port clocked by clk)
Endpoint: _154_ (recovery check against rising-edge clock clk)
Path Group: asynchronous
Path Type: max

Fanout         Cap        Slew       Delay        Time   Description
---------------------------------------------------------------------------------------------
                      0.150000    0.000000    0.000000   clock clk (rise edge)
                                  0.000000    0.000000   clock network delay (ideal)
                                  1.000000    1.000000 v input external delay
     9    0.038565    0.059859    0.041539    1.041539 v rst (in)
                                                         rst (net)
                      0.059859    0.000000    1.041539 v _145_/A (sky130_fd_sc_hd__inv_2)
     1    0.003617    0.025225    0.039655    1.081194 ^ _145_/Y (sky130_fd_sc_hd__inv_2)
                                                         _017_ (net)
                      0.025225    0.000000    1.081194 ^ _154_/RESET_B (sky130_fd_sc_hd__dfrtp_2)
                                              1.081194   data arrival time

                      0.150000    5.000000    5.000000   clock clk (rise edge)
                                  0.000000    5.000000   clock network delay (ideal)
                                 -0.250000    4.750000   clock uncertainty
                                  0.000000    4.750000   clock reconvergence pessimism
                                              4.750000 ^ _154_/CLK (sky130_fd_sc_hd__dfrtp_2)
                                  0.153221    4.903221   library recovery time
                                              4.903221   data required time
---------------------------------------------------------------------------------------------
                                              4.903221   data required time
                                             -1.081194   data arrival time
---------------------------------------------------------------------------------------------
                                              3.822027   slack (MET)



