Clock: clk
Sources: 
Generated: no
Virtual: yes
Propagated: no
Period: 5.000000

===========================================================================
report_clock_properties
============================================================================
Clock                   Period          Waveform
----------------------------------------------------
clk                   5.000000    0.000000  2.500000

===========================================================================
report_clock_latency
============================================================================
Clock clk
rise -> rise
    min     max
0.000000 0.000000 source latency
1.646660         network latency _296_/CLK
        2.513114 network latency _308_/GATE
---------------
1.646660 2.513114 latency
        0.866454 skew

rise -> fall
    min     max
0.000000 0.000000 source latency
1.515150         network latency _296_/CLK
        2.411256 network latency _286_/CLK
---------------
1.515150 2.411256 latency
        0.896106 skew



===========================================================================
report_clock_min_period
============================================================================
clk period_min = 0.00 fmax = inf
