Reading timing models for corner nom_tt_025C_1v80…
Reading timing library for the 'nom_tt_025C_1v80' corner at '/home/nakanomiku/.volare/volare/sky130/versions/0fe599b2afb6708d281543108caf8310912f54af/sky130A/libs.ref/sky130_fd_sc_hd/lib/sky130_fd_sc_hd__tt_025C_1v80.lib'…
Reading timing models for corner nom_ff_n40C_1v95…
Reading timing library for the 'nom_ff_n40C_1v95' corner at '/home/nakanomiku/.volare/volare/sky130/versions/0fe599b2afb6708d281543108caf8310912f54af/sky130A/libs.ref/sky130_fd_sc_hd/lib/sky130_fd_sc_hd__ff_n40C_1v95.lib'…
Reading timing models for corner nom_ss_100C_1v60…
Reading timing library for the 'nom_ss_100C_1v60' corner at '/home/nakanomiku/.volare/volare/sky130/versions/0fe599b2afb6708d281543108caf8310912f54af/sky130A/libs.ref/sky130_fd_sc_hd/lib/sky130_fd_sc_hd__ss_100C_1v60.lib'…
Reading OpenROAD database at '/home/nakanomiku/DigitalDesign/freq_psc/runs/RUN_2024-10-26_06-28-06/27-openroad-globalplacement/freq_psc.odb'…
Reading design constraints file at '/nix/store/mr1ix0gwjfwmikfqyrq536nwhj83f0zp-python3-3.11.9-env/lib/python3.11/site-packages/openlane/scripts/base.sdc'…
[INFO] Using clock clk…
[INFO] Setting output delay to: 1
[INFO] Setting input delay to: 1
[INFO] Setting load to: 0.033442
[INFO] Setting clock uncertainty to: 0.25
[INFO] Setting clock transition to: 0.1499999999999999944488848768742172978818416595458984375
[INFO] Setting timing derate to: 5%
[INFO] Setting RC values…
[INFO RSZ-0027] Inserted 17 input buffers.
[INFO RSZ-0028] Inserted 1 output buffers.
[INFO RSZ-0058] Using max wire length 6335um.
Iteration | Resized | Buffers | Nets repaired | Remaining
---------------------------------------------------------
        0 |       0 |       0 |             0 |       166
       10 |       9 |       0 |             0 |       156
       20 |      19 |       0 |             0 |       146
       30 |      30 |       2 |             1 |       136
       40 |      40 |       2 |             1 |       126
       50 |      50 |       2 |             1 |       116
       60 |      60 |       2 |             1 |       106
       70 |      70 |       2 |             1 |        96
       80 |      80 |       2 |             1 |        86
       90 |      84 |       2 |             1 |        76
      100 |      93 |       2 |             1 |        66
      110 |     100 |       2 |             1 |        56
      120 |     100 |       2 |             1 |        46
      130 |     100 |       2 |             1 |        36
      140 |     108 |       2 |             1 |        26
      150 |     117 |       4 |             2 |        16
      160 |     117 |       4 |             2 |         6
    final |     117 |       4 |             2 |         0
---------------------------------------------------------
[INFO RSZ-0035] Found 2 fanout violations.
[INFO RSZ-0038] Inserted 4 buffers in 2 nets.
[INFO RSZ-0039] Resized 117 instances.
Placement Analysis
---------------------------------
total displacement        375.9 u
average displacement        1.7 u
max displacement            6.7 u
original HPWL            1379.8 u
legalized HPWL           1863.3 u
delta HPWL                   35 %

[INFO DPL-0020] Mirrored 71 instances
[INFO DPL-0021] HPWL before            1863.3 u
[INFO DPL-0022] HPWL after             1775.5 u
[INFO DPL-0023] HPWL delta               -4.7 %
[INFO] Setting RC values…
Setting global connections for newly added cells…
[INFO] Setting global connections...
Updating metrics…
Cell type report:                       Count       Area
  Fill cell                                36     135.13
  Tap cell                                 30      37.54
  Timing Repair Buffer                     22      92.59
  Inverter                                 30     112.61
  Sequential cell                          17     427.91
  Multi-Input combinational cell           83     590.57
  Total                                   218    1396.34
Writing OpenROAD database to '/home/nakanomiku/DigitalDesign/freq_psc/runs/RUN_2024-10-26_06-28-06/31-openroad-repairdesignpostgpl/freq_psc.odb'…
Writing netlist to '/home/nakanomiku/DigitalDesign/freq_psc/runs/RUN_2024-10-26_06-28-06/31-openroad-repairdesignpostgpl/freq_psc.nl.v'…
Writing powered netlist to '/home/nakanomiku/DigitalDesign/freq_psc/runs/RUN_2024-10-26_06-28-06/31-openroad-repairdesignpostgpl/freq_psc.pnl.v'…
Writing layout to '/home/nakanomiku/DigitalDesign/freq_psc/runs/RUN_2024-10-26_06-28-06/31-openroad-repairdesignpostgpl/freq_psc.def'…
Writing timing constraints to '/home/nakanomiku/DigitalDesign/freq_psc/runs/RUN_2024-10-26_06-28-06/31-openroad-repairdesignpostgpl/freq_psc.sdc'…
