Reading timing models for corner nom_tt_025C_1v80…
Reading timing library for the 'nom_tt_025C_1v80' corner at '/home/nakanomiku/.volare/volare/sky130/versions/0fe599b2afb6708d281543108caf8310912f54af/sky130A/libs.ref/sky130_fd_sc_hd/lib/sky130_fd_sc_hd__tt_025C_1v80.lib'…
Reading timing models for corner nom_ff_n40C_1v95…
Reading timing library for the 'nom_ff_n40C_1v95' corner at '/home/nakanomiku/.volare/volare/sky130/versions/0fe599b2afb6708d281543108caf8310912f54af/sky130A/libs.ref/sky130_fd_sc_hd/lib/sky130_fd_sc_hd__ff_n40C_1v95.lib'…
Reading timing models for corner nom_ss_100C_1v60…
Reading timing library for the 'nom_ss_100C_1v60' corner at '/home/nakanomiku/.volare/volare/sky130/versions/0fe599b2afb6708d281543108caf8310912f54af/sky130A/libs.ref/sky130_fd_sc_hd/lib/sky130_fd_sc_hd__ss_100C_1v60.lib'…
Reading OpenROAD database at '/home/nakanomiku/DigitalDesign/freq_psc/runs/RUN_2024-10-28_14-44-52/27-openroad-globalplacement/freq_psc.odb'…
Reading design constraints file at '/nix/store/mr1ix0gwjfwmikfqyrq536nwhj83f0zp-python3-3.11.9-env/lib/python3.11/site-packages/openlane/scripts/base.sdc'…
[INFO] Using clock clk…
[INFO] Setting output delay to: 1
[INFO] Setting input delay to: 1
[INFO] Setting load to: 0.033442
[INFO] Setting clock uncertainty to: 0.25
[INFO] Setting clock transition to: 0.1499999999999999944488848768742172978818416595458984375
[INFO] Setting timing derate to: 5%
[INFO] Setting RC values…
[INFO RSZ-0027] Inserted 17 input buffers.
[INFO RSZ-0028] Inserted 1 output buffers.
[INFO RSZ-0058] Using max wire length 6335um.
Iteration | Resized | Buffers | Nets repaired | Remaining
---------------------------------------------------------
        0 |       0 |       0 |             0 |       229
       10 |       9 |       0 |             0 |       219
       20 |      19 |       0 |             0 |       209
       30 |      30 |       2 |             1 |       199
       40 |      40 |       2 |             1 |       189
       50 |      50 |       2 |             1 |       179
       60 |      60 |       2 |             1 |       169
       70 |      70 |       2 |             1 |       159
       80 |      80 |       2 |             1 |       149
       90 |      90 |       2 |             1 |       139
      100 |      99 |       2 |             1 |       129
      110 |     108 |       2 |             1 |       119
      120 |     118 |       2 |             1 |       109
      130 |     128 |       2 |             1 |        99
      140 |     136 |       2 |             1 |        89
      150 |     139 |       2 |             1 |        79
      160 |     143 |       2 |             1 |        69
      170 |     145 |       2 |             1 |        59
      180 |     145 |       2 |             1 |        49
      190 |     151 |       2 |             1 |        39
      200 |     154 |       2 |             1 |        29
      210 |     158 |       4 |             2 |        19
      220 |     159 |       4 |             2 |         9
    final |     159 |       4 |             2 |         0
---------------------------------------------------------
[INFO RSZ-0035] Found 2 fanout violations.
[INFO RSZ-0038] Inserted 4 buffers in 2 nets.
[INFO RSZ-0039] Resized 159 instances.
Placement Analysis
---------------------------------
total displacement        590.1 u
average displacement        1.9 u
max displacement            9.2 u
original HPWL            2557.2 u
legalized HPWL           3256.7 u
delta HPWL                   27 %

[INFO DPL-0020] Mirrored 102 instances
[INFO DPL-0021] HPWL before            3256.7 u
[INFO DPL-0022] HPWL after             3107.3 u
[INFO DPL-0023] HPWL delta               -4.6 %
[INFO] Setting RC values…
Setting global connections for newly added cells…
[INFO] Setting global connections...
Updating metrics…
Cell type report:                       Count       Area
  Fill cell                                44     165.16
  Tap cell                                 48      60.06
  Timing Repair Buffer                     22     103.85
  Inverter                                 31     116.36
  Sequential cell                          17     444.18
  Multi-Input combinational cell          145    1051.01
  Total                                   307    1940.61
Writing OpenROAD database to '/home/nakanomiku/DigitalDesign/freq_psc/runs/RUN_2024-10-28_14-44-52/31-openroad-repairdesignpostgpl/freq_psc.odb'…
Writing netlist to '/home/nakanomiku/DigitalDesign/freq_psc/runs/RUN_2024-10-28_14-44-52/31-openroad-repairdesignpostgpl/freq_psc.nl.v'…
Writing powered netlist to '/home/nakanomiku/DigitalDesign/freq_psc/runs/RUN_2024-10-28_14-44-52/31-openroad-repairdesignpostgpl/freq_psc.pnl.v'…
Writing layout to '/home/nakanomiku/DigitalDesign/freq_psc/runs/RUN_2024-10-28_14-44-52/31-openroad-repairdesignpostgpl/freq_psc.def'…
Writing timing constraints to '/home/nakanomiku/DigitalDesign/freq_psc/runs/RUN_2024-10-28_14-44-52/31-openroad-repairdesignpostgpl/freq_psc.sdc'…
