Clock: clk
Sources: clk 
Generated: no
Virtual: yes
Propagated: no
Period: 5.000000

===========================================================================
report_clock_properties
============================================================================
Clock                   Period          Waveform
----------------------------------------------------
clk                   5.000000    0.000000  2.500000

===========================================================================
report_clock_latency
============================================================================
Clock clk
rise -> rise
    min     max
0.000000 0.000000 source latency
0.320799         network latency _360_/CLK
        0.324965 network latency _352_/CLK
---------------
0.320799 0.324965 latency
        0.004166 skew

fall -> fall
    min     max
0.000000 0.000000 source latency
0.311810         network latency _360_/CLK
        0.315717 network latency _352_/CLK
---------------
0.311810 0.315717 latency
        0.003907 skew



===========================================================================
report_clock_min_period
============================================================================
clk period_min = 2.76 fmax = 361.81
