55. Printing statistics.

=== freq_psc ===

   Number of wires:                135
   Number of wire bits:            195
   Number of public wires:           5
   Number of public wire bits:      35
   Number of ports:                  4
   Number of port bits:             19
   Number of memories:               0
   Number of memory bits:            0
   Number of processes:              0
   Number of cells:                162
     $_ANDNOT_                      58
     $_AND_                          2
     $_MUX_                          1
     $_NAND_                        10
     $_NOT_                         18
     $_ORNOT_                       20
     $_OR_                           6
     $_XNOR_                        10
     $_XOR_                         20
     sky130_fd_sc_hd__dfrtp_2       17

   Area for cell type $_NOT_ is unknown!
   Area for cell type $_AND_ is unknown!
   Area for cell type $_NAND_ is unknown!
   Area for cell type $_OR_ is unknown!
   Area for cell type $_XOR_ is unknown!
   Area for cell type $_XNOR_ is unknown!
   Area for cell type $_ANDNOT_ is unknown!
   Area for cell type $_ORNOT_ is unknown!
   Area for cell type $_MUX_ is unknown!

   Chip area for module '\freq_psc': 446.678400
     of which used for sequential elements: 446.678400 (100.00%)

