63. Printing statistics.

=== freq_psc ===

   Number of wires:                133
   Number of wire bits:            148
   Number of public wires:          20
   Number of public wire bits:      35
   Number of ports:                  4
   Number of port bits:             19
   Number of memories:               0
   Number of memory bits:            0
   Number of processes:              0
   Number of cells:                130
     sky130_fd_sc_hd__a211o_2        1
     sky130_fd_sc_hd__a21bo_2        1
     sky130_fd_sc_hd__a21boi_2       2
     sky130_fd_sc_hd__a21o_2         4
     sky130_fd_sc_hd__a21oi_2        4
     sky130_fd_sc_hd__a221o_2        1
     sky130_fd_sc_hd__a22o_2         1
     sky130_fd_sc_hd__a2bb2o_2       2
     sky130_fd_sc_hd__a31o_2         2
     sky130_fd_sc_hd__and2_2         7
     sky130_fd_sc_hd__and2b_2        3
     sky130_fd_sc_hd__and3_2         7
     sky130_fd_sc_hd__and3b_2        6
     sky130_fd_sc_hd__and4_2         4
     sky130_fd_sc_hd__dfrtp_2       17
     sky130_fd_sc_hd__inv_2         30
     sky130_fd_sc_hd__nand2_2        7
     sky130_fd_sc_hd__nand2b_2       7
     sky130_fd_sc_hd__nand3_2        1
     sky130_fd_sc_hd__nand4_2        1
     sky130_fd_sc_hd__nor2_2         2
     sky130_fd_sc_hd__o211a_2        1
     sky130_fd_sc_hd__o21ba_2        1
     sky130_fd_sc_hd__o221a_2        1
     sky130_fd_sc_hd__o22a_2         4
     sky130_fd_sc_hd__o31a_2         1
     sky130_fd_sc_hd__or2_2          8
     sky130_fd_sc_hd__or4b_2         1
     sky130_fd_sc_hd__or4bb_2        1
     sky130_fd_sc_hd__xnor2_2        2

   Chip area for module '\freq_psc': 1291.238400
     of which used for sequential elements: 446.678400 (34.59%)

