Reading timing models for corner nom_tt_025C_1v80…
Reading timing library for the 'nom_tt_025C_1v80' corner at '/home/nakanomiku/.volare/volare/sky130/versions/0fe599b2afb6708d281543108caf8310912f54af/sky130A/libs.ref/sky130_fd_sc_hd/lib/sky130_fd_sc_hd__tt_025C_1v80.lib'…
Reading timing models for corner nom_ff_n40C_1v95…
Reading timing library for the 'nom_ff_n40C_1v95' corner at '/home/nakanomiku/.volare/volare/sky130/versions/0fe599b2afb6708d281543108caf8310912f54af/sky130A/libs.ref/sky130_fd_sc_hd/lib/sky130_fd_sc_hd__ff_n40C_1v95.lib'…
Reading timing models for corner nom_ss_100C_1v60…
Reading timing library for the 'nom_ss_100C_1v60' corner at '/home/nakanomiku/.volare/volare/sky130/versions/0fe599b2afb6708d281543108caf8310912f54af/sky130A/libs.ref/sky130_fd_sc_hd/lib/sky130_fd_sc_hd__ss_100C_1v60.lib'…
Reading OpenROAD database at '/home/nakanomiku/DigitalDesign/freq_psc/runs/RUN_2024-10-26_06-31-47/27-openroad-globalplacement/freq_psc.odb'…
Reading design constraints file at '/nix/store/mr1ix0gwjfwmikfqyrq536nwhj83f0zp-python3-3.11.9-env/lib/python3.11/site-packages/openlane/scripts/base.sdc'…
[INFO] Using clock clk…
[INFO] Setting output delay to: 1
[INFO] Setting input delay to: 1
[INFO] Setting load to: 0.033442
[INFO] Setting clock uncertainty to: 0.25
[INFO] Setting clock transition to: 0.1499999999999999944488848768742172978818416595458984375
[INFO] Setting timing derate to: 5%
[INFO] Setting RC values…
[INFO RSZ-0027] Inserted 9 input buffers.
[INFO RSZ-0028] Inserted 1 output buffers.
[INFO RSZ-0058] Using max wire length 6335um.
Iteration | Resized | Buffers | Nets repaired | Remaining
---------------------------------------------------------
        0 |       0 |       0 |             0 |        85
       10 |       9 |       0 |             0 |        75
       20 |      19 |       0 |             0 |        65
       30 |      29 |       0 |             0 |        55
       40 |      39 |       0 |             0 |        45
       50 |      46 |       0 |             0 |        35
       60 |      53 |       0 |             0 |        25
       70 |      56 |       0 |             0 |        15
       80 |      62 |       0 |             0 |         5
    final |      62 |       0 |             0 |         0
---------------------------------------------------------
[INFO RSZ-0039] Resized 62 instances.
Placement Analysis
---------------------------------
total displacement        178.2 u
average displacement        1.5 u
max displacement            5.1 u
original HPWL             669.3 u
legalized HPWL            849.1 u
delta HPWL                   27 %

[INFO DPL-0020] Mirrored 25 instances
[INFO DPL-0021] HPWL before             849.1 u
[INFO DPL-0022] HPWL after              806.6 u
[INFO DPL-0023] HPWL delta               -5.0 %
[INFO] Setting RC values…
Setting global connections for newly added cells…
[INFO] Setting global connections...
Updating metrics…
Cell type report:                       Count       Area
  Fill cell                                26      97.59
  Tap cell                                 15      18.77
  Timing Repair Buffer                     10      42.54
  Inverter                                 13      48.80
  Sequential cell                           9     225.22
  Multi-Input combinational cell           43     307.80
  Total                                   116     740.71
Writing OpenROAD database to '/home/nakanomiku/DigitalDesign/freq_psc/runs/RUN_2024-10-26_06-31-47/31-openroad-repairdesignpostgpl/freq_psc.odb'…
Writing netlist to '/home/nakanomiku/DigitalDesign/freq_psc/runs/RUN_2024-10-26_06-31-47/31-openroad-repairdesignpostgpl/freq_psc.nl.v'…
Writing powered netlist to '/home/nakanomiku/DigitalDesign/freq_psc/runs/RUN_2024-10-26_06-31-47/31-openroad-repairdesignpostgpl/freq_psc.pnl.v'…
Writing layout to '/home/nakanomiku/DigitalDesign/freq_psc/runs/RUN_2024-10-26_06-31-47/31-openroad-repairdesignpostgpl/freq_psc.def'…
Writing timing constraints to '/home/nakanomiku/DigitalDesign/freq_psc/runs/RUN_2024-10-26_06-31-47/31-openroad-repairdesignpostgpl/freq_psc.sdc'…
