
===========================================================================
report_checks -path_delay max (Setup)
============================================================================
======================= max_ff_n40C_1v95 Corner ===================================

Startpoint: _120_ (rising edge-triggered flip-flop clocked by clk)
Endpoint: out (output port clocked by clk)
Path Group: clk
Path Type: max

Fanout         Cap        Slew       Delay        Time   Description
---------------------------------------------------------------------------------------------
                                  0.000000    0.000000   clock clk (rise edge)
                                  0.000000    0.000000   clock source latency
     1    0.009728    0.037625    0.024563    0.024563 ^ clk (in)
                                                         clk (net)
                      0.037633    0.000000    0.024563 ^ clkbuf_0_clk/A (sky130_fd_sc_hd__clkbuf_16)
     2    0.021615    0.032251    0.087103    0.111666 ^ clkbuf_0_clk/X (sky130_fd_sc_hd__clkbuf_16)
                                                         clknet_0_clk (net)
                      0.032331    0.001349    0.113015 ^ clkbuf_1_0__f_clk/A (sky130_fd_sc_hd__clkbuf_16)
     5    0.016199    0.028635    0.082127    0.195142 ^ clkbuf_1_0__f_clk/X (sky130_fd_sc_hd__clkbuf_16)
                                                         clknet_1_0__leaf_clk (net)
                      0.028640    0.000504    0.195646 ^ _120_/CLK (sky130_fd_sc_hd__dfrtp_1)
     2    0.004896    0.043667    0.206770    0.402416 ^ _120_/Q (sky130_fd_sc_hd__dfrtp_1)
                                                         net10 (net)
                      0.043668    0.000280    0.402696 ^ output10/A (sky130_fd_sc_hd__buf_2)
     1    0.034272    0.127911    0.140402    0.543098 ^ output10/X (sky130_fd_sc_hd__buf_2)
                                                         out (net)
                      0.127945    0.001716    0.544814 ^ out (out)
                                              0.544814   data arrival time

                                  5.000000    5.000000   clock clk (rise edge)
                                  0.000000    5.000000   clock network delay (propagated)
                                 -0.250000    4.750000   clock uncertainty
                                  0.000000    4.750000   clock reconvergence pessimism
                                 -1.000000    3.750000   output external delay
                                              3.750000   data required time
---------------------------------------------------------------------------------------------
                                              3.750000   data required time
                                             -0.544814   data arrival time
---------------------------------------------------------------------------------------------
                                              3.205186   slack (MET)


Startpoint: psc[7] (input port clocked by clk)
Endpoint: _114_ (rising edge-triggered flip-flop clocked by clk)
Path Group: clk
Path Type: max

Fanout         Cap        Slew       Delay        Time   Description
---------------------------------------------------------------------------------------------
                                  0.000000    0.000000   clock clk (rise edge)
                                  0.000000    0.000000   clock network delay (propagated)
                                  1.000000    1.000000 v input external delay
     1    0.002477    0.004240    0.002028    1.002028 v psc[7] (in)
                                                         psc[7] (net)
                      0.004243    0.000000    1.002028 v input8/A (sky130_fd_sc_hd__clkbuf_1)
     2    0.005488    0.027807    0.055015    1.057043 v input8/X (sky130_fd_sc_hd__clkbuf_1)
                                                         net8 (net)
                      0.027810    0.000294    1.057337 v _072_/A_N (sky130_fd_sc_hd__nand2b_1)
     2    0.004605    0.033673    0.089422    1.146759 v _072_/Y (sky130_fd_sc_hd__nand2b_1)
                                                         _033_ (net)
                      0.033675    0.000278    1.147038 v _075_/B (sky130_fd_sc_hd__and4_1)
     2    0.006709    0.039956    0.120153    1.267191 v _075_/X (sky130_fd_sc_hd__and4_1)
                                                         _036_ (net)
                      0.039961    0.000449    1.267640 v _079_/B1 (sky130_fd_sc_hd__o2111a_1)
     1    0.009317    0.052972    0.107564    1.375204 v _079_/X (sky130_fd_sc_hd__o2111a_1)
                                                         _040_ (net)
                      0.052982    0.000720    1.375923 v _082_/A2 (sky130_fd_sc_hd__a21oi_4)
     9    0.031899    0.192465    0.192514    1.568437 ^ _082_/Y (sky130_fd_sc_hd__a21oi_4)
                                                         _043_ (net)
                      0.192487    0.001638    1.570075 ^ _090_/C (sky130_fd_sc_hd__and3b_1)
     1    0.003672    0.042155    0.114112    1.684187 ^ _090_/X (sky130_fd_sc_hd__and3b_1)
                                                         _002_ (net)
                      0.042156    0.000240    1.684427 ^ _114_/D (sky130_fd_sc_hd__dfrtp_1)
                                              1.684427   data arrival time

                                  5.000000    5.000000   clock clk (rise edge)
                                  0.000000    5.000000   clock source latency
     1    0.009728    0.037625    0.024563    5.024563 ^ clk (in)
                                                         clk (net)
                      0.037633    0.000000    5.024563 ^ clkbuf_0_clk/A (sky130_fd_sc_hd__clkbuf_16)
     2    0.021615    0.032251    0.087103    5.111666 ^ clkbuf_0_clk/X (sky130_fd_sc_hd__clkbuf_16)
                                                         clknet_0_clk (net)
                      0.032325    0.001299    5.112965 ^ clkbuf_1_1__f_clk/A (sky130_fd_sc_hd__clkbuf_16)
     5    0.013573    0.026908    0.080347    5.193312 ^ clkbuf_1_1__f_clk/X (sky130_fd_sc_hd__clkbuf_16)
                                                         clknet_1_1__leaf_clk (net)
                      0.026909    0.000637    5.193949 ^ _114_/CLK (sky130_fd_sc_hd__dfrtp_1)
                                 -0.250000    4.943949   clock uncertainty
                                  0.000000    4.943949   clock reconvergence pessimism
                                 -0.035008    4.908941   library setup time
                                              4.908941   data required time
---------------------------------------------------------------------------------------------
                                              4.908941   data required time
                                             -1.684427   data arrival time
---------------------------------------------------------------------------------------------
                                              3.224514   slack (MET)


Startpoint: psc[7] (input port clocked by clk)
Endpoint: _118_ (rising edge-triggered flip-flop clocked by clk)
Path Group: clk
Path Type: max

Fanout         Cap        Slew       Delay        Time   Description
---------------------------------------------------------------------------------------------
                                  0.000000    0.000000   clock clk (rise edge)
                                  0.000000    0.000000   clock network delay (propagated)
                                  1.000000    1.000000 v input external delay
     1    0.002477    0.004240    0.002028    1.002028 v psc[7] (in)
                                                         psc[7] (net)
                      0.004243    0.000000    1.002028 v input8/A (sky130_fd_sc_hd__clkbuf_1)
     2    0.005488    0.027807    0.055015    1.057043 v input8/X (sky130_fd_sc_hd__clkbuf_1)
                                                         net8 (net)
                      0.027810    0.000294    1.057337 v _072_/A_N (sky130_fd_sc_hd__nand2b_1)
     2    0.004605    0.033673    0.089422    1.146759 v _072_/Y (sky130_fd_sc_hd__nand2b_1)
                                                         _033_ (net)
                      0.033675    0.000278    1.147038 v _075_/B (sky130_fd_sc_hd__and4_1)
     2    0.006709    0.039956    0.120153    1.267191 v _075_/X (sky130_fd_sc_hd__and4_1)
                                                         _036_ (net)
                      0.039961    0.000449    1.267640 v _079_/B1 (sky130_fd_sc_hd__o2111a_1)
     1    0.009317    0.052972    0.107564    1.375204 v _079_/X (sky130_fd_sc_hd__o2111a_1)
                                                         _040_ (net)
                      0.052982    0.000720    1.375923 v _082_/A2 (sky130_fd_sc_hd__a21oi_4)
     9    0.031899    0.192465    0.192514    1.568437 ^ _082_/Y (sky130_fd_sc_hd__a21oi_4)
                                                         _043_ (net)
                      0.192556    0.003280    1.571718 ^ _102_/A (sky130_fd_sc_hd__and3_1)
     1    0.003380    0.040596    0.110688    1.682406 ^ _102_/X (sky130_fd_sc_hd__and3_1)
                                                         _006_ (net)
                      0.040598    0.000210    1.682616 ^ _118_/D (sky130_fd_sc_hd__dfrtp_1)
                                              1.682616   data arrival time

                                  5.000000    5.000000   clock clk (rise edge)
                                  0.000000    5.000000   clock source latency
     1    0.009728    0.037625    0.024563    5.024563 ^ clk (in)
                                                         clk (net)
                      0.037633    0.000000    5.024563 ^ clkbuf_0_clk/A (sky130_fd_sc_hd__clkbuf_16)
     2    0.021615    0.032251    0.087103    5.111666 ^ clkbuf_0_clk/X (sky130_fd_sc_hd__clkbuf_16)
                                                         clknet_0_clk (net)
                      0.032331    0.001349    5.113015 ^ clkbuf_1_0__f_clk/A (sky130_fd_sc_hd__clkbuf_16)
     5    0.016199    0.028635    0.082128    5.195143 ^ clkbuf_1_0__f_clk/X (sky130_fd_sc_hd__clkbuf_16)
                                                         clknet_1_0__leaf_clk (net)
                      0.028640    0.000536    5.195679 ^ _118_/CLK (sky130_fd_sc_hd__dfrtp_1)
                                 -0.250000    4.945679   clock uncertainty
                                  0.000000    4.945679   clock reconvergence pessimism
                                 -0.034799    4.910880   library setup time
                                              4.910880   data required time
---------------------------------------------------------------------------------------------
                                              4.910880   data required time
                                             -1.682616   data arrival time
---------------------------------------------------------------------------------------------
                                              3.228264   slack (MET)


Startpoint: psc[7] (input port clocked by clk)
Endpoint: _115_ (rising edge-triggered flip-flop clocked by clk)
Path Group: clk
Path Type: max

Fanout         Cap        Slew       Delay        Time   Description
---------------------------------------------------------------------------------------------
                                  0.000000    0.000000   clock clk (rise edge)
                                  0.000000    0.000000   clock network delay (propagated)
                                  1.000000    1.000000 v input external delay
     1    0.002477    0.004240    0.002028    1.002028 v psc[7] (in)
                                                         psc[7] (net)
                      0.004243    0.000000    1.002028 v input8/A (sky130_fd_sc_hd__clkbuf_1)
     2    0.005488    0.027807    0.055015    1.057043 v input8/X (sky130_fd_sc_hd__clkbuf_1)
                                                         net8 (net)
                      0.027810    0.000294    1.057337 v _072_/A_N (sky130_fd_sc_hd__nand2b_1)
     2    0.004605    0.033673    0.089422    1.146759 v _072_/Y (sky130_fd_sc_hd__nand2b_1)
                                                         _033_ (net)
                      0.033675    0.000278    1.147038 v _075_/B (sky130_fd_sc_hd__and4_1)
     2    0.006709    0.039956    0.120153    1.267191 v _075_/X (sky130_fd_sc_hd__and4_1)
                                                         _036_ (net)
                      0.039961    0.000449    1.267640 v _079_/B1 (sky130_fd_sc_hd__o2111a_1)
     1    0.009317    0.052972    0.107564    1.375204 v _079_/X (sky130_fd_sc_hd__o2111a_1)
                                                         _040_ (net)
                      0.052982    0.000720    1.375923 v _082_/A2 (sky130_fd_sc_hd__a21oi_4)
     9    0.031899    0.192465    0.192514    1.568437 ^ _082_/Y (sky130_fd_sc_hd__a21oi_4)
                                                         _043_ (net)
                      0.192497    0.001970    1.570407 ^ _093_/C (sky130_fd_sc_hd__and3b_1)
     1    0.002526    0.034865    0.106853    1.677260 ^ _093_/X (sky130_fd_sc_hd__and3b_1)
                                                         _003_ (net)
                      0.034865    0.000118    1.677379 ^ _115_/D (sky130_fd_sc_hd__dfrtp_1)
                                              1.677379   data arrival time

                                  5.000000    5.000000   clock clk (rise edge)
                                  0.000000    5.000000   clock source latency
     1    0.009728    0.037625    0.024563    5.024563 ^ clk (in)
                                                         clk (net)
                      0.037633    0.000000    5.024563 ^ clkbuf_0_clk/A (sky130_fd_sc_hd__clkbuf_16)
     2    0.021615    0.032251    0.087103    5.111666 ^ clkbuf_0_clk/X (sky130_fd_sc_hd__clkbuf_16)
                                                         clknet_0_clk (net)
                      0.032325    0.001299    5.112965 ^ clkbuf_1_1__f_clk/A (sky130_fd_sc_hd__clkbuf_16)
     5    0.013573    0.026908    0.080347    5.193312 ^ clkbuf_1_1__f_clk/X (sky130_fd_sc_hd__clkbuf_16)
                                                         clknet_1_1__leaf_clk (net)
                      0.026910    0.000727    5.194039 ^ _115_/CLK (sky130_fd_sc_hd__dfrtp_1)
                                 -0.250000    4.944039   clock uncertainty
                                  0.000000    4.944039   clock reconvergence pessimism
                                 -0.034314    4.909725   library setup time
                                              4.909725   data required time
---------------------------------------------------------------------------------------------
                                              4.909725   data required time
                                             -1.677379   data arrival time
---------------------------------------------------------------------------------------------
                                              3.232346   slack (MET)


Startpoint: psc[7] (input port clocked by clk)
Endpoint: _117_ (rising edge-triggered flip-flop clocked by clk)
Path Group: clk
Path Type: max

Fanout         Cap        Slew       Delay        Time   Description
---------------------------------------------------------------------------------------------
                                  0.000000    0.000000   clock clk (rise edge)
                                  0.000000    0.000000   clock network delay (propagated)
                                  1.000000    1.000000 v input external delay
     1    0.002477    0.004240    0.002028    1.002028 v psc[7] (in)
                                                         psc[7] (net)
                      0.004243    0.000000    1.002028 v input8/A (sky130_fd_sc_hd__clkbuf_1)
     2    0.005488    0.027807    0.055015    1.057043 v input8/X (sky130_fd_sc_hd__clkbuf_1)
                                                         net8 (net)
                      0.027810    0.000294    1.057337 v _072_/A_N (sky130_fd_sc_hd__nand2b_1)
     2    0.004605    0.033673    0.089422    1.146759 v _072_/Y (sky130_fd_sc_hd__nand2b_1)
                                                         _033_ (net)
                      0.033675    0.000278    1.147038 v _075_/B (sky130_fd_sc_hd__and4_1)
     2    0.006709    0.039956    0.120153    1.267191 v _075_/X (sky130_fd_sc_hd__and4_1)
                                                         _036_ (net)
                      0.039961    0.000449    1.267640 v _079_/B1 (sky130_fd_sc_hd__o2111a_1)
     1    0.009317    0.052972    0.107564    1.375204 v _079_/X (sky130_fd_sc_hd__o2111a_1)
                                                         _040_ (net)
                      0.052982    0.000720    1.375923 v _082_/A2 (sky130_fd_sc_hd__a21oi_4)
     9    0.031899    0.192465    0.192514    1.568437 ^ _082_/Y (sky130_fd_sc_hd__a21oi_4)
                                                         _043_ (net)
                      0.192545    0.003079    1.571516 ^ _099_/C (sky130_fd_sc_hd__and3b_1)
     1    0.002649    0.035605    0.107617    1.679133 ^ _099_/X (sky130_fd_sc_hd__and3b_1)
                                                         _005_ (net)
                      0.035609    0.000191    1.679325 ^ _117_/D (sky130_fd_sc_hd__dfrtp_1)
                                              1.679325   data arrival time

                                  5.000000    5.000000   clock clk (rise edge)
                                  0.000000    5.000000   clock source latency
     1    0.009728    0.037625    0.024563    5.024563 ^ clk (in)
                                                         clk (net)
                      0.037633    0.000000    5.024563 ^ clkbuf_0_clk/A (sky130_fd_sc_hd__clkbuf_16)
     2    0.021615    0.032251    0.087103    5.111666 ^ clkbuf_0_clk/X (sky130_fd_sc_hd__clkbuf_16)
                                                         clknet_0_clk (net)
                      0.032331    0.001349    5.113015 ^ clkbuf_1_0__f_clk/A (sky130_fd_sc_hd__clkbuf_16)
     5    0.016199    0.028635    0.082128    5.195143 ^ clkbuf_1_0__f_clk/X (sky130_fd_sc_hd__clkbuf_16)
                                                         clknet_1_0__leaf_clk (net)
                      0.028646    0.000879    5.196022 ^ _117_/CLK (sky130_fd_sc_hd__dfrtp_1)
                                 -0.250000    4.946022   clock uncertainty
                                  0.000000    4.946022   clock reconvergence pessimism
                                 -0.034325    4.911697   library setup time
                                              4.911697   data required time
---------------------------------------------------------------------------------------------
                                              4.911697   data required time
                                             -1.679325   data arrival time
---------------------------------------------------------------------------------------------
                                              3.232373   slack (MET)


Startpoint: psc[7] (input port clocked by clk)
Endpoint: _116_ (rising edge-triggered flip-flop clocked by clk)
Path Group: clk
Path Type: max

Fanout         Cap        Slew       Delay        Time   Description
---------------------------------------------------------------------------------------------
                                  0.000000    0.000000   clock clk (rise edge)
                                  0.000000    0.000000   clock network delay (propagated)
                                  1.000000    1.000000 v input external delay
     1    0.002477    0.004240    0.002028    1.002028 v psc[7] (in)
                                                         psc[7] (net)
                      0.004243    0.000000    1.002028 v input8/A (sky130_fd_sc_hd__clkbuf_1)
     2    0.005488    0.027807    0.055015    1.057043 v input8/X (sky130_fd_sc_hd__clkbuf_1)
                                                         net8 (net)
                      0.027810    0.000294    1.057337 v _072_/A_N (sky130_fd_sc_hd__nand2b_1)
     2    0.004605    0.033673    0.089422    1.146759 v _072_/Y (sky130_fd_sc_hd__nand2b_1)
                                                         _033_ (net)
                      0.033675    0.000278    1.147038 v _075_/B (sky130_fd_sc_hd__and4_1)
     2    0.006709    0.039956    0.120153    1.267191 v _075_/X (sky130_fd_sc_hd__and4_1)
                                                         _036_ (net)
                      0.039961    0.000449    1.267640 v _079_/B1 (sky130_fd_sc_hd__o2111a_1)
     1    0.009317    0.052972    0.107564    1.375204 v _079_/X (sky130_fd_sc_hd__o2111a_1)
                                                         _040_ (net)
                      0.052982    0.000720    1.375923 v _082_/A2 (sky130_fd_sc_hd__a21oi_4)
     9    0.031899    0.192465    0.192514    1.568437 ^ _082_/Y (sky130_fd_sc_hd__a21oi_4)
                                                         _043_ (net)
                      0.192523    0.002639    1.571076 ^ _096_/C (sky130_fd_sc_hd__and3b_1)
     1    0.002486    0.034629    0.106608    1.677684 ^ _096_/X (sky130_fd_sc_hd__and3b_1)
                                                         _004_ (net)
                      0.034629    0.000112    1.677795 ^ _116_/D (sky130_fd_sc_hd__dfrtp_1)
                                              1.677795   data arrival time

                                  5.000000    5.000000   clock clk (rise edge)
                                  0.000000    5.000000   clock source latency
     1    0.009728    0.037625    0.024563    5.024563 ^ clk (in)
                                                         clk (net)
                      0.037633    0.000000    5.024563 ^ clkbuf_0_clk/A (sky130_fd_sc_hd__clkbuf_16)
     2    0.021615    0.032251    0.087103    5.111666 ^ clkbuf_0_clk/X (sky130_fd_sc_hd__clkbuf_16)
                                                         clknet_0_clk (net)
                      0.032331    0.001349    5.113015 ^ clkbuf_1_0__f_clk/A (sky130_fd_sc_hd__clkbuf_16)
     5    0.016199    0.028635    0.082128    5.195143 ^ clkbuf_1_0__f_clk/X (sky130_fd_sc_hd__clkbuf_16)
                                                         clknet_1_0__leaf_clk (net)
                      0.028644    0.000794    5.195936 ^ _116_/CLK (sky130_fd_sc_hd__dfrtp_1)
                                 -0.250000    4.945936   clock uncertainty
                                  0.000000    4.945936   clock reconvergence pessimism
                                 -0.034232    4.911705   library setup time
                                              4.911705   data required time
---------------------------------------------------------------------------------------------
                                              4.911705   data required time
                                             -1.677795   data arrival time
---------------------------------------------------------------------------------------------
                                              3.233909   slack (MET)


Startpoint: psc[7] (input port clocked by clk)
Endpoint: _113_ (rising edge-triggered flip-flop clocked by clk)
Path Group: clk
Path Type: max

Fanout         Cap        Slew       Delay        Time   Description
---------------------------------------------------------------------------------------------
                                  0.000000    0.000000   clock clk (rise edge)
                                  0.000000    0.000000   clock network delay (propagated)
                                  1.000000    1.000000 v input external delay
     1    0.002477    0.004240    0.002028    1.002028 v psc[7] (in)
                                                         psc[7] (net)
                      0.004243    0.000000    1.002028 v input8/A (sky130_fd_sc_hd__clkbuf_1)
     2    0.005488    0.027807    0.055015    1.057043 v input8/X (sky130_fd_sc_hd__clkbuf_1)
                                                         net8 (net)
                      0.027810    0.000294    1.057337 v _072_/A_N (sky130_fd_sc_hd__nand2b_1)
     2    0.004605    0.033673    0.089422    1.146759 v _072_/Y (sky130_fd_sc_hd__nand2b_1)
                                                         _033_ (net)
                      0.033675    0.000278    1.147038 v _075_/B (sky130_fd_sc_hd__and4_1)
     2    0.006709    0.039956    0.120153    1.267191 v _075_/X (sky130_fd_sc_hd__and4_1)
                                                         _036_ (net)
                      0.039961    0.000449    1.267640 v _079_/B1 (sky130_fd_sc_hd__o2111a_1)
     1    0.009317    0.052972    0.107564    1.375204 v _079_/X (sky130_fd_sc_hd__o2111a_1)
                                                         _040_ (net)
                      0.052982    0.000720    1.375923 v _082_/A2 (sky130_fd_sc_hd__a21oi_4)
     9    0.031899    0.192465    0.192514    1.568437 ^ _082_/Y (sky130_fd_sc_hd__a21oi_4)
                                                         _043_ (net)
                      0.192490    0.001745    1.570182 ^ _087_/A (sky130_fd_sc_hd__and3_1)
     1    0.002428    0.034793    0.104698    1.674880 ^ _087_/X (sky130_fd_sc_hd__and3_1)
                                                         _001_ (net)
                      0.034793    0.000110    1.674990 ^ _113_/D (sky130_fd_sc_hd__dfrtp_1)
                                              1.674990   data arrival time

                                  5.000000    5.000000   clock clk (rise edge)
                                  0.000000    5.000000   clock source latency
     1    0.009728    0.037625    0.024563    5.024563 ^ clk (in)
                                                         clk (net)
                      0.037633    0.000000    5.024563 ^ clkbuf_0_clk/A (sky130_fd_sc_hd__clkbuf_16)
     2    0.021615    0.032251    0.087103    5.111666 ^ clkbuf_0_clk/X (sky130_fd_sc_hd__clkbuf_16)
                                                         clknet_0_clk (net)
                      0.032325    0.001299    5.112965 ^ clkbuf_1_1__f_clk/A (sky130_fd_sc_hd__clkbuf_16)
     5    0.013573    0.026908    0.080347    5.193312 ^ clkbuf_1_1__f_clk/X (sky130_fd_sc_hd__clkbuf_16)
                                                         clknet_1_1__leaf_clk (net)
                      0.026909    0.000613    5.193925 ^ _113_/CLK (sky130_fd_sc_hd__dfrtp_1)
                                 -0.250000    4.943925   clock uncertainty
                                  0.000000    4.943925   clock reconvergence pessimism
                                 -0.034308    4.909617   library setup time
                                              4.909617   data required time
---------------------------------------------------------------------------------------------
                                              4.909617   data required time
                                             -1.674990   data arrival time
---------------------------------------------------------------------------------------------
                                              3.234627   slack (MET)


Startpoint: psc[7] (input port clocked by clk)
Endpoint: _119_ (rising edge-triggered flip-flop clocked by clk)
Path Group: clk
Path Type: max

Fanout         Cap        Slew       Delay        Time   Description
---------------------------------------------------------------------------------------------
                                  0.000000    0.000000   clock clk (rise edge)
                                  0.000000    0.000000   clock network delay (propagated)
                                  1.000000    1.000000 v input external delay
     1    0.002477    0.004240    0.002028    1.002028 v psc[7] (in)
                                                         psc[7] (net)
                      0.004243    0.000000    1.002028 v input8/A (sky130_fd_sc_hd__clkbuf_1)
     2    0.005488    0.027807    0.055015    1.057043 v input8/X (sky130_fd_sc_hd__clkbuf_1)
                                                         net8 (net)
                      0.027810    0.000294    1.057337 v _072_/A_N (sky130_fd_sc_hd__nand2b_1)
     2    0.004605    0.033673    0.089422    1.146759 v _072_/Y (sky130_fd_sc_hd__nand2b_1)
                                                         _033_ (net)
                      0.033675    0.000278    1.147038 v _075_/B (sky130_fd_sc_hd__and4_1)
     2    0.006709    0.039956    0.120153    1.267191 v _075_/X (sky130_fd_sc_hd__and4_1)
                                                         _036_ (net)
                      0.039961    0.000449    1.267640 v _079_/B1 (sky130_fd_sc_hd__o2111a_1)
     1    0.009317    0.052972    0.107564    1.375204 v _079_/X (sky130_fd_sc_hd__o2111a_1)
                                                         _040_ (net)
                      0.052982    0.000720    1.375923 v _082_/A2 (sky130_fd_sc_hd__a21oi_4)
     9    0.031899    0.192465    0.192514    1.568437 ^ _082_/Y (sky130_fd_sc_hd__a21oi_4)
                                                         _043_ (net)
                      0.192476    0.001171    1.569608 ^ _103_/B1_N (sky130_fd_sc_hd__a21boi_1)
     1    0.003104    0.079621    0.089482    1.659090 ^ _103_/Y (sky130_fd_sc_hd__a21boi_1)
                                                         _007_ (net)
                      0.079621    0.000231    1.659321 ^ _119_/D (sky130_fd_sc_hd__dfrtp_1)
                                              1.659321   data arrival time

                                  5.000000    5.000000   clock clk (rise edge)
                                  0.000000    5.000000   clock source latency
     1    0.009728    0.037625    0.024563    5.024563 ^ clk (in)
                                                         clk (net)
                      0.037633    0.000000    5.024563 ^ clkbuf_0_clk/A (sky130_fd_sc_hd__clkbuf_16)
     2    0.021615    0.032251    0.087103    5.111666 ^ clkbuf_0_clk/X (sky130_fd_sc_hd__clkbuf_16)
                                                         clknet_0_clk (net)
                      0.032331    0.001349    5.113015 ^ clkbuf_1_0__f_clk/A (sky130_fd_sc_hd__clkbuf_16)
     5    0.016199    0.028635    0.082128    5.195143 ^ clkbuf_1_0__f_clk/X (sky130_fd_sc_hd__clkbuf_16)
                                                         clknet_1_0__leaf_clk (net)
                      0.028642    0.000678    5.195821 ^ _119_/CLK (sky130_fd_sc_hd__dfrtp_1)
                                 -0.250000    4.945821   clock uncertainty
                                  0.000000    4.945821   clock reconvergence pessimism
                                 -0.038508    4.907313   library setup time
                                              4.907313   data required time
---------------------------------------------------------------------------------------------
                                              4.907313   data required time
                                             -1.659321   data arrival time
---------------------------------------------------------------------------------------------
                                              3.247992   slack (MET)


Startpoint: psc[7] (input port clocked by clk)
Endpoint: _112_ (rising edge-triggered flip-flop clocked by clk)
Path Group: clk
Path Type: max

Fanout         Cap        Slew       Delay        Time   Description
---------------------------------------------------------------------------------------------
                                  0.000000    0.000000   clock clk (rise edge)
                                  0.000000    0.000000   clock network delay (propagated)
                                  1.000000    1.000000 v input external delay
     1    0.002477    0.004240    0.002028    1.002028 v psc[7] (in)
                                                         psc[7] (net)
                      0.004243    0.000000    1.002028 v input8/A (sky130_fd_sc_hd__clkbuf_1)
     2    0.005488    0.027807    0.055015    1.057043 v input8/X (sky130_fd_sc_hd__clkbuf_1)
                                                         net8 (net)
                      0.027810    0.000294    1.057337 v _072_/A_N (sky130_fd_sc_hd__nand2b_1)
     2    0.004605    0.033673    0.089422    1.146759 v _072_/Y (sky130_fd_sc_hd__nand2b_1)
                                                         _033_ (net)
                      0.033675    0.000278    1.147038 v _075_/B (sky130_fd_sc_hd__and4_1)
     2    0.006709    0.039956    0.120153    1.267191 v _075_/X (sky130_fd_sc_hd__and4_1)
                                                         _036_ (net)
                      0.039961    0.000449    1.267640 v _079_/B1 (sky130_fd_sc_hd__o2111a_1)
     1    0.009317    0.052972    0.107564    1.375204 v _079_/X (sky130_fd_sc_hd__o2111a_1)
                                                         _040_ (net)
                      0.052982    0.000720    1.375923 v _082_/A2 (sky130_fd_sc_hd__a21oi_4)
     9    0.031899    0.192465    0.192514    1.568437 ^ _082_/Y (sky130_fd_sc_hd__a21oi_4)
                                                         _043_ (net)
                      0.192524    0.002658    1.571095 ^ _084_/B (sky130_fd_sc_hd__and2b_1)
     1    0.002437    0.029975    0.087891    1.658986 ^ _084_/X (sky130_fd_sc_hd__and2b_1)
                                                         _000_ (net)
                      0.029975    0.000173    1.659159 ^ _112_/D (sky130_fd_sc_hd__dfrtp_1)
                                              1.659159   data arrival time

                                  5.000000    5.000000   clock clk (rise edge)
                                  0.000000    5.000000   clock source latency
     1    0.009728    0.037625    0.024563    5.024563 ^ clk (in)
                                                         clk (net)
                      0.037633    0.000000    5.024563 ^ clkbuf_0_clk/A (sky130_fd_sc_hd__clkbuf_16)
     2    0.021615    0.032251    0.087103    5.111666 ^ clkbuf_0_clk/X (sky130_fd_sc_hd__clkbuf_16)
                                                         clknet_0_clk (net)
                      0.032325    0.001299    5.112965 ^ clkbuf_1_1__f_clk/A (sky130_fd_sc_hd__clkbuf_16)
     5    0.013573    0.026908    0.080347    5.193312 ^ clkbuf_1_1__f_clk/X (sky130_fd_sc_hd__clkbuf_16)
                                                         clknet_1_1__leaf_clk (net)
                      0.026909    0.000693    5.194005 ^ _112_/CLK (sky130_fd_sc_hd__dfrtp_1)
                                 -0.250000    4.944005   clock uncertainty
                                  0.000000    4.944005   clock reconvergence pessimism
                                 -0.033849    4.910155   library setup time
                                              4.910155   data required time
---------------------------------------------------------------------------------------------
                                              4.910155   data required time
                                             -1.659159   data arrival time
---------------------------------------------------------------------------------------------
                                              3.250996   slack (MET)


Startpoint: psc[7] (input port clocked by clk)
Endpoint: _120_ (rising edge-triggered flip-flop clocked by clk)
Path Group: clk
Path Type: max

Fanout         Cap        Slew       Delay        Time   Description
---------------------------------------------------------------------------------------------
                                  0.000000    0.000000   clock clk (rise edge)
                                  0.000000    0.000000   clock network delay (propagated)
                                  1.000000    1.000000 v input external delay
     1    0.002477    0.004240    0.002028    1.002028 v psc[7] (in)
                                                         psc[7] (net)
                      0.004243    0.000000    1.002028 v input8/A (sky130_fd_sc_hd__clkbuf_1)
     2    0.005488    0.027807    0.055015    1.057043 v input8/X (sky130_fd_sc_hd__clkbuf_1)
                                                         net8 (net)
                      0.027810    0.000294    1.057337 v _072_/A_N (sky130_fd_sc_hd__nand2b_1)
     2    0.004605    0.033673    0.089422    1.146759 v _072_/Y (sky130_fd_sc_hd__nand2b_1)
                                                         _033_ (net)
                      0.033675    0.000278    1.147038 v _075_/B (sky130_fd_sc_hd__and4_1)
     2    0.006709    0.039956    0.120153    1.267191 v _075_/X (sky130_fd_sc_hd__and4_1)
                                                         _036_ (net)
                      0.039961    0.000449    1.267640 v _079_/B1 (sky130_fd_sc_hd__o2111a_1)
     1    0.009317    0.052972    0.107564    1.375204 v _079_/X (sky130_fd_sc_hd__o2111a_1)
                                                         _040_ (net)
                      0.052982    0.000720    1.375923 v _082_/A2 (sky130_fd_sc_hd__a21oi_4)
     9    0.031899    0.192465    0.192514    1.568437 ^ _082_/Y (sky130_fd_sc_hd__a21oi_4)
                                                         _043_ (net)
                      0.192561    0.003375    1.571813 ^ _083_/B (sky130_fd_sc_hd__xnor2_1)
     1    0.002289    0.041219    0.038315    1.610128 v _083_/Y (sky130_fd_sc_hd__xnor2_1)
                                                         _017_ (net)
                      0.041219    0.000166    1.610294 v _120_/D (sky130_fd_sc_hd__dfrtp_1)
                                              1.610294   data arrival time

                                  5.000000    5.000000   clock clk (rise edge)
                                  0.000000    5.000000   clock source latency
     1    0.009728    0.037625    0.024563    5.024563 ^ clk (in)
                                                         clk (net)
                      0.037633    0.000000    5.024563 ^ clkbuf_0_clk/A (sky130_fd_sc_hd__clkbuf_16)
     2    0.021615    0.032251    0.087103    5.111666 ^ clkbuf_0_clk/X (sky130_fd_sc_hd__clkbuf_16)
                                                         clknet_0_clk (net)
                      0.032331    0.001349    5.113015 ^ clkbuf_1_0__f_clk/A (sky130_fd_sc_hd__clkbuf_16)
     5    0.016199    0.028635    0.082128    5.195143 ^ clkbuf_1_0__f_clk/X (sky130_fd_sc_hd__clkbuf_16)
                                                         clknet_1_0__leaf_clk (net)
                      0.028640    0.000504    5.195646 ^ _120_/CLK (sky130_fd_sc_hd__dfrtp_1)
                                 -0.250000    4.945646   clock uncertainty
                                  0.000000    4.945646   clock reconvergence pessimism
                                 -0.076061    4.869586   library setup time
                                              4.869586   data required time
---------------------------------------------------------------------------------------------
                                              4.869586   data required time
                                             -1.610294   data arrival time
---------------------------------------------------------------------------------------------
                                              3.259291   slack (MET)


Startpoint: rst (input port clocked by clk)
Endpoint: _119_ (recovery check against rising-edge clock clk)
Path Group: asynchronous
Path Type: max

Fanout         Cap        Slew       Delay        Time   Description
---------------------------------------------------------------------------------------------
                                  0.000000    0.000000   clock clk (rise edge)
                                  0.000000    0.000000   clock network delay (propagated)
                                  1.000000    1.000000 v input external delay
     1    0.002292    0.003971    0.001864    1.001864 v rst (in)
                                                         rst (net)
                      0.003974    0.000000    1.001864 v hold2/A (sky130_fd_sc_hd__dlygate4sd3_1)
     1    0.002539    0.037098    0.349780    1.351644 v hold2/X (sky130_fd_sc_hd__dlygate4sd3_1)
                                                         net12 (net)
                      0.037098    0.000172    1.351815 v input9/A (sky130_fd_sc_hd__clkbuf_4)
     9    0.049256    0.075750    0.139652    1.491468 v input9/X (sky130_fd_sc_hd__clkbuf_4)
                                                         net9 (net)
                      0.076110    0.004085    1.495553 v _110_/A (sky130_fd_sc_hd__inv_2)
     1    0.004390    0.029491    0.046915    1.542468 ^ _110_/Y (sky130_fd_sc_hd__inv_2)
                                                         _015_ (net)
                      0.029492    0.000238    1.542706 ^ _119_/RESET_B (sky130_fd_sc_hd__dfrtp_1)
                                              1.542706   data arrival time

                                  5.000000    5.000000   clock clk (rise edge)
                                  0.000000    5.000000   clock source latency
     1    0.009728    0.037625    0.024563    5.024563 ^ clk (in)
                                                         clk (net)
                      0.037633    0.000000    5.024563 ^ clkbuf_0_clk/A (sky130_fd_sc_hd__clkbuf_16)
     2    0.021615    0.032251    0.087103    5.111666 ^ clkbuf_0_clk/X (sky130_fd_sc_hd__clkbuf_16)
                                                         clknet_0_clk (net)
                      0.032331    0.001349    5.113015 ^ clkbuf_1_0__f_clk/A (sky130_fd_sc_hd__clkbuf_16)
     5    0.016199    0.028635    0.082128    5.195143 ^ clkbuf_1_0__f_clk/X (sky130_fd_sc_hd__clkbuf_16)
                                                         clknet_1_0__leaf_clk (net)
                      0.028642    0.000678    5.195821 ^ _119_/CLK (sky130_fd_sc_hd__dfrtp_1)
                                 -0.250000    4.945821   clock uncertainty
                                  0.000000    4.945821   clock reconvergence pessimism
                                  0.143598    5.089419   library recovery time
                                              5.089419   data required time
---------------------------------------------------------------------------------------------
                                              5.089419   data required time
                                             -1.542706   data arrival time
---------------------------------------------------------------------------------------------
                                              3.546712   slack (MET)


Startpoint: rst (input port clocked by clk)
Endpoint: _114_ (recovery check against rising-edge clock clk)
Path Group: asynchronous
Path Type: max

Fanout         Cap        Slew       Delay        Time   Description
---------------------------------------------------------------------------------------------
                                  0.000000    0.000000   clock clk (rise edge)
                                  0.000000    0.000000   clock network delay (propagated)
                                  1.000000    1.000000 v input external delay
     1    0.002292    0.003971    0.001864    1.001864 v rst (in)
                                                         rst (net)
                      0.003974    0.000000    1.001864 v hold2/A (sky130_fd_sc_hd__dlygate4sd3_1)
     1    0.002539    0.037098    0.349780    1.351644 v hold2/X (sky130_fd_sc_hd__dlygate4sd3_1)
                                                         net12 (net)
                      0.037098    0.000172    1.351815 v input9/A (sky130_fd_sc_hd__clkbuf_4)
     9    0.049256    0.075750    0.139652    1.491468 v input9/X (sky130_fd_sc_hd__clkbuf_4)
                                                         net9 (net)
                      0.076024    0.003530    1.494997 v _105_/A (sky130_fd_sc_hd__inv_2)
     1    0.003913    0.028066    0.045081    1.540078 ^ _105_/Y (sky130_fd_sc_hd__inv_2)
                                                         _010_ (net)
                      0.028067    0.000207    1.540285 ^ _114_/RESET_B (sky130_fd_sc_hd__dfrtp_1)
                                              1.540285   data arrival time

                                  5.000000    5.000000   clock clk (rise edge)
                                  0.000000    5.000000   clock source latency
     1    0.009728    0.037625    0.024563    5.024563 ^ clk (in)
                                                         clk (net)
                      0.037633    0.000000    5.024563 ^ clkbuf_0_clk/A (sky130_fd_sc_hd__clkbuf_16)
     2    0.021615    0.032251    0.087103    5.111666 ^ clkbuf_0_clk/X (sky130_fd_sc_hd__clkbuf_16)
                                                         clknet_0_clk (net)
                      0.032325    0.001299    5.112965 ^ clkbuf_1_1__f_clk/A (sky130_fd_sc_hd__clkbuf_16)
     5    0.013573    0.026908    0.080347    5.193312 ^ clkbuf_1_1__f_clk/X (sky130_fd_sc_hd__clkbuf_16)
                                                         clknet_1_1__leaf_clk (net)
                      0.026909    0.000637    5.193949 ^ _114_/CLK (sky130_fd_sc_hd__dfrtp_1)
                                 -0.250000    4.943949   clock uncertainty
                                  0.000000    4.943949   clock reconvergence pessimism
                                  0.143607    5.087555   library recovery time
                                              5.087555   data required time
---------------------------------------------------------------------------------------------
                                              5.087555   data required time
                                             -1.540285   data arrival time
---------------------------------------------------------------------------------------------
                                              3.547270   slack (MET)


Startpoint: rst (input port clocked by clk)
Endpoint: _115_ (recovery check against rising-edge clock clk)
Path Group: asynchronous
Path Type: max

Fanout         Cap        Slew       Delay        Time   Description
---------------------------------------------------------------------------------------------
                                  0.000000    0.000000   clock clk (rise edge)
                                  0.000000    0.000000   clock network delay (propagated)
                                  1.000000    1.000000 v input external delay
     1    0.002292    0.003971    0.001864    1.001864 v rst (in)
                                                         rst (net)
                      0.003974    0.000000    1.001864 v hold2/A (sky130_fd_sc_hd__dlygate4sd3_1)
     1    0.002539    0.037098    0.349780    1.351644 v hold2/X (sky130_fd_sc_hd__dlygate4sd3_1)
                                                         net12 (net)
                      0.037098    0.000172    1.351815 v input9/A (sky130_fd_sc_hd__clkbuf_4)
     9    0.049256    0.075750    0.139652    1.491468 v input9/X (sky130_fd_sc_hd__clkbuf_4)
                                                         net9 (net)
                      0.075963    0.003070    1.494537 v _106_/A (sky130_fd_sc_hd__inv_2)
     1    0.003940    0.028131    0.045167    1.539705 ^ _106_/Y (sky130_fd_sc_hd__inv_2)
                                                         _011_ (net)
                      0.028133    0.000208    1.539913 ^ _115_/RESET_B (sky130_fd_sc_hd__dfrtp_1)
                                              1.539913   data arrival time

                                  5.000000    5.000000   clock clk (rise edge)
                                  0.000000    5.000000   clock source latency
     1    0.009728    0.037625    0.024563    5.024563 ^ clk (in)
                                                         clk (net)
                      0.037633    0.000000    5.024563 ^ clkbuf_0_clk/A (sky130_fd_sc_hd__clkbuf_16)
     2    0.021615    0.032251    0.087103    5.111666 ^ clkbuf_0_clk/X (sky130_fd_sc_hd__clkbuf_16)
                                                         clknet_0_clk (net)
                      0.032325    0.001299    5.112965 ^ clkbuf_1_1__f_clk/A (sky130_fd_sc_hd__clkbuf_16)
     5    0.013573    0.026908    0.080347    5.193312 ^ clkbuf_1_1__f_clk/X (sky130_fd_sc_hd__clkbuf_16)
                                                         clknet_1_1__leaf_clk (net)
                      0.026910    0.000727    5.194039 ^ _115_/CLK (sky130_fd_sc_hd__dfrtp_1)
                                 -0.250000    4.944039   clock uncertainty
                                  0.000000    4.944039   clock reconvergence pessimism
                                  0.143594    5.087634   library recovery time
                                              5.087634   data required time
---------------------------------------------------------------------------------------------
                                              5.087634   data required time
                                             -1.539913   data arrival time
---------------------------------------------------------------------------------------------
                                              3.547721   slack (MET)


Startpoint: rst (input port clocked by clk)
Endpoint: _118_ (recovery check against rising-edge clock clk)
Path Group: asynchronous
Path Type: max

Fanout         Cap        Slew       Delay        Time   Description
---------------------------------------------------------------------------------------------
                                  0.000000    0.000000   clock clk (rise edge)
                                  0.000000    0.000000   clock network delay (propagated)
                                  1.000000    1.000000 v input external delay
     1    0.002292    0.003971    0.001864    1.001864 v rst (in)
                                                         rst (net)
                      0.003974    0.000000    1.001864 v hold2/A (sky130_fd_sc_hd__dlygate4sd3_1)
     1    0.002539    0.037098    0.349780    1.351644 v hold2/X (sky130_fd_sc_hd__dlygate4sd3_1)
                                                         net12 (net)
                      0.037098    0.000172    1.351815 v input9/A (sky130_fd_sc_hd__clkbuf_4)
     9    0.049256    0.075750    0.139652    1.491468 v input9/X (sky130_fd_sc_hd__clkbuf_4)
                                                         net9 (net)
                      0.076113    0.004103    1.495571 v _109_/A (sky130_fd_sc_hd__inv_2)
     1    0.004071    0.028522    0.045760    1.541330 ^ _109_/Y (sky130_fd_sc_hd__inv_2)
                                                         _014_ (net)
                      0.028522    0.000103    1.541433 ^ _118_/RESET_B (sky130_fd_sc_hd__dfrtp_1)
                                              1.541433   data arrival time

                                  5.000000    5.000000   clock clk (rise edge)
                                  0.000000    5.000000   clock source latency
     1    0.009728    0.037625    0.024563    5.024563 ^ clk (in)
                                                         clk (net)
                      0.037633    0.000000    5.024563 ^ clkbuf_0_clk/A (sky130_fd_sc_hd__clkbuf_16)
     2    0.021615    0.032251    0.087103    5.111666 ^ clkbuf_0_clk/X (sky130_fd_sc_hd__clkbuf_16)
                                                         clknet_0_clk (net)
                      0.032331    0.001349    5.113015 ^ clkbuf_1_0__f_clk/A (sky130_fd_sc_hd__clkbuf_16)
     5    0.016199    0.028635    0.082128    5.195143 ^ clkbuf_1_0__f_clk/X (sky130_fd_sc_hd__clkbuf_16)
                                                         clknet_1_0__leaf_clk (net)
                      0.028640    0.000536    5.195679 ^ _118_/CLK (sky130_fd_sc_hd__dfrtp_1)
                                 -0.250000    4.945679   clock uncertainty
                                  0.000000    4.945679   clock reconvergence pessimism
                                  0.143779    5.089458   library recovery time
                                              5.089458   data required time
---------------------------------------------------------------------------------------------
                                              5.089458   data required time
                                             -1.541433   data arrival time
---------------------------------------------------------------------------------------------
                                              3.548025   slack (MET)


Startpoint: rst (input port clocked by clk)
Endpoint: _116_ (recovery check against rising-edge clock clk)
Path Group: asynchronous
Path Type: max

Fanout         Cap        Slew       Delay        Time   Description
---------------------------------------------------------------------------------------------
                                  0.000000    0.000000   clock clk (rise edge)
                                  0.000000    0.000000   clock network delay (propagated)
                                  1.000000    1.000000 v input external delay
     1    0.002292    0.003971    0.001864    1.001864 v rst (in)
                                                         rst (net)
                      0.003974    0.000000    1.001864 v hold2/A (sky130_fd_sc_hd__dlygate4sd3_1)
     1    0.002539    0.037098    0.349780    1.351644 v hold2/X (sky130_fd_sc_hd__dlygate4sd3_1)
                                                         net12 (net)
                      0.037098    0.000172    1.351815 v input9/A (sky130_fd_sc_hd__clkbuf_4)
     9    0.049256    0.075750    0.139652    1.491468 v input9/X (sky130_fd_sc_hd__clkbuf_4)
                                                         net9 (net)
                      0.076060    0.003773    1.495241 v _107_/A (sky130_fd_sc_hd__inv_2)
     1    0.004160    0.028779    0.046030    1.541270 ^ _107_/Y (sky130_fd_sc_hd__inv_2)
                                                         _012_ (net)
                      0.028781    0.000219    1.541490 ^ _116_/RESET_B (sky130_fd_sc_hd__dfrtp_1)
                                              1.541490   data arrival time

                                  5.000000    5.000000   clock clk (rise edge)
                                  0.000000    5.000000   clock source latency
     1    0.009728    0.037625    0.024563    5.024563 ^ clk (in)
                                                         clk (net)
                      0.037633    0.000000    5.024563 ^ clkbuf_0_clk/A (sky130_fd_sc_hd__clkbuf_16)
     2    0.021615    0.032251    0.087103    5.111666 ^ clkbuf_0_clk/X (sky130_fd_sc_hd__clkbuf_16)
                                                         clknet_0_clk (net)
                      0.032331    0.001349    5.113015 ^ clkbuf_1_0__f_clk/A (sky130_fd_sc_hd__clkbuf_16)
     5    0.016199    0.028635    0.082128    5.195143 ^ clkbuf_1_0__f_clk/X (sky130_fd_sc_hd__clkbuf_16)
                                                         clknet_1_0__leaf_clk (net)
                      0.028644    0.000794    5.195936 ^ _116_/CLK (sky130_fd_sc_hd__dfrtp_1)
                                 -0.250000    4.945936   clock uncertainty
                                  0.000000    4.945936   clock reconvergence pessimism
                                  0.143732    5.089668   library recovery time
                                              5.089668   data required time
---------------------------------------------------------------------------------------------
                                              5.089668   data required time
                                             -1.541490   data arrival time
---------------------------------------------------------------------------------------------
                                              3.548178   slack (MET)


Startpoint: rst (input port clocked by clk)
Endpoint: _112_ (recovery check against rising-edge clock clk)
Path Group: asynchronous
Path Type: max

Fanout         Cap        Slew       Delay        Time   Description
---------------------------------------------------------------------------------------------
                                  0.000000    0.000000   clock clk (rise edge)
                                  0.000000    0.000000   clock network delay (propagated)
                                  1.000000    1.000000 v input external delay
     1    0.002292    0.003971    0.001864    1.001864 v rst (in)
                                                         rst (net)
                      0.003974    0.000000    1.001864 v hold2/A (sky130_fd_sc_hd__dlygate4sd3_1)
     1    0.002539    0.037098    0.349780    1.351644 v hold2/X (sky130_fd_sc_hd__dlygate4sd3_1)
                                                         net12 (net)
                      0.037098    0.000172    1.351815 v input9/A (sky130_fd_sc_hd__clkbuf_4)
     9    0.049256    0.075750    0.139652    1.491468 v input9/X (sky130_fd_sc_hd__clkbuf_4)
                                                         net9 (net)
                      0.075779    0.001441    1.492908 v _060_/A (sky130_fd_sc_hd__inv_2)
     1    0.004171    0.028758    0.045990    1.538898 ^ _060_/Y (sky130_fd_sc_hd__inv_2)
                                                         _008_ (net)
                      0.028760    0.000223    1.539121 ^ _112_/RESET_B (sky130_fd_sc_hd__dfrtp_1)
                                              1.539121   data arrival time

                                  5.000000    5.000000   clock clk (rise edge)
                                  0.000000    5.000000   clock source latency
     1    0.009728    0.037625    0.024563    5.024563 ^ clk (in)
                                                         clk (net)
                      0.037633    0.000000    5.024563 ^ clkbuf_0_clk/A (sky130_fd_sc_hd__clkbuf_16)
     2    0.021615    0.032251    0.087103    5.111666 ^ clkbuf_0_clk/X (sky130_fd_sc_hd__clkbuf_16)
                                                         clknet_0_clk (net)
                      0.032325    0.001299    5.112965 ^ clkbuf_1_1__f_clk/A (sky130_fd_sc_hd__clkbuf_16)
     5    0.013573    0.026908    0.080347    5.193312 ^ clkbuf_1_1__f_clk/X (sky130_fd_sc_hd__clkbuf_16)
                                                         clknet_1_1__leaf_clk (net)
                      0.026909    0.000693    5.194005 ^ _112_/CLK (sky130_fd_sc_hd__dfrtp_1)
                                 -0.250000    4.944005   clock uncertainty
                                  0.000000    4.944005   clock reconvergence pessimism
                                  0.143477    5.087481   library recovery time
                                              5.087481   data required time
---------------------------------------------------------------------------------------------
                                              5.087481   data required time
                                             -1.539121   data arrival time
---------------------------------------------------------------------------------------------
                                              3.548360   slack (MET)


Startpoint: rst (input port clocked by clk)
Endpoint: _113_ (recovery check against rising-edge clock clk)
Path Group: asynchronous
Path Type: max

Fanout         Cap        Slew       Delay        Time   Description
---------------------------------------------------------------------------------------------
                                  0.000000    0.000000   clock clk (rise edge)
                                  0.000000    0.000000   clock network delay (propagated)
                                  1.000000    1.000000 v input external delay
     1    0.002292    0.003971    0.001864    1.001864 v rst (in)
                                                         rst (net)
                      0.003974    0.000000    1.001864 v hold2/A (sky130_fd_sc_hd__dlygate4sd3_1)
     1    0.002539    0.037098    0.349780    1.351644 v hold2/X (sky130_fd_sc_hd__dlygate4sd3_1)
                                                         net12 (net)
                      0.037098    0.000172    1.351815 v input9/A (sky130_fd_sc_hd__clkbuf_4)
     9    0.049256    0.075750    0.139652    1.491468 v input9/X (sky130_fd_sc_hd__clkbuf_4)
                                                         net9 (net)
                      0.075883    0.002313    1.493781 v _104_/A (sky130_fd_sc_hd__inv_2)
     1    0.003818    0.027776    0.044681    1.538463 ^ _104_/Y (sky130_fd_sc_hd__inv_2)
                                                         _009_ (net)
                      0.027777    0.000201    1.538664 ^ _113_/RESET_B (sky130_fd_sc_hd__dfrtp_1)
                                              1.538664   data arrival time

                                  5.000000    5.000000   clock clk (rise edge)
                                  0.000000    5.000000   clock source latency
     1    0.009728    0.037625    0.024563    5.024563 ^ clk (in)
                                                         clk (net)
                      0.037633    0.000000    5.024563 ^ clkbuf_0_clk/A (sky130_fd_sc_hd__clkbuf_16)
     2    0.021615    0.032251    0.087103    5.111666 ^ clkbuf_0_clk/X (sky130_fd_sc_hd__clkbuf_16)
                                                         clknet_0_clk (net)
                      0.032325    0.001299    5.112965 ^ clkbuf_1_1__f_clk/A (sky130_fd_sc_hd__clkbuf_16)
     5    0.013573    0.026908    0.080347    5.193312 ^ clkbuf_1_1__f_clk/X (sky130_fd_sc_hd__clkbuf_16)
                                                         clknet_1_1__leaf_clk (net)
                      0.026909    0.000613    5.193925 ^ _113_/CLK (sky130_fd_sc_hd__dfrtp_1)
                                 -0.250000    4.943925   clock uncertainty
                                  0.000000    4.943925   clock reconvergence pessimism
                                  0.143661    5.087586   library recovery time
                                              5.087586   data required time
---------------------------------------------------------------------------------------------
                                              5.087586   data required time
                                             -1.538664   data arrival time
---------------------------------------------------------------------------------------------
                                              3.548922   slack (MET)


Startpoint: rst (input port clocked by clk)
Endpoint: _117_ (recovery check against rising-edge clock clk)
Path Group: asynchronous
Path Type: max

Fanout         Cap        Slew       Delay        Time   Description
---------------------------------------------------------------------------------------------
                                  0.000000    0.000000   clock clk (rise edge)
                                  0.000000    0.000000   clock network delay (propagated)
                                  1.000000    1.000000 v input external delay
     1    0.002292    0.003971    0.001864    1.001864 v rst (in)
                                                         rst (net)
                      0.003974    0.000000    1.001864 v hold2/A (sky130_fd_sc_hd__dlygate4sd3_1)
     1    0.002539    0.037098    0.349780    1.351644 v hold2/X (sky130_fd_sc_hd__dlygate4sd3_1)
                                                         net12 (net)
                      0.037098    0.000172    1.351815 v input9/A (sky130_fd_sc_hd__clkbuf_4)
     9    0.049256    0.075750    0.139652    1.491468 v input9/X (sky130_fd_sc_hd__clkbuf_4)
                                                         net9 (net)
                      0.075780    0.001468    1.492936 v _108_/A (sky130_fd_sc_hd__inv_2)
     1    0.004153    0.028706    0.045928    1.538864 ^ _108_/Y (sky130_fd_sc_hd__inv_2)
                                                         _013_ (net)
                      0.028707    0.000216    1.539080 ^ _117_/RESET_B (sky130_fd_sc_hd__dfrtp_1)
                                              1.539080   data arrival time

                                  5.000000    5.000000   clock clk (rise edge)
                                  0.000000    5.000000   clock source latency
     1    0.009728    0.037625    0.024563    5.024563 ^ clk (in)
                                                         clk (net)
                      0.037633    0.000000    5.024563 ^ clkbuf_0_clk/A (sky130_fd_sc_hd__clkbuf_16)
     2    0.021615    0.032251    0.087103    5.111666 ^ clkbuf_0_clk/X (sky130_fd_sc_hd__clkbuf_16)
                                                         clknet_0_clk (net)
                      0.032331    0.001349    5.113015 ^ clkbuf_1_0__f_clk/A (sky130_fd_sc_hd__clkbuf_16)
     5    0.016199    0.028635    0.082128    5.195143 ^ clkbuf_1_0__f_clk/X (sky130_fd_sc_hd__clkbuf_16)
                                                         clknet_1_0__leaf_clk (net)
                      0.028646    0.000879    5.196022 ^ _117_/CLK (sky130_fd_sc_hd__dfrtp_1)
                                 -0.250000    4.946022   clock uncertainty
                                  0.000000    4.946022   clock reconvergence pessimism
                                  0.143746    5.089767   library recovery time
                                              5.089767   data required time
---------------------------------------------------------------------------------------------
                                              5.089767   data required time
                                             -1.539080   data arrival time
---------------------------------------------------------------------------------------------
                                              3.550687   slack (MET)


Startpoint: rst (input port clocked by clk)
Endpoint: _120_ (recovery check against rising-edge clock clk)
Path Group: asynchronous
Path Type: max

Fanout         Cap        Slew       Delay        Time   Description
---------------------------------------------------------------------------------------------
                                  0.000000    0.000000   clock clk (rise edge)
                                  0.000000    0.000000   clock network delay (propagated)
                                  1.000000    1.000000 v input external delay
     1    0.002292    0.003971    0.001864    1.001864 v rst (in)
                                                         rst (net)
                      0.003974    0.000000    1.001864 v hold2/A (sky130_fd_sc_hd__dlygate4sd3_1)
     1    0.002539    0.037098    0.349780    1.351644 v hold2/X (sky130_fd_sc_hd__dlygate4sd3_1)
                                                         net12 (net)
                      0.037098    0.000172    1.351815 v input9/A (sky130_fd_sc_hd__clkbuf_4)
     9    0.049256    0.075750    0.139652    1.491468 v input9/X (sky130_fd_sc_hd__clkbuf_4)
                                                         net9 (net)
                      0.075877    0.002251    1.493719 v _111_/A (sky130_fd_sc_hd__inv_2)
     1    0.003822    0.027788    0.044697    1.538416 ^ _111_/Y (sky130_fd_sc_hd__inv_2)
                                                         _016_ (net)
                      0.027789    0.000203    1.538618 ^ _120_/RESET_B (sky130_fd_sc_hd__dfrtp_1)
                                              1.538618   data arrival time

                                  5.000000    5.000000   clock clk (rise edge)
                                  0.000000    5.000000   clock source latency
     1    0.009728    0.037625    0.024563    5.024563 ^ clk (in)
                                                         clk (net)
                      0.037633    0.000000    5.024563 ^ clkbuf_0_clk/A (sky130_fd_sc_hd__clkbuf_16)
     2    0.021615    0.032251    0.087103    5.111666 ^ clkbuf_0_clk/X (sky130_fd_sc_hd__clkbuf_16)
                                                         clknet_0_clk (net)
                      0.032331    0.001349    5.113015 ^ clkbuf_1_0__f_clk/A (sky130_fd_sc_hd__clkbuf_16)
     5    0.016199    0.028635    0.082128    5.195143 ^ clkbuf_1_0__f_clk/X (sky130_fd_sc_hd__clkbuf_16)
                                                         clknet_1_0__leaf_clk (net)
                      0.028640    0.000504    5.195646 ^ _120_/CLK (sky130_fd_sc_hd__dfrtp_1)
                                 -0.250000    4.945646   clock uncertainty
                                  0.000000    4.945646   clock reconvergence pessimism
                                  0.143917    5.089563   library recovery time
                                              5.089563   data required time
---------------------------------------------------------------------------------------------
                                              5.089563   data required time
                                             -1.538618   data arrival time
---------------------------------------------------------------------------------------------
                                              3.550945   slack (MET)



