
===========================================================================
report_checks -path_delay min (Hold)
============================================================================
======================= nom_ff_n40C_1v95 Corner ===================================

Startpoint: _353_ (rising edge-triggered flip-flop clocked by clk)
Endpoint: _354_ (rising edge-triggered flip-flop clocked by clk)
Path Group: clk
Path Type: min

Fanout         Cap        Slew       Delay        Time   Description
---------------------------------------------------------------------------------------------
                      0.150000    0.000000    0.000000   clock clk (rise edge)
                                  0.000000    0.000000   clock network delay (ideal)
                      0.150000    0.000000    0.000000 ^ _353_/CLK (sky130_fd_sc_hd__dfrtp_2)
     7    0.019002    0.079608    0.281848    0.281848 ^ _353_/Q (sky130_fd_sc_hd__dfrtp_2)
                                                         counter[0] (net)
                      0.079608    0.000000    0.281848 ^ _223_/A (sky130_fd_sc_hd__nand2_2)
     1    0.001495    0.020729    0.019325    0.301172 v _223_/Y (sky130_fd_sc_hd__nand2_2)
                                                         _049_ (net)
                      0.020729    0.000000    0.301172 v _257_/A (sky130_fd_sc_hd__and3_2)
     1    0.002059    0.022795    0.097326    0.398498 v _257_/X (sky130_fd_sc_hd__and3_2)
                                                         _007_ (net)
                      0.022795    0.000000    0.398498 v _354_/D (sky130_fd_sc_hd__dfrtp_2)
                                              0.398498   data arrival time

                      0.150000    0.000000    0.000000   clock clk (rise edge)
                                  0.000000    0.000000   clock network delay (ideal)
                                  0.250000    0.250000   clock uncertainty
                                  0.000000    0.250000   clock reconvergence pessimism
                                              0.250000 ^ _354_/CLK (sky130_fd_sc_hd__dfrtp_2)
                                 -0.014837    0.235163   library hold time
                                              0.235163   data required time
---------------------------------------------------------------------------------------------
                                              0.235163   data required time
                                             -0.398498   data arrival time
---------------------------------------------------------------------------------------------
                                              0.163335   slack (MET)


Startpoint: _355_ (rising edge-triggered flip-flop clocked by clk)
Endpoint: _355_ (rising edge-triggered flip-flop clocked by clk)
Path Group: clk
Path Type: min

Fanout         Cap        Slew       Delay        Time   Description
---------------------------------------------------------------------------------------------
                      0.150000    0.000000    0.000000   clock clk (rise edge)
                                  0.000000    0.000000   clock network delay (ideal)
                      0.150000    0.000000    0.000000 ^ _355_/CLK (sky130_fd_sc_hd__dfrtp_2)
     7    0.013612    0.061625    0.268103    0.268103 ^ _355_/Q (sky130_fd_sc_hd__dfrtp_2)
                                                         counter[2] (net)
                      0.061625    0.000000    0.268103 ^ _259_/B1 (sky130_fd_sc_hd__a21o_2)
     1    0.001617    0.015330    0.051347    0.319450 ^ _259_/X (sky130_fd_sc_hd__a21o_2)
                                                         _083_ (net)
                      0.015330    0.000000    0.319450 ^ _260_/B (sky130_fd_sc_hd__and3b_2)
     1    0.002087    0.025559    0.088712    0.408163 ^ _260_/X (sky130_fd_sc_hd__and3b_2)
                                                         _008_ (net)
                      0.025559    0.000000    0.408163 ^ _355_/D (sky130_fd_sc_hd__dfrtp_2)
                                              0.408163   data arrival time

                      0.150000    0.000000    0.000000   clock clk (rise edge)
                                  0.000000    0.000000   clock network delay (ideal)
                                  0.250000    0.250000   clock uncertainty
                                  0.000000    0.250000   clock reconvergence pessimism
                                              0.250000 ^ _355_/CLK (sky130_fd_sc_hd__dfrtp_2)
                                 -0.016213    0.233787   library hold time
                                              0.233787   data required time
---------------------------------------------------------------------------------------------
                                              0.233787   data required time
                                             -0.408163   data arrival time
---------------------------------------------------------------------------------------------
                                              0.174376   slack (MET)


Startpoint: _353_ (rising edge-triggered flip-flop clocked by clk)
Endpoint: _353_ (rising edge-triggered flip-flop clocked by clk)
Path Group: clk
Path Type: min

Fanout         Cap        Slew       Delay        Time   Description
---------------------------------------------------------------------------------------------
                      0.150000    0.000000    0.000000   clock clk (rise edge)
                                  0.000000    0.000000   clock network delay (ideal)
                      0.150000    0.000000    0.000000 ^ _353_/CLK (sky130_fd_sc_hd__dfrtp_2)
     7    0.019002    0.079608    0.281848    0.281848 ^ _353_/Q (sky130_fd_sc_hd__dfrtp_2)
                                                         counter[0] (net)
                      0.079608    0.000000    0.281848 ^ _176_/A (sky130_fd_sc_hd__inv_2)
     4    0.010040    0.030392    0.030408    0.312256 v _176_/Y (sky130_fd_sc_hd__inv_2)
                                                         _145_ (net)
                      0.030392    0.000000    0.312256 v _255_/A (sky130_fd_sc_hd__and2_2)
     1    0.002059    0.023359    0.097973    0.410229 v _255_/X (sky130_fd_sc_hd__and2_2)
                                                         _000_ (net)
                      0.023359    0.000000    0.410229 v _353_/D (sky130_fd_sc_hd__dfrtp_2)
                                              0.410229   data arrival time

                      0.150000    0.000000    0.000000   clock clk (rise edge)
                                  0.000000    0.000000   clock network delay (ideal)
                                  0.250000    0.250000   clock uncertainty
                                  0.000000    0.250000   clock reconvergence pessimism
                                              0.250000 ^ _353_/CLK (sky130_fd_sc_hd__dfrtp_2)
                                 -0.015018    0.234982   library hold time
                                              0.234982   data required time
---------------------------------------------------------------------------------------------
                                              0.234982   data required time
                                             -0.410229   data arrival time
---------------------------------------------------------------------------------------------
                                              0.175247   slack (MET)


Startpoint: _368_ (rising edge-triggered flip-flop clocked by clk)
Endpoint: _368_ (rising edge-triggered flip-flop clocked by clk)
Path Group: clk
Path Type: min

Fanout         Cap        Slew       Delay        Time   Description
---------------------------------------------------------------------------------------------
                      0.150000    0.000000    0.000000   clock clk (rise edge)
                                  0.000000    0.000000   clock network delay (ideal)
                      0.150000    0.000000    0.000000 ^ _368_/CLK (sky130_fd_sc_hd__dfrtp_2)
     5    0.020217    0.083700    0.284850    0.284850 ^ _368_/Q (sky130_fd_sc_hd__dfrtp_2)
                                                         counter[15] (net)
                      0.083700    0.000000    0.284850 ^ _297_/A (sky130_fd_sc_hd__nand2_2)
     1    0.001549    0.015160    0.019456    0.304307 v _297_/Y (sky130_fd_sc_hd__nand2_2)
                                                         _108_ (net)
                      0.015160    0.000000    0.304307 v _299_/B (sky130_fd_sc_hd__and3_2)
     1    0.002059    0.022874    0.107901    0.412207 v _299_/X (sky130_fd_sc_hd__and3_2)
                                                         _006_ (net)
                      0.022874    0.000000    0.412207 v _368_/D (sky130_fd_sc_hd__dfrtp_2)
                                              0.412207   data arrival time

                      0.150000    0.000000    0.000000   clock clk (rise edge)
                                  0.000000    0.000000   clock network delay (ideal)
                                  0.250000    0.250000   clock uncertainty
                                  0.000000    0.250000   clock reconvergence pessimism
                                              0.250000 ^ _368_/CLK (sky130_fd_sc_hd__dfrtp_2)
                                 -0.014863    0.235137   library hold time
                                              0.235137   data required time
---------------------------------------------------------------------------------------------
                                              0.235137   data required time
                                             -0.412207   data arrival time
---------------------------------------------------------------------------------------------
                                              0.177070   slack (MET)


Startpoint: _358_ (rising edge-triggered flip-flop clocked by clk)
Endpoint: _358_ (rising edge-triggered flip-flop clocked by clk)
Path Group: clk
Path Type: min

Fanout         Cap        Slew       Delay        Time   Description
---------------------------------------------------------------------------------------------
                      0.150000    0.000000    0.000000   clock clk (rise edge)
                                  0.000000    0.000000   clock network delay (ideal)
                      0.150000    0.000000    0.000000 ^ _358_/CLK (sky130_fd_sc_hd__dfrtp_2)
     7    0.015996    0.069485    0.274419    0.274419 ^ _358_/Q (sky130_fd_sc_hd__dfrtp_2)
                                                         counter[5] (net)
                      0.069485    0.000000    0.274419 ^ _268_/B1 (sky130_fd_sc_hd__a21o_2)
     1    0.001617    0.015611    0.052179    0.326597 ^ _268_/X (sky130_fd_sc_hd__a21o_2)
                                                         _089_ (net)
                      0.015611    0.000000    0.326597 ^ _269_/B (sky130_fd_sc_hd__and3b_2)
     1    0.002087    0.025558    0.088780    0.415377 ^ _269_/X (sky130_fd_sc_hd__and3b_2)
                                                         _011_ (net)
                      0.025558    0.000000    0.415377 ^ _358_/D (sky130_fd_sc_hd__dfrtp_2)
                                              0.415377   data arrival time

                      0.150000    0.000000    0.000000   clock clk (rise edge)
                                  0.000000    0.000000   clock network delay (ideal)
                                  0.250000    0.250000   clock uncertainty
                                  0.000000    0.250000   clock reconvergence pessimism
                                              0.250000 ^ _358_/CLK (sky130_fd_sc_hd__dfrtp_2)
                                 -0.016213    0.233787   library hold time
                                              0.233787   data required time
---------------------------------------------------------------------------------------------
                                              0.233787   data required time
                                             -0.415377   data arrival time
---------------------------------------------------------------------------------------------
                                              0.181590   slack (MET)


Startpoint: _357_ (rising edge-triggered flip-flop clocked by clk)
Endpoint: _357_ (rising edge-triggered flip-flop clocked by clk)
Path Group: clk
Path Type: min

Fanout         Cap        Slew       Delay        Time   Description
---------------------------------------------------------------------------------------------
                      0.150000    0.000000    0.000000   clock clk (rise edge)
                                  0.000000    0.000000   clock network delay (ideal)
                      0.150000    0.000000    0.000000 ^ _357_/CLK (sky130_fd_sc_hd__dfrtp_2)
     9    0.021974    0.089617    0.289193    0.289193 ^ _357_/Q (sky130_fd_sc_hd__dfrtp_2)
                                                         counter[4] (net)
                      0.089617    0.000000    0.289193 ^ _264_/A (sky130_fd_sc_hd__nand2_2)
     1    0.001549    0.019509    0.019362    0.308555 v _264_/Y (sky130_fd_sc_hd__nand2_2)
                                                         _086_ (net)
                      0.019509    0.000000    0.308555 v _266_/B (sky130_fd_sc_hd__and3_2)
     1    0.002059    0.022874    0.109388    0.417943 v _266_/X (sky130_fd_sc_hd__and3_2)
                                                         _010_ (net)
                      0.022874    0.000000    0.417943 v _357_/D (sky130_fd_sc_hd__dfrtp_2)
                                              0.417943   data arrival time

                      0.150000    0.000000    0.000000   clock clk (rise edge)
                                  0.000000    0.000000   clock network delay (ideal)
                                  0.250000    0.250000   clock uncertainty
                                  0.000000    0.250000   clock reconvergence pessimism
                                              0.250000 ^ _357_/CLK (sky130_fd_sc_hd__dfrtp_2)
                                 -0.014863    0.235137   library hold time
                                              0.235137   data required time
---------------------------------------------------------------------------------------------
                                              0.235137   data required time
                                             -0.417943   data arrival time
---------------------------------------------------------------------------------------------
                                              0.182806   slack (MET)


Startpoint: _359_ (rising edge-triggered flip-flop clocked by clk)
Endpoint: _359_ (rising edge-triggered flip-flop clocked by clk)
Path Group: clk
Path Type: min

Fanout         Cap        Slew       Delay        Time   Description
---------------------------------------------------------------------------------------------
                      0.150000    0.000000    0.000000   clock clk (rise edge)
                                  0.000000    0.000000   clock network delay (ideal)
                      0.150000    0.000000    0.000000 ^ _359_/CLK (sky130_fd_sc_hd__dfrtp_2)
     6    0.012360    0.057625    0.264467    0.264467 ^ _359_/Q (sky130_fd_sc_hd__dfrtp_2)
                                                         counter[6] (net)
                      0.057625    0.000000    0.264467 ^ _271_/A (sky130_fd_sc_hd__or2_2)
     1    0.001617    0.017194    0.066797    0.331264 ^ _271_/X (sky130_fd_sc_hd__or2_2)
                                                         _091_ (net)
                      0.017194    0.000000    0.331264 ^ _272_/B (sky130_fd_sc_hd__and3b_2)
     1    0.002087    0.025553    0.089160    0.420424 ^ _272_/X (sky130_fd_sc_hd__and3b_2)
                                                         _012_ (net)
                      0.025553    0.000000    0.420424 ^ _359_/D (sky130_fd_sc_hd__dfrtp_2)
                                              0.420424   data arrival time

                      0.150000    0.000000    0.000000   clock clk (rise edge)
                                  0.000000    0.000000   clock network delay (ideal)
                                  0.250000    0.250000   clock uncertainty
                                  0.000000    0.250000   clock reconvergence pessimism
                                              0.250000 ^ _359_/CLK (sky130_fd_sc_hd__dfrtp_2)
                                 -0.016213    0.233787   library hold time
                                              0.233787   data required time
---------------------------------------------------------------------------------------------
                                              0.233787   data required time
                                             -0.420424   data arrival time
---------------------------------------------------------------------------------------------
                                              0.186637   slack (MET)


Startpoint: _362_ (rising edge-triggered flip-flop clocked by clk)
Endpoint: _352_ (rising edge-triggered flip-flop clocked by clk)
Path Group: clk
Path Type: min

Fanout         Cap        Slew       Delay        Time   Description
---------------------------------------------------------------------------------------------
                      0.150000    0.000000    0.000000   clock clk (rise edge)
                                  0.000000    0.000000   clock network delay (ideal)
                      0.150000    0.000000    0.000000 ^ _362_/CLK (sky130_fd_sc_hd__dfrtp_2)
     7    0.017003    0.072876    0.276907    0.276907 ^ _362_/Q (sky130_fd_sc_hd__dfrtp_2)
                                                         counter[9] (net)
                      0.072876    0.000000    0.276907 ^ _307_/A1 (sky130_fd_sc_hd__a221oi_2)
     2    0.006653    0.021856    0.042976    0.319884 v _307_/Y (sky130_fd_sc_hd__a221oi_2)
                                                         _117_ (net)
                      0.021856    0.000000    0.319884 v _334_/C (sky130_fd_sc_hd__nand4b_2)
     1    0.002556    0.028937    0.049855    0.369738 ^ _334_/Y (sky130_fd_sc_hd__nand4b_2)
                                                         _144_ (net)
                      0.028937    0.000000    0.369738 ^ _335_/B2 (sky130_fd_sc_hd__o22a_2)
     1    0.002087    0.017126    0.052470    0.422208 ^ _335_/X (sky130_fd_sc_hd__o22a_2)
                                                         _016_ (net)
                      0.017126    0.000000    0.422208 ^ _352_/D (sky130_fd_sc_hd__dfrtp_2)
                                              0.422208   data arrival time

                      0.150000    0.000000    0.000000   clock clk (rise edge)
                                  0.000000    0.000000   clock network delay (ideal)
                                  0.250000    0.250000   clock uncertainty
                                  0.000000    0.250000   clock reconvergence pessimism
                                              0.250000 ^ _352_/CLK (sky130_fd_sc_hd__dfrtp_2)
                                 -0.015606    0.234394   library hold time
                                              0.234394   data required time
---------------------------------------------------------------------------------------------
                                              0.234394   data required time
                                             -0.422208   data arrival time
---------------------------------------------------------------------------------------------
                                              0.187814   slack (MET)


Startpoint: _361_ (rising edge-triggered flip-flop clocked by clk)
Endpoint: _361_ (rising edge-triggered flip-flop clocked by clk)
Path Group: clk
Path Type: min

Fanout         Cap        Slew       Delay        Time   Description
---------------------------------------------------------------------------------------------
                      0.150000    0.000000    0.000000   clock clk (rise edge)
                                  0.000000    0.000000   clock network delay (ideal)
                      0.150000    0.000000    0.000000 ^ _361_/CLK (sky130_fd_sc_hd__dfrtp_2)
     5    0.012873    0.059264    0.265957    0.265957 ^ _361_/Q (sky130_fd_sc_hd__dfrtp_2)
                                                         counter[8] (net)
                      0.059264    0.000000    0.265957 ^ _277_/A (sky130_fd_sc_hd__or2_2)
     1    0.001617    0.017190    0.067173    0.333130 ^ _277_/X (sky130_fd_sc_hd__or2_2)
                                                         _095_ (net)
                      0.017190    0.000000    0.333130 ^ _278_/B (sky130_fd_sc_hd__and3b_2)
     1    0.002087    0.025553    0.089160    0.422289 ^ _278_/X (sky130_fd_sc_hd__and3b_2)
                                                         _014_ (net)
                      0.025553    0.000000    0.422289 ^ _361_/D (sky130_fd_sc_hd__dfrtp_2)
                                              0.422289   data arrival time

                      0.150000    0.000000    0.000000   clock clk (rise edge)
                                  0.000000    0.000000   clock network delay (ideal)
                                  0.250000    0.250000   clock uncertainty
                                  0.000000    0.250000   clock reconvergence pessimism
                                              0.250000 ^ _361_/CLK (sky130_fd_sc_hd__dfrtp_2)
                                 -0.016213    0.233787   library hold time
                                              0.233787   data required time
---------------------------------------------------------------------------------------------
                                              0.233787   data required time
                                             -0.422289   data arrival time
---------------------------------------------------------------------------------------------
                                              0.188502   slack (MET)


Startpoint: _363_ (rising edge-triggered flip-flop clocked by clk)
Endpoint: _363_ (rising edge-triggered flip-flop clocked by clk)
Path Group: clk
Path Type: min

Fanout         Cap        Slew       Delay        Time   Description
---------------------------------------------------------------------------------------------
                      0.150000    0.000000    0.000000   clock clk (rise edge)
                                  0.000000    0.000000   clock network delay (ideal)
                      0.150000    0.000000    0.000000 ^ _363_/CLK (sky130_fd_sc_hd__dfrtp_2)
     9    0.025540    0.101627    0.298006    0.298006 ^ _363_/Q (sky130_fd_sc_hd__dfrtp_2)
                                                         counter[10] (net)
                      0.101627    0.000000    0.298006 ^ _282_/A (sky130_fd_sc_hd__nand2_2)
     1    0.001549    0.016162    0.019171    0.317177 v _282_/Y (sky130_fd_sc_hd__nand2_2)
                                                         _098_ (net)
                      0.016162    0.000000    0.317177 v _284_/B (sky130_fd_sc_hd__and3_2)
     1    0.002059    0.022874    0.108243    0.425421 v _284_/X (sky130_fd_sc_hd__and3_2)
                                                         _001_ (net)
                      0.022874    0.000000    0.425421 v _363_/D (sky130_fd_sc_hd__dfrtp_2)
                                              0.425421   data arrival time

                      0.150000    0.000000    0.000000   clock clk (rise edge)
                                  0.000000    0.000000   clock network delay (ideal)
                                  0.250000    0.250000   clock uncertainty
                                  0.000000    0.250000   clock reconvergence pessimism
                                              0.250000 ^ _363_/CLK (sky130_fd_sc_hd__dfrtp_2)
                                 -0.014863    0.235137   library hold time
                                              0.235137   data required time
---------------------------------------------------------------------------------------------
                                              0.235137   data required time
                                             -0.425421   data arrival time
---------------------------------------------------------------------------------------------
                                              0.190283   slack (MET)


Startpoint: _364_ (rising edge-triggered flip-flop clocked by clk)
Endpoint: _364_ (rising edge-triggered flip-flop clocked by clk)
Path Group: clk
Path Type: min

Fanout         Cap        Slew       Delay        Time   Description
---------------------------------------------------------------------------------------------
                      0.150000    0.000000    0.000000   clock clk (rise edge)
                                  0.000000    0.000000   clock network delay (ideal)
                      0.150000    0.000000    0.000000 ^ _364_/CLK (sky130_fd_sc_hd__dfrtp_2)
     7    0.017830    0.075661    0.278951    0.278951 ^ _364_/Q (sky130_fd_sc_hd__dfrtp_2)
                                                         counter[11] (net)
                      0.075661    0.000000    0.278951 ^ _286_/B1 (sky130_fd_sc_hd__a31o_2)
     1    0.001617    0.017459    0.057584    0.336535 ^ _286_/X (sky130_fd_sc_hd__a31o_2)
                                                         _101_ (net)
                      0.017459    0.000000    0.336535 ^ _287_/B (sky130_fd_sc_hd__and3b_2)
     1    0.002087    0.025552    0.089224    0.425760 ^ _287_/X (sky130_fd_sc_hd__and3b_2)
                                                         _002_ (net)
                      0.025552    0.000000    0.425760 ^ _364_/D (sky130_fd_sc_hd__dfrtp_2)
                                              0.425760   data arrival time

                      0.150000    0.000000    0.000000   clock clk (rise edge)
                                  0.000000    0.000000   clock network delay (ideal)
                                  0.250000    0.250000   clock uncertainty
                                  0.000000    0.250000   clock reconvergence pessimism
                                              0.250000 ^ _364_/CLK (sky130_fd_sc_hd__dfrtp_2)
                                 -0.016213    0.233787   library hold time
                                              0.233787   data required time
---------------------------------------------------------------------------------------------
                                              0.233787   data required time
                                             -0.425760   data arrival time
---------------------------------------------------------------------------------------------
                                              0.191972   slack (MET)


Startpoint: _366_ (rising edge-triggered flip-flop clocked by clk)
Endpoint: _366_ (rising edge-triggered flip-flop clocked by clk)
Path Group: clk
Path Type: min

Fanout         Cap        Slew       Delay        Time   Description
---------------------------------------------------------------------------------------------
                      0.150000    0.000000    0.000000   clock clk (rise edge)
                                  0.000000    0.000000   clock network delay (ideal)
                      0.150000    0.000000    0.000000 ^ _366_/CLK (sky130_fd_sc_hd__dfrtp_2)
     5    0.014187    0.063462    0.269773    0.269773 ^ _366_/Q (sky130_fd_sc_hd__dfrtp_2)
                                                         counter[13] (net)
                      0.063462    0.000000    0.269773 ^ _292_/A (sky130_fd_sc_hd__or2_2)
     1    0.001617    0.017190    0.068135    0.337908 ^ _292_/X (sky130_fd_sc_hd__or2_2)
                                                         _105_ (net)
                      0.017190    0.000000    0.337908 ^ _293_/B (sky130_fd_sc_hd__and3b_2)
     1    0.002087    0.025553    0.089160    0.427068 ^ _293_/X (sky130_fd_sc_hd__and3b_2)
                                                         _004_ (net)
                      0.025553    0.000000    0.427068 ^ _366_/D (sky130_fd_sc_hd__dfrtp_2)
                                              0.427068   data arrival time

                      0.150000    0.000000    0.000000   clock clk (rise edge)
                                  0.000000    0.000000   clock network delay (ideal)
                                  0.250000    0.250000   clock uncertainty
                                  0.000000    0.250000   clock reconvergence pessimism
                                              0.250000 ^ _366_/CLK (sky130_fd_sc_hd__dfrtp_2)
                                 -0.016213    0.233787   library hold time
                                              0.233787   data required time
---------------------------------------------------------------------------------------------
                                              0.233787   data required time
                                             -0.427068   data arrival time
---------------------------------------------------------------------------------------------
                                              0.193281   slack (MET)


Startpoint: _360_ (rising edge-triggered flip-flop clocked by clk)
Endpoint: _360_ (rising edge-triggered flip-flop clocked by clk)
Path Group: clk
Path Type: min

Fanout         Cap        Slew       Delay        Time   Description
---------------------------------------------------------------------------------------------
                      0.150000    0.000000    0.000000   clock clk (rise edge)
                                  0.000000    0.000000   clock network delay (ideal)
                      0.150000    0.000000    0.000000 ^ _360_/CLK (sky130_fd_sc_hd__dfrtp_2)
     6    0.014486    0.064417    0.270642    0.270642 ^ _360_/Q (sky130_fd_sc_hd__dfrtp_2)
                                                         counter[7] (net)
                      0.064417    0.000000    0.270642 ^ _274_/A (sky130_fd_sc_hd__or2_2)
     1    0.001617    0.017217    0.068354    0.338996 ^ _274_/X (sky130_fd_sc_hd__or2_2)
                                                         _093_ (net)
                      0.017217    0.000000    0.338996 ^ _275_/B (sky130_fd_sc_hd__and3b_2)
     1    0.002087    0.025553    0.089166    0.428162 ^ _275_/X (sky130_fd_sc_hd__and3b_2)
                                                         _013_ (net)
                      0.025553    0.000000    0.428162 ^ _360_/D (sky130_fd_sc_hd__dfrtp_2)
                                              0.428162   data arrival time

                      0.150000    0.000000    0.000000   clock clk (rise edge)
                                  0.000000    0.000000   clock network delay (ideal)
                                  0.250000    0.250000   clock uncertainty
                                  0.000000    0.250000   clock reconvergence pessimism
                                              0.250000 ^ _360_/CLK (sky130_fd_sc_hd__dfrtp_2)
                                 -0.016213    0.233787   library hold time
                                              0.233787   data required time
---------------------------------------------------------------------------------------------
                                              0.233787   data required time
                                             -0.428162   data arrival time
---------------------------------------------------------------------------------------------
                                              0.194375   slack (MET)


Startpoint: _356_ (rising edge-triggered flip-flop clocked by clk)
Endpoint: _356_ (rising edge-triggered flip-flop clocked by clk)
Path Group: clk
Path Type: min

Fanout         Cap        Slew       Delay        Time   Description
---------------------------------------------------------------------------------------------
                      0.150000    0.000000    0.000000   clock clk (rise edge)
                                  0.000000    0.000000   clock network delay (ideal)
                      0.150000    0.000000    0.000000 ^ _356_/CLK (sky130_fd_sc_hd__dfrtp_2)
     6    0.015402    0.067484    0.272951    0.272951 ^ _356_/Q (sky130_fd_sc_hd__dfrtp_2)
                                                         counter[3] (net)
                      0.067484    0.000000    0.272951 ^ _262_/A (sky130_fd_sc_hd__or2_2)
     1    0.001617    0.017194    0.069057    0.342008 ^ _262_/X (sky130_fd_sc_hd__or2_2)
                                                         _085_ (net)
                      0.017194    0.000000    0.342008 ^ _263_/B (sky130_fd_sc_hd__and3b_2)
     1    0.002087    0.025553    0.089160    0.431168 ^ _263_/X (sky130_fd_sc_hd__and3b_2)
                                                         _009_ (net)
                      0.025553    0.000000    0.431168 ^ _356_/D (sky130_fd_sc_hd__dfrtp_2)
                                              0.431168   data arrival time

                      0.150000    0.000000    0.000000   clock clk (rise edge)
                                  0.000000    0.000000   clock network delay (ideal)
                                  0.250000    0.250000   clock uncertainty
                                  0.000000    0.250000   clock reconvergence pessimism
                                              0.250000 ^ _356_/CLK (sky130_fd_sc_hd__dfrtp_2)
                                 -0.016213    0.233787   library hold time
                                              0.233787   data required time
---------------------------------------------------------------------------------------------
                                              0.233787   data required time
                                             -0.431168   data arrival time
---------------------------------------------------------------------------------------------
                                              0.197381   slack (MET)


Startpoint: _362_ (rising edge-triggered flip-flop clocked by clk)
Endpoint: _362_ (rising edge-triggered flip-flop clocked by clk)
Path Group: clk
Path Type: min

Fanout         Cap        Slew       Delay        Time   Description
---------------------------------------------------------------------------------------------
                      0.150000    0.000000    0.000000   clock clk (rise edge)
                                  0.000000    0.000000   clock network delay (ideal)
                      0.150000    0.000000    0.000000 ^ _362_/CLK (sky130_fd_sc_hd__dfrtp_2)
     7    0.017003    0.072876    0.276907    0.276907 ^ _362_/Q (sky130_fd_sc_hd__dfrtp_2)
                                                         counter[9] (net)
                      0.072876    0.000000    0.276907 ^ _280_/A (sky130_fd_sc_hd__or2_2)
     1    0.001617    0.017214    0.070293    0.347201 ^ _280_/X (sky130_fd_sc_hd__or2_2)
                                                         _097_ (net)
                      0.017214    0.000000    0.347201 ^ _281_/B (sky130_fd_sc_hd__and3b_2)
     1    0.002087    0.025553    0.089165    0.436366 ^ _281_/X (sky130_fd_sc_hd__and3b_2)
                                                         _015_ (net)
                      0.025553    0.000000    0.436366 ^ _362_/D (sky130_fd_sc_hd__dfrtp_2)
                                              0.436366   data arrival time

                      0.150000    0.000000    0.000000   clock clk (rise edge)
                                  0.000000    0.000000   clock network delay (ideal)
                                  0.250000    0.250000   clock uncertainty
                                  0.000000    0.250000   clock reconvergence pessimism
                                              0.250000 ^ _362_/CLK (sky130_fd_sc_hd__dfrtp_2)
                                 -0.016213    0.233787   library hold time
                                              0.233787   data required time
---------------------------------------------------------------------------------------------
                                              0.233787   data required time
                                             -0.436366   data arrival time
---------------------------------------------------------------------------------------------
                                              0.202579   slack (MET)


Startpoint: _365_ (rising edge-triggered flip-flop clocked by clk)
Endpoint: _365_ (rising edge-triggered flip-flop clocked by clk)
Path Group: clk
Path Type: min

Fanout         Cap        Slew       Delay        Time   Description
---------------------------------------------------------------------------------------------
                      0.150000    0.000000    0.000000   clock clk (rise edge)
                                  0.000000    0.000000   clock network delay (ideal)
                      0.150000    0.000000    0.000000 ^ _365_/CLK (sky130_fd_sc_hd__dfrtp_2)
     7    0.020345    0.084131    0.285167    0.285167 ^ _365_/Q (sky130_fd_sc_hd__dfrtp_2)
                                                         counter[12] (net)
                      0.084131    0.000000    0.285167 ^ _289_/A (sky130_fd_sc_hd__or2_2)
     1    0.001617    0.017210    0.072874    0.358041 ^ _289_/X (sky130_fd_sc_hd__or2_2)
                                                         _103_ (net)
                      0.017210    0.000000    0.358041 ^ _290_/B (sky130_fd_sc_hd__and3b_2)
     1    0.002087    0.025553    0.089164    0.447205 ^ _290_/X (sky130_fd_sc_hd__and3b_2)
                                                         _003_ (net)
                      0.025553    0.000000    0.447205 ^ _365_/D (sky130_fd_sc_hd__dfrtp_2)
                                              0.447205   data arrival time

                      0.150000    0.000000    0.000000   clock clk (rise edge)
                                  0.000000    0.000000   clock network delay (ideal)
                                  0.250000    0.250000   clock uncertainty
                                  0.000000    0.250000   clock reconvergence pessimism
                                              0.250000 ^ _365_/CLK (sky130_fd_sc_hd__dfrtp_2)
                                 -0.016213    0.233787   library hold time
                                              0.233787   data required time
---------------------------------------------------------------------------------------------
                                              0.233787   data required time
                                             -0.447205   data arrival time
---------------------------------------------------------------------------------------------
                                              0.213418   slack (MET)


Startpoint: _367_ (rising edge-triggered flip-flop clocked by clk)
Endpoint: _367_ (rising edge-triggered flip-flop clocked by clk)
Path Group: clk
Path Type: min

Fanout         Cap        Slew       Delay        Time   Description
---------------------------------------------------------------------------------------------
                      0.150000    0.000000    0.000000   clock clk (rise edge)
                                  0.000000    0.000000   clock network delay (ideal)
                      0.150000    0.000000    0.000000 ^ _367_/CLK (sky130_fd_sc_hd__dfrtp_2)
     6    0.026639    0.105328    0.300722    0.300722 ^ _367_/Q (sky130_fd_sc_hd__dfrtp_2)
                                                         counter[14] (net)
                      0.105328    0.000000    0.300722 ^ _295_/A (sky130_fd_sc_hd__or2_2)
     1    0.001617    0.017202    0.077734    0.378456 ^ _295_/X (sky130_fd_sc_hd__or2_2)
                                                         _107_ (net)
                      0.017202    0.000000    0.378456 ^ _296_/B (sky130_fd_sc_hd__and3b_2)
     1    0.002087    0.025553    0.089162    0.467618 ^ _296_/X (sky130_fd_sc_hd__and3b_2)
                                                         _005_ (net)
                      0.025553    0.000000    0.467618 ^ _367_/D (sky130_fd_sc_hd__dfrtp_2)
                                              0.467618   data arrival time

                      0.150000    0.000000    0.000000   clock clk (rise edge)
                                  0.000000    0.000000   clock network delay (ideal)
                                  0.250000    0.250000   clock uncertainty
                                  0.000000    0.250000   clock reconvergence pessimism
                                              0.250000 ^ _367_/CLK (sky130_fd_sc_hd__dfrtp_2)
                                 -0.016213    0.233787   library hold time
                                              0.233787   data required time
---------------------------------------------------------------------------------------------
                                              0.233787   data required time
                                             -0.467618   data arrival time
---------------------------------------------------------------------------------------------
                                              0.233831   slack (MET)


Startpoint: rst (input port clocked by clk)
Endpoint: _352_ (removal check against rising-edge clock clk)
Path Group: asynchronous
Path Type: min

Fanout         Cap        Slew       Delay        Time   Description
---------------------------------------------------------------------------------------------
                      0.150000    0.000000    0.000000   clock clk (rise edge)
                                  0.000000    0.000000   clock network delay (ideal)
                                  1.000000    1.000000 v input external delay
    17    0.072845    0.109788    0.080156    1.080156 v rst (in)
                                                         rst (net)
                      0.109788    0.000000    1.080156 v _190_/A (sky130_fd_sc_hd__inv_2)
     1    0.003617    0.034443    0.053215    1.133371 ^ _190_/Y (sky130_fd_sc_hd__inv_2)
                                                         _017_ (net)
                      0.034443    0.000000    1.133371 ^ _352_/RESET_B (sky130_fd_sc_hd__dfrtp_2)
                                              1.133371   data arrival time

                      0.150000    0.000000    0.000000   clock clk (rise edge)
                                  0.000000    0.000000   clock network delay (ideal)
                                  0.250000    0.250000   clock uncertainty
                                  0.000000    0.250000   clock reconvergence pessimism
                                              0.250000 ^ _352_/CLK (sky130_fd_sc_hd__dfrtp_2)
                                  0.214434    0.464434   library removal time
                                              0.464434   data required time
---------------------------------------------------------------------------------------------
                                              0.464434   data required time
                                             -1.133371   data arrival time
---------------------------------------------------------------------------------------------
                                              0.668938   slack (MET)


Startpoint: rst (input port clocked by clk)
Endpoint: _353_ (removal check against rising-edge clock clk)
Path Group: asynchronous
Path Type: min

Fanout         Cap        Slew       Delay        Time   Description
---------------------------------------------------------------------------------------------
                      0.150000    0.000000    0.000000   clock clk (rise edge)
                                  0.000000    0.000000   clock network delay (ideal)
                                  1.000000    1.000000 v input external delay
    17    0.072845    0.109788    0.080156    1.080156 v rst (in)
                                                         rst (net)
                      0.109788    0.000000    1.080156 v _336_/A (sky130_fd_sc_hd__inv_2)
     1    0.003617    0.034443    0.053215    1.133371 ^ _336_/Y (sky130_fd_sc_hd__inv_2)
                                                         _018_ (net)
                      0.034443    0.000000    1.133371 ^ _353_/RESET_B (sky130_fd_sc_hd__dfrtp_2)
                                              1.133371   data arrival time

                      0.150000    0.000000    0.000000   clock clk (rise edge)
                                  0.000000    0.000000   clock network delay (ideal)
                                  0.250000    0.250000   clock uncertainty
                                  0.000000    0.250000   clock reconvergence pessimism
                                              0.250000 ^ _353_/CLK (sky130_fd_sc_hd__dfrtp_2)
                                  0.214434    0.464434   library removal time
                                              0.464434   data required time
---------------------------------------------------------------------------------------------
                                              0.464434   data required time
                                             -1.133371   data arrival time
---------------------------------------------------------------------------------------------
                                              0.668938   slack (MET)


Startpoint: rst (input port clocked by clk)
Endpoint: _354_ (removal check against rising-edge clock clk)
Path Group: asynchronous
Path Type: min

Fanout         Cap        Slew       Delay        Time   Description
---------------------------------------------------------------------------------------------
                      0.150000    0.000000    0.000000   clock clk (rise edge)
                                  0.000000    0.000000   clock network delay (ideal)
                                  1.000000    1.000000 v input external delay
    17    0.072845    0.109788    0.080156    1.080156 v rst (in)
                                                         rst (net)
                      0.109788    0.000000    1.080156 v _337_/A (sky130_fd_sc_hd__inv_2)
     1    0.003617    0.034443    0.053215    1.133371 ^ _337_/Y (sky130_fd_sc_hd__inv_2)
                                                         _019_ (net)
                      0.034443    0.000000    1.133371 ^ _354_/RESET_B (sky130_fd_sc_hd__dfrtp_2)
                                              1.133371   data arrival time

                      0.150000    0.000000    0.000000   clock clk (rise edge)
                                  0.000000    0.000000   clock network delay (ideal)
                                  0.250000    0.250000   clock uncertainty
                                  0.000000    0.250000   clock reconvergence pessimism
                                              0.250000 ^ _354_/CLK (sky130_fd_sc_hd__dfrtp_2)
                                  0.214434    0.464434   library removal time
                                              0.464434   data required time
---------------------------------------------------------------------------------------------
                                              0.464434   data required time
                                             -1.133371   data arrival time
---------------------------------------------------------------------------------------------
                                              0.668938   slack (MET)


Startpoint: rst (input port clocked by clk)
Endpoint: _355_ (removal check against rising-edge clock clk)
Path Group: asynchronous
Path Type: min

Fanout         Cap        Slew       Delay        Time   Description
---------------------------------------------------------------------------------------------
                      0.150000    0.000000    0.000000   clock clk (rise edge)
                                  0.000000    0.000000   clock network delay (ideal)
                                  1.000000    1.000000 v input external delay
    17    0.072845    0.109788    0.080156    1.080156 v rst (in)
                                                         rst (net)
                      0.109788    0.000000    1.080156 v _338_/A (sky130_fd_sc_hd__inv_2)
     1    0.003617    0.034443    0.053215    1.133371 ^ _338_/Y (sky130_fd_sc_hd__inv_2)
                                                         _020_ (net)
                      0.034443    0.000000    1.133371 ^ _355_/RESET_B (sky130_fd_sc_hd__dfrtp_2)
                                              1.133371   data arrival time

                      0.150000    0.000000    0.000000   clock clk (rise edge)
                                  0.000000    0.000000   clock network delay (ideal)
                                  0.250000    0.250000   clock uncertainty
                                  0.000000    0.250000   clock reconvergence pessimism
                                              0.250000 ^ _355_/CLK (sky130_fd_sc_hd__dfrtp_2)
                                  0.214434    0.464434   library removal time
                                              0.464434   data required time
---------------------------------------------------------------------------------------------
                                              0.464434   data required time
                                             -1.133371   data arrival time
---------------------------------------------------------------------------------------------
                                              0.668938   slack (MET)


Startpoint: rst (input port clocked by clk)
Endpoint: _356_ (removal check against rising-edge clock clk)
Path Group: asynchronous
Path Type: min

Fanout         Cap        Slew       Delay        Time   Description
---------------------------------------------------------------------------------------------
                      0.150000    0.000000    0.000000   clock clk (rise edge)
                                  0.000000    0.000000   clock network delay (ideal)
                                  1.000000    1.000000 v input external delay
    17    0.072845    0.109788    0.080156    1.080156 v rst (in)
                                                         rst (net)
                      0.109788    0.000000    1.080156 v _339_/A (sky130_fd_sc_hd__inv_2)
     1    0.003617    0.034443    0.053215    1.133371 ^ _339_/Y (sky130_fd_sc_hd__inv_2)
                                                         _021_ (net)
                      0.034443    0.000000    1.133371 ^ _356_/RESET_B (sky130_fd_sc_hd__dfrtp_2)
                                              1.133371   data arrival time

                      0.150000    0.000000    0.000000   clock clk (rise edge)
                                  0.000000    0.000000   clock network delay (ideal)
                                  0.250000    0.250000   clock uncertainty
                                  0.000000    0.250000   clock reconvergence pessimism
                                              0.250000 ^ _356_/CLK (sky130_fd_sc_hd__dfrtp_2)
                                  0.214434    0.464434   library removal time
                                              0.464434   data required time
---------------------------------------------------------------------------------------------
                                              0.464434   data required time
                                             -1.133371   data arrival time
---------------------------------------------------------------------------------------------
                                              0.668938   slack (MET)


Startpoint: rst (input port clocked by clk)
Endpoint: _357_ (removal check against rising-edge clock clk)
Path Group: asynchronous
Path Type: min

Fanout         Cap        Slew       Delay        Time   Description
---------------------------------------------------------------------------------------------
                      0.150000    0.000000    0.000000   clock clk (rise edge)
                                  0.000000    0.000000   clock network delay (ideal)
                                  1.000000    1.000000 v input external delay
    17    0.072845    0.109788    0.080156    1.080156 v rst (in)
                                                         rst (net)
                      0.109788    0.000000    1.080156 v _340_/A (sky130_fd_sc_hd__inv_2)
     1    0.003617    0.034443    0.053215    1.133371 ^ _340_/Y (sky130_fd_sc_hd__inv_2)
                                                         _022_ (net)
                      0.034443    0.000000    1.133371 ^ _357_/RESET_B (sky130_fd_sc_hd__dfrtp_2)
                                              1.133371   data arrival time

                      0.150000    0.000000    0.000000   clock clk (rise edge)
                                  0.000000    0.000000   clock network delay (ideal)
                                  0.250000    0.250000   clock uncertainty
                                  0.000000    0.250000   clock reconvergence pessimism
                                              0.250000 ^ _357_/CLK (sky130_fd_sc_hd__dfrtp_2)
                                  0.214434    0.464434   library removal time
                                              0.464434   data required time
---------------------------------------------------------------------------------------------
                                              0.464434   data required time
                                             -1.133371   data arrival time
---------------------------------------------------------------------------------------------
                                              0.668938   slack (MET)


Startpoint: rst (input port clocked by clk)
Endpoint: _358_ (removal check against rising-edge clock clk)
Path Group: asynchronous
Path Type: min

Fanout         Cap        Slew       Delay        Time   Description
---------------------------------------------------------------------------------------------
                      0.150000    0.000000    0.000000   clock clk (rise edge)
                                  0.000000    0.000000   clock network delay (ideal)
                                  1.000000    1.000000 v input external delay
    17    0.072845    0.109788    0.080156    1.080156 v rst (in)
                                                         rst (net)
                      0.109788    0.000000    1.080156 v _341_/A (sky130_fd_sc_hd__inv_2)
     1    0.003617    0.034443    0.053215    1.133371 ^ _341_/Y (sky130_fd_sc_hd__inv_2)
                                                         _023_ (net)
                      0.034443    0.000000    1.133371 ^ _358_/RESET_B (sky130_fd_sc_hd__dfrtp_2)
                                              1.133371   data arrival time

                      0.150000    0.000000    0.000000   clock clk (rise edge)
                                  0.000000    0.000000   clock network delay (ideal)
                                  0.250000    0.250000   clock uncertainty
                                  0.000000    0.250000   clock reconvergence pessimism
                                              0.250000 ^ _358_/CLK (sky130_fd_sc_hd__dfrtp_2)
                                  0.214434    0.464434   library removal time
                                              0.464434   data required time
---------------------------------------------------------------------------------------------
                                              0.464434   data required time
                                             -1.133371   data arrival time
---------------------------------------------------------------------------------------------
                                              0.668938   slack (MET)


Startpoint: rst (input port clocked by clk)
Endpoint: _359_ (removal check against rising-edge clock clk)
Path Group: asynchronous
Path Type: min

Fanout         Cap        Slew       Delay        Time   Description
---------------------------------------------------------------------------------------------
                      0.150000    0.000000    0.000000   clock clk (rise edge)
                                  0.000000    0.000000   clock network delay (ideal)
                                  1.000000    1.000000 v input external delay
    17    0.072845    0.109788    0.080156    1.080156 v rst (in)
                                                         rst (net)
                      0.109788    0.000000    1.080156 v _342_/A (sky130_fd_sc_hd__inv_2)
     1    0.003617    0.034443    0.053215    1.133371 ^ _342_/Y (sky130_fd_sc_hd__inv_2)
                                                         _024_ (net)
                      0.034443    0.000000    1.133371 ^ _359_/RESET_B (sky130_fd_sc_hd__dfrtp_2)
                                              1.133371   data arrival time

                      0.150000    0.000000    0.000000   clock clk (rise edge)
                                  0.000000    0.000000   clock network delay (ideal)
                                  0.250000    0.250000   clock uncertainty
                                  0.000000    0.250000   clock reconvergence pessimism
                                              0.250000 ^ _359_/CLK (sky130_fd_sc_hd__dfrtp_2)
                                  0.214434    0.464434   library removal time
                                              0.464434   data required time
---------------------------------------------------------------------------------------------
                                              0.464434   data required time
                                             -1.133371   data arrival time
---------------------------------------------------------------------------------------------
                                              0.668938   slack (MET)


Startpoint: rst (input port clocked by clk)
Endpoint: _360_ (removal check against rising-edge clock clk)
Path Group: asynchronous
Path Type: min

Fanout         Cap        Slew       Delay        Time   Description
---------------------------------------------------------------------------------------------
                      0.150000    0.000000    0.000000   clock clk (rise edge)
                                  0.000000    0.000000   clock network delay (ideal)
                                  1.000000    1.000000 v input external delay
    17    0.072845    0.109788    0.080156    1.080156 v rst (in)
                                                         rst (net)
                      0.109788    0.000000    1.080156 v _343_/A (sky130_fd_sc_hd__inv_2)
     1    0.003617    0.034443    0.053215    1.133371 ^ _343_/Y (sky130_fd_sc_hd__inv_2)
                                                         _025_ (net)
                      0.034443    0.000000    1.133371 ^ _360_/RESET_B (sky130_fd_sc_hd__dfrtp_2)
                                              1.133371   data arrival time

                      0.150000    0.000000    0.000000   clock clk (rise edge)
                                  0.000000    0.000000   clock network delay (ideal)
                                  0.250000    0.250000   clock uncertainty
                                  0.000000    0.250000   clock reconvergence pessimism
                                              0.250000 ^ _360_/CLK (sky130_fd_sc_hd__dfrtp_2)
                                  0.214434    0.464434   library removal time
                                              0.464434   data required time
---------------------------------------------------------------------------------------------
                                              0.464434   data required time
                                             -1.133371   data arrival time
---------------------------------------------------------------------------------------------
                                              0.668938   slack (MET)


Startpoint: rst (input port clocked by clk)
Endpoint: _361_ (removal check against rising-edge clock clk)
Path Group: asynchronous
Path Type: min

Fanout         Cap        Slew       Delay        Time   Description
---------------------------------------------------------------------------------------------
                      0.150000    0.000000    0.000000   clock clk (rise edge)
                                  0.000000    0.000000   clock network delay (ideal)
                                  1.000000    1.000000 v input external delay
    17    0.072845    0.109788    0.080156    1.080156 v rst (in)
                                                         rst (net)
                      0.109788    0.000000    1.080156 v _344_/A (sky130_fd_sc_hd__inv_2)
     1    0.003617    0.034443    0.053215    1.133371 ^ _344_/Y (sky130_fd_sc_hd__inv_2)
                                                         _026_ (net)
                      0.034443    0.000000    1.133371 ^ _361_/RESET_B (sky130_fd_sc_hd__dfrtp_2)
                                              1.133371   data arrival time

                      0.150000    0.000000    0.000000   clock clk (rise edge)
                                  0.000000    0.000000   clock network delay (ideal)
                                  0.250000    0.250000   clock uncertainty
                                  0.000000    0.250000   clock reconvergence pessimism
                                              0.250000 ^ _361_/CLK (sky130_fd_sc_hd__dfrtp_2)
                                  0.214434    0.464434   library removal time
                                              0.464434   data required time
---------------------------------------------------------------------------------------------
                                              0.464434   data required time
                                             -1.133371   data arrival time
---------------------------------------------------------------------------------------------
                                              0.668938   slack (MET)


Startpoint: rst (input port clocked by clk)
Endpoint: _362_ (removal check against rising-edge clock clk)
Path Group: asynchronous
Path Type: min

Fanout         Cap        Slew       Delay        Time   Description
---------------------------------------------------------------------------------------------
                      0.150000    0.000000    0.000000   clock clk (rise edge)
                                  0.000000    0.000000   clock network delay (ideal)
                                  1.000000    1.000000 v input external delay
    17    0.072845    0.109788    0.080156    1.080156 v rst (in)
                                                         rst (net)
                      0.109788    0.000000    1.080156 v _345_/A (sky130_fd_sc_hd__inv_2)
     1    0.003617    0.034443    0.053215    1.133371 ^ _345_/Y (sky130_fd_sc_hd__inv_2)
                                                         _027_ (net)
                      0.034443    0.000000    1.133371 ^ _362_/RESET_B (sky130_fd_sc_hd__dfrtp_2)
                                              1.133371   data arrival time

                      0.150000    0.000000    0.000000   clock clk (rise edge)
                                  0.000000    0.000000   clock network delay (ideal)
                                  0.250000    0.250000   clock uncertainty
                                  0.000000    0.250000   clock reconvergence pessimism
                                              0.250000 ^ _362_/CLK (sky130_fd_sc_hd__dfrtp_2)
                                  0.214434    0.464434   library removal time
                                              0.464434   data required time
---------------------------------------------------------------------------------------------
                                              0.464434   data required time
                                             -1.133371   data arrival time
---------------------------------------------------------------------------------------------
                                              0.668938   slack (MET)


Startpoint: rst (input port clocked by clk)
Endpoint: _363_ (removal check against rising-edge clock clk)
Path Group: asynchronous
Path Type: min

Fanout         Cap        Slew       Delay        Time   Description
---------------------------------------------------------------------------------------------
                      0.150000    0.000000    0.000000   clock clk (rise edge)
                                  0.000000    0.000000   clock network delay (ideal)
                                  1.000000    1.000000 v input external delay
    17    0.072845    0.109788    0.080156    1.080156 v rst (in)
                                                         rst (net)
                      0.109788    0.000000    1.080156 v _346_/A (sky130_fd_sc_hd__inv_2)
     1    0.003617    0.034443    0.053215    1.133371 ^ _346_/Y (sky130_fd_sc_hd__inv_2)
                                                         _028_ (net)
                      0.034443    0.000000    1.133371 ^ _363_/RESET_B (sky130_fd_sc_hd__dfrtp_2)
                                              1.133371   data arrival time

                      0.150000    0.000000    0.000000   clock clk (rise edge)
                                  0.000000    0.000000   clock network delay (ideal)
                                  0.250000    0.250000   clock uncertainty
                                  0.000000    0.250000   clock reconvergence pessimism
                                              0.250000 ^ _363_/CLK (sky130_fd_sc_hd__dfrtp_2)
                                  0.214434    0.464434   library removal time
                                              0.464434   data required time
---------------------------------------------------------------------------------------------
                                              0.464434   data required time
                                             -1.133371   data arrival time
---------------------------------------------------------------------------------------------
                                              0.668938   slack (MET)


Startpoint: rst (input port clocked by clk)
Endpoint: _364_ (removal check against rising-edge clock clk)
Path Group: asynchronous
Path Type: min

Fanout         Cap        Slew       Delay        Time   Description
---------------------------------------------------------------------------------------------
                      0.150000    0.000000    0.000000   clock clk (rise edge)
                                  0.000000    0.000000   clock network delay (ideal)
                                  1.000000    1.000000 v input external delay
    17    0.072845    0.109788    0.080156    1.080156 v rst (in)
                                                         rst (net)
                      0.109788    0.000000    1.080156 v _347_/A (sky130_fd_sc_hd__inv_2)
     1    0.003617    0.034443    0.053215    1.133371 ^ _347_/Y (sky130_fd_sc_hd__inv_2)
                                                         _029_ (net)
                      0.034443    0.000000    1.133371 ^ _364_/RESET_B (sky130_fd_sc_hd__dfrtp_2)
                                              1.133371   data arrival time

                      0.150000    0.000000    0.000000   clock clk (rise edge)
                                  0.000000    0.000000   clock network delay (ideal)
                                  0.250000    0.250000   clock uncertainty
                                  0.000000    0.250000   clock reconvergence pessimism
                                              0.250000 ^ _364_/CLK (sky130_fd_sc_hd__dfrtp_2)
                                  0.214434    0.464434   library removal time
                                              0.464434   data required time
---------------------------------------------------------------------------------------------
                                              0.464434   data required time
                                             -1.133371   data arrival time
---------------------------------------------------------------------------------------------
                                              0.668938   slack (MET)


Startpoint: rst (input port clocked by clk)
Endpoint: _365_ (removal check against rising-edge clock clk)
Path Group: asynchronous
Path Type: min

Fanout         Cap        Slew       Delay        Time   Description
---------------------------------------------------------------------------------------------
                      0.150000    0.000000    0.000000   clock clk (rise edge)
                                  0.000000    0.000000   clock network delay (ideal)
                                  1.000000    1.000000 v input external delay
    17    0.072845    0.109788    0.080156    1.080156 v rst (in)
                                                         rst (net)
                      0.109788    0.000000    1.080156 v _348_/A (sky130_fd_sc_hd__inv_2)
     1    0.003617    0.034443    0.053215    1.133371 ^ _348_/Y (sky130_fd_sc_hd__inv_2)
                                                         _030_ (net)
                      0.034443    0.000000    1.133371 ^ _365_/RESET_B (sky130_fd_sc_hd__dfrtp_2)
                                              1.133371   data arrival time

                      0.150000    0.000000    0.000000   clock clk (rise edge)
                                  0.000000    0.000000   clock network delay (ideal)
                                  0.250000    0.250000   clock uncertainty
                                  0.000000    0.250000   clock reconvergence pessimism
                                              0.250000 ^ _365_/CLK (sky130_fd_sc_hd__dfrtp_2)
                                  0.214434    0.464434   library removal time
                                              0.464434   data required time
---------------------------------------------------------------------------------------------
                                              0.464434   data required time
                                             -1.133371   data arrival time
---------------------------------------------------------------------------------------------
                                              0.668938   slack (MET)


Startpoint: rst (input port clocked by clk)
Endpoint: _366_ (removal check against rising-edge clock clk)
Path Group: asynchronous
Path Type: min

Fanout         Cap        Slew       Delay        Time   Description
---------------------------------------------------------------------------------------------
                      0.150000    0.000000    0.000000   clock clk (rise edge)
                                  0.000000    0.000000   clock network delay (ideal)
                                  1.000000    1.000000 v input external delay
    17    0.072845    0.109788    0.080156    1.080156 v rst (in)
                                                         rst (net)
                      0.109788    0.000000    1.080156 v _349_/A (sky130_fd_sc_hd__inv_2)
     1    0.003617    0.034443    0.053215    1.133371 ^ _349_/Y (sky130_fd_sc_hd__inv_2)
                                                         _031_ (net)
                      0.034443    0.000000    1.133371 ^ _366_/RESET_B (sky130_fd_sc_hd__dfrtp_2)
                                              1.133371   data arrival time

                      0.150000    0.000000    0.000000   clock clk (rise edge)
                                  0.000000    0.000000   clock network delay (ideal)
                                  0.250000    0.250000   clock uncertainty
                                  0.000000    0.250000   clock reconvergence pessimism
                                              0.250000 ^ _366_/CLK (sky130_fd_sc_hd__dfrtp_2)
                                  0.214434    0.464434   library removal time
                                              0.464434   data required time
---------------------------------------------------------------------------------------------
                                              0.464434   data required time
                                             -1.133371   data arrival time
---------------------------------------------------------------------------------------------
                                              0.668938   slack (MET)


Startpoint: rst (input port clocked by clk)
Endpoint: _367_ (removal check against rising-edge clock clk)
Path Group: asynchronous
Path Type: min

Fanout         Cap        Slew       Delay        Time   Description
---------------------------------------------------------------------------------------------
                      0.150000    0.000000    0.000000   clock clk (rise edge)
                                  0.000000    0.000000   clock network delay (ideal)
                                  1.000000    1.000000 v input external delay
    17    0.072845    0.109788    0.080156    1.080156 v rst (in)
                                                         rst (net)
                      0.109788    0.000000    1.080156 v _350_/A (sky130_fd_sc_hd__inv_2)
     1    0.003617    0.034443    0.053215    1.133371 ^ _350_/Y (sky130_fd_sc_hd__inv_2)
                                                         _032_ (net)
                      0.034443    0.000000    1.133371 ^ _367_/RESET_B (sky130_fd_sc_hd__dfrtp_2)
                                              1.133371   data arrival time

                      0.150000    0.000000    0.000000   clock clk (rise edge)
                                  0.000000    0.000000   clock network delay (ideal)
                                  0.250000    0.250000   clock uncertainty
                                  0.000000    0.250000   clock reconvergence pessimism
                                              0.250000 ^ _367_/CLK (sky130_fd_sc_hd__dfrtp_2)
                                  0.214434    0.464434   library removal time
                                              0.464434   data required time
---------------------------------------------------------------------------------------------
                                              0.464434   data required time
                                             -1.133371   data arrival time
---------------------------------------------------------------------------------------------
                                              0.668938   slack (MET)


Startpoint: rst (input port clocked by clk)
Endpoint: _368_ (removal check against rising-edge clock clk)
Path Group: asynchronous
Path Type: min

Fanout         Cap        Slew       Delay        Time   Description
---------------------------------------------------------------------------------------------
                      0.150000    0.000000    0.000000   clock clk (rise edge)
                                  0.000000    0.000000   clock network delay (ideal)
                                  1.000000    1.000000 v input external delay
    17    0.072845    0.109788    0.080156    1.080156 v rst (in)
                                                         rst (net)
                      0.109788    0.000000    1.080156 v _351_/A (sky130_fd_sc_hd__inv_2)
     1    0.003617    0.034443    0.053215    1.133371 ^ _351_/Y (sky130_fd_sc_hd__inv_2)
                                                         _033_ (net)
                      0.034443    0.000000    1.133371 ^ _368_/RESET_B (sky130_fd_sc_hd__dfrtp_2)
                                              1.133371   data arrival time

                      0.150000    0.000000    0.000000   clock clk (rise edge)
                                  0.000000    0.000000   clock network delay (ideal)
                                  0.250000    0.250000   clock uncertainty
                                  0.000000    0.250000   clock reconvergence pessimism
                                              0.250000 ^ _368_/CLK (sky130_fd_sc_hd__dfrtp_2)
                                  0.214434    0.464434   library removal time
                                              0.464434   data required time
---------------------------------------------------------------------------------------------
                                              0.464434   data required time
                                             -1.133371   data arrival time
---------------------------------------------------------------------------------------------
                                              0.668938   slack (MET)


Startpoint: _352_ (rising edge-triggered flip-flop clocked by clk)
Endpoint: out (output port clocked by clk)
Path Group: clk
Path Type: min

Fanout         Cap        Slew       Delay        Time   Description
---------------------------------------------------------------------------------------------
                      0.150000    0.000000    0.000000   clock clk (rise edge)
                                  0.000000    0.000000   clock network delay (ideal)
                      0.150000    0.000000    0.000000 ^ _352_/CLK (sky130_fd_sc_hd__dfrtp_2)
     1    0.033442    0.128239    0.317535    0.317535 ^ _352_/Q (sky130_fd_sc_hd__dfrtp_2)
                                                         out (net)
                      0.128239    0.000000    0.317535 ^ out (out)
                                              0.317535   data arrival time

                      0.150000    0.000000    0.000000   clock clk (rise edge)
                                  0.000000    0.000000   clock network delay (ideal)
                                  0.250000    0.250000   clock uncertainty
                                  0.000000    0.250000   clock reconvergence pessimism
                                 -1.000000   -0.750000   output external delay
                                             -0.750000   data required time
---------------------------------------------------------------------------------------------
                                             -0.750000   data required time
                                             -0.317535   data arrival time
---------------------------------------------------------------------------------------------
                                              1.067535   slack (MET)



