
===========================================================================
report_checks -path_delay min (Hold)
============================================================================
======================= nom_tt_025C_1v80 Corner ===================================

Startpoint: _241_ (rising edge-triggered flip-flop clocked by clk)
Endpoint: _241_ (rising edge-triggered flip-flop clocked by clk)
Path Group: clk
Path Type: min

Fanout         Cap        Slew       Delay        Time   Description
---------------------------------------------------------------------------------------------
                                  0.000000    0.000000   clock clk (rise edge)
                                  0.000000    0.000000   clock source latency
    17    0.043245    0.198813    0.137572    0.137572 ^ clk (in)
                                                         clk (net)
                      0.198813    0.000000    0.137572 ^ _241_/CLK (sky130_fd_sc_hd__dfrtp_2)
     2    0.006108    0.048986    0.444629    0.582201 v _241_/Q (sky130_fd_sc_hd__dfrtp_2)
                                                         psc_cnt[15] (net)
                      0.048986    0.000005    0.582206 v _113_/A (sky130_fd_sc_hd__inv_2)
     2    0.007297    0.041882    0.056726    0.638933 ^ _113_/Y (sky130_fd_sc_hd__inv_2)
                                                         _083_ (net)
                      0.041882    0.000013    0.638946 ^ _209_/A1 (sky130_fd_sc_hd__a21boi_2)
     1    0.002308    0.028319    0.039003    0.677949 v _209_/Y (sky130_fd_sc_hd__a21boi_2)
                                                         _006_ (net)
                      0.028319    0.000004    0.677952 v _241_/D (sky130_fd_sc_hd__dfrtp_2)
                                              0.677952   data arrival time

                                  0.000000    0.000000   clock clk (rise edge)
                                  0.000000    0.000000   clock source latency
    17    0.043245    0.198813    0.137572    0.137572 ^ clk (in)
                                                         clk (net)
                      0.198813    0.000000    0.137572 ^ _241_/CLK (sky130_fd_sc_hd__dfrtp_2)
                                  0.250000    0.387572   clock uncertainty
                                  0.000000    0.387572   clock reconvergence pessimism
                                 -0.000249    0.387323   library hold time
                                              0.387323   data required time
---------------------------------------------------------------------------------------------
                                              0.387323   data required time
                                             -0.677952   data arrival time
---------------------------------------------------------------------------------------------
                                              0.290629   slack (MET)


Startpoint: _242_ (rising edge-triggered flip-flop clocked by clk)
Endpoint: _242_ (rising edge-triggered flip-flop clocked by clk)
Path Group: clk
Path Type: min

Fanout         Cap        Slew       Delay        Time   Description
---------------------------------------------------------------------------------------------
                                  0.000000    0.000000   clock clk (rise edge)
                                  0.000000    0.000000   clock source latency
    17    0.043245    0.198813    0.137740    0.137740 ^ clk (in)
                                                         clk (net)
                      0.198814    0.000000    0.137740 ^ _242_/CLK (sky130_fd_sc_hd__dfrtp_2)
     2    0.043761    0.213968    0.532907    0.670647 ^ _242_/Q (sky130_fd_sc_hd__dfrtp_2)
                                                         out (net)
                      0.213968    0.000107    0.670754 ^ _164_/A (sky130_fd_sc_hd__xnor2_2)
     1    0.002253    0.031256    0.088040    0.758794 v _164_/Y (sky130_fd_sc_hd__xnor2_2)
                                                         _033_ (net)
                      0.031256    0.000003    0.758797 v _242_/D (sky130_fd_sc_hd__dfrtp_2)
                                              0.758797   data arrival time

                                  0.000000    0.000000   clock clk (rise edge)
                                  0.000000    0.000000   clock source latency
    17    0.043245    0.198813    0.137740    0.137740 ^ clk (in)
                                                         clk (net)
                      0.198814    0.000000    0.137740 ^ _242_/CLK (sky130_fd_sc_hd__dfrtp_2)
                                  0.250000    0.387740   clock uncertainty
                                  0.000000    0.387740   clock reconvergence pessimism
                                 -0.001442    0.386297   library hold time
                                              0.386297   data required time
---------------------------------------------------------------------------------------------
                                              0.386297   data required time
                                             -0.758797   data arrival time
---------------------------------------------------------------------------------------------
                                              0.372499   slack (MET)


Startpoint: _239_ (rising edge-triggered flip-flop clocked by clk)
Endpoint: _239_ (rising edge-triggered flip-flop clocked by clk)
Path Group: clk
Path Type: min

Fanout         Cap        Slew       Delay        Time   Description
---------------------------------------------------------------------------------------------
                                  0.000000    0.000000   clock clk (rise edge)
                                  0.000000    0.000000   clock source latency
    17    0.043245    0.198813    0.137803    0.137803 ^ clk (in)
                                                         clk (net)
                      0.198814    0.000000    0.137803 ^ _239_/CLK (sky130_fd_sc_hd__dfrtp_2)
     2    0.006364    0.055258    0.400600    0.538403 ^ _239_/Q (sky130_fd_sc_hd__dfrtp_2)
                                                         psc_cnt[13] (net)
                      0.055258    0.000010    0.538413 ^ _115_/A (sky130_fd_sc_hd__inv_2)
     3    0.009310    0.027686    0.042401    0.580814 v _115_/Y (sky130_fd_sc_hd__inv_2)
                                                         _085_ (net)
                      0.027686    0.000003    0.580817 v _204_/A1 (sky130_fd_sc_hd__a21oi_2)
     1    0.001995    0.060640    0.090025    0.670843 ^ _204_/Y (sky130_fd_sc_hd__a21oi_2)
                                                         _080_ (net)
                      0.060640    0.000004    0.670847 ^ _205_/B (sky130_fd_sc_hd__and2_2)
     1    0.002298    0.035284    0.129693    0.800540 ^ _205_/X (sky130_fd_sc_hd__and2_2)
                                                         _004_ (net)
                      0.035284    0.000003    0.800543 ^ _239_/D (sky130_fd_sc_hd__dfrtp_2)
                                              0.800543   data arrival time

                                  0.000000    0.000000   clock clk (rise edge)
                                  0.000000    0.000000   clock source latency
    17    0.043245    0.198813    0.137803    0.137803 ^ clk (in)
                                                         clk (net)
                      0.198814    0.000000    0.137803 ^ _239_/CLK (sky130_fd_sc_hd__dfrtp_2)
                                  0.250000    0.387803   clock uncertainty
                                  0.000000    0.387803   clock reconvergence pessimism
                                 -0.011685    0.376118   library hold time
                                              0.376118   data required time
---------------------------------------------------------------------------------------------
                                              0.376118   data required time
                                             -0.800543   data arrival time
---------------------------------------------------------------------------------------------
                                              0.424425   slack (MET)


Startpoint: _233_ (rising edge-triggered flip-flop clocked by clk)
Endpoint: _233_ (rising edge-triggered flip-flop clocked by clk)
Path Group: clk
Path Type: min

Fanout         Cap        Slew       Delay        Time   Description
---------------------------------------------------------------------------------------------
                                  0.000000    0.000000   clock clk (rise edge)
                                  0.000000    0.000000   clock source latency
    17    0.043245    0.198813    0.138023    0.138023 ^ clk (in)
                                                         clk (net)
                      0.198816    0.000000    0.138023 ^ _233_/CLK (sky130_fd_sc_hd__dfrtp_2)
     3    0.009732    0.067757    0.415059    0.553082 ^ _233_/Q (sky130_fd_sc_hd__dfrtp_2)
                                                         psc_cnt[7] (net)
                      0.067757    0.000069    0.553151 ^ _119_/A (sky130_fd_sc_hd__inv_2)
     3    0.011691    0.034955    0.050439    0.603590 v _119_/Y (sky130_fd_sc_hd__inv_2)
                                                         _089_ (net)
                      0.034955    0.000024    0.603614 v _185_/A (sky130_fd_sc_hd__nand2_2)
     1    0.001696    0.023346    0.038531    0.642145 ^ _185_/Y (sky130_fd_sc_hd__nand2_2)
                                                         _067_ (net)
                      0.023346    0.000000    0.642146 ^ _188_/C (sky130_fd_sc_hd__and3b_2)
     1    0.002093    0.039689    0.159316    0.801462 ^ _188_/X (sky130_fd_sc_hd__and3b_2)
                                                         _013_ (net)
                      0.039689    0.000000    0.801463 ^ _233_/D (sky130_fd_sc_hd__dfrtp_2)
                                              0.801463   data arrival time

                                  0.000000    0.000000   clock clk (rise edge)
                                  0.000000    0.000000   clock source latency
    17    0.043245    0.198813    0.138023    0.138023 ^ clk (in)
                                                         clk (net)
                      0.198816    0.000000    0.138023 ^ _233_/CLK (sky130_fd_sc_hd__dfrtp_2)
                                  0.250000    0.388023   clock uncertainty
                                  0.000000    0.388023   clock reconvergence pessimism
                                 -0.012580    0.375443   library hold time
                                              0.375443   data required time
---------------------------------------------------------------------------------------------
                                              0.375443   data required time
                                             -0.801463   data arrival time
---------------------------------------------------------------------------------------------
                                              0.426019   slack (MET)


Startpoint: _240_ (rising edge-triggered flip-flop clocked by clk)
Endpoint: _240_ (rising edge-triggered flip-flop clocked by clk)
Path Group: clk
Path Type: min

Fanout         Cap        Slew       Delay        Time   Description
---------------------------------------------------------------------------------------------
                                  0.000000    0.000000   clock clk (rise edge)
                                  0.000000    0.000000   clock source latency
    17    0.043245    0.198813    0.137584    0.137584 ^ clk (in)
                                                         clk (net)
                      0.198813    0.000000    0.137584 ^ _240_/CLK (sky130_fd_sc_hd__dfrtp_2)
     4    0.011027    0.075127    0.420666    0.558251 ^ _240_/Q (sky130_fd_sc_hd__dfrtp_2)
                                                         psc_cnt[14] (net)
                      0.075127    0.000006    0.558256 ^ _207_/A (sky130_fd_sc_hd__nand2_2)
     2    0.006541    0.040505    0.056340    0.614596 v _207_/Y (sky130_fd_sc_hd__nand2_2)
                                                         _082_ (net)
                      0.040505    0.000006    0.614602 v _208_/C (sky130_fd_sc_hd__and3_2)
     1    0.002349    0.033155    0.196854    0.811456 v _208_/X (sky130_fd_sc_hd__and3_2)
                                                         _005_ (net)
                      0.033155    0.000004    0.811460 v _240_/D (sky130_fd_sc_hd__dfrtp_2)
                                              0.811460   data arrival time

                                  0.000000    0.000000   clock clk (rise edge)
                                  0.000000    0.000000   clock source latency
    17    0.043245    0.198813    0.137584    0.137584 ^ clk (in)
                                                         clk (net)
                      0.198813    0.000000    0.137584 ^ _240_/CLK (sky130_fd_sc_hd__dfrtp_2)
                                  0.250000    0.387584   clock uncertainty
                                  0.000000    0.387584   clock reconvergence pessimism
                                 -0.002214    0.385370   library hold time
                                              0.385370   data required time
---------------------------------------------------------------------------------------------
                                              0.385370   data required time
                                             -0.811460   data arrival time
---------------------------------------------------------------------------------------------
                                              0.426090   slack (MET)


Startpoint: _231_ (rising edge-triggered flip-flop clocked by clk)
Endpoint: _231_ (rising edge-triggered flip-flop clocked by clk)
Path Group: clk
Path Type: min

Fanout         Cap        Slew       Delay        Time   Description
---------------------------------------------------------------------------------------------
                                  0.000000    0.000000   clock clk (rise edge)
                                  0.000000    0.000000   clock source latency
    17    0.043245    0.198813    0.137898    0.137898 ^ clk (in)
                                                         clk (net)
                      0.198815    0.000000    0.137898 ^ _231_/CLK (sky130_fd_sc_hd__dfrtp_2)
     4    0.012342    0.078216    0.426283    0.564181 ^ _231_/Q (sky130_fd_sc_hd__dfrtp_2)
                                                         psc_cnt[5] (net)
                      0.078216    0.000036    0.564217 ^ _178_/B1 (sky130_fd_sc_hd__a21o_2)
     1    0.001669    0.022386    0.085288    0.649505 ^ _178_/X (sky130_fd_sc_hd__a21o_2)
                                                         _062_ (net)
                      0.022386    0.000000    0.649506 ^ _181_/C (sky130_fd_sc_hd__and3b_2)
     1    0.002214    0.040377    0.159782    0.809288 ^ _181_/X (sky130_fd_sc_hd__and3b_2)
                                                         _011_ (net)
                      0.040377    0.000002    0.809290 ^ _231_/D (sky130_fd_sc_hd__dfrtp_2)
                                              0.809290   data arrival time

                                  0.000000    0.000000   clock clk (rise edge)
                                  0.000000    0.000000   clock source latency
    17    0.043245    0.198813    0.137898    0.137898 ^ clk (in)
                                                         clk (net)
                      0.198815    0.000000    0.137898 ^ _231_/CLK (sky130_fd_sc_hd__dfrtp_2)
                                  0.250000    0.387897   clock uncertainty
                                  0.000000    0.387897   clock reconvergence pessimism
                                 -0.012720    0.375178   library hold time
                                              0.375178   data required time
---------------------------------------------------------------------------------------------
                                              0.375178   data required time
                                             -0.809290   data arrival time
---------------------------------------------------------------------------------------------
                                              0.434112   slack (MET)


Startpoint: _238_ (rising edge-triggered flip-flop clocked by clk)
Endpoint: _238_ (rising edge-triggered flip-flop clocked by clk)
Path Group: clk
Path Type: min

Fanout         Cap        Slew       Delay        Time   Description
---------------------------------------------------------------------------------------------
                                  0.000000    0.000000   clock clk (rise edge)
                                  0.000000    0.000000   clock source latency
    17    0.043245    0.198813    0.137874    0.137874 ^ clk (in)
                                                         clk (net)
                      0.198814    0.000000    0.137874 ^ _238_/CLK (sky130_fd_sc_hd__dfrtp_2)
     4    0.013453    0.082577    0.430422    0.568296 ^ _238_/Q (sky130_fd_sc_hd__dfrtp_2)
                                                         psc_cnt[12] (net)
                      0.082577    0.000035    0.568331 ^ _201_/A (sky130_fd_sc_hd__nand2_2)
     2    0.006426    0.040629    0.057829    0.626160 v _201_/Y (sky130_fd_sc_hd__nand2_2)
                                                         _078_ (net)
                      0.040629    0.000004    0.626163 v _202_/C (sky130_fd_sc_hd__and3_2)
     1    0.002103    0.032397    0.195682    0.821845 v _202_/X (sky130_fd_sc_hd__and3_2)
                                                         _003_ (net)
                      0.032397    0.000001    0.821847 v _238_/D (sky130_fd_sc_hd__dfrtp_2)
                                              0.821847   data arrival time

                                  0.000000    0.000000   clock clk (rise edge)
                                  0.000000    0.000000   clock source latency
    17    0.043245    0.198813    0.137874    0.137874 ^ clk (in)
                                                         clk (net)
                      0.198814    0.000000    0.137874 ^ _238_/CLK (sky130_fd_sc_hd__dfrtp_2)
                                  0.250000    0.387874   clock uncertainty
                                  0.000000    0.387874   clock reconvergence pessimism
                                 -0.001906    0.385968   library hold time
                                              0.385968   data required time
---------------------------------------------------------------------------------------------
                                              0.385968   data required time
                                             -0.821847   data arrival time
---------------------------------------------------------------------------------------------
                                              0.435879   slack (MET)


Startpoint: _234_ (rising edge-triggered flip-flop clocked by clk)
Endpoint: _234_ (rising edge-triggered flip-flop clocked by clk)
Path Group: clk
Path Type: min

Fanout         Cap        Slew       Delay        Time   Description
---------------------------------------------------------------------------------------------
                                  0.000000    0.000000   clock clk (rise edge)
                                  0.000000    0.000000   clock source latency
    17    0.043245    0.198813    0.137999    0.137999 ^ clk (in)
                                                         clk (net)
                      0.198815    0.000000    0.137999 ^ _234_/CLK (sky130_fd_sc_hd__dfrtp_2)
     3    0.009676    0.067504    0.414817    0.552816 ^ _234_/Q (sky130_fd_sc_hd__dfrtp_2)
                                                         psc_cnt[8] (net)
                      0.067504    0.000039    0.552855 ^ _189_/A (sky130_fd_sc_hd__or2_2)
     1    0.001726    0.024821    0.099022    0.651878 ^ _189_/X (sky130_fd_sc_hd__or2_2)
                                                         _070_ (net)
                      0.024821    0.000001    0.651879 ^ _191_/C (sky130_fd_sc_hd__and3b_2)
     1    0.002057    0.039581    0.159479    0.811358 ^ _191_/X (sky130_fd_sc_hd__and3b_2)
                                                         _014_ (net)
                      0.039581    0.000000    0.811359 ^ _234_/D (sky130_fd_sc_hd__dfrtp_2)
                                              0.811359   data arrival time

                                  0.000000    0.000000   clock clk (rise edge)
                                  0.000000    0.000000   clock source latency
    17    0.043245    0.198813    0.137999    0.137999 ^ clk (in)
                                                         clk (net)
                      0.198815    0.000000    0.137999 ^ _234_/CLK (sky130_fd_sc_hd__dfrtp_2)
                                  0.250000    0.387999   clock uncertainty
                                  0.000000    0.387999   clock reconvergence pessimism
                                 -0.012558    0.375441   library hold time
                                              0.375441   data required time
---------------------------------------------------------------------------------------------
                                              0.375441   data required time
                                             -0.811359   data arrival time
---------------------------------------------------------------------------------------------
                                              0.435918   slack (MET)


Startpoint: _229_ (rising edge-triggered flip-flop clocked by clk)
Endpoint: _229_ (rising edge-triggered flip-flop clocked by clk)
Path Group: clk
Path Type: min

Fanout         Cap        Slew       Delay        Time   Description
---------------------------------------------------------------------------------------------
                                  0.000000    0.000000   clock clk (rise edge)
                                  0.000000    0.000000   clock source latency
    17    0.043245    0.198813    0.137902    0.137902 ^ clk (in)
                                                         clk (net)
                      0.198815    0.000000    0.137902 ^ _229_/CLK (sky130_fd_sc_hd__dfrtp_2)
     4    0.010846    0.074354    0.419886    0.557788 ^ _229_/Q (sky130_fd_sc_hd__dfrtp_2)
                                                         psc_cnt[3] (net)
                      0.074354    0.000020    0.557808 ^ _172_/B1 (sky130_fd_sc_hd__a31o_2)
     1    0.001836    0.027869    0.093962    0.651770 ^ _172_/X (sky130_fd_sc_hd__a31o_2)
                                                         _058_ (net)
                      0.027869    0.000002    0.651772 ^ _174_/C (sky130_fd_sc_hd__and3b_2)
     1    0.002111    0.039861    0.160626    0.812398 ^ _174_/X (sky130_fd_sc_hd__and3b_2)
                                                         _009_ (net)
                      0.039861    0.000001    0.812399 ^ _229_/D (sky130_fd_sc_hd__dfrtp_2)
                                              0.812399   data arrival time

                                  0.000000    0.000000   clock clk (rise edge)
                                  0.000000    0.000000   clock source latency
    17    0.043245    0.198813    0.137902    0.137902 ^ clk (in)
                                                         clk (net)
                      0.198815    0.000000    0.137902 ^ _229_/CLK (sky130_fd_sc_hd__dfrtp_2)
                                  0.250000    0.387902   clock uncertainty
                                  0.000000    0.387902   clock reconvergence pessimism
                                 -0.012615    0.375287   library hold time
                                              0.375287   data required time
---------------------------------------------------------------------------------------------
                                              0.375287   data required time
                                             -0.812399   data arrival time
---------------------------------------------------------------------------------------------
                                              0.437112   slack (MET)


Startpoint: _230_ (rising edge-triggered flip-flop clocked by clk)
Endpoint: _230_ (rising edge-triggered flip-flop clocked by clk)
Path Group: clk
Path Type: min

Fanout         Cap        Slew       Delay        Time   Description
---------------------------------------------------------------------------------------------
                                  0.000000    0.000000   clock clk (rise edge)
                                  0.000000    0.000000   clock source latency
    17    0.043245    0.198813    0.137891    0.137891 ^ clk (in)
                                                         clk (net)
                      0.198815    0.000000    0.137891 ^ _230_/CLK (sky130_fd_sc_hd__dfrtp_2)
     6    0.019749    0.109661    0.452029    0.589920 ^ _230_/Q (sky130_fd_sc_hd__dfrtp_2)
                                                         psc_cnt[4] (net)
                      0.109661    0.000026    0.589946 ^ _176_/A (sky130_fd_sc_hd__nand2_2)
     1    0.001579    0.026746    0.043624    0.633570 v _176_/Y (sky130_fd_sc_hd__nand2_2)
                                                         _061_ (net)
                      0.026746    0.000000    0.633571 v _177_/C (sky130_fd_sc_hd__and3_2)
     1    0.002216    0.032745    0.190225    0.823796 v _177_/X (sky130_fd_sc_hd__and3_2)
                                                         _010_ (net)
                      0.032745    0.000003    0.823799 v _230_/D (sky130_fd_sc_hd__dfrtp_2)
                                              0.823799   data arrival time

                                  0.000000    0.000000   clock clk (rise edge)
                                  0.000000    0.000000   clock source latency
    17    0.043245    0.198813    0.137891    0.137891 ^ clk (in)
                                                         clk (net)
                      0.198815    0.000000    0.137891 ^ _230_/CLK (sky130_fd_sc_hd__dfrtp_2)
                                  0.250000    0.387891   clock uncertainty
                                  0.000000    0.387891   clock reconvergence pessimism
                                 -0.002047    0.385844   library hold time
                                              0.385844   data required time
---------------------------------------------------------------------------------------------
                                              0.385844   data required time
                                             -0.823799   data arrival time
---------------------------------------------------------------------------------------------
                                              0.437955   slack (MET)


Startpoint: _232_ (rising edge-triggered flip-flop clocked by clk)
Endpoint: _232_ (rising edge-triggered flip-flop clocked by clk)
Path Group: clk
Path Type: min

Fanout         Cap        Slew       Delay        Time   Description
---------------------------------------------------------------------------------------------
                                  0.000000    0.000000   clock clk (rise edge)
                                  0.000000    0.000000   clock source latency
    17    0.043245    0.198813    0.138023    0.138023 ^ clk (in)
                                                         clk (net)
                      0.198816    0.000000    0.138023 ^ _232_/CLK (sky130_fd_sc_hd__dfrtp_2)
     4    0.013929    0.084604    0.432048    0.570071 ^ _232_/Q (sky130_fd_sc_hd__dfrtp_2)
                                                         psc_cnt[6] (net)
                      0.084604    0.000060    0.570131 ^ _182_/A (sky130_fd_sc_hd__nand2_2)
     3    0.010137    0.051095    0.070364    0.640495 v _182_/Y (sky130_fd_sc_hd__nand2_2)
                                                         _065_ (net)
                      0.051095    0.000005    0.640501 v _184_/B (sky130_fd_sc_hd__and3_2)
     1    0.002115    0.032434    0.186385    0.826885 v _184_/X (sky130_fd_sc_hd__and3_2)
                                                         _012_ (net)
                      0.032434    0.000002    0.826887 v _232_/D (sky130_fd_sc_hd__dfrtp_2)
                                              0.826887   data arrival time

                                  0.000000    0.000000   clock clk (rise edge)
                                  0.000000    0.000000   clock source latency
    17    0.043245    0.198813    0.138023    0.138023 ^ clk (in)
                                                         clk (net)
                      0.198816    0.000000    0.138023 ^ _232_/CLK (sky130_fd_sc_hd__dfrtp_2)
                                  0.250000    0.388023   clock uncertainty
                                  0.000000    0.388023   clock reconvergence pessimism
                                 -0.001921    0.386102   library hold time
                                              0.386102   data required time
---------------------------------------------------------------------------------------------
                                              0.386102   data required time
                                             -0.826887   data arrival time
---------------------------------------------------------------------------------------------
                                              0.440784   slack (MET)


Startpoint: _237_ (rising edge-triggered flip-flop clocked by clk)
Endpoint: _237_ (rising edge-triggered flip-flop clocked by clk)
Path Group: clk
Path Type: min

Fanout         Cap        Slew       Delay        Time   Description
---------------------------------------------------------------------------------------------
                                  0.000000    0.000000   clock clk (rise edge)
                                  0.000000    0.000000   clock source latency
    17    0.043245    0.198813    0.137929    0.137929 ^ clk (in)
                                                         clk (net)
                      0.198815    0.000000    0.137929 ^ _237_/CLK (sky130_fd_sc_hd__dfrtp_2)
     4    0.011738    0.076681    0.423699    0.561628 ^ _237_/Q (sky130_fd_sc_hd__dfrtp_2)
                                                         psc_cnt[11] (net)
                      0.076681    0.000014    0.561642 ^ _197_/B1 (sky130_fd_sc_hd__a31o_2)
     1    0.001980    0.028624    0.095482    0.657123 ^ _197_/X (sky130_fd_sc_hd__a31o_2)
                                                         _075_ (net)
                      0.028624    0.000003    0.657127 ^ _199_/C (sky130_fd_sc_hd__and3b_2)
     1    0.002145    0.040036    0.161035    0.818161 ^ _199_/X (sky130_fd_sc_hd__and3b_2)
                                                         _002_ (net)
                      0.040036    0.000001    0.818163 ^ _237_/D (sky130_fd_sc_hd__dfrtp_2)
                                              0.818163   data arrival time

                                  0.000000    0.000000   clock clk (rise edge)
                                  0.000000    0.000000   clock source latency
    17    0.043245    0.198813    0.137929    0.137929 ^ clk (in)
                                                         clk (net)
                      0.198815    0.000000    0.137929 ^ _237_/CLK (sky130_fd_sc_hd__dfrtp_2)
                                  0.250000    0.387929   clock uncertainty
                                  0.000000    0.387929   clock reconvergence pessimism
                                 -0.012650    0.375278   library hold time
                                              0.375278   data required time
---------------------------------------------------------------------------------------------
                                              0.375278   data required time
                                             -0.818163   data arrival time
---------------------------------------------------------------------------------------------
                                              0.442885   slack (MET)


Startpoint: _226_ (rising edge-triggered flip-flop clocked by clk)
Endpoint: _226_ (rising edge-triggered flip-flop clocked by clk)
Path Group: clk
Path Type: min

Fanout         Cap        Slew       Delay        Time   Description
---------------------------------------------------------------------------------------------
                                  0.000000    0.000000   clock clk (rise edge)
                                  0.000000    0.000000   clock source latency
    17    0.043245    0.198813    0.137768    0.137768 ^ clk (in)
                                                         clk (net)
                      0.198814    0.000000    0.137768 ^ _226_/CLK (sky130_fd_sc_hd__dfrtp_2)
     8    0.024758    0.131532    0.469203    0.606972 ^ _226_/Q (sky130_fd_sc_hd__dfrtp_2)
                                                         psc_cnt[0] (net)
                      0.131532    0.000047    0.607018 ^ _165_/A_N (sky130_fd_sc_hd__and2b_2)
     1    0.002111    0.033301    0.223182    0.830200 v _165_/X (sky130_fd_sc_hd__and2b_2)
                                                         _000_ (net)
                      0.033301    0.000002    0.830202 v _226_/D (sky130_fd_sc_hd__dfrtp_2)
                                              0.830202   data arrival time

                                  0.000000    0.000000   clock clk (rise edge)
                                  0.000000    0.000000   clock source latency
    17    0.043245    0.198813    0.137768    0.137768 ^ clk (in)
                                                         clk (net)
                      0.198814    0.000000    0.137768 ^ _226_/CLK (sky130_fd_sc_hd__dfrtp_2)
                                  0.250000    0.387768   clock uncertainty
                                  0.000000    0.387768   clock reconvergence pessimism
                                 -0.002274    0.385495   library hold time
                                              0.385495   data required time
---------------------------------------------------------------------------------------------
                                              0.385495   data required time
                                             -0.830202   data arrival time
---------------------------------------------------------------------------------------------
                                              0.444707   slack (MET)


Startpoint: _228_ (rising edge-triggered flip-flop clocked by clk)
Endpoint: _228_ (rising edge-triggered flip-flop clocked by clk)
Path Group: clk
Path Type: min

Fanout         Cap        Slew       Delay        Time   Description
---------------------------------------------------------------------------------------------
                                  0.000000    0.000000   clock clk (rise edge)
                                  0.000000    0.000000   clock source latency
    17    0.043245    0.198813    0.137774    0.137774 ^ clk (in)
                                                         clk (net)
                      0.198814    0.000000    0.137774 ^ _228_/CLK (sky130_fd_sc_hd__dfrtp_2)
     6    0.017619    0.100430    0.444729    0.582502 ^ _228_/Q (sky130_fd_sc_hd__dfrtp_2)
                                                         psc_cnt[2] (net)
                      0.100430    0.000013    0.582515 ^ _170_/A (sky130_fd_sc_hd__nand3_2)
     1    0.001690    0.039581    0.055944    0.638459 v _170_/Y (sky130_fd_sc_hd__nand3_2)
                                                         _057_ (net)
                      0.039581    0.000002    0.638461 v _171_/C (sky130_fd_sc_hd__and3_2)
     1    0.002290    0.032975    0.196162    0.834623 v _171_/X (sky130_fd_sc_hd__and3_2)
                                                         _008_ (net)
                      0.032975    0.000003    0.834626 v _228_/D (sky130_fd_sc_hd__dfrtp_2)
                                              0.834626   data arrival time

                                  0.000000    0.000000   clock clk (rise edge)
                                  0.000000    0.000000   clock source latency
    17    0.043245    0.198813    0.137774    0.137774 ^ clk (in)
                                                         clk (net)
                      0.198814    0.000000    0.137774 ^ _228_/CLK (sky130_fd_sc_hd__dfrtp_2)
                                  0.250000    0.387774   clock uncertainty
                                  0.000000    0.387774   clock reconvergence pessimism
                                 -0.002141    0.385633   library hold time
                                              0.385633   data required time
---------------------------------------------------------------------------------------------
                                              0.385633   data required time
                                             -0.834626   data arrival time
---------------------------------------------------------------------------------------------
                                              0.448994   slack (MET)


Startpoint: _236_ (rising edge-triggered flip-flop clocked by clk)
Endpoint: _236_ (rising edge-triggered flip-flop clocked by clk)
Path Group: clk
Path Type: min

Fanout         Cap        Slew       Delay        Time   Description
---------------------------------------------------------------------------------------------
                                  0.000000    0.000000   clock clk (rise edge)
                                  0.000000    0.000000   clock source latency
    17    0.043245    0.198813    0.137987    0.137987 ^ clk (in)
                                                         clk (net)
                      0.198815    0.000000    0.137987 ^ _236_/CLK (sky130_fd_sc_hd__dfrtp_2)
     5    0.021811    0.118654    0.459077    0.597064 ^ _236_/Q (sky130_fd_sc_hd__dfrtp_2)
                                                         psc_cnt[10] (net)
                      0.118654    0.000098    0.597162 ^ _195_/A (sky130_fd_sc_hd__xnor2_2)
     1    0.001652    0.024842    0.071163    0.668326 v _195_/Y (sky130_fd_sc_hd__xnor2_2)
                                                         _074_ (net)
                      0.024842    0.000002    0.668328 v _196_/B (sky130_fd_sc_hd__and2_2)
     1    0.002100    0.033155    0.170118    0.838445 v _196_/X (sky130_fd_sc_hd__and2_2)
                                                         _001_ (net)
                      0.033155    0.000002    0.838448 v _236_/D (sky130_fd_sc_hd__dfrtp_2)
                                              0.838448   data arrival time

                                  0.000000    0.000000   clock clk (rise edge)
                                  0.000000    0.000000   clock source latency
    17    0.043245    0.198813    0.137987    0.137987 ^ clk (in)
                                                         clk (net)
                      0.198815    0.000000    0.137987 ^ _236_/CLK (sky130_fd_sc_hd__dfrtp_2)
                                  0.250000    0.387987   clock uncertainty
                                  0.000000    0.387987   clock reconvergence pessimism
                                 -0.002214    0.385773   library hold time
                                              0.385773   data required time
---------------------------------------------------------------------------------------------
                                              0.385773   data required time
                                             -0.838448   data arrival time
---------------------------------------------------------------------------------------------
                                              0.452674   slack (MET)


Startpoint: _227_ (rising edge-triggered flip-flop clocked by clk)
Endpoint: _227_ (rising edge-triggered flip-flop clocked by clk)
Path Group: clk
Path Type: min

Fanout         Cap        Slew       Delay        Time   Description
---------------------------------------------------------------------------------------------
                                  0.000000    0.000000   clock clk (rise edge)
                                  0.000000    0.000000   clock source latency
    17    0.043245    0.198813    0.137773    0.137773 ^ clk (in)
                                                         clk (net)
                      0.198814    0.000000    0.137773 ^ _227_/CLK (sky130_fd_sc_hd__dfrtp_2)
     8    0.024753    0.131509    0.469196    0.606969 ^ _227_/Q (sky130_fd_sc_hd__dfrtp_2)
                                                         psc_cnt[1] (net)
                      0.131509    0.000054    0.607023 ^ _167_/A (sky130_fd_sc_hd__nand2_2)
     1    0.001513    0.029448    0.045729    0.652752 v _167_/Y (sky130_fd_sc_hd__nand2_2)
                                                         _055_ (net)
                      0.029448    0.000000    0.652752 v _168_/C (sky130_fd_sc_hd__and3_2)
     1    0.002030    0.032170    0.190463    0.843215 v _168_/X (sky130_fd_sc_hd__and3_2)
                                                         _007_ (net)
                      0.032170    0.000001    0.843216 v _227_/D (sky130_fd_sc_hd__dfrtp_2)
                                              0.843216   data arrival time

                                  0.000000    0.000000   clock clk (rise edge)
                                  0.000000    0.000000   clock source latency
    17    0.043245    0.198813    0.137773    0.137773 ^ clk (in)
                                                         clk (net)
                      0.198814    0.000000    0.137773 ^ _227_/CLK (sky130_fd_sc_hd__dfrtp_2)
                                  0.250000    0.387773   clock uncertainty
                                  0.000000    0.387773   clock reconvergence pessimism
                                 -0.001814    0.385959   library hold time
                                              0.385959   data required time
---------------------------------------------------------------------------------------------
                                              0.385959   data required time
                                             -0.843216   data arrival time
---------------------------------------------------------------------------------------------
                                              0.457257   slack (MET)


Startpoint: _235_ (rising edge-triggered flip-flop clocked by clk)
Endpoint: _235_ (rising edge-triggered flip-flop clocked by clk)
Path Group: clk
Path Type: min

Fanout         Cap        Slew       Delay        Time   Description
---------------------------------------------------------------------------------------------
                                  0.000000    0.000000   clock clk (rise edge)
                                  0.000000    0.000000   clock source latency
    17    0.043245    0.198813    0.137978    0.137978 ^ clk (in)
                                                         clk (net)
                      0.198815    0.000000    0.137978 ^ _235_/CLK (sky130_fd_sc_hd__dfrtp_2)
     5    0.019626    0.109139    0.451587    0.589565 ^ _235_/Q (sky130_fd_sc_hd__dfrtp_2)
                                                         psc_cnt[9] (net)
                      0.109139    0.000079    0.589645 ^ _193_/A (sky130_fd_sc_hd__nor2_2)
     1    0.001455    0.024978    0.044685    0.634330 v _193_/Y (sky130_fd_sc_hd__nor2_2)
                                                         _073_ (net)
                      0.024978    0.000000    0.634330 v _194_/A_N (sky130_fd_sc_hd__and3b_2)
     1    0.002065    0.039549    0.203977    0.838308 ^ _194_/X (sky130_fd_sc_hd__and3b_2)
                                                         _015_ (net)
                      0.039549    0.000000    0.838308 ^ _235_/D (sky130_fd_sc_hd__dfrtp_2)
                                              0.838308   data arrival time

                                  0.000000    0.000000   clock clk (rise edge)
                                  0.000000    0.000000   clock source latency
    17    0.043245    0.198813    0.137978    0.137978 ^ clk (in)
                                                         clk (net)
                      0.198815    0.000000    0.137978 ^ _235_/CLK (sky130_fd_sc_hd__dfrtp_2)
                                  0.250000    0.387978   clock uncertainty
                                  0.000000    0.387978   clock reconvergence pessimism
                                 -0.012551    0.375427   library hold time
                                              0.375427   data required time
---------------------------------------------------------------------------------------------
                                              0.375427   data required time
                                             -0.838308   data arrival time
---------------------------------------------------------------------------------------------
                                              0.462881   slack (MET)


Startpoint: rst (input port clocked by clk)
Endpoint: _233_ (removal check against rising-edge clock clk)
Path Group: asynchronous
Path Type: min

Fanout         Cap        Slew       Delay        Time   Description
---------------------------------------------------------------------------------------------
                                  0.000000    0.000000   clock clk (rise edge)
                                  0.000000    0.000000   clock network delay (propagated)
                                  1.000000    1.000000 v input external delay
    17    0.084056    0.184654    0.134816    1.134816 v rst (in)
                                                         rst (net)
                      0.184654    0.000000    1.134816 v _216_/A (sky130_fd_sc_hd__inv_2)
     1    0.003653    0.053036    0.085188    1.220005 ^ _216_/Y (sky130_fd_sc_hd__inv_2)
                                                         _023_ (net)
                      0.053036    0.000000    1.220005 ^ _233_/RESET_B (sky130_fd_sc_hd__dfrtp_2)
                                              1.220005   data arrival time

                                  0.000000    0.000000   clock clk (rise edge)
                                  0.000000    0.000000   clock source latency
    17    0.043245    0.198813    0.138023    0.138023 ^ clk (in)
                                                         clk (net)
                      0.198816    0.000000    0.138023 ^ _233_/CLK (sky130_fd_sc_hd__dfrtp_2)
                                  0.250000    0.388023   clock uncertainty
                                  0.000000    0.388023   clock reconvergence pessimism
                                  0.364746    0.752769   library removal time
                                              0.752769   data required time
---------------------------------------------------------------------------------------------
                                              0.752769   data required time
                                             -1.220005   data arrival time
---------------------------------------------------------------------------------------------
                                              0.467237   slack (MET)


Startpoint: rst (input port clocked by clk)
Endpoint: _232_ (removal check against rising-edge clock clk)
Path Group: asynchronous
Path Type: min

Fanout         Cap        Slew       Delay        Time   Description
---------------------------------------------------------------------------------------------
                                  0.000000    0.000000   clock clk (rise edge)
                                  0.000000    0.000000   clock network delay (propagated)
                                  1.000000    1.000000 v input external delay
    17    0.084056    0.184654    0.134836    1.134836 v rst (in)
                                                         rst (net)
                      0.184654    0.000000    1.134836 v _215_/A (sky130_fd_sc_hd__inv_2)
     1    0.003667    0.053104    0.085292    1.220128 ^ _215_/Y (sky130_fd_sc_hd__inv_2)
                                                         _022_ (net)
                      0.053104    0.000001    1.220129 ^ _232_/RESET_B (sky130_fd_sc_hd__dfrtp_2)
                                              1.220129   data arrival time

                                  0.000000    0.000000   clock clk (rise edge)
                                  0.000000    0.000000   clock source latency
    17    0.043245    0.198813    0.138023    0.138023 ^ clk (in)
                                                         clk (net)
                      0.198816    0.000000    0.138023 ^ _232_/CLK (sky130_fd_sc_hd__dfrtp_2)
                                  0.250000    0.388023   clock uncertainty
                                  0.000000    0.388023   clock reconvergence pessimism
                                  0.364764    0.752787   library removal time
                                              0.752787   data required time
---------------------------------------------------------------------------------------------
                                              0.752787   data required time
                                             -1.220129   data arrival time
---------------------------------------------------------------------------------------------
                                              0.467342   slack (MET)


Startpoint: rst (input port clocked by clk)
Endpoint: _234_ (removal check against rising-edge clock clk)
Path Group: asynchronous
Path Type: min

Fanout         Cap        Slew       Delay        Time   Description
---------------------------------------------------------------------------------------------
                                  0.000000    0.000000   clock clk (rise edge)
                                  0.000000    0.000000   clock network delay (propagated)
                                  1.000000    1.000000 v input external delay
    17    0.084056    0.184654    0.135174    1.135174 v rst (in)
                                                         rst (net)
                      0.184657    0.000000    1.135174 v _217_/A (sky130_fd_sc_hd__inv_2)
     1    0.003638    0.052959    0.085073    1.220246 ^ _217_/Y (sky130_fd_sc_hd__inv_2)
                                                         _024_ (net)
                      0.052959    0.000000    1.220247 ^ _234_/RESET_B (sky130_fd_sc_hd__dfrtp_2)
                                              1.220247   data arrival time

                                  0.000000    0.000000   clock clk (rise edge)
                                  0.000000    0.000000   clock source latency
    17    0.043245    0.198813    0.137999    0.137999 ^ clk (in)
                                                         clk (net)
                      0.198815    0.000000    0.137999 ^ _234_/CLK (sky130_fd_sc_hd__dfrtp_2)
                                  0.250000    0.387999   clock uncertainty
                                  0.000000    0.387999   clock reconvergence pessimism
                                  0.364725    0.752724   library removal time
                                              0.752724   data required time
---------------------------------------------------------------------------------------------
                                              0.752724   data required time
                                             -1.220247   data arrival time
---------------------------------------------------------------------------------------------
                                              0.467523   slack (MET)


Startpoint: rst (input port clocked by clk)
Endpoint: _235_ (removal check against rising-edge clock clk)
Path Group: asynchronous
Path Type: min

Fanout         Cap        Slew       Delay        Time   Description
---------------------------------------------------------------------------------------------
                                  0.000000    0.000000   clock clk (rise edge)
                                  0.000000    0.000000   clock network delay (propagated)
                                  1.000000    1.000000 v input external delay
    17    0.084056    0.184654    0.135273    1.135273 v rst (in)
                                                         rst (net)
                      0.184657    0.000000    1.135273 v _218_/A (sky130_fd_sc_hd__inv_2)
     1    0.003647    0.053004    0.085140    1.220414 ^ _218_/Y (sky130_fd_sc_hd__inv_2)
                                                         _025_ (net)
                      0.053004    0.000000    1.220414 ^ _235_/RESET_B (sky130_fd_sc_hd__dfrtp_2)
                                              1.220414   data arrival time

                                  0.000000    0.000000   clock clk (rise edge)
                                  0.000000    0.000000   clock source latency
    17    0.043245    0.198813    0.137978    0.137978 ^ clk (in)
                                                         clk (net)
                      0.198815    0.000000    0.137978 ^ _235_/CLK (sky130_fd_sc_hd__dfrtp_2)
                                  0.250000    0.387978   clock uncertainty
                                  0.000000    0.387978   clock reconvergence pessimism
                                  0.364737    0.752715   library removal time
                                              0.752715   data required time
---------------------------------------------------------------------------------------------
                                              0.752715   data required time
                                             -1.220414   data arrival time
---------------------------------------------------------------------------------------------
                                              0.467699   slack (MET)


Startpoint: rst (input port clocked by clk)
Endpoint: _238_ (removal check against rising-edge clock clk)
Path Group: asynchronous
Path Type: min

Fanout         Cap        Slew       Delay        Time   Description
---------------------------------------------------------------------------------------------
                                  0.000000    0.000000   clock clk (rise edge)
                                  0.000000    0.000000   clock network delay (propagated)
                                  1.000000    1.000000 v input external delay
    17    0.084056    0.184654    0.135354    1.135354 v rst (in)
                                                         rst (net)
                      0.184658    0.000000    1.135354 v _221_/A (sky130_fd_sc_hd__inv_2)
     1    0.003630    0.052924    0.085019    1.220373 ^ _221_/Y (sky130_fd_sc_hd__inv_2)
                                                         _028_ (net)
                      0.052924    0.000000    1.220373 ^ _238_/RESET_B (sky130_fd_sc_hd__dfrtp_2)
                                              1.220373   data arrival time

                                  0.000000    0.000000   clock clk (rise edge)
                                  0.000000    0.000000   clock source latency
    17    0.043245    0.198813    0.137874    0.137874 ^ clk (in)
                                                         clk (net)
                      0.198814    0.000000    0.137874 ^ _238_/CLK (sky130_fd_sc_hd__dfrtp_2)
                                  0.250000    0.387874   clock uncertainty
                                  0.000000    0.387874   clock reconvergence pessimism
                                  0.364715    0.752589   library removal time
                                              0.752589   data required time
---------------------------------------------------------------------------------------------
                                              0.752589   data required time
                                             -1.220373   data arrival time
---------------------------------------------------------------------------------------------
                                              0.467785   slack (MET)


Startpoint: rst (input port clocked by clk)
Endpoint: _231_ (removal check against rising-edge clock clk)
Path Group: asynchronous
Path Type: min

Fanout         Cap        Slew       Delay        Time   Description
---------------------------------------------------------------------------------------------
                                  0.000000    0.000000   clock clk (rise edge)
                                  0.000000    0.000000   clock network delay (propagated)
                                  1.000000    1.000000 v input external delay
    17    0.084056    0.184654    0.135312    1.135312 v rst (in)
                                                         rst (net)
                      0.184658    0.000000    1.135312 v _214_/A (sky130_fd_sc_hd__inv_2)
     1    0.003665    0.053093    0.085274    1.220586 ^ _214_/Y (sky130_fd_sc_hd__inv_2)
                                                         _021_ (net)
                      0.053093    0.000001    1.220587 ^ _231_/RESET_B (sky130_fd_sc_hd__dfrtp_2)
                                              1.220587   data arrival time

                                  0.000000    0.000000   clock clk (rise edge)
                                  0.000000    0.000000   clock source latency
    17    0.043245    0.198813    0.137898    0.137898 ^ clk (in)
                                                         clk (net)
                      0.198815    0.000000    0.137898 ^ _231_/CLK (sky130_fd_sc_hd__dfrtp_2)
                                  0.250000    0.387897   clock uncertainty
                                  0.000000    0.387897   clock reconvergence pessimism
                                  0.364761    0.752658   library removal time
                                              0.752658   data required time
---------------------------------------------------------------------------------------------
                                              0.752658   data required time
                                             -1.220587   data arrival time
---------------------------------------------------------------------------------------------
                                              0.467929   slack (MET)


Startpoint: rst (input port clocked by clk)
Endpoint: _237_ (removal check against rising-edge clock clk)
Path Group: asynchronous
Path Type: min

Fanout         Cap        Slew       Delay        Time   Description
---------------------------------------------------------------------------------------------
                                  0.000000    0.000000   clock clk (rise edge)
                                  0.000000    0.000000   clock network delay (propagated)
                                  1.000000    1.000000 v input external delay
    17    0.084056    0.184654    0.135320    1.135320 v rst (in)
                                                         rst (net)
                      0.184658    0.000000    1.135320 v _220_/A (sky130_fd_sc_hd__inv_2)
     1    0.003677    0.053153    0.085365    1.220685 ^ _220_/Y (sky130_fd_sc_hd__inv_2)
                                                         _027_ (net)
                      0.053153    0.000001    1.220687 ^ _237_/RESET_B (sky130_fd_sc_hd__dfrtp_2)
                                              1.220687   data arrival time

                                  0.000000    0.000000   clock clk (rise edge)
                                  0.000000    0.000000   clock source latency
    17    0.043245    0.198813    0.137929    0.137929 ^ clk (in)
                                                         clk (net)
                      0.198815    0.000000    0.137929 ^ _237_/CLK (sky130_fd_sc_hd__dfrtp_2)
                                  0.250000    0.387929   clock uncertainty
                                  0.000000    0.387929   clock reconvergence pessimism
                                  0.364777    0.752706   library removal time
                                              0.752706   data required time
---------------------------------------------------------------------------------------------
                                              0.752706   data required time
                                             -1.220687   data arrival time
---------------------------------------------------------------------------------------------
                                              0.467980   slack (MET)


Startpoint: rst (input port clocked by clk)
Endpoint: _230_ (removal check against rising-edge clock clk)
Path Group: asynchronous
Path Type: min

Fanout         Cap        Slew       Delay        Time   Description
---------------------------------------------------------------------------------------------
                                  0.000000    0.000000   clock clk (rise edge)
                                  0.000000    0.000000   clock network delay (propagated)
                                  1.000000    1.000000 v input external delay
    17    0.084056    0.184654    0.135441    1.135441 v rst (in)
                                                         rst (net)
                      0.184659    0.000000    1.135441 v _213_/A (sky130_fd_sc_hd__inv_2)
     1    0.003673    0.053136    0.085339    1.220780 ^ _213_/Y (sky130_fd_sc_hd__inv_2)
                                                         _020_ (net)
                      0.053136    0.000001    1.220781 ^ _230_/RESET_B (sky130_fd_sc_hd__dfrtp_2)
                                              1.220781   data arrival time

                                  0.000000    0.000000   clock clk (rise edge)
                                  0.000000    0.000000   clock source latency
    17    0.043245    0.198813    0.137891    0.137891 ^ clk (in)
                                                         clk (net)
                      0.198815    0.000000    0.137891 ^ _230_/CLK (sky130_fd_sc_hd__dfrtp_2)
                                  0.250000    0.387891   clock uncertainty
                                  0.000000    0.387891   clock reconvergence pessimism
                                  0.364772    0.752664   library removal time
                                              0.752664   data required time
---------------------------------------------------------------------------------------------
                                              0.752664   data required time
                                             -1.220781   data arrival time
---------------------------------------------------------------------------------------------
                                              0.468118   slack (MET)


Startpoint: rst (input port clocked by clk)
Endpoint: _239_ (removal check against rising-edge clock clk)
Path Group: asynchronous
Path Type: min

Fanout         Cap        Slew       Delay        Time   Description
---------------------------------------------------------------------------------------------
                                  0.000000    0.000000   clock clk (rise edge)
                                  0.000000    0.000000   clock network delay (propagated)
                                  1.000000    1.000000 v input external delay
    17    0.084056    0.184654    0.135370    1.135370 v rst (in)
                                                         rst (net)
                      0.184659    0.000000    1.135370 v _222_/A (sky130_fd_sc_hd__inv_2)
     1    0.003683    0.053182    0.085408    1.220778 ^ _222_/Y (sky130_fd_sc_hd__inv_2)
                                                         _029_ (net)
                      0.053182    0.000001    1.220779 ^ _239_/RESET_B (sky130_fd_sc_hd__dfrtp_2)
                                              1.220779   data arrival time

                                  0.000000    0.000000   clock clk (rise edge)
                                  0.000000    0.000000   clock source latency
    17    0.043245    0.198813    0.137803    0.137803 ^ clk (in)
                                                         clk (net)
                      0.198814    0.000000    0.137803 ^ _239_/CLK (sky130_fd_sc_hd__dfrtp_2)
                                  0.250000    0.387803   clock uncertainty
                                  0.000000    0.387803   clock reconvergence pessimism
                                  0.364785    0.752588   library removal time
                                              0.752588   data required time
---------------------------------------------------------------------------------------------
                                              0.752588   data required time
                                             -1.220779   data arrival time
---------------------------------------------------------------------------------------------
                                              0.468192   slack (MET)


Startpoint: rst (input port clocked by clk)
Endpoint: _229_ (removal check against rising-edge clock clk)
Path Group: asynchronous
Path Type: min

Fanout         Cap        Slew       Delay        Time   Description
---------------------------------------------------------------------------------------------
                                  0.000000    0.000000   clock clk (rise edge)
                                  0.000000    0.000000   clock network delay (propagated)
                                  1.000000    1.000000 v input external delay
    17    0.084056    0.184654    0.135495    1.135495 v rst (in)
                                                         rst (net)
                      0.184660    0.000000    1.135495 v _212_/A (sky130_fd_sc_hd__inv_2)
     1    0.003683    0.053182    0.085408    1.220903 ^ _212_/Y (sky130_fd_sc_hd__inv_2)
                                                         _019_ (net)
                      0.053182    0.000002    1.220905 ^ _229_/RESET_B (sky130_fd_sc_hd__dfrtp_2)
                                              1.220905   data arrival time

                                  0.000000    0.000000   clock clk (rise edge)
                                  0.000000    0.000000   clock source latency
    17    0.043245    0.198813    0.137902    0.137902 ^ clk (in)
                                                         clk (net)
                      0.198815    0.000000    0.137902 ^ _229_/CLK (sky130_fd_sc_hd__dfrtp_2)
                                  0.250000    0.387902   clock uncertainty
                                  0.000000    0.387902   clock reconvergence pessimism
                                  0.364785    0.752687   library removal time
                                              0.752687   data required time
---------------------------------------------------------------------------------------------
                                              0.752687   data required time
                                             -1.220905   data arrival time
---------------------------------------------------------------------------------------------
                                              0.468218   slack (MET)


Startpoint: rst (input port clocked by clk)
Endpoint: _227_ (removal check against rising-edge clock clk)
Path Group: asynchronous
Path Type: min

Fanout         Cap        Slew       Delay        Time   Description
---------------------------------------------------------------------------------------------
                                  0.000000    0.000000   clock clk (rise edge)
                                  0.000000    0.000000   clock network delay (propagated)
                                  1.000000    1.000000 v input external delay
    17    0.084056    0.184654    0.135566    1.135566 v rst (in)
                                                         rst (net)
                      0.184661    0.000000    1.135566 v _210_/A (sky130_fd_sc_hd__inv_2)
     1    0.003653    0.053036    0.085189    1.220754 ^ _210_/Y (sky130_fd_sc_hd__inv_2)
                                                         _017_ (net)
                      0.053036    0.000000    1.220755 ^ _227_/RESET_B (sky130_fd_sc_hd__dfrtp_2)
                                              1.220755   data arrival time

                                  0.000000    0.000000   clock clk (rise edge)
                                  0.000000    0.000000   clock source latency
    17    0.043245    0.198813    0.137773    0.137773 ^ clk (in)
                                                         clk (net)
                      0.198814    0.000000    0.137773 ^ _227_/CLK (sky130_fd_sc_hd__dfrtp_2)
                                  0.250000    0.387773   clock uncertainty
                                  0.000000    0.387773   clock reconvergence pessimism
                                  0.364745    0.752518   library removal time
                                              0.752518   data required time
---------------------------------------------------------------------------------------------
                                              0.752518   data required time
                                             -1.220755   data arrival time
---------------------------------------------------------------------------------------------
                                              0.468236   slack (MET)


Startpoint: rst (input port clocked by clk)
Endpoint: _226_ (removal check against rising-edge clock clk)
Path Group: asynchronous
Path Type: min

Fanout         Cap        Slew       Delay        Time   Description
---------------------------------------------------------------------------------------------
                                  0.000000    0.000000   clock clk (rise edge)
                                  0.000000    0.000000   clock network delay (propagated)
                                  1.000000    1.000000 v input external delay
    17    0.084056    0.184654    0.135613    1.135613 v rst (in)
                                                         rst (net)
                      0.184662    0.000000    1.135613 v _126_/A (sky130_fd_sc_hd__inv_2)
     1    0.003650    0.053020    0.085164    1.220777 ^ _126_/Y (sky130_fd_sc_hd__inv_2)
                                                         _016_ (net)
                      0.053020    0.000000    1.220778 ^ _226_/RESET_B (sky130_fd_sc_hd__dfrtp_2)
                                              1.220778   data arrival time

                                  0.000000    0.000000   clock clk (rise edge)
                                  0.000000    0.000000   clock source latency
    17    0.043245    0.198813    0.137768    0.137768 ^ clk (in)
                                                         clk (net)
                      0.198814    0.000000    0.137768 ^ _226_/CLK (sky130_fd_sc_hd__dfrtp_2)
                                  0.250000    0.387768   clock uncertainty
                                  0.000000    0.387768   clock reconvergence pessimism
                                  0.364741    0.752509   library removal time
                                              0.752509   data required time
---------------------------------------------------------------------------------------------
                                              0.752509   data required time
                                             -1.220778   data arrival time
---------------------------------------------------------------------------------------------
                                              0.468269   slack (MET)


Startpoint: rst (input port clocked by clk)
Endpoint: _236_ (removal check against rising-edge clock clk)
Path Group: asynchronous
Path Type: min

Fanout         Cap        Slew       Delay        Time   Description
---------------------------------------------------------------------------------------------
                                  0.000000    0.000000   clock clk (rise edge)
                                  0.000000    0.000000   clock network delay (propagated)
                                  1.000000    1.000000 v input external delay
    17    0.084056    0.184654    0.135287    1.135287 v rst (in)
                                                         rst (net)
                      0.184658    0.000000    1.135287 v _219_/A (sky130_fd_sc_hd__inv_2)
     1    0.003755    0.053533    0.085939    1.221226 ^ _219_/Y (sky130_fd_sc_hd__inv_2)
                                                         _026_ (net)
                      0.053533    0.000003    1.221229 ^ _236_/RESET_B (sky130_fd_sc_hd__dfrtp_2)
                                              1.221229   data arrival time

                                  0.000000    0.000000   clock clk (rise edge)
                                  0.000000    0.000000   clock source latency
    17    0.043245    0.198813    0.137987    0.137987 ^ clk (in)
                                                         clk (net)
                      0.198815    0.000000    0.137987 ^ _236_/CLK (sky130_fd_sc_hd__dfrtp_2)
                                  0.250000    0.387987   clock uncertainty
                                  0.000000    0.387987   clock reconvergence pessimism
                                  0.364881    0.752868   library removal time
                                              0.752868   data required time
---------------------------------------------------------------------------------------------
                                              0.752868   data required time
                                             -1.221229   data arrival time
---------------------------------------------------------------------------------------------
                                              0.468361   slack (MET)


Startpoint: rst (input port clocked by clk)
Endpoint: _228_ (removal check against rising-edge clock clk)
Path Group: asynchronous
Path Type: min

Fanout         Cap        Slew       Delay        Time   Description
---------------------------------------------------------------------------------------------
                                  0.000000    0.000000   clock clk (rise edge)
                                  0.000000    0.000000   clock network delay (propagated)
                                  1.000000    1.000000 v input external delay
    17    0.084056    0.184654    0.135607    1.135607 v rst (in)
                                                         rst (net)
                      0.184662    0.000000    1.135607 v _211_/A (sky130_fd_sc_hd__inv_2)
     1    0.003686    0.053197    0.085431    1.221039 ^ _211_/Y (sky130_fd_sc_hd__inv_2)
                                                         _018_ (net)
                      0.053197    0.000002    1.221040 ^ _228_/RESET_B (sky130_fd_sc_hd__dfrtp_2)
                                              1.221040   data arrival time

                                  0.000000    0.000000   clock clk (rise edge)
                                  0.000000    0.000000   clock source latency
    17    0.043245    0.198813    0.137774    0.137774 ^ clk (in)
                                                         clk (net)
                      0.198814    0.000000    0.137774 ^ _228_/CLK (sky130_fd_sc_hd__dfrtp_2)
                                  0.250000    0.387774   clock uncertainty
                                  0.000000    0.387774   clock reconvergence pessimism
                                  0.364789    0.752563   library removal time
                                              0.752563   data required time
---------------------------------------------------------------------------------------------
                                              0.752563   data required time
                                             -1.221040   data arrival time
---------------------------------------------------------------------------------------------
                                              0.468477   slack (MET)


Startpoint: rst (input port clocked by clk)
Endpoint: _242_ (removal check against rising-edge clock clk)
Path Group: asynchronous
Path Type: min

Fanout         Cap        Slew       Delay        Time   Description
---------------------------------------------------------------------------------------------
                                  0.000000    0.000000   clock clk (rise edge)
                                  0.000000    0.000000   clock network delay (propagated)
                                  1.000000    1.000000 v input external delay
    17    0.084056    0.184654    0.135665    1.135665 v rst (in)
                                                         rst (net)
                      0.184663    0.000000    1.135665 v _225_/A (sky130_fd_sc_hd__inv_2)
     1    0.003691    0.053225    0.085473    1.221138 ^ _225_/Y (sky130_fd_sc_hd__inv_2)
                                                         _032_ (net)
                      0.053225    0.000001    1.221139 ^ _242_/RESET_B (sky130_fd_sc_hd__dfrtp_2)
                                              1.221139   data arrival time

                                  0.000000    0.000000   clock clk (rise edge)
                                  0.000000    0.000000   clock source latency
    17    0.043245    0.198813    0.137740    0.137740 ^ clk (in)
                                                         clk (net)
                      0.198814    0.000000    0.137740 ^ _242_/CLK (sky130_fd_sc_hd__dfrtp_2)
                                  0.250000    0.387740   clock uncertainty
                                  0.000000    0.387740   clock reconvergence pessimism
                                  0.364796    0.752536   library removal time
                                              0.752536   data required time
---------------------------------------------------------------------------------------------
                                              0.752536   data required time
                                             -1.221139   data arrival time
---------------------------------------------------------------------------------------------
                                              0.468603   slack (MET)


Startpoint: rst (input port clocked by clk)
Endpoint: _240_ (removal check against rising-edge clock clk)
Path Group: asynchronous
Path Type: min

Fanout         Cap        Slew       Delay        Time   Description
---------------------------------------------------------------------------------------------
                                  0.000000    0.000000   clock clk (rise edge)
                                  0.000000    0.000000   clock network delay (propagated)
                                  1.000000    1.000000 v input external delay
    17    0.084056    0.184654    0.135699    1.135700 v rst (in)
                                                         rst (net)
                      0.184663    0.000000    1.135700 v _223_/A (sky130_fd_sc_hd__inv_2)
     1    0.003677    0.053153    0.085364    1.221064 ^ _223_/Y (sky130_fd_sc_hd__inv_2)
                                                         _030_ (net)
                      0.053153    0.000001    1.221065 ^ _240_/RESET_B (sky130_fd_sc_hd__dfrtp_2)
                                              1.221065   data arrival time

                                  0.000000    0.000000   clock clk (rise edge)
                                  0.000000    0.000000   clock source latency
    17    0.043245    0.198813    0.137584    0.137584 ^ clk (in)
                                                         clk (net)
                      0.198813    0.000000    0.137584 ^ _240_/CLK (sky130_fd_sc_hd__dfrtp_2)
                                  0.250000    0.387584   clock uncertainty
                                  0.000000    0.387584   clock reconvergence pessimism
                                  0.364777    0.752361   library removal time
                                              0.752361   data required time
---------------------------------------------------------------------------------------------
                                              0.752361   data required time
                                             -1.221065   data arrival time
---------------------------------------------------------------------------------------------
                                              0.468704   slack (MET)


Startpoint: rst (input port clocked by clk)
Endpoint: _241_ (removal check against rising-edge clock clk)
Path Group: asynchronous
Path Type: min

Fanout         Cap        Slew       Delay        Time   Description
---------------------------------------------------------------------------------------------
                                  0.000000    0.000000   clock clk (rise edge)
                                  0.000000    0.000000   clock network delay (propagated)
                                  1.000000    1.000000 v input external delay
    17    0.084056    0.184654    0.135707    1.135707 v rst (in)
                                                         rst (net)
                      0.184663    0.000000    1.135707 v _224_/A (sky130_fd_sc_hd__inv_2)
     1    0.003767    0.053594    0.086030    1.221737 ^ _224_/Y (sky130_fd_sc_hd__inv_2)
                                                         _031_ (net)
                      0.053594    0.000004    1.221740 ^ _241_/RESET_B (sky130_fd_sc_hd__dfrtp_2)
                                              1.221740   data arrival time

                                  0.000000    0.000000   clock clk (rise edge)
                                  0.000000    0.000000   clock source latency
    17    0.043245    0.198813    0.137572    0.137572 ^ clk (in)
                                                         clk (net)
                      0.198813    0.000000    0.137572 ^ _241_/CLK (sky130_fd_sc_hd__dfrtp_2)
                                  0.250000    0.387572   clock uncertainty
                                  0.000000    0.387572   clock reconvergence pessimism
                                  0.364897    0.752469   library removal time
                                              0.752469   data required time
---------------------------------------------------------------------------------------------
                                              0.752469   data required time
                                             -1.221740   data arrival time
---------------------------------------------------------------------------------------------
                                              0.469271   slack (MET)


Startpoint: _242_ (rising edge-triggered flip-flop clocked by clk)
Endpoint: out (output port clocked by clk)
Path Group: clk
Path Type: min

Fanout         Cap        Slew       Delay        Time   Description
---------------------------------------------------------------------------------------------
                                  0.000000    0.000000   clock clk (rise edge)
                                  0.000000    0.000000   clock source latency
    17    0.043245    0.198813    0.137740    0.137740 ^ clk (in)
                                                         clk (net)
                      0.198814    0.000000    0.137740 ^ _242_/CLK (sky130_fd_sc_hd__dfrtp_2)
     2    0.043761    0.213968    0.532907    0.670647 ^ _242_/Q (sky130_fd_sc_hd__dfrtp_2)
                                                         out (net)
                      0.213968    0.000208    0.670855 ^ out (out)
                                              0.670855   data arrival time

                                  0.000000    0.000000   clock clk (rise edge)
                                  0.000000    0.000000   clock network delay (propagated)
                                  0.250000    0.250000   clock uncertainty
                                  0.000000    0.250000   clock reconvergence pessimism
                                 -1.000000   -0.750000   output external delay
                                             -0.750000   data required time
---------------------------------------------------------------------------------------------
                                             -0.750000   data required time
                                             -0.670855   data arrival time
---------------------------------------------------------------------------------------------
                                              1.420856   slack (MET)



