
===========================================================================
report_checks -unconstrained
===========================================================================
======================= max_tt_025C_1v80 Corner ===================================

Startpoint: rst (input port clocked by clk)
Endpoint: _497_ (recovery check against rising-edge clock clk)
Path Group: asynchronous
Path Type: max

Fanout         Cap        Slew       Delay        Time   Description
---------------------------------------------------------------------------------------------
                                  0.000000    0.000000   clock clk (rise edge)
                                  0.000000    0.000000   clock network delay (propagated)
                                  1.000000    1.000000 v input external delay
     1    0.002443    0.007793    0.003866    1.003866 v rst (in)
                                                         rst (net)
                      0.007794    0.000000    1.003866 v input33/A (sky130_fd_sc_hd__buf_1)
     4    0.015143    0.093272    0.125413    1.129279 v input33/X (sky130_fd_sc_hd__buf_1)
                                                         net33 (net)
                      0.093281    0.000956    1.130236 v fanout39/A (sky130_fd_sc_hd__buf_4)
    10    0.061001    0.086374    0.214209    1.344445 v fanout39/X (sky130_fd_sc_hd__buf_4)
                                                         net39 (net)
                      0.087165    0.006581    1.351026 v _464_/A (sky130_fd_sc_hd__inv_2)
     1    0.003927    0.034714    0.059778    1.410803 ^ _464_/Y (sky130_fd_sc_hd__inv_2)
                                                         _057_ (net)
                      0.034715    0.000206    1.411009 ^ _497_/RESET_B (sky130_fd_sc_hd__dfrtp_2)
                                              1.411009   data arrival time

                                  5.000000    5.000000   clock clk (rise edge)
                                  0.000000    5.000000   clock source latency
     1    0.016468    0.079993    0.054924    5.054924 ^ clk (in)
                                                         clk (net)
                      0.080007    0.000000    5.054924 ^ clkbuf_0_clk/A (sky130_fd_sc_hd__clkbuf_16)
     4    0.040598    0.060341    0.154315    5.209239 ^ clkbuf_0_clk/X (sky130_fd_sc_hd__clkbuf_16)
                                                         clknet_0_clk (net)
                      0.060479    0.002416    5.211655 ^ clkbuf_2_2__f_clk/A (sky130_fd_sc_hd__clkbuf_16)
    10    0.030420    0.051386    0.140087    5.351742 ^ clkbuf_2_2__f_clk/X (sky130_fd_sc_hd__clkbuf_16)
                                                         clknet_2_2__leaf_clk (net)
                      0.051404    0.001702    5.353444 ^ _497_/CLK (sky130_fd_sc_hd__dfrtp_2)
                                 -0.250000    5.103444   clock uncertainty
                                  0.000000    5.103444   clock reconvergence pessimism
                                  0.224215    5.327659   library recovery time
                                              5.327659   data required time
---------------------------------------------------------------------------------------------
                                              5.327659   data required time
                                             -1.411009   data arrival time
---------------------------------------------------------------------------------------------
                                              3.916650   slack (MET)


Startpoint: psc[30] (input port clocked by clk)
Endpoint: _484_ (rising edge-triggered flip-flop clocked by clk)
Path Group: clk
Path Type: max

Fanout         Cap        Slew       Delay        Time   Description
---------------------------------------------------------------------------------------------
                                  0.000000    0.000000   clock clk (rise edge)
                                  0.000000    0.000000   clock network delay (propagated)
                                  1.000000    1.000000 ^ input external delay
     1    0.002856    0.019972    0.010559    1.010559 ^ psc[30] (in)
                                                         psc[30] (net)
                      0.019972    0.000000    1.010559 ^ input24/A (sky130_fd_sc_hd__clkbuf_1)
     2    0.004476    0.062530    0.085208    1.095767 ^ input24/X (sky130_fd_sc_hd__clkbuf_1)
                                                         net24 (net)
                      0.062530    0.000274    1.096040 ^ _319_/A_N (sky130_fd_sc_hd__and2b_1)
     2    0.004830    0.042145    0.183552    1.279593 v _319_/X (sky130_fd_sc_hd__and2b_1)
                                                         _148_ (net)
                      0.042146    0.000259    1.279852 v _324_/B (sky130_fd_sc_hd__or4_4)
     3    0.007538    0.089873    0.515180    1.795032 v _324_/X (sky130_fd_sc_hd__or4_4)
                                                         _153_ (net)
                      0.089873    0.000440    1.795471 v _332_/C (sky130_fd_sc_hd__or4b_4)
     2    0.006482    0.088077    0.497726    2.293197 v _332_/X (sky130_fd_sc_hd__or4b_4)
                                                         _161_ (net)
                      0.088078    0.000413    2.293610 v _333_/D (sky130_fd_sc_hd__or4_4)
     1    0.001619    0.076082    0.407370    2.700981 v _333_/X (sky130_fd_sc_hd__or4_4)
                                                         _162_ (net)
                      0.076082    0.000074    2.701055 v _342_/A_N (sky130_fd_sc_hd__and4b_1)
     1    0.005793    0.081755    0.271310    2.972365 ^ _342_/X (sky130_fd_sc_hd__and4b_1)
                                                         _171_ (net)
                      0.081755    0.000273    2.972639 ^ _343_/A (sky130_fd_sc_hd__or3_4)
     1    0.009819    0.045044    0.134236    3.106874 ^ _343_/X (sky130_fd_sc_hd__or3_4)
                                                         _172_ (net)
                      0.045060    0.000771    3.107645 ^ _344_/B1 (sky130_fd_sc_hd__a21oi_4)
     5    0.027513    0.077537    0.049154    3.156799 v _344_/Y (sky130_fd_sc_hd__a21oi_4)
                                                         _173_ (net)
                      0.077556    0.000967    3.157767 v fanout38/A (sky130_fd_sc_hd__buf_6)
     8    0.023542    0.035850    0.142681    3.300448 v fanout38/X (sky130_fd_sc_hd__buf_6)
                                                         net38 (net)
                      0.036227    0.002738    3.303186 v _384_/C (sky130_fd_sc_hd__and3b_1)
     1    0.003067    0.038038    0.170145    3.473331 v _384_/X (sky130_fd_sc_hd__and3b_1)
                                                         _003_ (net)
                      0.038038    0.000129    3.473460 v _484_/D (sky130_fd_sc_hd__dfrtp_1)
                                              3.473460   data arrival time

                                  5.000000    5.000000   clock clk (rise edge)
                                  0.000000    5.000000   clock source latency
     1    0.016468    0.079993    0.054924    5.054924 ^ clk (in)
                                                         clk (net)
                      0.080007    0.000000    5.054924 ^ clkbuf_0_clk/A (sky130_fd_sc_hd__clkbuf_16)
     4    0.040598    0.060341    0.154315    5.209239 ^ clkbuf_0_clk/X (sky130_fd_sc_hd__clkbuf_16)
                                                         clknet_0_clk (net)
                      0.060469    0.002327    5.211566 ^ clkbuf_2_3__f_clk/A (sky130_fd_sc_hd__clkbuf_16)
     8    0.026748    0.047923    0.137165    5.348732 ^ clkbuf_2_3__f_clk/X (sky130_fd_sc_hd__clkbuf_16)
                                                         clknet_2_3__leaf_clk (net)
                      0.047950    0.001013    5.349744 ^ _484_/CLK (sky130_fd_sc_hd__dfrtp_1)
                                 -0.250000    5.099744   clock uncertainty
                                  0.000000    5.099744   clock reconvergence pessimism
                                 -0.110562    4.989183   library setup time
                                              4.989183   data required time
---------------------------------------------------------------------------------------------
                                              4.989183   data required time
                                             -3.473460   data arrival time
---------------------------------------------------------------------------------------------
                                              1.515723   slack (MET)




===========================================================================
report_checks --slack_max -0.01
============================================================================
======================= max_tt_025C_1v80 Corner ===================================

No paths found.


===========================================================================
 report_check_types -max_slew -max_cap -max_fanout -violators
============================================================================
======================= max_tt_025C_1v80 Corner ===================================



===========================================================================
report_parasitic_annotation -report_unannotated
============================================================================
Found 3 unannotated drivers.
 clkload0/Y
 clkload1/X
 clkload2/Y
Found 0 partially unannotated drivers.

===========================================================================
max slew violation count 0
max fanout violation count 0
max cap violation count 0
============================================================================

===========================================================================
check_setup -verbose -unconstrained_endpoints -multiple_clock -no_clock -no_input_delay -loops -generated_clocks
===========================================================================
