Clock: clk
Sources: clk 
Generated: no
Virtual: yes
Propagated: no
Period: 5.000000

===========================================================================
report_clock_properties
============================================================================
Clock                   Period          Waveform
----------------------------------------------------
clk                   5.000000    0.000000  2.500000

===========================================================================
report_clock_latency
============================================================================
Clock clk
rise -> rise
    min     max
0.000000 0.000000 source latency
0.349431         network latency _480_/CLK
        0.353941 network latency _494_/CLK
---------------
0.349431 0.353941 latency
        0.004510 skew

fall -> fall
    min     max
0.000000 0.000000 source latency
0.332197         network latency _480_/CLK
        0.336445 network latency _489_/CLK
---------------
0.332197 0.336445 latency
        0.004248 skew



===========================================================================
report_clock_min_period
============================================================================
clk period_min = 3.14 fmax = 318.84
