Reading OpenROAD database at '/home/nakanomiku/DigitalDesign/freq_psc/runs/RUN_2024-10-26_06-28-06/20-openroad-generatepdn/freq_psc.odb'…
Reading library file at '/home/nakanomiku/.volare/volare/sky130/versions/0fe599b2afb6708d281543108caf8310912f54af/sky130A/libs.ref/sky130_fd_sc_hd/lib/sky130_fd_sc_hd__tt_025C_1v80.lib'…
Reading design constraints file at '/nix/store/mr1ix0gwjfwmikfqyrq536nwhj83f0zp-python3-3.11.9-env/lib/python3.11/site-packages/openlane/scripts/base.sdc'…
[INFO] Using clock clk…
[INFO] Setting output delay to: 1
[INFO] Setting input delay to: 1
[INFO] Setting load to: 0.033442
[INFO] Setting clock uncertainty to: 0.25
[INFO] Setting clock transition to: 0.1499999999999999944488848768742172978818416595458984375
[INFO] Setting timing derate to: 5%
[INFO GPL-0002] DBU: 1000
[INFO GPL-0003] SiteSize: (  0.460  2.720 ) um
[INFO GPL-0004] CoreBBox: (  5.520 10.880 ) ( 56.120 59.840 ) um
[INFO GPL-0006] NumInstances:               196
[INFO GPL-0007] NumPlaceInstances:          130
[INFO GPL-0008] NumFixedInstances:           66
[INFO GPL-0009] NumDummyInstances:            0
[INFO GPL-0010] NumNets:                    148
[INFO GPL-0011] NumPins:                    447
[INFO GPL-0012] DieBBox:  (  0.000  0.000 ) ( 61.860 72.580 ) um
[INFO GPL-0013] CoreBBox: (  5.520 10.880 ) ( 56.120 59.840 ) um
[INFO GPL-0016] CoreArea:              2477.376 um^2
[INFO GPL-0017] NonPlaceInstsArea:      172.666 um^2
[INFO GPL-0018] PlaceInstsArea:        1291.238 um^2
[INFO GPL-0019] Util:                    56.026 %
[INFO GPL-0020] StdInstsArea:          1291.238 um^2
[INFO GPL-0021] MacroInstsArea:           0.000 um^2
[INFO GPL-0031] FillerInit:NumGCells:       148
[INFO GPL-0032] FillerInit:NumGNets:        148
[INFO GPL-0033] FillerInit:NumGPins:        447
[INFO GPL-0023] TargetDensity:            0.636
[INFO GPL-0024] AvrgPlaceInstArea:        9.933 um^2
[INFO GPL-0025] IdealBinArea:            15.608 um^2
[INFO GPL-0026] IdealBinCnt:                158
[INFO GPL-0027] TotalBinArea:          2477.376 um^2
[INFO GPL-0028] BinCnt:         8      8
[INFO GPL-0029] BinSize: (  6.325  6.120 )
[INFO GPL-0030] NumBins: 64
[NesterovSolve] Iter:    1 overflow: 0.925 HPWL: 382547
[NesterovSolve] Iter:   10 overflow: 0.923 HPWL: 310852
[NesterovSolve] Iter:   20 overflow: 0.922 HPWL: 310736
[NesterovSolve] Iter:   30 overflow: 0.923 HPWL: 310685
[NesterovSolve] Iter:   40 overflow: 0.923 HPWL: 310782
[NesterovSolve] Iter:   50 overflow: 0.923 HPWL: 310895
[NesterovSolve] Iter:   60 overflow: 0.923 HPWL: 311095
[NesterovSolve] Iter:   70 overflow: 0.923 HPWL: 311440
[NesterovSolve] Iter:   80 overflow: 0.923 HPWL: 311992
[NesterovSolve] Iter:   90 overflow: 0.923 HPWL: 312703
[NesterovSolve] Iter:  100 overflow: 0.922 HPWL: 312953
[NesterovSolve] Iter:  110 overflow: 0.922 HPWL: 313484
[NesterovSolve] Iter:  120 overflow: 0.920 HPWL: 314845
[NesterovSolve] Iter:  130 overflow: 0.915 HPWL: 317626
[NesterovSolve] Iter:  140 overflow: 0.899 HPWL: 326813
[NesterovSolve] Iter:  150 overflow: 0.831 HPWL: 375326
[NesterovSolve] Iter:  160 overflow: 0.776 HPWL: 428660
[NesterovSolve] Iter:  170 overflow: 0.773 HPWL: 490634
[NesterovSolve] Iter:  180 overflow: 0.715 HPWL: 510296
[NesterovSolve] Iter:  190 overflow: 0.675 HPWL: 554411
[NesterovSolve] Iter:  200 overflow: 0.640 HPWL: 608664
[NesterovSolve] Iter:  210 overflow: 0.591 HPWL: 645858
[NesterovSolve] Iter:  220 overflow: 0.543 HPWL: 693319
[NesterovSolve] Iter:  230 overflow: 0.499 HPWL: 747329
[NesterovSolve] Iter:  240 overflow: 0.452 HPWL: 800667
[NesterovSolve] Iter:  250 overflow: 0.407 HPWL: 843038
[NesterovSolve] Iter:  260 overflow: 0.356 HPWL: 885032
[NesterovSolve] Iter:  270 overflow: 0.317 HPWL: 896386
[NesterovSolve] Iter:  280 overflow: 0.266 HPWL: 920073
[NesterovSolve] Iter:  290 overflow: 0.228 HPWL: 929293
[NesterovSolve] Iter:  300 overflow: 0.186 HPWL: 938054
[NesterovSolve] Iter:  310 overflow: 0.150 HPWL: 951494
[NesterovSolve] Iter:  320 overflow: 0.122 HPWL: 967861
[NesterovSolve] Iter:  330 overflow: 0.102 HPWL: 979333
[NesterovSolve] Finished with Overflow: 0.099635
[INFO] Setting RC values…
Setting global connections for newly added cells…
[INFO] Setting global connections...
Updating metrics…
Cell type report:                       Count       Area
  Fill cell                                36     135.13
  Tap cell                                 30      37.54
  Inverter                                 30     112.61
  Sequential cell                          17     446.68
  Multi-Input combinational cell           83     731.95
  Total                                   196    1463.90
Writing OpenROAD database to '/home/nakanomiku/DigitalDesign/freq_psc/runs/RUN_2024-10-26_06-28-06/23-openroad-globalplacementskipio/freq_psc.odb'…
Writing netlist to '/home/nakanomiku/DigitalDesign/freq_psc/runs/RUN_2024-10-26_06-28-06/23-openroad-globalplacementskipio/freq_psc.nl.v'…
Writing powered netlist to '/home/nakanomiku/DigitalDesign/freq_psc/runs/RUN_2024-10-26_06-28-06/23-openroad-globalplacementskipio/freq_psc.pnl.v'…
Writing layout to '/home/nakanomiku/DigitalDesign/freq_psc/runs/RUN_2024-10-26_06-28-06/23-openroad-globalplacementskipio/freq_psc.def'…
Writing timing constraints to '/home/nakanomiku/DigitalDesign/freq_psc/runs/RUN_2024-10-26_06-28-06/23-openroad-globalplacementskipio/freq_psc.sdc'…
