Clock: clk
Sources: clk 
Generated: no
Virtual: yes
Propagated: no
Period: 5.000000

===========================================================================
report_clock_properties
============================================================================
Clock                   Period          Waveform
----------------------------------------------------
clk                   5.000000    0.000000  2.500000

===========================================================================
report_clock_latency
============================================================================
Clock clk
rise -> rise
    min     max
0.000000 0.000000 source latency
0.241634         network latency _782_/CLK
        0.245676 network latency _787_/CLK
---------------
0.241634 0.245676 latency
        0.004041 skew

fall -> fall
    min     max
0.000000 0.000000 source latency
0.226134         network latency _782_/CLK
        0.229839 network latency _787_/CLK
---------------
0.226134 0.229839 latency
        0.003705 skew



===========================================================================
report_clock_min_period
============================================================================
clk period_min = 2.47 fmax = 405.32
