56. Printing statistics.

=== clk_int_div ===

   Number of wires:                248
   Number of wire bits:            285
   Number of public wires:          28
   Number of public wire bits:      65
   Number of ports:                  9
   Number of port bits:             23
   Number of memories:               0
   Number of memory bits:            0
   Number of processes:              0
   Number of cells:                269
     $_ANDNOT_                      62
     $_AND_                          5
     $_MUX_                         25
     $_NAND_                         6
     $_NOR_                         10
     $_NOT_                         20
     $_ORNOT_                        4
     $_OR_                          60
     $_XNOR_                         4
     $_XOR_                         48
     sky130_fd_sc_hd__dfrtp_2       22
     sky130_fd_sc_hd__dfstp_2        2
     sky130_fd_sc_hd__dlxtp_1        1

   Area for cell type $_NOT_ is unknown!
   Area for cell type $_AND_ is unknown!
   Area for cell type $_NAND_ is unknown!
   Area for cell type $_OR_ is unknown!
   Area for cell type $_NOR_ is unknown!
   Area for cell type $_XOR_ is unknown!
   Area for cell type $_XNOR_ is unknown!
   Area for cell type $_ANDNOT_ is unknown!
   Area for cell type $_ORNOT_ is unknown!
   Area for cell type $_MUX_ is unknown!

   Chip area for module '\clk_int_div': 645.619200
     of which used for sequential elements: 630.604800 (97.67%)

