64. Printing statistics.

=== clk_int_div ===

   Number of wires:                168
   Number of wire bits:            182
   Number of public wires:          28
   Number of public wire bits:      42
   Number of ports:                  9
   Number of port bits:             23
   Number of memories:               0
   Number of memory bits:            0
   Number of processes:              0
   Number of cells:                169
     sky130_fd_sc_hd__a211o_2        1
     sky130_fd_sc_hd__a21boi_2       1
     sky130_fd_sc_hd__a21o_2         7
     sky130_fd_sc_hd__a21oi_2        1
     sky130_fd_sc_hd__a221o_2        1
     sky130_fd_sc_hd__a221oi_2       1
     sky130_fd_sc_hd__a22o_2         3
     sky130_fd_sc_hd__a2bb2o_2       1
     sky130_fd_sc_hd__a31o_2         2
     sky130_fd_sc_hd__a32o_2         6
     sky130_fd_sc_hd__and2_2         2
     sky130_fd_sc_hd__and2b_2        3
     sky130_fd_sc_hd__and3_2         2
     sky130_fd_sc_hd__and3b_2        1
     sky130_fd_sc_hd__and4_2         6
     sky130_fd_sc_hd__and4b_2        1
     sky130_fd_sc_hd__dfrtp_2       22
     sky130_fd_sc_hd__dfstp_2        2
     sky130_fd_sc_hd__dlxtp_1        1
     sky130_fd_sc_hd__inv_2          8
     sky130_fd_sc_hd__mux2_1        12
     sky130_fd_sc_hd__nand2_2       18
     sky130_fd_sc_hd__nand2b_2       2
     sky130_fd_sc_hd__nand3_2        2
     sky130_fd_sc_hd__nor2_2         7
     sky130_fd_sc_hd__nor4_2         1
     sky130_fd_sc_hd__o2111a_2       2
     sky130_fd_sc_hd__o211a_2        2
     sky130_fd_sc_hd__o21a_2         1
     sky130_fd_sc_hd__o21ai_2        3
     sky130_fd_sc_hd__o21ba_2        1
     sky130_fd_sc_hd__o31ai_2        1
     sky130_fd_sc_hd__o41a_2         1
     sky130_fd_sc_hd__or2_2         10
     sky130_fd_sc_hd__or3_2          4
     sky130_fd_sc_hd__or4_2          7
     sky130_fd_sc_hd__xnor2_2       11
     sky130_fd_sc_hd__xor2_2        12

   Chip area for module '\clk_int_div': 2041.958400
     of which used for sequential elements: 630.604800 (30.88%)

