
===========================================================================
report_checks -unconstrained
===========================================================================
======================= nom_tt_025C_1v80 Corner ===================================

Startpoint: rst (input port clocked by clk)
Endpoint: _772_ (recovery check against rising-edge clock clk)
Path Group: asynchronous
Path Type: max

Fanout         Cap        Slew       Delay        Time   Description
---------------------------------------------------------------------------------------------
                      0.150000    0.000000    0.000000   clock clk (rise edge)
                                  0.000000    0.000000   clock network delay (ideal)
                                  1.000000    1.000000 v input external delay
    33    0.141108    0.302120    0.227843    1.227843 v rst (in)
                                                         rst (net)
                      0.302120    0.000000    1.227843 v _415_/A (sky130_fd_sc_hd__inv_2)
     1    0.003612    0.071752    0.110463    1.338306 ^ _415_/Y (sky130_fd_sc_hd__inv_2)
                                                         _033_ (net)
                      0.071752    0.000000    1.338306 ^ _772_/RESET_B (sky130_fd_sc_hd__dfrtp_2)
                                              1.338306   data arrival time

                      0.150000    5.000000    5.000000   clock clk (rise edge)
                                  0.000000    5.000000   clock network delay (ideal)
                                 -0.250000    4.750000   clock uncertainty
                                  0.000000    4.750000   clock reconvergence pessimism
                                              4.750000 ^ _772_/CLK (sky130_fd_sc_hd__dfrtp_2)
                                  0.243573    4.993573   library recovery time
                                              4.993573   data required time
---------------------------------------------------------------------------------------------
                                              4.993573   data required time
                                             -1.338306   data arrival time
---------------------------------------------------------------------------------------------
                                              3.655267   slack (MET)


Startpoint: psc[0] (input port clocked by clk)
Endpoint: _775_ (rising edge-triggered flip-flop clocked by clk)
Path Group: clk
Path Type: max

Fanout         Cap        Slew       Delay        Time   Description
---------------------------------------------------------------------------------------------
                      0.150000    0.000000    0.000000   clock clk (rise edge)
                                  0.000000    0.000000   clock network delay (ideal)
                                  1.000000    1.000000 v input external delay
     4    0.008377    0.021367    0.013534    1.013534 v psc[0] (in)
                                                         psc[0] (net)
                      0.021367    0.000000    1.013534 v _418_/A (sky130_fd_sc_hd__or4_2)
     4    0.011030    0.136313    0.704572    1.718106 v _418_/X (sky130_fd_sc_hd__or4_2)
                                                         _097_ (net)
                      0.136313    0.000000    1.718106 v _420_/D (sky130_fd_sc_hd__or4_2)
     6    0.017577    0.156963    0.646730    2.364836 v _420_/X (sky130_fd_sc_hd__or4_2)
                                                         _099_ (net)
                      0.156963    0.000000    2.364836 v _424_/C (sky130_fd_sc_hd__or4_2)
     7    0.018717    0.160333    0.727927    3.092762 v _424_/X (sky130_fd_sc_hd__or4_2)
                                                         _103_ (net)
                      0.160333    0.000000    3.092762 v _428_/C (sky130_fd_sc_hd__or4_2)
     4    0.006362    0.116736    0.661891    3.754653 v _428_/X (sky130_fd_sc_hd__or4_2)
                                                         _107_ (net)
                      0.116736    0.000000    3.754653 v _489_/C (sky130_fd_sc_hd__or3_2)
     2    0.006027    0.089742    0.445123    4.199776 v _489_/X (sky130_fd_sc_hd__or3_2)
                                                         _168_ (net)
                      0.089742    0.000000    4.199776 v _495_/A (sky130_fd_sc_hd__and2_2)
     2    0.006367    0.046427    0.194886    4.394662 v _495_/X (sky130_fd_sc_hd__and2_2)
                                                         _174_ (net)
                      0.046427    0.000000    4.394662 v _498_/A2 (sky130_fd_sc_hd__a22o_2)
     2    0.002905    0.040053    0.249444    4.644106 v _498_/X (sky130_fd_sc_hd__a22o_2)
                                                         _177_ (net)
                      0.040053    0.000000    4.644106 v _560_/B (sky130_fd_sc_hd__or4b_2)
     1    0.001261    0.089914    0.605387    5.249493 v _560_/X (sky130_fd_sc_hd__or4b_2)
                                                         _239_ (net)
                      0.089914    0.000000    5.249493 v _561_/D (sky130_fd_sc_hd__or4_2)
     1    0.001261    0.089836    0.526378    5.775871 v _561_/X (sky130_fd_sc_hd__or4_2)
                                                         _240_ (net)
                      0.089836    0.000000    5.775871 v _562_/D (sky130_fd_sc_hd__or4_2)
     1    0.002260    0.095833    0.536564    6.312434 v _562_/X (sky130_fd_sc_hd__or4_2)
                                                         _241_ (net)
                      0.095833    0.000000    6.312434 v _564_/B1 (sky130_fd_sc_hd__o211a_2)
    32    0.047960    0.137623    0.248828    6.561263 v _564_/X (sky130_fd_sc_hd__o211a_2)
                                                         _243_ (net)
                      0.137623    0.000000    6.561263 v _570_/C (sky130_fd_sc_hd__and3b_2)
     1    0.001949    0.035793    0.239095    6.800357 v _570_/X (sky130_fd_sc_hd__and3b_2)
                                                         _022_ (net)
                      0.035793    0.000000    6.800357 v _775_/D (sky130_fd_sc_hd__dfrtp_2)
                                              6.800357   data arrival time

                      0.150000    5.000000    5.000000   clock clk (rise edge)
                                  0.000000    5.000000   clock network delay (ideal)
                                 -0.250000    4.750000   clock uncertainty
                                  0.000000    4.750000   clock reconvergence pessimism
                                              4.750000 ^ _775_/CLK (sky130_fd_sc_hd__dfrtp_2)
                                 -0.087191    4.662809   library setup time
                                              4.662809   data required time
---------------------------------------------------------------------------------------------
                                              4.662809   data required time
                                             -6.800357   data arrival time
---------------------------------------------------------------------------------------------
                                             -2.137548   slack (VIOLATED)




===========================================================================
report_checks --slack_max -0.01
============================================================================
======================= nom_tt_025C_1v80 Corner ===================================

Startpoint: psc[0] (input port clocked by clk)
Endpoint: _775_ (rising edge-triggered flip-flop clocked by clk)
Path Group: clk
Path Type: max

Fanout         Cap        Slew       Delay        Time   Description
---------------------------------------------------------------------------------------------
                      0.150000    0.000000    0.000000   clock clk (rise edge)
                                  0.000000    0.000000   clock network delay (ideal)
                                  1.000000    1.000000 v input external delay
     4    0.008377    0.021367    0.013534    1.013534 v psc[0] (in)
                                                         psc[0] (net)
                      0.021367    0.000000    1.013534 v _418_/A (sky130_fd_sc_hd__or4_2)
     4    0.011030    0.136313    0.704572    1.718106 v _418_/X (sky130_fd_sc_hd__or4_2)
                                                         _097_ (net)
                      0.136313    0.000000    1.718106 v _420_/D (sky130_fd_sc_hd__or4_2)
     6    0.017577    0.156963    0.646730    2.364836 v _420_/X (sky130_fd_sc_hd__or4_2)
                                                         _099_ (net)
                      0.156963    0.000000    2.364836 v _424_/C (sky130_fd_sc_hd__or4_2)
     7    0.018717    0.160333    0.727927    3.092762 v _424_/X (sky130_fd_sc_hd__or4_2)
                                                         _103_ (net)
                      0.160333    0.000000    3.092762 v _428_/C (sky130_fd_sc_hd__or4_2)
     4    0.006362    0.116736    0.661891    3.754653 v _428_/X (sky130_fd_sc_hd__or4_2)
                                                         _107_ (net)
                      0.116736    0.000000    3.754653 v _489_/C (sky130_fd_sc_hd__or3_2)
     2    0.006027    0.089742    0.445123    4.199776 v _489_/X (sky130_fd_sc_hd__or3_2)
                                                         _168_ (net)
                      0.089742    0.000000    4.199776 v _495_/A (sky130_fd_sc_hd__and2_2)
     2    0.006367    0.046427    0.194886    4.394662 v _495_/X (sky130_fd_sc_hd__and2_2)
                                                         _174_ (net)
                      0.046427    0.000000    4.394662 v _498_/A2 (sky130_fd_sc_hd__a22o_2)
     2    0.002905    0.040053    0.249444    4.644106 v _498_/X (sky130_fd_sc_hd__a22o_2)
                                                         _177_ (net)
                      0.040053    0.000000    4.644106 v _560_/B (sky130_fd_sc_hd__or4b_2)
     1    0.001261    0.089914    0.605387    5.249493 v _560_/X (sky130_fd_sc_hd__or4b_2)
                                                         _239_ (net)
                      0.089914    0.000000    5.249493 v _561_/D (sky130_fd_sc_hd__or4_2)
     1    0.001261    0.089836    0.526378    5.775871 v _561_/X (sky130_fd_sc_hd__or4_2)
                                                         _240_ (net)
                      0.089836    0.000000    5.775871 v _562_/D (sky130_fd_sc_hd__or4_2)
     1    0.002260    0.095833    0.536564    6.312434 v _562_/X (sky130_fd_sc_hd__or4_2)
                                                         _241_ (net)
                      0.095833    0.000000    6.312434 v _564_/B1 (sky130_fd_sc_hd__o211a_2)
    32    0.047960    0.137623    0.248828    6.561263 v _564_/X (sky130_fd_sc_hd__o211a_2)
                                                         _243_ (net)
                      0.137623    0.000000    6.561263 v _570_/C (sky130_fd_sc_hd__and3b_2)
     1    0.001949    0.035793    0.239095    6.800357 v _570_/X (sky130_fd_sc_hd__and3b_2)
                                                         _022_ (net)
                      0.035793    0.000000    6.800357 v _775_/D (sky130_fd_sc_hd__dfrtp_2)
                                              6.800357   data arrival time

                      0.150000    5.000000    5.000000   clock clk (rise edge)
                                  0.000000    5.000000   clock network delay (ideal)
                                 -0.250000    4.750000   clock uncertainty
                                  0.000000    4.750000   clock reconvergence pessimism
                                              4.750000 ^ _775_/CLK (sky130_fd_sc_hd__dfrtp_2)
                                 -0.087191    4.662809   library setup time
                                              4.662809   data required time
---------------------------------------------------------------------------------------------
                                              4.662809   data required time
                                             -6.800357   data arrival time
---------------------------------------------------------------------------------------------
                                             -2.137548   slack (VIOLATED)




===========================================================================
 report_check_types -max_slew -max_cap -max_fanout -violators
============================================================================
======================= nom_tt_025C_1v80 Corner ===================================

max fanout

Pin                                   Limit Fanout  Slack
---------------------------------------------------------
rst                                      10     33    -23 (VIOLATED)
_564_/X                                  10     32    -22 (VIOLATED)



===========================================================================
report_parasitic_annotation -report_unannotated
============================================================================
Found 453 unannotated drivers.
 clk
 psc[0]
 psc[10]
 psc[11]
 psc[12]
 psc[13]
 psc[14]
 psc[15]
 psc[16]
 psc[17]
 psc[18]
 psc[19]
 psc[1]
 psc[20]
 psc[21]
 psc[22]
 psc[23]
 psc[24]
 psc[25]
 psc[26]
 psc[27]
 psc[28]
 psc[29]
 psc[2]
 psc[30]
 psc[31]
 psc[3]
 psc[4]
 psc[5]
 psc[6]
 psc[7]
 psc[8]
 psc[9]
 rst
 _386_/Y
 _387_/Y
 _388_/Y
 _389_/Y
 _390_/Y
 _391_/Y
 _392_/Y
 _393_/Y
 _394_/Y
 _395_/Y
 _396_/Y
 _397_/Y
 _398_/Y
 _399_/Y
 _400_/Y
 _401_/Y
 _402_/Y
 _403_/Y
 _404_/Y
 _405_/Y
 _406_/Y
 _407_/Y
 _408_/Y
 _409_/Y
 _410_/Y
 _411_/Y
 _412_/Y
 _413_/Y
 _414_/Y
 _415_/Y
 _416_/X
 _417_/X
 _418_/X
 _419_/Y
 _420_/X
 _421_/X
 _422_/X
 _423_/X
 _424_/X
 _425_/X
 _426_/Y
 _427_/Y
 _428_/X
 _429_/X
 _430_/X
 _431_/X
 _432_/Y
 _433_/Y
 _434_/Y
 _435_/X
 _436_/X
 _437_/X
 _438_/X
 _439_/X
 _440_/Y
 _441_/X
 _442_/Y
 _443_/Y
 _444_/X
 _445_/Y
 _446_/Y
 _447_/X
 _448_/X
 _449_/Y
 _450_/Y
 _451_/Y
 _452_/X
 _453_/Y
 _454_/X
 _455_/Y
 _456_/X
 _457_/X
 _458_/X
 _459_/Y
 _460_/X
 _461_/Y
 _462_/X
 _463_/Y
 _464_/Y
 _465_/X
 _466_/X
 _467_/X
 _468_/X
 _469_/X
 _470_/X
 _471_/X
 _472_/X
 _473_/X
 _474_/X
 _475_/X
 _476_/X
 _477_/X
 _478_/X
 _479_/X
 _480_/X
 _481_/Y
 _482_/X
 _483_/Y
 _484_/X
 _485_/Y
 _486_/Y
 _487_/Y
 _488_/Y
 _489_/X
 _490_/Y
 _491_/X
 _492_/X
 _493_/X
 _494_/X
 _495_/X
 _496_/Y
 _497_/Y
 _498_/X
 _499_/X
 _500_/Y
 _501_/X
 _502_/Y
 _503_/Y
 _504_/X
 _505_/X
 _506_/Y
 _507_/X
 _508_/Y
 _509_/X
 _510_/X
 _511_/Y
 _512_/X
 _513_/X
 _514_/Y
 _515_/X
 _516_/X
 _517_/Y
 _518_/X
 _519_/Y
 _520_/Y
 _521_/X
 _522_/Y
 _523_/X
 _524_/X
 _525_/Y
 _526_/Y
 _527_/X
 _528_/X
 _529_/Y
 _530_/X
 _531_/X
 _532_/Y
 _533_/X
 _534_/X
 _535_/X
 _536_/X
 _537_/X
 _538_/X
 _539_/X
 _540_/X
 _541_/X
 _542_/X
 _543_/X
 _544_/X
 _545_/X
 _546_/Y
 _547_/X
 _548_/X
 _549_/Y
 _550_/X
 _551_/X
 _552_/Y
 _553_/X
 _554_/Y
 _555_/X
 _556_/X
 _557_/X
 _558_/Y
 _559_/X
 _560_/X
 _561_/X
 _562_/X
 _563_/X
 _564_/X
 _565_/X
 _566_/X
 _567_/X
 _568_/X
 _569_/X
 _570_/X
 _571_/X
 _572_/X
 _573_/X
 _574_/Y
 _575_/X
 _576_/X
 _577_/X
 _578_/X
 _579_/X
 _580_/X
 _581_/X
 _582_/X
 _583_/X
 _584_/X
 _585_/X
 _586_/Y
 _587_/X
 _588_/X
 _589_/Y
 _590_/X
 _591_/X
 _592_/X
 _593_/X
 _594_/X
 _595_/X
 _596_/X
 _597_/X
 _598_/X
 _599_/X
 _600_/X
 _601_/X
 _602_/X
 _603_/X
 _604_/X
 _605_/Y
 _606_/X
 _607_/X
 _608_/X
 _609_/X
 _610_/X
 _611_/X
 _612_/X
 _613_/X
 _614_/X
 _615_/X
 _616_/Y
 _617_/X
 _618_/X
 _619_/X
 _620_/X
 _621_/X
 _622_/X
 _623_/X
 _624_/X
 _625_/X
 _626_/X
 _627_/X
 _628_/Y
 _629_/X
 _630_/X
 _631_/X
 _632_/X
 _633_/X
 _634_/X
 _635_/X
 _636_/Y
 _637_/X
 _638_/X
 _639_/X
 _640_/X
 _641_/X
 _642_/X
 _643_/X
 _644_/X
 _645_/X
 _646_/Y
 _647_/X
 _648_/X
 _649_/X
 _650_/X
 _651_/X
 _652_/Y
 _653_/X
 _654_/Y
 _655_/Y
 _656_/X
 _657_/X
 _658_/X
 _659_/X
 _660_/Y
 _661_/X
 _662_/X
 _663_/X
 _664_/X
 _665_/Y
 _666_/X
 _667_/X
 _668_/Y
 _669_/X
 _670_/X
 _671_/Y
 _672_/X
 _673_/X
 _674_/X
 _675_/X
 _676_/Y
 _677_/Y
 _678_/X
 _679_/X
 _680_/X
 _681_/X
 _682_/X
 _683_/X
 _684_/X
 _685_/Y
 _686_/X
 _687_/Y
 _688_/X
 _689_/X
 _690_/X
 _691_/Y
 _692_/Y
 _693_/X
 _694_/X
 _695_/X
 _696_/X
 _697_/X
 _698_/X
 _699_/Y
 _700_/X
 _701_/X
 _702_/X
 _703_/Y
 _704_/Y
 _705_/X
 _706_/X
 _707_/Y
 _708_/X
 _709_/X
 _710_/Y
 _711_/X
 _712_/Y
 _713_/X
 _714_/X
 _715_/Y
 _716_/X
 _717_/X
 _718_/X
 _719_/Y
 _720_/X
 _721_/X
 _722_/Y
 _723_/X
 _724_/Y
 _725_/X
 _726_/Y
 _727_/Y
 _728_/X
 _729_/X
 _730_/X
 _731_/Y
 _732_/Y
 _733_/X
 _734_/X
 _735_/X
 _736_/X
 _737_/X
 _738_/Y
 _739_/X
 _740_/Y
 _741_/Y
 _742_/Y
 _743_/Y
 _744_/Y
 _745_/Y
 _746_/Y
 _747_/Y
 _748_/Y
 _749_/Y
 _750_/Y
 _751_/Y
 _752_/Y
 _753_/Y
 _754_/Y
 _755_/Y
 _756_/Y
 _757_/Y
 _758_/Y
 _759_/Y
 _760_/Y
 _761_/Y
 _762_/Y
 _763_/Y
 _764_/Y
 _765_/Y
 _766_/Y
 _767_/Y
 _768_/Y
 _769_/Y
 _770_/Y
 _771_/Y
 _772_/Q
 _773_/Q
 _774_/Q
 _775_/Q
 _776_/Q
 _777_/Q
 _778_/Q
 _779_/Q
 _780_/Q
 _781_/Q
 _782_/Q
 _783_/Q
 _784_/Q
 _785_/Q
 _786_/Q
 _787_/Q
 _788_/Q
 _789_/Q
 _790_/Q
 _791_/Q
 _792_/Q
 _793_/Q
 _794_/Q
 _795_/Q
 _796_/Q
 _797_/Q
 _798_/Q
 _799_/Q
 _800_/Q
 _801_/Q
 _802_/Q
 _803_/Q
 _804_/Q
Found 0 partially unannotated drivers.

===========================================================================
max slew violation count 0
max fanout violation count 2
max cap violation count 0
============================================================================

===========================================================================
check_setup -verbose -unconstrained_endpoints -multiple_clock -no_clock -no_input_delay -loops -generated_clocks
===========================================================================
