
===========================================================================
report_checks -unconstrained
===========================================================================
======================= nom_ss_100C_1v60 Corner ===================================

Startpoint: rst (input port clocked by clk)
Endpoint: _226_ (recovery check against rising-edge clock clk)
Path Group: asynchronous
Path Type: max

Fanout         Cap        Slew       Delay        Time   Description
---------------------------------------------------------------------------------------------
                                  0.000000    0.000000   clock clk (rise edge)
                                  0.000000    0.000000   clock network delay (propagated)
                                  1.000000    1.000000 v input external delay
     1    0.002775    0.018361    0.009156    1.009156 v rst (in)
                                                         rst (net)
                      0.018362    0.000000    1.009156 v input17/A (sky130_fd_sc_hd__buf_1)
     2    0.009322    0.117737    0.192695    1.201851 v input17/X (sky130_fd_sc_hd__buf_1)
                                                         net17 (net)
                      0.117737    0.000342    1.202193 v fanout21/A (sky130_fd_sc_hd__buf_4)
    10    0.054269    0.142404    0.361003    1.563197 v fanout21/X (sky130_fd_sc_hd__buf_4)
                                                         net21 (net)
                      0.142417    0.001469    1.564666 v _126_/A (sky130_fd_sc_hd__inv_2)
     1    0.003788    0.054564    0.099158    1.663824 ^ _126_/Y (sky130_fd_sc_hd__inv_2)
                                                         _016_ (net)
                      0.054564    0.000045    1.663869 ^ _226_/RESET_B (sky130_fd_sc_hd__dfrtp_2)
                                              1.663869   data arrival time

                                  5.000000    5.000000   clock clk (rise edge)
                                  0.000000    5.000000   clock source latency
     1    0.013021    0.101840    0.067482    5.067482 ^ clk (in)
                                                         clk (net)
                      0.101842    0.000000    5.067482 ^ clkbuf_0_clk/A (sky130_fd_sc_hd__clkbuf_16)
     2    0.019681    0.067031    0.235588    5.303071 ^ clkbuf_0_clk/X (sky130_fd_sc_hd__clkbuf_16)
                                                         clknet_0_clk (net)
                      0.067046    0.000594    5.303665 ^ clkbuf_1_0__f_clk/A (sky130_fd_sc_hd__clkbuf_16)
    10    0.028991    0.079033    0.232839    5.536504 ^ clkbuf_1_0__f_clk/X (sky130_fd_sc_hd__clkbuf_16)
                                                         clknet_1_0__leaf_clk (net)
                      0.079039    0.000736    5.537240 ^ _226_/CLK (sky130_fd_sc_hd__dfrtp_2)
                                 -0.250000    5.287240   clock uncertainty
                                  0.000000    5.287240   clock reconvergence pessimism
                                  0.454170    5.741410   library recovery time
                                              5.741410   data required time
---------------------------------------------------------------------------------------------
                                              5.741410   data required time
                                             -1.663869   data arrival time
---------------------------------------------------------------------------------------------
                                              4.077541   slack (MET)


Startpoint: _241_ (rising edge-triggered flip-flop clocked by clk)
Endpoint: _231_ (rising edge-triggered flip-flop clocked by clk)
Path Group: clk
Path Type: max

Fanout         Cap        Slew       Delay        Time   Description
---------------------------------------------------------------------------------------------
                                  0.000000    0.000000   clock clk (rise edge)
                                  0.000000    0.000000   clock source latency
     1    0.013021    0.101840    0.067482    0.067482 ^ clk (in)
                                                         clk (net)
                      0.101842    0.000000    0.067482 ^ clkbuf_0_clk/A (sky130_fd_sc_hd__clkbuf_16)
     2    0.019681    0.067031    0.235589    0.303071 ^ clkbuf_0_clk/X (sky130_fd_sc_hd__clkbuf_16)
                                                         clknet_0_clk (net)
                      0.067046    0.000594    0.303665 ^ clkbuf_1_0__f_clk/A (sky130_fd_sc_hd__clkbuf_16)
    10    0.028991    0.079033    0.232839    0.536504 ^ clkbuf_1_0__f_clk/X (sky130_fd_sc_hd__clkbuf_16)
                                                         clknet_1_0__leaf_clk (net)
                      0.079034    0.000453    0.536957 ^ _241_/CLK (sky130_fd_sc_hd__dfrtp_1)
     2    0.007172    0.130576    0.690613    1.227570 ^ _241_/Q (sky130_fd_sc_hd__dfrtp_1)
                                                         psc_cnt[15] (net)
                      0.130576    0.000166    1.227737 ^ rebuffer2/A (sky130_fd_sc_hd__buf_1)
     1    0.002435    0.066723    0.170820    1.398557 ^ rebuffer2/X (sky130_fd_sc_hd__buf_1)
                                                         net24 (net)
                      0.066723    0.000073    1.398629 ^ _129_/A_N (sky130_fd_sc_hd__and2b_1)
     2    0.006558    0.095954    0.386885    1.785515 v _129_/X (sky130_fd_sc_hd__and2b_1)
                                                         _098_ (net)
                      0.095954    0.000200    1.785715 v _133_/B1 (sky130_fd_sc_hd__a21oi_1)
     1    0.003010    0.173325    0.197884    1.983599 ^ _133_/Y (sky130_fd_sc_hd__a21oi_1)
                                                         _102_ (net)
                      0.173325    0.000098    1.983697 ^ _134_/D_N (sky130_fd_sc_hd__or4bb_4)
     2    0.006827    0.164782    0.966439    2.950136 v _134_/X (sky130_fd_sc_hd__or4bb_4)
                                                         _103_ (net)
                      0.164783    0.000212    2.950348 v _162_/B (sky130_fd_sc_hd__or4b_4)
     1    0.004797    0.153634    1.048216    3.998563 v _162_/X (sky130_fd_sc_hd__or4b_4)
                                                         _052_ (net)
                      0.153634    0.000091    3.998655 v _163_/A1 (sky130_fd_sc_hd__o211a_4)
     3    0.018118    0.098050    0.531812    4.530467 v _163_/X (sky130_fd_sc_hd__o211a_4)
                                                         _053_ (net)
                      0.098050    0.000467    4.530933 v fanout20/A (sky130_fd_sc_hd__buf_6)
     7    0.019232    0.056325    0.237534    4.768467 v fanout20/X (sky130_fd_sc_hd__buf_6)
                                                         net20 (net)
                      0.056327    0.000404    4.768871 v _181_/B (sky130_fd_sc_hd__and3b_1)
     1    0.002694    0.068940    0.317411    5.086282 v _181_/X (sky130_fd_sc_hd__and3b_1)
                                                         _011_ (net)
                      0.068940    0.000075    5.086357 v _231_/D (sky130_fd_sc_hd__dfrtp_1)
                                              5.086357   data arrival time

                                  5.000000    5.000000   clock clk (rise edge)
                                  0.000000    5.000000   clock source latency
     1    0.013021    0.101840    0.067482    5.067482 ^ clk (in)
                                                         clk (net)
                      0.101842    0.000000    5.067482 ^ clkbuf_0_clk/A (sky130_fd_sc_hd__clkbuf_16)
     2    0.019681    0.067031    0.235588    5.303071 ^ clkbuf_0_clk/X (sky130_fd_sc_hd__clkbuf_16)
                                                         clknet_0_clk (net)
                      0.067031    0.000483    5.303553 ^ clkbuf_1_1__f_clk/A (sky130_fd_sc_hd__clkbuf_16)
     8    0.025698    0.074641    0.228269    5.531822 ^ clkbuf_1_1__f_clk/X (sky130_fd_sc_hd__clkbuf_16)
                                                         clknet_1_1__leaf_clk (net)
                      0.074644    0.000490    5.532311 ^ _231_/CLK (sky130_fd_sc_hd__dfrtp_1)
                                 -0.250000    5.282311   clock uncertainty
                                  0.000000    5.282311   clock reconvergence pessimism
                                 -0.274885    5.007427   library setup time
                                              5.007427   data required time
---------------------------------------------------------------------------------------------
                                              5.007427   data required time
                                             -5.086357   data arrival time
---------------------------------------------------------------------------------------------
                                             -0.078930   slack (VIOLATED)




===========================================================================
report_checks --slack_max -0.01
============================================================================
======================= nom_ss_100C_1v60 Corner ===================================

Startpoint: _241_ (rising edge-triggered flip-flop clocked by clk)
Endpoint: _231_ (rising edge-triggered flip-flop clocked by clk)
Path Group: clk
Path Type: max

Fanout         Cap        Slew       Delay        Time   Description
---------------------------------------------------------------------------------------------
                                  0.000000    0.000000   clock clk (rise edge)
                                  0.000000    0.000000   clock source latency
     1    0.013021    0.101840    0.067482    0.067482 ^ clk (in)
                                                         clk (net)
                      0.101842    0.000000    0.067482 ^ clkbuf_0_clk/A (sky130_fd_sc_hd__clkbuf_16)
     2    0.019681    0.067031    0.235589    0.303071 ^ clkbuf_0_clk/X (sky130_fd_sc_hd__clkbuf_16)
                                                         clknet_0_clk (net)
                      0.067046    0.000594    0.303665 ^ clkbuf_1_0__f_clk/A (sky130_fd_sc_hd__clkbuf_16)
    10    0.028991    0.079033    0.232839    0.536504 ^ clkbuf_1_0__f_clk/X (sky130_fd_sc_hd__clkbuf_16)
                                                         clknet_1_0__leaf_clk (net)
                      0.079034    0.000453    0.536957 ^ _241_/CLK (sky130_fd_sc_hd__dfrtp_1)
     2    0.007172    0.130576    0.690613    1.227570 ^ _241_/Q (sky130_fd_sc_hd__dfrtp_1)
                                                         psc_cnt[15] (net)
                      0.130576    0.000166    1.227737 ^ rebuffer2/A (sky130_fd_sc_hd__buf_1)
     1    0.002435    0.066723    0.170820    1.398557 ^ rebuffer2/X (sky130_fd_sc_hd__buf_1)
                                                         net24 (net)
                      0.066723    0.000073    1.398629 ^ _129_/A_N (sky130_fd_sc_hd__and2b_1)
     2    0.006558    0.095954    0.386885    1.785515 v _129_/X (sky130_fd_sc_hd__and2b_1)
                                                         _098_ (net)
                      0.095954    0.000200    1.785715 v _133_/B1 (sky130_fd_sc_hd__a21oi_1)
     1    0.003010    0.173325    0.197884    1.983599 ^ _133_/Y (sky130_fd_sc_hd__a21oi_1)
                                                         _102_ (net)
                      0.173325    0.000098    1.983697 ^ _134_/D_N (sky130_fd_sc_hd__or4bb_4)
     2    0.006827    0.164782    0.966439    2.950136 v _134_/X (sky130_fd_sc_hd__or4bb_4)
                                                         _103_ (net)
                      0.164783    0.000212    2.950348 v _162_/B (sky130_fd_sc_hd__or4b_4)
     1    0.004797    0.153634    1.048216    3.998563 v _162_/X (sky130_fd_sc_hd__or4b_4)
                                                         _052_ (net)
                      0.153634    0.000091    3.998655 v _163_/A1 (sky130_fd_sc_hd__o211a_4)
     3    0.018118    0.098050    0.531812    4.530467 v _163_/X (sky130_fd_sc_hd__o211a_4)
                                                         _053_ (net)
                      0.098050    0.000467    4.530933 v fanout20/A (sky130_fd_sc_hd__buf_6)
     7    0.019232    0.056325    0.237534    4.768467 v fanout20/X (sky130_fd_sc_hd__buf_6)
                                                         net20 (net)
                      0.056327    0.000404    4.768871 v _181_/B (sky130_fd_sc_hd__and3b_1)
     1    0.002694    0.068940    0.317411    5.086282 v _181_/X (sky130_fd_sc_hd__and3b_1)
                                                         _011_ (net)
                      0.068940    0.000075    5.086357 v _231_/D (sky130_fd_sc_hd__dfrtp_1)
                                              5.086357   data arrival time

                                  5.000000    5.000000   clock clk (rise edge)
                                  0.000000    5.000000   clock source latency
     1    0.013021    0.101840    0.067482    5.067482 ^ clk (in)
                                                         clk (net)
                      0.101842    0.000000    5.067482 ^ clkbuf_0_clk/A (sky130_fd_sc_hd__clkbuf_16)
     2    0.019681    0.067031    0.235588    5.303071 ^ clkbuf_0_clk/X (sky130_fd_sc_hd__clkbuf_16)
                                                         clknet_0_clk (net)
                      0.067031    0.000483    5.303553 ^ clkbuf_1_1__f_clk/A (sky130_fd_sc_hd__clkbuf_16)
     8    0.025698    0.074641    0.228269    5.531822 ^ clkbuf_1_1__f_clk/X (sky130_fd_sc_hd__clkbuf_16)
                                                         clknet_1_1__leaf_clk (net)
                      0.074644    0.000490    5.532311 ^ _231_/CLK (sky130_fd_sc_hd__dfrtp_1)
                                 -0.250000    5.282311   clock uncertainty
                                  0.000000    5.282311   clock reconvergence pessimism
                                 -0.274885    5.007427   library setup time
                                              5.007427   data required time
---------------------------------------------------------------------------------------------
                                              5.007427   data required time
                                             -5.086357   data arrival time
---------------------------------------------------------------------------------------------
                                             -0.078930   slack (VIOLATED)




===========================================================================
 report_check_types -max_slew -max_cap -max_fanout -violators
============================================================================
======================= nom_ss_100C_1v60 Corner ===================================



===========================================================================
report_parasitic_annotation -report_unannotated
============================================================================
Found 1 unannotated drivers.
 clkload0/Y
Found 0 partially unannotated drivers.

===========================================================================
max slew violation count 0
max fanout violation count 0
max cap violation count 0
============================================================================

===========================================================================
check_setup -verbose -unconstrained_endpoints -multiple_clock -no_clock -no_input_delay -loops -generated_clocks
===========================================================================
