                                                                        Cells by Master                                                                         
┏━━━━━━━━━━━━━━━━━━━━━━━━━━━━━━━━━━━━━━━━━━━━━━━━━━━━━━━━━━━━━━━━━━━━━━━━━━━━━━━━━━━━━━━━━━━━━━━━━━━━━━━━━━━━━━━━━━━━━━━━━━━━━━━━━┳━━━━━━━━━━━━━━━━━━━━━━━━━━━━┓
┃ Cell                                                                                                                            ┃ Count                      ┃
┡━━━━━━━━━━━━━━━━━━━━━━━━━━━━━━━━━━━━━━━━━━━━━━━━━━━━━━━━━━━━━━━━━━━━━━━━━━━━━━━━━━━━━━━━━━━━━━━━━━━━━━━━━━━━━━━━━━━━━━━━━━━━━━━━━╇━━━━━━━━━━━━━━━━━━━━━━━━━━━━┩
│ sky130_ef_sc_hd__decap_12                                                                                                       │ 25                         │
│ sky130_fd_sc_hd__a211o_1                                                                                                        │ 1                          │
│ sky130_fd_sc_hd__a21bo_1                                                                                                        │ 1                          │
│ sky130_fd_sc_hd__a21boi_1                                                                                                       │ 2                          │
│ sky130_fd_sc_hd__a21o_1                                                                                                         │ 4                          │
│ sky130_fd_sc_hd__a21oi_1                                                                                                        │ 4                          │
│ sky130_fd_sc_hd__a221o_1                                                                                                        │ 1                          │
│ sky130_fd_sc_hd__a22o_1                                                                                                         │ 1                          │
│ sky130_fd_sc_hd__a2bb2o_4                                                                                                       │ 2                          │
│ sky130_fd_sc_hd__a31o_1                                                                                                         │ 2                          │
│ sky130_fd_sc_hd__and2_1                                                                                                         │ 7                          │
│ sky130_fd_sc_hd__and2b_1                                                                                                        │ 3                          │
│ sky130_fd_sc_hd__and3_1                                                                                                         │ 7                          │
│ sky130_fd_sc_hd__and3b_1                                                                                                        │ 6                          │
│ sky130_fd_sc_hd__and4_1                                                                                                         │ 4                          │
│ sky130_fd_sc_hd__buf_1                                                                                                          │ 3                          │
│ sky130_fd_sc_hd__buf_2                                                                                                          │ 1                          │
│ sky130_fd_sc_hd__buf_4                                                                                                          │ 1                          │
│ sky130_fd_sc_hd__buf_6                                                                                                          │ 3                          │
│ sky130_fd_sc_hd__clkbuf_1                                                                                                       │ 15                         │
│ sky130_fd_sc_hd__clkbuf_16                                                                                                      │ 3                          │
│ sky130_fd_sc_hd__clkbuf_4                                                                                                       │ 1                          │
│ sky130_fd_sc_hd__clkinv_2                                                                                                       │ 1                          │
│ sky130_fd_sc_hd__decap_3                                                                                                        │ 47                         │
│ sky130_fd_sc_hd__decap_4                                                                                                        │ 18                         │
│ sky130_fd_sc_hd__decap_6                                                                                                        │ 11                         │
│ sky130_fd_sc_hd__decap_8                                                                                                        │ 18                         │
│ sky130_fd_sc_hd__dfrtp_1                                                                                                        │ 15                         │
│ sky130_fd_sc_hd__dfrtp_2                                                                                                        │ 2                          │
│ sky130_fd_sc_hd__dlygate4sd1_1                                                                                                  │ 1                          │
│ sky130_fd_sc_hd__dlygate4sd3_1                                                                                                  │ 2                          │
│ sky130_fd_sc_hd__fill_1                                                                                                         │ 51                         │
│ sky130_fd_sc_hd__fill_2                                                                                                         │ 30                         │
│ sky130_fd_sc_hd__inv_2                                                                                                          │ 30                         │
│ sky130_fd_sc_hd__nand2_1                                                                                                        │ 7                          │
│ sky130_fd_sc_hd__nand2b_1                                                                                                       │ 7                          │
│ sky130_fd_sc_hd__nand3_1                                                                                                        │ 1                          │
│ sky130_fd_sc_hd__nand4_1                                                                                                        │ 1                          │
│ sky130_fd_sc_hd__nor2_1                                                                                                         │ 2                          │
│ sky130_fd_sc_hd__o211a_4                                                                                                        │ 1                          │
│ sky130_fd_sc_hd__o21ba_1                                                                                                        │ 1                          │
│ sky130_fd_sc_hd__o221a_1                                                                                                        │ 1                          │
│ sky130_fd_sc_hd__o22a_1                                                                                                         │ 4                          │
│ sky130_fd_sc_hd__o31a_1                                                                                                         │ 1                          │
│ sky130_fd_sc_hd__or2_1                                                                                                          │ 8                          │
│ sky130_fd_sc_hd__or4b_4                                                                                                         │ 1                          │
│ sky130_fd_sc_hd__or4bb_4                                                                                                        │ 1                          │
│ sky130_fd_sc_hd__tapvpwrvgnd_1                                                                                                  │ 30                         │
│ sky130_fd_sc_hd__xnor2_1                                                                                                        │ 2                          │
└─────────────────────────────────────────────────────────────────────────────────────────────────────────────────────────────────┴────────────────────────────┘
