Reading OpenROAD database at '/home/nakanomiku/DigitalDesign/freq_psc/runs/RUN_2024-10-28_14-42-45/20-openroad-generatepdn/freq_psc.odb'…
Reading library file at '/home/nakanomiku/.volare/volare/sky130/versions/0fe599b2afb6708d281543108caf8310912f54af/sky130A/libs.ref/sky130_fd_sc_hd/lib/sky130_fd_sc_hd__tt_025C_1v80.lib'…
Reading design constraints file at '/nix/store/mr1ix0gwjfwmikfqyrq536nwhj83f0zp-python3-3.11.9-env/lib/python3.11/site-packages/openlane/scripts/base.sdc'…
[INFO] Using clock clk…
[INFO] Setting output delay to: 1
[INFO] Setting input delay to: 1
[INFO] Setting load to: 0.033442
[INFO] Setting clock uncertainty to: 0.25
[INFO] Setting clock transition to: 0.1499999999999999944488848768742172978818416595458984375
[INFO] Setting timing derate to: 5%
[INFO GPL-0002] DBU: 1000
[INFO GPL-0003] SiteSize: (  0.460  2.720 ) um
[INFO GPL-0004] CoreBBox: (  5.520 10.880 ) ( 45.080 48.960 ) um
[INFO GPL-0006] NumInstances:               126
[INFO GPL-0007] NumPlaceInstances:           82
[INFO GPL-0008] NumFixedInstances:           44
[INFO GPL-0009] NumDummyInstances:            0
[INFO GPL-0010] NumNets:                     92
[INFO GPL-0011] NumPins:                    289
[INFO GPL-0012] DieBBox:  (  0.000  0.000 ) ( 51.025 61.745 ) um
[INFO GPL-0013] CoreBBox: (  5.520 10.880 ) ( 45.080 48.960 ) um
[INFO GPL-0016] CoreArea:              1506.445 um^2
[INFO GPL-0017] NonPlaceInstsArea:      125.120 um^2
[INFO GPL-0018] PlaceInstsArea:         799.517 um^2
[INFO GPL-0019] Util:                    57.880 %
[INFO GPL-0020] StdInstsArea:           799.517 um^2
[INFO GPL-0021] MacroInstsArea:           0.000 um^2
[INFO GPL-0031] FillerInit:NumGCells:        92
[INFO GPL-0032] FillerInit:NumGNets:         92
[INFO GPL-0033] FillerInit:NumGPins:        289
[INFO GPL-0023] TargetDensity:            0.644
[INFO GPL-0024] AvrgPlaceInstArea:        9.750 um^2
[INFO GPL-0025] IdealBinArea:            15.140 um^2
[INFO GPL-0026] IdealBinCnt:                 99
[INFO GPL-0027] TotalBinArea:          1506.445 um^2
[INFO GPL-0028] BinCnt:         8      8
[INFO GPL-0029] BinSize: (  4.945  4.760 )
[INFO GPL-0030] NumBins: 64
[NesterovSolve] Iter:    1 overflow: 0.919 HPWL: 215460
[NesterovSolve] Iter:   10 overflow: 0.893 HPWL: 180974
[NesterovSolve] Iter:   20 overflow: 0.892 HPWL: 180682
[NesterovSolve] Iter:   30 overflow: 0.893 HPWL: 180595
[NesterovSolve] Iter:   40 overflow: 0.892 HPWL: 180654
[NesterovSolve] Iter:   50 overflow: 0.892 HPWL: 180670
[NesterovSolve] Iter:   60 overflow: 0.892 HPWL: 180753
[NesterovSolve] Iter:   70 overflow: 0.892 HPWL: 181016
[NesterovSolve] Iter:   80 overflow: 0.892 HPWL: 181480
[NesterovSolve] Iter:   90 overflow: 0.892 HPWL: 182473
[NesterovSolve] Iter:  100 overflow: 0.892 HPWL: 183496
[NesterovSolve] Iter:  110 overflow: 0.891 HPWL: 181930
[NesterovSolve] Iter:  120 overflow: 0.890 HPWL: 182610
[NesterovSolve] Iter:  130 overflow: 0.887 HPWL: 183943
[NesterovSolve] Iter:  140 overflow: 0.879 HPWL: 186478
[NesterovSolve] Iter:  150 overflow: 0.856 HPWL: 193070
[NesterovSolve] Iter:  160 overflow: 0.827 HPWL: 215138
[NesterovSolve] Iter:  170 overflow: 0.799 HPWL: 244390
[NesterovSolve] Iter:  180 overflow: 0.744 HPWL: 309720
[NesterovSolve] Iter:  190 overflow: 0.706 HPWL: 353489
[NesterovSolve] Iter:  200 overflow: 0.661 HPWL: 390549
[NesterovSolve] Iter:  210 overflow: 0.608 HPWL: 422706
[NesterovSolve] Iter:  220 overflow: 0.563 HPWL: 464859
[NesterovSolve] Iter:  230 overflow: 0.527 HPWL: 515509
[NesterovSolve] Iter:  240 overflow: 0.477 HPWL: 551180
[NesterovSolve] Iter:  250 overflow: 0.429 HPWL: 582656
[NesterovSolve] Iter:  260 overflow: 0.376 HPWL: 612067
[NesterovSolve] Iter:  270 overflow: 0.339 HPWL: 642143
[NesterovSolve] Iter:  280 overflow: 0.307 HPWL: 663642
[NesterovSolve] Iter:  290 overflow: 0.269 HPWL: 668885
[NesterovSolve] Iter:  300 overflow: 0.240 HPWL: 676934
[NesterovSolve] Iter:  310 overflow: 0.201 HPWL: 690949
[NesterovSolve] Iter:  320 overflow: 0.162 HPWL: 705918
[NesterovSolve] Iter:  330 overflow: 0.126 HPWL: 718582
[NesterovSolve] Finished with Overflow: 0.097964
[INFO] Setting RC values…
Setting global connections for newly added cells…
[INFO] Setting global connections...
Updating metrics…
Cell type report:                       Count       Area
  Fill cell                                28     105.10
  Tap cell                                 16      20.02
  Inverter                                 19      71.32
  Sequential cell                           9     236.48
  Multi-Input combinational cell           54     491.72
  Total                                   126     924.64
Writing OpenROAD database to '/home/nakanomiku/DigitalDesign/freq_psc/runs/RUN_2024-10-28_14-42-45/23-openroad-globalplacementskipio/freq_psc.odb'…
Writing netlist to '/home/nakanomiku/DigitalDesign/freq_psc/runs/RUN_2024-10-28_14-42-45/23-openroad-globalplacementskipio/freq_psc.nl.v'…
Writing powered netlist to '/home/nakanomiku/DigitalDesign/freq_psc/runs/RUN_2024-10-28_14-42-45/23-openroad-globalplacementskipio/freq_psc.pnl.v'…
Writing layout to '/home/nakanomiku/DigitalDesign/freq_psc/runs/RUN_2024-10-28_14-42-45/23-openroad-globalplacementskipio/freq_psc.def'…
Writing timing constraints to '/home/nakanomiku/DigitalDesign/freq_psc/runs/RUN_2024-10-28_14-42-45/23-openroad-globalplacementskipio/freq_psc.sdc'…
