
===========================================================================
report_checks -path_delay max (Setup)
============================================================================
======================= min_ss_100C_1v60 Corner ===================================

Startpoint: psc[2] (input port clocked by clk)
Endpoint: _151_ (rising edge-triggered flip-flop clocked by clk)
Path Group: clk
Path Type: max

Fanout         Cap        Slew       Delay        Time   Description
---------------------------------------------------------------------------------------------
                                  0.000000    0.000000   clock clk (rise edge)
                                  0.000000    0.000000   clock network delay (propagated)
                                  1.000000    1.000000 v input external delay
     1    0.002563    0.017565    0.008470    1.008470 v psc[2] (in)
                                                         psc[2] (net)
                      0.017565    0.000000    1.008470 v input3/A (sky130_fd_sc_hd__buf_1)
     4    0.012130    0.146512    0.215528    1.223999 v input3/X (sky130_fd_sc_hd__buf_1)
                                                         net3 (net)
                      0.146512    0.000089    1.224088 v _084_/B (sky130_fd_sc_hd__or4_4)
     3    0.009406    0.171946    1.071197    2.295285 v _084_/X (sky130_fd_sc_hd__or4_4)
                                                         _028_ (net)
                      0.171946    0.000074    2.295359 v _085_/C (sky130_fd_sc_hd__or3_1)
     3    0.008949    0.205047    0.842089    3.137448 v _085_/X (sky130_fd_sc_hd__or3_1)
                                                         _029_ (net)
                      0.205047    0.000050    3.137497 v _086_/B (sky130_fd_sc_hd__nor2_2)
     2    0.010613    0.232879    0.271762    3.409260 ^ _086_/Y (sky130_fd_sc_hd__nor2_2)
                                                         _030_ (net)
                      0.232879    0.000034    3.409294 ^ _104_/A_N (sky130_fd_sc_hd__and2b_1)
     2    0.005708    0.089392    0.450295    3.859589 v _104_/X (sky130_fd_sc_hd__and2b_1)
                                                         _048_ (net)
                      0.089392    0.000055    3.859644 v _105_/B1 (sky130_fd_sc_hd__o221a_1)
     1    0.008959    0.149396    0.502152    4.361796 v _105_/X (sky130_fd_sc_hd__o221a_1)
                                                         _049_ (net)
                      0.149396    0.000076    4.361872 v _107_/B1 (sky130_fd_sc_hd__o22ai_4)
     8    0.021299    0.360037    0.350059    4.711931 ^ _107_/Y (sky130_fd_sc_hd__o22ai_4)
                                                         _051_ (net)
                      0.360037    0.000732    4.712663 ^ _119_/A (sky130_fd_sc_hd__and3_1)
     1    0.002855    0.089284    0.385382    5.098045 ^ _119_/X (sky130_fd_sc_hd__and3_1)
                                                         _004_ (net)
                      0.089284    0.000031    5.098076 ^ _151_/D (sky130_fd_sc_hd__dfrtp_2)
                                              5.098076   data arrival time

                                  5.000000    5.000000   clock clk (rise edge)
                                  0.000000    5.000000   clock source latency
     1    0.010901    0.087275    0.056838    5.056838 ^ clk (in)
                                                         clk (net)
                      0.087275    0.000000    5.056838 ^ clkbuf_0_clk/A (sky130_fd_sc_hd__clkbuf_16)
     2    0.019419    0.066700    0.228659    5.285498 ^ clkbuf_0_clk/X (sky130_fd_sc_hd__clkbuf_16)
                                                         clknet_0_clk (net)
                      0.066700    0.000122    5.285620 ^ clkbuf_1_0__f_clk/A (sky130_fd_sc_hd__clkbuf_16)
     5    0.013747    0.059635    0.211221    5.496841 ^ clkbuf_1_0__f_clk/X (sky130_fd_sc_hd__clkbuf_16)
                                                         clknet_1_0__leaf_clk (net)
                      0.059635    0.000192    5.497033 ^ _151_/CLK (sky130_fd_sc_hd__dfrtp_2)
                                 -0.250000    5.247033   clock uncertainty
                                  0.000000    5.247033   clock reconvergence pessimism
                                 -0.145144    5.101890   library setup time
                                              5.101890   data required time
---------------------------------------------------------------------------------------------
                                              5.101890   data required time
                                             -5.098076   data arrival time
---------------------------------------------------------------------------------------------
                                              0.003813   slack (MET)


Startpoint: psc[2] (input port clocked by clk)
Endpoint: _148_ (rising edge-triggered flip-flop clocked by clk)
Path Group: clk
Path Type: max

Fanout         Cap        Slew       Delay        Time   Description
---------------------------------------------------------------------------------------------
                                  0.000000    0.000000   clock clk (rise edge)
                                  0.000000    0.000000   clock network delay (propagated)
                                  1.000000    1.000000 v input external delay
     1    0.002563    0.017565    0.008470    1.008470 v psc[2] (in)
                                                         psc[2] (net)
                      0.017565    0.000000    1.008470 v input3/A (sky130_fd_sc_hd__buf_1)
     4    0.012130    0.146512    0.215528    1.223999 v input3/X (sky130_fd_sc_hd__buf_1)
                                                         net3 (net)
                      0.146512    0.000089    1.224088 v _084_/B (sky130_fd_sc_hd__or4_4)
     3    0.009406    0.171946    1.071197    2.295285 v _084_/X (sky130_fd_sc_hd__or4_4)
                                                         _028_ (net)
                      0.171946    0.000074    2.295359 v _085_/C (sky130_fd_sc_hd__or3_1)
     3    0.008949    0.205047    0.842089    3.137448 v _085_/X (sky130_fd_sc_hd__or3_1)
                                                         _029_ (net)
                      0.205047    0.000050    3.137497 v _086_/B (sky130_fd_sc_hd__nor2_2)
     2    0.010613    0.232879    0.271762    3.409260 ^ _086_/Y (sky130_fd_sc_hd__nor2_2)
                                                         _030_ (net)
                      0.232879    0.000034    3.409294 ^ _104_/A_N (sky130_fd_sc_hd__and2b_1)
     2    0.005708    0.089392    0.450295    3.859589 v _104_/X (sky130_fd_sc_hd__and2b_1)
                                                         _048_ (net)
                      0.089392    0.000055    3.859644 v _105_/B1 (sky130_fd_sc_hd__o221a_1)
     1    0.008959    0.149396    0.502152    4.361796 v _105_/X (sky130_fd_sc_hd__o221a_1)
                                                         _049_ (net)
                      0.149396    0.000076    4.361872 v _107_/B1 (sky130_fd_sc_hd__o22ai_4)
     8    0.021299    0.360037    0.350059    4.711931 ^ _107_/Y (sky130_fd_sc_hd__o22ai_4)
                                                         _051_ (net)
                      0.360037    0.000806    4.712737 ^ _110_/B (sky130_fd_sc_hd__and3_1)
     1    0.002361    0.085386    0.383570    5.096307 ^ _110_/X (sky130_fd_sc_hd__and3_1)
                                                         _001_ (net)
                      0.085386    0.000023    5.096329 ^ _148_/D (sky130_fd_sc_hd__dfrtp_2)
                                              5.096329   data arrival time

                                  5.000000    5.000000   clock clk (rise edge)
                                  0.000000    5.000000   clock source latency
     1    0.010901    0.087275    0.056838    5.056838 ^ clk (in)
                                                         clk (net)
                      0.087275    0.000000    5.056838 ^ clkbuf_0_clk/A (sky130_fd_sc_hd__clkbuf_16)
     2    0.019419    0.066700    0.228659    5.285498 ^ clkbuf_0_clk/X (sky130_fd_sc_hd__clkbuf_16)
                                                         clknet_0_clk (net)
                      0.066700    0.000122    5.285620 ^ clkbuf_1_0__f_clk/A (sky130_fd_sc_hd__clkbuf_16)
     5    0.013747    0.059635    0.211221    5.496841 ^ clkbuf_1_0__f_clk/X (sky130_fd_sc_hd__clkbuf_16)
                                                         clknet_1_0__leaf_clk (net)
                      0.059635    0.000075    5.496915 ^ _148_/CLK (sky130_fd_sc_hd__dfrtp_2)
                                 -0.250000    5.246915   clock uncertainty
                                  0.000000    5.246915   clock reconvergence pessimism
                                 -0.144157    5.102758   library setup time
                                              5.102758   data required time
---------------------------------------------------------------------------------------------
                                              5.102758   data required time
                                             -5.096329   data arrival time
---------------------------------------------------------------------------------------------
                                              0.006429   slack (MET)


Startpoint: psc[2] (input port clocked by clk)
Endpoint: _153_ (rising edge-triggered flip-flop clocked by clk)
Path Group: clk
Path Type: max

Fanout         Cap        Slew       Delay        Time   Description
---------------------------------------------------------------------------------------------
                                  0.000000    0.000000   clock clk (rise edge)
                                  0.000000    0.000000   clock network delay (propagated)
                                  1.000000    1.000000 v input external delay
     1    0.002563    0.017565    0.008470    1.008470 v psc[2] (in)
                                                         psc[2] (net)
                      0.017565    0.000000    1.008470 v input3/A (sky130_fd_sc_hd__buf_1)
     4    0.012130    0.146512    0.215528    1.223999 v input3/X (sky130_fd_sc_hd__buf_1)
                                                         net3 (net)
                      0.146512    0.000089    1.224088 v _084_/B (sky130_fd_sc_hd__or4_4)
     3    0.009406    0.171946    1.071197    2.295285 v _084_/X (sky130_fd_sc_hd__or4_4)
                                                         _028_ (net)
                      0.171946    0.000074    2.295359 v _085_/C (sky130_fd_sc_hd__or3_1)
     3    0.008949    0.205047    0.842089    3.137448 v _085_/X (sky130_fd_sc_hd__or3_1)
                                                         _029_ (net)
                      0.205047    0.000050    3.137497 v _086_/B (sky130_fd_sc_hd__nor2_2)
     2    0.010613    0.232879    0.271762    3.409260 ^ _086_/Y (sky130_fd_sc_hd__nor2_2)
                                                         _030_ (net)
                      0.232879    0.000034    3.409294 ^ _104_/A_N (sky130_fd_sc_hd__and2b_1)
     2    0.005708    0.089392    0.450295    3.859589 v _104_/X (sky130_fd_sc_hd__and2b_1)
                                                         _048_ (net)
                      0.089392    0.000055    3.859644 v _105_/B1 (sky130_fd_sc_hd__o221a_1)
     1    0.008959    0.149396    0.502152    4.361796 v _105_/X (sky130_fd_sc_hd__o221a_1)
                                                         _049_ (net)
                      0.149396    0.000076    4.361872 v _107_/B1 (sky130_fd_sc_hd__o22ai_4)
     8    0.021299    0.360037    0.350059    4.711931 ^ _107_/Y (sky130_fd_sc_hd__o22ai_4)
                                                         _051_ (net)
                      0.360037    0.000598    4.712529 ^ _126_/A (sky130_fd_sc_hd__and3_1)
     1    0.002914    0.090068    0.386268    5.098797 ^ _126_/X (sky130_fd_sc_hd__and3_1)
                                                         _006_ (net)
                      0.090068    0.000034    5.098831 ^ _153_/D (sky130_fd_sc_hd__dfrtp_1)
                                              5.098831   data arrival time

                                  5.000000    5.000000   clock clk (rise edge)
                                  0.000000    5.000000   clock source latency
     1    0.010901    0.087275    0.056838    5.056838 ^ clk (in)
                                                         clk (net)
                      0.087275    0.000000    5.056838 ^ clkbuf_0_clk/A (sky130_fd_sc_hd__clkbuf_16)
     2    0.019419    0.066700    0.228659    5.285498 ^ clkbuf_0_clk/X (sky130_fd_sc_hd__clkbuf_16)
                                                         clknet_0_clk (net)
                      0.066700    0.000152    5.285649 ^ clkbuf_1_1__f_clk/A (sky130_fd_sc_hd__clkbuf_16)
     5    0.013252    0.059016    0.210516    5.496165 ^ clkbuf_1_1__f_clk/X (sky130_fd_sc_hd__clkbuf_16)
                                                         clknet_1_1__leaf_clk (net)
                      0.059016    0.000180    5.496346 ^ _153_/CLK (sky130_fd_sc_hd__dfrtp_1)
                                 -0.250000    5.246346   clock uncertainty
                                  0.000000    5.246346   clock reconvergence pessimism
                                 -0.140007    5.106339   library setup time
                                              5.106339   data required time
---------------------------------------------------------------------------------------------
                                              5.106339   data required time
                                             -5.098831   data arrival time
---------------------------------------------------------------------------------------------
                                              0.007508   slack (MET)


Startpoint: psc[2] (input port clocked by clk)
Endpoint: _152_ (rising edge-triggered flip-flop clocked by clk)
Path Group: clk
Path Type: max

Fanout         Cap        Slew       Delay        Time   Description
---------------------------------------------------------------------------------------------
                                  0.000000    0.000000   clock clk (rise edge)
                                  0.000000    0.000000   clock network delay (propagated)
                                  1.000000    1.000000 v input external delay
     1    0.002563    0.017565    0.008470    1.008470 v psc[2] (in)
                                                         psc[2] (net)
                      0.017565    0.000000    1.008470 v input3/A (sky130_fd_sc_hd__buf_1)
     4    0.012130    0.146512    0.215528    1.223999 v input3/X (sky130_fd_sc_hd__buf_1)
                                                         net3 (net)
                      0.146512    0.000089    1.224088 v _084_/B (sky130_fd_sc_hd__or4_4)
     3    0.009406    0.171946    1.071197    2.295285 v _084_/X (sky130_fd_sc_hd__or4_4)
                                                         _028_ (net)
                      0.171946    0.000074    2.295359 v _085_/C (sky130_fd_sc_hd__or3_1)
     3    0.008949    0.205047    0.842089    3.137448 v _085_/X (sky130_fd_sc_hd__or3_1)
                                                         _029_ (net)
                      0.205047    0.000050    3.137497 v _086_/B (sky130_fd_sc_hd__nor2_2)
     2    0.010613    0.232879    0.271762    3.409260 ^ _086_/Y (sky130_fd_sc_hd__nor2_2)
                                                         _030_ (net)
                      0.232879    0.000034    3.409294 ^ _104_/A_N (sky130_fd_sc_hd__and2b_1)
     2    0.005708    0.089392    0.450295    3.859589 v _104_/X (sky130_fd_sc_hd__and2b_1)
                                                         _048_ (net)
                      0.089392    0.000055    3.859644 v _105_/B1 (sky130_fd_sc_hd__o221a_1)
     1    0.008959    0.149396    0.502152    4.361796 v _105_/X (sky130_fd_sc_hd__o221a_1)
                                                         _049_ (net)
                      0.149396    0.000076    4.361872 v _107_/B1 (sky130_fd_sc_hd__o22ai_4)
     8    0.021299    0.360037    0.350059    4.711931 ^ _107_/Y (sky130_fd_sc_hd__o22ai_4)
                                                         _051_ (net)
                      0.360037    0.000578    4.712509 ^ _123_/A (sky130_fd_sc_hd__and3_1)
     1    0.002381    0.083511    0.378297    5.090806 ^ _123_/X (sky130_fd_sc_hd__and3_1)
                                                         _005_ (net)
                      0.083511    0.000023    5.090829 ^ _152_/D (sky130_fd_sc_hd__dfrtp_1)
                                              5.090829   data arrival time

                                  5.000000    5.000000   clock clk (rise edge)
                                  0.000000    5.000000   clock source latency
     1    0.010901    0.087275    0.056838    5.056838 ^ clk (in)
                                                         clk (net)
                      0.087275    0.000000    5.056838 ^ clkbuf_0_clk/A (sky130_fd_sc_hd__clkbuf_16)
     2    0.019419    0.066700    0.228659    5.285498 ^ clkbuf_0_clk/X (sky130_fd_sc_hd__clkbuf_16)
                                                         clknet_0_clk (net)
                      0.066700    0.000152    5.285649 ^ clkbuf_1_1__f_clk/A (sky130_fd_sc_hd__clkbuf_16)
     5    0.013252    0.059016    0.210516    5.496165 ^ clkbuf_1_1__f_clk/X (sky130_fd_sc_hd__clkbuf_16)
                                                         clknet_1_1__leaf_clk (net)
                      0.059016    0.000188    5.496353 ^ _152_/CLK (sky130_fd_sc_hd__dfrtp_1)
                                 -0.250000    5.246353   clock uncertainty
                                  0.000000    5.246353   clock reconvergence pessimism
                                 -0.138352    5.108001   library setup time
                                              5.108001   data required time
---------------------------------------------------------------------------------------------
                                              5.108001   data required time
                                             -5.090829   data arrival time
---------------------------------------------------------------------------------------------
                                              0.017172   slack (MET)


Startpoint: psc[2] (input port clocked by clk)
Endpoint: _150_ (rising edge-triggered flip-flop clocked by clk)
Path Group: clk
Path Type: max

Fanout         Cap        Slew       Delay        Time   Description
---------------------------------------------------------------------------------------------
                                  0.000000    0.000000   clock clk (rise edge)
                                  0.000000    0.000000   clock network delay (propagated)
                                  1.000000    1.000000 v input external delay
     1    0.002563    0.017565    0.008470    1.008470 v psc[2] (in)
                                                         psc[2] (net)
                      0.017565    0.000000    1.008470 v input3/A (sky130_fd_sc_hd__buf_1)
     4    0.012130    0.146512    0.215528    1.223999 v input3/X (sky130_fd_sc_hd__buf_1)
                                                         net3 (net)
                      0.146512    0.000089    1.224088 v _084_/B (sky130_fd_sc_hd__or4_4)
     3    0.009406    0.171946    1.071197    2.295285 v _084_/X (sky130_fd_sc_hd__or4_4)
                                                         _028_ (net)
                      0.171946    0.000074    2.295359 v _085_/C (sky130_fd_sc_hd__or3_1)
     3    0.008949    0.205047    0.842089    3.137448 v _085_/X (sky130_fd_sc_hd__or3_1)
                                                         _029_ (net)
                      0.205047    0.000050    3.137497 v _086_/B (sky130_fd_sc_hd__nor2_2)
     2    0.010613    0.232879    0.271762    3.409260 ^ _086_/Y (sky130_fd_sc_hd__nor2_2)
                                                         _030_ (net)
                      0.232879    0.000034    3.409294 ^ _104_/A_N (sky130_fd_sc_hd__and2b_1)
     2    0.005708    0.089392    0.450295    3.859589 v _104_/X (sky130_fd_sc_hd__and2b_1)
                                                         _048_ (net)
                      0.089392    0.000055    3.859644 v _105_/B1 (sky130_fd_sc_hd__o221a_1)
     1    0.008959    0.149396    0.502152    4.361796 v _105_/X (sky130_fd_sc_hd__o221a_1)
                                                         _049_ (net)
                      0.149396    0.000076    4.361872 v _107_/B1 (sky130_fd_sc_hd__o22ai_4)
     8    0.021299    0.360037    0.350059    4.711931 ^ _107_/Y (sky130_fd_sc_hd__o22ai_4)
                                                         _051_ (net)
                      0.360037    0.000770    4.712701 ^ _116_/A (sky130_fd_sc_hd__and3_1)
     1    0.002156    0.082889    0.374946    5.087647 ^ _116_/X (sky130_fd_sc_hd__and3_1)
                                                         _003_ (net)
                      0.082889    0.000010    5.087657 ^ _150_/D (sky130_fd_sc_hd__dfrtp_1)
                                              5.087657   data arrival time

                                  5.000000    5.000000   clock clk (rise edge)
                                  0.000000    5.000000   clock source latency
     1    0.010901    0.087275    0.056838    5.056838 ^ clk (in)
                                                         clk (net)
                      0.087275    0.000000    5.056838 ^ clkbuf_0_clk/A (sky130_fd_sc_hd__clkbuf_16)
     2    0.019419    0.066700    0.228659    5.285498 ^ clkbuf_0_clk/X (sky130_fd_sc_hd__clkbuf_16)
                                                         clknet_0_clk (net)
                      0.066700    0.000122    5.285620 ^ clkbuf_1_0__f_clk/A (sky130_fd_sc_hd__clkbuf_16)
     5    0.013747    0.059635    0.211221    5.496841 ^ clkbuf_1_0__f_clk/X (sky130_fd_sc_hd__clkbuf_16)
                                                         clknet_1_0__leaf_clk (net)
                      0.059635    0.000244    5.497085 ^ _150_/CLK (sky130_fd_sc_hd__dfrtp_1)
                                 -0.250000    5.247085   clock uncertainty
                                  0.000000    5.247085   clock reconvergence pessimism
                                 -0.138087    5.108998   library setup time
                                              5.108998   data required time
---------------------------------------------------------------------------------------------
                                              5.108998   data required time
                                             -5.087657   data arrival time
---------------------------------------------------------------------------------------------
                                              0.021340   slack (MET)


Startpoint: psc[2] (input port clocked by clk)
Endpoint: _149_ (rising edge-triggered flip-flop clocked by clk)
Path Group: clk
Path Type: max

Fanout         Cap        Slew       Delay        Time   Description
---------------------------------------------------------------------------------------------
                                  0.000000    0.000000   clock clk (rise edge)
                                  0.000000    0.000000   clock network delay (propagated)
                                  1.000000    1.000000 v input external delay
     1    0.002563    0.017565    0.008470    1.008470 v psc[2] (in)
                                                         psc[2] (net)
                      0.017565    0.000000    1.008470 v input3/A (sky130_fd_sc_hd__buf_1)
     4    0.012130    0.146512    0.215528    1.223999 v input3/X (sky130_fd_sc_hd__buf_1)
                                                         net3 (net)
                      0.146512    0.000089    1.224088 v _084_/B (sky130_fd_sc_hd__or4_4)
     3    0.009406    0.171946    1.071197    2.295285 v _084_/X (sky130_fd_sc_hd__or4_4)
                                                         _028_ (net)
                      0.171946    0.000074    2.295359 v _085_/C (sky130_fd_sc_hd__or3_1)
     3    0.008949    0.205047    0.842089    3.137448 v _085_/X (sky130_fd_sc_hd__or3_1)
                                                         _029_ (net)
                      0.205047    0.000050    3.137497 v _086_/B (sky130_fd_sc_hd__nor2_2)
     2    0.010613    0.232879    0.271762    3.409260 ^ _086_/Y (sky130_fd_sc_hd__nor2_2)
                                                         _030_ (net)
                      0.232879    0.000034    3.409294 ^ _104_/A_N (sky130_fd_sc_hd__and2b_1)
     2    0.005708    0.089392    0.450295    3.859589 v _104_/X (sky130_fd_sc_hd__and2b_1)
                                                         _048_ (net)
                      0.089392    0.000055    3.859644 v _105_/B1 (sky130_fd_sc_hd__o221a_1)
     1    0.008959    0.149396    0.502152    4.361796 v _105_/X (sky130_fd_sc_hd__o221a_1)
                                                         _049_ (net)
                      0.149396    0.000076    4.361872 v _107_/B1 (sky130_fd_sc_hd__o22ai_4)
     8    0.021299    0.360037    0.350059    4.711931 ^ _107_/Y (sky130_fd_sc_hd__o22ai_4)
                                                         _051_ (net)
                      0.360037    0.000826    4.712757 ^ _112_/A (sky130_fd_sc_hd__and2_1)
     1    0.002268    0.075649    0.320637    5.033394 ^ _112_/X (sky130_fd_sc_hd__and2_1)
                                                         _002_ (net)
                      0.075649    0.000020    5.033414 ^ _149_/D (sky130_fd_sc_hd__dfrtp_2)
                                              5.033414   data arrival time

                                  5.000000    5.000000   clock clk (rise edge)
                                  0.000000    5.000000   clock source latency
     1    0.010901    0.087275    0.056838    5.056838 ^ clk (in)
                                                         clk (net)
                      0.087275    0.000000    5.056838 ^ clkbuf_0_clk/A (sky130_fd_sc_hd__clkbuf_16)
     2    0.019419    0.066700    0.228659    5.285498 ^ clkbuf_0_clk/X (sky130_fd_sc_hd__clkbuf_16)
                                                         clknet_0_clk (net)
                      0.066700    0.000122    5.285620 ^ clkbuf_1_0__f_clk/A (sky130_fd_sc_hd__clkbuf_16)
     5    0.013747    0.059635    0.211221    5.496841 ^ clkbuf_1_0__f_clk/X (sky130_fd_sc_hd__clkbuf_16)
                                                         clknet_1_0__leaf_clk (net)
                      0.059635    0.000086    5.496927 ^ _149_/CLK (sky130_fd_sc_hd__dfrtp_2)
                                 -0.250000    5.246927   clock uncertainty
                                  0.000000    5.246927   clock reconvergence pessimism
                                 -0.141694    5.105233   library setup time
                                              5.105233   data required time
---------------------------------------------------------------------------------------------
                                              5.105233   data required time
                                             -5.033414   data arrival time
---------------------------------------------------------------------------------------------
                                              0.071819   slack (MET)


Startpoint: psc[2] (input port clocked by clk)
Endpoint: _154_ (rising edge-triggered flip-flop clocked by clk)
Path Group: clk
Path Type: max

Fanout         Cap        Slew       Delay        Time   Description
---------------------------------------------------------------------------------------------
                                  0.000000    0.000000   clock clk (rise edge)
                                  0.000000    0.000000   clock network delay (propagated)
                                  1.000000    1.000000 v input external delay
     1    0.002563    0.017565    0.008470    1.008470 v psc[2] (in)
                                                         psc[2] (net)
                      0.017565    0.000000    1.008470 v input3/A (sky130_fd_sc_hd__buf_1)
     4    0.012130    0.146512    0.215528    1.223999 v input3/X (sky130_fd_sc_hd__buf_1)
                                                         net3 (net)
                      0.146512    0.000089    1.224088 v _084_/B (sky130_fd_sc_hd__or4_4)
     3    0.009406    0.171946    1.071197    2.295285 v _084_/X (sky130_fd_sc_hd__or4_4)
                                                         _028_ (net)
                      0.171946    0.000074    2.295359 v _085_/C (sky130_fd_sc_hd__or3_1)
     3    0.008949    0.205047    0.842089    3.137448 v _085_/X (sky130_fd_sc_hd__or3_1)
                                                         _029_ (net)
                      0.205047    0.000050    3.137497 v _086_/B (sky130_fd_sc_hd__nor2_2)
     2    0.010613    0.232879    0.271762    3.409260 ^ _086_/Y (sky130_fd_sc_hd__nor2_2)
                                                         _030_ (net)
                      0.232879    0.000034    3.409294 ^ _104_/A_N (sky130_fd_sc_hd__and2b_1)
     2    0.005708    0.089392    0.450295    3.859589 v _104_/X (sky130_fd_sc_hd__and2b_1)
                                                         _048_ (net)
                      0.089392    0.000055    3.859644 v _105_/B1 (sky130_fd_sc_hd__o221a_1)
     1    0.008959    0.149396    0.502152    4.361796 v _105_/X (sky130_fd_sc_hd__o221a_1)
                                                         _049_ (net)
                      0.149396    0.000076    4.361872 v _107_/B1 (sky130_fd_sc_hd__o22ai_4)
     8    0.021299    0.360037    0.350059    4.711931 ^ _107_/Y (sky130_fd_sc_hd__o22ai_4)
                                                         _051_ (net)
                      0.360037    0.000289    4.712220 ^ _128_/A (sky130_fd_sc_hd__and2_1)
     1    0.002107    0.075333    0.318575    5.030795 ^ _128_/X (sky130_fd_sc_hd__and2_1)
                                                         _007_ (net)
                      0.075333    0.000018    5.030813 ^ _154_/D (sky130_fd_sc_hd__dfrtp_2)
                                              5.030813   data arrival time

                                  5.000000    5.000000   clock clk (rise edge)
                                  0.000000    5.000000   clock source latency
     1    0.010901    0.087275    0.056838    5.056838 ^ clk (in)
                                                         clk (net)
                      0.087275    0.000000    5.056838 ^ clkbuf_0_clk/A (sky130_fd_sc_hd__clkbuf_16)
     2    0.019419    0.066700    0.228659    5.285498 ^ clkbuf_0_clk/X (sky130_fd_sc_hd__clkbuf_16)
                                                         clknet_0_clk (net)
                      0.066700    0.000152    5.285649 ^ clkbuf_1_1__f_clk/A (sky130_fd_sc_hd__clkbuf_16)
     5    0.013252    0.059016    0.210516    5.496165 ^ clkbuf_1_1__f_clk/X (sky130_fd_sc_hd__clkbuf_16)
                                                         clknet_1_1__leaf_clk (net)
                      0.059016    0.000130    5.496295 ^ _154_/CLK (sky130_fd_sc_hd__dfrtp_2)
                                 -0.250000    5.246295   clock uncertainty
                                  0.000000    5.246295   clock reconvergence pessimism
                                 -0.141723    5.104571   library setup time
                                              5.104571   data required time
---------------------------------------------------------------------------------------------
                                              5.104571   data required time
                                             -5.030813   data arrival time
---------------------------------------------------------------------------------------------
                                              0.073759   slack (MET)


Startpoint: psc[2] (input port clocked by clk)
Endpoint: _147_ (rising edge-triggered flip-flop clocked by clk)
Path Group: clk
Path Type: max

Fanout         Cap        Slew       Delay        Time   Description
---------------------------------------------------------------------------------------------
                                  0.000000    0.000000   clock clk (rise edge)
                                  0.000000    0.000000   clock network delay (propagated)
                                  1.000000    1.000000 v input external delay
     1    0.002563    0.017565    0.008470    1.008470 v psc[2] (in)
                                                         psc[2] (net)
                      0.017565    0.000000    1.008470 v input3/A (sky130_fd_sc_hd__buf_1)
     4    0.012130    0.146512    0.215528    1.223999 v input3/X (sky130_fd_sc_hd__buf_1)
                                                         net3 (net)
                      0.146512    0.000089    1.224088 v _084_/B (sky130_fd_sc_hd__or4_4)
     3    0.009406    0.171946    1.071197    2.295285 v _084_/X (sky130_fd_sc_hd__or4_4)
                                                         _028_ (net)
                      0.171946    0.000074    2.295359 v _085_/C (sky130_fd_sc_hd__or3_1)
     3    0.008949    0.205047    0.842089    3.137448 v _085_/X (sky130_fd_sc_hd__or3_1)
                                                         _029_ (net)
                      0.205047    0.000050    3.137497 v _086_/B (sky130_fd_sc_hd__nor2_2)
     2    0.010613    0.232879    0.271762    3.409260 ^ _086_/Y (sky130_fd_sc_hd__nor2_2)
                                                         _030_ (net)
                      0.232879    0.000034    3.409294 ^ _104_/A_N (sky130_fd_sc_hd__and2b_1)
     2    0.005708    0.089392    0.450295    3.859589 v _104_/X (sky130_fd_sc_hd__and2b_1)
                                                         _048_ (net)
                      0.089392    0.000055    3.859644 v _105_/B1 (sky130_fd_sc_hd__o221a_1)
     1    0.008959    0.149396    0.502152    4.361796 v _105_/X (sky130_fd_sc_hd__o221a_1)
                                                         _049_ (net)
                      0.149396    0.000076    4.361872 v _107_/B1 (sky130_fd_sc_hd__o22ai_4)
     8    0.021299    0.360037    0.350059    4.711931 ^ _107_/Y (sky130_fd_sc_hd__o22ai_4)
                                                         _051_ (net)
                      0.360037    0.000753    4.712684 ^ _108_/B (sky130_fd_sc_hd__and2b_1)
     1    0.002161    0.066136    0.313321    5.026005 ^ _108_/X (sky130_fd_sc_hd__and2b_1)
                                                         _000_ (net)
                      0.066136    0.000018    5.026023 ^ _147_/D (sky130_fd_sc_hd__dfrtp_2)
                                              5.026023   data arrival time

                                  5.000000    5.000000   clock clk (rise edge)
                                  0.000000    5.000000   clock source latency
     1    0.010901    0.087275    0.056838    5.056838 ^ clk (in)
                                                         clk (net)
                      0.087275    0.000000    5.056838 ^ clkbuf_0_clk/A (sky130_fd_sc_hd__clkbuf_16)
     2    0.019419    0.066700    0.228659    5.285498 ^ clkbuf_0_clk/X (sky130_fd_sc_hd__clkbuf_16)
                                                         clknet_0_clk (net)
                      0.066700    0.000122    5.285620 ^ clkbuf_1_0__f_clk/A (sky130_fd_sc_hd__clkbuf_16)
     5    0.013747    0.059635    0.211221    5.496841 ^ clkbuf_1_0__f_clk/X (sky130_fd_sc_hd__clkbuf_16)
                                                         clknet_1_0__leaf_clk (net)
                      0.059635    0.000135    5.496976 ^ _147_/CLK (sky130_fd_sc_hd__dfrtp_2)
                                 -0.250000    5.246976   clock uncertainty
                                  0.000000    5.246976   clock reconvergence pessimism
                                 -0.139287    5.107689   library setup time
                                              5.107689   data required time
---------------------------------------------------------------------------------------------
                                              5.107689   data required time
                                             -5.026023   data arrival time
---------------------------------------------------------------------------------------------
                                              0.081666   slack (MET)


Startpoint: psc[1] (input port clocked by clk)
Endpoint: _146_ (rising edge-triggered flip-flop clocked by clk)
Path Group: clk
Path Type: max

Fanout         Cap        Slew       Delay        Time   Description
---------------------------------------------------------------------------------------------
                                  0.000000    0.000000   clock clk (rise edge)
                                  0.000000    0.000000   clock network delay (propagated)
                                  1.000000    1.000000 ^ input external delay
     1    0.002238    0.028545    0.012807    1.012807 ^ psc[1] (in)
                                                         psc[1] (net)
                      0.028545    0.000000    1.012807 ^ input2/A (sky130_fd_sc_hd__dlymetal6s2s_1)
     6    0.019212    0.316619    0.320497    1.333304 ^ input2/X (sky130_fd_sc_hd__dlymetal6s2s_1)
                                                         net2 (net)
                      0.316619    0.000204    1.333508 ^ _079_/A (sky130_fd_sc_hd__inv_2)
     1    0.002532    0.058733    0.112935    1.446442 v _079_/Y (sky130_fd_sc_hd__inv_2)
                                                         _024_ (net)
                      0.058733    0.000022    1.446464 v _131_/A1 (sky130_fd_sc_hd__o22a_1)
     1    0.002705    0.085100    0.369912    1.816376 v _131_/X (sky130_fd_sc_hd__o22a_1)
                                                         _067_ (net)
                      0.085100    0.000016    1.816392 v _132_/C1 (sky130_fd_sc_hd__a221o_1)
     1    0.002498    0.091433    0.487841    2.304232 v _132_/X (sky130_fd_sc_hd__a221o_1)
                                                         _068_ (net)
                      0.091433    0.000011    2.304244 v _133_/C1 (sky130_fd_sc_hd__o221a_1)
     1    0.002889    0.095523    0.224966    2.529209 v _133_/X (sky130_fd_sc_hd__o221a_1)
                                                         _069_ (net)
                      0.095523    0.000018    2.529227 v _135_/B1 (sky130_fd_sc_hd__o221a_1)
     1    0.002704    0.093284    0.430980    2.960207 v _135_/X (sky130_fd_sc_hd__o221a_1)
                                                         _071_ (net)
                      0.093284    0.000025    2.960233 v _136_/C1 (sky130_fd_sc_hd__a221o_1)
     1    0.002825    0.095129    0.495766    3.455998 v _136_/X (sky130_fd_sc_hd__a221o_1)
                                                         _072_ (net)
                      0.095129    0.000016    3.456015 v _137_/A2 (sky130_fd_sc_hd__a21oi_1)
     1    0.002653    0.167071    0.232738    3.688752 ^ _137_/Y (sky130_fd_sc_hd__a21oi_1)
                                                         _008_ (net)
                      0.167071    0.000028    3.688781 ^ _146_/D (sky130_fd_sc_hd__dfrtp_1)
                                              3.688781   data arrival time

                                  5.000000    5.000000   clock clk (rise edge)
                                  0.000000    5.000000   clock source latency
     1    0.010901    0.087275    0.056838    5.056838 ^ clk (in)
                                                         clk (net)
                      0.087275    0.000000    5.056838 ^ clkbuf_0_clk/A (sky130_fd_sc_hd__clkbuf_16)
     2    0.019419    0.066700    0.228659    5.285498 ^ clkbuf_0_clk/X (sky130_fd_sc_hd__clkbuf_16)
                                                         clknet_0_clk (net)
                      0.066700    0.000152    5.285649 ^ clkbuf_1_1__f_clk/A (sky130_fd_sc_hd__clkbuf_16)
     5    0.013252    0.059016    0.210516    5.496165 ^ clkbuf_1_1__f_clk/X (sky130_fd_sc_hd__clkbuf_16)
                                                         clknet_1_1__leaf_clk (net)
                      0.059016    0.000143    5.496308 ^ _146_/CLK (sky130_fd_sc_hd__dfrtp_1)
                                 -0.250000    5.246308   clock uncertainty
                                  0.000000    5.246308   clock reconvergence pessimism
                                 -0.159432    5.086876   library setup time
                                              5.086876   data required time
---------------------------------------------------------------------------------------------
                                              5.086876   data required time
                                             -3.688781   data arrival time
---------------------------------------------------------------------------------------------
                                              1.398096   slack (MET)


Startpoint: _146_ (rising edge-triggered flip-flop clocked by clk)
Endpoint: out (output port clocked by clk)
Path Group: clk
Path Type: max

Fanout         Cap        Slew       Delay        Time   Description
---------------------------------------------------------------------------------------------
                                  0.000000    0.000000   clock clk (rise edge)
                                  0.000000    0.000000   clock source latency
     1    0.010901    0.087275    0.056838    0.056838 ^ clk (in)
                                                         clk (net)
                      0.087275    0.000000    0.056838 ^ clkbuf_0_clk/A (sky130_fd_sc_hd__clkbuf_16)
     2    0.019419    0.066700    0.228660    0.285498 ^ clkbuf_0_clk/X (sky130_fd_sc_hd__clkbuf_16)
                                                         clknet_0_clk (net)
                      0.066700    0.000152    0.285650 ^ clkbuf_1_1__f_clk/A (sky130_fd_sc_hd__clkbuf_16)
     5    0.013252    0.059016    0.210516    0.496166 ^ clkbuf_1_1__f_clk/X (sky130_fd_sc_hd__clkbuf_16)
                                                         clknet_1_1__leaf_clk (net)
                      0.059016    0.000142    0.496308 ^ _146_/CLK (sky130_fd_sc_hd__dfrtp_1)
     1    0.002443    0.071773    0.719899    1.216207 v _146_/Q (sky130_fd_sc_hd__dfrtp_1)
                                                         net10 (net)
                      0.071773    0.000024    1.216231 v output10/A (sky130_fd_sc_hd__buf_2)
     1    0.034709    0.167532    0.347059    1.563290 v output10/X (sky130_fd_sc_hd__buf_2)
                                                         out (net)
                      0.167532    0.000283    1.563573 v out (out)
                                              1.563573   data arrival time

                                  5.000000    5.000000   clock clk (rise edge)
                                  0.000000    5.000000   clock network delay (propagated)
                                 -0.250000    4.750000   clock uncertainty
                                  0.000000    4.750000   clock reconvergence pessimism
                                 -1.000000    3.750000   output external delay
                                              3.750000   data required time
---------------------------------------------------------------------------------------------
                                              3.750000   data required time
                                             -1.563573   data arrival time
---------------------------------------------------------------------------------------------
                                              2.186427   slack (MET)


Startpoint: rst (input port clocked by clk)
Endpoint: _154_ (recovery check against rising-edge clock clk)
Path Group: asynchronous
Path Type: max

Fanout         Cap        Slew       Delay        Time   Description
---------------------------------------------------------------------------------------------
                                  0.000000    0.000000   clock clk (rise edge)
                                  0.000000    0.000000   clock network delay (propagated)
                                  1.000000    1.000000 v input external delay
     1    0.002102    0.015822    0.007017    1.007017 v rst (in)
                                                         rst (net)
                      0.015822    0.000000    1.007017 v hold1/A (sky130_fd_sc_hd__dlygate4sd3_1)
     1    0.002629    0.108200    1.098247    2.105264 v hold1/X (sky130_fd_sc_hd__dlygate4sd3_1)
                                                         net11 (net)
                      0.108200    0.000026    2.105290 v input9/A (sky130_fd_sc_hd__clkbuf_4)
     9    0.048548    0.184205    0.379097    2.484387 v input9/X (sky130_fd_sc_hd__clkbuf_4)
                                                         net9 (net)
                      0.184205    0.000570    2.484957 v _145_/A (sky130_fd_sc_hd__inv_2)
     1    0.003879    0.063550    0.115333    2.600290 ^ _145_/Y (sky130_fd_sc_hd__inv_2)
                                                         _017_ (net)
                      0.063550    0.000037    2.600327 ^ _154_/RESET_B (sky130_fd_sc_hd__dfrtp_2)
                                              2.600327   data arrival time

                                  5.000000    5.000000   clock clk (rise edge)
                                  0.000000    5.000000   clock source latency
     1    0.010901    0.087275    0.056838    5.056838 ^ clk (in)
                                                         clk (net)
                      0.087275    0.000000    5.056838 ^ clkbuf_0_clk/A (sky130_fd_sc_hd__clkbuf_16)
     2    0.019419    0.066700    0.228659    5.285498 ^ clkbuf_0_clk/X (sky130_fd_sc_hd__clkbuf_16)
                                                         clknet_0_clk (net)
                      0.066700    0.000152    5.285649 ^ clkbuf_1_1__f_clk/A (sky130_fd_sc_hd__clkbuf_16)
     5    0.013252    0.059016    0.210516    5.496165 ^ clkbuf_1_1__f_clk/X (sky130_fd_sc_hd__clkbuf_16)
                                                         clknet_1_1__leaf_clk (net)
                      0.059016    0.000130    5.496295 ^ _154_/CLK (sky130_fd_sc_hd__dfrtp_2)
                                 -0.250000    5.246295   clock uncertainty
                                  0.000000    5.246295   clock reconvergence pessimism
                                  0.443647    5.689942   library recovery time
                                              5.689942   data required time
---------------------------------------------------------------------------------------------
                                              5.689942   data required time
                                             -2.600327   data arrival time
---------------------------------------------------------------------------------------------
                                              3.089615   slack (MET)


Startpoint: rst (input port clocked by clk)
Endpoint: _147_ (recovery check against rising-edge clock clk)
Path Group: asynchronous
Path Type: max

Fanout         Cap        Slew       Delay        Time   Description
---------------------------------------------------------------------------------------------
                                  0.000000    0.000000   clock clk (rise edge)
                                  0.000000    0.000000   clock network delay (propagated)
                                  1.000000    1.000000 v input external delay
     1    0.002102    0.015822    0.007017    1.007017 v rst (in)
                                                         rst (net)
                      0.015822    0.000000    1.007017 v hold1/A (sky130_fd_sc_hd__dlygate4sd3_1)
     1    0.002629    0.108200    1.098247    2.105264 v hold1/X (sky130_fd_sc_hd__dlygate4sd3_1)
                                                         net11 (net)
                      0.108200    0.000026    2.105290 v input9/A (sky130_fd_sc_hd__clkbuf_4)
     9    0.048548    0.184205    0.379097    2.484387 v input9/X (sky130_fd_sc_hd__clkbuf_4)
                                                         net9 (net)
                      0.184209    0.001166    2.485553 v _138_/A (sky130_fd_sc_hd__inv_2)
     1    0.003713    0.064837    0.113967    2.599519 ^ _138_/Y (sky130_fd_sc_hd__inv_2)
                                                         _010_ (net)
                      0.064837    0.000015    2.599534 ^ _147_/RESET_B (sky130_fd_sc_hd__dfrtp_2)
                                              2.599534   data arrival time

                                  5.000000    5.000000   clock clk (rise edge)
                                  0.000000    5.000000   clock source latency
     1    0.010901    0.087275    0.056838    5.056838 ^ clk (in)
                                                         clk (net)
                      0.087275    0.000000    5.056838 ^ clkbuf_0_clk/A (sky130_fd_sc_hd__clkbuf_16)
     2    0.019419    0.066700    0.228659    5.285498 ^ clkbuf_0_clk/X (sky130_fd_sc_hd__clkbuf_16)
                                                         clknet_0_clk (net)
                      0.066700    0.000122    5.285620 ^ clkbuf_1_0__f_clk/A (sky130_fd_sc_hd__clkbuf_16)
     5    0.013747    0.059635    0.211221    5.496841 ^ clkbuf_1_0__f_clk/X (sky130_fd_sc_hd__clkbuf_16)
                                                         clknet_1_0__leaf_clk (net)
                      0.059635    0.000135    5.496976 ^ _147_/CLK (sky130_fd_sc_hd__dfrtp_2)
                                 -0.250000    5.246976   clock uncertainty
                                  0.000000    5.246976   clock reconvergence pessimism
                                  0.443303    5.690279   library recovery time
                                              5.690279   data required time
---------------------------------------------------------------------------------------------
                                              5.690279   data required time
                                             -2.599534   data arrival time
---------------------------------------------------------------------------------------------
                                              3.090745   slack (MET)


Startpoint: rst (input port clocked by clk)
Endpoint: _149_ (recovery check against rising-edge clock clk)
Path Group: asynchronous
Path Type: max

Fanout         Cap        Slew       Delay        Time   Description
---------------------------------------------------------------------------------------------
                                  0.000000    0.000000   clock clk (rise edge)
                                  0.000000    0.000000   clock network delay (propagated)
                                  1.000000    1.000000 v input external delay
     1    0.002102    0.015822    0.007017    1.007017 v rst (in)
                                                         rst (net)
                      0.015822    0.000000    1.007017 v hold1/A (sky130_fd_sc_hd__dlygate4sd3_1)
     1    0.002629    0.108200    1.098247    2.105264 v hold1/X (sky130_fd_sc_hd__dlygate4sd3_1)
                                                         net11 (net)
                      0.108200    0.000026    2.105290 v input9/A (sky130_fd_sc_hd__clkbuf_4)
     9    0.048548    0.184205    0.379097    2.484387 v input9/X (sky130_fd_sc_hd__clkbuf_4)
                                                         net9 (net)
                      0.184210    0.001256    2.485643 v _140_/A (sky130_fd_sc_hd__inv_2)
     1    0.003679    0.064626    0.113684    2.599327 ^ _140_/Y (sky130_fd_sc_hd__inv_2)
                                                         _012_ (net)
                      0.064626    0.000014    2.599341 ^ _149_/RESET_B (sky130_fd_sc_hd__dfrtp_2)
                                              2.599341   data arrival time

                                  5.000000    5.000000   clock clk (rise edge)
                                  0.000000    5.000000   clock source latency
     1    0.010901    0.087275    0.056838    5.056838 ^ clk (in)
                                                         clk (net)
                      0.087275    0.000000    5.056838 ^ clkbuf_0_clk/A (sky130_fd_sc_hd__clkbuf_16)
     2    0.019419    0.066700    0.228659    5.285498 ^ clkbuf_0_clk/X (sky130_fd_sc_hd__clkbuf_16)
                                                         clknet_0_clk (net)
                      0.066700    0.000122    5.285620 ^ clkbuf_1_0__f_clk/A (sky130_fd_sc_hd__clkbuf_16)
     5    0.013747    0.059635    0.211221    5.496841 ^ clkbuf_1_0__f_clk/X (sky130_fd_sc_hd__clkbuf_16)
                                                         clknet_1_0__leaf_clk (net)
                      0.059635    0.000086    5.496927 ^ _149_/CLK (sky130_fd_sc_hd__dfrtp_2)
                                 -0.250000    5.246927   clock uncertainty
                                  0.000000    5.246927   clock reconvergence pessimism
                                  0.443393    5.690320   library recovery time
                                              5.690320   data required time
---------------------------------------------------------------------------------------------
                                              5.690320   data required time
                                             -2.599341   data arrival time
---------------------------------------------------------------------------------------------
                                              3.090979   slack (MET)


Startpoint: rst (input port clocked by clk)
Endpoint: _151_ (recovery check against rising-edge clock clk)
Path Group: asynchronous
Path Type: max

Fanout         Cap        Slew       Delay        Time   Description
---------------------------------------------------------------------------------------------
                                  0.000000    0.000000   clock clk (rise edge)
                                  0.000000    0.000000   clock network delay (propagated)
                                  1.000000    1.000000 v input external delay
     1    0.002102    0.015822    0.007017    1.007017 v rst (in)
                                                         rst (net)
                      0.015822    0.000000    1.007017 v hold1/A (sky130_fd_sc_hd__dlygate4sd3_1)
     1    0.002629    0.108200    1.098247    2.105264 v hold1/X (sky130_fd_sc_hd__dlygate4sd3_1)
                                                         net11 (net)
                      0.108200    0.000026    2.105290 v input9/A (sky130_fd_sc_hd__clkbuf_4)
     9    0.048548    0.184205    0.379097    2.484387 v input9/X (sky130_fd_sc_hd__clkbuf_4)
                                                         net9 (net)
                      0.184207    0.001011    2.485398 v _142_/A (sky130_fd_sc_hd__inv_2)
     1    0.003667    0.064546    0.113577    2.598975 ^ _142_/Y (sky130_fd_sc_hd__inv_2)
                                                         _014_ (net)
                      0.064546    0.000013    2.598988 ^ _151_/RESET_B (sky130_fd_sc_hd__dfrtp_2)
                                              2.598988   data arrival time

                                  5.000000    5.000000   clock clk (rise edge)
                                  0.000000    5.000000   clock source latency
     1    0.010901    0.087275    0.056838    5.056838 ^ clk (in)
                                                         clk (net)
                      0.087275    0.000000    5.056838 ^ clkbuf_0_clk/A (sky130_fd_sc_hd__clkbuf_16)
     2    0.019419    0.066700    0.228659    5.285498 ^ clkbuf_0_clk/X (sky130_fd_sc_hd__clkbuf_16)
                                                         clknet_0_clk (net)
                      0.066700    0.000122    5.285620 ^ clkbuf_1_0__f_clk/A (sky130_fd_sc_hd__clkbuf_16)
     5    0.013747    0.059635    0.211221    5.496841 ^ clkbuf_1_0__f_clk/X (sky130_fd_sc_hd__clkbuf_16)
                                                         clknet_1_0__leaf_clk (net)
                      0.059635    0.000192    5.497033 ^ _151_/CLK (sky130_fd_sc_hd__dfrtp_2)
                                 -0.250000    5.247033   clock uncertainty
                                  0.000000    5.247033   clock reconvergence pessimism
                                  0.443428    5.690461   library recovery time
                                              5.690461   data required time
---------------------------------------------------------------------------------------------
                                              5.690461   data required time
                                             -2.598988   data arrival time
---------------------------------------------------------------------------------------------
                                              3.091473   slack (MET)


Startpoint: rst (input port clocked by clk)
Endpoint: _148_ (recovery check against rising-edge clock clk)
Path Group: asynchronous
Path Type: max

Fanout         Cap        Slew       Delay        Time   Description
---------------------------------------------------------------------------------------------
                                  0.000000    0.000000   clock clk (rise edge)
                                  0.000000    0.000000   clock network delay (propagated)
                                  1.000000    1.000000 v input external delay
     1    0.002102    0.015822    0.007017    1.007017 v rst (in)
                                                         rst (net)
                      0.015822    0.000000    1.007017 v hold1/A (sky130_fd_sc_hd__dlygate4sd3_1)
     1    0.002629    0.108200    1.098247    2.105264 v hold1/X (sky130_fd_sc_hd__dlygate4sd3_1)
                                                         net11 (net)
                      0.108200    0.000026    2.105290 v input9/A (sky130_fd_sc_hd__clkbuf_4)
     9    0.048548    0.184205    0.379097    2.484387 v input9/X (sky130_fd_sc_hd__clkbuf_4)
                                                         net9 (net)
                      0.184211    0.001283    2.485670 v _139_/A (sky130_fd_sc_hd__inv_2)
     1    0.003493    0.061341    0.112119    2.597789 ^ _139_/Y (sky130_fd_sc_hd__inv_2)
                                                         _011_ (net)
                      0.061341    0.000025    2.597814 ^ _148_/RESET_B (sky130_fd_sc_hd__dfrtp_2)
                                              2.597814   data arrival time

                                  5.000000    5.000000   clock clk (rise edge)
                                  0.000000    5.000000   clock source latency
     1    0.010901    0.087275    0.056838    5.056838 ^ clk (in)
                                                         clk (net)
                      0.087275    0.000000    5.056838 ^ clkbuf_0_clk/A (sky130_fd_sc_hd__clkbuf_16)
     2    0.019419    0.066700    0.228659    5.285498 ^ clkbuf_0_clk/X (sky130_fd_sc_hd__clkbuf_16)
                                                         clknet_0_clk (net)
                      0.066700    0.000122    5.285620 ^ clkbuf_1_0__f_clk/A (sky130_fd_sc_hd__clkbuf_16)
     5    0.013747    0.059635    0.211221    5.496841 ^ clkbuf_1_0__f_clk/X (sky130_fd_sc_hd__clkbuf_16)
                                                         clknet_1_0__leaf_clk (net)
                      0.059635    0.000075    5.496915 ^ _148_/CLK (sky130_fd_sc_hd__dfrtp_2)
                                 -0.250000    5.246915   clock uncertainty
                                  0.000000    5.246915   clock reconvergence pessimism
                                  0.444798    5.691714   library recovery time
                                              5.691714   data required time
---------------------------------------------------------------------------------------------
                                              5.691714   data required time
                                             -2.597814   data arrival time
---------------------------------------------------------------------------------------------
                                              3.093900   slack (MET)


Startpoint: rst (input port clocked by clk)
Endpoint: _152_ (recovery check against rising-edge clock clk)
Path Group: asynchronous
Path Type: max

Fanout         Cap        Slew       Delay        Time   Description
---------------------------------------------------------------------------------------------
                                  0.000000    0.000000   clock clk (rise edge)
                                  0.000000    0.000000   clock network delay (propagated)
                                  1.000000    1.000000 v input external delay
     1    0.002102    0.015822    0.007017    1.007017 v rst (in)
                                                         rst (net)
                      0.015822    0.000000    1.007017 v hold1/A (sky130_fd_sc_hd__dlygate4sd3_1)
     1    0.002629    0.108200    1.098247    2.105264 v hold1/X (sky130_fd_sc_hd__dlygate4sd3_1)
                                                         net11 (net)
                      0.108200    0.000026    2.105290 v input9/A (sky130_fd_sc_hd__clkbuf_4)
     9    0.048548    0.184205    0.379097    2.484387 v input9/X (sky130_fd_sc_hd__clkbuf_4)
                                                         net9 (net)
                      0.184207    0.000930    2.485317 v _143_/A (sky130_fd_sc_hd__inv_2)
     1    0.004039    0.064491    0.116666    2.601984 ^ _143_/Y (sky130_fd_sc_hd__inv_2)
                                                         _015_ (net)
                      0.064491    0.000022    2.602006 ^ _152_/RESET_B (sky130_fd_sc_hd__dfrtp_1)
                                              2.602006   data arrival time

                                  5.000000    5.000000   clock clk (rise edge)
                                  0.000000    5.000000   clock source latency
     1    0.010901    0.087275    0.056838    5.056838 ^ clk (in)
                                                         clk (net)
                      0.087275    0.000000    5.056838 ^ clkbuf_0_clk/A (sky130_fd_sc_hd__clkbuf_16)
     2    0.019419    0.066700    0.228659    5.285498 ^ clkbuf_0_clk/X (sky130_fd_sc_hd__clkbuf_16)
                                                         clknet_0_clk (net)
                      0.066700    0.000152    5.285649 ^ clkbuf_1_1__f_clk/A (sky130_fd_sc_hd__clkbuf_16)
     5    0.013252    0.059016    0.210516    5.496165 ^ clkbuf_1_1__f_clk/X (sky130_fd_sc_hd__clkbuf_16)
                                                         clknet_1_1__leaf_clk (net)
                      0.059016    0.000188    5.496353 ^ _152_/CLK (sky130_fd_sc_hd__dfrtp_1)
                                 -0.250000    5.246353   clock uncertainty
                                  0.000000    5.246353   clock reconvergence pessimism
                                  0.460966    5.707320   library recovery time
                                              5.707320   data required time
---------------------------------------------------------------------------------------------
                                              5.707320   data required time
                                             -2.602006   data arrival time
---------------------------------------------------------------------------------------------
                                              3.105314   slack (MET)


Startpoint: rst (input port clocked by clk)
Endpoint: _153_ (recovery check against rising-edge clock clk)
Path Group: asynchronous
Path Type: max

Fanout         Cap        Slew       Delay        Time   Description
---------------------------------------------------------------------------------------------
                                  0.000000    0.000000   clock clk (rise edge)
                                  0.000000    0.000000   clock network delay (propagated)
                                  1.000000    1.000000 v input external delay
     1    0.002102    0.015822    0.007017    1.007017 v rst (in)
                                                         rst (net)
                      0.015822    0.000000    1.007017 v hold1/A (sky130_fd_sc_hd__dlygate4sd3_1)
     1    0.002629    0.108200    1.098247    2.105264 v hold1/X (sky130_fd_sc_hd__dlygate4sd3_1)
                                                         net11 (net)
                      0.108200    0.000026    2.105290 v input9/A (sky130_fd_sc_hd__clkbuf_4)
     9    0.048548    0.184205    0.379097    2.484387 v input9/X (sky130_fd_sc_hd__clkbuf_4)
                                                         net9 (net)
                      0.184205    0.000383    2.484771 v _144_/A (sky130_fd_sc_hd__inv_2)
     1    0.003564    0.063906    0.112719    2.597490 ^ _144_/Y (sky130_fd_sc_hd__inv_2)
                                                         _016_ (net)
                      0.063906    0.000012    2.597502 ^ _153_/RESET_B (sky130_fd_sc_hd__dfrtp_1)
                                              2.597502   data arrival time

                                  5.000000    5.000000   clock clk (rise edge)
                                  0.000000    5.000000   clock source latency
     1    0.010901    0.087275    0.056838    5.056838 ^ clk (in)
                                                         clk (net)
                      0.087275    0.000000    5.056838 ^ clkbuf_0_clk/A (sky130_fd_sc_hd__clkbuf_16)
     2    0.019419    0.066700    0.228659    5.285498 ^ clkbuf_0_clk/X (sky130_fd_sc_hd__clkbuf_16)
                                                         clknet_0_clk (net)
                      0.066700    0.000152    5.285649 ^ clkbuf_1_1__f_clk/A (sky130_fd_sc_hd__clkbuf_16)
     5    0.013252    0.059016    0.210516    5.496165 ^ clkbuf_1_1__f_clk/X (sky130_fd_sc_hd__clkbuf_16)
                                                         clknet_1_1__leaf_clk (net)
                      0.059016    0.000180    5.496346 ^ _153_/CLK (sky130_fd_sc_hd__dfrtp_1)
                                 -0.250000    5.246346   clock uncertainty
                                  0.000000    5.246346   clock reconvergence pessimism
                                  0.461183    5.707529   library recovery time
                                              5.707529   data required time
---------------------------------------------------------------------------------------------
                                              5.707529   data required time
                                             -2.597502   data arrival time
---------------------------------------------------------------------------------------------
                                              3.110028   slack (MET)


Startpoint: rst (input port clocked by clk)
Endpoint: _150_ (recovery check against rising-edge clock clk)
Path Group: asynchronous
Path Type: max

Fanout         Cap        Slew       Delay        Time   Description
---------------------------------------------------------------------------------------------
                                  0.000000    0.000000   clock clk (rise edge)
                                  0.000000    0.000000   clock network delay (propagated)
                                  1.000000    1.000000 v input external delay
     1    0.002102    0.015822    0.007017    1.007017 v rst (in)
                                                         rst (net)
                      0.015822    0.000000    1.007017 v hold1/A (sky130_fd_sc_hd__dlygate4sd3_1)
     1    0.002629    0.108200    1.098247    2.105264 v hold1/X (sky130_fd_sc_hd__dlygate4sd3_1)
                                                         net11 (net)
                      0.108200    0.000026    2.105290 v input9/A (sky130_fd_sc_hd__clkbuf_4)
     9    0.048548    0.184205    0.379097    2.484387 v input9/X (sky130_fd_sc_hd__clkbuf_4)
                                                         net9 (net)
                      0.184207    0.000953    2.485340 v _141_/A (sky130_fd_sc_hd__inv_2)
     1    0.003534    0.063718    0.112468    2.597808 ^ _141_/Y (sky130_fd_sc_hd__inv_2)
                                                         _013_ (net)
                      0.063718    0.000012    2.597820 ^ _150_/RESET_B (sky130_fd_sc_hd__dfrtp_1)
                                              2.597820   data arrival time

                                  5.000000    5.000000   clock clk (rise edge)
                                  0.000000    5.000000   clock source latency
     1    0.010901    0.087275    0.056838    5.056838 ^ clk (in)
                                                         clk (net)
                      0.087275    0.000000    5.056838 ^ clkbuf_0_clk/A (sky130_fd_sc_hd__clkbuf_16)
     2    0.019419    0.066700    0.228659    5.285498 ^ clkbuf_0_clk/X (sky130_fd_sc_hd__clkbuf_16)
                                                         clknet_0_clk (net)
                      0.066700    0.000122    5.285620 ^ clkbuf_1_0__f_clk/A (sky130_fd_sc_hd__clkbuf_16)
     5    0.013747    0.059635    0.211221    5.496841 ^ clkbuf_1_0__f_clk/X (sky130_fd_sc_hd__clkbuf_16)
                                                         clknet_1_0__leaf_clk (net)
                      0.059635    0.000244    5.497085 ^ _150_/CLK (sky130_fd_sc_hd__dfrtp_1)
                                 -0.250000    5.247085   clock uncertainty
                                  0.000000    5.247085   clock reconvergence pessimism
                                  0.461459    5.708544   library recovery time
                                              5.708544   data required time
---------------------------------------------------------------------------------------------
                                              5.708544   data required time
                                             -2.597820   data arrival time
---------------------------------------------------------------------------------------------
                                              3.110724   slack (MET)


Startpoint: rst (input port clocked by clk)
Endpoint: _146_ (recovery check against rising-edge clock clk)
Path Group: asynchronous
Path Type: max

Fanout         Cap        Slew       Delay        Time   Description
---------------------------------------------------------------------------------------------
                                  0.000000    0.000000   clock clk (rise edge)
                                  0.000000    0.000000   clock network delay (propagated)
                                  1.000000    1.000000 v input external delay
     1    0.002102    0.015822    0.007017    1.007017 v rst (in)
                                                         rst (net)
                      0.015822    0.000000    1.007017 v hold1/A (sky130_fd_sc_hd__dlygate4sd3_1)
     1    0.002629    0.108200    1.098247    2.105264 v hold1/X (sky130_fd_sc_hd__dlygate4sd3_1)
                                                         net11 (net)
                      0.108200    0.000026    2.105290 v input9/A (sky130_fd_sc_hd__clkbuf_4)
     9    0.048548    0.184205    0.379097    2.484387 v input9/X (sky130_fd_sc_hd__clkbuf_4)
                                                         net9 (net)
                      0.184207    0.001005    2.485392 v _081_/A (sky130_fd_sc_hd__inv_2)
     1    0.003504    0.061403    0.112216    2.597608 ^ _081_/Y (sky130_fd_sc_hd__inv_2)
                                                         _009_ (net)
                      0.061403    0.000024    2.597632 ^ _146_/RESET_B (sky130_fd_sc_hd__dfrtp_1)
                                              2.597632   data arrival time

                                  5.000000    5.000000   clock clk (rise edge)
                                  0.000000    5.000000   clock source latency
     1    0.010901    0.087275    0.056838    5.056838 ^ clk (in)
                                                         clk (net)
                      0.087275    0.000000    5.056838 ^ clkbuf_0_clk/A (sky130_fd_sc_hd__clkbuf_16)
     2    0.019419    0.066700    0.228659    5.285498 ^ clkbuf_0_clk/X (sky130_fd_sc_hd__clkbuf_16)
                                                         clknet_0_clk (net)
                      0.066700    0.000152    5.285649 ^ clkbuf_1_1__f_clk/A (sky130_fd_sc_hd__clkbuf_16)
     5    0.013252    0.059016    0.210516    5.496165 ^ clkbuf_1_1__f_clk/X (sky130_fd_sc_hd__clkbuf_16)
                                                         clknet_1_1__leaf_clk (net)
                      0.059016    0.000143    5.496308 ^ _146_/CLK (sky130_fd_sc_hd__dfrtp_1)
                                 -0.250000    5.246308   clock uncertainty
                                  0.000000    5.246308   clock reconvergence pessimism
                                  0.462111    5.708419   library recovery time
                                              5.708419   data required time
---------------------------------------------------------------------------------------------
                                              5.708419   data required time
                                             -2.597632   data arrival time
---------------------------------------------------------------------------------------------
                                              3.110787   slack (MET)



