
===========================================================================
report_checks -unconstrained
===========================================================================
======================= nom_ff_n40C_1v95 Corner ===================================

Startpoint: rst (input port clocked by clk)
Endpoint: _226_ (recovery check against rising-edge clock clk)
Path Group: asynchronous
Path Type: max

Fanout         Cap        Slew       Delay        Time   Description
---------------------------------------------------------------------------------------------
                                  0.000000    0.000000   clock clk (rise edge)
                                  0.000000    0.000000   clock network delay (propagated)
                                  1.000000    1.000000 v input external delay
     1    0.002849    0.004792    0.002322    1.002322 v rst (in)
                                                         rst (net)
                      0.004793    0.000000    1.002322 v input17/A (sky130_fd_sc_hd__buf_1)
     2    0.009311    0.041268    0.067183    1.069504 v input17/X (sky130_fd_sc_hd__buf_1)
                                                         net17 (net)
                      0.041270    0.000341    1.069845 v fanout21/A (sky130_fd_sc_hd__buf_4)
    10    0.054119    0.059036    0.129551    1.199397 v fanout21/X (sky130_fd_sc_hd__buf_4)
                                                         net21 (net)
                      0.059080    0.001462    1.200859 v _126_/A (sky130_fd_sc_hd__inv_2)
     1    0.004142    0.025506    0.041216    1.242076 ^ _126_/Y (sky130_fd_sc_hd__inv_2)
                                                         _016_ (net)
                      0.025506    0.000049    1.242125 ^ _226_/RESET_B (sky130_fd_sc_hd__dfrtp_2)
                                              1.242125   data arrival time

                                  5.000000    5.000000   clock clk (rise edge)
                                  0.000000    5.000000   clock source latency
     1    0.013090    0.049002    0.032672    5.032672 ^ clk (in)
                                                         clk (net)
                      0.049006    0.000000    5.032672 ^ clkbuf_0_clk/A (sky130_fd_sc_hd__clkbuf_16)
     2    0.019819    0.031088    0.089449    5.122121 ^ clkbuf_0_clk/X (sky130_fd_sc_hd__clkbuf_16)
                                                         clknet_0_clk (net)
                      0.031092    0.000598    5.122718 ^ clkbuf_1_0__f_clk/A (sky130_fd_sc_hd__clkbuf_16)
    10    0.030825    0.038584    0.091706    5.214425 ^ clkbuf_1_0__f_clk/X (sky130_fd_sc_hd__clkbuf_16)
                                                         clknet_1_0__leaf_clk (net)
                      0.038605    0.000782    5.215207 ^ _226_/CLK (sky130_fd_sc_hd__dfrtp_2)
                                 -0.250000    4.965207   clock uncertainty
                                  0.000000    4.965207   clock reconvergence pessimism
                                  0.136275    5.101482   library recovery time
                                              5.101482   data required time
---------------------------------------------------------------------------------------------
                                              5.101482   data required time
                                             -1.242125   data arrival time
---------------------------------------------------------------------------------------------
                                              3.859357   slack (MET)


Startpoint: psc[14] (input port clocked by clk)
Endpoint: _231_ (rising edge-triggered flip-flop clocked by clk)
Path Group: clk
Path Type: max

Fanout         Cap        Slew       Delay        Time   Description
---------------------------------------------------------------------------------------------
                                  0.000000    0.000000   clock clk (rise edge)
                                  0.000000    0.000000   clock network delay (propagated)
                                  1.000000    1.000000 ^ input external delay
     1    0.003490    0.016394    0.009057    1.009057 ^ psc[14] (in)
                                                         psc[14] (net)
                      0.016395    0.000000    1.009057 ^ input6/A (sky130_fd_sc_hd__clkbuf_1)
     1    0.004834    0.048994    0.060378    1.069436 ^ input6/X (sky130_fd_sc_hd__clkbuf_1)
                                                         net6 (net)
                      0.048994    0.000095    1.069531 ^ _114_/A (sky130_fd_sc_hd__inv_2)
     2    0.010446    0.024370    0.028424    1.097955 v _114_/Y (sky130_fd_sc_hd__inv_2)
                                                         _084_ (net)
                      0.024381    0.000273    1.098228 v _127_/B1 (sky130_fd_sc_hd__a2bb2o_4)
     2    0.005017    0.026112    0.131399    1.229627 v _127_/X (sky130_fd_sc_hd__a2bb2o_4)
                                                         _096_ (net)
                      0.026112    0.000119    1.229746 v _134_/B (sky130_fd_sc_hd__or4bb_4)
     2    0.006933    0.061812    0.307827    1.537574 v _134_/X (sky130_fd_sc_hd__or4bb_4)
                                                         _103_ (net)
                      0.061812    0.000213    1.537787 v _162_/B (sky130_fd_sc_hd__or4b_4)
     1    0.004741    0.058331    0.313242    1.851029 v _162_/X (sky130_fd_sc_hd__or4b_4)
                                                         _052_ (net)
                      0.058331    0.000090    1.851120 v _163_/A1 (sky130_fd_sc_hd__o211a_4)
     3    0.018064    0.042626    0.181532    2.032652 v _163_/X (sky130_fd_sc_hd__o211a_4)
                                                         _053_ (net)
                      0.042640    0.000465    2.033117 v fanout20/A (sky130_fd_sc_hd__buf_6)
     7    0.020162    0.025195    0.087356    2.120473 v fanout20/X (sky130_fd_sc_hd__buf_6)
                                                         net20 (net)
                      0.025203    0.000424    2.120897 v _181_/B (sky130_fd_sc_hd__and3b_1)
     1    0.002915    0.027869    0.096724    2.217621 v _181_/X (sky130_fd_sc_hd__and3b_1)
                                                         _011_ (net)
                      0.027870    0.000082    2.217703 v _231_/D (sky130_fd_sc_hd__dfrtp_1)
                                              2.217703   data arrival time

                                  5.000000    5.000000   clock clk (rise edge)
                                  0.000000    5.000000   clock source latency
     1    0.013090    0.049002    0.032672    5.032672 ^ clk (in)
                                                         clk (net)
                      0.049006    0.000000    5.032672 ^ clkbuf_0_clk/A (sky130_fd_sc_hd__clkbuf_16)
     2    0.019819    0.031088    0.089449    5.122121 ^ clkbuf_0_clk/X (sky130_fd_sc_hd__clkbuf_16)
                                                         clknet_0_clk (net)
                      0.031090    0.000486    5.122606 ^ clkbuf_1_1__f_clk/A (sky130_fd_sc_hd__clkbuf_16)
     8    0.026921    0.035873    0.089161    5.211767 ^ clkbuf_1_1__f_clk/X (sky130_fd_sc_hd__clkbuf_16)
                                                         clknet_1_1__leaf_clk (net)
                      0.035882    0.000516    5.212283 ^ _231_/CLK (sky130_fd_sc_hd__dfrtp_1)
                                 -0.250000    4.962283   clock uncertainty
                                  0.000000    4.962283   clock reconvergence pessimism
                                 -0.070596    4.891686   library setup time
                                              4.891686   data required time
---------------------------------------------------------------------------------------------
                                              4.891686   data required time
                                             -2.217703   data arrival time
---------------------------------------------------------------------------------------------
                                              2.673984   slack (MET)




===========================================================================
report_checks --slack_max -0.01
============================================================================
======================= nom_ff_n40C_1v95 Corner ===================================

No paths found.


===========================================================================
 report_check_types -max_slew -max_cap -max_fanout -violators
============================================================================
======================= nom_ff_n40C_1v95 Corner ===================================



===========================================================================
report_parasitic_annotation -report_unannotated
============================================================================
Found 1 unannotated drivers.
 clkload0/Y
Found 0 partially unannotated drivers.

===========================================================================
max slew violation count 0
max fanout violation count 0
max cap violation count 0
============================================================================

===========================================================================
check_setup -verbose -unconstrained_endpoints -multiple_clock -no_clock -no_input_delay -loops -generated_clocks
===========================================================================
