Clock: clk
Sources: clk 
Generated: no
Virtual: yes
Propagated: no
Period: 5.000000

===========================================================================
report_clock_properties
============================================================================
Clock                   Period          Waveform
----------------------------------------------------
clk                   5.000000    0.000000  2.500000

===========================================================================
report_clock_latency
============================================================================
Clock clk
rise -> rise
    min     max
0.000000 0.000000 source latency
0.212247         network latency _234_/CLK
        0.215470 network latency _230_/CLK
---------------
0.212247 0.215470 latency
        0.003223 skew

fall -> fall
    min     max
0.000000 0.000000 source latency
0.205708         network latency _234_/CLK
        0.208620 network latency _230_/CLK
---------------
0.205708 0.208620 latency
        0.002913 skew



===========================================================================
report_clock_min_period
============================================================================
clk period_min = 1.73 fmax = 578.89
