Reading OpenROAD database at '/home/nakanomiku/DigitalDesign/freq_psc/runs/RUN_2024-10-28_14-42-45/24-openroad-ioplacement/freq_psc.odb'…
Reading library file at '/home/nakanomiku/.volare/volare/sky130/versions/0fe599b2afb6708d281543108caf8310912f54af/sky130A/libs.ref/sky130_fd_sc_hd/lib/sky130_fd_sc_hd__tt_025C_1v80.lib'…
Reading design constraints file at '/nix/store/mr1ix0gwjfwmikfqyrq536nwhj83f0zp-python3-3.11.9-env/lib/python3.11/site-packages/openlane/scripts/base.sdc'…
[INFO] Using clock clk…
[INFO] Setting output delay to: 1
[INFO] Setting input delay to: 1
[INFO] Setting load to: 0.033442
[INFO] Setting clock uncertainty to: 0.25
[INFO] Setting clock transition to: 0.1499999999999999944488848768742172978818416595458984375
[INFO] Setting timing derate to: 5%
[INFO] Setting RC values…
[INFO] Setting signal min routing layer to: met1 and clock min routing layer to met1. 
[INFO] Setting signal max routing layer to: met5 and clock max routing layer to met5. 
[INFO GPL-0002] DBU: 1000
[INFO GPL-0003] SiteSize: (  0.460  2.720 ) um
[INFO GPL-0004] CoreBBox: (  5.520 10.880 ) ( 45.080 48.960 ) um
[INFO GPL-0006] NumInstances:               126
[INFO GPL-0007] NumPlaceInstances:           82
[INFO GPL-0008] NumFixedInstances:           44
[INFO GPL-0009] NumDummyInstances:            0
[INFO GPL-0010] NumNets:                     92
[INFO GPL-0011] NumPins:                    300
[INFO GPL-0012] DieBBox:  (  0.000  0.000 ) ( 51.025 61.745 ) um
[INFO GPL-0013] CoreBBox: (  5.520 10.880 ) ( 45.080 48.960 ) um
[INFO GPL-0016] CoreArea:              1506.445 um^2
[INFO GPL-0017] NonPlaceInstsArea:      125.120 um^2
[INFO GPL-0018] PlaceInstsArea:         799.517 um^2
[INFO GPL-0019] Util:                    57.880 %
[INFO GPL-0020] StdInstsArea:           799.517 um^2
[INFO GPL-0021] MacroInstsArea:           0.000 um^2
[InitialPlace]  Iter: 1 CG residual: 0.00000007 HPWL: 1551529
[InitialPlace]  Iter: 2 CG residual: 0.00000006 HPWL: 1152999
[InitialPlace]  Iter: 3 CG residual: 0.00000010 HPWL: 1144071
[InitialPlace]  Iter: 4 CG residual: 0.00000010 HPWL: 1144018
[InitialPlace]  Iter: 5 CG residual: 0.00000004 HPWL: 1143254
[INFO GPL-0031] FillerInit:NumGCells:        92
[INFO GPL-0032] FillerInit:NumGNets:         92
[INFO GPL-0033] FillerInit:NumGPins:        300
[INFO GPL-0023] TargetDensity:            0.644
[INFO GPL-0024] AvrgPlaceInstArea:        9.750 um^2
[INFO GPL-0025] IdealBinArea:            15.140 um^2
[INFO GPL-0026] IdealBinCnt:                 99
[INFO GPL-0027] TotalBinArea:          1506.445 um^2
[INFO GPL-0028] BinCnt:         8      8
[INFO GPL-0029] BinSize: (  4.945  4.760 )
[INFO GPL-0030] NumBins: 64
[NesterovSolve] Iter:    1 overflow: 0.811 HPWL: 547193
[INFO GPL-0100] Timing-driven: executing resizer for reweighting nets.
[INFO GPL-0101] Timing-driven: worst slack 1.88e-09
[INFO GPL-0103] Timing-driven: weighted 9 nets.
[NesterovSolve] Iter:   10 overflow: 0.734 HPWL: 586272
[NesterovSolve] Iter:   20 overflow: 0.740 HPWL: 576956
[NesterovSolve] Iter:   30 overflow: 0.743 HPWL: 573129
[NesterovSolve] Iter:   40 overflow: 0.741 HPWL: 573849
[NesterovSolve] Iter:   50 overflow: 0.740 HPWL: 575042
[NesterovSolve] Iter:   60 overflow: 0.740 HPWL: 575295
[NesterovSolve] Iter:   70 overflow: 0.741 HPWL: 574832
[NesterovSolve] Iter:   80 overflow: 0.741 HPWL: 575052
[NesterovSolve] Iter:   90 overflow: 0.740 HPWL: 575859
[NesterovSolve] Iter:  100 overflow: 0.738 HPWL: 576759
[NesterovSolve] Iter:  110 overflow: 0.737 HPWL: 577907
[NesterovSolve] Iter:  120 overflow: 0.734 HPWL: 579781
[NesterovSolve] Iter:  130 overflow: 0.729 HPWL: 583002
[NesterovSolve] Iter:  140 overflow: 0.724 HPWL: 587890
[NesterovSolve] Iter:  150 overflow: 0.703 HPWL: 594445
[NesterovSolve] Iter:  160 overflow: 0.685 HPWL: 602269
[NesterovSolve] Iter:  170 overflow: 0.677 HPWL: 614947
[NesterovSolve] Iter:  180 overflow: 0.661 HPWL: 631747
[INFO GPL-0100] Timing-driven: executing resizer for reweighting nets.
[INFO GPL-0101] Timing-driven: worst slack 1.88e-09
[INFO GPL-0103] Timing-driven: weighted 9 nets.
[NesterovSolve] Iter:  190 overflow: 0.620 HPWL: 649010
[NesterovSolve] Snapshot saved at iter = 196
[NesterovSolve] Iter:  200 overflow: 0.590 HPWL: 662821
[NesterovSolve] Iter:  210 overflow: 0.564 HPWL: 686929
[NesterovSolve] Iter:  220 overflow: 0.530 HPWL: 710772
[NesterovSolve] Iter:  230 overflow: 0.490 HPWL: 729522
[INFO GPL-0100] Timing-driven: executing resizer for reweighting nets.
[INFO GPL-0101] Timing-driven: worst slack 1.87e-09
[INFO GPL-0103] Timing-driven: weighted 9 nets.
[NesterovSolve] Iter:  240 overflow: 0.448 HPWL: 747903
[NesterovSolve] Iter:  250 overflow: 0.407 HPWL: 767290
[NesterovSolve] Iter:  260 overflow: 0.366 HPWL: 782456
[NesterovSolve] Iter:  270 overflow: 0.334 HPWL: 796293
[NesterovSolve] Iter:  280 overflow: 0.303 HPWL: 804999
[INFO GPL-0075] Routability numCall: 1 inflationIterCnt: 1 bloatIterCnt: 0
[INFO GPL-0036] TileBBox: (    0    0 ) ( 6900 6900 ) DBU
[INFO GPL-0038] TileCnt:       7    8
[INFO GPL-0040] NumTiles: 56
[INFO GPL-0081] TotalRouteOverflow: 0
[INFO GPL-0082] OverflowTileCnt: 0
[INFO GPL-0083] 0.5%RC: 0.7067550420761108
[INFO GPL-0084] 1.0%RC: 0.7067550420761108
[INFO GPL-0085] 2.0%RC: 0.698402613401413
[INFO GPL-0086] 5.0%RC: 0.6941526333491007
[INFO GPL-0087] FinalRC: 0.70675504
[INFO GPL-0077] FinalRC lower than targetRC(1.01), routability not needed.
[INFO GPL-0100] Timing-driven: executing resizer for reweighting nets.
[INFO GPL-0101] Timing-driven: worst slack 1.8e-09
[INFO GPL-0103] Timing-driven: weighted 9 nets.
[NesterovSolve] Iter:  290 overflow: 0.268 HPWL: 808964
[NesterovSolve] Iter:  300 overflow: 0.235 HPWL: 811980
[NesterovSolve] Iter:  310 overflow: 0.208 HPWL: 820155
[INFO GPL-0100] Timing-driven: executing resizer for reweighting nets.
[INFO GPL-0101] Timing-driven: worst slack 1.8e-09
[INFO GPL-0103] Timing-driven: weighted 9 nets.
[NesterovSolve] Iter:  320 overflow: 0.177 HPWL: 827019
[INFO GPL-0100] Timing-driven: executing resizer for reweighting nets.
[INFO GPL-0101] Timing-driven: worst slack 1.86e-09
[INFO GPL-0103] Timing-driven: weighted 9 nets.
[NesterovSolve] Iter:  330 overflow: 0.140 HPWL: 834236
[NesterovSolve] Iter:  340 overflow: 0.108 HPWL: 849689
[NesterovSolve] Finished with Overflow: 0.099331
[INFO] Setting RC values…
Setting global connections for newly added cells…
[INFO] Setting global connections...
Updating metrics…
Cell type report:                       Count       Area
  Fill cell                                28     105.10
  Tap cell                                 16      20.02
  Inverter                                 19      71.32
  Sequential cell                           9     236.48
  Multi-Input combinational cell           54     491.72
  Total                                   126     924.64
Writing OpenROAD database to '/home/nakanomiku/DigitalDesign/freq_psc/runs/RUN_2024-10-28_14-42-45/27-openroad-globalplacement/freq_psc.odb'…
Writing netlist to '/home/nakanomiku/DigitalDesign/freq_psc/runs/RUN_2024-10-28_14-42-45/27-openroad-globalplacement/freq_psc.nl.v'…
Writing powered netlist to '/home/nakanomiku/DigitalDesign/freq_psc/runs/RUN_2024-10-28_14-42-45/27-openroad-globalplacement/freq_psc.pnl.v'…
Writing layout to '/home/nakanomiku/DigitalDesign/freq_psc/runs/RUN_2024-10-28_14-42-45/27-openroad-globalplacement/freq_psc.def'…
Writing timing constraints to '/home/nakanomiku/DigitalDesign/freq_psc/runs/RUN_2024-10-28_14-42-45/27-openroad-globalplacement/freq_psc.sdc'…
