
===========================================================================
report_checks -path_delay max (Setup)
============================================================================
======================= max_ff_n40C_1v95 Corner ===================================

Startpoint: psc[2] (input port clocked by clk)
Endpoint: _151_ (rising edge-triggered flip-flop clocked by clk)
Path Group: clk
Path Type: max

Fanout         Cap        Slew       Delay        Time   Description
---------------------------------------------------------------------------------------------
                                  0.000000    0.000000   clock clk (rise edge)
                                  0.000000    0.000000   clock network delay (propagated)
                                  1.000000    1.000000 v input external delay
     1    0.002728    0.004610    0.002254    1.002254 v psc[2] (in)
                                                         psc[2] (net)
                      0.004613    0.000000    1.002254 v input3/A (sky130_fd_sc_hd__buf_1)
     4    0.012708    0.053872    0.076744    1.078998 v input3/X (sky130_fd_sc_hd__buf_1)
                                                         net3 (net)
                      0.053875    0.000435    1.079433 v _084_/B (sky130_fd_sc_hd__or4_4)
     3    0.009835    0.064979    0.320222    1.399654 v _084_/X (sky130_fd_sc_hd__or4_4)
                                                         _028_ (net)
                      0.064979    0.000332    1.399987 v _085_/C (sky130_fd_sc_hd__or3_1)
     3    0.009252    0.068089    0.211980    1.611966 v _085_/X (sky130_fd_sc_hd__or3_1)
                                                         _029_ (net)
                      0.068089    0.000347    1.612313 v _086_/B (sky130_fd_sc_hd__nor2_2)
     2    0.010815    0.100951    0.103206    1.715519 ^ _086_/Y (sky130_fd_sc_hd__nor2_2)
                                                         _030_ (net)
                      0.100953    0.000307    1.715826 ^ _104_/A_N (sky130_fd_sc_hd__and2b_1)
     2    0.005945    0.033755    0.125079    1.840905 v _104_/X (sky130_fd_sc_hd__and2b_1)
                                                         _048_ (net)
                      0.033759    0.000377    1.841282 v _105_/B1 (sky130_fd_sc_hd__o221a_1)
     1    0.008908    0.051208    0.155847    1.997129 v _105_/X (sky130_fd_sc_hd__o221a_1)
                                                         _049_ (net)
                      0.051217    0.000681    1.997810 v _107_/B1 (sky130_fd_sc_hd__o22ai_4)
     8    0.024727    0.165218    0.151855    2.149665 ^ _107_/Y (sky130_fd_sc_hd__o22ai_4)
                                                         _051_ (net)
                      0.165356    0.002967    2.152631 ^ _119_/A (sky130_fd_sc_hd__and3_1)
     1    0.003319    0.039683    0.107721    2.260352 ^ _119_/X (sky130_fd_sc_hd__and3_1)
                                                         _004_ (net)
                      0.039685    0.000221    2.260574 ^ _151_/D (sky130_fd_sc_hd__dfrtp_2)
                                              2.260574   data arrival time

                                  5.000000    5.000000   clock clk (rise edge)
                                  0.000000    5.000000   clock source latency
     1    0.011497    0.043610    0.028873    5.028873 ^ clk (in)
                                                         clk (net)
                      0.043617    0.000000    5.028873 ^ clkbuf_0_clk/A (sky130_fd_sc_hd__clkbuf_16)
     2    0.020345    0.031400    0.088118    5.116991 ^ clkbuf_0_clk/X (sky130_fd_sc_hd__clkbuf_16)
                                                         clknet_0_clk (net)
                      0.031406    0.000791    5.117782 ^ clkbuf_1_0__f_clk/A (sky130_fd_sc_hd__clkbuf_16)
     5    0.015660    0.028304    0.081425    5.199206 ^ clkbuf_1_0__f_clk/X (sky130_fd_sc_hd__clkbuf_16)
                                                         clknet_1_0__leaf_clk (net)
                      0.028316    0.000981    5.200187 ^ _151_/CLK (sky130_fd_sc_hd__dfrtp_2)
                                 -0.250000    4.950187   clock uncertainty
                                  0.000000    4.950187   clock reconvergence pessimism
                                 -0.037336    4.912851   library setup time
                                              4.912851   data required time
---------------------------------------------------------------------------------------------
                                              4.912851   data required time
                                             -2.260574   data arrival time
---------------------------------------------------------------------------------------------
                                              2.652277   slack (MET)


Startpoint: psc[2] (input port clocked by clk)
Endpoint: _148_ (rising edge-triggered flip-flop clocked by clk)
Path Group: clk
Path Type: max

Fanout         Cap        Slew       Delay        Time   Description
---------------------------------------------------------------------------------------------
                                  0.000000    0.000000   clock clk (rise edge)
                                  0.000000    0.000000   clock network delay (propagated)
                                  1.000000    1.000000 v input external delay
     1    0.002728    0.004610    0.002254    1.002254 v psc[2] (in)
                                                         psc[2] (net)
                      0.004613    0.000000    1.002254 v input3/A (sky130_fd_sc_hd__buf_1)
     4    0.012708    0.053872    0.076744    1.078998 v input3/X (sky130_fd_sc_hd__buf_1)
                                                         net3 (net)
                      0.053875    0.000435    1.079433 v _084_/B (sky130_fd_sc_hd__or4_4)
     3    0.009835    0.064979    0.320222    1.399654 v _084_/X (sky130_fd_sc_hd__or4_4)
                                                         _028_ (net)
                      0.064979    0.000332    1.399987 v _085_/C (sky130_fd_sc_hd__or3_1)
     3    0.009252    0.068089    0.211980    1.611966 v _085_/X (sky130_fd_sc_hd__or3_1)
                                                         _029_ (net)
                      0.068089    0.000347    1.612313 v _086_/B (sky130_fd_sc_hd__nor2_2)
     2    0.010815    0.100951    0.103206    1.715519 ^ _086_/Y (sky130_fd_sc_hd__nor2_2)
                                                         _030_ (net)
                      0.100953    0.000307    1.715826 ^ _104_/A_N (sky130_fd_sc_hd__and2b_1)
     2    0.005945    0.033755    0.125079    1.840905 v _104_/X (sky130_fd_sc_hd__and2b_1)
                                                         _048_ (net)
                      0.033759    0.000377    1.841282 v _105_/B1 (sky130_fd_sc_hd__o221a_1)
     1    0.008908    0.051208    0.155847    1.997129 v _105_/X (sky130_fd_sc_hd__o221a_1)
                                                         _049_ (net)
                      0.051217    0.000681    1.997810 v _107_/B1 (sky130_fd_sc_hd__o22ai_4)
     8    0.024727    0.165218    0.151855    2.149665 ^ _107_/Y (sky130_fd_sc_hd__o22ai_4)
                                                         _051_ (net)
                      0.165365    0.003122    2.152787 ^ _110_/B (sky130_fd_sc_hd__and3_1)
     1    0.002717    0.035651    0.106901    2.259688 ^ _110_/X (sky130_fd_sc_hd__and3_1)
                                                         _001_ (net)
                      0.035652    0.000188    2.259876 ^ _148_/D (sky130_fd_sc_hd__dfrtp_2)
                                              2.259876   data arrival time

                                  5.000000    5.000000   clock clk (rise edge)
                                  0.000000    5.000000   clock source latency
     1    0.011497    0.043610    0.028873    5.028873 ^ clk (in)
                                                         clk (net)
                      0.043617    0.000000    5.028873 ^ clkbuf_0_clk/A (sky130_fd_sc_hd__clkbuf_16)
     2    0.020345    0.031400    0.088118    5.116991 ^ clkbuf_0_clk/X (sky130_fd_sc_hd__clkbuf_16)
                                                         clknet_0_clk (net)
                      0.031406    0.000791    5.117782 ^ clkbuf_1_0__f_clk/A (sky130_fd_sc_hd__clkbuf_16)
     5    0.015660    0.028304    0.081425    5.199206 ^ clkbuf_1_0__f_clk/X (sky130_fd_sc_hd__clkbuf_16)
                                                         clknet_1_0__leaf_clk (net)
                      0.028311    0.000716    5.199923 ^ _148_/CLK (sky130_fd_sc_hd__dfrtp_2)
                                 -0.250000    4.949923   clock uncertainty
                                  0.000000    4.949923   clock reconvergence pessimism
                                 -0.036923    4.912999   library setup time
                                              4.912999   data required time
---------------------------------------------------------------------------------------------
                                              4.912999   data required time
                                             -2.259876   data arrival time
---------------------------------------------------------------------------------------------
                                              2.653123   slack (MET)


Startpoint: psc[2] (input port clocked by clk)
Endpoint: _153_ (rising edge-triggered flip-flop clocked by clk)
Path Group: clk
Path Type: max

Fanout         Cap        Slew       Delay        Time   Description
---------------------------------------------------------------------------------------------
                                  0.000000    0.000000   clock clk (rise edge)
                                  0.000000    0.000000   clock network delay (propagated)
                                  1.000000    1.000000 v input external delay
     1    0.002728    0.004610    0.002254    1.002254 v psc[2] (in)
                                                         psc[2] (net)
                      0.004613    0.000000    1.002254 v input3/A (sky130_fd_sc_hd__buf_1)
     4    0.012708    0.053872    0.076744    1.078998 v input3/X (sky130_fd_sc_hd__buf_1)
                                                         net3 (net)
                      0.053875    0.000435    1.079433 v _084_/B (sky130_fd_sc_hd__or4_4)
     3    0.009835    0.064979    0.320222    1.399654 v _084_/X (sky130_fd_sc_hd__or4_4)
                                                         _028_ (net)
                      0.064979    0.000332    1.399987 v _085_/C (sky130_fd_sc_hd__or3_1)
     3    0.009252    0.068089    0.211980    1.611966 v _085_/X (sky130_fd_sc_hd__or3_1)
                                                         _029_ (net)
                      0.068089    0.000347    1.612313 v _086_/B (sky130_fd_sc_hd__nor2_2)
     2    0.010815    0.100951    0.103206    1.715519 ^ _086_/Y (sky130_fd_sc_hd__nor2_2)
                                                         _030_ (net)
                      0.100953    0.000307    1.715826 ^ _104_/A_N (sky130_fd_sc_hd__and2b_1)
     2    0.005945    0.033755    0.125079    1.840905 v _104_/X (sky130_fd_sc_hd__and2b_1)
                                                         _048_ (net)
                      0.033759    0.000377    1.841282 v _105_/B1 (sky130_fd_sc_hd__o221a_1)
     1    0.008908    0.051208    0.155847    1.997129 v _105_/X (sky130_fd_sc_hd__o221a_1)
                                                         _049_ (net)
                      0.051217    0.000681    1.997810 v _107_/B1 (sky130_fd_sc_hd__o22ai_4)
     8    0.024727    0.165218    0.151855    2.149665 ^ _107_/Y (sky130_fd_sc_hd__o22ai_4)
                                                         _051_ (net)
                      0.165332    0.002516    2.152180 ^ _126_/A (sky130_fd_sc_hd__and3_1)
     1    0.003374    0.040025    0.108064    2.260245 ^ _126_/X (sky130_fd_sc_hd__and3_1)
                                                         _006_ (net)
                      0.040027    0.000216    2.260461 ^ _153_/D (sky130_fd_sc_hd__dfrtp_1)
                                              2.260461   data arrival time

                                  5.000000    5.000000   clock clk (rise edge)
                                  0.000000    5.000000   clock source latency
     1    0.011497    0.043610    0.028873    5.028873 ^ clk (in)
                                                         clk (net)
                      0.043617    0.000000    5.028873 ^ clkbuf_0_clk/A (sky130_fd_sc_hd__clkbuf_16)
     2    0.020345    0.031400    0.088118    5.116991 ^ clkbuf_0_clk/X (sky130_fd_sc_hd__clkbuf_16)
                                                         clknet_0_clk (net)
                      0.031414    0.001036    5.118026 ^ clkbuf_1_1__f_clk/A (sky130_fd_sc_hd__clkbuf_16)
     5    0.014940    0.027828    0.080957    5.198983 ^ clkbuf_1_1__f_clk/X (sky130_fd_sc_hd__clkbuf_16)
                                                         clknet_1_1__leaf_clk (net)
                      0.027840    0.000988    5.199971 ^ _153_/CLK (sky130_fd_sc_hd__dfrtp_1)
                                 -0.250000    4.949971   clock uncertainty
                                  0.000000    4.949971   clock reconvergence pessimism
                                 -0.034773    4.915198   library setup time
                                              4.915198   data required time
---------------------------------------------------------------------------------------------
                                              4.915198   data required time
                                             -2.260461   data arrival time
---------------------------------------------------------------------------------------------
                                              2.654737   slack (MET)


Startpoint: psc[2] (input port clocked by clk)
Endpoint: _152_ (rising edge-triggered flip-flop clocked by clk)
Path Group: clk
Path Type: max

Fanout         Cap        Slew       Delay        Time   Description
---------------------------------------------------------------------------------------------
                                  0.000000    0.000000   clock clk (rise edge)
                                  0.000000    0.000000   clock network delay (propagated)
                                  1.000000    1.000000 v input external delay
     1    0.002728    0.004610    0.002254    1.002254 v psc[2] (in)
                                                         psc[2] (net)
                      0.004613    0.000000    1.002254 v input3/A (sky130_fd_sc_hd__buf_1)
     4    0.012708    0.053872    0.076744    1.078998 v input3/X (sky130_fd_sc_hd__buf_1)
                                                         net3 (net)
                      0.053875    0.000435    1.079433 v _084_/B (sky130_fd_sc_hd__or4_4)
     3    0.009835    0.064979    0.320222    1.399654 v _084_/X (sky130_fd_sc_hd__or4_4)
                                                         _028_ (net)
                      0.064979    0.000332    1.399987 v _085_/C (sky130_fd_sc_hd__or3_1)
     3    0.009252    0.068089    0.211980    1.611966 v _085_/X (sky130_fd_sc_hd__or3_1)
                                                         _029_ (net)
                      0.068089    0.000347    1.612313 v _086_/B (sky130_fd_sc_hd__nor2_2)
     2    0.010815    0.100951    0.103206    1.715519 ^ _086_/Y (sky130_fd_sc_hd__nor2_2)
                                                         _030_ (net)
                      0.100953    0.000307    1.715826 ^ _104_/A_N (sky130_fd_sc_hd__and2b_1)
     2    0.005945    0.033755    0.125079    1.840905 v _104_/X (sky130_fd_sc_hd__and2b_1)
                                                         _048_ (net)
                      0.033759    0.000377    1.841282 v _105_/B1 (sky130_fd_sc_hd__o221a_1)
     1    0.008908    0.051208    0.155847    1.997129 v _105_/X (sky130_fd_sc_hd__o221a_1)
                                                         _049_ (net)
                      0.051217    0.000681    1.997810 v _107_/B1 (sky130_fd_sc_hd__o22ai_4)
     8    0.024727    0.165218    0.151855    2.149665 ^ _107_/Y (sky130_fd_sc_hd__o22ai_4)
                                                         _051_ (net)
                      0.165322    0.002313    2.151978 ^ _123_/A (sky130_fd_sc_hd__and3_1)
     1    0.002752    0.036119    0.104162    2.256140 ^ _123_/X (sky130_fd_sc_hd__and3_1)
                                                         _005_ (net)
                      0.036123    0.000184    2.256324 ^ _152_/D (sky130_fd_sc_hd__dfrtp_1)
                                              2.256324   data arrival time

                                  5.000000    5.000000   clock clk (rise edge)
                                  0.000000    5.000000   clock source latency
     1    0.011497    0.043610    0.028873    5.028873 ^ clk (in)
                                                         clk (net)
                      0.043617    0.000000    5.028873 ^ clkbuf_0_clk/A (sky130_fd_sc_hd__clkbuf_16)
     2    0.020345    0.031400    0.088118    5.116991 ^ clkbuf_0_clk/X (sky130_fd_sc_hd__clkbuf_16)
                                                         clknet_0_clk (net)
                      0.031414    0.001036    5.118026 ^ clkbuf_1_1__f_clk/A (sky130_fd_sc_hd__clkbuf_16)
     5    0.014940    0.027828    0.080957    5.198983 ^ clkbuf_1_1__f_clk/X (sky130_fd_sc_hd__clkbuf_16)
                                                         clknet_1_1__leaf_clk (net)
                      0.027840    0.001010    5.199993 ^ _152_/CLK (sky130_fd_sc_hd__dfrtp_1)
                                 -0.250000    4.949993   clock uncertainty
                                  0.000000    4.949993   clock reconvergence pessimism
                                 -0.034402    4.915591   library setup time
                                              4.915591   data required time
---------------------------------------------------------------------------------------------
                                              4.915591   data required time
                                             -2.256324   data arrival time
---------------------------------------------------------------------------------------------
                                              2.659267   slack (MET)


Startpoint: psc[2] (input port clocked by clk)
Endpoint: _150_ (rising edge-triggered flip-flop clocked by clk)
Path Group: clk
Path Type: max

Fanout         Cap        Slew       Delay        Time   Description
---------------------------------------------------------------------------------------------
                                  0.000000    0.000000   clock clk (rise edge)
                                  0.000000    0.000000   clock network delay (propagated)
                                  1.000000    1.000000 v input external delay
     1    0.002728    0.004610    0.002254    1.002254 v psc[2] (in)
                                                         psc[2] (net)
                      0.004613    0.000000    1.002254 v input3/A (sky130_fd_sc_hd__buf_1)
     4    0.012708    0.053872    0.076744    1.078998 v input3/X (sky130_fd_sc_hd__buf_1)
                                                         net3 (net)
                      0.053875    0.000435    1.079433 v _084_/B (sky130_fd_sc_hd__or4_4)
     3    0.009835    0.064979    0.320222    1.399654 v _084_/X (sky130_fd_sc_hd__or4_4)
                                                         _028_ (net)
                      0.064979    0.000332    1.399987 v _085_/C (sky130_fd_sc_hd__or3_1)
     3    0.009252    0.068089    0.211980    1.611966 v _085_/X (sky130_fd_sc_hd__or3_1)
                                                         _029_ (net)
                      0.068089    0.000347    1.612313 v _086_/B (sky130_fd_sc_hd__nor2_2)
     2    0.010815    0.100951    0.103206    1.715519 ^ _086_/Y (sky130_fd_sc_hd__nor2_2)
                                                         _030_ (net)
                      0.100953    0.000307    1.715826 ^ _104_/A_N (sky130_fd_sc_hd__and2b_1)
     2    0.005945    0.033755    0.125079    1.840905 v _104_/X (sky130_fd_sc_hd__and2b_1)
                                                         _048_ (net)
                      0.033759    0.000377    1.841282 v _105_/B1 (sky130_fd_sc_hd__o221a_1)
     1    0.008908    0.051208    0.155847    1.997129 v _105_/X (sky130_fd_sc_hd__o221a_1)
                                                         _049_ (net)
                      0.051217    0.000681    1.997810 v _107_/B1 (sky130_fd_sc_hd__o22ai_4)
     8    0.024727    0.165218    0.151855    2.149665 ^ _107_/Y (sky130_fd_sc_hd__o22ai_4)
                                                         _051_ (net)
                      0.165362    0.003066    2.152731 ^ _116_/A (sky130_fd_sc_hd__and3_1)
     1    0.002450    0.034328    0.102288    2.255019 ^ _116_/X (sky130_fd_sc_hd__and3_1)
                                                         _003_ (net)
                      0.034328    0.000112    2.255131 ^ _150_/D (sky130_fd_sc_hd__dfrtp_1)
                                              2.255131   data arrival time

                                  5.000000    5.000000   clock clk (rise edge)
                                  0.000000    5.000000   clock source latency
     1    0.011497    0.043610    0.028873    5.028873 ^ clk (in)
                                                         clk (net)
                      0.043617    0.000000    5.028873 ^ clkbuf_0_clk/A (sky130_fd_sc_hd__clkbuf_16)
     2    0.020345    0.031400    0.088118    5.116991 ^ clkbuf_0_clk/X (sky130_fd_sc_hd__clkbuf_16)
                                                         clknet_0_clk (net)
                      0.031406    0.000791    5.117782 ^ clkbuf_1_0__f_clk/A (sky130_fd_sc_hd__clkbuf_16)
     5    0.015660    0.028304    0.081425    5.199206 ^ clkbuf_1_0__f_clk/X (sky130_fd_sc_hd__clkbuf_16)
                                                         clknet_1_0__leaf_clk (net)
                      0.028320    0.001148    5.200354 ^ _150_/CLK (sky130_fd_sc_hd__dfrtp_1)
                                 -0.250000    4.950354   clock uncertainty
                                  0.000000    4.950354   clock reconvergence pessimism
                                 -0.034214    4.916139   library setup time
                                              4.916139   data required time
---------------------------------------------------------------------------------------------
                                              4.916139   data required time
                                             -2.255131   data arrival time
---------------------------------------------------------------------------------------------
                                              2.661008   slack (MET)


Startpoint: psc[2] (input port clocked by clk)
Endpoint: _149_ (rising edge-triggered flip-flop clocked by clk)
Path Group: clk
Path Type: max

Fanout         Cap        Slew       Delay        Time   Description
---------------------------------------------------------------------------------------------
                                  0.000000    0.000000   clock clk (rise edge)
                                  0.000000    0.000000   clock network delay (propagated)
                                  1.000000    1.000000 v input external delay
     1    0.002728    0.004610    0.002254    1.002254 v psc[2] (in)
                                                         psc[2] (net)
                      0.004613    0.000000    1.002254 v input3/A (sky130_fd_sc_hd__buf_1)
     4    0.012708    0.053872    0.076744    1.078998 v input3/X (sky130_fd_sc_hd__buf_1)
                                                         net3 (net)
                      0.053875    0.000435    1.079433 v _084_/B (sky130_fd_sc_hd__or4_4)
     3    0.009835    0.064979    0.320222    1.399654 v _084_/X (sky130_fd_sc_hd__or4_4)
                                                         _028_ (net)
                      0.064979    0.000332    1.399987 v _085_/C (sky130_fd_sc_hd__or3_1)
     3    0.009252    0.068089    0.211980    1.611966 v _085_/X (sky130_fd_sc_hd__or3_1)
                                                         _029_ (net)
                      0.068089    0.000347    1.612313 v _086_/B (sky130_fd_sc_hd__nor2_2)
     2    0.010815    0.100951    0.103206    1.715519 ^ _086_/Y (sky130_fd_sc_hd__nor2_2)
                                                         _030_ (net)
                      0.100953    0.000307    1.715826 ^ _104_/A_N (sky130_fd_sc_hd__and2b_1)
     2    0.005945    0.033755    0.125079    1.840905 v _104_/X (sky130_fd_sc_hd__and2b_1)
                                                         _048_ (net)
                      0.033759    0.000377    1.841282 v _105_/B1 (sky130_fd_sc_hd__o221a_1)
     1    0.008908    0.051208    0.155847    1.997129 v _105_/X (sky130_fd_sc_hd__o221a_1)
                                                         _049_ (net)
                      0.051217    0.000681    1.997810 v _107_/B1 (sky130_fd_sc_hd__o22ai_4)
     8    0.024727    0.165218    0.151855    2.149665 ^ _107_/Y (sky130_fd_sc_hd__o22ai_4)
                                                         _051_ (net)
                      0.165370    0.003210    2.152874 ^ _112_/A (sky130_fd_sc_hd__and2_1)
     1    0.002594    0.033857    0.088498    2.241372 ^ _112_/X (sky130_fd_sc_hd__and2_1)
                                                         _002_ (net)
                      0.033858    0.000178    2.241550 ^ _149_/D (sky130_fd_sc_hd__dfrtp_2)
                                              2.241550   data arrival time

                                  5.000000    5.000000   clock clk (rise edge)
                                  0.000000    5.000000   clock source latency
     1    0.011497    0.043610    0.028873    5.028873 ^ clk (in)
                                                         clk (net)
                      0.043617    0.000000    5.028873 ^ clkbuf_0_clk/A (sky130_fd_sc_hd__clkbuf_16)
     2    0.020345    0.031400    0.088118    5.116991 ^ clkbuf_0_clk/X (sky130_fd_sc_hd__clkbuf_16)
                                                         clknet_0_clk (net)
                      0.031406    0.000791    5.117782 ^ clkbuf_1_0__f_clk/A (sky130_fd_sc_hd__clkbuf_16)
     5    0.015660    0.028304    0.081425    5.199206 ^ clkbuf_1_0__f_clk/X (sky130_fd_sc_hd__clkbuf_16)
                                                         clknet_1_0__leaf_clk (net)
                      0.028311    0.000714    5.199920 ^ _149_/CLK (sky130_fd_sc_hd__dfrtp_2)
                                 -0.250000    4.949920   clock uncertainty
                                  0.000000    4.949920   clock reconvergence pessimism
                                 -0.036740    4.913180   library setup time
                                              4.913180   data required time
---------------------------------------------------------------------------------------------
                                              4.913180   data required time
                                             -2.241550   data arrival time
---------------------------------------------------------------------------------------------
                                              2.671630   slack (MET)


Startpoint: psc[2] (input port clocked by clk)
Endpoint: _147_ (rising edge-triggered flip-flop clocked by clk)
Path Group: clk
Path Type: max

Fanout         Cap        Slew       Delay        Time   Description
---------------------------------------------------------------------------------------------
                                  0.000000    0.000000   clock clk (rise edge)
                                  0.000000    0.000000   clock network delay (propagated)
                                  1.000000    1.000000 v input external delay
     1    0.002728    0.004610    0.002254    1.002254 v psc[2] (in)
                                                         psc[2] (net)
                      0.004613    0.000000    1.002254 v input3/A (sky130_fd_sc_hd__buf_1)
     4    0.012708    0.053872    0.076744    1.078998 v input3/X (sky130_fd_sc_hd__buf_1)
                                                         net3 (net)
                      0.053875    0.000435    1.079433 v _084_/B (sky130_fd_sc_hd__or4_4)
     3    0.009835    0.064979    0.320222    1.399654 v _084_/X (sky130_fd_sc_hd__or4_4)
                                                         _028_ (net)
                      0.064979    0.000332    1.399987 v _085_/C (sky130_fd_sc_hd__or3_1)
     3    0.009252    0.068089    0.211980    1.611966 v _085_/X (sky130_fd_sc_hd__or3_1)
                                                         _029_ (net)
                      0.068089    0.000347    1.612313 v _086_/B (sky130_fd_sc_hd__nor2_2)
     2    0.010815    0.100951    0.103206    1.715519 ^ _086_/Y (sky130_fd_sc_hd__nor2_2)
                                                         _030_ (net)
                      0.100953    0.000307    1.715826 ^ _104_/A_N (sky130_fd_sc_hd__and2b_1)
     2    0.005945    0.033755    0.125079    1.840905 v _104_/X (sky130_fd_sc_hd__and2b_1)
                                                         _048_ (net)
                      0.033759    0.000377    1.841282 v _105_/B1 (sky130_fd_sc_hd__o221a_1)
     1    0.008908    0.051208    0.155847    1.997129 v _105_/X (sky130_fd_sc_hd__o221a_1)
                                                         _049_ (net)
                      0.051217    0.000681    1.997810 v _107_/B1 (sky130_fd_sc_hd__o22ai_4)
     8    0.024727    0.165218    0.151855    2.149665 ^ _107_/Y (sky130_fd_sc_hd__o22ai_4)
                                                         _051_ (net)
                      0.165359    0.003021    2.152686 ^ _108_/B (sky130_fd_sc_hd__and2b_1)
     1    0.002464    0.029523    0.086415    2.239101 ^ _108_/X (sky130_fd_sc_hd__and2b_1)
                                                         _000_ (net)
                      0.029524    0.000180    2.239281 ^ _147_/D (sky130_fd_sc_hd__dfrtp_2)
                                              2.239281   data arrival time

                                  5.000000    5.000000   clock clk (rise edge)
                                  0.000000    5.000000   clock source latency
     1    0.011497    0.043610    0.028873    5.028873 ^ clk (in)
                                                         clk (net)
                      0.043617    0.000000    5.028873 ^ clkbuf_0_clk/A (sky130_fd_sc_hd__clkbuf_16)
     2    0.020345    0.031400    0.088118    5.116991 ^ clkbuf_0_clk/X (sky130_fd_sc_hd__clkbuf_16)
                                                         clknet_0_clk (net)
                      0.031406    0.000791    5.117782 ^ clkbuf_1_0__f_clk/A (sky130_fd_sc_hd__clkbuf_16)
     5    0.015660    0.028304    0.081425    5.199206 ^ clkbuf_1_0__f_clk/X (sky130_fd_sc_hd__clkbuf_16)
                                                         clknet_1_0__leaf_clk (net)
                      0.028314    0.000890    5.200097 ^ _147_/CLK (sky130_fd_sc_hd__dfrtp_2)
                                 -0.250000    4.950097   clock uncertainty
                                  0.000000    4.950097   clock reconvergence pessimism
                                 -0.036296    4.913801   library setup time
                                              4.913801   data required time
---------------------------------------------------------------------------------------------
                                              4.913801   data required time
                                             -2.239281   data arrival time
---------------------------------------------------------------------------------------------
                                              2.674519   slack (MET)


Startpoint: psc[2] (input port clocked by clk)
Endpoint: _154_ (rising edge-triggered flip-flop clocked by clk)
Path Group: clk
Path Type: max

Fanout         Cap        Slew       Delay        Time   Description
---------------------------------------------------------------------------------------------
                                  0.000000    0.000000   clock clk (rise edge)
                                  0.000000    0.000000   clock network delay (propagated)
                                  1.000000    1.000000 v input external delay
     1    0.002728    0.004610    0.002254    1.002254 v psc[2] (in)
                                                         psc[2] (net)
                      0.004613    0.000000    1.002254 v input3/A (sky130_fd_sc_hd__buf_1)
     4    0.012708    0.053872    0.076744    1.078998 v input3/X (sky130_fd_sc_hd__buf_1)
                                                         net3 (net)
                      0.053875    0.000435    1.079433 v _084_/B (sky130_fd_sc_hd__or4_4)
     3    0.009835    0.064979    0.320222    1.399654 v _084_/X (sky130_fd_sc_hd__or4_4)
                                                         _028_ (net)
                      0.064979    0.000332    1.399987 v _085_/C (sky130_fd_sc_hd__or3_1)
     3    0.009252    0.068089    0.211980    1.611966 v _085_/X (sky130_fd_sc_hd__or3_1)
                                                         _029_ (net)
                      0.068089    0.000347    1.612313 v _086_/B (sky130_fd_sc_hd__nor2_2)
     2    0.010815    0.100951    0.103206    1.715519 ^ _086_/Y (sky130_fd_sc_hd__nor2_2)
                                                         _030_ (net)
                      0.100953    0.000307    1.715826 ^ _104_/A_N (sky130_fd_sc_hd__and2b_1)
     2    0.005945    0.033755    0.125079    1.840905 v _104_/X (sky130_fd_sc_hd__and2b_1)
                                                         _048_ (net)
                      0.033759    0.000377    1.841282 v _105_/B1 (sky130_fd_sc_hd__o221a_1)
     1    0.008908    0.051208    0.155847    1.997129 v _105_/X (sky130_fd_sc_hd__o221a_1)
                                                         _049_ (net)
                      0.051217    0.000681    1.997810 v _107_/B1 (sky130_fd_sc_hd__o22ai_4)
     8    0.024727    0.165218    0.151855    2.149665 ^ _107_/Y (sky130_fd_sc_hd__o22ai_4)
                                                         _051_ (net)
                      0.165283    0.001333    2.150998 ^ _128_/A (sky130_fd_sc_hd__and2_1)
     1    0.002398    0.032742    0.087397    2.238395 ^ _128_/X (sky130_fd_sc_hd__and2_1)
                                                         _007_ (net)
                      0.032742    0.000176    2.238571 ^ _154_/D (sky130_fd_sc_hd__dfrtp_2)
                                              2.238571   data arrival time

                                  5.000000    5.000000   clock clk (rise edge)
                                  0.000000    5.000000   clock source latency
     1    0.011497    0.043610    0.028873    5.028873 ^ clk (in)
                                                         clk (net)
                      0.043617    0.000000    5.028873 ^ clkbuf_0_clk/A (sky130_fd_sc_hd__clkbuf_16)
     2    0.020345    0.031400    0.088118    5.116991 ^ clkbuf_0_clk/X (sky130_fd_sc_hd__clkbuf_16)
                                                         clknet_0_clk (net)
                      0.031414    0.001036    5.118026 ^ clkbuf_1_1__f_clk/A (sky130_fd_sc_hd__clkbuf_16)
     5    0.014940    0.027828    0.080957    5.198983 ^ clkbuf_1_1__f_clk/X (sky130_fd_sc_hd__clkbuf_16)
                                                         clknet_1_1__leaf_clk (net)
                      0.027835    0.000750    5.199733 ^ _154_/CLK (sky130_fd_sc_hd__dfrtp_2)
                                 -0.250000    4.949733   clock uncertainty
                                  0.000000    4.949733   clock reconvergence pessimism
                                 -0.036643    4.913090   library setup time
                                              4.913090   data required time
---------------------------------------------------------------------------------------------
                                              4.913090   data required time
                                             -2.238571   data arrival time
---------------------------------------------------------------------------------------------
                                              2.674519   slack (MET)


Startpoint: psc[1] (input port clocked by clk)
Endpoint: _146_ (rising edge-triggered flip-flop clocked by clk)
Path Group: clk
Path Type: max

Fanout         Cap        Slew       Delay        Time   Description
---------------------------------------------------------------------------------------------
                                  0.000000    0.000000   clock clk (rise edge)
                                  0.000000    0.000000   clock network delay (propagated)
                                  1.000000    1.000000 ^ input external delay
     1    0.002560    0.013059    0.006646    1.006646 ^ psc[1] (in)
                                                         psc[1] (net)
                      0.013065    0.000000    1.006646 ^ input2/A (sky130_fd_sc_hd__dlymetal6s2s_1)
     6    0.020218    0.166375    0.145519    1.152165 ^ input2/X (sky130_fd_sc_hd__dlymetal6s2s_1)
                                                         net2 (net)
                      0.166386    0.001091    1.153256 ^ _079_/A (sky130_fd_sc_hd__inv_2)
     1    0.002583    0.028277    0.008795    1.162051 v _079_/Y (sky130_fd_sc_hd__inv_2)
                                                         _024_ (net)
                      0.028277    0.000185    1.162236 v _131_/A1 (sky130_fd_sc_hd__o22a_1)
     1    0.002851    0.026744    0.119751    1.281987 v _131_/X (sky130_fd_sc_hd__o22a_1)
                                                         _067_ (net)
                      0.026758    0.000135    1.282121 v _132_/C1 (sky130_fd_sc_hd__a221o_1)
     1    0.002543    0.031805    0.088510    1.370631 v _132_/X (sky130_fd_sc_hd__a221o_1)
                                                         _068_ (net)
                      0.031805    0.000119    1.370750 v _133_/C1 (sky130_fd_sc_hd__o221a_1)
     1    0.002975    0.033269    0.068430    1.439180 v _133_/X (sky130_fd_sc_hd__o221a_1)
                                                         _069_ (net)
                      0.033269    0.000130    1.439310 v _135_/B1 (sky130_fd_sc_hd__o221a_1)
     1    0.002878    0.032919    0.133115    1.572425 v _135_/X (sky130_fd_sc_hd__o221a_1)
                                                         _071_ (net)
                      0.032919    0.000195    1.572620 v _136_/C1 (sky130_fd_sc_hd__a221o_1)
     1    0.002909    0.033216    0.092515    1.665135 v _136_/X (sky130_fd_sc_hd__a221o_1)
                                                         _072_ (net)
                      0.033216    0.000139    1.665274 v _137_/A2 (sky130_fd_sc_hd__a21oi_1)
     1    0.003071    0.079784    0.096646    1.761919 ^ _137_/Y (sky130_fd_sc_hd__a21oi_1)
                                                         _008_ (net)
                      0.079784    0.000203    1.762123 ^ _146_/D (sky130_fd_sc_hd__dfrtp_1)
                                              1.762123   data arrival time

                                  5.000000    5.000000   clock clk (rise edge)
                                  0.000000    5.000000   clock source latency
     1    0.011497    0.043610    0.028873    5.028873 ^ clk (in)
                                                         clk (net)
                      0.043617    0.000000    5.028873 ^ clkbuf_0_clk/A (sky130_fd_sc_hd__clkbuf_16)
     2    0.020345    0.031400    0.088118    5.116991 ^ clkbuf_0_clk/X (sky130_fd_sc_hd__clkbuf_16)
                                                         clknet_0_clk (net)
                      0.031414    0.001036    5.118026 ^ clkbuf_1_1__f_clk/A (sky130_fd_sc_hd__clkbuf_16)
     5    0.014940    0.027828    0.080957    5.198983 ^ clkbuf_1_1__f_clk/X (sky130_fd_sc_hd__clkbuf_16)
                                                         clknet_1_1__leaf_clk (net)
                      0.027836    0.000792    5.199775 ^ _146_/CLK (sky130_fd_sc_hd__dfrtp_1)
                                 -0.250000    4.949775   clock uncertainty
                                  0.000000    4.949775   clock reconvergence pessimism
                                 -0.038553    4.911222   library setup time
                                              4.911222   data required time
---------------------------------------------------------------------------------------------
                                              4.911222   data required time
                                             -1.762123   data arrival time
---------------------------------------------------------------------------------------------
                                              3.149099   slack (MET)


Startpoint: _146_ (rising edge-triggered flip-flop clocked by clk)
Endpoint: out (output port clocked by clk)
Path Group: clk
Path Type: max

Fanout         Cap        Slew       Delay        Time   Description
---------------------------------------------------------------------------------------------
                                  0.000000    0.000000   clock clk (rise edge)
                                  0.000000    0.000000   clock source latency
     1    0.011497    0.043610    0.028873    0.028873 ^ clk (in)
                                                         clk (net)
                      0.043617    0.000000    0.028873 ^ clkbuf_0_clk/A (sky130_fd_sc_hd__clkbuf_16)
     2    0.020345    0.031400    0.088117    0.116990 ^ clkbuf_0_clk/X (sky130_fd_sc_hd__clkbuf_16)
                                                         clknet_0_clk (net)
                      0.031414    0.001036    0.118026 ^ clkbuf_1_1__f_clk/A (sky130_fd_sc_hd__clkbuf_16)
     5    0.014940    0.027828    0.080957    0.198983 ^ clkbuf_1_1__f_clk/X (sky130_fd_sc_hd__clkbuf_16)
                                                         clknet_1_1__leaf_clk (net)
                      0.027836    0.000792    0.199775 ^ _146_/CLK (sky130_fd_sc_hd__dfrtp_1)
     1    0.002725    0.027605    0.218809    0.418583 v _146_/Q (sky130_fd_sc_hd__dfrtp_1)
                                                         net10 (net)
                      0.027605    0.000166    0.418750 v output10/A (sky130_fd_sc_hd__buf_2)
     1    0.034921    0.063786    0.116266    0.535015 v output10/X (sky130_fd_sc_hd__buf_2)
                                                         out (net)
                      0.063849    0.001785    0.536800 v out (out)
                                              0.536800   data arrival time

                                  5.000000    5.000000   clock clk (rise edge)
                                  0.000000    5.000000   clock network delay (propagated)
                                 -0.250000    4.750000   clock uncertainty
                                  0.000000    4.750000   clock reconvergence pessimism
                                 -1.000000    3.750000   output external delay
                                              3.750000   data required time
---------------------------------------------------------------------------------------------
                                              3.750000   data required time
                                             -0.536800   data arrival time
---------------------------------------------------------------------------------------------
                                              3.213200   slack (MET)


Startpoint: rst (input port clocked by clk)
Endpoint: _149_ (recovery check against rising-edge clock clk)
Path Group: asynchronous
Path Type: max

Fanout         Cap        Slew       Delay        Time   Description
---------------------------------------------------------------------------------------------
                                  0.000000    0.000000   clock clk (rise edge)
                                  0.000000    0.000000   clock network delay (propagated)
                                  1.000000    1.000000 v input external delay
     1    0.002358    0.004069    0.001923    1.001923 v rst (in)
                                                         rst (net)
                      0.004072    0.000000    1.001923 v hold1/A (sky130_fd_sc_hd__dlygate4sd3_1)
     1    0.002760    0.037869    0.351134    1.353056 v hold1/X (sky130_fd_sc_hd__dlygate4sd3_1)
                                                         net11 (net)
                      0.037869    0.000180    1.353237 v input9/A (sky130_fd_sc_hd__clkbuf_4)
     9    0.050495    0.077762    0.140272    1.493508 v input9/X (sky130_fd_sc_hd__clkbuf_4)
                                                         net9 (net)
                      0.078274    0.005009    1.498518 v _140_/A (sky130_fd_sc_hd__inv_2)
     1    0.004096    0.029001    0.046468    1.544986 ^ _140_/Y (sky130_fd_sc_hd__inv_2)
                                                         _012_ (net)
                      0.029001    0.000103    1.545089 ^ _149_/RESET_B (sky130_fd_sc_hd__dfrtp_2)
                                              1.545089   data arrival time

                                  5.000000    5.000000   clock clk (rise edge)
                                  0.000000    5.000000   clock source latency
     1    0.011497    0.043610    0.028873    5.028873 ^ clk (in)
                                                         clk (net)
                      0.043617    0.000000    5.028873 ^ clkbuf_0_clk/A (sky130_fd_sc_hd__clkbuf_16)
     2    0.020345    0.031400    0.088118    5.116991 ^ clkbuf_0_clk/X (sky130_fd_sc_hd__clkbuf_16)
                                                         clknet_0_clk (net)
                      0.031406    0.000791    5.117782 ^ clkbuf_1_0__f_clk/A (sky130_fd_sc_hd__clkbuf_16)
     5    0.015660    0.028304    0.081425    5.199206 ^ clkbuf_1_0__f_clk/X (sky130_fd_sc_hd__clkbuf_16)
                                                         clknet_1_0__leaf_clk (net)
                      0.028311    0.000714    5.199920 ^ _149_/CLK (sky130_fd_sc_hd__dfrtp_2)
                                 -0.250000    4.949920   clock uncertainty
                                  0.000000    4.949920   clock reconvergence pessimism
                                  0.133818    5.083737   library recovery time
                                              5.083737   data required time
---------------------------------------------------------------------------------------------
                                              5.083737   data required time
                                             -1.545089   data arrival time
---------------------------------------------------------------------------------------------
                                              3.538649   slack (MET)


Startpoint: rst (input port clocked by clk)
Endpoint: _154_ (recovery check against rising-edge clock clk)
Path Group: asynchronous
Path Type: max

Fanout         Cap        Slew       Delay        Time   Description
---------------------------------------------------------------------------------------------
                                  0.000000    0.000000   clock clk (rise edge)
                                  0.000000    0.000000   clock network delay (propagated)
                                  1.000000    1.000000 v input external delay
     1    0.002358    0.004069    0.001923    1.001923 v rst (in)
                                                         rst (net)
                      0.004072    0.000000    1.001923 v hold1/A (sky130_fd_sc_hd__dlygate4sd3_1)
     1    0.002760    0.037869    0.351134    1.353056 v hold1/X (sky130_fd_sc_hd__dlygate4sd3_1)
                                                         net11 (net)
                      0.037869    0.000180    1.353237 v input9/A (sky130_fd_sc_hd__clkbuf_4)
     9    0.050495    0.077762    0.140272    1.493508 v input9/X (sky130_fd_sc_hd__clkbuf_4)
                                                         net9 (net)
                      0.077970    0.003100    1.496608 v _145_/A (sky130_fd_sc_hd__inv_2)
     1    0.004374    0.029801    0.047395    1.544003 ^ _145_/Y (sky130_fd_sc_hd__inv_2)
                                                         _017_ (net)
                      0.029801    0.000237    1.544240 ^ _154_/RESET_B (sky130_fd_sc_hd__dfrtp_2)
                                              1.544240   data arrival time

                                  5.000000    5.000000   clock clk (rise edge)
                                  0.000000    5.000000   clock source latency
     1    0.011497    0.043610    0.028873    5.028873 ^ clk (in)
                                                         clk (net)
                      0.043617    0.000000    5.028873 ^ clkbuf_0_clk/A (sky130_fd_sc_hd__clkbuf_16)
     2    0.020345    0.031400    0.088118    5.116991 ^ clkbuf_0_clk/X (sky130_fd_sc_hd__clkbuf_16)
                                                         clknet_0_clk (net)
                      0.031414    0.001036    5.118026 ^ clkbuf_1_1__f_clk/A (sky130_fd_sc_hd__clkbuf_16)
     5    0.014940    0.027828    0.080957    5.198983 ^ clkbuf_1_1__f_clk/X (sky130_fd_sc_hd__clkbuf_16)
                                                         clknet_1_1__leaf_clk (net)
                      0.027835    0.000750    5.199733 ^ _154_/CLK (sky130_fd_sc_hd__dfrtp_2)
                                 -0.250000    4.949733   clock uncertainty
                                  0.000000    4.949733   clock reconvergence pessimism
                                  0.133540    5.083273   library recovery time
                                              5.083273   data required time
---------------------------------------------------------------------------------------------
                                              5.083273   data required time
                                             -1.544240   data arrival time
---------------------------------------------------------------------------------------------
                                              3.539033   slack (MET)


Startpoint: rst (input port clocked by clk)
Endpoint: _147_ (recovery check against rising-edge clock clk)
Path Group: asynchronous
Path Type: max

Fanout         Cap        Slew       Delay        Time   Description
---------------------------------------------------------------------------------------------
                                  0.000000    0.000000   clock clk (rise edge)
                                  0.000000    0.000000   clock network delay (propagated)
                                  1.000000    1.000000 v input external delay
     1    0.002358    0.004069    0.001923    1.001923 v rst (in)
                                                         rst (net)
                      0.004072    0.000000    1.001923 v hold1/A (sky130_fd_sc_hd__dlygate4sd3_1)
     1    0.002760    0.037869    0.351134    1.353056 v hold1/X (sky130_fd_sc_hd__dlygate4sd3_1)
                                                         net11 (net)
                      0.037869    0.000180    1.353237 v input9/A (sky130_fd_sc_hd__clkbuf_4)
     9    0.050495    0.077762    0.140272    1.493508 v input9/X (sky130_fd_sc_hd__clkbuf_4)
                                                         net9 (net)
                      0.078214    0.004697    1.498206 v _138_/A (sky130_fd_sc_hd__inv_2)
     1    0.004118    0.029055    0.046534    1.544739 ^ _138_/Y (sky130_fd_sc_hd__inv_2)
                                                         _010_ (net)
                      0.029055    0.000105    1.544845 ^ _147_/RESET_B (sky130_fd_sc_hd__dfrtp_2)
                                              1.544845   data arrival time

                                  5.000000    5.000000   clock clk (rise edge)
                                  0.000000    5.000000   clock source latency
     1    0.011497    0.043610    0.028873    5.028873 ^ clk (in)
                                                         clk (net)
                      0.043617    0.000000    5.028873 ^ clkbuf_0_clk/A (sky130_fd_sc_hd__clkbuf_16)
     2    0.020345    0.031400    0.088118    5.116991 ^ clkbuf_0_clk/X (sky130_fd_sc_hd__clkbuf_16)
                                                         clknet_0_clk (net)
                      0.031406    0.000791    5.117782 ^ clkbuf_1_0__f_clk/A (sky130_fd_sc_hd__clkbuf_16)
     5    0.015660    0.028304    0.081425    5.199206 ^ clkbuf_1_0__f_clk/X (sky130_fd_sc_hd__clkbuf_16)
                                                         clknet_1_0__leaf_clk (net)
                      0.028314    0.000890    5.200097 ^ _147_/CLK (sky130_fd_sc_hd__dfrtp_2)
                                 -0.250000    4.950097   clock uncertainty
                                  0.000000    4.950097   clock reconvergence pessimism
                                  0.133804    5.083901   library recovery time
                                              5.083901   data required time
---------------------------------------------------------------------------------------------
                                              5.083901   data required time
                                             -1.544845   data arrival time
---------------------------------------------------------------------------------------------
                                              3.539057   slack (MET)


Startpoint: rst (input port clocked by clk)
Endpoint: _148_ (recovery check against rising-edge clock clk)
Path Group: asynchronous
Path Type: max

Fanout         Cap        Slew       Delay        Time   Description
---------------------------------------------------------------------------------------------
                                  0.000000    0.000000   clock clk (rise edge)
                                  0.000000    0.000000   clock network delay (propagated)
                                  1.000000    1.000000 v input external delay
     1    0.002358    0.004069    0.001923    1.001923 v rst (in)
                                                         rst (net)
                      0.004072    0.000000    1.001923 v hold1/A (sky130_fd_sc_hd__dlygate4sd3_1)
     1    0.002760    0.037869    0.351134    1.353056 v hold1/X (sky130_fd_sc_hd__dlygate4sd3_1)
                                                         net11 (net)
                      0.037869    0.000180    1.353237 v input9/A (sky130_fd_sc_hd__clkbuf_4)
     9    0.050495    0.077762    0.140272    1.493508 v input9/X (sky130_fd_sc_hd__clkbuf_4)
                                                         net9 (net)
                      0.078287    0.005070    1.498578 v _139_/A (sky130_fd_sc_hd__inv_2)
     1    0.003893    0.028426    0.045637    1.544215 ^ _139_/Y (sky130_fd_sc_hd__inv_2)
                                                         _011_ (net)
                      0.028428    0.000207    1.544422 ^ _148_/RESET_B (sky130_fd_sc_hd__dfrtp_2)
                                              1.544422   data arrival time

                                  5.000000    5.000000   clock clk (rise edge)
                                  0.000000    5.000000   clock source latency
     1    0.011497    0.043610    0.028873    5.028873 ^ clk (in)
                                                         clk (net)
                      0.043617    0.000000    5.028873 ^ clkbuf_0_clk/A (sky130_fd_sc_hd__clkbuf_16)
     2    0.020345    0.031400    0.088118    5.116991 ^ clkbuf_0_clk/X (sky130_fd_sc_hd__clkbuf_16)
                                                         clknet_0_clk (net)
                      0.031406    0.000791    5.117782 ^ clkbuf_1_0__f_clk/A (sky130_fd_sc_hd__clkbuf_16)
     5    0.015660    0.028304    0.081425    5.199206 ^ clkbuf_1_0__f_clk/X (sky130_fd_sc_hd__clkbuf_16)
                                                         clknet_1_0__leaf_clk (net)
                      0.028311    0.000716    5.199923 ^ _148_/CLK (sky130_fd_sc_hd__dfrtp_2)
                                 -0.250000    4.949923   clock uncertainty
                                  0.000000    4.949923   clock reconvergence pessimism
                                  0.133965    5.083888   library recovery time
                                              5.083888   data required time
---------------------------------------------------------------------------------------------
                                              5.083888   data required time
                                             -1.544422   data arrival time
---------------------------------------------------------------------------------------------
                                              3.539466   slack (MET)


Startpoint: rst (input port clocked by clk)
Endpoint: _151_ (recovery check against rising-edge clock clk)
Path Group: asynchronous
Path Type: max

Fanout         Cap        Slew       Delay        Time   Description
---------------------------------------------------------------------------------------------
                                  0.000000    0.000000   clock clk (rise edge)
                                  0.000000    0.000000   clock network delay (propagated)
                                  1.000000    1.000000 v input external delay
     1    0.002358    0.004069    0.001923    1.001923 v rst (in)
                                                         rst (net)
                      0.004072    0.000000    1.001923 v hold1/A (sky130_fd_sc_hd__dlygate4sd3_1)
     1    0.002760    0.037869    0.351134    1.353056 v hold1/X (sky130_fd_sc_hd__dlygate4sd3_1)
                                                         net11 (net)
                      0.037869    0.000180    1.353237 v input9/A (sky130_fd_sc_hd__clkbuf_4)
     9    0.050495    0.077762    0.140272    1.493508 v input9/X (sky130_fd_sc_hd__clkbuf_4)
                                                         net9 (net)
                      0.078174    0.004480    1.497988 v _142_/A (sky130_fd_sc_hd__inv_2)
     1    0.004086    0.028951    0.046398    1.544386 ^ _142_/Y (sky130_fd_sc_hd__inv_2)
                                                         _014_ (net)
                      0.028951    0.000104    1.544490 ^ _151_/RESET_B (sky130_fd_sc_hd__dfrtp_2)
                                              1.544490   data arrival time

                                  5.000000    5.000000   clock clk (rise edge)
                                  0.000000    5.000000   clock source latency
     1    0.011497    0.043610    0.028873    5.028873 ^ clk (in)
                                                         clk (net)
                      0.043617    0.000000    5.028873 ^ clkbuf_0_clk/A (sky130_fd_sc_hd__clkbuf_16)
     2    0.020345    0.031400    0.088118    5.116991 ^ clkbuf_0_clk/X (sky130_fd_sc_hd__clkbuf_16)
                                                         clknet_0_clk (net)
                      0.031406    0.000791    5.117782 ^ clkbuf_1_0__f_clk/A (sky130_fd_sc_hd__clkbuf_16)
     5    0.015660    0.028304    0.081425    5.199206 ^ clkbuf_1_0__f_clk/X (sky130_fd_sc_hd__clkbuf_16)
                                                         clknet_1_0__leaf_clk (net)
                      0.028316    0.000981    5.200187 ^ _151_/CLK (sky130_fd_sc_hd__dfrtp_2)
                                 -0.250000    4.950187   clock uncertainty
                                  0.000000    4.950187   clock reconvergence pessimism
                                  0.133831    5.084018   library recovery time
                                              5.084018   data required time
---------------------------------------------------------------------------------------------
                                              5.084018   data required time
                                             -1.544490   data arrival time
---------------------------------------------------------------------------------------------
                                              3.539528   slack (MET)


Startpoint: rst (input port clocked by clk)
Endpoint: _152_ (recovery check against rising-edge clock clk)
Path Group: asynchronous
Path Type: max

Fanout         Cap        Slew       Delay        Time   Description
---------------------------------------------------------------------------------------------
                                  0.000000    0.000000   clock clk (rise edge)
                                  0.000000    0.000000   clock network delay (propagated)
                                  1.000000    1.000000 v input external delay
     1    0.002358    0.004069    0.001923    1.001923 v rst (in)
                                                         rst (net)
                      0.004072    0.000000    1.001923 v hold1/A (sky130_fd_sc_hd__dlygate4sd3_1)
     1    0.002760    0.037869    0.351134    1.353056 v hold1/X (sky130_fd_sc_hd__dlygate4sd3_1)
                                                         net11 (net)
                      0.037869    0.000180    1.353237 v input9/A (sky130_fd_sc_hd__clkbuf_4)
     9    0.050495    0.077762    0.140272    1.493508 v input9/X (sky130_fd_sc_hd__clkbuf_4)
                                                         net9 (net)
                      0.078119    0.004159    1.497667 v _143_/A (sky130_fd_sc_hd__inv_2)
     1    0.004510    0.030274    0.048021    1.545688 ^ _143_/Y (sky130_fd_sc_hd__inv_2)
                                                         _015_ (net)
                      0.030274    0.000120    1.545808 ^ _152_/RESET_B (sky130_fd_sc_hd__dfrtp_1)
                                              1.545808   data arrival time

                                  5.000000    5.000000   clock clk (rise edge)
                                  0.000000    5.000000   clock source latency
     1    0.011497    0.043610    0.028873    5.028873 ^ clk (in)
                                                         clk (net)
                      0.043617    0.000000    5.028873 ^ clkbuf_0_clk/A (sky130_fd_sc_hd__clkbuf_16)
     2    0.020345    0.031400    0.088118    5.116991 ^ clkbuf_0_clk/X (sky130_fd_sc_hd__clkbuf_16)
                                                         clknet_0_clk (net)
                      0.031414    0.001036    5.118026 ^ clkbuf_1_1__f_clk/A (sky130_fd_sc_hd__clkbuf_16)
     5    0.014940    0.027828    0.080957    5.198983 ^ clkbuf_1_1__f_clk/X (sky130_fd_sc_hd__clkbuf_16)
                                                         clknet_1_1__leaf_clk (net)
                      0.027840    0.001010    5.199993 ^ _152_/CLK (sky130_fd_sc_hd__dfrtp_1)
                                 -0.250000    4.949993   clock uncertainty
                                  0.000000    4.949993   clock reconvergence pessimism
                                  0.143332    5.093325   library recovery time
                                              5.093325   data required time
---------------------------------------------------------------------------------------------
                                              5.093325   data required time
                                             -1.545808   data arrival time
---------------------------------------------------------------------------------------------
                                              3.547518   slack (MET)


Startpoint: rst (input port clocked by clk)
Endpoint: _146_ (recovery check against rising-edge clock clk)
Path Group: asynchronous
Path Type: max

Fanout         Cap        Slew       Delay        Time   Description
---------------------------------------------------------------------------------------------
                                  0.000000    0.000000   clock clk (rise edge)
                                  0.000000    0.000000   clock network delay (propagated)
                                  1.000000    1.000000 v input external delay
     1    0.002358    0.004069    0.001923    1.001923 v rst (in)
                                                         rst (net)
                      0.004072    0.000000    1.001923 v hold1/A (sky130_fd_sc_hd__dlygate4sd3_1)
     1    0.002760    0.037869    0.351134    1.353056 v hold1/X (sky130_fd_sc_hd__dlygate4sd3_1)
                                                         net11 (net)
                      0.037869    0.000180    1.353237 v input9/A (sky130_fd_sc_hd__clkbuf_4)
     9    0.050495    0.077762    0.140272    1.493508 v input9/X (sky130_fd_sc_hd__clkbuf_4)
                                                         net9 (net)
                      0.078174    0.004479    1.497987 v _081_/A (sky130_fd_sc_hd__inv_2)
     1    0.003915    0.028468    0.045686    1.543673 ^ _081_/Y (sky130_fd_sc_hd__inv_2)
                                                         _009_ (net)
                      0.028469    0.000208    1.543882 ^ _146_/RESET_B (sky130_fd_sc_hd__dfrtp_1)
                                              1.543882   data arrival time

                                  5.000000    5.000000   clock clk (rise edge)
                                  0.000000    5.000000   clock source latency
     1    0.011497    0.043610    0.028873    5.028873 ^ clk (in)
                                                         clk (net)
                      0.043617    0.000000    5.028873 ^ clkbuf_0_clk/A (sky130_fd_sc_hd__clkbuf_16)
     2    0.020345    0.031400    0.088118    5.116991 ^ clkbuf_0_clk/X (sky130_fd_sc_hd__clkbuf_16)
                                                         clknet_0_clk (net)
                      0.031414    0.001036    5.118026 ^ clkbuf_1_1__f_clk/A (sky130_fd_sc_hd__clkbuf_16)
     5    0.014940    0.027828    0.080957    5.198983 ^ clkbuf_1_1__f_clk/X (sky130_fd_sc_hd__clkbuf_16)
                                                         clknet_1_1__leaf_clk (net)
                      0.027836    0.000792    5.199775 ^ _146_/CLK (sky130_fd_sc_hd__dfrtp_1)
                                 -0.250000    4.949775   clock uncertainty
                                  0.000000    4.949775   clock reconvergence pessimism
                                  0.143669    5.093444   library recovery time
                                              5.093444   data required time
---------------------------------------------------------------------------------------------
                                              5.093444   data required time
                                             -1.543882   data arrival time
---------------------------------------------------------------------------------------------
                                              3.549562   slack (MET)


Startpoint: rst (input port clocked by clk)
Endpoint: _150_ (recovery check against rising-edge clock clk)
Path Group: asynchronous
Path Type: max

Fanout         Cap        Slew       Delay        Time   Description
---------------------------------------------------------------------------------------------
                                  0.000000    0.000000   clock clk (rise edge)
                                  0.000000    0.000000   clock network delay (propagated)
                                  1.000000    1.000000 v input external delay
     1    0.002358    0.004069    0.001923    1.001923 v rst (in)
                                                         rst (net)
                      0.004072    0.000000    1.001923 v hold1/A (sky130_fd_sc_hd__dlygate4sd3_1)
     1    0.002760    0.037869    0.351134    1.353056 v hold1/X (sky130_fd_sc_hd__dlygate4sd3_1)
                                                         net11 (net)
                      0.037869    0.000180    1.353237 v input9/A (sky130_fd_sc_hd__clkbuf_4)
     9    0.050495    0.077762    0.140272    1.493508 v input9/X (sky130_fd_sc_hd__clkbuf_4)
                                                         net9 (net)
                      0.078140    0.004283    1.497791 v _141_/A (sky130_fd_sc_hd__inv_2)
     1    0.003928    0.028483    0.045781    1.543572 ^ _141_/Y (sky130_fd_sc_hd__inv_2)
                                                         _013_ (net)
                      0.028483    0.000097    1.543669 ^ _150_/RESET_B (sky130_fd_sc_hd__dfrtp_1)
                                              1.543669   data arrival time

                                  5.000000    5.000000   clock clk (rise edge)
                                  0.000000    5.000000   clock source latency
     1    0.011497    0.043610    0.028873    5.028873 ^ clk (in)
                                                         clk (net)
                      0.043617    0.000000    5.028873 ^ clkbuf_0_clk/A (sky130_fd_sc_hd__clkbuf_16)
     2    0.020345    0.031400    0.088118    5.116991 ^ clkbuf_0_clk/X (sky130_fd_sc_hd__clkbuf_16)
                                                         clknet_0_clk (net)
                      0.031406    0.000791    5.117782 ^ clkbuf_1_0__f_clk/A (sky130_fd_sc_hd__clkbuf_16)
     5    0.015660    0.028304    0.081425    5.199206 ^ clkbuf_1_0__f_clk/X (sky130_fd_sc_hd__clkbuf_16)
                                                         clknet_1_0__leaf_clk (net)
                      0.028320    0.001148    5.200354 ^ _150_/CLK (sky130_fd_sc_hd__dfrtp_1)
                                 -0.250000    4.950354   clock uncertainty
                                  0.000000    4.950354   clock reconvergence pessimism
                                  0.143739    5.094092   library recovery time
                                              5.094092   data required time
---------------------------------------------------------------------------------------------
                                              5.094092   data required time
                                             -1.543669   data arrival time
---------------------------------------------------------------------------------------------
                                              3.550424   slack (MET)


Startpoint: rst (input port clocked by clk)
Endpoint: _153_ (recovery check against rising-edge clock clk)
Path Group: asynchronous
Path Type: max

Fanout         Cap        Slew       Delay        Time   Description
---------------------------------------------------------------------------------------------
                                  0.000000    0.000000   clock clk (rise edge)
                                  0.000000    0.000000   clock network delay (propagated)
                                  1.000000    1.000000 v input external delay
     1    0.002358    0.004069    0.001923    1.001923 v rst (in)
                                                         rst (net)
                      0.004072    0.000000    1.001923 v hold1/A (sky130_fd_sc_hd__dlygate4sd3_1)
     1    0.002760    0.037869    0.351134    1.353056 v hold1/X (sky130_fd_sc_hd__dlygate4sd3_1)
                                                         net11 (net)
                      0.037869    0.000180    1.353237 v input9/A (sky130_fd_sc_hd__clkbuf_4)
     9    0.050495    0.077762    0.140272    1.493508 v input9/X (sky130_fd_sc_hd__clkbuf_4)
                                                         net9 (net)
                      0.077892    0.002341    1.495849 v _144_/A (sky130_fd_sc_hd__inv_2)
     1    0.003967    0.028551    0.045863    1.541712 ^ _144_/Y (sky130_fd_sc_hd__inv_2)
                                                         _016_ (net)
                      0.028551    0.000098    1.541810 ^ _153_/RESET_B (sky130_fd_sc_hd__dfrtp_1)
                                              1.541810   data arrival time

                                  5.000000    5.000000   clock clk (rise edge)
                                  0.000000    5.000000   clock source latency
     1    0.011497    0.043610    0.028873    5.028873 ^ clk (in)
                                                         clk (net)
                      0.043617    0.000000    5.028873 ^ clkbuf_0_clk/A (sky130_fd_sc_hd__clkbuf_16)
     2    0.020345    0.031400    0.088118    5.116991 ^ clkbuf_0_clk/X (sky130_fd_sc_hd__clkbuf_16)
                                                         clknet_0_clk (net)
                      0.031414    0.001036    5.118026 ^ clkbuf_1_1__f_clk/A (sky130_fd_sc_hd__clkbuf_16)
     5    0.014940    0.027828    0.080957    5.198983 ^ clkbuf_1_1__f_clk/X (sky130_fd_sc_hd__clkbuf_16)
                                                         clknet_1_1__leaf_clk (net)
                      0.027840    0.000988    5.199971 ^ _153_/CLK (sky130_fd_sc_hd__dfrtp_1)
                                 -0.250000    4.949971   clock uncertainty
                                  0.000000    4.949971   clock reconvergence pessimism
                                  0.143655    5.093626   library recovery time
                                              5.093626   data required time
---------------------------------------------------------------------------------------------
                                              5.093626   data required time
                                             -1.541810   data arrival time
---------------------------------------------------------------------------------------------
                                              3.551816   slack (MET)



