
===========================================================================
report_checks -path_delay min (Hold)
============================================================================
======================= max_ff_n40C_1v95 Corner ===================================

Startpoint: _147_ (rising edge-triggered flip-flop clocked by clk)
Endpoint: _147_ (rising edge-triggered flip-flop clocked by clk)
Path Group: clk
Path Type: min

Fanout         Cap        Slew       Delay        Time   Description
---------------------------------------------------------------------------------------------
                                  0.000000    0.000000   clock clk (rise edge)
                                  0.000000    0.000000   clock source latency
     1    0.011497    0.043610    0.028873    0.028873 ^ clk (in)
                                                         clk (net)
                      0.043617    0.000000    0.028873 ^ clkbuf_0_clk/A (sky130_fd_sc_hd__clkbuf_16)
     2    0.020345    0.031400    0.088117    0.116990 ^ clkbuf_0_clk/X (sky130_fd_sc_hd__clkbuf_16)
                                                         clknet_0_clk (net)
                      0.031406    0.000791    0.117781 ^ clkbuf_1_0__f_clk/A (sky130_fd_sc_hd__clkbuf_16)
     5    0.015660    0.028304    0.081425    0.199206 ^ clkbuf_1_0__f_clk/X (sky130_fd_sc_hd__clkbuf_16)
                                                         clknet_1_0__leaf_clk (net)
                      0.028314    0.000891    0.200096 ^ _147_/CLK (sky130_fd_sc_hd__dfrtp_2)
     7    0.023161    0.090986    0.261066    0.461163 ^ _147_/Q (sky130_fd_sc_hd__dfrtp_2)
                                                         counter[0] (net)
                      0.091008    0.001400    0.462563 ^ _108_/A_N (sky130_fd_sc_hd__and2b_1)
     1    0.002436    0.022259    0.111351    0.573914 v _108_/X (sky130_fd_sc_hd__and2b_1)
                                                         _000_ (net)
                      0.022259    0.000178    0.574092 v _147_/D (sky130_fd_sc_hd__dfrtp_2)
                                              0.574092   data arrival time

                                  0.000000    0.000000   clock clk (rise edge)
                                  0.000000    0.000000   clock source latency
     1    0.011497    0.043610    0.028873    0.028873 ^ clk (in)
                                                         clk (net)
                      0.043617    0.000000    0.028873 ^ clkbuf_0_clk/A (sky130_fd_sc_hd__clkbuf_16)
     2    0.020345    0.031400    0.088117    0.116990 ^ clkbuf_0_clk/X (sky130_fd_sc_hd__clkbuf_16)
                                                         clknet_0_clk (net)
                      0.031406    0.000791    0.117781 ^ clkbuf_1_0__f_clk/A (sky130_fd_sc_hd__clkbuf_16)
     5    0.015660    0.028304    0.081425    0.199206 ^ clkbuf_1_0__f_clk/X (sky130_fd_sc_hd__clkbuf_16)
                                                         clknet_1_0__leaf_clk (net)
                      0.028314    0.000891    0.200096 ^ _147_/CLK (sky130_fd_sc_hd__dfrtp_2)
                                  0.250000    0.450096   clock uncertainty
                                  0.000000    0.450096   clock reconvergence pessimism
                                 -0.026933    0.423163   library hold time
                                              0.423163   data required time
---------------------------------------------------------------------------------------------
                                              0.423163   data required time
                                             -0.574092   data arrival time
---------------------------------------------------------------------------------------------
                                              0.150929   slack (MET)


Startpoint: _153_ (rising edge-triggered flip-flop clocked by clk)
Endpoint: _146_ (rising edge-triggered flip-flop clocked by clk)
Path Group: clk
Path Type: min

Fanout         Cap        Slew       Delay        Time   Description
---------------------------------------------------------------------------------------------
                                  0.000000    0.000000   clock clk (rise edge)
                                  0.000000    0.000000   clock source latency
     1    0.011497    0.043610    0.028873    0.028873 ^ clk (in)
                                                         clk (net)
                      0.043617    0.000000    0.028873 ^ clkbuf_0_clk/A (sky130_fd_sc_hd__clkbuf_16)
     2    0.020345    0.031400    0.088117    0.116990 ^ clkbuf_0_clk/X (sky130_fd_sc_hd__clkbuf_16)
                                                         clknet_0_clk (net)
                      0.031414    0.001036    0.118026 ^ clkbuf_1_1__f_clk/A (sky130_fd_sc_hd__clkbuf_16)
     5    0.014940    0.027828    0.080957    0.198983 ^ clkbuf_1_1__f_clk/X (sky130_fd_sc_hd__clkbuf_16)
                                                         clknet_1_1__leaf_clk (net)
                      0.027840    0.000988    0.199971 ^ _153_/CLK (sky130_fd_sc_hd__dfrtp_1)
     6    0.018955    0.130668    0.271067    0.471038 ^ _153_/Q (sky130_fd_sc_hd__dfrtp_1)
                                                         counter[6] (net)
                      0.130686    0.001566    0.472605 ^ _129_/B (sky130_fd_sc_hd__or2_1)
     1    0.002678    0.028250    0.073790    0.546394 ^ _129_/X (sky130_fd_sc_hd__or2_1)
                                                         _065_ (net)
                      0.028250    0.000123    0.546517 ^ _137_/A1 (sky130_fd_sc_hd__a21oi_1)
     1    0.003044    0.018755    0.031346    0.577863 v _137_/Y (sky130_fd_sc_hd__a21oi_1)
                                                         _008_ (net)
                      0.018755    0.000201    0.578064 v _146_/D (sky130_fd_sc_hd__dfrtp_1)
                                              0.578064   data arrival time

                                  0.000000    0.000000   clock clk (rise edge)
                                  0.000000    0.000000   clock source latency
     1    0.011497    0.043610    0.028873    0.028873 ^ clk (in)
                                                         clk (net)
                      0.043617    0.000000    0.028873 ^ clkbuf_0_clk/A (sky130_fd_sc_hd__clkbuf_16)
     2    0.020345    0.031400    0.088117    0.116990 ^ clkbuf_0_clk/X (sky130_fd_sc_hd__clkbuf_16)
                                                         clknet_0_clk (net)
                      0.031414    0.001036    0.118026 ^ clkbuf_1_1__f_clk/A (sky130_fd_sc_hd__clkbuf_16)
     5    0.014940    0.027828    0.080957    0.198983 ^ clkbuf_1_1__f_clk/X (sky130_fd_sc_hd__clkbuf_16)
                                                         clknet_1_1__leaf_clk (net)
                      0.027836    0.000792    0.199775 ^ _146_/CLK (sky130_fd_sc_hd__dfrtp_1)
                                  0.250000    0.449775   clock uncertainty
                                  0.000000    0.449775   clock reconvergence pessimism
                                 -0.028388    0.421387   library hold time
                                              0.421387   data required time
---------------------------------------------------------------------------------------------
                                              0.421387   data required time
                                             -0.578064   data arrival time
---------------------------------------------------------------------------------------------
                                              0.156677   slack (MET)


Startpoint: _154_ (rising edge-triggered flip-flop clocked by clk)
Endpoint: _154_ (rising edge-triggered flip-flop clocked by clk)
Path Group: clk
Path Type: min

Fanout         Cap        Slew       Delay        Time   Description
---------------------------------------------------------------------------------------------
                                  0.000000    0.000000   clock clk (rise edge)
                                  0.000000    0.000000   clock source latency
     1    0.011497    0.043610    0.028873    0.028873 ^ clk (in)
                                                         clk (net)
                      0.043617    0.000000    0.028873 ^ clkbuf_0_clk/A (sky130_fd_sc_hd__clkbuf_16)
     2    0.020345    0.031400    0.088117    0.116990 ^ clkbuf_0_clk/X (sky130_fd_sc_hd__clkbuf_16)
                                                         clknet_0_clk (net)
                      0.031414    0.001036    0.118026 ^ clkbuf_1_1__f_clk/A (sky130_fd_sc_hd__clkbuf_16)
     5    0.014940    0.027828    0.080957    0.198983 ^ clkbuf_1_1__f_clk/X (sky130_fd_sc_hd__clkbuf_16)
                                                         clknet_1_1__leaf_clk (net)
                      0.027835    0.000750    0.199733 ^ _154_/CLK (sky130_fd_sc_hd__dfrtp_2)
     4    0.023245    0.091278    0.261456    0.461189 ^ _154_/Q (sky130_fd_sc_hd__dfrtp_2)
                                                         counter[7] (net)
                      0.091292    0.001169    0.462359 ^ _127_/A (sky130_fd_sc_hd__xnor2_1)
     1    0.002976    0.024446    0.047321    0.509680 v _127_/Y (sky130_fd_sc_hd__xnor2_1)
                                                         _064_ (net)
                      0.024454    0.000175    0.509855 v _128_/B (sky130_fd_sc_hd__and2_1)
     1    0.002370    0.022364    0.090273    0.600128 v _128_/X (sky130_fd_sc_hd__and2_1)
                                                         _007_ (net)
                      0.022364    0.000174    0.600301 v _154_/D (sky130_fd_sc_hd__dfrtp_2)
                                              0.600301   data arrival time

                                  0.000000    0.000000   clock clk (rise edge)
                                  0.000000    0.000000   clock source latency
     1    0.011497    0.043610    0.028873    0.028873 ^ clk (in)
                                                         clk (net)
                      0.043617    0.000000    0.028873 ^ clkbuf_0_clk/A (sky130_fd_sc_hd__clkbuf_16)
     2    0.020345    0.031400    0.088117    0.116990 ^ clkbuf_0_clk/X (sky130_fd_sc_hd__clkbuf_16)
                                                         clknet_0_clk (net)
                      0.031414    0.001036    0.118026 ^ clkbuf_1_1__f_clk/A (sky130_fd_sc_hd__clkbuf_16)
     5    0.014940    0.027828    0.080957    0.198983 ^ clkbuf_1_1__f_clk/X (sky130_fd_sc_hd__clkbuf_16)
                                                         clknet_1_1__leaf_clk (net)
                      0.027835    0.000750    0.199733 ^ _154_/CLK (sky130_fd_sc_hd__dfrtp_2)
                                  0.250000    0.449733   clock uncertainty
                                  0.000000    0.449733   clock reconvergence pessimism
                                 -0.027015    0.422718   library hold time
                                              0.422718   data required time
---------------------------------------------------------------------------------------------
                                              0.422718   data required time
                                             -0.600301   data arrival time
---------------------------------------------------------------------------------------------
                                              0.177583   slack (MET)


Startpoint: _151_ (rising edge-triggered flip-flop clocked by clk)
Endpoint: _151_ (rising edge-triggered flip-flop clocked by clk)
Path Group: clk
Path Type: min

Fanout         Cap        Slew       Delay        Time   Description
---------------------------------------------------------------------------------------------
                                  0.000000    0.000000   clock clk (rise edge)
                                  0.000000    0.000000   clock source latency
     1    0.011497    0.043610    0.028873    0.028873 ^ clk (in)
                                                         clk (net)
                      0.043617    0.000000    0.028873 ^ clkbuf_0_clk/A (sky130_fd_sc_hd__clkbuf_16)
     2    0.020345    0.031400    0.088117    0.116990 ^ clkbuf_0_clk/X (sky130_fd_sc_hd__clkbuf_16)
                                                         clknet_0_clk (net)
                      0.031406    0.000791    0.117781 ^ clkbuf_1_0__f_clk/A (sky130_fd_sc_hd__clkbuf_16)
     5    0.015660    0.028304    0.081425    0.199206 ^ clkbuf_1_0__f_clk/X (sky130_fd_sc_hd__clkbuf_16)
                                                         clknet_1_0__leaf_clk (net)
                      0.028316    0.000981    0.200187 ^ _151_/CLK (sky130_fd_sc_hd__dfrtp_2)
     8    0.026431    0.101979    0.269498    0.469685 ^ _151_/Q (sky130_fd_sc_hd__dfrtp_2)
                                                         counter[4] (net)
                      0.101997    0.001339    0.471024 ^ _117_/A (sky130_fd_sc_hd__nand2_1)
     1    0.002350    0.031000    0.028488    0.499512 v _117_/Y (sky130_fd_sc_hd__nand2_1)
                                                         _057_ (net)
                      0.031000    0.000096    0.499608 v _119_/B (sky130_fd_sc_hd__and3_1)
     1    0.003291    0.025097    0.101988    0.601596 v _119_/X (sky130_fd_sc_hd__and3_1)
                                                         _004_ (net)
                      0.025099    0.000219    0.601815 v _151_/D (sky130_fd_sc_hd__dfrtp_2)
                                              0.601815   data arrival time

                                  0.000000    0.000000   clock clk (rise edge)
                                  0.000000    0.000000   clock source latency
     1    0.011497    0.043610    0.028873    0.028873 ^ clk (in)
                                                         clk (net)
                      0.043617    0.000000    0.028873 ^ clkbuf_0_clk/A (sky130_fd_sc_hd__clkbuf_16)
     2    0.020345    0.031400    0.088117    0.116990 ^ clkbuf_0_clk/X (sky130_fd_sc_hd__clkbuf_16)
                                                         clknet_0_clk (net)
                      0.031406    0.000791    0.117781 ^ clkbuf_1_0__f_clk/A (sky130_fd_sc_hd__clkbuf_16)
     5    0.015660    0.028304    0.081425    0.199206 ^ clkbuf_1_0__f_clk/X (sky130_fd_sc_hd__clkbuf_16)
                                                         clknet_1_0__leaf_clk (net)
                      0.028316    0.000981    0.200187 ^ _151_/CLK (sky130_fd_sc_hd__dfrtp_2)
                                  0.250000    0.450187   clock uncertainty
                                  0.000000    0.450187   clock reconvergence pessimism
                                 -0.027842    0.422344   library hold time
                                              0.422344   data required time
---------------------------------------------------------------------------------------------
                                              0.422344   data required time
                                             -0.601815   data arrival time
---------------------------------------------------------------------------------------------
                                              0.179471   slack (MET)


Startpoint: _149_ (rising edge-triggered flip-flop clocked by clk)
Endpoint: _149_ (rising edge-triggered flip-flop clocked by clk)
Path Group: clk
Path Type: min

Fanout         Cap        Slew       Delay        Time   Description
---------------------------------------------------------------------------------------------
                                  0.000000    0.000000   clock clk (rise edge)
                                  0.000000    0.000000   clock source latency
     1    0.011497    0.043610    0.028873    0.028873 ^ clk (in)
                                                         clk (net)
                      0.043617    0.000000    0.028873 ^ clkbuf_0_clk/A (sky130_fd_sc_hd__clkbuf_16)
     2    0.020345    0.031400    0.088117    0.116990 ^ clkbuf_0_clk/X (sky130_fd_sc_hd__clkbuf_16)
                                                         clknet_0_clk (net)
                      0.031406    0.000791    0.117781 ^ clkbuf_1_0__f_clk/A (sky130_fd_sc_hd__clkbuf_16)
     5    0.015660    0.028304    0.081425    0.199206 ^ clkbuf_1_0__f_clk/X (sky130_fd_sc_hd__clkbuf_16)
                                                         clknet_1_0__leaf_clk (net)
                      0.028311    0.000714    0.199920 ^ _149_/CLK (sky130_fd_sc_hd__dfrtp_2)
     7    0.027054    0.104070    0.270989    0.470909 ^ _149_/Q (sky130_fd_sc_hd__dfrtp_2)
                                                         counter[2] (net)
                      0.104089    0.001407    0.472316 ^ _111_/A (sky130_fd_sc_hd__xnor2_1)
     1    0.002060    0.021075    0.044030    0.516346 v _111_/Y (sky130_fd_sc_hd__xnor2_1)
                                                         _053_ (net)
                      0.021075    0.000136    0.516482 v _112_/B (sky130_fd_sc_hd__and2_1)
     1    0.002566    0.022892    0.089908    0.606389 v _112_/X (sky130_fd_sc_hd__and2_1)
                                                         _002_ (net)
                      0.022900    0.000176    0.606565 v _149_/D (sky130_fd_sc_hd__dfrtp_2)
                                              0.606565   data arrival time

                                  0.000000    0.000000   clock clk (rise edge)
                                  0.000000    0.000000   clock source latency
     1    0.011497    0.043610    0.028873    0.028873 ^ clk (in)
                                                         clk (net)
                      0.043617    0.000000    0.028873 ^ clkbuf_0_clk/A (sky130_fd_sc_hd__clkbuf_16)
     2    0.020345    0.031400    0.088117    0.116990 ^ clkbuf_0_clk/X (sky130_fd_sc_hd__clkbuf_16)
                                                         clknet_0_clk (net)
                      0.031406    0.000791    0.117781 ^ clkbuf_1_0__f_clk/A (sky130_fd_sc_hd__clkbuf_16)
     5    0.015660    0.028304    0.081425    0.199206 ^ clkbuf_1_0__f_clk/X (sky130_fd_sc_hd__clkbuf_16)
                                                         clknet_1_0__leaf_clk (net)
                      0.028311    0.000714    0.199920 ^ _149_/CLK (sky130_fd_sc_hd__dfrtp_2)
                                  0.250000    0.449920   clock uncertainty
                                  0.000000    0.449920   clock reconvergence pessimism
                                 -0.027139    0.422781   library hold time
                                              0.422781   data required time
---------------------------------------------------------------------------------------------
                                              0.422781   data required time
                                             -0.606565   data arrival time
---------------------------------------------------------------------------------------------
                                              0.183784   slack (MET)


Startpoint: _152_ (rising edge-triggered flip-flop clocked by clk)
Endpoint: _152_ (rising edge-triggered flip-flop clocked by clk)
Path Group: clk
Path Type: min

Fanout         Cap        Slew       Delay        Time   Description
---------------------------------------------------------------------------------------------
                                  0.000000    0.000000   clock clk (rise edge)
                                  0.000000    0.000000   clock source latency
     1    0.011497    0.043610    0.028873    0.028873 ^ clk (in)
                                                         clk (net)
                      0.043617    0.000000    0.028873 ^ clkbuf_0_clk/A (sky130_fd_sc_hd__clkbuf_16)
     2    0.020345    0.031400    0.088117    0.116990 ^ clkbuf_0_clk/X (sky130_fd_sc_hd__clkbuf_16)
                                                         clknet_0_clk (net)
                      0.031414    0.001036    0.118026 ^ clkbuf_1_1__f_clk/A (sky130_fd_sc_hd__clkbuf_16)
     5    0.014940    0.027828    0.080957    0.198983 ^ clkbuf_1_1__f_clk/X (sky130_fd_sc_hd__clkbuf_16)
                                                         clknet_1_1__leaf_clk (net)
                      0.027840    0.001010    0.199993 ^ _152_/CLK (sky130_fd_sc_hd__dfrtp_1)
     6    0.020298    0.139220    0.277053    0.477046 ^ _152_/Q (sky130_fd_sc_hd__dfrtp_1)
                                                         counter[5] (net)
                      0.139225    0.001061    0.478108 ^ _122_/B1 (sky130_fd_sc_hd__a21o_1)
     1    0.002102    0.023173    0.049747    0.527854 ^ _122_/X (sky130_fd_sc_hd__a21o_1)
                                                         _061_ (net)
                      0.023173    0.000094    0.527949 ^ _123_/C (sky130_fd_sc_hd__and3_1)
     1    0.002752    0.033790    0.085804    0.613752 ^ _123_/X (sky130_fd_sc_hd__and3_1)
                                                         _005_ (net)
                      0.033791    0.000184    0.613936 ^ _152_/D (sky130_fd_sc_hd__dfrtp_1)
                                              0.613936   data arrival time

                                  0.000000    0.000000   clock clk (rise edge)
                                  0.000000    0.000000   clock source latency
     1    0.011497    0.043610    0.028873    0.028873 ^ clk (in)
                                                         clk (net)
                      0.043617    0.000000    0.028873 ^ clkbuf_0_clk/A (sky130_fd_sc_hd__clkbuf_16)
     2    0.020345    0.031400    0.088117    0.116990 ^ clkbuf_0_clk/X (sky130_fd_sc_hd__clkbuf_16)
                                                         clknet_0_clk (net)
                      0.031414    0.001036    0.118026 ^ clkbuf_1_1__f_clk/A (sky130_fd_sc_hd__clkbuf_16)
     5    0.014940    0.027828    0.080957    0.198983 ^ clkbuf_1_1__f_clk/X (sky130_fd_sc_hd__clkbuf_16)
                                                         clknet_1_1__leaf_clk (net)
                      0.027840    0.001010    0.199993 ^ _152_/CLK (sky130_fd_sc_hd__dfrtp_1)
                                  0.250000    0.449993   clock uncertainty
                                  0.000000    0.449993   clock reconvergence pessimism
                                 -0.020086    0.429907   library hold time
                                              0.429907   data required time
---------------------------------------------------------------------------------------------
                                              0.429907   data required time
                                             -0.613936   data arrival time
---------------------------------------------------------------------------------------------
                                              0.184030   slack (MET)


Startpoint: _150_ (rising edge-triggered flip-flop clocked by clk)
Endpoint: _150_ (rising edge-triggered flip-flop clocked by clk)
Path Group: clk
Path Type: min

Fanout         Cap        Slew       Delay        Time   Description
---------------------------------------------------------------------------------------------
                                  0.000000    0.000000   clock clk (rise edge)
                                  0.000000    0.000000   clock source latency
     1    0.011497    0.043610    0.028873    0.028873 ^ clk (in)
                                                         clk (net)
                      0.043617    0.000000    0.028873 ^ clkbuf_0_clk/A (sky130_fd_sc_hd__clkbuf_16)
     2    0.020345    0.031400    0.088117    0.116990 ^ clkbuf_0_clk/X (sky130_fd_sc_hd__clkbuf_16)
                                                         clknet_0_clk (net)
                      0.031406    0.000791    0.117781 ^ clkbuf_1_0__f_clk/A (sky130_fd_sc_hd__clkbuf_16)
     5    0.015660    0.028304    0.081425    0.199206 ^ clkbuf_1_0__f_clk/X (sky130_fd_sc_hd__clkbuf_16)
                                                         clknet_1_0__leaf_clk (net)
                      0.028320    0.001148    0.200353 ^ _150_/CLK (sky130_fd_sc_hd__dfrtp_1)
     6    0.019320    0.132941    0.273063    0.473416 ^ _150_/Q (sky130_fd_sc_hd__dfrtp_1)
                                                         counter[3] (net)
                      0.132944    0.000901    0.474318 ^ _115_/B1 (sky130_fd_sc_hd__a31o_1)
     1    0.002587    0.027265    0.059195    0.533513 ^ _115_/X (sky130_fd_sc_hd__a31o_1)
                                                         _056_ (net)
                      0.027266    0.000169    0.533682 ^ _116_/C (sky130_fd_sc_hd__and3_1)
     1    0.002450    0.031907    0.084768    0.618450 ^ _116_/X (sky130_fd_sc_hd__and3_1)
                                                         _003_ (net)
                      0.031907    0.000112    0.618562 ^ _150_/D (sky130_fd_sc_hd__dfrtp_1)
                                              0.618562   data arrival time

                                  0.000000    0.000000   clock clk (rise edge)
                                  0.000000    0.000000   clock source latency
     1    0.011497    0.043610    0.028873    0.028873 ^ clk (in)
                                                         clk (net)
                      0.043617    0.000000    0.028873 ^ clkbuf_0_clk/A (sky130_fd_sc_hd__clkbuf_16)
     2    0.020345    0.031400    0.088117    0.116990 ^ clkbuf_0_clk/X (sky130_fd_sc_hd__clkbuf_16)
                                                         clknet_0_clk (net)
                      0.031406    0.000791    0.117781 ^ clkbuf_1_0__f_clk/A (sky130_fd_sc_hd__clkbuf_16)
     5    0.015660    0.028304    0.081425    0.199206 ^ clkbuf_1_0__f_clk/X (sky130_fd_sc_hd__clkbuf_16)
                                                         clknet_1_0__leaf_clk (net)
                      0.028320    0.001148    0.200353 ^ _150_/CLK (sky130_fd_sc_hd__dfrtp_1)
                                  0.250000    0.450353   clock uncertainty
                                  0.000000    0.450353   clock reconvergence pessimism
                                 -0.019931    0.430422   library hold time
                                              0.430422   data required time
---------------------------------------------------------------------------------------------
                                              0.430422   data required time
                                             -0.618562   data arrival time
---------------------------------------------------------------------------------------------
                                              0.188140   slack (MET)


Startpoint: _148_ (rising edge-triggered flip-flop clocked by clk)
Endpoint: _148_ (rising edge-triggered flip-flop clocked by clk)
Path Group: clk
Path Type: min

Fanout         Cap        Slew       Delay        Time   Description
---------------------------------------------------------------------------------------------
                                  0.000000    0.000000   clock clk (rise edge)
                                  0.000000    0.000000   clock source latency
     1    0.011497    0.043610    0.028873    0.028873 ^ clk (in)
                                                         clk (net)
                      0.043617    0.000000    0.028873 ^ clkbuf_0_clk/A (sky130_fd_sc_hd__clkbuf_16)
     2    0.020345    0.031400    0.088117    0.116990 ^ clkbuf_0_clk/X (sky130_fd_sc_hd__clkbuf_16)
                                                         clknet_0_clk (net)
                      0.031406    0.000791    0.117781 ^ clkbuf_1_0__f_clk/A (sky130_fd_sc_hd__clkbuf_16)
     5    0.015660    0.028304    0.081425    0.199206 ^ clkbuf_1_0__f_clk/X (sky130_fd_sc_hd__clkbuf_16)
                                                         clknet_1_0__leaf_clk (net)
                      0.028311    0.000716    0.199922 ^ _148_/CLK (sky130_fd_sc_hd__dfrtp_2)
     7    0.022865    0.090006    0.260785    0.460708 ^ _148_/Q (sky130_fd_sc_hd__dfrtp_2)
                                                         counter[1] (net)
                      0.090044    0.001742    0.462449 ^ _109_/B (sky130_fd_sc_hd__or2_1)
     1    0.002930    0.030436    0.069858    0.532307 ^ _109_/X (sky130_fd_sc_hd__or2_1)
                                                         _052_ (net)
                      0.030437    0.000177    0.532484 ^ _110_/C (sky130_fd_sc_hd__and3_1)
     1    0.002717    0.033584    0.086959    0.619443 ^ _110_/X (sky130_fd_sc_hd__and3_1)
                                                         _001_ (net)
                      0.033585    0.000188    0.619630 ^ _148_/D (sky130_fd_sc_hd__dfrtp_2)
                                              0.619630   data arrival time

                                  0.000000    0.000000   clock clk (rise edge)
                                  0.000000    0.000000   clock source latency
     1    0.011497    0.043610    0.028873    0.028873 ^ clk (in)
                                                         clk (net)
                      0.043617    0.000000    0.028873 ^ clkbuf_0_clk/A (sky130_fd_sc_hd__clkbuf_16)
     2    0.020345    0.031400    0.088117    0.116990 ^ clkbuf_0_clk/X (sky130_fd_sc_hd__clkbuf_16)
                                                         clknet_0_clk (net)
                      0.031406    0.000791    0.117781 ^ clkbuf_1_0__f_clk/A (sky130_fd_sc_hd__clkbuf_16)
     5    0.015660    0.028304    0.081425    0.199206 ^ clkbuf_1_0__f_clk/X (sky130_fd_sc_hd__clkbuf_16)
                                                         clknet_1_0__leaf_clk (net)
                      0.028311    0.000716    0.199922 ^ _148_/CLK (sky130_fd_sc_hd__dfrtp_2)
                                  0.250000    0.449922   clock uncertainty
                                  0.000000    0.449922   clock reconvergence pessimism
                                 -0.020002    0.429920   library hold time
                                              0.429920   data required time
---------------------------------------------------------------------------------------------
                                              0.429920   data required time
                                             -0.619630   data arrival time
---------------------------------------------------------------------------------------------
                                              0.189710   slack (MET)


Startpoint: _154_ (rising edge-triggered flip-flop clocked by clk)
Endpoint: _153_ (rising edge-triggered flip-flop clocked by clk)
Path Group: clk
Path Type: min

Fanout         Cap        Slew       Delay        Time   Description
---------------------------------------------------------------------------------------------
                                  0.000000    0.000000   clock clk (rise edge)
                                  0.000000    0.000000   clock source latency
     1    0.011497    0.043610    0.028873    0.028873 ^ clk (in)
                                                         clk (net)
                      0.043617    0.000000    0.028873 ^ clkbuf_0_clk/A (sky130_fd_sc_hd__clkbuf_16)
     2    0.020345    0.031400    0.088117    0.116990 ^ clkbuf_0_clk/X (sky130_fd_sc_hd__clkbuf_16)
                                                         clknet_0_clk (net)
                      0.031414    0.001036    0.118026 ^ clkbuf_1_1__f_clk/A (sky130_fd_sc_hd__clkbuf_16)
     5    0.014940    0.027828    0.080957    0.198983 ^ clkbuf_1_1__f_clk/X (sky130_fd_sc_hd__clkbuf_16)
                                                         clknet_1_1__leaf_clk (net)
                      0.027835    0.000750    0.199733 ^ _154_/CLK (sky130_fd_sc_hd__dfrtp_2)
     4    0.023245    0.091278    0.261456    0.461189 ^ _154_/Q (sky130_fd_sc_hd__dfrtp_2)
                                                         counter[7] (net)
                      0.091324    0.001890    0.463080 ^ _107_/A1 (sky130_fd_sc_hd__o22ai_4)
     8    0.024126    0.044107    0.060399    0.523478 v _107_/Y (sky130_fd_sc_hd__o22ai_4)
                                                         _051_ (net)
                      0.044349    0.002442    0.525921 v _126_/A (sky130_fd_sc_hd__and3_1)
     1    0.003347    0.025281    0.094009    0.619929 v _126_/X (sky130_fd_sc_hd__and3_1)
                                                         _006_ (net)
                      0.025282    0.000214    0.620144 v _153_/D (sky130_fd_sc_hd__dfrtp_1)
                                              0.620144   data arrival time

                                  0.000000    0.000000   clock clk (rise edge)
                                  0.000000    0.000000   clock source latency
     1    0.011497    0.043610    0.028873    0.028873 ^ clk (in)
                                                         clk (net)
                      0.043617    0.000000    0.028873 ^ clkbuf_0_clk/A (sky130_fd_sc_hd__clkbuf_16)
     2    0.020345    0.031400    0.088117    0.116990 ^ clkbuf_0_clk/X (sky130_fd_sc_hd__clkbuf_16)
                                                         clknet_0_clk (net)
                      0.031414    0.001036    0.118026 ^ clkbuf_1_1__f_clk/A (sky130_fd_sc_hd__clkbuf_16)
     5    0.014940    0.027828    0.080957    0.198983 ^ clkbuf_1_1__f_clk/X (sky130_fd_sc_hd__clkbuf_16)
                                                         clknet_1_1__leaf_clk (net)
                      0.027840    0.000988    0.199971 ^ _153_/CLK (sky130_fd_sc_hd__dfrtp_1)
                                  0.250000    0.449971   clock uncertainty
                                  0.000000    0.449971   clock reconvergence pessimism
                                 -0.030510    0.419461   library hold time
                                              0.419461   data required time
---------------------------------------------------------------------------------------------
                                              0.419461   data required time
                                             -0.620144   data arrival time
---------------------------------------------------------------------------------------------
                                              0.200682   slack (MET)


Startpoint: rst (input port clocked by clk)
Endpoint: _153_ (removal check against rising-edge clock clk)
Path Group: asynchronous
Path Type: min

Fanout         Cap        Slew       Delay        Time   Description
---------------------------------------------------------------------------------------------
                                  0.000000    0.000000   clock clk (rise edge)
                                  0.000000    0.000000   clock network delay (propagated)
                                  1.000000    1.000000 v input external delay
     1    0.002358    0.004069    0.001923    1.001923 v rst (in)
                                                         rst (net)
                      0.004072    0.000000    1.001923 v hold1/A (sky130_fd_sc_hd__dlygate4sd3_1)
     1    0.002760    0.037869    0.351134    1.353056 v hold1/X (sky130_fd_sc_hd__dlygate4sd3_1)
                                                         net11 (net)
                      0.037869    0.000180    1.353237 v input9/A (sky130_fd_sc_hd__clkbuf_4)
     9    0.050495    0.077762    0.140272    1.493508 v input9/X (sky130_fd_sc_hd__clkbuf_4)
                                                         net9 (net)
                      0.077892    0.002341    1.495849 v _144_/A (sky130_fd_sc_hd__inv_2)
     1    0.003967    0.028551    0.045863    1.541712 ^ _144_/Y (sky130_fd_sc_hd__inv_2)
                                                         _016_ (net)
                      0.028551    0.000098    1.541810 ^ _153_/RESET_B (sky130_fd_sc_hd__dfrtp_1)
                                              1.541810   data arrival time

                                  0.000000    0.000000   clock clk (rise edge)
                                  0.000000    0.000000   clock source latency
     1    0.011497    0.043610    0.028873    0.028873 ^ clk (in)
                                                         clk (net)
                      0.043617    0.000000    0.028873 ^ clkbuf_0_clk/A (sky130_fd_sc_hd__clkbuf_16)
     2    0.020345    0.031400    0.088117    0.116990 ^ clkbuf_0_clk/X (sky130_fd_sc_hd__clkbuf_16)
                                                         clknet_0_clk (net)
                      0.031414    0.001036    0.118026 ^ clkbuf_1_1__f_clk/A (sky130_fd_sc_hd__clkbuf_16)
     5    0.014940    0.027828    0.080957    0.198983 ^ clkbuf_1_1__f_clk/X (sky130_fd_sc_hd__clkbuf_16)
                                                         clknet_1_1__leaf_clk (net)
                      0.027840    0.000988    0.199971 ^ _153_/CLK (sky130_fd_sc_hd__dfrtp_1)
                                  0.250000    0.449971   clock uncertainty
                                  0.000000    0.449971   clock reconvergence pessimism
                                  0.196059    0.646030   library removal time
                                              0.646030   data required time
---------------------------------------------------------------------------------------------
                                              0.646030   data required time
                                             -1.541810   data arrival time
---------------------------------------------------------------------------------------------
                                              0.895780   slack (MET)


Startpoint: rst (input port clocked by clk)
Endpoint: _150_ (removal check against rising-edge clock clk)
Path Group: asynchronous
Path Type: min

Fanout         Cap        Slew       Delay        Time   Description
---------------------------------------------------------------------------------------------
                                  0.000000    0.000000   clock clk (rise edge)
                                  0.000000    0.000000   clock network delay (propagated)
                                  1.000000    1.000000 v input external delay
     1    0.002358    0.004069    0.001923    1.001923 v rst (in)
                                                         rst (net)
                      0.004072    0.000000    1.001923 v hold1/A (sky130_fd_sc_hd__dlygate4sd3_1)
     1    0.002760    0.037869    0.351134    1.353056 v hold1/X (sky130_fd_sc_hd__dlygate4sd3_1)
                                                         net11 (net)
                      0.037869    0.000180    1.353237 v input9/A (sky130_fd_sc_hd__clkbuf_4)
     9    0.050495    0.077762    0.140272    1.493508 v input9/X (sky130_fd_sc_hd__clkbuf_4)
                                                         net9 (net)
                      0.078140    0.004283    1.497791 v _141_/A (sky130_fd_sc_hd__inv_2)
     1    0.003928    0.028483    0.045781    1.543572 ^ _141_/Y (sky130_fd_sc_hd__inv_2)
                                                         _013_ (net)
                      0.028483    0.000097    1.543669 ^ _150_/RESET_B (sky130_fd_sc_hd__dfrtp_1)
                                              1.543669   data arrival time

                                  0.000000    0.000000   clock clk (rise edge)
                                  0.000000    0.000000   clock source latency
     1    0.011497    0.043610    0.028873    0.028873 ^ clk (in)
                                                         clk (net)
                      0.043617    0.000000    0.028873 ^ clkbuf_0_clk/A (sky130_fd_sc_hd__clkbuf_16)
     2    0.020345    0.031400    0.088117    0.116990 ^ clkbuf_0_clk/X (sky130_fd_sc_hd__clkbuf_16)
                                                         clknet_0_clk (net)
                      0.031406    0.000791    0.117781 ^ clkbuf_1_0__f_clk/A (sky130_fd_sc_hd__clkbuf_16)
     5    0.015660    0.028304    0.081425    0.199206 ^ clkbuf_1_0__f_clk/X (sky130_fd_sc_hd__clkbuf_16)
                                                         clknet_1_0__leaf_clk (net)
                      0.028320    0.001148    0.200353 ^ _150_/CLK (sky130_fd_sc_hd__dfrtp_1)
                                  0.250000    0.450353   clock uncertainty
                                  0.000000    0.450353   clock reconvergence pessimism
                                  0.196107    0.646461   library removal time
                                              0.646461   data required time
---------------------------------------------------------------------------------------------
                                              0.646461   data required time
                                             -1.543669   data arrival time
---------------------------------------------------------------------------------------------
                                              0.897208   slack (MET)


Startpoint: rst (input port clocked by clk)
Endpoint: _146_ (removal check against rising-edge clock clk)
Path Group: asynchronous
Path Type: min

Fanout         Cap        Slew       Delay        Time   Description
---------------------------------------------------------------------------------------------
                                  0.000000    0.000000   clock clk (rise edge)
                                  0.000000    0.000000   clock network delay (propagated)
                                  1.000000    1.000000 v input external delay
     1    0.002358    0.004069    0.001923    1.001923 v rst (in)
                                                         rst (net)
                      0.004072    0.000000    1.001923 v hold1/A (sky130_fd_sc_hd__dlygate4sd3_1)
     1    0.002760    0.037869    0.351134    1.353056 v hold1/X (sky130_fd_sc_hd__dlygate4sd3_1)
                                                         net11 (net)
                      0.037869    0.000180    1.353237 v input9/A (sky130_fd_sc_hd__clkbuf_4)
     9    0.050495    0.077762    0.140272    1.493508 v input9/X (sky130_fd_sc_hd__clkbuf_4)
                                                         net9 (net)
                      0.078174    0.004479    1.497987 v _081_/A (sky130_fd_sc_hd__inv_2)
     1    0.003915    0.028468    0.045686    1.543673 ^ _081_/Y (sky130_fd_sc_hd__inv_2)
                                                         _009_ (net)
                      0.028469    0.000208    1.543882 ^ _146_/RESET_B (sky130_fd_sc_hd__dfrtp_1)
                                              1.543882   data arrival time

                                  0.000000    0.000000   clock clk (rise edge)
                                  0.000000    0.000000   clock source latency
     1    0.011497    0.043610    0.028873    0.028873 ^ clk (in)
                                                         clk (net)
                      0.043617    0.000000    0.028873 ^ clkbuf_0_clk/A (sky130_fd_sc_hd__clkbuf_16)
     2    0.020345    0.031400    0.088117    0.116990 ^ clkbuf_0_clk/X (sky130_fd_sc_hd__clkbuf_16)
                                                         clknet_0_clk (net)
                      0.031414    0.001036    0.118026 ^ clkbuf_1_1__f_clk/A (sky130_fd_sc_hd__clkbuf_16)
     5    0.014940    0.027828    0.080957    0.198983 ^ clkbuf_1_1__f_clk/X (sky130_fd_sc_hd__clkbuf_16)
                                                         clknet_1_1__leaf_clk (net)
                      0.027836    0.000792    0.199775 ^ _146_/CLK (sky130_fd_sc_hd__dfrtp_1)
                                  0.250000    0.449775   clock uncertainty
                                  0.000000    0.449775   clock reconvergence pessimism
                                  0.196037    0.645812   library removal time
                                              0.645812   data required time
---------------------------------------------------------------------------------------------
                                              0.645812   data required time
                                             -1.543882   data arrival time
---------------------------------------------------------------------------------------------
                                              0.898070   slack (MET)


Startpoint: rst (input port clocked by clk)
Endpoint: _151_ (removal check against rising-edge clock clk)
Path Group: asynchronous
Path Type: min

Fanout         Cap        Slew       Delay        Time   Description
---------------------------------------------------------------------------------------------
                                  0.000000    0.000000   clock clk (rise edge)
                                  0.000000    0.000000   clock network delay (propagated)
                                  1.000000    1.000000 v input external delay
     1    0.002358    0.004069    0.001923    1.001923 v rst (in)
                                                         rst (net)
                      0.004072    0.000000    1.001923 v hold1/A (sky130_fd_sc_hd__dlygate4sd3_1)
     1    0.002760    0.037869    0.351134    1.353056 v hold1/X (sky130_fd_sc_hd__dlygate4sd3_1)
                                                         net11 (net)
                      0.037869    0.000180    1.353237 v input9/A (sky130_fd_sc_hd__clkbuf_4)
     9    0.050495    0.077762    0.140272    1.493508 v input9/X (sky130_fd_sc_hd__clkbuf_4)
                                                         net9 (net)
                      0.078174    0.004480    1.497988 v _142_/A (sky130_fd_sc_hd__inv_2)
     1    0.004086    0.028951    0.046398    1.544386 ^ _142_/Y (sky130_fd_sc_hd__inv_2)
                                                         _014_ (net)
                      0.028951    0.000104    1.544490 ^ _151_/RESET_B (sky130_fd_sc_hd__dfrtp_2)
                                              1.544490   data arrival time

                                  0.000000    0.000000   clock clk (rise edge)
                                  0.000000    0.000000   clock source latency
     1    0.011497    0.043610    0.028873    0.028873 ^ clk (in)
                                                         clk (net)
                      0.043617    0.000000    0.028873 ^ clkbuf_0_clk/A (sky130_fd_sc_hd__clkbuf_16)
     2    0.020345    0.031400    0.088117    0.116990 ^ clkbuf_0_clk/X (sky130_fd_sc_hd__clkbuf_16)
                                                         clknet_0_clk (net)
                      0.031406    0.000791    0.117781 ^ clkbuf_1_0__f_clk/A (sky130_fd_sc_hd__clkbuf_16)
     5    0.015660    0.028304    0.081425    0.199206 ^ clkbuf_1_0__f_clk/X (sky130_fd_sc_hd__clkbuf_16)
                                                         clknet_1_0__leaf_clk (net)
                      0.028316    0.000981    0.200187 ^ _151_/CLK (sky130_fd_sc_hd__dfrtp_2)
                                  0.250000    0.450187   clock uncertainty
                                  0.000000    0.450187   clock reconvergence pessimism
                                  0.196228    0.646415   library removal time
                                              0.646415   data required time
---------------------------------------------------------------------------------------------
                                              0.646415   data required time
                                             -1.544490   data arrival time
---------------------------------------------------------------------------------------------
                                              0.898075   slack (MET)


Startpoint: rst (input port clocked by clk)
Endpoint: _154_ (removal check against rising-edge clock clk)
Path Group: asynchronous
Path Type: min

Fanout         Cap        Slew       Delay        Time   Description
---------------------------------------------------------------------------------------------
                                  0.000000    0.000000   clock clk (rise edge)
                                  0.000000    0.000000   clock network delay (propagated)
                                  1.000000    1.000000 v input external delay
     1    0.002358    0.004069    0.001923    1.001923 v rst (in)
                                                         rst (net)
                      0.004072    0.000000    1.001923 v hold1/A (sky130_fd_sc_hd__dlygate4sd3_1)
     1    0.002760    0.037869    0.351134    1.353056 v hold1/X (sky130_fd_sc_hd__dlygate4sd3_1)
                                                         net11 (net)
                      0.037869    0.000180    1.353237 v input9/A (sky130_fd_sc_hd__clkbuf_4)
     9    0.050495    0.077762    0.140272    1.493508 v input9/X (sky130_fd_sc_hd__clkbuf_4)
                                                         net9 (net)
                      0.077970    0.003100    1.496608 v _145_/A (sky130_fd_sc_hd__inv_2)
     1    0.004374    0.029801    0.047395    1.544003 ^ _145_/Y (sky130_fd_sc_hd__inv_2)
                                                         _017_ (net)
                      0.029801    0.000237    1.544240 ^ _154_/RESET_B (sky130_fd_sc_hd__dfrtp_2)
                                              1.544240   data arrival time

                                  0.000000    0.000000   clock clk (rise edge)
                                  0.000000    0.000000   clock source latency
     1    0.011497    0.043610    0.028873    0.028873 ^ clk (in)
                                                         clk (net)
                      0.043617    0.000000    0.028873 ^ clkbuf_0_clk/A (sky130_fd_sc_hd__clkbuf_16)
     2    0.020345    0.031400    0.088117    0.116990 ^ clkbuf_0_clk/X (sky130_fd_sc_hd__clkbuf_16)
                                                         clknet_0_clk (net)
                      0.031414    0.001036    0.118026 ^ clkbuf_1_1__f_clk/A (sky130_fd_sc_hd__clkbuf_16)
     5    0.014940    0.027828    0.080957    0.198983 ^ clkbuf_1_1__f_clk/X (sky130_fd_sc_hd__clkbuf_16)
                                                         clknet_1_1__leaf_clk (net)
                      0.027835    0.000750    0.199733 ^ _154_/CLK (sky130_fd_sc_hd__dfrtp_2)
                                  0.250000    0.449733   clock uncertainty
                                  0.000000    0.449733   clock reconvergence pessimism
                                  0.196383    0.646116   library removal time
                                              0.646116   data required time
---------------------------------------------------------------------------------------------
                                              0.646116   data required time
                                             -1.544240   data arrival time
---------------------------------------------------------------------------------------------
                                              0.898124   slack (MET)


Startpoint: rst (input port clocked by clk)
Endpoint: _148_ (removal check against rising-edge clock clk)
Path Group: asynchronous
Path Type: min

Fanout         Cap        Slew       Delay        Time   Description
---------------------------------------------------------------------------------------------
                                  0.000000    0.000000   clock clk (rise edge)
                                  0.000000    0.000000   clock network delay (propagated)
                                  1.000000    1.000000 v input external delay
     1    0.002358    0.004069    0.001923    1.001923 v rst (in)
                                                         rst (net)
                      0.004072    0.000000    1.001923 v hold1/A (sky130_fd_sc_hd__dlygate4sd3_1)
     1    0.002760    0.037869    0.351134    1.353056 v hold1/X (sky130_fd_sc_hd__dlygate4sd3_1)
                                                         net11 (net)
                      0.037869    0.000180    1.353237 v input9/A (sky130_fd_sc_hd__clkbuf_4)
     9    0.050495    0.077762    0.140272    1.493508 v input9/X (sky130_fd_sc_hd__clkbuf_4)
                                                         net9 (net)
                      0.078287    0.005070    1.498578 v _139_/A (sky130_fd_sc_hd__inv_2)
     1    0.003893    0.028426    0.045637    1.544215 ^ _139_/Y (sky130_fd_sc_hd__inv_2)
                                                         _011_ (net)
                      0.028428    0.000207    1.544422 ^ _148_/RESET_B (sky130_fd_sc_hd__dfrtp_2)
                                              1.544422   data arrival time

                                  0.000000    0.000000   clock clk (rise edge)
                                  0.000000    0.000000   clock source latency
     1    0.011497    0.043610    0.028873    0.028873 ^ clk (in)
                                                         clk (net)
                      0.043617    0.000000    0.028873 ^ clkbuf_0_clk/A (sky130_fd_sc_hd__clkbuf_16)
     2    0.020345    0.031400    0.088117    0.116990 ^ clkbuf_0_clk/X (sky130_fd_sc_hd__clkbuf_16)
                                                         clknet_0_clk (net)
                      0.031406    0.000791    0.117781 ^ clkbuf_1_0__f_clk/A (sky130_fd_sc_hd__clkbuf_16)
     5    0.015660    0.028304    0.081425    0.199206 ^ clkbuf_1_0__f_clk/X (sky130_fd_sc_hd__clkbuf_16)
                                                         clknet_1_0__leaf_clk (net)
                      0.028311    0.000716    0.199922 ^ _148_/CLK (sky130_fd_sc_hd__dfrtp_2)
                                  0.250000    0.449922   clock uncertainty
                                  0.000000    0.449922   clock reconvergence pessimism
                                  0.196092    0.646014   library removal time
                                              0.646014   data required time
---------------------------------------------------------------------------------------------
                                              0.646014   data required time
                                             -1.544422   data arrival time
---------------------------------------------------------------------------------------------
                                              0.898408   slack (MET)


Startpoint: rst (input port clocked by clk)
Endpoint: _147_ (removal check against rising-edge clock clk)
Path Group: asynchronous
Path Type: min

Fanout         Cap        Slew       Delay        Time   Description
---------------------------------------------------------------------------------------------
                                  0.000000    0.000000   clock clk (rise edge)
                                  0.000000    0.000000   clock network delay (propagated)
                                  1.000000    1.000000 v input external delay
     1    0.002358    0.004069    0.001923    1.001923 v rst (in)
                                                         rst (net)
                      0.004072    0.000000    1.001923 v hold1/A (sky130_fd_sc_hd__dlygate4sd3_1)
     1    0.002760    0.037869    0.351134    1.353056 v hold1/X (sky130_fd_sc_hd__dlygate4sd3_1)
                                                         net11 (net)
                      0.037869    0.000180    1.353237 v input9/A (sky130_fd_sc_hd__clkbuf_4)
     9    0.050495    0.077762    0.140272    1.493508 v input9/X (sky130_fd_sc_hd__clkbuf_4)
                                                         net9 (net)
                      0.078214    0.004697    1.498206 v _138_/A (sky130_fd_sc_hd__inv_2)
     1    0.004118    0.029055    0.046534    1.544739 ^ _138_/Y (sky130_fd_sc_hd__inv_2)
                                                         _010_ (net)
                      0.029055    0.000105    1.544845 ^ _147_/RESET_B (sky130_fd_sc_hd__dfrtp_2)
                                              1.544845   data arrival time

                                  0.000000    0.000000   clock clk (rise edge)
                                  0.000000    0.000000   clock source latency
     1    0.011497    0.043610    0.028873    0.028873 ^ clk (in)
                                                         clk (net)
                      0.043617    0.000000    0.028873 ^ clkbuf_0_clk/A (sky130_fd_sc_hd__clkbuf_16)
     2    0.020345    0.031400    0.088117    0.116990 ^ clkbuf_0_clk/X (sky130_fd_sc_hd__clkbuf_16)
                                                         clknet_0_clk (net)
                      0.031406    0.000791    0.117781 ^ clkbuf_1_0__f_clk/A (sky130_fd_sc_hd__clkbuf_16)
     5    0.015660    0.028304    0.081425    0.199206 ^ clkbuf_1_0__f_clk/X (sky130_fd_sc_hd__clkbuf_16)
                                                         clknet_1_0__leaf_clk (net)
                      0.028314    0.000891    0.200096 ^ _147_/CLK (sky130_fd_sc_hd__dfrtp_2)
                                  0.250000    0.450096   clock uncertainty
                                  0.000000    0.450096   clock reconvergence pessimism
                                  0.196255    0.646352   library removal time
                                              0.646352   data required time
---------------------------------------------------------------------------------------------
                                              0.646352   data required time
                                             -1.544845   data arrival time
---------------------------------------------------------------------------------------------
                                              0.898493   slack (MET)


Startpoint: rst (input port clocked by clk)
Endpoint: _149_ (removal check against rising-edge clock clk)
Path Group: asynchronous
Path Type: min

Fanout         Cap        Slew       Delay        Time   Description
---------------------------------------------------------------------------------------------
                                  0.000000    0.000000   clock clk (rise edge)
                                  0.000000    0.000000   clock network delay (propagated)
                                  1.000000    1.000000 v input external delay
     1    0.002358    0.004069    0.001923    1.001923 v rst (in)
                                                         rst (net)
                      0.004072    0.000000    1.001923 v hold1/A (sky130_fd_sc_hd__dlygate4sd3_1)
     1    0.002760    0.037869    0.351134    1.353056 v hold1/X (sky130_fd_sc_hd__dlygate4sd3_1)
                                                         net11 (net)
                      0.037869    0.000180    1.353237 v input9/A (sky130_fd_sc_hd__clkbuf_4)
     9    0.050495    0.077762    0.140272    1.493508 v input9/X (sky130_fd_sc_hd__clkbuf_4)
                                                         net9 (net)
                      0.078274    0.005009    1.498518 v _140_/A (sky130_fd_sc_hd__inv_2)
     1    0.004096    0.029001    0.046468    1.544986 ^ _140_/Y (sky130_fd_sc_hd__inv_2)
                                                         _012_ (net)
                      0.029001    0.000103    1.545089 ^ _149_/RESET_B (sky130_fd_sc_hd__dfrtp_2)
                                              1.545089   data arrival time

                                  0.000000    0.000000   clock clk (rise edge)
                                  0.000000    0.000000   clock source latency
     1    0.011497    0.043610    0.028873    0.028873 ^ clk (in)
                                                         clk (net)
                      0.043617    0.000000    0.028873 ^ clkbuf_0_clk/A (sky130_fd_sc_hd__clkbuf_16)
     2    0.020345    0.031400    0.088117    0.116990 ^ clkbuf_0_clk/X (sky130_fd_sc_hd__clkbuf_16)
                                                         clknet_0_clk (net)
                      0.031406    0.000791    0.117781 ^ clkbuf_1_0__f_clk/A (sky130_fd_sc_hd__clkbuf_16)
     5    0.015660    0.028304    0.081425    0.199206 ^ clkbuf_1_0__f_clk/X (sky130_fd_sc_hd__clkbuf_16)
                                                         clknet_1_0__leaf_clk (net)
                      0.028311    0.000714    0.199920 ^ _149_/CLK (sky130_fd_sc_hd__dfrtp_2)
                                  0.250000    0.449920   clock uncertainty
                                  0.000000    0.449920   clock reconvergence pessimism
                                  0.196241    0.646160   library removal time
                                              0.646160   data required time
---------------------------------------------------------------------------------------------
                                              0.646160   data required time
                                             -1.545089   data arrival time
---------------------------------------------------------------------------------------------
                                              0.898928   slack (MET)


Startpoint: rst (input port clocked by clk)
Endpoint: _152_ (removal check against rising-edge clock clk)
Path Group: asynchronous
Path Type: min

Fanout         Cap        Slew       Delay        Time   Description
---------------------------------------------------------------------------------------------
                                  0.000000    0.000000   clock clk (rise edge)
                                  0.000000    0.000000   clock network delay (propagated)
                                  1.000000    1.000000 v input external delay
     1    0.002358    0.004069    0.001923    1.001923 v rst (in)
                                                         rst (net)
                      0.004072    0.000000    1.001923 v hold1/A (sky130_fd_sc_hd__dlygate4sd3_1)
     1    0.002760    0.037869    0.351134    1.353056 v hold1/X (sky130_fd_sc_hd__dlygate4sd3_1)
                                                         net11 (net)
                      0.037869    0.000180    1.353237 v input9/A (sky130_fd_sc_hd__clkbuf_4)
     9    0.050495    0.077762    0.140272    1.493508 v input9/X (sky130_fd_sc_hd__clkbuf_4)
                                                         net9 (net)
                      0.078119    0.004159    1.497667 v _143_/A (sky130_fd_sc_hd__inv_2)
     1    0.004510    0.030274    0.048021    1.545688 ^ _143_/Y (sky130_fd_sc_hd__inv_2)
                                                         _015_ (net)
                      0.030274    0.000120    1.545808 ^ _152_/RESET_B (sky130_fd_sc_hd__dfrtp_1)
                                              1.545808   data arrival time

                                  0.000000    0.000000   clock clk (rise edge)
                                  0.000000    0.000000   clock source latency
     1    0.011497    0.043610    0.028873    0.028873 ^ clk (in)
                                                         clk (net)
                      0.043617    0.000000    0.028873 ^ clkbuf_0_clk/A (sky130_fd_sc_hd__clkbuf_16)
     2    0.020345    0.031400    0.088117    0.116990 ^ clkbuf_0_clk/X (sky130_fd_sc_hd__clkbuf_16)
                                                         clknet_0_clk (net)
                      0.031414    0.001036    0.118026 ^ clkbuf_1_1__f_clk/A (sky130_fd_sc_hd__clkbuf_16)
     5    0.014940    0.027828    0.080957    0.198983 ^ clkbuf_1_1__f_clk/X (sky130_fd_sc_hd__clkbuf_16)
                                                         clknet_1_1__leaf_clk (net)
                      0.027840    0.001010    0.199993 ^ _152_/CLK (sky130_fd_sc_hd__dfrtp_1)
                                  0.250000    0.449993   clock uncertainty
                                  0.000000    0.449993   clock reconvergence pessimism
                                  0.196507    0.646500   library removal time
                                              0.646500   data required time
---------------------------------------------------------------------------------------------
                                              0.646500   data required time
                                             -1.545808   data arrival time
---------------------------------------------------------------------------------------------
                                              0.899308   slack (MET)


Startpoint: _146_ (rising edge-triggered flip-flop clocked by clk)
Endpoint: out (output port clocked by clk)
Path Group: clk
Path Type: min

Fanout         Cap        Slew       Delay        Time   Description
---------------------------------------------------------------------------------------------
                                  0.000000    0.000000   clock clk (rise edge)
                                  0.000000    0.000000   clock source latency
     1    0.011497    0.043610    0.028873    0.028873 ^ clk (in)
                                                         clk (net)
                      0.043617    0.000000    0.028873 ^ clkbuf_0_clk/A (sky130_fd_sc_hd__clkbuf_16)
     2    0.020345    0.031400    0.088117    0.116990 ^ clkbuf_0_clk/X (sky130_fd_sc_hd__clkbuf_16)
                                                         clknet_0_clk (net)
                      0.031414    0.001036    0.118026 ^ clkbuf_1_1__f_clk/A (sky130_fd_sc_hd__clkbuf_16)
     5    0.014940    0.027828    0.080957    0.198983 ^ clkbuf_1_1__f_clk/X (sky130_fd_sc_hd__clkbuf_16)
                                                         clknet_1_1__leaf_clk (net)
                      0.027836    0.000792    0.199775 ^ _146_/CLK (sky130_fd_sc_hd__dfrtp_1)
     1    0.002884    0.032113    0.196034    0.395809 ^ _146_/Q (sky130_fd_sc_hd__dfrtp_1)
                                                         net10 (net)
                      0.032113    0.000179    0.395989 ^ output10/A (sky130_fd_sc_hd__buf_2)
     1    0.034921    0.130239    0.138449    0.534438 ^ output10/X (sky130_fd_sc_hd__buf_2)
                                                         out (net)
                      0.130275    0.001789    0.536227 ^ out (out)
                                              0.536227   data arrival time

                                  0.000000    0.000000   clock clk (rise edge)
                                  0.000000    0.000000   clock network delay (propagated)
                                  0.250000    0.250000   clock uncertainty
                                  0.000000    0.250000   clock reconvergence pessimism
                                 -1.000000   -0.750000   output external delay
                                             -0.750000   data required time
---------------------------------------------------------------------------------------------
                                             -0.750000   data required time
                                             -0.536227   data arrival time
---------------------------------------------------------------------------------------------
                                              1.286227   slack (MET)



