
===========================================================================
report_checks -path_delay max (Setup)
============================================================================
======================= nom_tt_025C_1v80 Corner ===================================

Startpoint: div_i[2] (input port clocked by clk)
Endpoint: div_ready_o (output port clocked by clk)
Path Group: clk
Path Type: max

Fanout         Cap        Slew       Delay        Time   Description
---------------------------------------------------------------------------------------------
                      0.000000    0.000000    0.000000   clock clk (rise edge)
                                  0.000000    0.000000   clock network delay (ideal)
                                  1.000000    1.000000 v input external delay
     4    0.008633    0.021922    0.013949    1.013949 v div_i[2] (in)
                                                         div_i[2] (net)
                      0.021922    0.000000    1.013949 v _182_/A (sky130_fd_sc_hd__or2_2)
     1    0.002229    0.052199    0.274682    1.288631 v _182_/X (sky130_fd_sc_hd__or2_2)
                                                         _035_ (net)
                      0.052199    0.000000    1.288631 v _186_/A1 (sky130_fd_sc_hd__a221o_2)
     1    0.001344    0.046768    0.335041    1.623671 v _186_/X (sky130_fd_sc_hd__a221o_2)
                                                         _039_ (net)
                      0.046768    0.000000    1.623671 v _194_/A (sky130_fd_sc_hd__or4_2)
     2    0.006416    0.116614    0.679735    2.303407 v _194_/X (sky130_fd_sc_hd__or4_2)
                                                         _047_ (net)
                      0.116614    0.000000    2.303407 v _196_/A (sky130_fd_sc_hd__nor2_2)
     1    0.002507    0.061444    0.118290    2.421696 ^ _196_/Y (sky130_fd_sc_hd__nor2_2)
                                                         _049_ (net)
                      0.061444    0.000000    2.421696 ^ _197_/A3 (sky130_fd_sc_hd__a31o_2)
     1    0.033442    0.198859    0.271893    2.693589 ^ _197_/X (sky130_fd_sc_hd__a31o_2)
                                                         div_ready_o (net)
                      0.198859    0.000000    2.693589 ^ div_ready_o (out)
                                              2.693589   data arrival time

                      0.000000    5.000000    5.000000   clock clk (rise edge)
                                  0.000000    5.000000   clock network delay (ideal)
                                 -0.250000    4.750000   clock uncertainty
                                  0.000000    4.750000   clock reconvergence pessimism
                                 -1.000000    3.750000   output external delay
                                              3.750000   data required time
---------------------------------------------------------------------------------------------
                                              3.750000   data required time
                                             -2.693589   data arrival time
---------------------------------------------------------------------------------------------
                                              1.056411   slack (MET)


Startpoint: test_mode_en_i (input port clocked by clk)
Endpoint: clk_o (output port clocked by clk)
Path Group: clk
Path Type: max

Fanout         Cap        Slew       Delay        Time   Description
---------------------------------------------------------------------------------------------
                      0.000000    0.000000    0.000000   clock clk (rise edge)
                                  0.000000    0.000000   clock network delay (ideal)
                                  1.000000    1.000000 v input external delay
     2    0.005551    0.015239    0.008959    1.008958 v test_mode_en_i (in)
                                                         test_mode_en_i (net)
                      0.015239    0.000000    1.008958 v _198_/B (sky130_fd_sc_hd__nor2_2)
     1    0.003520    0.069494    0.065401    1.074360 ^ _198_/Y (sky130_fd_sc_hd__nor2_2)
                                                         _050_ (net)
                      0.069494    0.000000    1.074360 ^ _201_/S (sky130_fd_sc_hd__mux2_1)
     3    0.007400    0.080051    0.348522    1.422881 v _201_/X (sky130_fd_sc_hd__mux2_1)
                                                         _002_ (net)
                      0.080051    0.000000    1.422881 v _206_/B (sky130_fd_sc_hd__and2_2)
     1    0.033442    0.101846    0.276140    1.699021 v _206_/X (sky130_fd_sc_hd__and2_2)
                                                         clk_o (net)
                      0.101846    0.000000    1.699021 v clk_o (out)
                                              1.699021   data arrival time

                      0.000000    5.000000    5.000000   clock clk (rise edge)
                                  0.000000    5.000000   clock network delay (ideal)
                                 -0.250000    4.750000   clock uncertainty
                                  0.000000    4.750000   clock reconvergence pessimism
                                 -1.000000    3.750000   output external delay
                                              3.750000   data required time
---------------------------------------------------------------------------------------------
                                              3.750000   data required time
                                             -1.699021   data arrival time
---------------------------------------------------------------------------------------------
                                              2.050979   slack (MET)



