Clock: clk
Sources: clk 
Generated: no
Virtual: yes
Propagated: no
Period: 5.000000

===========================================================================
report_clock_properties
============================================================================
Clock                   Period          Waveform
----------------------------------------------------
clk                   5.000000    0.000000  2.500000

===========================================================================
report_clock_latency
============================================================================
Clock clk
rise -> rise
    min     max
0.000000 0.000000 source latency
0.281107         network latency _146_/CLK
        0.281928 network latency _150_/CLK
---------------
0.281107 0.281928 latency
        0.000822 skew

fall -> fall
    min     max
0.000000 0.000000 source latency
0.286207         network latency _146_/CLK
        0.287027 network latency _150_/CLK
---------------
0.286207 0.287027 latency
        0.000820 skew



===========================================================================
report_clock_min_period
============================================================================
clk period_min = 1.95 fmax = 513.56
