
===========================================================================
report_checks -unconstrained
===========================================================================
======================= nom_tt_025C_1v80 Corner ===================================

Startpoint: rst (input port clocked by clk)
Endpoint: _226_ (recovery check against rising-edge clock clk)
Path Group: asynchronous
Path Type: max

Fanout         Cap        Slew       Delay        Time   Description
---------------------------------------------------------------------------------------------
                      0.150000    0.000000    0.000000   clock clk (rise edge)
                                  0.000000    0.000000   clock network delay (ideal)
                                  1.000000    1.000000 v input external delay
    17    0.072692    0.157824    0.116854    1.116854 v rst (in)
                                                         rst (net)
                      0.157824    0.000000    1.116854 v _126_/A (sky130_fd_sc_hd__inv_2)
     1    0.003612    0.048273    0.078709    1.195563 ^ _126_/Y (sky130_fd_sc_hd__inv_2)
                                                         _016_ (net)
                      0.048273    0.000000    1.195563 ^ _226_/RESET_B (sky130_fd_sc_hd__dfrtp_2)
                                              1.195563   data arrival time

                      0.150000    5.000000    5.000000   clock clk (rise edge)
                                  0.000000    5.000000   clock network delay (ideal)
                                 -0.250000    4.750000   clock uncertainty
                                  0.000000    4.750000   clock reconvergence pessimism
                                              4.750000 ^ _226_/CLK (sky130_fd_sc_hd__dfrtp_2)
                                  0.250453    5.000453   library recovery time
                                              5.000453   data required time
---------------------------------------------------------------------------------------------
                                              5.000453   data required time
                                             -1.195563   data arrival time
---------------------------------------------------------------------------------------------
                                              3.804890   slack (MET)


Startpoint: psc[14] (input port clocked by clk)
Endpoint: _233_ (rising edge-triggered flip-flop clocked by clk)
Path Group: clk
Path Type: max

Fanout         Cap        Slew       Delay        Time   Description
---------------------------------------------------------------------------------------------
                      0.150000    0.000000    0.000000   clock clk (rise edge)
                                  0.000000    0.000000   clock network delay (ideal)
                                  1.000000    1.000000 ^ input external delay
     1    0.004642    0.028737    0.016653    1.016653 ^ psc[14] (in)
                                                         psc[14] (net)
                      0.028737    0.000000    1.016653 ^ _114_/A (sky130_fd_sc_hd__inv_2)
     2    0.003252    0.012738    0.022837    1.039490 v _114_/Y (sky130_fd_sc_hd__inv_2)
                                                         _084_ (net)
                      0.012738    0.000000    1.039490 v _127_/B1 (sky130_fd_sc_hd__a2bb2o_2)
     2    0.002734    0.043302    0.235844    1.275334 v _127_/X (sky130_fd_sc_hd__a2bb2o_2)
                                                         _096_ (net)
                      0.043302    0.000000    1.275334 v _134_/A (sky130_fd_sc_hd__or4bb_2)
     2    0.002777    0.093338    0.617804    1.893138 v _134_/X (sky130_fd_sc_hd__or4bb_2)
                                                         _103_ (net)
                      0.093338    0.000000    1.893138 v _162_/A (sky130_fd_sc_hd__or4b_2)
     1    0.002161    0.095610    0.663235    2.556372 v _162_/X (sky130_fd_sc_hd__or4b_2)
                                                         _052_ (net)
                      0.095610    0.000000    2.556372 v _163_/A2 (sky130_fd_sc_hd__o211a_2)
    17    0.031181    0.104809    0.333821    2.890193 v _163_/X (sky130_fd_sc_hd__o211a_2)
                                                         _053_ (net)
                      0.104809    0.000000    2.890193 v _188_/B (sky130_fd_sc_hd__and3b_2)
     1    0.001949    0.035834    0.209846    3.100039 v _188_/X (sky130_fd_sc_hd__and3b_2)
                                                         _013_ (net)
                      0.035834    0.000000    3.100039 v _233_/D (sky130_fd_sc_hd__dfrtp_2)
                                              3.100039   data arrival time

                      0.150000    5.000000    5.000000   clock clk (rise edge)
                                  0.000000    5.000000   clock network delay (ideal)
                                 -0.250000    4.750000   clock uncertainty
                                  0.000000    4.750000   clock reconvergence pessimism
                                              4.750000 ^ _233_/CLK (sky130_fd_sc_hd__dfrtp_2)
                                 -0.087209    4.662791   library setup time
                                              4.662791   data required time
---------------------------------------------------------------------------------------------
                                              4.662791   data required time
                                             -3.100039   data arrival time
---------------------------------------------------------------------------------------------
                                              1.562751   slack (MET)




===========================================================================
report_checks --slack_max -0.01
============================================================================
======================= nom_tt_025C_1v80 Corner ===================================

No paths found.


===========================================================================
 report_check_types -max_slew -max_cap -max_fanout -violators
============================================================================
======================= nom_tt_025C_1v80 Corner ===================================

max fanout

Pin                                   Limit Fanout  Slack
---------------------------------------------------------
rst                                      10     17     -7 (VIOLATED)
_163_/X                                  10     17     -7 (VIOLATED)



===========================================================================
report_parasitic_annotation -report_unannotated
============================================================================
Found 148 unannotated drivers.
 clk
 psc[0]
 psc[10]
 psc[11]
 psc[12]
 psc[13]
 psc[14]
 psc[15]
 psc[1]
 psc[2]
 psc[3]
 psc[4]
 psc[5]
 psc[6]
 psc[7]
 psc[8]
 psc[9]
 rst
 _113_/Y
 _114_/Y
 _115_/Y
 _116_/Y
 _117_/Y
 _118_/Y
 _119_/Y
 _120_/Y
 _121_/Y
 _122_/Y
 _123_/Y
 _124_/Y
 _125_/Y
 _126_/Y
 _127_/X
 _128_/X
 _129_/X
 _130_/X
 _131_/X
 _132_/X
 _133_/Y
 _134_/X
 _135_/Y
 _136_/Y
 _137_/Y
 _138_/X
 _139_/Y
 _140_/Y
 _141_/X
 _142_/X
 _143_/X
 _144_/X
 _145_/X
 _146_/X
 _147_/X
 _148_/Y
 _149_/X
 _150_/Y
 _151_/Y
 _152_/X
 _153_/X
 _154_/X
 _155_/Y
 _156_/X
 _157_/X
 _158_/Y
 _159_/Y
 _160_/X
 _161_/X
 _162_/X
 _163_/X
 _164_/Y
 _165_/X
 _166_/X
 _167_/Y
 _168_/X
 _169_/X
 _170_/Y
 _171_/X
 _172_/X
 _173_/X
 _174_/X
 _175_/X
 _176_/Y
 _177_/X
 _178_/X
 _179_/X
 _180_/X
 _181_/X
 _182_/Y
 _183_/X
 _184_/X
 _185_/Y
 _186_/X
 _187_/Y
 _188_/X
 _189_/X
 _190_/X
 _191_/X
 _192_/Y
 _193_/Y
 _194_/X
 _195_/Y
 _196_/X
 _197_/X
 _198_/X
 _199_/X
 _200_/X
 _201_/Y
 _202_/X
 _203_/X
 _204_/Y
 _205_/X
 _206_/X
 _207_/Y
 _208_/X
 _209_/Y
 _210_/Y
 _211_/Y
 _212_/Y
 _213_/Y
 _214_/Y
 _215_/Y
 _216_/Y
 _217_/Y
 _218_/Y
 _219_/Y
 _220_/Y
 _221_/Y
 _222_/Y
 _223_/Y
 _224_/Y
 _225_/Y
 _226_/Q
 _227_/Q
 _228_/Q
 _229_/Q
 _230_/Q
 _231_/Q
 _232_/Q
 _233_/Q
 _234_/Q
 _235_/Q
 _236_/Q
 _237_/Q
 _238_/Q
 _239_/Q
 _240_/Q
 _241_/Q
 _242_/Q
Found 0 partially unannotated drivers.

===========================================================================
max slew violation count 0
max fanout violation count 2
max cap violation count 0
============================================================================

===========================================================================
check_setup -verbose -unconstrained_endpoints -multiple_clock -no_clock -no_input_delay -loops -generated_clocks
===========================================================================
