
===========================================================================
report_checks -path_delay min (Hold)
============================================================================
======================= nom_tt_025C_1v80 Corner ===================================

Startpoint: _241_ (rising edge-triggered flip-flop clocked by clk)
Endpoint: _241_ (rising edge-triggered flip-flop clocked by clk)
Path Group: clk
Path Type: min

Fanout         Cap        Slew       Delay        Time   Description
---------------------------------------------------------------------------------------------
                      0.150000    0.000000    0.000000   clock clk (rise edge)
                                  0.000000    0.000000   clock network delay (ideal)
                      0.150000    0.000000    0.000000 ^ _241_/CLK (sky130_fd_sc_hd__dfrtp_2)
     2    0.005767    0.048111    0.428761    0.428761 v _241_/Q (sky130_fd_sc_hd__dfrtp_2)
                                                         psc_cnt[15] (net)
                      0.048111    0.000000    0.428761 v _113_/A (sky130_fd_sc_hd__inv_2)
     2    0.006429    0.038169    0.053613    0.482374 ^ _113_/Y (sky130_fd_sc_hd__inv_2)
                                                         _083_ (net)
                      0.038169    0.000000    0.482374 ^ _209_/A1 (sky130_fd_sc_hd__a21boi_2)
     1    0.001949    0.027160    0.036666    0.519039 v _209_/Y (sky130_fd_sc_hd__a21boi_2)
                                                         _006_ (net)
                      0.027160    0.000000    0.519039 v _241_/D (sky130_fd_sc_hd__dfrtp_2)
                                              0.519039   data arrival time

                      0.150000    0.000000    0.000000   clock clk (rise edge)
                                  0.000000    0.000000   clock network delay (ideal)
                                  0.250000    0.250000   clock uncertainty
                                  0.000000    0.250000   clock reconvergence pessimism
                                              0.250000 ^ _241_/CLK (sky130_fd_sc_hd__dfrtp_2)
                                 -0.010909    0.239091   library hold time
                                              0.239091   data required time
---------------------------------------------------------------------------------------------
                                              0.239091   data required time
                                             -0.519039   data arrival time
---------------------------------------------------------------------------------------------
                                              0.279948   slack (MET)


Startpoint: _242_ (rising edge-triggered flip-flop clocked by clk)
Endpoint: _242_ (rising edge-triggered flip-flop clocked by clk)
Path Group: clk
Path Type: min

Fanout         Cap        Slew       Delay        Time   Description
---------------------------------------------------------------------------------------------
                      0.150000    0.000000    0.000000   clock clk (rise edge)
                                  0.000000    0.000000   clock network delay (ideal)
                      0.150000    0.000000    0.000000 ^ _242_/CLK (sky130_fd_sc_hd__dfrtp_2)
     2    0.042482    0.212101    0.513884    0.513884 ^ _242_/Q (sky130_fd_sc_hd__dfrtp_2)
                                                         out (net)
                      0.212101    0.000000    0.513884 ^ _164_/A (sky130_fd_sc_hd__xnor2_2)
     1    0.001949    0.030031    0.086266    0.600150 v _164_/Y (sky130_fd_sc_hd__xnor2_2)
                                                         _033_ (net)
                      0.030031    0.000000    0.600150 v _242_/D (sky130_fd_sc_hd__dfrtp_2)
                                              0.600150   data arrival time

                      0.150000    0.000000    0.000000   clock clk (rise edge)
                                  0.000000    0.000000   clock network delay (ideal)
                                  0.250000    0.250000   clock uncertainty
                                  0.000000    0.250000   clock reconvergence pessimism
                                              0.250000 ^ _242_/CLK (sky130_fd_sc_hd__dfrtp_2)
                                 -0.012076    0.237924   library hold time
                                              0.237924   data required time
---------------------------------------------------------------------------------------------
                                              0.237924   data required time
                                             -0.600150   data arrival time
---------------------------------------------------------------------------------------------
                                              0.362225   slack (MET)


Startpoint: _233_ (rising edge-triggered flip-flop clocked by clk)
Endpoint: _233_ (rising edge-triggered flip-flop clocked by clk)
Path Group: clk
Path Type: min

Fanout         Cap        Slew       Delay        Time   Description
---------------------------------------------------------------------------------------------
                      0.150000    0.000000    0.000000   clock clk (rise edge)
                                  0.000000    0.000000   clock network delay (ideal)
                      0.150000    0.000000    0.000000 ^ _233_/CLK (sky130_fd_sc_hd__dfrtp_2)
     3    0.007563    0.060404    0.390682    0.390682 ^ _233_/Q (sky130_fd_sc_hd__dfrtp_2)
                                                         psc_cnt[7] (net)
                      0.060404    0.000000    0.390682 ^ _119_/A (sky130_fd_sc_hd__inv_2)
     3    0.010691    0.031608    0.046425    0.437106 v _119_/Y (sky130_fd_sc_hd__inv_2)
                                                         _089_ (net)
                      0.031608    0.000000    0.437106 v _185_/A (sky130_fd_sc_hd__nand2_2)
     1    0.001584    0.022487    0.036628    0.473735 ^ _185_/Y (sky130_fd_sc_hd__nand2_2)
                                                         _067_ (net)
                      0.022487    0.000000    0.473735 ^ _188_/C (sky130_fd_sc_hd__and3b_2)
     1    0.002005    0.039230    0.158508    0.632243 ^ _188_/X (sky130_fd_sc_hd__and3b_2)
                                                         _013_ (net)
                      0.039230    0.000000    0.632243 ^ _233_/D (sky130_fd_sc_hd__dfrtp_2)
                                              0.632243   data arrival time

                      0.150000    0.000000    0.000000   clock clk (rise edge)
                                  0.000000    0.000000   clock network delay (ideal)
                                  0.250000    0.250000   clock uncertainty
                                  0.000000    0.250000   clock reconvergence pessimism
                                              0.250000 ^ _233_/CLK (sky130_fd_sc_hd__dfrtp_2)
                                 -0.019150    0.230850   library hold time
                                              0.230850   data required time
---------------------------------------------------------------------------------------------
                                              0.230850   data required time
                                             -0.632243   data arrival time
---------------------------------------------------------------------------------------------
                                              0.401393   slack (MET)


Startpoint: _239_ (rising edge-triggered flip-flop clocked by clk)
Endpoint: _239_ (rising edge-triggered flip-flop clocked by clk)
Path Group: clk
Path Type: min

Fanout         Cap        Slew       Delay        Time   Description
---------------------------------------------------------------------------------------------
                      0.150000    0.000000    0.000000   clock clk (rise edge)
                                  0.000000    0.000000   clock network delay (ideal)
                      0.150000    0.000000    0.000000 ^ _239_/CLK (sky130_fd_sc_hd__dfrtp_2)
     2    0.006089    0.054122    0.384341    0.384341 ^ _239_/Q (sky130_fd_sc_hd__dfrtp_2)
                                                         psc_cnt[13] (net)
                      0.054122    0.000000    0.384341 ^ _115_/A (sky130_fd_sc_hd__inv_2)
     3    0.008220    0.026204    0.040044    0.424385 v _115_/Y (sky130_fd_sc_hd__inv_2)
                                                         _085_ (net)
                      0.026204    0.000000    0.424385 v _204_/A1 (sky130_fd_sc_hd__a21oi_2)
     1    0.001541    0.055450    0.085349    0.509734 ^ _204_/Y (sky130_fd_sc_hd__a21oi_2)
                                                         _080_ (net)
                      0.055450    0.000000    0.509734 ^ _205_/B (sky130_fd_sc_hd__and2_2)
     1    0.002005    0.033873    0.126642    0.636377 ^ _205_/X (sky130_fd_sc_hd__and2_2)
                                                         _004_ (net)
                      0.033873    0.000000    0.636377 ^ _239_/D (sky130_fd_sc_hd__dfrtp_2)
                                              0.636377   data arrival time

                      0.150000    0.000000    0.000000   clock clk (rise edge)
                                  0.000000    0.000000   clock network delay (ideal)
                                  0.250000    0.250000   clock uncertainty
                                  0.000000    0.250000   clock reconvergence pessimism
                                              0.250000 ^ _239_/CLK (sky130_fd_sc_hd__dfrtp_2)
                                 -0.018055    0.231945   library hold time
                                              0.231945   data required time
---------------------------------------------------------------------------------------------
                                              0.231945   data required time
                                             -0.636377   data arrival time
---------------------------------------------------------------------------------------------
                                              0.404431   slack (MET)


Startpoint: _240_ (rising edge-triggered flip-flop clocked by clk)
Endpoint: _240_ (rising edge-triggered flip-flop clocked by clk)
Path Group: clk
Path Type: min

Fanout         Cap        Slew       Delay        Time   Description
---------------------------------------------------------------------------------------------
                      0.150000    0.000000    0.000000   clock clk (rise edge)
                                  0.000000    0.000000   clock network delay (ideal)
                      0.150000    0.000000    0.000000 ^ _240_/CLK (sky130_fd_sc_hd__dfrtp_2)
     4    0.009799    0.069934    0.400300    0.400300 ^ _240_/Q (sky130_fd_sc_hd__dfrtp_2)
                                                         psc_cnt[14] (net)
                      0.069934    0.000000    0.400300 ^ _207_/A (sky130_fd_sc_hd__nand2_2)
     2    0.006028    0.038367    0.053480    0.453780 v _207_/Y (sky130_fd_sc_hd__nand2_2)
                                                         _082_ (net)
                      0.038367    0.000000    0.453780 v _208_/C (sky130_fd_sc_hd__and3_2)
     1    0.001949    0.031869    0.193929    0.647709 v _208_/X (sky130_fd_sc_hd__and3_2)
                                                         _005_ (net)
                      0.031869    0.000000    0.647709 v _240_/D (sky130_fd_sc_hd__dfrtp_2)
                                              0.647709   data arrival time

                      0.150000    0.000000    0.000000   clock clk (rise edge)
                                  0.000000    0.000000   clock network delay (ideal)
                                  0.250000    0.250000   clock uncertainty
                                  0.000000    0.250000   clock reconvergence pessimism
                                              0.250000 ^ _240_/CLK (sky130_fd_sc_hd__dfrtp_2)
                                 -0.012823    0.237177   library hold time
                                              0.237177   data required time
---------------------------------------------------------------------------------------------
                                              0.237177   data required time
                                             -0.647709   data arrival time
---------------------------------------------------------------------------------------------
                                              0.410532   slack (MET)


Startpoint: _231_ (rising edge-triggered flip-flop clocked by clk)
Endpoint: _231_ (rising edge-triggered flip-flop clocked by clk)
Path Group: clk
Path Type: min

Fanout         Cap        Slew       Delay        Time   Description
---------------------------------------------------------------------------------------------
                      0.150000    0.000000    0.000000   clock clk (rise edge)
                                  0.000000    0.000000   clock network delay (ideal)
                      0.150000    0.000000    0.000000 ^ _231_/CLK (sky130_fd_sc_hd__dfrtp_2)
     4    0.010437    0.072653    0.403044    0.403044 ^ _231_/Q (sky130_fd_sc_hd__dfrtp_2)
                                                         psc_cnt[5] (net)
                      0.072653    0.000000    0.403044 ^ _178_/B1 (sky130_fd_sc_hd__a21o_2)
     1    0.001584    0.021871    0.083152    0.486196 ^ _178_/X (sky130_fd_sc_hd__a21o_2)
                                                         _062_ (net)
                      0.021871    0.000000    0.486196 ^ _181_/C (sky130_fd_sc_hd__and3b_2)
     1    0.002005    0.039307    0.158310    0.644506 ^ _181_/X (sky130_fd_sc_hd__and3b_2)
                                                         _011_ (net)
                      0.039307    0.000000    0.644506 ^ _231_/D (sky130_fd_sc_hd__dfrtp_2)
                                              0.644506   data arrival time

                      0.150000    0.000000    0.000000   clock clk (rise edge)
                                  0.000000    0.000000   clock network delay (ideal)
                                  0.250000    0.250000   clock uncertainty
                                  0.000000    0.250000   clock reconvergence pessimism
                                              0.250000 ^ _231_/CLK (sky130_fd_sc_hd__dfrtp_2)
                                 -0.019166    0.230834   library hold time
                                              0.230834   data required time
---------------------------------------------------------------------------------------------
                                              0.230834   data required time
                                             -0.644506   data arrival time
---------------------------------------------------------------------------------------------
                                              0.413672   slack (MET)


Startpoint: _234_ (rising edge-triggered flip-flop clocked by clk)
Endpoint: _234_ (rising edge-triggered flip-flop clocked by clk)
Path Group: clk
Path Type: min

Fanout         Cap        Slew       Delay        Time   Description
---------------------------------------------------------------------------------------------
                      0.150000    0.000000    0.000000   clock clk (rise edge)
                                  0.000000    0.000000   clock network delay (ideal)
                      0.150000    0.000000    0.000000 ^ _234_/CLK (sky130_fd_sc_hd__dfrtp_2)
     3    0.007722    0.061082    0.391366    0.391366 ^ _234_/Q (sky130_fd_sc_hd__dfrtp_2)
                                                         psc_cnt[8] (net)
                      0.061082    0.000000    0.391366 ^ _189_/A (sky130_fd_sc_hd__or2_2)
     1    0.001584    0.024115    0.095989    0.487354 ^ _189_/X (sky130_fd_sc_hd__or2_2)
                                                         _070_ (net)
                      0.024115    0.000000    0.487354 ^ _191_/C (sky130_fd_sc_hd__and3b_2)
     1    0.002005    0.039320    0.158971    0.646325 ^ _191_/X (sky130_fd_sc_hd__and3b_2)
                                                         _014_ (net)
                      0.039320    0.000000    0.646325 ^ _234_/D (sky130_fd_sc_hd__dfrtp_2)
                                              0.646325   data arrival time

                      0.150000    0.000000    0.000000   clock clk (rise edge)
                                  0.000000    0.000000   clock network delay (ideal)
                                  0.250000    0.250000   clock uncertainty
                                  0.000000    0.250000   clock reconvergence pessimism
                                              0.250000 ^ _234_/CLK (sky130_fd_sc_hd__dfrtp_2)
                                 -0.019168    0.230832   library hold time
                                              0.230832   data required time
---------------------------------------------------------------------------------------------
                                              0.230832   data required time
                                             -0.646325   data arrival time
---------------------------------------------------------------------------------------------
                                              0.415493   slack (MET)


Startpoint: _229_ (rising edge-triggered flip-flop clocked by clk)
Endpoint: _229_ (rising edge-triggered flip-flop clocked by clk)
Path Group: clk
Path Type: min

Fanout         Cap        Slew       Delay        Time   Description
---------------------------------------------------------------------------------------------
                      0.150000    0.000000    0.000000   clock clk (rise edge)
                                  0.000000    0.000000   clock network delay (ideal)
                      0.150000    0.000000    0.000000 ^ _229_/CLK (sky130_fd_sc_hd__dfrtp_2)
     4    0.009000    0.066528    0.396863    0.396863 ^ _229_/Q (sky130_fd_sc_hd__dfrtp_2)
                                                         psc_cnt[3] (net)
                      0.066528    0.000000    0.396863 ^ _172_/B1 (sky130_fd_sc_hd__a31o_2)
     1    0.001584    0.026454    0.090002    0.486865 ^ _172_/X (sky130_fd_sc_hd__a31o_2)
                                                         _058_ (net)
                      0.026454    0.000000    0.486865 ^ _174_/C (sky130_fd_sc_hd__and3b_2)
     1    0.002005    0.039326    0.159588    0.646453 ^ _174_/X (sky130_fd_sc_hd__and3b_2)
                                                         _009_ (net)
                      0.039326    0.000000    0.646453 ^ _229_/D (sky130_fd_sc_hd__dfrtp_2)
                                              0.646453   data arrival time

                      0.150000    0.000000    0.000000   clock clk (rise edge)
                                  0.000000    0.000000   clock network delay (ideal)
                                  0.250000    0.250000   clock uncertainty
                                  0.000000    0.250000   clock reconvergence pessimism
                                              0.250000 ^ _229_/CLK (sky130_fd_sc_hd__dfrtp_2)
                                 -0.019169    0.230831   library hold time
                                              0.230831   data required time
---------------------------------------------------------------------------------------------
                                              0.230831   data required time
                                             -0.646453   data arrival time
---------------------------------------------------------------------------------------------
                                              0.415623   slack (MET)


Startpoint: _230_ (rising edge-triggered flip-flop clocked by clk)
Endpoint: _230_ (rising edge-triggered flip-flop clocked by clk)
Path Group: clk
Path Type: min

Fanout         Cap        Slew       Delay        Time   Description
---------------------------------------------------------------------------------------------
                      0.150000    0.000000    0.000000   clock clk (rise edge)
                                  0.000000    0.000000   clock network delay (ideal)
                      0.150000    0.000000    0.000000 ^ _230_/CLK (sky130_fd_sc_hd__dfrtp_2)
     6    0.017390    0.102548    0.428880    0.428880 ^ _230_/Q (sky130_fd_sc_hd__dfrtp_2)
                                                         psc_cnt[4] (net)
                      0.102548    0.000000    0.428880 ^ _176_/A (sky130_fd_sc_hd__nand2_2)
     1    0.001455    0.025452    0.041954    0.470834 v _176_/Y (sky130_fd_sc_hd__nand2_2)
                                                         _061_ (net)
                      0.025452    0.000000    0.470834 v _177_/C (sky130_fd_sc_hd__and3_2)
     1    0.001949    0.031869    0.188323    0.659157 v _177_/X (sky130_fd_sc_hd__and3_2)
                                                         _010_ (net)
                      0.031869    0.000000    0.659157 v _230_/D (sky130_fd_sc_hd__dfrtp_2)
                                              0.659157   data arrival time

                      0.150000    0.000000    0.000000   clock clk (rise edge)
                                  0.000000    0.000000   clock network delay (ideal)
                                  0.250000    0.250000   clock uncertainty
                                  0.000000    0.250000   clock reconvergence pessimism
                                              0.250000 ^ _230_/CLK (sky130_fd_sc_hd__dfrtp_2)
                                 -0.012823    0.237177   library hold time
                                              0.237177   data required time
---------------------------------------------------------------------------------------------
                                              0.237177   data required time
                                             -0.659157   data arrival time
---------------------------------------------------------------------------------------------
                                              0.421980   slack (MET)


Startpoint: _237_ (rising edge-triggered flip-flop clocked by clk)
Endpoint: _237_ (rising edge-triggered flip-flop clocked by clk)
Path Group: clk
Path Type: min

Fanout         Cap        Slew       Delay        Time   Description
---------------------------------------------------------------------------------------------
                      0.150000    0.000000    0.000000   clock clk (rise edge)
                                  0.000000    0.000000   clock network delay (ideal)
                      0.150000    0.000000    0.000000 ^ _237_/CLK (sky130_fd_sc_hd__dfrtp_2)
     4    0.010228    0.071762    0.402145    0.402145 ^ _237_/Q (sky130_fd_sc_hd__dfrtp_2)
                                                         psc_cnt[11] (net)
                      0.071762    0.000000    0.402145 ^ _197_/B1 (sky130_fd_sc_hd__a31o_2)
     1    0.001584    0.026564    0.091802    0.493948 ^ _197_/X (sky130_fd_sc_hd__a31o_2)
                                                         _075_ (net)
                      0.026564    0.000000    0.493948 ^ _199_/C (sky130_fd_sc_hd__and3b_2)
     1    0.002005    0.039320    0.159617    0.653565 ^ _199_/X (sky130_fd_sc_hd__and3b_2)
                                                         _002_ (net)
                      0.039320    0.000000    0.653565 ^ _237_/D (sky130_fd_sc_hd__dfrtp_2)
                                              0.653565   data arrival time

                      0.150000    0.000000    0.000000   clock clk (rise edge)
                                  0.000000    0.000000   clock network delay (ideal)
                                  0.250000    0.250000   clock uncertainty
                                  0.000000    0.250000   clock reconvergence pessimism
                                              0.250000 ^ _237_/CLK (sky130_fd_sc_hd__dfrtp_2)
                                 -0.019168    0.230832   library hold time
                                              0.230832   data required time
---------------------------------------------------------------------------------------------
                                              0.230832   data required time
                                             -0.653565   data arrival time
---------------------------------------------------------------------------------------------
                                              0.422733   slack (MET)


Startpoint: _238_ (rising edge-triggered flip-flop clocked by clk)
Endpoint: _238_ (rising edge-triggered flip-flop clocked by clk)
Path Group: clk
Path Type: min

Fanout         Cap        Slew       Delay        Time   Description
---------------------------------------------------------------------------------------------
                      0.150000    0.000000    0.000000   clock clk (rise edge)
                                  0.000000    0.000000   clock network delay (ideal)
                      0.150000    0.000000    0.000000 ^ _238_/CLK (sky130_fd_sc_hd__dfrtp_2)
     4    0.012304    0.080610    0.411076    0.411076 ^ _238_/Q (sky130_fd_sc_hd__dfrtp_2)
                                                         psc_cnt[12] (net)
                      0.080610    0.000000    0.411076 ^ _201_/A (sky130_fd_sc_hd__nand2_2)
     2    0.006064    0.038805    0.056185    0.467260 v _201_/Y (sky130_fd_sc_hd__nand2_2)
                                                         _078_ (net)
                      0.038805    0.000000    0.467260 v _202_/C (sky130_fd_sc_hd__and3_2)
     1    0.001949    0.031869    0.194119    0.661380 v _202_/X (sky130_fd_sc_hd__and3_2)
                                                         _003_ (net)
                      0.031869    0.000000    0.661380 v _238_/D (sky130_fd_sc_hd__dfrtp_2)
                                              0.661380   data arrival time

                      0.150000    0.000000    0.000000   clock clk (rise edge)
                                  0.000000    0.000000   clock network delay (ideal)
                                  0.250000    0.250000   clock uncertainty
                                  0.000000    0.250000   clock reconvergence pessimism
                                              0.250000 ^ _238_/CLK (sky130_fd_sc_hd__dfrtp_2)
                                 -0.012823    0.237177   library hold time
                                              0.237177   data required time
---------------------------------------------------------------------------------------------
                                              0.237177   data required time
                                             -0.661380   data arrival time
---------------------------------------------------------------------------------------------
                                              0.424203   slack (MET)


Startpoint: _226_ (rising edge-triggered flip-flop clocked by clk)
Endpoint: _226_ (rising edge-triggered flip-flop clocked by clk)
Path Group: clk
Path Type: min

Fanout         Cap        Slew       Delay        Time   Description
---------------------------------------------------------------------------------------------
                      0.150000    0.000000    0.000000   clock clk (rise edge)
                                  0.000000    0.000000   clock network delay (ideal)
                      0.150000    0.000000    0.000000 ^ _226_/CLK (sky130_fd_sc_hd__dfrtp_2)
     8    0.021502    0.120302    0.443001    0.443001 ^ _226_/Q (sky130_fd_sc_hd__dfrtp_2)
                                                         psc_cnt[0] (net)
                      0.120302    0.000000    0.443001 ^ _165_/A_N (sky130_fd_sc_hd__and2b_2)
     1    0.001949    0.032784    0.220151    0.663152 v _165_/X (sky130_fd_sc_hd__and2b_2)
                                                         _000_ (net)
                      0.032784    0.000000    0.663152 v _226_/D (sky130_fd_sc_hd__dfrtp_2)
                                              0.663152   data arrival time

                      0.150000    0.000000    0.000000   clock clk (rise edge)
                                  0.000000    0.000000   clock network delay (ideal)
                                  0.250000    0.250000   clock uncertainty
                                  0.000000    0.250000   clock reconvergence pessimism
                                              0.250000 ^ _226_/CLK (sky130_fd_sc_hd__dfrtp_2)
                                 -0.013195    0.236805   library hold time
                                              0.236805   data required time
---------------------------------------------------------------------------------------------
                                              0.236805   data required time
                                             -0.663152   data arrival time
---------------------------------------------------------------------------------------------
                                              0.426347   slack (MET)


Startpoint: _232_ (rising edge-triggered flip-flop clocked by clk)
Endpoint: _232_ (rising edge-triggered flip-flop clocked by clk)
Path Group: clk
Path Type: min

Fanout         Cap        Slew       Delay        Time   Description
---------------------------------------------------------------------------------------------
                      0.150000    0.000000    0.000000   clock clk (rise edge)
                                  0.000000    0.000000   clock network delay (ideal)
                      0.150000    0.000000    0.000000 ^ _232_/CLK (sky130_fd_sc_hd__dfrtp_2)
     4    0.012310    0.080635    0.411101    0.411101 ^ _232_/Q (sky130_fd_sc_hd__dfrtp_2)
                                                         psc_cnt[6] (net)
                      0.080635    0.000000    0.411101 ^ _182_/A (sky130_fd_sc_hd__nand2_2)
     3    0.009826    0.049496    0.068201    0.479302 v _182_/Y (sky130_fd_sc_hd__nand2_2)
                                                         _065_ (net)
                      0.049496    0.000000    0.479302 v _184_/B (sky130_fd_sc_hd__and3_2)
     1    0.001949    0.031869    0.184854    0.664156 v _184_/X (sky130_fd_sc_hd__and3_2)
                                                         _012_ (net)
                      0.031869    0.000000    0.664156 v _232_/D (sky130_fd_sc_hd__dfrtp_2)
                                              0.664156   data arrival time

                      0.150000    0.000000    0.000000   clock clk (rise edge)
                                  0.000000    0.000000   clock network delay (ideal)
                                  0.250000    0.250000   clock uncertainty
                                  0.000000    0.250000   clock reconvergence pessimism
                                              0.250000 ^ _232_/CLK (sky130_fd_sc_hd__dfrtp_2)
                                 -0.012823    0.237177   library hold time
                                              0.237177   data required time
---------------------------------------------------------------------------------------------
                                              0.237177   data required time
                                             -0.664156   data arrival time
---------------------------------------------------------------------------------------------
                                              0.426979   slack (MET)


Startpoint: _228_ (rising edge-triggered flip-flop clocked by clk)
Endpoint: _228_ (rising edge-triggered flip-flop clocked by clk)
Path Group: clk
Path Type: min

Fanout         Cap        Slew       Delay        Time   Description
---------------------------------------------------------------------------------------------
                      0.150000    0.000000    0.000000   clock clk (rise edge)
                                  0.000000    0.000000   clock network delay (ideal)
                      0.150000    0.000000    0.000000 ^ _228_/CLK (sky130_fd_sc_hd__dfrtp_2)
     6    0.016006    0.096572    0.424127    0.424127 ^ _228_/Q (sky130_fd_sc_hd__dfrtp_2)
                                                         psc_cnt[2] (net)
                      0.096572    0.000000    0.424127 ^ _169_/B1 (sky130_fd_sc_hd__a21o_2)
     1    0.001535    0.022285    0.090604    0.514731 ^ _169_/X (sky130_fd_sc_hd__a21o_2)
                                                         _056_ (net)
                      0.022285    0.000000    0.514731 ^ _171_/B (sky130_fd_sc_hd__and3_2)
     1    0.002005    0.038934    0.147769    0.662500 ^ _171_/X (sky130_fd_sc_hd__and3_2)
                                                         _008_ (net)
                      0.038934    0.000000    0.662500 ^ _228_/D (sky130_fd_sc_hd__dfrtp_2)
                                              0.662500   data arrival time

                      0.150000    0.000000    0.000000   clock clk (rise edge)
                                  0.000000    0.000000   clock network delay (ideal)
                                  0.250000    0.250000   clock uncertainty
                                  0.000000    0.250000   clock reconvergence pessimism
                                              0.250000 ^ _228_/CLK (sky130_fd_sc_hd__dfrtp_2)
                                 -0.019089    0.230911   library hold time
                                              0.230911   data required time
---------------------------------------------------------------------------------------------
                                              0.230911   data required time
                                             -0.662500   data arrival time
---------------------------------------------------------------------------------------------
                                              0.431589   slack (MET)


Startpoint: _236_ (rising edge-triggered flip-flop clocked by clk)
Endpoint: _236_ (rising edge-triggered flip-flop clocked by clk)
Path Group: clk
Path Type: min

Fanout         Cap        Slew       Delay        Time   Description
---------------------------------------------------------------------------------------------
                      0.150000    0.000000    0.000000   clock clk (rise edge)
                                  0.000000    0.000000   clock network delay (ideal)
                      0.150000    0.000000    0.000000 ^ _236_/CLK (sky130_fd_sc_hd__dfrtp_2)
     5    0.019263    0.110635    0.435312    0.435312 ^ _236_/Q (sky130_fd_sc_hd__dfrtp_2)
                                                         psc_cnt[10] (net)
                      0.110635    0.000000    0.435312 ^ _195_/A (sky130_fd_sc_hd__xnor2_2)
     1    0.001541    0.028970    0.110135    0.545447 ^ _195_/Y (sky130_fd_sc_hd__xnor2_2)
                                                         _074_ (net)
                      0.028970    0.000000    0.545447 ^ _196_/B (sky130_fd_sc_hd__and2_2)
     1    0.002005    0.033910    0.118653    0.664100 ^ _196_/X (sky130_fd_sc_hd__and2_2)
                                                         _001_ (net)
                      0.033910    0.000000    0.664100 ^ _236_/D (sky130_fd_sc_hd__dfrtp_2)
                                              0.664100   data arrival time

                      0.150000    0.000000    0.000000   clock clk (rise edge)
                                  0.000000    0.000000   clock network delay (ideal)
                                  0.250000    0.250000   clock uncertainty
                                  0.000000    0.250000   clock reconvergence pessimism
                                              0.250000 ^ _236_/CLK (sky130_fd_sc_hd__dfrtp_2)
                                 -0.018062    0.231938   library hold time
                                              0.231938   data required time
---------------------------------------------------------------------------------------------
                                              0.231938   data required time
                                             -0.664100   data arrival time
---------------------------------------------------------------------------------------------
                                              0.432162   slack (MET)


Startpoint: _227_ (rising edge-triggered flip-flop clocked by clk)
Endpoint: _227_ (rising edge-triggered flip-flop clocked by clk)
Path Group: clk
Path Type: min

Fanout         Cap        Slew       Delay        Time   Description
---------------------------------------------------------------------------------------------
                      0.150000    0.000000    0.000000   clock clk (rise edge)
                                  0.000000    0.000000   clock network delay (ideal)
                      0.150000    0.000000    0.000000 ^ _227_/CLK (sky130_fd_sc_hd__dfrtp_2)
     8    0.022158    0.123135    0.445254    0.445254 ^ _227_/Q (sky130_fd_sc_hd__dfrtp_2)
                                                         psc_cnt[1] (net)
                      0.123135    0.000000    0.445254 ^ _167_/A (sky130_fd_sc_hd__nand2_2)
     1    0.001455    0.027905    0.044948    0.490203 v _167_/Y (sky130_fd_sc_hd__nand2_2)
                                                         _055_ (net)
                      0.027905    0.000000    0.490203 v _168_/C (sky130_fd_sc_hd__and3_2)
     1    0.001949    0.031869    0.189388    0.679591 v _168_/X (sky130_fd_sc_hd__and3_2)
                                                         _007_ (net)
                      0.031869    0.000000    0.679591 v _227_/D (sky130_fd_sc_hd__dfrtp_2)
                                              0.679591   data arrival time

                      0.150000    0.000000    0.000000   clock clk (rise edge)
                                  0.000000    0.000000   clock network delay (ideal)
                                  0.250000    0.250000   clock uncertainty
                                  0.000000    0.250000   clock reconvergence pessimism
                                              0.250000 ^ _227_/CLK (sky130_fd_sc_hd__dfrtp_2)
                                 -0.012823    0.237177   library hold time
                                              0.237177   data required time
---------------------------------------------------------------------------------------------
                                              0.237177   data required time
                                             -0.679591   data arrival time
---------------------------------------------------------------------------------------------
                                              0.442414   slack (MET)


Startpoint: _235_ (rising edge-triggered flip-flop clocked by clk)
Endpoint: _235_ (rising edge-triggered flip-flop clocked by clk)
Path Group: clk
Path Type: min

Fanout         Cap        Slew       Delay        Time   Description
---------------------------------------------------------------------------------------------
                      0.150000    0.000000    0.000000   clock clk (rise edge)
                                  0.000000    0.000000   clock network delay (ideal)
                      0.150000    0.000000    0.000000 ^ _235_/CLK (sky130_fd_sc_hd__dfrtp_2)
     5    0.017806    0.104344    0.430309    0.430309 ^ _235_/Q (sky130_fd_sc_hd__dfrtp_2)
                                                         psc_cnt[9] (net)
                      0.104344    0.000000    0.430309 ^ _193_/A (sky130_fd_sc_hd__nor2_2)
     1    0.001371    0.024304    0.043503    0.473811 v _193_/Y (sky130_fd_sc_hd__nor2_2)
                                                         _073_ (net)
                      0.024304    0.000000    0.473811 v _194_/A_N (sky130_fd_sc_hd__and3b_2)
     1    0.002005    0.039237    0.203320    0.677131 ^ _194_/X (sky130_fd_sc_hd__and3b_2)
                                                         _015_ (net)
                      0.039237    0.000000    0.677131 ^ _235_/D (sky130_fd_sc_hd__dfrtp_2)
                                              0.677131   data arrival time

                      0.150000    0.000000    0.000000   clock clk (rise edge)
                                  0.000000    0.000000   clock network delay (ideal)
                                  0.250000    0.250000   clock uncertainty
                                  0.000000    0.250000   clock reconvergence pessimism
                                              0.250000 ^ _235_/CLK (sky130_fd_sc_hd__dfrtp_2)
                                 -0.019151    0.230849   library hold time
                                              0.230849   data required time
---------------------------------------------------------------------------------------------
                                              0.230849   data required time
                                             -0.677131   data arrival time
---------------------------------------------------------------------------------------------
                                              0.446282   slack (MET)


Startpoint: rst (input port clocked by clk)
Endpoint: _226_ (removal check against rising-edge clock clk)
Path Group: asynchronous
Path Type: min

Fanout         Cap        Slew       Delay        Time   Description
---------------------------------------------------------------------------------------------
                      0.150000    0.000000    0.000000   clock clk (rise edge)
                                  0.000000    0.000000   clock network delay (ideal)
                                  1.000000    1.000000 v input external delay
    17    0.072692    0.157824    0.116854    1.116854 v rst (in)
                                                         rst (net)
                      0.157824    0.000000    1.116854 v _126_/A (sky130_fd_sc_hd__inv_2)
     1    0.003612    0.048273    0.078709    1.195563 ^ _126_/Y (sky130_fd_sc_hd__inv_2)
                                                         _016_ (net)
                      0.048273    0.000000    1.195563 ^ _226_/RESET_B (sky130_fd_sc_hd__dfrtp_2)
                                              1.195563   data arrival time

                      0.150000    0.000000    0.000000   clock clk (rise edge)
                                  0.000000    0.000000   clock network delay (ideal)
                                  0.250000    0.250000   clock uncertainty
                                  0.000000    0.250000   clock reconvergence pessimism
                                              0.250000 ^ _226_/CLK (sky130_fd_sc_hd__dfrtp_2)
                                  0.350023    0.600023   library removal time
                                              0.600023   data required time
---------------------------------------------------------------------------------------------
                                              0.600023   data required time
                                             -1.195563   data arrival time
---------------------------------------------------------------------------------------------
                                              0.595540   slack (MET)


Startpoint: rst (input port clocked by clk)
Endpoint: _227_ (removal check against rising-edge clock clk)
Path Group: asynchronous
Path Type: min

Fanout         Cap        Slew       Delay        Time   Description
---------------------------------------------------------------------------------------------
                      0.150000    0.000000    0.000000   clock clk (rise edge)
                                  0.000000    0.000000   clock network delay (ideal)
                                  1.000000    1.000000 v input external delay
    17    0.072692    0.157824    0.116854    1.116854 v rst (in)
                                                         rst (net)
                      0.157824    0.000000    1.116854 v _210_/A (sky130_fd_sc_hd__inv_2)
     1    0.003612    0.048273    0.078709    1.195563 ^ _210_/Y (sky130_fd_sc_hd__inv_2)
                                                         _017_ (net)
                      0.048273    0.000000    1.195563 ^ _227_/RESET_B (sky130_fd_sc_hd__dfrtp_2)
                                              1.195563   data arrival time

                      0.150000    0.000000    0.000000   clock clk (rise edge)
                                  0.000000    0.000000   clock network delay (ideal)
                                  0.250000    0.250000   clock uncertainty
                                  0.000000    0.250000   clock reconvergence pessimism
                                              0.250000 ^ _227_/CLK (sky130_fd_sc_hd__dfrtp_2)
                                  0.350023    0.600023   library removal time
                                              0.600023   data required time
---------------------------------------------------------------------------------------------
                                              0.600023   data required time
                                             -1.195563   data arrival time
---------------------------------------------------------------------------------------------
                                              0.595540   slack (MET)


Startpoint: rst (input port clocked by clk)
Endpoint: _228_ (removal check against rising-edge clock clk)
Path Group: asynchronous
Path Type: min

Fanout         Cap        Slew       Delay        Time   Description
---------------------------------------------------------------------------------------------
                      0.150000    0.000000    0.000000   clock clk (rise edge)
                                  0.000000    0.000000   clock network delay (ideal)
                                  1.000000    1.000000 v input external delay
    17    0.072692    0.157824    0.116854    1.116854 v rst (in)
                                                         rst (net)
                      0.157824    0.000000    1.116854 v _211_/A (sky130_fd_sc_hd__inv_2)
     1    0.003612    0.048273    0.078709    1.195563 ^ _211_/Y (sky130_fd_sc_hd__inv_2)
                                                         _018_ (net)
                      0.048273    0.000000    1.195563 ^ _228_/RESET_B (sky130_fd_sc_hd__dfrtp_2)
                                              1.195563   data arrival time

                      0.150000    0.000000    0.000000   clock clk (rise edge)
                                  0.000000    0.000000   clock network delay (ideal)
                                  0.250000    0.250000   clock uncertainty
                                  0.000000    0.250000   clock reconvergence pessimism
                                              0.250000 ^ _228_/CLK (sky130_fd_sc_hd__dfrtp_2)
                                  0.350023    0.600023   library removal time
                                              0.600023   data required time
---------------------------------------------------------------------------------------------
                                              0.600023   data required time
                                             -1.195563   data arrival time
---------------------------------------------------------------------------------------------
                                              0.595540   slack (MET)


Startpoint: rst (input port clocked by clk)
Endpoint: _229_ (removal check against rising-edge clock clk)
Path Group: asynchronous
Path Type: min

Fanout         Cap        Slew       Delay        Time   Description
---------------------------------------------------------------------------------------------
                      0.150000    0.000000    0.000000   clock clk (rise edge)
                                  0.000000    0.000000   clock network delay (ideal)
                                  1.000000    1.000000 v input external delay
    17    0.072692    0.157824    0.116854    1.116854 v rst (in)
                                                         rst (net)
                      0.157824    0.000000    1.116854 v _212_/A (sky130_fd_sc_hd__inv_2)
     1    0.003612    0.048273    0.078709    1.195563 ^ _212_/Y (sky130_fd_sc_hd__inv_2)
                                                         _019_ (net)
                      0.048273    0.000000    1.195563 ^ _229_/RESET_B (sky130_fd_sc_hd__dfrtp_2)
                                              1.195563   data arrival time

                      0.150000    0.000000    0.000000   clock clk (rise edge)
                                  0.000000    0.000000   clock network delay (ideal)
                                  0.250000    0.250000   clock uncertainty
                                  0.000000    0.250000   clock reconvergence pessimism
                                              0.250000 ^ _229_/CLK (sky130_fd_sc_hd__dfrtp_2)
                                  0.350023    0.600023   library removal time
                                              0.600023   data required time
---------------------------------------------------------------------------------------------
                                              0.600023   data required time
                                             -1.195563   data arrival time
---------------------------------------------------------------------------------------------
                                              0.595540   slack (MET)


Startpoint: rst (input port clocked by clk)
Endpoint: _230_ (removal check against rising-edge clock clk)
Path Group: asynchronous
Path Type: min

Fanout         Cap        Slew       Delay        Time   Description
---------------------------------------------------------------------------------------------
                      0.150000    0.000000    0.000000   clock clk (rise edge)
                                  0.000000    0.000000   clock network delay (ideal)
                                  1.000000    1.000000 v input external delay
    17    0.072692    0.157824    0.116854    1.116854 v rst (in)
                                                         rst (net)
                      0.157824    0.000000    1.116854 v _213_/A (sky130_fd_sc_hd__inv_2)
     1    0.003612    0.048273    0.078709    1.195563 ^ _213_/Y (sky130_fd_sc_hd__inv_2)
                                                         _020_ (net)
                      0.048273    0.000000    1.195563 ^ _230_/RESET_B (sky130_fd_sc_hd__dfrtp_2)
                                              1.195563   data arrival time

                      0.150000    0.000000    0.000000   clock clk (rise edge)
                                  0.000000    0.000000   clock network delay (ideal)
                                  0.250000    0.250000   clock uncertainty
                                  0.000000    0.250000   clock reconvergence pessimism
                                              0.250000 ^ _230_/CLK (sky130_fd_sc_hd__dfrtp_2)
                                  0.350023    0.600023   library removal time
                                              0.600023   data required time
---------------------------------------------------------------------------------------------
                                              0.600023   data required time
                                             -1.195563   data arrival time
---------------------------------------------------------------------------------------------
                                              0.595540   slack (MET)


Startpoint: rst (input port clocked by clk)
Endpoint: _231_ (removal check against rising-edge clock clk)
Path Group: asynchronous
Path Type: min

Fanout         Cap        Slew       Delay        Time   Description
---------------------------------------------------------------------------------------------
                      0.150000    0.000000    0.000000   clock clk (rise edge)
                                  0.000000    0.000000   clock network delay (ideal)
                                  1.000000    1.000000 v input external delay
    17    0.072692    0.157824    0.116854    1.116854 v rst (in)
                                                         rst (net)
                      0.157824    0.000000    1.116854 v _214_/A (sky130_fd_sc_hd__inv_2)
     1    0.003612    0.048273    0.078709    1.195563 ^ _214_/Y (sky130_fd_sc_hd__inv_2)
                                                         _021_ (net)
                      0.048273    0.000000    1.195563 ^ _231_/RESET_B (sky130_fd_sc_hd__dfrtp_2)
                                              1.195563   data arrival time

                      0.150000    0.000000    0.000000   clock clk (rise edge)
                                  0.000000    0.000000   clock network delay (ideal)
                                  0.250000    0.250000   clock uncertainty
                                  0.000000    0.250000   clock reconvergence pessimism
                                              0.250000 ^ _231_/CLK (sky130_fd_sc_hd__dfrtp_2)
                                  0.350023    0.600023   library removal time
                                              0.600023   data required time
---------------------------------------------------------------------------------------------
                                              0.600023   data required time
                                             -1.195563   data arrival time
---------------------------------------------------------------------------------------------
                                              0.595540   slack (MET)


Startpoint: rst (input port clocked by clk)
Endpoint: _232_ (removal check against rising-edge clock clk)
Path Group: asynchronous
Path Type: min

Fanout         Cap        Slew       Delay        Time   Description
---------------------------------------------------------------------------------------------
                      0.150000    0.000000    0.000000   clock clk (rise edge)
                                  0.000000    0.000000   clock network delay (ideal)
                                  1.000000    1.000000 v input external delay
    17    0.072692    0.157824    0.116854    1.116854 v rst (in)
                                                         rst (net)
                      0.157824    0.000000    1.116854 v _215_/A (sky130_fd_sc_hd__inv_2)
     1    0.003612    0.048273    0.078709    1.195563 ^ _215_/Y (sky130_fd_sc_hd__inv_2)
                                                         _022_ (net)
                      0.048273    0.000000    1.195563 ^ _232_/RESET_B (sky130_fd_sc_hd__dfrtp_2)
                                              1.195563   data arrival time

                      0.150000    0.000000    0.000000   clock clk (rise edge)
                                  0.000000    0.000000   clock network delay (ideal)
                                  0.250000    0.250000   clock uncertainty
                                  0.000000    0.250000   clock reconvergence pessimism
                                              0.250000 ^ _232_/CLK (sky130_fd_sc_hd__dfrtp_2)
                                  0.350023    0.600023   library removal time
                                              0.600023   data required time
---------------------------------------------------------------------------------------------
                                              0.600023   data required time
                                             -1.195563   data arrival time
---------------------------------------------------------------------------------------------
                                              0.595540   slack (MET)


Startpoint: rst (input port clocked by clk)
Endpoint: _233_ (removal check against rising-edge clock clk)
Path Group: asynchronous
Path Type: min

Fanout         Cap        Slew       Delay        Time   Description
---------------------------------------------------------------------------------------------
                      0.150000    0.000000    0.000000   clock clk (rise edge)
                                  0.000000    0.000000   clock network delay (ideal)
                                  1.000000    1.000000 v input external delay
    17    0.072692    0.157824    0.116854    1.116854 v rst (in)
                                                         rst (net)
                      0.157824    0.000000    1.116854 v _216_/A (sky130_fd_sc_hd__inv_2)
     1    0.003612    0.048273    0.078709    1.195563 ^ _216_/Y (sky130_fd_sc_hd__inv_2)
                                                         _023_ (net)
                      0.048273    0.000000    1.195563 ^ _233_/RESET_B (sky130_fd_sc_hd__dfrtp_2)
                                              1.195563   data arrival time

                      0.150000    0.000000    0.000000   clock clk (rise edge)
                                  0.000000    0.000000   clock network delay (ideal)
                                  0.250000    0.250000   clock uncertainty
                                  0.000000    0.250000   clock reconvergence pessimism
                                              0.250000 ^ _233_/CLK (sky130_fd_sc_hd__dfrtp_2)
                                  0.350023    0.600023   library removal time
                                              0.600023   data required time
---------------------------------------------------------------------------------------------
                                              0.600023   data required time
                                             -1.195563   data arrival time
---------------------------------------------------------------------------------------------
                                              0.595540   slack (MET)


Startpoint: rst (input port clocked by clk)
Endpoint: _234_ (removal check against rising-edge clock clk)
Path Group: asynchronous
Path Type: min

Fanout         Cap        Slew       Delay        Time   Description
---------------------------------------------------------------------------------------------
                      0.150000    0.000000    0.000000   clock clk (rise edge)
                                  0.000000    0.000000   clock network delay (ideal)
                                  1.000000    1.000000 v input external delay
    17    0.072692    0.157824    0.116854    1.116854 v rst (in)
                                                         rst (net)
                      0.157824    0.000000    1.116854 v _217_/A (sky130_fd_sc_hd__inv_2)
     1    0.003612    0.048273    0.078709    1.195563 ^ _217_/Y (sky130_fd_sc_hd__inv_2)
                                                         _024_ (net)
                      0.048273    0.000000    1.195563 ^ _234_/RESET_B (sky130_fd_sc_hd__dfrtp_2)
                                              1.195563   data arrival time

                      0.150000    0.000000    0.000000   clock clk (rise edge)
                                  0.000000    0.000000   clock network delay (ideal)
                                  0.250000    0.250000   clock uncertainty
                                  0.000000    0.250000   clock reconvergence pessimism
                                              0.250000 ^ _234_/CLK (sky130_fd_sc_hd__dfrtp_2)
                                  0.350023    0.600023   library removal time
                                              0.600023   data required time
---------------------------------------------------------------------------------------------
                                              0.600023   data required time
                                             -1.195563   data arrival time
---------------------------------------------------------------------------------------------
                                              0.595540   slack (MET)


Startpoint: rst (input port clocked by clk)
Endpoint: _235_ (removal check against rising-edge clock clk)
Path Group: asynchronous
Path Type: min

Fanout         Cap        Slew       Delay        Time   Description
---------------------------------------------------------------------------------------------
                      0.150000    0.000000    0.000000   clock clk (rise edge)
                                  0.000000    0.000000   clock network delay (ideal)
                                  1.000000    1.000000 v input external delay
    17    0.072692    0.157824    0.116854    1.116854 v rst (in)
                                                         rst (net)
                      0.157824    0.000000    1.116854 v _218_/A (sky130_fd_sc_hd__inv_2)
     1    0.003612    0.048273    0.078709    1.195563 ^ _218_/Y (sky130_fd_sc_hd__inv_2)
                                                         _025_ (net)
                      0.048273    0.000000    1.195563 ^ _235_/RESET_B (sky130_fd_sc_hd__dfrtp_2)
                                              1.195563   data arrival time

                      0.150000    0.000000    0.000000   clock clk (rise edge)
                                  0.000000    0.000000   clock network delay (ideal)
                                  0.250000    0.250000   clock uncertainty
                                  0.000000    0.250000   clock reconvergence pessimism
                                              0.250000 ^ _235_/CLK (sky130_fd_sc_hd__dfrtp_2)
                                  0.350023    0.600023   library removal time
                                              0.600023   data required time
---------------------------------------------------------------------------------------------
                                              0.600023   data required time
                                             -1.195563   data arrival time
---------------------------------------------------------------------------------------------
                                              0.595540   slack (MET)


Startpoint: rst (input port clocked by clk)
Endpoint: _236_ (removal check against rising-edge clock clk)
Path Group: asynchronous
Path Type: min

Fanout         Cap        Slew       Delay        Time   Description
---------------------------------------------------------------------------------------------
                      0.150000    0.000000    0.000000   clock clk (rise edge)
                                  0.000000    0.000000   clock network delay (ideal)
                                  1.000000    1.000000 v input external delay
    17    0.072692    0.157824    0.116854    1.116854 v rst (in)
                                                         rst (net)
                      0.157824    0.000000    1.116854 v _219_/A (sky130_fd_sc_hd__inv_2)
     1    0.003612    0.048273    0.078709    1.195563 ^ _219_/Y (sky130_fd_sc_hd__inv_2)
                                                         _026_ (net)
                      0.048273    0.000000    1.195563 ^ _236_/RESET_B (sky130_fd_sc_hd__dfrtp_2)
                                              1.195563   data arrival time

                      0.150000    0.000000    0.000000   clock clk (rise edge)
                                  0.000000    0.000000   clock network delay (ideal)
                                  0.250000    0.250000   clock uncertainty
                                  0.000000    0.250000   clock reconvergence pessimism
                                              0.250000 ^ _236_/CLK (sky130_fd_sc_hd__dfrtp_2)
                                  0.350023    0.600023   library removal time
                                              0.600023   data required time
---------------------------------------------------------------------------------------------
                                              0.600023   data required time
                                             -1.195563   data arrival time
---------------------------------------------------------------------------------------------
                                              0.595540   slack (MET)


Startpoint: rst (input port clocked by clk)
Endpoint: _237_ (removal check against rising-edge clock clk)
Path Group: asynchronous
Path Type: min

Fanout         Cap        Slew       Delay        Time   Description
---------------------------------------------------------------------------------------------
                      0.150000    0.000000    0.000000   clock clk (rise edge)
                                  0.000000    0.000000   clock network delay (ideal)
                                  1.000000    1.000000 v input external delay
    17    0.072692    0.157824    0.116854    1.116854 v rst (in)
                                                         rst (net)
                      0.157824    0.000000    1.116854 v _220_/A (sky130_fd_sc_hd__inv_2)
     1    0.003612    0.048273    0.078709    1.195563 ^ _220_/Y (sky130_fd_sc_hd__inv_2)
                                                         _027_ (net)
                      0.048273    0.000000    1.195563 ^ _237_/RESET_B (sky130_fd_sc_hd__dfrtp_2)
                                              1.195563   data arrival time

                      0.150000    0.000000    0.000000   clock clk (rise edge)
                                  0.000000    0.000000   clock network delay (ideal)
                                  0.250000    0.250000   clock uncertainty
                                  0.000000    0.250000   clock reconvergence pessimism
                                              0.250000 ^ _237_/CLK (sky130_fd_sc_hd__dfrtp_2)
                                  0.350023    0.600023   library removal time
                                              0.600023   data required time
---------------------------------------------------------------------------------------------
                                              0.600023   data required time
                                             -1.195563   data arrival time
---------------------------------------------------------------------------------------------
                                              0.595540   slack (MET)


Startpoint: rst (input port clocked by clk)
Endpoint: _238_ (removal check against rising-edge clock clk)
Path Group: asynchronous
Path Type: min

Fanout         Cap        Slew       Delay        Time   Description
---------------------------------------------------------------------------------------------
                      0.150000    0.000000    0.000000   clock clk (rise edge)
                                  0.000000    0.000000   clock network delay (ideal)
                                  1.000000    1.000000 v input external delay
    17    0.072692    0.157824    0.116854    1.116854 v rst (in)
                                                         rst (net)
                      0.157824    0.000000    1.116854 v _221_/A (sky130_fd_sc_hd__inv_2)
     1    0.003612    0.048273    0.078709    1.195563 ^ _221_/Y (sky130_fd_sc_hd__inv_2)
                                                         _028_ (net)
                      0.048273    0.000000    1.195563 ^ _238_/RESET_B (sky130_fd_sc_hd__dfrtp_2)
                                              1.195563   data arrival time

                      0.150000    0.000000    0.000000   clock clk (rise edge)
                                  0.000000    0.000000   clock network delay (ideal)
                                  0.250000    0.250000   clock uncertainty
                                  0.000000    0.250000   clock reconvergence pessimism
                                              0.250000 ^ _238_/CLK (sky130_fd_sc_hd__dfrtp_2)
                                  0.350023    0.600023   library removal time
                                              0.600023   data required time
---------------------------------------------------------------------------------------------
                                              0.600023   data required time
                                             -1.195563   data arrival time
---------------------------------------------------------------------------------------------
                                              0.595540   slack (MET)


Startpoint: rst (input port clocked by clk)
Endpoint: _239_ (removal check against rising-edge clock clk)
Path Group: asynchronous
Path Type: min

Fanout         Cap        Slew       Delay        Time   Description
---------------------------------------------------------------------------------------------
                      0.150000    0.000000    0.000000   clock clk (rise edge)
                                  0.000000    0.000000   clock network delay (ideal)
                                  1.000000    1.000000 v input external delay
    17    0.072692    0.157824    0.116854    1.116854 v rst (in)
                                                         rst (net)
                      0.157824    0.000000    1.116854 v _222_/A (sky130_fd_sc_hd__inv_2)
     1    0.003612    0.048273    0.078709    1.195563 ^ _222_/Y (sky130_fd_sc_hd__inv_2)
                                                         _029_ (net)
                      0.048273    0.000000    1.195563 ^ _239_/RESET_B (sky130_fd_sc_hd__dfrtp_2)
                                              1.195563   data arrival time

                      0.150000    0.000000    0.000000   clock clk (rise edge)
                                  0.000000    0.000000   clock network delay (ideal)
                                  0.250000    0.250000   clock uncertainty
                                  0.000000    0.250000   clock reconvergence pessimism
                                              0.250000 ^ _239_/CLK (sky130_fd_sc_hd__dfrtp_2)
                                  0.350023    0.600023   library removal time
                                              0.600023   data required time
---------------------------------------------------------------------------------------------
                                              0.600023   data required time
                                             -1.195563   data arrival time
---------------------------------------------------------------------------------------------
                                              0.595540   slack (MET)


Startpoint: rst (input port clocked by clk)
Endpoint: _240_ (removal check against rising-edge clock clk)
Path Group: asynchronous
Path Type: min

Fanout         Cap        Slew       Delay        Time   Description
---------------------------------------------------------------------------------------------
                      0.150000    0.000000    0.000000   clock clk (rise edge)
                                  0.000000    0.000000   clock network delay (ideal)
                                  1.000000    1.000000 v input external delay
    17    0.072692    0.157824    0.116854    1.116854 v rst (in)
                                                         rst (net)
                      0.157824    0.000000    1.116854 v _223_/A (sky130_fd_sc_hd__inv_2)
     1    0.003612    0.048273    0.078709    1.195563 ^ _223_/Y (sky130_fd_sc_hd__inv_2)
                                                         _030_ (net)
                      0.048273    0.000000    1.195563 ^ _240_/RESET_B (sky130_fd_sc_hd__dfrtp_2)
                                              1.195563   data arrival time

                      0.150000    0.000000    0.000000   clock clk (rise edge)
                                  0.000000    0.000000   clock network delay (ideal)
                                  0.250000    0.250000   clock uncertainty
                                  0.000000    0.250000   clock reconvergence pessimism
                                              0.250000 ^ _240_/CLK (sky130_fd_sc_hd__dfrtp_2)
                                  0.350023    0.600023   library removal time
                                              0.600023   data required time
---------------------------------------------------------------------------------------------
                                              0.600023   data required time
                                             -1.195563   data arrival time
---------------------------------------------------------------------------------------------
                                              0.595540   slack (MET)


Startpoint: rst (input port clocked by clk)
Endpoint: _241_ (removal check against rising-edge clock clk)
Path Group: asynchronous
Path Type: min

Fanout         Cap        Slew       Delay        Time   Description
---------------------------------------------------------------------------------------------
                      0.150000    0.000000    0.000000   clock clk (rise edge)
                                  0.000000    0.000000   clock network delay (ideal)
                                  1.000000    1.000000 v input external delay
    17    0.072692    0.157824    0.116854    1.116854 v rst (in)
                                                         rst (net)
                      0.157824    0.000000    1.116854 v _224_/A (sky130_fd_sc_hd__inv_2)
     1    0.003612    0.048273    0.078709    1.195563 ^ _224_/Y (sky130_fd_sc_hd__inv_2)
                                                         _031_ (net)
                      0.048273    0.000000    1.195563 ^ _241_/RESET_B (sky130_fd_sc_hd__dfrtp_2)
                                              1.195563   data arrival time

                      0.150000    0.000000    0.000000   clock clk (rise edge)
                                  0.000000    0.000000   clock network delay (ideal)
                                  0.250000    0.250000   clock uncertainty
                                  0.000000    0.250000   clock reconvergence pessimism
                                              0.250000 ^ _241_/CLK (sky130_fd_sc_hd__dfrtp_2)
                                  0.350023    0.600023   library removal time
                                              0.600023   data required time
---------------------------------------------------------------------------------------------
                                              0.600023   data required time
                                             -1.195563   data arrival time
---------------------------------------------------------------------------------------------
                                              0.595540   slack (MET)


Startpoint: rst (input port clocked by clk)
Endpoint: _242_ (removal check against rising-edge clock clk)
Path Group: asynchronous
Path Type: min

Fanout         Cap        Slew       Delay        Time   Description
---------------------------------------------------------------------------------------------
                      0.150000    0.000000    0.000000   clock clk (rise edge)
                                  0.000000    0.000000   clock network delay (ideal)
                                  1.000000    1.000000 v input external delay
    17    0.072692    0.157824    0.116854    1.116854 v rst (in)
                                                         rst (net)
                      0.157824    0.000000    1.116854 v _225_/A (sky130_fd_sc_hd__inv_2)
     1    0.003612    0.048273    0.078709    1.195563 ^ _225_/Y (sky130_fd_sc_hd__inv_2)
                                                         _032_ (net)
                      0.048273    0.000000    1.195563 ^ _242_/RESET_B (sky130_fd_sc_hd__dfrtp_2)
                                              1.195563   data arrival time

                      0.150000    0.000000    0.000000   clock clk (rise edge)
                                  0.000000    0.000000   clock network delay (ideal)
                                  0.250000    0.250000   clock uncertainty
                                  0.000000    0.250000   clock reconvergence pessimism
                                              0.250000 ^ _242_/CLK (sky130_fd_sc_hd__dfrtp_2)
                                  0.350023    0.600023   library removal time
                                              0.600023   data required time
---------------------------------------------------------------------------------------------
                                              0.600023   data required time
                                             -1.195563   data arrival time
---------------------------------------------------------------------------------------------
                                              0.595540   slack (MET)


Startpoint: _242_ (rising edge-triggered flip-flop clocked by clk)
Endpoint: out (output port clocked by clk)
Path Group: clk
Path Type: min

Fanout         Cap        Slew       Delay        Time   Description
---------------------------------------------------------------------------------------------
                      0.150000    0.000000    0.000000   clock clk (rise edge)
                                  0.000000    0.000000   clock network delay (ideal)
                      0.150000    0.000000    0.000000 ^ _242_/CLK (sky130_fd_sc_hd__dfrtp_2)
     2    0.042482    0.212101    0.513884    0.513884 ^ _242_/Q (sky130_fd_sc_hd__dfrtp_2)
                                                         out (net)
                      0.212101    0.000000    0.513884 ^ out (out)
                                              0.513884   data arrival time

                      0.150000    0.000000    0.000000   clock clk (rise edge)
                                  0.000000    0.000000   clock network delay (ideal)
                                  0.250000    0.250000   clock uncertainty
                                  0.000000    0.250000   clock reconvergence pessimism
                                 -1.000000   -0.750000   output external delay
                                             -0.750000   data required time
---------------------------------------------------------------------------------------------
                                             -0.750000   data required time
                                             -0.513884   data arrival time
---------------------------------------------------------------------------------------------
                                              1.263884   slack (MET)



