Reading OpenROAD database at '/home/nakanomiku/DigitalDesign/clk_int_div/runs/RUN_2024-11-01_17-08-01/41-openroad-repairantennas/1-diodeinsertion/clk_int_div.odb'…
Reading library file at '/home/nakanomiku/.volare/volare/sky130/versions/0fe599b2afb6708d281543108caf8310912f54af/sky130A/libs.ref/sky130_fd_sc_hd/lib/sky130_fd_sc_hd__tt_025C_1v80.lib'…
Reading design constraints file at '/nix/store/mr1ix0gwjfwmikfqyrq536nwhj83f0zp-python3-3.11.9-env/lib/python3.11/site-packages/openlane/scripts/base.sdc'…
[WARNING STA-0366] port 'clk' not found.
[INFO] Using clock clk…
[INFO] Setting output delay to: 1
[INFO] Setting input delay to: 1
[WARNING STA-0366] port 'clk' not found.
[INFO] Setting load to: 0.033442
[INFO] Setting clock uncertainty to: 0.25
[INFO] Setting clock transition to: 0.1499999999999999944488848768742172978818416595458984375
[WARNING STA-0419] transition time can not be specified for virtual clocks.
[INFO] Setting timing derate to: 5%
[WARNING STA-0450] virtual clock clk can not be propagated.
[INFO] Setting RC values…
%OL_CREATE_REPORT min.rpt

===========================================================================
report_checks -path_delay min (Hold)
============================================================================
======================= nom_tt_025C_1v80 Corner ===================================

Startpoint: div_valid_i (input port clocked by clk)
Endpoint: div_ready_o (output port clocked by clk)
Path Group: clk
Path Type: min

Fanout         Cap        Slew       Delay        Time   Description
---------------------------------------------------------------------------------------------
                      0.000000    0.000000    0.000000   clock clk (rise edge)
                                  0.000000    0.000000   clock network delay (ideal)
                                  1.000000    1.000000 ^ input external delay
     1    0.003087    0.020968    0.011327    1.011327 ^ div_valid_i (in)
                                                         div_valid_i (net)
                      0.020968    0.000000    1.011327 ^ input10/A (sky130_fd_sc_hd__buf_1)
     3    0.009553    0.119586    0.125849    1.137176 ^ input10/X (sky130_fd_sc_hd__buf_1)
                                                         net10 (net)
                      0.119586    0.000237    1.137413 ^ _197_/A3 (sky130_fd_sc_hd__a31o_1)
     1    0.005720    0.065244    0.172634    1.310047 ^ _197_/X (sky130_fd_sc_hd__a31o_1)
                                                         net23 (net)
                      0.065244    0.000196    1.310243 ^ output23/A (sky130_fd_sc_hd__buf_6)
     1    0.034783    0.077635    0.132637    1.442881 ^ output23/X (sky130_fd_sc_hd__buf_6)
                                                         div_ready_o (net)
                      0.077647    0.000984    1.443865 ^ div_ready_o (out)
                                              1.443865   data arrival time

                      0.000000    0.000000    0.000000   clock clk (rise edge)
                                  0.000000    0.000000   clock network delay (ideal)
                                  0.250000    0.250000   clock uncertainty
                                  0.000000    0.250000   clock reconvergence pessimism
                                 -1.000000   -0.750000   output external delay
                                             -0.750000   data required time
---------------------------------------------------------------------------------------------
                                             -0.750000   data required time
                                             -1.443865   data arrival time
---------------------------------------------------------------------------------------------
                                              2.193865   slack (MET)


Startpoint: test_mode_en_i (input port clocked by clk)
Endpoint: clk_o (output port clocked by clk)
Path Group: clk
Path Type: min

Fanout         Cap        Slew       Delay        Time   Description
---------------------------------------------------------------------------------------------
                      0.000000    0.000000    0.000000   clock clk (rise edge)
                                  0.000000    0.000000   clock network delay (ideal)
                                  1.000000    1.000000 v input external delay
     1    0.003222    0.009613    0.005156    1.005156 v test_mode_en_i (in)
                                                         test_mode_en_i (net)
                      0.009613    0.000000    1.005156 v input13/A (sky130_fd_sc_hd__clkbuf_1)
     2    0.004912    0.037451    0.082574    1.087730 v input13/X (sky130_fd_sc_hd__clkbuf_1)
                                                         net13 (net)
                      0.037451    0.000153    1.087884 v _198_/B (sky130_fd_sc_hd__nor2_1)
     1    0.004288    0.099482    0.097281    1.185165 ^ _198_/Y (sky130_fd_sc_hd__nor2_1)
                                                         _050_ (net)
                      0.099483    0.000105    1.185270 ^ _201_/S (sky130_fd_sc_hd__mux2_1)
     3    0.010302    0.100767    0.187346    1.372616 ^ _201_/X (sky130_fd_sc_hd__mux2_1)
                                                         _002_ (net)
                      0.100767    0.000177    1.372793 ^ _206_/B (sky130_fd_sc_hd__and2_1)
     1    0.002233    0.041432    0.126204    1.498997 ^ _206_/X (sky130_fd_sc_hd__and2_1)
                                                         net14 (net)
                      0.041432    0.000047    1.499043 ^ output14/A (sky130_fd_sc_hd__buf_2)
     1    0.034755    0.172477    0.197996    1.697039 ^ output14/X (sky130_fd_sc_hd__buf_2)
                                                         clk_o (net)
                      0.172533    0.000979    1.698018 ^ clk_o (out)
                                              1.698018   data arrival time

                      0.000000    0.000000    0.000000   clock clk (rise edge)
                                  0.000000    0.000000   clock network delay (ideal)
                                  0.250000    0.250000   clock uncertainty
                                  0.000000    0.250000   clock reconvergence pessimism
                                 -1.000000   -0.750000   output external delay
                                             -0.750000   data required time
---------------------------------------------------------------------------------------------
                                             -0.750000   data required time
                                             -1.698018   data arrival time
---------------------------------------------------------------------------------------------
                                              2.448018   slack (MET)



%OL_END_REPORT
%OL_CREATE_REPORT max.rpt

===========================================================================
report_checks -path_delay max (Setup)
============================================================================
======================= nom_tt_025C_1v80 Corner ===================================

Startpoint: div_i[7] (input port clocked by clk)
Endpoint: div_ready_o (output port clocked by clk)
Path Group: clk
Path Type: max

Fanout         Cap        Slew       Delay        Time   Description
---------------------------------------------------------------------------------------------
                      0.000000    0.000000    0.000000   clock clk (rise edge)
                                  0.000000    0.000000   clock network delay (ideal)
                                  1.000000    1.000000 v input external delay
     1    0.008849    0.022005    0.014396    1.014396 v div_i[7] (in)
                                                         div_i[7] (net)
                      0.022008    0.000000    1.014396 v input9/A (sky130_fd_sc_hd__buf_8)
     4    0.009507    0.024034    0.105652    1.120049 v input9/X (sky130_fd_sc_hd__buf_8)
                                                         net9 (net)
                      0.024034    0.000189    1.120238 v _189_/B (sky130_fd_sc_hd__or2_4)
     1    0.003848    0.044962    0.213832    1.334070 v _189_/X (sky130_fd_sc_hd__or2_4)
                                                         _042_ (net)
                      0.044962    0.000141    1.334211 v _193_/A2 (sky130_fd_sc_hd__a22o_1)
     1    0.003446    0.043545    0.226653    1.560863 v _193_/X (sky130_fd_sc_hd__a22o_1)
                                                         _046_ (net)
                      0.043545    0.000089    1.560953 v _194_/A (sky130_fd_sc_hd__or4_4)
     2    0.009156    0.092613    0.541769    2.102721 v _194_/X (sky130_fd_sc_hd__or4_4)
                                                         _047_ (net)
                      0.092613    0.000424    2.103146 v _196_/B (sky130_fd_sc_hd__nor2_2)
     1    0.003575    0.071530    0.093988    2.197134 ^ _196_/Y (sky130_fd_sc_hd__nor2_2)
                                                         _049_ (net)
                      0.071530    0.000093    2.197227 ^ _197_/A1 (sky130_fd_sc_hd__a31o_1)
     1    0.005720    0.069971    0.151277    2.348504 ^ _197_/X (sky130_fd_sc_hd__a31o_1)
                                                         net23 (net)
                      0.069971    0.000196    2.348701 ^ output23/A (sky130_fd_sc_hd__buf_6)
     1    0.034783    0.077656    0.134212    2.482913 ^ output23/X (sky130_fd_sc_hd__buf_6)
                                                         div_ready_o (net)
                      0.077669    0.000984    2.483897 ^ div_ready_o (out)
                                              2.483897   data arrival time

                      0.000000    5.000000    5.000000   clock clk (rise edge)
                                  0.000000    5.000000   clock network delay (ideal)
                                 -0.250000    4.750000   clock uncertainty
                                  0.000000    4.750000   clock reconvergence pessimism
                                 -1.000000    3.750000   output external delay
                                              3.750000   data required time
---------------------------------------------------------------------------------------------
                                              3.750000   data required time
                                             -2.483897   data arrival time
---------------------------------------------------------------------------------------------
                                              1.266103   slack (MET)


Startpoint: clk_i (input port clocked by clk)
Endpoint: clk_o (output port clocked by clk)
Path Group: clk
Path Type: max

Fanout         Cap        Slew       Delay        Time   Description
---------------------------------------------------------------------------------------------
                      0.000000    0.000000    0.000000   clock clk (rise edge)
                                  0.000000    0.000000   clock network delay (ideal)
                                  1.000000    1.000000 v input external delay
     1    0.003317    0.009835    0.005318    1.005318 v clk_i (in)
                                                         clk_i (net)
                      0.009835    0.000000    1.005318 v input1/A (sky130_fd_sc_hd__buf_1)
     2    0.009578    0.062161    0.103440    1.108758 v input1/X (sky130_fd_sc_hd__buf_1)
                                                         net1 (net)
                      0.062161    0.000266    1.109024 v fanout34/A (sky130_fd_sc_hd__buf_2)
    10    0.033070    0.087124    0.185039    1.294063 v fanout34/X (sky130_fd_sc_hd__buf_2)
                                                         net34 (net)
                      0.087155    0.001536    1.295599 v _201_/A0 (sky130_fd_sc_hd__mux2_1)
     3    0.009642    0.087548    0.338123    1.633722 v _201_/X (sky130_fd_sc_hd__mux2_1)
                                                         _002_ (net)
                      0.087548    0.000165    1.633887 v _206_/B (sky130_fd_sc_hd__and2_1)
     1    0.002073    0.032052    0.165097    1.798985 v _206_/X (sky130_fd_sc_hd__and2_1)
                                                         net14 (net)
                      0.032052    0.000043    1.799028 v output14/A (sky130_fd_sc_hd__buf_2)
     1    0.034755    0.090795    0.175177    1.974205 v output14/X (sky130_fd_sc_hd__buf_2)
                                                         clk_o (net)
                      0.090806    0.000978    1.975183 v clk_o (out)
                                              1.975183   data arrival time

                      0.000000    5.000000    5.000000   clock clk (rise edge)
                                  0.000000    5.000000   clock network delay (ideal)
                                 -0.250000    4.750000   clock uncertainty
                                  0.000000    4.750000   clock reconvergence pessimism
                                 -1.000000    3.750000   output external delay
                                              3.750000   data required time
---------------------------------------------------------------------------------------------
                                              3.750000   data required time
                                             -1.975183   data arrival time
---------------------------------------------------------------------------------------------
                                              1.774817   slack (MET)



%OL_END_REPORT
%OL_CREATE_REPORT checks.rpt

===========================================================================
report_checks -unconstrained
===========================================================================
======================= nom_tt_025C_1v80 Corner ===================================

Startpoint: div_i[7] (input port clocked by clk)
Endpoint: div_ready_o (output port clocked by clk)
Path Group: clk
Path Type: max

Fanout         Cap        Slew       Delay        Time   Description
---------------------------------------------------------------------------------------------
                      0.000000    0.000000    0.000000   clock clk (rise edge)
                                  0.000000    0.000000   clock network delay (ideal)
                                  1.000000    1.000000 v input external delay
     1    0.008849    0.022005    0.014396    1.014396 v div_i[7] (in)
                                                         div_i[7] (net)
                      0.022008    0.000000    1.014396 v input9/A (sky130_fd_sc_hd__buf_8)
     4    0.009507    0.024034    0.105652    1.120049 v input9/X (sky130_fd_sc_hd__buf_8)
                                                         net9 (net)
                      0.024034    0.000189    1.120238 v _189_/B (sky130_fd_sc_hd__or2_4)
     1    0.003848    0.044962    0.213832    1.334070 v _189_/X (sky130_fd_sc_hd__or2_4)
                                                         _042_ (net)
                      0.044962    0.000141    1.334211 v _193_/A2 (sky130_fd_sc_hd__a22o_1)
     1    0.003446    0.043545    0.226653    1.560863 v _193_/X (sky130_fd_sc_hd__a22o_1)
                                                         _046_ (net)
                      0.043545    0.000089    1.560953 v _194_/A (sky130_fd_sc_hd__or4_4)
     2    0.009156    0.092613    0.541769    2.102721 v _194_/X (sky130_fd_sc_hd__or4_4)
                                                         _047_ (net)
                      0.092613    0.000424    2.103146 v _196_/B (sky130_fd_sc_hd__nor2_2)
     1    0.003575    0.071530    0.093988    2.197134 ^ _196_/Y (sky130_fd_sc_hd__nor2_2)
                                                         _049_ (net)
                      0.071530    0.000093    2.197227 ^ _197_/A1 (sky130_fd_sc_hd__a31o_1)
     1    0.005720    0.069971    0.151277    2.348504 ^ _197_/X (sky130_fd_sc_hd__a31o_1)
                                                         net23 (net)
                      0.069971    0.000196    2.348701 ^ output23/A (sky130_fd_sc_hd__buf_6)
     1    0.034783    0.077656    0.134212    2.482913 ^ output23/X (sky130_fd_sc_hd__buf_6)
                                                         div_ready_o (net)
                      0.077669    0.000984    2.483897 ^ div_ready_o (out)
                                              2.483897   data arrival time

                      0.000000    5.000000    5.000000   clock clk (rise edge)
                                  0.000000    5.000000   clock network delay (ideal)
                                 -0.250000    4.750000   clock uncertainty
                                  0.000000    4.750000   clock reconvergence pessimism
                                 -1.000000    3.750000   output external delay
                                              3.750000   data required time
---------------------------------------------------------------------------------------------
                                              3.750000   data required time
                                             -2.483897   data arrival time
---------------------------------------------------------------------------------------------
                                              1.266103   slack (MET)




===========================================================================
report_checks --slack_max -0.01
============================================================================
======================= nom_tt_025C_1v80 Corner ===================================

No paths found.


===========================================================================
 report_check_types -max_slew -max_cap -max_fanout -violators
============================================================================
======================= nom_tt_025C_1v80 Corner ===================================



===========================================================================
report_parasitic_annotation -report_unannotated
============================================================================
Found 0 unannotated drivers.
Found 0 partially unannotated drivers.

===========================================================================
max slew violation count 0
Writing metric design__max_slew_violation__count__corner:nom_tt_025C_1v80: 0
max fanout violation count 0
Writing metric design__max_fanout_violation__count__corner:nom_tt_025C_1v80: 0
max cap violation count 0
Writing metric design__max_cap_violation__count__corner:nom_tt_025C_1v80: 0
============================================================================

===========================================================================
check_setup -verbose -unconstrained_endpoints -multiple_clock -no_clock -no_input_delay -loops -generated_clocks
===========================================================================
Warning: There are 25 unclocked register/latch pins.
  _284_/CLK
  _285_/CLK
  _286_/CLK
  _287_/CLK
  _288_/CLK
  _289_/CLK
  _290_/CLK
  _291_/CLK
  _292_/CLK
  _293_/CLK
  _294_/CLK
  _295_/CLK
  _296_/CLK
  _297_/CLK
  _298_/CLK
  _299_/CLK
  _300_/CLK
  _301_/CLK
  _302_/CLK
  _303_/CLK
  _304_/CLK
  _305_/CLK
  _306_/CLK
  _307_/CLK
  _308_/GATE
Warning: There are 33 unconstrained endpoints.
  cycl_count_o[0]
  cycl_count_o[1]
  cycl_count_o[2]
  cycl_count_o[3]
  cycl_count_o[4]
  cycl_count_o[5]
  cycl_count_o[6]
  cycl_count_o[7]
  _284_/D
  _285_/D
  _286_/D
  _287_/D
  _288_/D
  _289_/D
  _290_/D
  _291_/D
  _292_/D
  _293_/D
  _294_/D
  _295_/D
  _296_/D
  _297_/D
  _298_/D
  _299_/D
  _300_/D
  _301_/D
  _302_/D
  _303_/D
  _304_/D
  _305_/D
  _306_/D
  _307_/D
  _308_/D
%OL_END_REPORT
%OL_CREATE_REPORT power.rpt

===========================================================================
 report_power
============================================================================
======================= nom_tt_025C_1v80 Corner ===================================

Group                    Internal    Switching      Leakage        Total
                            Power        Power        Power        Power (Watts)
------------------------------------------------------------------------
Sequential           7.811540e-05 1.097655e-04 2.891643e-10 1.878812e-04  45.3%
Combinational        1.296955e-04 9.692701e-05 6.293346e-10 2.266232e-04  54.7%
Clock                0.000000e+00 0.000000e+00 1.490417e-10 1.490417e-10   0.0%
Macro                0.000000e+00 0.000000e+00 0.000000e+00 0.000000e+00   0.0%
Pad                  0.000000e+00 0.000000e+00 0.000000e+00 0.000000e+00   0.0%
------------------------------------------------------------------------
Total                2.078109e-04 2.066924e-04 1.067541e-09 4.145044e-04 100.0%
                            50.1%        49.9%         0.0%
Writing metric power__internal__total: 0.0002078109246212989
Writing metric power__switching__total: 0.00020669242076110095
Writing metric power__leakage__total: 1.0675407224880473e-9
Writing metric power__total: 0.00041450440767221153

%OL_END_REPORT
%OL_CREATE_REPORT skew.min.rpt

===========================================================================
Clock Skew (Hold)
============================================================================
Writing metric clock__skew__worst_hold__corner:nom_tt_025C_1v80: 0.0
======================= nom_tt_025C_1v80 Corner ===================================

Clock clk
No launch/capture paths found.

%OL_END_REPORT
%OL_CREATE_REPORT skew.max.rpt

===========================================================================
Clock Skew (Setup)
============================================================================
Writing metric clock__skew__worst_setup__corner:nom_tt_025C_1v80: 0.0
======================= nom_tt_025C_1v80 Corner ===================================

Clock clk
No launch/capture paths found.

%OL_END_REPORT
%OL_CREATE_REPORT ws.min.rpt

===========================================================================
Worst Slack (Hold)
============================================================================
Writing metric timing__hold__ws__corner:nom_tt_025C_1v80: 2.19386492959687
nom_tt_025C_1v80: 2.19386492959687
%OL_END_REPORT
%OL_CREATE_REPORT ws.max.rpt

===========================================================================
Worst Slack (Setup)
============================================================================
Writing metric timing__setup__ws__corner:nom_tt_025C_1v80: 1.2661030360270713
nom_tt_025C_1v80: 1.2661030360270713
%OL_END_REPORT
%OL_CREATE_REPORT tns.min.rpt

===========================================================================
Total Negative Slack (Hold)
============================================================================
Writing metric timing__hold__tns__corner:nom_tt_025C_1v80: 0.0
nom_tt_025C_1v80: 0.0
%OL_END_REPORT
%OL_CREATE_REPORT tns.max.rpt

===========================================================================
Total Negative Slack (Setup)
============================================================================
Writing metric timing__setup__tns__corner:nom_tt_025C_1v80: 0.0
nom_tt_025C_1v80: 0.0
%OL_END_REPORT
%OL_CREATE_REPORT wns.min.rpt

===========================================================================
Worst Negative Slack (Hold)
============================================================================
Writing metric timing__hold__wns__corner:nom_tt_025C_1v80: 0
nom_tt_025C_1v80: 0
%OL_END_REPORT
%OL_CREATE_REPORT wns.max.rpt

===========================================================================
Worst Negative Slack (Setup)
============================================================================
Writing metric timing__setup__wns__corner:nom_tt_025C_1v80: 0.0
nom_tt_025C_1v80: 0.0
%OL_END_REPORT
%OL_CREATE_REPORT violator_list.rpt

===========================================================================
Violator List
============================================================================
Writing metric timing__hold_vio__count__corner:nom_tt_025C_1v80: 0
Writing metric timing__hold_r2r__ws__corner:nom_tt_025C_1v80: 1e30
Writing metric timing__hold_r2r_vio__count__corner:nom_tt_025C_1v80: 0
Writing metric timing__setup_vio__count__corner:nom_tt_025C_1v80: 0
Writing metric timing__setup_r2r__ws__corner:nom_tt_025C_1v80: 1e30
Writing metric timing__setup_r2r_vio__count__corner:nom_tt_025C_1v80: 0
%OL_END_REPORT
%OL_CREATE_REPORT unpropagated.rpt
clk
%OL_END_REPORT
%OL_CREATE_REPORT clock.rpt
Clock: clk
Sources: 
Generated: no
Virtual: yes
Propagated: no
Period: 5.000000

===========================================================================
report_clock_properties
============================================================================
Clock                   Period          Waveform
----------------------------------------------------
clk                   5.000000    0.000000  2.500000

===========================================================================
report_clock_latency
============================================================================
Clock clk
rise -> rise
    min     max
0.000000 0.000000 source latency
1.329251         network latency _295_/CLK
        1.689140 network latency _308_/GATE
---------------
1.329251 1.689140 latency
        0.359889 skew

rise -> fall
    min     max
0.000000 0.000000 source latency
1.248388         network latency _295_/CLK
        1.633920 network latency _286_/CLK
---------------
1.248388 1.633920 latency
        0.385532 skew



===========================================================================
report_clock_min_period
============================================================================
clk period_min = 0.00 fmax = inf
%OL_END_REPORT
