Clock: clk
Sources: 
Generated: no
Virtual: yes
Propagated: no
Period: 5.000000

===========================================================================
report_clock_properties
============================================================================
Clock                   Period          Waveform
----------------------------------------------------
clk                   5.000000    0.000000  2.500000

===========================================================================
report_clock_latency
============================================================================
Clock clk
rise -> rise
    min     max
0.000000 0.000000 source latency
1.338898         network latency _296_/CLK
        1.713992 network latency _308_/GATE
---------------
1.338898 1.713992 latency
        0.375093 skew

rise -> fall
    min     max
0.000000 0.000000 source latency
1.257213         network latency _296_/CLK
        1.660653 network latency _286_/CLK
---------------
1.257213 1.660653 latency
        0.403440 skew



===========================================================================
report_clock_min_period
============================================================================
clk period_min = 0.00 fmax = inf
