[INFO PSM-0040] All shapes on net VPWR are connected.
########## IR report #################
Net              : VPWR
Corner           : nom_tt_025C_1v80
Supply voltage   : 1.80e+00 V
Worstcase voltage: 1.80e+00 V
Average voltage  : 1.80e+00 V
Average IR drop  : 1.49e-04 V
Worstcase IR drop: 5.88e-04 V
Percentage drop  : 0.03 %
######################################
[INFO PSM-0040] All shapes on net VGND are connected.
########## IR report #################
Net              : VGND
Corner           : nom_tt_025C_1v80
Supply voltage   : 0.00e+00 V
Worstcase voltage: 7.37e-04 V
Average voltage  : 1.29e-04 V
Average IR drop  : 1.29e-04 V
Worstcase IR drop: 7.37e-04 V
Percentage drop  : 0.04 %
######################################
