Reading OpenROAD database at '/home/nakanomiku/DigitalDesign/clk_int_div/runs/RUN_2024-11-01_17-08-01/34-openroad-cts/clk_int_div.odb'…
Reading library file at '/home/nakanomiku/.volare/volare/sky130/versions/0fe599b2afb6708d281543108caf8310912f54af/sky130A/libs.ref/sky130_fd_sc_hd/lib/sky130_fd_sc_hd__tt_025C_1v80.lib'…
Reading design constraints file at '/nix/store/mr1ix0gwjfwmikfqyrq536nwhj83f0zp-python3-3.11.9-env/lib/python3.11/site-packages/openlane/scripts/base.sdc'…
[WARNING STA-0366] port 'clk' not found.
[INFO] Using clock clk…
[INFO] Setting output delay to: 1
[INFO] Setting input delay to: 1
[WARNING STA-0366] port 'clk' not found.
[INFO] Setting load to: 0.033442
[INFO] Setting clock uncertainty to: 0.25
[INFO] Setting clock transition to: 0.1499999999999999944488848768742172978818416595458984375
[WARNING STA-0419] transition time can not be specified for virtual clocks.
[INFO] Setting timing derate to: 5%
[WARNING STA-0450] virtual clock clk can not be propagated.
[INFO] Setting RC values…
[WARNING GRT-0097] No global routing found for nets.
%OL_CREATE_REPORT min.rpt

===========================================================================
report_checks -path_delay min (Hold)
============================================================================
======================= nom_tt_025C_1v80 Corner ===================================

Startpoint: div_valid_i (input port clocked by clk)
Endpoint: div_ready_o (output port clocked by clk)
Path Group: clk
Path Type: min

Fanout         Cap        Slew       Delay        Time   Description
---------------------------------------------------------------------------------------------
                      0.000000    0.000000    0.000000   clock clk (rise edge)
                                  0.000000    0.000000   clock network delay (ideal)
                                  1.000000    1.000000 v input external delay
     1    0.002964    0.009011    0.004692    1.004692 v div_valid_i (in)
                                                         div_valid_i (net)
                      0.009011    0.000000    1.004692 v input10/A (sky130_fd_sc_hd__buf_1)
     3    0.007378    0.050503    0.093813    1.098505 v input10/X (sky130_fd_sc_hd__buf_1)
                                                         net10 (net)
                      0.050503    0.000033    1.098539 v _197_/A1 (sky130_fd_sc_hd__a31o_1)
     1    0.002452    0.032116    0.168212    1.266751 v _197_/X (sky130_fd_sc_hd__a31o_1)
                                                         net23 (net)
                      0.032116    0.000010    1.266761 v output23/A (sky130_fd_sc_hd__buf_2)
     1    0.034464    0.089829    0.175265    1.442026 v output23/X (sky130_fd_sc_hd__buf_2)
                                                         div_ready_o (net)
                      0.089829    0.000226    1.442251 v div_ready_o (out)
                                              1.442251   data arrival time

                      0.000000    0.000000    0.000000   clock clk (rise edge)
                                  0.000000    0.000000   clock network delay (ideal)
                                  0.250000    0.250000   clock uncertainty
                                  0.000000    0.250000   clock reconvergence pessimism
                                 -1.000000   -0.750000   output external delay
                                             -0.750000   data required time
---------------------------------------------------------------------------------------------
                                             -0.750000   data required time
                                             -1.442251   data arrival time
---------------------------------------------------------------------------------------------
                                              2.192251   slack (MET)


Startpoint: test_mode_en_i (input port clocked by clk)
Endpoint: clk_o (output port clocked by clk)
Path Group: clk
Path Type: min

Fanout         Cap        Slew       Delay        Time   Description
---------------------------------------------------------------------------------------------
                      0.000000    0.000000    0.000000   clock clk (rise edge)
                                  0.000000    0.000000   clock network delay (ideal)
                                  1.000000    1.000000 v input external delay
     1    0.002958    0.008999    0.004683    1.004683 v test_mode_en_i (in)
                                                         test_mode_en_i (net)
                      0.008999    0.000000    1.004683 v input13/A (sky130_fd_sc_hd__clkbuf_1)
     2    0.004254    0.033948    0.079391    1.084074 v input13/X (sky130_fd_sc_hd__clkbuf_1)
                                                         net13 (net)
                      0.033948    0.000015    1.084089 v _198_/B (sky130_fd_sc_hd__nor2_1)
     1    0.004321    0.103640    0.096570    1.180659 ^ _198_/Y (sky130_fd_sc_hd__nor2_1)
                                                         _050_ (net)
                      0.103640    0.000017    1.180676 ^ _201_/S (sky130_fd_sc_hd__mux2_1)
     3    0.009054    0.093015    0.181083    1.361759 ^ _201_/X (sky130_fd_sc_hd__mux2_1)
                                                         _002_ (net)
                      0.093015    0.000007    1.361766 ^ _206_/B (sky130_fd_sc_hd__and2_1)
     1    0.002111    0.041530    0.123089    1.484855 ^ _206_/X (sky130_fd_sc_hd__and2_1)
                                                         net14 (net)
                      0.041530    0.000003    1.484859 ^ output14/A (sky130_fd_sc_hd__buf_2)
     1    0.034416    0.170797    0.197440    1.682299 ^ output14/X (sky130_fd_sc_hd__buf_2)
                                                         clk_o (net)
                      0.170797    0.000219    1.682518 ^ clk_o (out)
                                              1.682518   data arrival time

                      0.000000    0.000000    0.000000   clock clk (rise edge)
                                  0.000000    0.000000   clock network delay (ideal)
                                  0.250000    0.250000   clock uncertainty
                                  0.000000    0.250000   clock reconvergence pessimism
                                 -1.000000   -0.750000   output external delay
                                             -0.750000   data required time
---------------------------------------------------------------------------------------------
                                             -0.750000   data required time
                                             -1.682518   data arrival time
---------------------------------------------------------------------------------------------
                                              2.432517   slack (MET)



%OL_END_REPORT
%OL_CREATE_REPORT max.rpt

===========================================================================
report_checks -path_delay max (Setup)
============================================================================
======================= nom_tt_025C_1v80 Corner ===================================

Startpoint: div_i[2] (input port clocked by clk)
Endpoint: div_ready_o (output port clocked by clk)
Path Group: clk
Path Type: max

Fanout         Cap        Slew       Delay        Time   Description
---------------------------------------------------------------------------------------------
                      0.000000    0.000000    0.000000   clock clk (rise edge)
                                  0.000000    0.000000   clock network delay (ideal)
                                  1.000000    1.000000 v input external delay
     1    0.002606    0.008183    0.004085    1.004085 v div_i[2] (in)
                                                         div_i[2] (net)
                      0.008183    0.000000    1.004085 v input4/A (sky130_fd_sc_hd__buf_1)
     4    0.008982    0.058803    0.100515    1.104599 v input4/X (sky130_fd_sc_hd__buf_1)
                                                         net4 (net)
                      0.058803    0.000035    1.104634 v _182_/A (sky130_fd_sc_hd__or2_1)
     1    0.002551    0.047674    0.223062    1.327697 v _182_/X (sky130_fd_sc_hd__or2_1)
                                                         _035_ (net)
                      0.047674    0.000004    1.327701 v _186_/A1 (sky130_fd_sc_hd__a221o_1)
     1    0.001827    0.047596    0.298329    1.626030 v _186_/X (sky130_fd_sc_hd__a221o_1)
                                                         _039_ (net)
                      0.047596    0.000004    1.626034 v _194_/A (sky130_fd_sc_hd__or4_1)
     2    0.007129    0.111229    0.554070    2.180104 v _194_/X (sky130_fd_sc_hd__or4_1)
                                                         _047_ (net)
                      0.111229    0.000095    2.180200 v _196_/A (sky130_fd_sc_hd__nor2_1)
     1    0.003011    0.083752    0.123521    2.303721 ^ _196_/Y (sky130_fd_sc_hd__nor2_1)
                                                         _049_ (net)
                      0.083752    0.000007    2.303728 ^ _197_/A3 (sky130_fd_sc_hd__a31o_1)
     1    0.002612    0.045242    0.141781    2.445509 ^ _197_/X (sky130_fd_sc_hd__a31o_1)
                                                         net23 (net)
                      0.045242    0.000011    2.445520 ^ output23/A (sky130_fd_sc_hd__buf_2)
     1    0.034464    0.171038    0.199017    2.644538 ^ output23/X (sky130_fd_sc_hd__buf_2)
                                                         div_ready_o (net)
                      0.171038    0.000226    2.644764 ^ div_ready_o (out)
                                              2.644764   data arrival time

                      0.000000    5.000000    5.000000   clock clk (rise edge)
                                  0.000000    5.000000   clock network delay (ideal)
                                 -0.250000    4.750000   clock uncertainty
                                  0.000000    4.750000   clock reconvergence pessimism
                                 -1.000000    3.750000   output external delay
                                              3.750000   data required time
---------------------------------------------------------------------------------------------
                                              3.750000   data required time
                                             -2.644764   data arrival time
---------------------------------------------------------------------------------------------
                                              1.105236   slack (MET)


Startpoint: clk_i (input port clocked by clk)
Endpoint: clk_o (output port clocked by clk)
Path Group: clk
Path Type: max

Fanout         Cap        Slew       Delay        Time   Description
---------------------------------------------------------------------------------------------
                      0.000000    0.000000    0.000000   clock clk (rise edge)
                                  0.000000    0.000000   clock network delay (ideal)
                                  1.000000    1.000000 v input external delay
     1    0.002577    0.008116    0.004035    1.004035 v clk_i (in)
                                                         clk_i (net)
                      0.008116    0.000000    1.004035 v input1/A (sky130_fd_sc_hd__buf_1)
     2    0.008803    0.057825    0.099695    1.103730 v input1/X (sky130_fd_sc_hd__buf_1)
                                                         net1 (net)
                      0.057825    0.000036    1.103766 v fanout34/A (sky130_fd_sc_hd__buf_2)
    10    0.030945    0.082186    0.179828    1.283594 v fanout34/X (sky130_fd_sc_hd__buf_2)
                                                         net34 (net)
                      0.082186    0.000367    1.283961 v _201_/A0 (sky130_fd_sc_hd__mux2_1)
     3    0.008394    0.084835    0.328774    1.612735 v _201_/X (sky130_fd_sc_hd__mux2_1)
                                                         _002_ (net)
                      0.084835    0.000007    1.612742 v _206_/B (sky130_fd_sc_hd__and2_1)
     1    0.001951    0.032277    0.163140    1.775882 v _206_/X (sky130_fd_sc_hd__and2_1)
                                                         net14 (net)
                      0.032277    0.000003    1.775885 v output14/A (sky130_fd_sc_hd__buf_2)
     1    0.034416    0.089721    0.175249    1.951134 v output14/X (sky130_fd_sc_hd__buf_2)
                                                         clk_o (net)
                      0.089721    0.000219    1.951352 v clk_o (out)
                                              1.951352   data arrival time

                      0.000000    5.000000    5.000000   clock clk (rise edge)
                                  0.000000    5.000000   clock network delay (ideal)
                                 -0.250000    4.750000   clock uncertainty
                                  0.000000    4.750000   clock reconvergence pessimism
                                 -1.000000    3.750000   output external delay
                                              3.750000   data required time
---------------------------------------------------------------------------------------------
                                              3.750000   data required time
                                             -1.951352   data arrival time
---------------------------------------------------------------------------------------------
                                              1.798648   slack (MET)



%OL_END_REPORT
%OL_CREATE_REPORT checks.rpt

===========================================================================
report_checks -unconstrained
===========================================================================
======================= nom_tt_025C_1v80 Corner ===================================

Startpoint: div_i[2] (input port clocked by clk)
Endpoint: div_ready_o (output port clocked by clk)
Path Group: clk
Path Type: max

Fanout         Cap        Slew       Delay        Time   Description
---------------------------------------------------------------------------------------------
                      0.000000    0.000000    0.000000   clock clk (rise edge)
                                  0.000000    0.000000   clock network delay (ideal)
                                  1.000000    1.000000 v input external delay
     1    0.002606    0.008183    0.004085    1.004085 v div_i[2] (in)
                                                         div_i[2] (net)
                      0.008183    0.000000    1.004085 v input4/A (sky130_fd_sc_hd__buf_1)
     4    0.008982    0.058803    0.100515    1.104599 v input4/X (sky130_fd_sc_hd__buf_1)
                                                         net4 (net)
                      0.058803    0.000035    1.104634 v _182_/A (sky130_fd_sc_hd__or2_1)
     1    0.002551    0.047674    0.223062    1.327697 v _182_/X (sky130_fd_sc_hd__or2_1)
                                                         _035_ (net)
                      0.047674    0.000004    1.327701 v _186_/A1 (sky130_fd_sc_hd__a221o_1)
     1    0.001827    0.047596    0.298329    1.626030 v _186_/X (sky130_fd_sc_hd__a221o_1)
                                                         _039_ (net)
                      0.047596    0.000004    1.626034 v _194_/A (sky130_fd_sc_hd__or4_1)
     2    0.007129    0.111229    0.554070    2.180104 v _194_/X (sky130_fd_sc_hd__or4_1)
                                                         _047_ (net)
                      0.111229    0.000095    2.180200 v _196_/A (sky130_fd_sc_hd__nor2_1)
     1    0.003011    0.083752    0.123521    2.303721 ^ _196_/Y (sky130_fd_sc_hd__nor2_1)
                                                         _049_ (net)
                      0.083752    0.000007    2.303728 ^ _197_/A3 (sky130_fd_sc_hd__a31o_1)
     1    0.002612    0.045242    0.141781    2.445509 ^ _197_/X (sky130_fd_sc_hd__a31o_1)
                                                         net23 (net)
                      0.045242    0.000011    2.445520 ^ output23/A (sky130_fd_sc_hd__buf_2)
     1    0.034464    0.171038    0.199017    2.644538 ^ output23/X (sky130_fd_sc_hd__buf_2)
                                                         div_ready_o (net)
                      0.171038    0.000226    2.644764 ^ div_ready_o (out)
                                              2.644764   data arrival time

                      0.000000    5.000000    5.000000   clock clk (rise edge)
                                  0.000000    5.000000   clock network delay (ideal)
                                 -0.250000    4.750000   clock uncertainty
                                  0.000000    4.750000   clock reconvergence pessimism
                                 -1.000000    3.750000   output external delay
                                              3.750000   data required time
---------------------------------------------------------------------------------------------
                                              3.750000   data required time
                                             -2.644764   data arrival time
---------------------------------------------------------------------------------------------
                                              1.105236   slack (MET)




===========================================================================
report_checks --slack_max -0.01
============================================================================
======================= nom_tt_025C_1v80 Corner ===================================

No paths found.


===========================================================================
 report_check_types -max_slew -max_cap -max_fanout -violators
============================================================================
======================= nom_tt_025C_1v80 Corner ===================================



===========================================================================
report_parasitic_annotation -report_unannotated
============================================================================
Found 0 unannotated drivers.
Found 0 partially unannotated drivers.

===========================================================================
max slew violation count 0
Writing metric design__max_slew_violation__count__corner:nom_tt_025C_1v80: 0
max fanout violation count 0
Writing metric design__max_fanout_violation__count__corner:nom_tt_025C_1v80: 0
max cap violation count 0
Writing metric design__max_cap_violation__count__corner:nom_tt_025C_1v80: 0
============================================================================

===========================================================================
check_setup -verbose -unconstrained_endpoints -multiple_clock -no_clock -no_input_delay -loops -generated_clocks
===========================================================================
Warning: There are 25 unclocked register/latch pins.
  _284_/CLK
  _285_/CLK
  _286_/CLK
  _287_/CLK
  _288_/CLK
  _289_/CLK
  _290_/CLK
  _291_/CLK
  _292_/CLK
  _293_/CLK
  _294_/CLK
  _295_/CLK
  _296_/CLK
  _297_/CLK
  _298_/CLK
  _299_/CLK
  _300_/CLK
  _301_/CLK
  _302_/CLK
  _303_/CLK
  _304_/CLK
  _305_/CLK
  _306_/CLK
  _307_/CLK
  _308_/GATE
Warning: There are 33 unconstrained endpoints.
  cycl_count_o[0]
  cycl_count_o[1]
  cycl_count_o[2]
  cycl_count_o[3]
  cycl_count_o[4]
  cycl_count_o[5]
  cycl_count_o[6]
  cycl_count_o[7]
  _284_/D
  _285_/D
  _286_/D
  _287_/D
  _288_/D
  _289_/D
  _290_/D
  _291_/D
  _292_/D
  _293_/D
  _294_/D
  _295_/D
  _296_/D
  _297_/D
  _298_/D
  _299_/D
  _300_/D
  _301_/D
  _302_/D
  _303_/D
  _304_/D
  _305_/D
  _306_/D
  _307_/D
  _308_/D
%OL_END_REPORT
%OL_CREATE_REPORT power.rpt

===========================================================================
 report_power
============================================================================
======================= nom_tt_025C_1v80 Corner ===================================

Group                    Internal    Switching      Leakage        Total
                            Power        Power        Power        Power (Watts)
------------------------------------------------------------------------
Sequential           8.042452e-05 9.837767e-05 2.891643e-10 1.788025e-04  47.9%
Combinational        1.129782e-04 8.183609e-05 5.701718e-10 1.948149e-04  52.1%
Clock                0.000000e+00 0.000000e+00 1.490417e-10 1.490417e-10   0.0%
Macro                0.000000e+00 0.000000e+00 0.000000e+00 0.000000e+00   0.0%
Pad                  0.000000e+00 0.000000e+00 0.000000e+00 0.000000e+00   0.0%
------------------------------------------------------------------------
Total                1.934027e-04 1.802137e-04 1.008377e-09 3.736175e-04 100.0%
                            51.8%        48.2%         0.0%
Writing metric power__internal__total: 0.00019340273865964264
Writing metric power__switching__total: 0.0001802137412596494
Writing metric power__leakage__total: 1.008377492617285e-9
Writing metric power__total: 0.0003736174840014428

%OL_END_REPORT
%OL_CREATE_REPORT skew.min.rpt

===========================================================================
Clock Skew (Hold)
============================================================================
Writing metric clock__skew__worst_hold__corner:nom_tt_025C_1v80: 0.0
======================= nom_tt_025C_1v80 Corner ===================================

Clock clk
No launch/capture paths found.

%OL_END_REPORT
%OL_CREATE_REPORT skew.max.rpt

===========================================================================
Clock Skew (Setup)
============================================================================
Writing metric clock__skew__worst_setup__corner:nom_tt_025C_1v80: 0.0
======================= nom_tt_025C_1v80 Corner ===================================

Clock clk
No launch/capture paths found.

%OL_END_REPORT
%OL_CREATE_REPORT ws.min.rpt

===========================================================================
Worst Slack (Hold)
============================================================================
Writing metric timing__hold__ws__corner:nom_tt_025C_1v80: 2.1922513314072445
nom_tt_025C_1v80: 2.1922513314072445
%OL_END_REPORT
%OL_CREATE_REPORT ws.max.rpt

===========================================================================
Worst Slack (Setup)
============================================================================
Writing metric timing__setup__ws__corner:nom_tt_025C_1v80: 1.1052363781459698
nom_tt_025C_1v80: 1.1052363781459698
%OL_END_REPORT
%OL_CREATE_REPORT tns.min.rpt

===========================================================================
Total Negative Slack (Hold)
============================================================================
Writing metric timing__hold__tns__corner:nom_tt_025C_1v80: 0.0
nom_tt_025C_1v80: 0.0
%OL_END_REPORT
%OL_CREATE_REPORT tns.max.rpt

===========================================================================
Total Negative Slack (Setup)
============================================================================
Writing metric timing__setup__tns__corner:nom_tt_025C_1v80: 0.0
nom_tt_025C_1v80: 0.0
%OL_END_REPORT
%OL_CREATE_REPORT wns.min.rpt

===========================================================================
Worst Negative Slack (Hold)
============================================================================
Writing metric timing__hold__wns__corner:nom_tt_025C_1v80: 0
nom_tt_025C_1v80: 0
%OL_END_REPORT
%OL_CREATE_REPORT wns.max.rpt

===========================================================================
Worst Negative Slack (Setup)
============================================================================
Writing metric timing__setup__wns__corner:nom_tt_025C_1v80: 0.0
nom_tt_025C_1v80: 0.0
%OL_END_REPORT
%OL_CREATE_REPORT violator_list.rpt

===========================================================================
Violator List
============================================================================
Writing metric timing__hold_vio__count__corner:nom_tt_025C_1v80: 0
Writing metric timing__hold_r2r__ws__corner:nom_tt_025C_1v80: 1e30
Writing metric timing__hold_r2r_vio__count__corner:nom_tt_025C_1v80: 0
Writing metric timing__setup_vio__count__corner:nom_tt_025C_1v80: 0
Writing metric timing__setup_r2r__ws__corner:nom_tt_025C_1v80: 1e30
Writing metric timing__setup_r2r_vio__count__corner:nom_tt_025C_1v80: 0
%OL_END_REPORT
%OL_CREATE_REPORT unpropagated.rpt
clk
%OL_END_REPORT
%OL_CREATE_REPORT clock.rpt
Clock: clk
Sources: 
Generated: no
Virtual: yes
Propagated: no
Period: 5.000000

===========================================================================
report_clock_properties
============================================================================
Clock                   Period          Waveform
----------------------------------------------------
clk                   5.000000    0.000000  2.500000

===========================================================================
report_clock_latency
============================================================================
Clock clk
rise -> rise
    min     max
0.000000 0.000000 source latency
1.302577         network latency _296_/CLK
        1.664230 network latency _308_/GATE
---------------
1.302577 1.664230 latency
        0.361652 skew

rise -> fall
    min     max
0.000000 0.000000 source latency
1.233393         network latency _296_/CLK
        1.612747 network latency _286_/CLK
---------------
1.233393 1.612747 latency
        0.379354 skew



===========================================================================
report_clock_min_period
============================================================================
clk period_min = 0.00 fmax = inf
%OL_END_REPORT
