Clock: clk
Sources: 
Generated: no
Virtual: yes
Propagated: no
Period: 5.000000

===========================================================================
report_clock_properties
============================================================================
Clock                   Period          Waveform
----------------------------------------------------
clk                   5.000000    0.000000  2.500000

===========================================================================
report_clock_latency
============================================================================
Clock clk
rise -> rise
    min     max
0.000000 0.000000 source latency
1.230369         network latency _296_/CLK
        1.457349 network latency _291_/CLK
---------------
1.230369 1.457349 latency
        0.226980 skew

rise -> fall
    min     max
0.000000 0.000000 source latency
1.170828         network latency _296_/CLK
        1.433038 network latency _308_/GATE
---------------
1.170828 1.433038 latency
        0.262211 skew



===========================================================================
report_clock_min_period
============================================================================
clk period_min = 0.00 fmax = inf
