
===========================================================================
report_checks -path_delay min (Hold)
============================================================================
======================= min_ff_n40C_1v95 Corner ===================================

Startpoint: div_valid_i (input port clocked by clk)
Endpoint: div_ready_o (output port clocked by clk)
Path Group: clk
Path Type: min

Fanout         Cap        Slew       Delay        Time   Description
---------------------------------------------------------------------------------------------
                      0.000000    0.000000    0.000000   clock clk (rise edge)
                                  0.000000    0.000000   clock network delay (ideal)
                                  1.000000    1.000000 ^ input external delay
     1    0.003425    0.016160    0.008867    1.008867 ^ div_valid_i (in)
                                                         div_valid_i (net)
                      0.016160    0.000000    1.008867 ^ input10/A (sky130_fd_sc_hd__buf_1)
     3    0.009426    0.087636    0.087293    1.096160 ^ input10/X (sky130_fd_sc_hd__buf_1)
                                                         net10 (net)
                      0.087636    0.000074    1.096233 ^ _197_/A3 (sky130_fd_sc_hd__a31o_1)
     1    0.006138    0.049811    0.104731    1.200964 ^ _197_/X (sky130_fd_sc_hd__a31o_1)
                                                         net23 (net)
                      0.049811    0.000085    1.201049 ^ output23/A (sky130_fd_sc_hd__buf_6)
     1    0.034844    0.058305    0.090680    1.291729 ^ output23/X (sky130_fd_sc_hd__buf_6)
                                                         div_ready_o (net)
                      0.058308    0.000495    1.292225 ^ div_ready_o (out)
                                              1.292225   data arrival time

                      0.000000    0.000000    0.000000   clock clk (rise edge)
                                  0.000000    0.000000   clock network delay (ideal)
                                  0.250000    0.250000   clock uncertainty
                                  0.000000    0.250000   clock reconvergence pessimism
                                 -1.000000   -0.750000   output external delay
                                             -0.750000   data required time
---------------------------------------------------------------------------------------------
                                             -0.750000   data required time
                                             -1.292225   data arrival time
---------------------------------------------------------------------------------------------
                                              2.042225   slack (MET)


Startpoint: test_mode_en_i (input port clocked by clk)
Endpoint: clk_o (output port clocked by clk)
Path Group: clk
Path Type: min

Fanout         Cap        Slew       Delay        Time   Description
---------------------------------------------------------------------------------------------
                      0.000000    0.000000    0.000000   clock clk (rise edge)
                                  0.000000    0.000000   clock network delay (ideal)
                                  1.000000    1.000000 v input external delay
     1    0.002988    0.005003    0.002430    1.002430 v test_mode_en_i (in)
                                                         test_mode_en_i (net)
                      0.005003    0.000000    1.002430 v input13/A (sky130_fd_sc_hd__clkbuf_1)
     2    0.004801    0.025283    0.053310    1.055740 v input13/X (sky130_fd_sc_hd__clkbuf_1)
                                                         net13 (net)
                      0.025283    0.000049    1.055789 v _198_/B (sky130_fd_sc_hd__nor2_1)
     1    0.004965    0.077951    0.071827    1.127616 ^ _198_/Y (sky130_fd_sc_hd__nor2_1)
                                                         _050_ (net)
                      0.077951    0.000069    1.127685 ^ _201_/S (sky130_fd_sc_hd__mux2_1)
     3    0.009828    0.071549    0.120421    1.248107 ^ _201_/X (sky130_fd_sc_hd__mux2_1)
                                                         _002_ (net)
                      0.071549    0.000039    1.248146 ^ _206_/B (sky130_fd_sc_hd__and2_1)
     1    0.002214    0.028888    0.076956    1.325102 ^ _206_/X (sky130_fd_sc_hd__and2_1)
                                                         net14 (net)
                      0.028888    0.000020    1.325122 ^ output14/A (sky130_fd_sc_hd__buf_2)
     1    0.034364    0.128557    0.137010    1.462132 ^ output14/X (sky130_fd_sc_hd__buf_2)
                                                         clk_o (net)
                      0.128559    0.000380    1.462512 ^ clk_o (out)
                                              1.462512   data arrival time

                      0.000000    0.000000    0.000000   clock clk (rise edge)
                                  0.000000    0.000000   clock network delay (ideal)
                                  0.250000    0.250000   clock uncertainty
                                  0.000000    0.250000   clock reconvergence pessimism
                                 -1.000000   -0.750000   output external delay
                                             -0.750000   data required time
---------------------------------------------------------------------------------------------
                                             -0.750000   data required time
                                             -1.462512   data arrival time
---------------------------------------------------------------------------------------------
                                              2.212512   slack (MET)



