
===========================================================================
report_checks -path_delay max (Setup)
============================================================================
======================= nom_tt_025C_1v80 Corner ===================================

Startpoint: psc[3] (input port clocked by clk)
Endpoint: _152_ (rising edge-triggered flip-flop clocked by clk)
Path Group: clk
Path Type: max

Fanout         Cap        Slew       Delay        Time   Description
---------------------------------------------------------------------------------------------
                                  0.000000    0.000000   clock clk (rise edge)
                                  0.000000    0.000000   clock network delay (propagated)
                                  1.000000    1.000000 v input external delay
     2    0.006804    0.017525    0.011007    1.011007 v psc[3] (in)
                                                         psc[3] (net)
                      0.017526    0.000000    1.011007 v _084_/A (sky130_fd_sc_hd__or4_2)
     3    0.014497    0.143921    0.722249    1.733256 v _084_/X (sky130_fd_sc_hd__or4_2)
                                                         _028_ (net)
                      0.143921    0.000046    1.733302 v _085_/C (sky130_fd_sc_hd__or3_2)
     3    0.010352    0.104716    0.479230    2.212532 v _085_/X (sky130_fd_sc_hd__or3_2)
                                                         _029_ (net)
                      0.104716    0.000002    2.212534 v _100_/A (sky130_fd_sc_hd__and2_2)
     2    0.003926    0.040510    0.193572    2.406107 v _100_/X (sky130_fd_sc_hd__and2_2)
                                                         _044_ (net)
                      0.040510    0.000007    2.406113 v _101_/B1 (sky130_fd_sc_hd__a22o_2)
     1    0.002645    0.039236    0.198380    2.604494 v _101_/X (sky130_fd_sc_hd__a22o_2)
                                                         _045_ (net)
                      0.039236    0.000005    2.604498 v _105_/A2 (sky130_fd_sc_hd__o221a_2)
     1    0.004230    0.048008    0.264967    2.869465 v _105_/X (sky130_fd_sc_hd__o221a_2)
                                                         _049_ (net)
                      0.048008    0.000002    2.869467 v _107_/B1 (sky130_fd_sc_hd__o22ai_2)
     8    0.017785    0.253881    0.215545    3.085012 ^ _107_/Y (sky130_fd_sc_hd__o22ai_2)
                                                         _051_ (net)
                      0.253881    0.000238    3.085250 ^ _123_/A (sky130_fd_sc_hd__and3_2)
     1    0.002538    0.043685    0.218388    3.303638 ^ _123_/X (sky130_fd_sc_hd__and3_2)
                                                         _005_ (net)
                      0.043685    0.000008    3.303646 ^ _152_/D (sky130_fd_sc_hd__dfrtp_2)
                                              3.303646   data arrival time

                                  5.000000    5.000000   clock clk (rise edge)
                                  0.000000    5.000000   clock source latency
     9    0.023640    0.111869    0.076914    5.076914 ^ clk (in)
                                                         clk (net)
                      0.111869    0.000000    5.076914 ^ _152_/CLK (sky130_fd_sc_hd__dfrtp_2)
                                 -0.250000    4.826914   clock uncertainty
                                  0.000000    4.826914   clock reconvergence pessimism
                                 -0.052997    4.773917   library setup time
                                              4.773917   data required time
---------------------------------------------------------------------------------------------
                                              4.773917   data required time
                                             -3.303646   data arrival time
---------------------------------------------------------------------------------------------
                                              1.470271   slack (MET)


Startpoint: psc[3] (input port clocked by clk)
Endpoint: _153_ (rising edge-triggered flip-flop clocked by clk)
Path Group: clk
Path Type: max

Fanout         Cap        Slew       Delay        Time   Description
---------------------------------------------------------------------------------------------
                                  0.000000    0.000000   clock clk (rise edge)
                                  0.000000    0.000000   clock network delay (propagated)
                                  1.000000    1.000000 v input external delay
     2    0.006804    0.017525    0.011007    1.011007 v psc[3] (in)
                                                         psc[3] (net)
                      0.017526    0.000000    1.011007 v _084_/A (sky130_fd_sc_hd__or4_2)
     3    0.014497    0.143921    0.722249    1.733256 v _084_/X (sky130_fd_sc_hd__or4_2)
                                                         _028_ (net)
                      0.143921    0.000046    1.733302 v _085_/C (sky130_fd_sc_hd__or3_2)
     3    0.010352    0.104716    0.479230    2.212532 v _085_/X (sky130_fd_sc_hd__or3_2)
                                                         _029_ (net)
                      0.104716    0.000002    2.212534 v _100_/A (sky130_fd_sc_hd__and2_2)
     2    0.003926    0.040510    0.193572    2.406107 v _100_/X (sky130_fd_sc_hd__and2_2)
                                                         _044_ (net)
                      0.040510    0.000007    2.406113 v _101_/B1 (sky130_fd_sc_hd__a22o_2)
     1    0.002645    0.039236    0.198380    2.604494 v _101_/X (sky130_fd_sc_hd__a22o_2)
                                                         _045_ (net)
                      0.039236    0.000005    2.604498 v _105_/A2 (sky130_fd_sc_hd__o221a_2)
     1    0.004230    0.048008    0.264967    2.869465 v _105_/X (sky130_fd_sc_hd__o221a_2)
                                                         _049_ (net)
                      0.048008    0.000002    2.869467 v _107_/B1 (sky130_fd_sc_hd__o22ai_2)
     8    0.017785    0.253881    0.215545    3.085012 ^ _107_/Y (sky130_fd_sc_hd__o22ai_2)
                                                         _051_ (net)
                      0.253881    0.000200    3.085212 ^ _126_/A (sky130_fd_sc_hd__and3_2)
     1    0.002363    0.042809    0.217279    3.302492 ^ _126_/X (sky130_fd_sc_hd__and3_2)
                                                         _006_ (net)
                      0.042809    0.000005    3.302497 ^ _153_/D (sky130_fd_sc_hd__dfrtp_2)
                                              3.302497   data arrival time

                                  5.000000    5.000000   clock clk (rise edge)
                                  0.000000    5.000000   clock source latency
     9    0.023640    0.111869    0.076918    5.076918 ^ clk (in)
                                                         clk (net)
                      0.111869    0.000000    5.076918 ^ _153_/CLK (sky130_fd_sc_hd__dfrtp_2)
                                 -0.250000    4.826918   clock uncertainty
                                  0.000000    4.826918   clock reconvergence pessimism
                                 -0.052795    4.774123   library setup time
                                              4.774123   data required time
---------------------------------------------------------------------------------------------
                                              4.774123   data required time
                                             -3.302497   data arrival time
---------------------------------------------------------------------------------------------
                                              1.471626   slack (MET)


Startpoint: psc[3] (input port clocked by clk)
Endpoint: _151_ (rising edge-triggered flip-flop clocked by clk)
Path Group: clk
Path Type: max

Fanout         Cap        Slew       Delay        Time   Description
---------------------------------------------------------------------------------------------
                                  0.000000    0.000000   clock clk (rise edge)
                                  0.000000    0.000000   clock network delay (propagated)
                                  1.000000    1.000000 v input external delay
     2    0.006804    0.017525    0.011007    1.011007 v psc[3] (in)
                                                         psc[3] (net)
                      0.017526    0.000000    1.011007 v _084_/A (sky130_fd_sc_hd__or4_2)
     3    0.014497    0.143921    0.722249    1.733256 v _084_/X (sky130_fd_sc_hd__or4_2)
                                                         _028_ (net)
                      0.143921    0.000046    1.733302 v _085_/C (sky130_fd_sc_hd__or3_2)
     3    0.010352    0.104716    0.479230    2.212532 v _085_/X (sky130_fd_sc_hd__or3_2)
                                                         _029_ (net)
                      0.104716    0.000002    2.212534 v _100_/A (sky130_fd_sc_hd__and2_2)
     2    0.003926    0.040510    0.193572    2.406107 v _100_/X (sky130_fd_sc_hd__and2_2)
                                                         _044_ (net)
                      0.040510    0.000007    2.406113 v _101_/B1 (sky130_fd_sc_hd__a22o_2)
     1    0.002645    0.039236    0.198380    2.604494 v _101_/X (sky130_fd_sc_hd__a22o_2)
                                                         _045_ (net)
                      0.039236    0.000005    2.604498 v _105_/A2 (sky130_fd_sc_hd__o221a_2)
     1    0.004230    0.048008    0.264967    2.869465 v _105_/X (sky130_fd_sc_hd__o221a_2)
                                                         _049_ (net)
                      0.048008    0.000002    2.869467 v _107_/B1 (sky130_fd_sc_hd__o22ai_2)
     8    0.017785    0.253881    0.215545    3.085012 ^ _107_/Y (sky130_fd_sc_hd__o22ai_2)
                                                         _051_ (net)
                      0.253881    0.000263    3.085275 ^ _119_/A (sky130_fd_sc_hd__and3_2)
     1    0.002230    0.042145    0.216438    3.301713 ^ _119_/X (sky130_fd_sc_hd__and3_2)
                                                         _004_ (net)
                      0.042145    0.000003    3.301716 ^ _151_/D (sky130_fd_sc_hd__dfrtp_2)
                                              3.301716   data arrival time

                                  5.000000    5.000000   clock clk (rise edge)
                                  0.000000    5.000000   clock source latency
     9    0.023640    0.111869    0.076903    5.076903 ^ clk (in)
                                                         clk (net)
                      0.111869    0.000000    5.076903 ^ _151_/CLK (sky130_fd_sc_hd__dfrtp_2)
                                 -0.250000    4.826903   clock uncertainty
                                  0.000000    4.826903   clock reconvergence pessimism
                                 -0.052642    4.774261   library setup time
                                              4.774261   data required time
---------------------------------------------------------------------------------------------
                                              4.774261   data required time
                                             -3.301716   data arrival time
---------------------------------------------------------------------------------------------
                                              1.472545   slack (MET)


Startpoint: psc[3] (input port clocked by clk)
Endpoint: _150_ (rising edge-triggered flip-flop clocked by clk)
Path Group: clk
Path Type: max

Fanout         Cap        Slew       Delay        Time   Description
---------------------------------------------------------------------------------------------
                                  0.000000    0.000000   clock clk (rise edge)
                                  0.000000    0.000000   clock network delay (propagated)
                                  1.000000    1.000000 v input external delay
     2    0.006804    0.017525    0.011007    1.011007 v psc[3] (in)
                                                         psc[3] (net)
                      0.017526    0.000000    1.011007 v _084_/A (sky130_fd_sc_hd__or4_2)
     3    0.014497    0.143921    0.722249    1.733256 v _084_/X (sky130_fd_sc_hd__or4_2)
                                                         _028_ (net)
                      0.143921    0.000046    1.733302 v _085_/C (sky130_fd_sc_hd__or3_2)
     3    0.010352    0.104716    0.479230    2.212532 v _085_/X (sky130_fd_sc_hd__or3_2)
                                                         _029_ (net)
                      0.104716    0.000002    2.212534 v _100_/A (sky130_fd_sc_hd__and2_2)
     2    0.003926    0.040510    0.193572    2.406107 v _100_/X (sky130_fd_sc_hd__and2_2)
                                                         _044_ (net)
                      0.040510    0.000007    2.406113 v _101_/B1 (sky130_fd_sc_hd__a22o_2)
     1    0.002645    0.039236    0.198380    2.604494 v _101_/X (sky130_fd_sc_hd__a22o_2)
                                                         _045_ (net)
                      0.039236    0.000005    2.604498 v _105_/A2 (sky130_fd_sc_hd__o221a_2)
     1    0.004230    0.048008    0.264967    2.869465 v _105_/X (sky130_fd_sc_hd__o221a_2)
                                                         _049_ (net)
                      0.048008    0.000002    2.869467 v _107_/B1 (sky130_fd_sc_hd__o22ai_2)
     8    0.017785    0.253881    0.215545    3.085012 ^ _107_/Y (sky130_fd_sc_hd__o22ai_2)
                                                         _051_ (net)
                      0.253881    0.000264    3.085276 ^ _116_/A (sky130_fd_sc_hd__and3_2)
     1    0.002070    0.041340    0.215419    3.300695 ^ _116_/X (sky130_fd_sc_hd__and3_2)
                                                         _003_ (net)
                      0.041340    0.000000    3.300696 ^ _150_/D (sky130_fd_sc_hd__dfrtp_2)
                                              3.300696   data arrival time

                                  5.000000    5.000000   clock clk (rise edge)
                                  0.000000    5.000000   clock source latency
     9    0.023640    0.111869    0.076859    5.076859 ^ clk (in)
                                                         clk (net)
                      0.111869    0.000000    5.076859 ^ _150_/CLK (sky130_fd_sc_hd__dfrtp_2)
                                 -0.250000    4.826859   clock uncertainty
                                  0.000000    4.826859   clock reconvergence pessimism
                                 -0.052457    4.774402   library setup time
                                              4.774402   data required time
---------------------------------------------------------------------------------------------
                                              4.774402   data required time
                                             -3.300696   data arrival time
---------------------------------------------------------------------------------------------
                                              1.473706   slack (MET)


Startpoint: psc[3] (input port clocked by clk)
Endpoint: _148_ (rising edge-triggered flip-flop clocked by clk)
Path Group: clk
Path Type: max

Fanout         Cap        Slew       Delay        Time   Description
---------------------------------------------------------------------------------------------
                                  0.000000    0.000000   clock clk (rise edge)
                                  0.000000    0.000000   clock network delay (propagated)
                                  1.000000    1.000000 v input external delay
     2    0.006804    0.017525    0.011007    1.011007 v psc[3] (in)
                                                         psc[3] (net)
                      0.017526    0.000000    1.011007 v _084_/A (sky130_fd_sc_hd__or4_2)
     3    0.014497    0.143921    0.722249    1.733256 v _084_/X (sky130_fd_sc_hd__or4_2)
                                                         _028_ (net)
                      0.143921    0.000046    1.733302 v _085_/C (sky130_fd_sc_hd__or3_2)
     3    0.010352    0.104716    0.479230    2.212532 v _085_/X (sky130_fd_sc_hd__or3_2)
                                                         _029_ (net)
                      0.104716    0.000002    2.212534 v _100_/A (sky130_fd_sc_hd__and2_2)
     2    0.003926    0.040510    0.193572    2.406107 v _100_/X (sky130_fd_sc_hd__and2_2)
                                                         _044_ (net)
                      0.040510    0.000007    2.406113 v _101_/B1 (sky130_fd_sc_hd__a22o_2)
     1    0.002645    0.039236    0.198380    2.604494 v _101_/X (sky130_fd_sc_hd__a22o_2)
                                                         _045_ (net)
                      0.039236    0.000005    2.604498 v _105_/A2 (sky130_fd_sc_hd__o221a_2)
     1    0.004230    0.048008    0.264967    2.869465 v _105_/X (sky130_fd_sc_hd__o221a_2)
                                                         _049_ (net)
                      0.048008    0.000002    2.869467 v _107_/B1 (sky130_fd_sc_hd__o22ai_2)
     8    0.017785    0.253881    0.215545    3.085012 ^ _107_/Y (sky130_fd_sc_hd__o22ai_2)
                                                         _051_ (net)
                      0.253881    0.000302    3.085315 ^ _110_/B (sky130_fd_sc_hd__and3_2)
     1    0.002075    0.040838    0.213717    3.299031 ^ _110_/X (sky130_fd_sc_hd__and3_2)
                                                         _001_ (net)
                      0.040838    0.000000    3.299032 ^ _148_/D (sky130_fd_sc_hd__dfrtp_2)
                                              3.299032   data arrival time

                                  5.000000    5.000000   clock clk (rise edge)
                                  0.000000    5.000000   clock source latency
     9    0.023640    0.111869    0.076829    5.076829 ^ clk (in)
                                                         clk (net)
                      0.111869    0.000000    5.076829 ^ _148_/CLK (sky130_fd_sc_hd__dfrtp_2)
                                 -0.250000    4.826829   clock uncertainty
                                  0.000000    4.826829   clock reconvergence pessimism
                                 -0.052341    4.774487   library setup time
                                              4.774487   data required time
---------------------------------------------------------------------------------------------
                                              4.774487   data required time
                                             -3.299032   data arrival time
---------------------------------------------------------------------------------------------
                                              1.475455   slack (MET)


Startpoint: psc[3] (input port clocked by clk)
Endpoint: _149_ (rising edge-triggered flip-flop clocked by clk)
Path Group: clk
Path Type: max

Fanout         Cap        Slew       Delay        Time   Description
---------------------------------------------------------------------------------------------
                                  0.000000    0.000000   clock clk (rise edge)
                                  0.000000    0.000000   clock network delay (propagated)
                                  1.000000    1.000000 v input external delay
     2    0.006804    0.017525    0.011007    1.011007 v psc[3] (in)
                                                         psc[3] (net)
                      0.017526    0.000000    1.011007 v _084_/A (sky130_fd_sc_hd__or4_2)
     3    0.014497    0.143921    0.722249    1.733256 v _084_/X (sky130_fd_sc_hd__or4_2)
                                                         _028_ (net)
                      0.143921    0.000046    1.733302 v _085_/C (sky130_fd_sc_hd__or3_2)
     3    0.010352    0.104716    0.479230    2.212532 v _085_/X (sky130_fd_sc_hd__or3_2)
                                                         _029_ (net)
                      0.104716    0.000002    2.212534 v _100_/A (sky130_fd_sc_hd__and2_2)
     2    0.003926    0.040510    0.193572    2.406107 v _100_/X (sky130_fd_sc_hd__and2_2)
                                                         _044_ (net)
                      0.040510    0.000007    2.406113 v _101_/B1 (sky130_fd_sc_hd__a22o_2)
     1    0.002645    0.039236    0.198380    2.604494 v _101_/X (sky130_fd_sc_hd__a22o_2)
                                                         _045_ (net)
                      0.039236    0.000005    2.604498 v _105_/A2 (sky130_fd_sc_hd__o221a_2)
     1    0.004230    0.048008    0.264967    2.869465 v _105_/X (sky130_fd_sc_hd__o221a_2)
                                                         _049_ (net)
                      0.048008    0.000002    2.869467 v _107_/B1 (sky130_fd_sc_hd__o22ai_2)
     8    0.017785    0.253881    0.215545    3.085012 ^ _107_/Y (sky130_fd_sc_hd__o22ai_2)
                                                         _051_ (net)
                      0.253881    0.000295    3.085307 ^ _112_/A (sky130_fd_sc_hd__and2_2)
     1    0.002054    0.037665    0.185343    3.270651 ^ _112_/X (sky130_fd_sc_hd__and2_2)
                                                         _002_ (net)
                      0.037665    0.000000    3.270651 ^ _149_/D (sky130_fd_sc_hd__dfrtp_2)
                                              3.270651   data arrival time

                                  5.000000    5.000000   clock clk (rise edge)
                                  0.000000    5.000000   clock source latency
     9    0.023640    0.111869    0.076842    5.076842 ^ clk (in)
                                                         clk (net)
                      0.111869    0.000000    5.076842 ^ _149_/CLK (sky130_fd_sc_hd__dfrtp_2)
                                 -0.250000    4.826842   clock uncertainty
                                  0.000000    4.826842   clock reconvergence pessimism
                                 -0.051611    4.775231   library setup time
                                              4.775231   data required time
---------------------------------------------------------------------------------------------
                                              4.775231   data required time
                                             -3.270651   data arrival time
---------------------------------------------------------------------------------------------
                                              1.504580   slack (MET)


Startpoint: psc[3] (input port clocked by clk)
Endpoint: _154_ (rising edge-triggered flip-flop clocked by clk)
Path Group: clk
Path Type: max

Fanout         Cap        Slew       Delay        Time   Description
---------------------------------------------------------------------------------------------
                                  0.000000    0.000000   clock clk (rise edge)
                                  0.000000    0.000000   clock network delay (propagated)
                                  1.000000    1.000000 v input external delay
     2    0.006804    0.017525    0.011007    1.011007 v psc[3] (in)
                                                         psc[3] (net)
                      0.017526    0.000000    1.011007 v _084_/A (sky130_fd_sc_hd__or4_2)
     3    0.014497    0.143921    0.722249    1.733256 v _084_/X (sky130_fd_sc_hd__or4_2)
                                                         _028_ (net)
                      0.143921    0.000046    1.733302 v _085_/C (sky130_fd_sc_hd__or3_2)
     3    0.010352    0.104716    0.479230    2.212532 v _085_/X (sky130_fd_sc_hd__or3_2)
                                                         _029_ (net)
                      0.104716    0.000002    2.212534 v _100_/A (sky130_fd_sc_hd__and2_2)
     2    0.003926    0.040510    0.193572    2.406107 v _100_/X (sky130_fd_sc_hd__and2_2)
                                                         _044_ (net)
                      0.040510    0.000007    2.406113 v _101_/B1 (sky130_fd_sc_hd__a22o_2)
     1    0.002645    0.039236    0.198380    2.604494 v _101_/X (sky130_fd_sc_hd__a22o_2)
                                                         _045_ (net)
                      0.039236    0.000005    2.604498 v _105_/A2 (sky130_fd_sc_hd__o221a_2)
     1    0.004230    0.048008    0.264967    2.869465 v _105_/X (sky130_fd_sc_hd__o221a_2)
                                                         _049_ (net)
                      0.048008    0.000002    2.869467 v _107_/B1 (sky130_fd_sc_hd__o22ai_2)
     8    0.017785    0.253881    0.215545    3.085012 ^ _107_/Y (sky130_fd_sc_hd__o22ai_2)
                                                         _051_ (net)
                      0.253881    0.000160    3.085172 ^ _128_/A (sky130_fd_sc_hd__and2_2)
     1    0.002075    0.037759    0.185456    3.270628 ^ _128_/X (sky130_fd_sc_hd__and2_2)
                                                         _007_ (net)
                      0.037759    0.000000    3.270629 ^ _154_/D (sky130_fd_sc_hd__dfrtp_2)
                                              3.270629   data arrival time

                                  5.000000    5.000000   clock clk (rise edge)
                                  0.000000    5.000000   clock source latency
     9    0.023640    0.111869    0.076890    5.076890 ^ clk (in)
                                                         clk (net)
                      0.111869    0.000000    5.076890 ^ _154_/CLK (sky130_fd_sc_hd__dfrtp_2)
                                 -0.250000    4.826890   clock uncertainty
                                  0.000000    4.826890   clock reconvergence pessimism
                                 -0.051633    4.775258   library setup time
                                              4.775258   data required time
---------------------------------------------------------------------------------------------
                                              4.775258   data required time
                                             -3.270629   data arrival time
---------------------------------------------------------------------------------------------
                                              1.504629   slack (MET)


Startpoint: psc[3] (input port clocked by clk)
Endpoint: _147_ (rising edge-triggered flip-flop clocked by clk)
Path Group: clk
Path Type: max

Fanout         Cap        Slew       Delay        Time   Description
---------------------------------------------------------------------------------------------
                                  0.000000    0.000000   clock clk (rise edge)
                                  0.000000    0.000000   clock network delay (propagated)
                                  1.000000    1.000000 v input external delay
     2    0.006804    0.017525    0.011007    1.011007 v psc[3] (in)
                                                         psc[3] (net)
                      0.017526    0.000000    1.011007 v _084_/A (sky130_fd_sc_hd__or4_2)
     3    0.014497    0.143921    0.722249    1.733256 v _084_/X (sky130_fd_sc_hd__or4_2)
                                                         _028_ (net)
                      0.143921    0.000046    1.733302 v _085_/C (sky130_fd_sc_hd__or3_2)
     3    0.010352    0.104716    0.479230    2.212532 v _085_/X (sky130_fd_sc_hd__or3_2)
                                                         _029_ (net)
                      0.104716    0.000002    2.212534 v _100_/A (sky130_fd_sc_hd__and2_2)
     2    0.003926    0.040510    0.193572    2.406107 v _100_/X (sky130_fd_sc_hd__and2_2)
                                                         _044_ (net)
                      0.040510    0.000007    2.406113 v _101_/B1 (sky130_fd_sc_hd__a22o_2)
     1    0.002645    0.039236    0.198380    2.604494 v _101_/X (sky130_fd_sc_hd__a22o_2)
                                                         _045_ (net)
                      0.039236    0.000005    2.604498 v _105_/A2 (sky130_fd_sc_hd__o221a_2)
     1    0.004230    0.048008    0.264967    2.869465 v _105_/X (sky130_fd_sc_hd__o221a_2)
                                                         _049_ (net)
                      0.048008    0.000002    2.869467 v _107_/B1 (sky130_fd_sc_hd__o22ai_2)
     8    0.017785    0.253881    0.215545    3.085012 ^ _107_/Y (sky130_fd_sc_hd__o22ai_2)
                                                         _051_ (net)
                      0.253881    0.000285    3.085297 ^ _108_/B (sky130_fd_sc_hd__and2b_2)
     1    0.002185    0.035029    0.177842    3.263139 ^ _108_/X (sky130_fd_sc_hd__and2b_2)
                                                         _000_ (net)
                      0.035029    0.000002    3.263141 ^ _147_/D (sky130_fd_sc_hd__dfrtp_2)
                                              3.263141   data arrival time

                                  5.000000    5.000000   clock clk (rise edge)
                                  0.000000    5.000000   clock source latency
     9    0.023640    0.111869    0.076877    5.076877 ^ clk (in)
                                                         clk (net)
                      0.111869    0.000000    5.076877 ^ _147_/CLK (sky130_fd_sc_hd__dfrtp_2)
                                 -0.250000    4.826877   clock uncertainty
                                  0.000000    4.826877   clock reconvergence pessimism
                                 -0.051004    4.775873   library setup time
                                              4.775873   data required time
---------------------------------------------------------------------------------------------
                                              4.775873   data required time
                                             -3.263141   data arrival time
---------------------------------------------------------------------------------------------
                                              1.512732   slack (MET)


Startpoint: psc[1] (input port clocked by clk)
Endpoint: _146_ (rising edge-triggered flip-flop clocked by clk)
Path Group: clk
Path Type: max

Fanout         Cap        Slew       Delay        Time   Description
---------------------------------------------------------------------------------------------
                                  0.000000    0.000000   clock clk (rise edge)
                                  0.000000    0.000000   clock network delay (propagated)
                                  1.000000    1.000000 ^ input external delay
     6    0.021571    0.102645    0.070397    1.070397 ^ psc[1] (in)
                                                         psc[1] (net)
                      0.102645    0.000000    1.070397 ^ _079_/A (sky130_fd_sc_hd__inv_2)
     1    0.002449    0.023768    0.032825    1.103222 v _079_/Y (sky130_fd_sc_hd__inv_2)
                                                         _024_ (net)
                      0.023768    0.000002    1.103224 v _131_/A1 (sky130_fd_sc_hd__o22a_2)
     1    0.002180    0.034206    0.215686    1.318910 v _131_/X (sky130_fd_sc_hd__o22a_2)
                                                         _067_ (net)
                      0.034206    0.000000    1.318911 v _132_/C1 (sky130_fd_sc_hd__a221o_2)
     1    0.002386    0.051187    0.284391    1.603302 v _132_/X (sky130_fd_sc_hd__a221o_2)
                                                         _068_ (net)
                      0.051187    0.000001    1.603304 v _133_/C1 (sky130_fd_sc_hd__o221a_2)
     1    0.002670    0.042939    0.118238    1.721542 v _133_/X (sky130_fd_sc_hd__o221a_2)
                                                         _069_ (net)
                      0.042939    0.000005    1.721547 v _135_/B1 (sky130_fd_sc_hd__o221a_2)
     1    0.002305    0.041734    0.233920    1.955467 v _135_/X (sky130_fd_sc_hd__o221a_2)
                                                         _071_ (net)
                      0.041734    0.000003    1.955470 v _136_/C1 (sky130_fd_sc_hd__a221o_2)
     1    0.004746    0.060171    0.301170    2.256640 v _136_/X (sky130_fd_sc_hd__a221o_2)
                                                         _072_ (net)
                      0.060171    0.000003    2.256643 v _137_/A2 (sky130_fd_sc_hd__a21oi_2)
     1    0.002086    0.073920    0.121372    2.378016 ^ _137_/Y (sky130_fd_sc_hd__a21oi_2)
                                                         _008_ (net)
                      0.073920    0.000001    2.378016 ^ _146_/D (sky130_fd_sc_hd__dfrtp_2)
                                              2.378016   data arrival time

                                  5.000000    5.000000   clock clk (rise edge)
                                  0.000000    5.000000   clock source latency
     9    0.023640    0.111869    0.076887    5.076888 ^ clk (in)
                                                         clk (net)
                      0.111869    0.000000    5.076888 ^ _146_/CLK (sky130_fd_sc_hd__dfrtp_2)
                                 -0.250000    4.826888   clock uncertainty
                                  0.000000    4.826888   clock reconvergence pessimism
                                 -0.059958    4.766930   library setup time
                                              4.766930   data required time
---------------------------------------------------------------------------------------------
                                              4.766930   data required time
                                             -2.378016   data arrival time
---------------------------------------------------------------------------------------------
                                              2.388913   slack (MET)


Startpoint: _146_ (rising edge-triggered flip-flop clocked by clk)
Endpoint: out (output port clocked by clk)
Path Group: clk
Path Type: max

Fanout         Cap        Slew       Delay        Time   Description
---------------------------------------------------------------------------------------------
                                  0.000000    0.000000   clock clk (rise edge)
                                  0.000000    0.000000   clock source latency
     9    0.023640    0.111869    0.076887    0.076887 ^ clk (in)
                                                         clk (net)
                      0.111869    0.000000    0.076887 ^ _146_/CLK (sky130_fd_sc_hd__dfrtp_2)
     1    0.034182    0.113148    0.494427    0.571314 v _146_/Q (sky130_fd_sc_hd__dfrtp_2)
                                                         out (net)
                      0.113148    0.000135    0.571449 v out (out)
                                              0.571449   data arrival time

                                  5.000000    5.000000   clock clk (rise edge)
                                  0.000000    5.000000   clock network delay (propagated)
                                 -0.250000    4.750000   clock uncertainty
                                  0.000000    4.750000   clock reconvergence pessimism
                                 -1.000000    3.750000   output external delay
                                              3.750000   data required time
---------------------------------------------------------------------------------------------
                                              3.750000   data required time
                                             -0.571449   data arrival time
---------------------------------------------------------------------------------------------
                                              3.178551   slack (MET)


Startpoint: rst (input port clocked by clk)
Endpoint: _148_ (recovery check against rising-edge clock clk)
Path Group: asynchronous
Path Type: max

Fanout         Cap        Slew       Delay        Time   Description
---------------------------------------------------------------------------------------------
                                  0.000000    0.000000   clock clk (rise edge)
                                  0.000000    0.000000   clock network delay (propagated)
                                  1.000000    1.000000 v input external delay
     9    0.044691    0.099721    0.071647    1.071647 v rst (in)
                                                         rst (net)
                      0.099723    0.000000    1.071647 v _139_/A (sky130_fd_sc_hd__inv_2)
     1    0.003703    0.037740    0.063178    1.134825 ^ _139_/Y (sky130_fd_sc_hd__inv_2)
                                                         _011_ (net)
                      0.037740    0.000002    1.134827 ^ _148_/RESET_B (sky130_fd_sc_hd__dfrtp_2)
                                              1.134827   data arrival time

                                  5.000000    5.000000   clock clk (rise edge)
                                  0.000000    5.000000   clock source latency
     9    0.023640    0.111869    0.076829    5.076829 ^ clk (in)
                                                         clk (net)
                      0.111869    0.000000    5.076829 ^ _148_/CLK (sky130_fd_sc_hd__dfrtp_2)
                                 -0.250000    4.826829   clock uncertainty
                                  0.000000    4.826829   clock reconvergence pessimism
                                  0.241850    5.068679   library recovery time
                                              5.068679   data required time
---------------------------------------------------------------------------------------------
                                              5.068679   data required time
                                             -1.134827   data arrival time
---------------------------------------------------------------------------------------------
                                              3.933852   slack (MET)


Startpoint: rst (input port clocked by clk)
Endpoint: _147_ (recovery check against rising-edge clock clk)
Path Group: asynchronous
Path Type: max

Fanout         Cap        Slew       Delay        Time   Description
---------------------------------------------------------------------------------------------
                                  0.000000    0.000000   clock clk (rise edge)
                                  0.000000    0.000000   clock network delay (propagated)
                                  1.000000    1.000000 v input external delay
     9    0.044691    0.099721    0.071599    1.071599 v rst (in)
                                                         rst (net)
                      0.099723    0.000000    1.071599 v _138_/A (sky130_fd_sc_hd__inv_2)
     1    0.003676    0.037642    0.063040    1.134639 ^ _138_/Y (sky130_fd_sc_hd__inv_2)
                                                         _010_ (net)
                      0.037642    0.000001    1.134640 ^ _147_/RESET_B (sky130_fd_sc_hd__dfrtp_2)
                                              1.134640   data arrival time

                                  5.000000    5.000000   clock clk (rise edge)
                                  0.000000    5.000000   clock source latency
     9    0.023640    0.111869    0.076877    5.076877 ^ clk (in)
                                                         clk (net)
                      0.111869    0.000000    5.076877 ^ _147_/CLK (sky130_fd_sc_hd__dfrtp_2)
                                 -0.250000    4.826877   clock uncertainty
                                  0.000000    4.826877   clock reconvergence pessimism
                                  0.241879    5.068757   library recovery time
                                              5.068757   data required time
---------------------------------------------------------------------------------------------
                                              5.068757   data required time
                                             -1.134640   data arrival time
---------------------------------------------------------------------------------------------
                                              3.934116   slack (MET)


Startpoint: rst (input port clocked by clk)
Endpoint: _151_ (recovery check against rising-edge clock clk)
Path Group: asynchronous
Path Type: max

Fanout         Cap        Slew       Delay        Time   Description
---------------------------------------------------------------------------------------------
                                  0.000000    0.000000   clock clk (rise edge)
                                  0.000000    0.000000   clock network delay (propagated)
                                  1.000000    1.000000 v input external delay
     9    0.044691    0.099721    0.071545    1.071545 v rst (in)
                                                         rst (net)
                      0.099722    0.000000    1.071545 v _142_/A (sky130_fd_sc_hd__inv_2)
     1    0.003687    0.037684    0.063099    1.134644 ^ _142_/Y (sky130_fd_sc_hd__inv_2)
                                                         _014_ (net)
                      0.037684    0.000002    1.134645 ^ _151_/RESET_B (sky130_fd_sc_hd__dfrtp_2)
                                              1.134645   data arrival time

                                  5.000000    5.000000   clock clk (rise edge)
                                  0.000000    5.000000   clock source latency
     9    0.023640    0.111869    0.076903    5.076903 ^ clk (in)
                                                         clk (net)
                      0.111869    0.000000    5.076903 ^ _151_/CLK (sky130_fd_sc_hd__dfrtp_2)
                                 -0.250000    4.826903   clock uncertainty
                                  0.000000    4.826903   clock reconvergence pessimism
                                  0.241867    5.068770   library recovery time
                                              5.068770   data required time
---------------------------------------------------------------------------------------------
                                              5.068770   data required time
                                             -1.134645   data arrival time
---------------------------------------------------------------------------------------------
                                              3.934125   slack (MET)


Startpoint: rst (input port clocked by clk)
Endpoint: _146_ (recovery check against rising-edge clock clk)
Path Group: asynchronous
Path Type: max

Fanout         Cap        Slew       Delay        Time   Description
---------------------------------------------------------------------------------------------
                                  0.000000    0.000000   clock clk (rise edge)
                                  0.000000    0.000000   clock network delay (propagated)
                                  1.000000    1.000000 v input external delay
     9    0.044691    0.099721    0.071419    1.071419 v rst (in)
                                                         rst (net)
                      0.099721    0.000000    1.071419 v _081_/A (sky130_fd_sc_hd__inv_2)
     1    0.003688    0.037685    0.063100    1.134519 ^ _081_/Y (sky130_fd_sc_hd__inv_2)
                                                         _009_ (net)
                      0.037685    0.000002    1.134521 ^ _146_/RESET_B (sky130_fd_sc_hd__dfrtp_2)
                                              1.134521   data arrival time

                                  5.000000    5.000000   clock clk (rise edge)
                                  0.000000    5.000000   clock source latency
     9    0.023640    0.111869    0.076887    5.076888 ^ clk (in)
                                                         clk (net)
                      0.111869    0.000000    5.076888 ^ _146_/CLK (sky130_fd_sc_hd__dfrtp_2)
                                 -0.250000    4.826888   clock uncertainty
                                  0.000000    4.826888   clock reconvergence pessimism
                                  0.241867    5.068755   library recovery time
                                              5.068755   data required time
---------------------------------------------------------------------------------------------
                                              5.068755   data required time
                                             -1.134521   data arrival time
---------------------------------------------------------------------------------------------
                                              3.934233   slack (MET)


Startpoint: rst (input port clocked by clk)
Endpoint: _149_ (recovery check against rising-edge clock clk)
Path Group: asynchronous
Path Type: max

Fanout         Cap        Slew       Delay        Time   Description
---------------------------------------------------------------------------------------------
                                  0.000000    0.000000   clock clk (rise edge)
                                  0.000000    0.000000   clock network delay (propagated)
                                  1.000000    1.000000 v input external delay
     9    0.044691    0.099721    0.071630    1.071630 v rst (in)
                                                         rst (net)
                      0.099723    0.000000    1.071630 v _140_/A (sky130_fd_sc_hd__inv_2)
     1    0.003643    0.037518    0.062865    1.134495 ^ _140_/Y (sky130_fd_sc_hd__inv_2)
                                                         _012_ (net)
                      0.037518    0.000000    1.134496 ^ _149_/RESET_B (sky130_fd_sc_hd__dfrtp_2)
                                              1.134496   data arrival time

                                  5.000000    5.000000   clock clk (rise edge)
                                  0.000000    5.000000   clock source latency
     9    0.023640    0.111869    0.076842    5.076842 ^ clk (in)
                                                         clk (net)
                      0.111869    0.000000    5.076842 ^ _149_/CLK (sky130_fd_sc_hd__dfrtp_2)
                                 -0.250000    4.826842   clock uncertainty
                                  0.000000    4.826842   clock reconvergence pessimism
                                  0.241916    5.068758   library recovery time
                                              5.068758   data required time
---------------------------------------------------------------------------------------------
                                              5.068758   data required time
                                             -1.134496   data arrival time
---------------------------------------------------------------------------------------------
                                              3.934262   slack (MET)


Startpoint: rst (input port clocked by clk)
Endpoint: _152_ (recovery check against rising-edge clock clk)
Path Group: asynchronous
Path Type: max

Fanout         Cap        Slew       Delay        Time   Description
---------------------------------------------------------------------------------------------
                                  0.000000    0.000000   clock clk (rise edge)
                                  0.000000    0.000000   clock network delay (propagated)
                                  1.000000    1.000000 v input external delay
     9    0.044691    0.099721    0.071506    1.071506 v rst (in)
                                                         rst (net)
                      0.099722    0.000000    1.071506 v _143_/A (sky130_fd_sc_hd__inv_2)
     1    0.003660    0.037581    0.062954    1.134460 ^ _143_/Y (sky130_fd_sc_hd__inv_2)
                                                         _015_ (net)
                      0.037581    0.000000    1.134461 ^ _152_/RESET_B (sky130_fd_sc_hd__dfrtp_2)
                                              1.134461   data arrival time

                                  5.000000    5.000000   clock clk (rise edge)
                                  0.000000    5.000000   clock source latency
     9    0.023640    0.111869    0.076914    5.076914 ^ clk (in)
                                                         clk (net)
                      0.111869    0.000000    5.076914 ^ _152_/CLK (sky130_fd_sc_hd__dfrtp_2)
                                 -0.250000    4.826914   clock uncertainty
                                  0.000000    4.826914   clock reconvergence pessimism
                                  0.241897    5.068811   library recovery time
                                              5.068811   data required time
---------------------------------------------------------------------------------------------
                                              5.068811   data required time
                                             -1.134461   data arrival time
---------------------------------------------------------------------------------------------
                                              3.934351   slack (MET)


Startpoint: rst (input port clocked by clk)
Endpoint: _150_ (recovery check against rising-edge clock clk)
Path Group: asynchronous
Path Type: max

Fanout         Cap        Slew       Delay        Time   Description
---------------------------------------------------------------------------------------------
                                  0.000000    0.000000   clock clk (rise edge)
                                  0.000000    0.000000   clock network delay (propagated)
                                  1.000000    1.000000 v input external delay
     9    0.044691    0.099721    0.071572    1.071572 v rst (in)
                                                         rst (net)
                      0.099722    0.000000    1.071572 v _141_/A (sky130_fd_sc_hd__inv_2)
     1    0.003629    0.037468    0.062795    1.134366 ^ _141_/Y (sky130_fd_sc_hd__inv_2)
                                                         _013_ (net)
                      0.037468    0.000000    1.134367 ^ _150_/RESET_B (sky130_fd_sc_hd__dfrtp_2)
                                              1.134367   data arrival time

                                  5.000000    5.000000   clock clk (rise edge)
                                  0.000000    5.000000   clock source latency
     9    0.023640    0.111869    0.076859    5.076859 ^ clk (in)
                                                         clk (net)
                      0.111869    0.000000    5.076859 ^ _150_/CLK (sky130_fd_sc_hd__dfrtp_2)
                                 -0.250000    4.826859   clock uncertainty
                                  0.000000    4.826859   clock reconvergence pessimism
                                  0.241931    5.068790   library recovery time
                                              5.068790   data required time
---------------------------------------------------------------------------------------------
                                              5.068790   data required time
                                             -1.134367   data arrival time
---------------------------------------------------------------------------------------------
                                              3.934423   slack (MET)


Startpoint: rst (input port clocked by clk)
Endpoint: _153_ (recovery check against rising-edge clock clk)
Path Group: asynchronous
Path Type: max

Fanout         Cap        Slew       Delay        Time   Description
---------------------------------------------------------------------------------------------
                                  0.000000    0.000000   clock clk (rise edge)
                                  0.000000    0.000000   clock network delay (propagated)
                                  1.000000    1.000000 v input external delay
     9    0.044691    0.099721    0.071415    1.071415 v rst (in)
                                                         rst (net)
                      0.099721    0.000000    1.071415 v _144_/A (sky130_fd_sc_hd__inv_2)
     1    0.003659    0.037579    0.062950    1.134365 ^ _144_/Y (sky130_fd_sc_hd__inv_2)
                                                         _016_ (net)
                      0.037579    0.000001    1.134366 ^ _153_/RESET_B (sky130_fd_sc_hd__dfrtp_2)
                                              1.134366   data arrival time

                                  5.000000    5.000000   clock clk (rise edge)
                                  0.000000    5.000000   clock source latency
     9    0.023640    0.111869    0.076918    5.076918 ^ clk (in)
                                                         clk (net)
                      0.111869    0.000000    5.076918 ^ _153_/CLK (sky130_fd_sc_hd__dfrtp_2)
                                 -0.250000    4.826918   clock uncertainty
                                  0.000000    4.826918   clock reconvergence pessimism
                                  0.241898    5.068816   library recovery time
                                              5.068816   data required time
---------------------------------------------------------------------------------------------
                                              5.068816   data required time
                                             -1.134366   data arrival time
---------------------------------------------------------------------------------------------
                                              3.934450   slack (MET)


Startpoint: rst (input port clocked by clk)
Endpoint: _154_ (recovery check against rising-edge clock clk)
Path Group: asynchronous
Path Type: max

Fanout         Cap        Slew       Delay        Time   Description
---------------------------------------------------------------------------------------------
                                  0.000000    0.000000   clock clk (rise edge)
                                  0.000000    0.000000   clock network delay (propagated)
                                  1.000000    1.000000 v input external delay
     9    0.044691    0.099721    0.071404    1.071404 v rst (in)
                                                         rst (net)
                      0.099721    0.000000    1.071404 v _145_/A (sky130_fd_sc_hd__inv_2)
     1    0.003645    0.037527    0.062878    1.134282 ^ _145_/Y (sky130_fd_sc_hd__inv_2)
                                                         _017_ (net)
                      0.037527    0.000000    1.134282 ^ _154_/RESET_B (sky130_fd_sc_hd__dfrtp_2)
                                              1.134282   data arrival time

                                  5.000000    5.000000   clock clk (rise edge)
                                  0.000000    5.000000   clock source latency
     9    0.023640    0.111869    0.076890    5.076890 ^ clk (in)
                                                         clk (net)
                      0.111869    0.000000    5.076890 ^ _154_/CLK (sky130_fd_sc_hd__dfrtp_2)
                                 -0.250000    4.826890   clock uncertainty
                                  0.000000    4.826890   clock reconvergence pessimism
                                  0.241913    5.068803   library recovery time
                                              5.068803   data required time
---------------------------------------------------------------------------------------------
                                              5.068803   data required time
                                             -1.134282   data arrival time
---------------------------------------------------------------------------------------------
                                              3.934521   slack (MET)



