
===========================================================================
report_checks -path_delay min (Hold)
============================================================================
======================= nom_tt_025C_1v80 Corner ===================================

Startpoint: _154_ (rising edge-triggered flip-flop clocked by clk)
Endpoint: _146_ (rising edge-triggered flip-flop clocked by clk)
Path Group: clk
Path Type: min

Fanout         Cap        Slew       Delay        Time   Description
---------------------------------------------------------------------------------------------
                                  0.000000    0.000000   clock clk (rise edge)
                                  0.000000    0.000000   clock source latency
     9    0.023640    0.111869    0.076890    0.076890 ^ clk (in)
                                                         clk (net)
                      0.111869    0.000000    0.076890 ^ _154_/CLK (sky130_fd_sc_hd__dfrtp_2)
     4    0.023227    0.124881    0.436411    0.513300 ^ _154_/Q (sky130_fd_sc_hd__dfrtp_2)
                                                         counter[7] (net)
                      0.124881    0.000118    0.513419 ^ _137_/B1 (sky130_fd_sc_hd__a21oi_2)
     1    0.002030    0.026279    0.037218    0.550636 v _137_/Y (sky130_fd_sc_hd__a21oi_2)
                                                         _008_ (net)
                      0.026279    0.000001    0.550637 v _146_/D (sky130_fd_sc_hd__dfrtp_2)
                                              0.550637   data arrival time

                                  0.000000    0.000000   clock clk (rise edge)
                                  0.000000    0.000000   clock source latency
     9    0.023640    0.111869    0.076887    0.076887 ^ clk (in)
                                                         clk (net)
                      0.111869    0.000000    0.076887 ^ _146_/CLK (sky130_fd_sc_hd__dfrtp_2)
                                  0.250000    0.326887   clock uncertainty
                                  0.000000    0.326887   clock reconvergence pessimism
                                 -0.019245    0.307643   library hold time
                                              0.307643   data required time
---------------------------------------------------------------------------------------------
                                              0.307643   data required time
                                             -0.550637   data arrival time
---------------------------------------------------------------------------------------------
                                              0.242995   slack (MET)


Startpoint: _151_ (rising edge-triggered flip-flop clocked by clk)
Endpoint: _151_ (rising edge-triggered flip-flop clocked by clk)
Path Group: clk
Path Type: min

Fanout         Cap        Slew       Delay        Time   Description
---------------------------------------------------------------------------------------------
                                  0.000000    0.000000   clock clk (rise edge)
                                  0.000000    0.000000   clock source latency
     9    0.023640    0.111869    0.076903    0.076903 ^ clk (in)
                                                         clk (net)
                      0.111869    0.000000    0.076903 ^ _151_/CLK (sky130_fd_sc_hd__dfrtp_2)
     8    0.022278    0.120733    0.433152    0.510055 ^ _151_/Q (sky130_fd_sc_hd__dfrtp_2)
                                                         counter[4] (net)
                      0.120733    0.000068    0.510123 ^ _117_/A (sky130_fd_sc_hd__nand2_2)
     1    0.001615    0.027448    0.045490    0.555613 v _117_/Y (sky130_fd_sc_hd__nand2_2)
                                                         _057_ (net)
                      0.027448    0.000001    0.555614 v _119_/B (sky130_fd_sc_hd__and3_2)
     1    0.002174    0.032571    0.176252    0.731866 v _119_/X (sky130_fd_sc_hd__and3_2)
                                                         _004_ (net)
                      0.032571    0.000003    0.731869 v _151_/D (sky130_fd_sc_hd__dfrtp_2)
                                              0.731869   data arrival time

                                  0.000000    0.000000   clock clk (rise edge)
                                  0.000000    0.000000   clock source latency
     9    0.023640    0.111869    0.076903    0.076903 ^ clk (in)
                                                         clk (net)
                      0.111869    0.000000    0.076903 ^ _151_/CLK (sky130_fd_sc_hd__dfrtp_2)
                                  0.250000    0.326903   clock uncertainty
                                  0.000000    0.326903   clock reconvergence pessimism
                                 -0.021804    0.305099   library hold time
                                              0.305099   data required time
---------------------------------------------------------------------------------------------
                                              0.305099   data required time
                                             -0.731869   data arrival time
---------------------------------------------------------------------------------------------
                                              0.426770   slack (MET)


Startpoint: _147_ (rising edge-triggered flip-flop clocked by clk)
Endpoint: _147_ (rising edge-triggered flip-flop clocked by clk)
Path Group: clk
Path Type: min

Fanout         Cap        Slew       Delay        Time   Description
---------------------------------------------------------------------------------------------
                                  0.000000    0.000000   clock clk (rise edge)
                                  0.000000    0.000000   clock source latency
     9    0.023640    0.111869    0.076877    0.076877 ^ clk (in)
                                                         clk (net)
                      0.111869    0.000000    0.076877 ^ _147_/CLK (sky130_fd_sc_hd__dfrtp_2)
     7    0.022931    0.123597    0.435361    0.512239 ^ _147_/Q (sky130_fd_sc_hd__dfrtp_2)
                                                         counter[0] (net)
                      0.123597    0.000028    0.512266 ^ _108_/A_N (sky130_fd_sc_hd__and2b_2)
     1    0.002129    0.033345    0.221864    0.734131 v _108_/X (sky130_fd_sc_hd__and2b_2)
                                                         _000_ (net)
                      0.033345    0.000002    0.734133 v _147_/D (sky130_fd_sc_hd__dfrtp_2)
                                              0.734133   data arrival time

                                  0.000000    0.000000   clock clk (rise edge)
                                  0.000000    0.000000   clock source latency
     9    0.023640    0.111869    0.076877    0.076877 ^ clk (in)
                                                         clk (net)
                      0.111869    0.000000    0.076877 ^ _147_/CLK (sky130_fd_sc_hd__dfrtp_2)
                                  0.250000    0.326877   clock uncertainty
                                  0.000000    0.326877   clock reconvergence pessimism
                                 -0.022119    0.304758   library hold time
                                              0.304758   data required time
---------------------------------------------------------------------------------------------
                                              0.304758   data required time
                                             -0.734133   data arrival time
---------------------------------------------------------------------------------------------
                                              0.429374   slack (MET)


Startpoint: _152_ (rising edge-triggered flip-flop clocked by clk)
Endpoint: _152_ (rising edge-triggered flip-flop clocked by clk)
Path Group: clk
Path Type: min

Fanout         Cap        Slew       Delay        Time   Description
---------------------------------------------------------------------------------------------
                                  0.000000    0.000000   clock clk (rise edge)
                                  0.000000    0.000000   clock source latency
     9    0.023640    0.111869    0.076914    0.076914 ^ clk (in)
                                                         clk (net)
                      0.111869    0.000000    0.076914 ^ _152_/CLK (sky130_fd_sc_hd__dfrtp_2)
     6    0.015672    0.092108    0.410448    0.487362 ^ _152_/Q (sky130_fd_sc_hd__dfrtp_2)
                                                         counter[5] (net)
                      0.092108    0.000091    0.487453 ^ _122_/B1 (sky130_fd_sc_hd__a21o_2)
     1    0.001647    0.022651    0.089646    0.577099 ^ _122_/X (sky130_fd_sc_hd__a21o_2)
                                                         _061_ (net)
                      0.022651    0.000000    0.577100 ^ _123_/C (sky130_fd_sc_hd__and3_2)
     1    0.002538    0.041712    0.157963    0.735062 ^ _123_/X (sky130_fd_sc_hd__and3_2)
                                                         _005_ (net)
                      0.041712    0.000008    0.735070 ^ _152_/D (sky130_fd_sc_hd__dfrtp_2)
                                              0.735070   data arrival time

                                  0.000000    0.000000   clock clk (rise edge)
                                  0.000000    0.000000   clock source latency
     9    0.023640    0.111869    0.076914    0.076914 ^ clk (in)
                                                         clk (net)
                      0.111869    0.000000    0.076914 ^ _152_/CLK (sky130_fd_sc_hd__dfrtp_2)
                                  0.250000    0.326914   clock uncertainty
                                  0.000000    0.326914   clock reconvergence pessimism
                                 -0.024864    0.302050   library hold time
                                              0.302050   data required time
---------------------------------------------------------------------------------------------
                                              0.302050   data required time
                                             -0.735070   data arrival time
---------------------------------------------------------------------------------------------
                                              0.433021   slack (MET)


Startpoint: _154_ (rising edge-triggered flip-flop clocked by clk)
Endpoint: _154_ (rising edge-triggered flip-flop clocked by clk)
Path Group: clk
Path Type: min

Fanout         Cap        Slew       Delay        Time   Description
---------------------------------------------------------------------------------------------
                                  0.000000    0.000000   clock clk (rise edge)
                                  0.000000    0.000000   clock source latency
     9    0.023640    0.111869    0.076890    0.076890 ^ clk (in)
                                                         clk (net)
                      0.111869    0.000000    0.076890 ^ _154_/CLK (sky130_fd_sc_hd__dfrtp_2)
     4    0.023227    0.124881    0.436411    0.513300 ^ _154_/Q (sky130_fd_sc_hd__dfrtp_2)
                                                         counter[7] (net)
                      0.124881    0.000073    0.513374 ^ _127_/A (sky130_fd_sc_hd__xnor2_2)
     1    0.001630    0.029389    0.114052    0.627425 ^ _127_/Y (sky130_fd_sc_hd__xnor2_2)
                                                         _064_ (net)
                      0.029389    0.000000    0.627426 ^ _128_/B (sky130_fd_sc_hd__and2_2)
     1    0.002075    0.034246    0.119139    0.746565 ^ _128_/X (sky130_fd_sc_hd__and2_2)
                                                         _007_ (net)
                      0.034246    0.000000    0.746566 ^ _154_/D (sky130_fd_sc_hd__dfrtp_2)
                                              0.746566   data arrival time

                                  0.000000    0.000000   clock clk (rise edge)
                                  0.000000    0.000000   clock source latency
     9    0.023640    0.111869    0.076890    0.076890 ^ clk (in)
                                                         clk (net)
                      0.111869    0.000000    0.076890 ^ _154_/CLK (sky130_fd_sc_hd__dfrtp_2)
                                  0.250000    0.326890   clock uncertainty
                                  0.000000    0.326890   clock reconvergence pessimism
                                 -0.023331    0.303559   library hold time
                                              0.303559   data required time
---------------------------------------------------------------------------------------------
                                              0.303559   data required time
                                             -0.746566   data arrival time
---------------------------------------------------------------------------------------------
                                              0.443007   slack (MET)


Startpoint: _150_ (rising edge-triggered flip-flop clocked by clk)
Endpoint: _150_ (rising edge-triggered flip-flop clocked by clk)
Path Group: clk
Path Type: min

Fanout         Cap        Slew       Delay        Time   Description
---------------------------------------------------------------------------------------------
                                  0.000000    0.000000   clock clk (rise edge)
                                  0.000000    0.000000   clock source latency
     9    0.023640    0.111869    0.076860    0.076860 ^ clk (in)
                                                         clk (net)
                      0.111869    0.000000    0.076860 ^ _150_/CLK (sky130_fd_sc_hd__dfrtp_2)
     6    0.016746    0.096712    0.414183    0.491042 ^ _150_/Q (sky130_fd_sc_hd__dfrtp_2)
                                                         counter[3] (net)
                      0.096712    0.000027    0.491069 ^ _115_/B1 (sky130_fd_sc_hd__a31o_2)
     1    0.001861    0.028442    0.101781    0.592850 ^ _115_/X (sky130_fd_sc_hd__a31o_2)
                                                         _056_ (net)
                      0.028442    0.000002    0.592852 ^ _116_/C (sky130_fd_sc_hd__and3_2)
     1    0.002070    0.039261    0.156629    0.749481 ^ _116_/X (sky130_fd_sc_hd__and3_2)
                                                         _003_ (net)
                      0.039261    0.000000    0.749482 ^ _150_/D (sky130_fd_sc_hd__dfrtp_2)
                                              0.749482   data arrival time

                                  0.000000    0.000000   clock clk (rise edge)
                                  0.000000    0.000000   clock source latency
     9    0.023640    0.111869    0.076860    0.076860 ^ clk (in)
                                                         clk (net)
                      0.111869    0.000000    0.076860 ^ _150_/CLK (sky130_fd_sc_hd__dfrtp_2)
                                  0.250000    0.326860   clock uncertainty
                                  0.000000    0.326860   clock reconvergence pessimism
                                 -0.024361    0.302499   library hold time
                                              0.302499   data required time
---------------------------------------------------------------------------------------------
                                              0.302499   data required time
                                             -0.749482   data arrival time
---------------------------------------------------------------------------------------------
                                              0.446983   slack (MET)


Startpoint: _153_ (rising edge-triggered flip-flop clocked by clk)
Endpoint: _153_ (rising edge-triggered flip-flop clocked by clk)
Path Group: clk
Path Type: min

Fanout         Cap        Slew       Delay        Time   Description
---------------------------------------------------------------------------------------------
                                  0.000000    0.000000   clock clk (rise edge)
                                  0.000000    0.000000   clock source latency
     9    0.023640    0.111869    0.076918    0.076918 ^ clk (in)
                                                         clk (net)
                      0.111869    0.000000    0.076918 ^ _153_/CLK (sky130_fd_sc_hd__dfrtp_2)
     6    0.018138    0.102737    0.418912    0.495830 ^ _153_/Q (sky130_fd_sc_hd__dfrtp_2)
                                                         counter[6] (net)
                      0.102737    0.000109    0.495939 ^ _124_/A (sky130_fd_sc_hd__nand2_2)
     2    0.009808    0.051581    0.074563    0.570501 v _124_/Y (sky130_fd_sc_hd__nand2_2)
                                                         _062_ (net)
                      0.051581    0.000001    0.570502 v _126_/B (sky130_fd_sc_hd__and3_2)
     1    0.002307    0.032983    0.187552    0.758054 v _126_/X (sky130_fd_sc_hd__and3_2)
                                                         _006_ (net)
                      0.032983    0.000005    0.758059 v _153_/D (sky130_fd_sc_hd__dfrtp_2)
                                              0.758059   data arrival time

                                  0.000000    0.000000   clock clk (rise edge)
                                  0.000000    0.000000   clock source latency
     9    0.023640    0.111869    0.076918    0.076918 ^ clk (in)
                                                         clk (net)
                      0.111869    0.000000    0.076918 ^ _153_/CLK (sky130_fd_sc_hd__dfrtp_2)
                                  0.250000    0.326918   clock uncertainty
                                  0.000000    0.326918   clock reconvergence pessimism
                                 -0.021972    0.304946   library hold time
                                              0.304946   data required time
---------------------------------------------------------------------------------------------
                                              0.304946   data required time
                                             -0.758059   data arrival time
---------------------------------------------------------------------------------------------
                                              0.453113   slack (MET)


Startpoint: _149_ (rising edge-triggered flip-flop clocked by clk)
Endpoint: _149_ (rising edge-triggered flip-flop clocked by clk)
Path Group: clk
Path Type: min

Fanout         Cap        Slew       Delay        Time   Description
---------------------------------------------------------------------------------------------
                                  0.000000    0.000000   clock clk (rise edge)
                                  0.000000    0.000000   clock source latency
     9    0.023640    0.111869    0.076842    0.076842 ^ clk (in)
                                                         clk (net)
                      0.111869    0.000000    0.076842 ^ _149_/CLK (sky130_fd_sc_hd__dfrtp_2)
     7    0.028739    0.149058    0.455343    0.532185 ^ _149_/Q (sky130_fd_sc_hd__dfrtp_2)
                                                         counter[2] (net)
                      0.149058    0.000060    0.532245 ^ _111_/A (sky130_fd_sc_hd__xnor2_2)
     1    0.001695    0.030149    0.118534    0.650779 ^ _111_/Y (sky130_fd_sc_hd__xnor2_2)
                                                         _053_ (net)
                      0.030149    0.000001    0.650781 ^ _112_/B (sky130_fd_sc_hd__and2_2)
     1    0.002054    0.034145    0.119262    0.770043 ^ _112_/X (sky130_fd_sc_hd__and2_2)
                                                         _002_ (net)
                      0.034145    0.000000    0.770044 ^ _149_/D (sky130_fd_sc_hd__dfrtp_2)
                                              0.770044   data arrival time

                                  0.000000    0.000000   clock clk (rise edge)
                                  0.000000    0.000000   clock source latency
     9    0.023640    0.111869    0.076842    0.076842 ^ clk (in)
                                                         clk (net)
                      0.111869    0.000000    0.076842 ^ _149_/CLK (sky130_fd_sc_hd__dfrtp_2)
                                  0.250000    0.326842   clock uncertainty
                                  0.000000    0.326842   clock reconvergence pessimism
                                 -0.023310    0.303532   library hold time
                                              0.303532   data required time
---------------------------------------------------------------------------------------------
                                              0.303532   data required time
                                             -0.770044   data arrival time
---------------------------------------------------------------------------------------------
                                              0.466511   slack (MET)


Startpoint: rst (input port clocked by clk)
Endpoint: _154_ (removal check against rising-edge clock clk)
Path Group: asynchronous
Path Type: min

Fanout         Cap        Slew       Delay        Time   Description
---------------------------------------------------------------------------------------------
                                  0.000000    0.000000   clock clk (rise edge)
                                  0.000000    0.000000   clock network delay (propagated)
                                  1.000000    1.000000 v input external delay
     9    0.044691    0.099721    0.071404    1.071404 v rst (in)
                                                         rst (net)
                      0.099721    0.000000    1.071404 v _145_/A (sky130_fd_sc_hd__inv_2)
     1    0.003645    0.037527    0.062878    1.134282 ^ _145_/Y (sky130_fd_sc_hd__inv_2)
                                                         _017_ (net)
                      0.037527    0.000000    1.134282 ^ _154_/RESET_B (sky130_fd_sc_hd__dfrtp_2)
                                              1.134282   data arrival time

                                  0.000000    0.000000   clock clk (rise edge)
                                  0.000000    0.000000   clock source latency
     9    0.023640    0.111869    0.076890    0.076890 ^ clk (in)
                                                         clk (net)
                      0.111869    0.000000    0.076890 ^ _154_/CLK (sky130_fd_sc_hd__dfrtp_2)
                                  0.250000    0.326890   clock uncertainty
                                  0.000000    0.326890   clock reconvergence pessimism
                                  0.336609    0.663499   library removal time
                                              0.663499   data required time
---------------------------------------------------------------------------------------------
                                              0.663499   data required time
                                             -1.134282   data arrival time
---------------------------------------------------------------------------------------------
                                              0.470784   slack (MET)


Startpoint: rst (input port clocked by clk)
Endpoint: _153_ (removal check against rising-edge clock clk)
Path Group: asynchronous
Path Type: min

Fanout         Cap        Slew       Delay        Time   Description
---------------------------------------------------------------------------------------------
                                  0.000000    0.000000   clock clk (rise edge)
                                  0.000000    0.000000   clock network delay (propagated)
                                  1.000000    1.000000 v input external delay
     9    0.044691    0.099721    0.071415    1.071415 v rst (in)
                                                         rst (net)
                      0.099721    0.000000    1.071415 v _144_/A (sky130_fd_sc_hd__inv_2)
     1    0.003659    0.037579    0.062950    1.134365 ^ _144_/Y (sky130_fd_sc_hd__inv_2)
                                                         _016_ (net)
                      0.037579    0.000001    1.134366 ^ _153_/RESET_B (sky130_fd_sc_hd__dfrtp_2)
                                              1.134366   data arrival time

                                  0.000000    0.000000   clock clk (rise edge)
                                  0.000000    0.000000   clock source latency
     9    0.023640    0.111869    0.076918    0.076918 ^ clk (in)
                                                         clk (net)
                      0.111869    0.000000    0.076918 ^ _153_/CLK (sky130_fd_sc_hd__dfrtp_2)
                                  0.250000    0.326918   clock uncertainty
                                  0.000000    0.326918   clock reconvergence pessimism
                                  0.336623    0.663540   library removal time
                                              0.663540   data required time
---------------------------------------------------------------------------------------------
                                              0.663540   data required time
                                             -1.134366   data arrival time
---------------------------------------------------------------------------------------------
                                              0.470825   slack (MET)


Startpoint: rst (input port clocked by clk)
Endpoint: _150_ (removal check against rising-edge clock clk)
Path Group: asynchronous
Path Type: min

Fanout         Cap        Slew       Delay        Time   Description
---------------------------------------------------------------------------------------------
                                  0.000000    0.000000   clock clk (rise edge)
                                  0.000000    0.000000   clock network delay (propagated)
                                  1.000000    1.000000 v input external delay
     9    0.044691    0.099721    0.071572    1.071572 v rst (in)
                                                         rst (net)
                      0.099722    0.000000    1.071572 v _141_/A (sky130_fd_sc_hd__inv_2)
     1    0.003629    0.037468    0.062795    1.134366 ^ _141_/Y (sky130_fd_sc_hd__inv_2)
                                                         _013_ (net)
                      0.037468    0.000000    1.134367 ^ _150_/RESET_B (sky130_fd_sc_hd__dfrtp_2)
                                              1.134367   data arrival time

                                  0.000000    0.000000   clock clk (rise edge)
                                  0.000000    0.000000   clock source latency
     9    0.023640    0.111869    0.076860    0.076860 ^ clk (in)
                                                         clk (net)
                      0.111869    0.000000    0.076860 ^ _150_/CLK (sky130_fd_sc_hd__dfrtp_2)
                                  0.250000    0.326860   clock uncertainty
                                  0.000000    0.326860   clock reconvergence pessimism
                                  0.336593    0.663452   library removal time
                                              0.663452   data required time
---------------------------------------------------------------------------------------------
                                              0.663452   data required time
                                             -1.134367   data arrival time
---------------------------------------------------------------------------------------------
                                              0.470915   slack (MET)


Startpoint: rst (input port clocked by clk)
Endpoint: _152_ (removal check against rising-edge clock clk)
Path Group: asynchronous
Path Type: min

Fanout         Cap        Slew       Delay        Time   Description
---------------------------------------------------------------------------------------------
                                  0.000000    0.000000   clock clk (rise edge)
                                  0.000000    0.000000   clock network delay (propagated)
                                  1.000000    1.000000 v input external delay
     9    0.044691    0.099721    0.071506    1.071506 v rst (in)
                                                         rst (net)
                      0.099722    0.000000    1.071506 v _143_/A (sky130_fd_sc_hd__inv_2)
     1    0.003660    0.037581    0.062954    1.134460 ^ _143_/Y (sky130_fd_sc_hd__inv_2)
                                                         _015_ (net)
                      0.037581    0.000000    1.134461 ^ _152_/RESET_B (sky130_fd_sc_hd__dfrtp_2)
                                              1.134461   data arrival time

                                  0.000000    0.000000   clock clk (rise edge)
                                  0.000000    0.000000   clock source latency
     9    0.023640    0.111869    0.076914    0.076914 ^ clk (in)
                                                         clk (net)
                      0.111869    0.000000    0.076914 ^ _152_/CLK (sky130_fd_sc_hd__dfrtp_2)
                                  0.250000    0.326914   clock uncertainty
                                  0.000000    0.326914   clock reconvergence pessimism
                                  0.336623    0.663537   library removal time
                                              0.663537   data required time
---------------------------------------------------------------------------------------------
                                              0.663537   data required time
                                             -1.134461   data arrival time
---------------------------------------------------------------------------------------------
                                              0.470923   slack (MET)


Startpoint: rst (input port clocked by clk)
Endpoint: _146_ (removal check against rising-edge clock clk)
Path Group: asynchronous
Path Type: min

Fanout         Cap        Slew       Delay        Time   Description
---------------------------------------------------------------------------------------------
                                  0.000000    0.000000   clock clk (rise edge)
                                  0.000000    0.000000   clock network delay (propagated)
                                  1.000000    1.000000 v input external delay
     9    0.044691    0.099721    0.071419    1.071419 v rst (in)
                                                         rst (net)
                      0.099721    0.000000    1.071419 v _081_/A (sky130_fd_sc_hd__inv_2)
     1    0.003688    0.037685    0.063100    1.134519 ^ _081_/Y (sky130_fd_sc_hd__inv_2)
                                                         _009_ (net)
                      0.037685    0.000002    1.134521 ^ _146_/RESET_B (sky130_fd_sc_hd__dfrtp_2)
                                              1.134521   data arrival time

                                  0.000000    0.000000   clock clk (rise edge)
                                  0.000000    0.000000   clock source latency
     9    0.023640    0.111869    0.076887    0.076887 ^ clk (in)
                                                         clk (net)
                      0.111869    0.000000    0.076887 ^ _146_/CLK (sky130_fd_sc_hd__dfrtp_2)
                                  0.250000    0.326887   clock uncertainty
                                  0.000000    0.326887   clock reconvergence pessimism
                                  0.336652    0.663539   library removal time
                                              0.663539   data required time
---------------------------------------------------------------------------------------------
                                              0.663539   data required time
                                             -1.134521   data arrival time
---------------------------------------------------------------------------------------------
                                              0.470982   slack (MET)


Startpoint: rst (input port clocked by clk)
Endpoint: _149_ (removal check against rising-edge clock clk)
Path Group: asynchronous
Path Type: min

Fanout         Cap        Slew       Delay        Time   Description
---------------------------------------------------------------------------------------------
                                  0.000000    0.000000   clock clk (rise edge)
                                  0.000000    0.000000   clock network delay (propagated)
                                  1.000000    1.000000 v input external delay
     9    0.044691    0.099721    0.071630    1.071630 v rst (in)
                                                         rst (net)
                      0.099723    0.000000    1.071630 v _140_/A (sky130_fd_sc_hd__inv_2)
     1    0.003643    0.037518    0.062865    1.134495 ^ _140_/Y (sky130_fd_sc_hd__inv_2)
                                                         _012_ (net)
                      0.037518    0.000000    1.134496 ^ _149_/RESET_B (sky130_fd_sc_hd__dfrtp_2)
                                              1.134496   data arrival time

                                  0.000000    0.000000   clock clk (rise edge)
                                  0.000000    0.000000   clock source latency
     9    0.023640    0.111869    0.076842    0.076842 ^ clk (in)
                                                         clk (net)
                      0.111869    0.000000    0.076842 ^ _149_/CLK (sky130_fd_sc_hd__dfrtp_2)
                                  0.250000    0.326842   clock uncertainty
                                  0.000000    0.326842   clock reconvergence pessimism
                                  0.336606    0.663448   library removal time
                                              0.663448   data required time
---------------------------------------------------------------------------------------------
                                              0.663448   data required time
                                             -1.134496   data arrival time
---------------------------------------------------------------------------------------------
                                              0.471047   slack (MET)


Startpoint: rst (input port clocked by clk)
Endpoint: _151_ (removal check against rising-edge clock clk)
Path Group: asynchronous
Path Type: min

Fanout         Cap        Slew       Delay        Time   Description
---------------------------------------------------------------------------------------------
                                  0.000000    0.000000   clock clk (rise edge)
                                  0.000000    0.000000   clock network delay (propagated)
                                  1.000000    1.000000 v input external delay
     9    0.044691    0.099721    0.071545    1.071545 v rst (in)
                                                         rst (net)
                      0.099722    0.000000    1.071545 v _142_/A (sky130_fd_sc_hd__inv_2)
     1    0.003687    0.037684    0.063099    1.134644 ^ _142_/Y (sky130_fd_sc_hd__inv_2)
                                                         _014_ (net)
                      0.037684    0.000002    1.134645 ^ _151_/RESET_B (sky130_fd_sc_hd__dfrtp_2)
                                              1.134645   data arrival time

                                  0.000000    0.000000   clock clk (rise edge)
                                  0.000000    0.000000   clock source latency
     9    0.023640    0.111869    0.076903    0.076903 ^ clk (in)
                                                         clk (net)
                      0.111869    0.000000    0.076903 ^ _151_/CLK (sky130_fd_sc_hd__dfrtp_2)
                                  0.250000    0.326903   clock uncertainty
                                  0.000000    0.326903   clock reconvergence pessimism
                                  0.336651    0.663554   library removal time
                                              0.663554   data required time
---------------------------------------------------------------------------------------------
                                              0.663554   data required time
                                             -1.134645   data arrival time
---------------------------------------------------------------------------------------------
                                              0.471091   slack (MET)


Startpoint: rst (input port clocked by clk)
Endpoint: _147_ (removal check against rising-edge clock clk)
Path Group: asynchronous
Path Type: min

Fanout         Cap        Slew       Delay        Time   Description
---------------------------------------------------------------------------------------------
                                  0.000000    0.000000   clock clk (rise edge)
                                  0.000000    0.000000   clock network delay (propagated)
                                  1.000000    1.000000 v input external delay
     9    0.044691    0.099721    0.071599    1.071599 v rst (in)
                                                         rst (net)
                      0.099723    0.000000    1.071599 v _138_/A (sky130_fd_sc_hd__inv_2)
     1    0.003676    0.037642    0.063040    1.134639 ^ _138_/Y (sky130_fd_sc_hd__inv_2)
                                                         _010_ (net)
                      0.037642    0.000001    1.134640 ^ _147_/RESET_B (sky130_fd_sc_hd__dfrtp_2)
                                              1.134640   data arrival time

                                  0.000000    0.000000   clock clk (rise edge)
                                  0.000000    0.000000   clock source latency
     9    0.023640    0.111869    0.076877    0.076877 ^ clk (in)
                                                         clk (net)
                      0.111869    0.000000    0.076877 ^ _147_/CLK (sky130_fd_sc_hd__dfrtp_2)
                                  0.250000    0.326877   clock uncertainty
                                  0.000000    0.326877   clock reconvergence pessimism
                                  0.336640    0.663517   library removal time
                                              0.663517   data required time
---------------------------------------------------------------------------------------------
                                              0.663517   data required time
                                             -1.134640   data arrival time
---------------------------------------------------------------------------------------------
                                              0.471123   slack (MET)


Startpoint: rst (input port clocked by clk)
Endpoint: _148_ (removal check against rising-edge clock clk)
Path Group: asynchronous
Path Type: min

Fanout         Cap        Slew       Delay        Time   Description
---------------------------------------------------------------------------------------------
                                  0.000000    0.000000   clock clk (rise edge)
                                  0.000000    0.000000   clock network delay (propagated)
                                  1.000000    1.000000 v input external delay
     9    0.044691    0.099721    0.071647    1.071647 v rst (in)
                                                         rst (net)
                      0.099723    0.000000    1.071647 v _139_/A (sky130_fd_sc_hd__inv_2)
     1    0.003703    0.037740    0.063178    1.134825 ^ _139_/Y (sky130_fd_sc_hd__inv_2)
                                                         _011_ (net)
                      0.037740    0.000002    1.134827 ^ _148_/RESET_B (sky130_fd_sc_hd__dfrtp_2)
                                              1.134827   data arrival time

                                  0.000000    0.000000   clock clk (rise edge)
                                  0.000000    0.000000   clock source latency
     9    0.023640    0.111869    0.076829    0.076829 ^ clk (in)
                                                         clk (net)
                      0.111869    0.000000    0.076829 ^ _148_/CLK (sky130_fd_sc_hd__dfrtp_2)
                                  0.250000    0.326829   clock uncertainty
                                  0.000000    0.326829   clock reconvergence pessimism
                                  0.336667    0.663495   library removal time
                                              0.663495   data required time
---------------------------------------------------------------------------------------------
                                              0.663495   data required time
                                             -1.134827   data arrival time
---------------------------------------------------------------------------------------------
                                              0.471332   slack (MET)


Startpoint: _148_ (rising edge-triggered flip-flop clocked by clk)
Endpoint: _148_ (rising edge-triggered flip-flop clocked by clk)
Path Group: clk
Path Type: min

Fanout         Cap        Slew       Delay        Time   Description
---------------------------------------------------------------------------------------------
                                  0.000000    0.000000   clock clk (rise edge)
                                  0.000000    0.000000   clock source latency
     9    0.023640    0.111869    0.076829    0.076829 ^ clk (in)
                                                         clk (net)
                      0.111869    0.000000    0.076829 ^ _148_/CLK (sky130_fd_sc_hd__dfrtp_2)
     7    0.022072    0.119818    0.432494    0.509322 ^ _148_/Q (sky130_fd_sc_hd__dfrtp_2)
                                                         counter[1] (net)
                      0.119818    0.000048    0.509370 ^ _091_/B (sky130_fd_sc_hd__nand2_2)
     3    0.015066    0.070780    0.099908    0.609278 v _091_/Y (sky130_fd_sc_hd__nand2_2)
                                                         _035_ (net)
                      0.070780    0.000013    0.609291 v _110_/A (sky130_fd_sc_hd__and3_2)
     1    0.002019    0.032045    0.174275    0.783566 v _110_/X (sky130_fd_sc_hd__and3_2)
                                                         _001_ (net)
                      0.032045    0.000000    0.783567 v _148_/D (sky130_fd_sc_hd__dfrtp_2)
                                              0.783567   data arrival time

                                  0.000000    0.000000   clock clk (rise edge)
                                  0.000000    0.000000   clock source latency
     9    0.023640    0.111869    0.076829    0.076829 ^ clk (in)
                                                         clk (net)
                      0.111869    0.000000    0.076829 ^ _148_/CLK (sky130_fd_sc_hd__dfrtp_2)
                                  0.250000    0.326829   clock uncertainty
                                  0.000000    0.326829   clock reconvergence pessimism
                                 -0.021590    0.305239   library hold time
                                              0.305239   data required time
---------------------------------------------------------------------------------------------
                                              0.305239   data required time
                                             -0.783567   data arrival time
---------------------------------------------------------------------------------------------
                                              0.478328   slack (MET)


Startpoint: _146_ (rising edge-triggered flip-flop clocked by clk)
Endpoint: out (output port clocked by clk)
Path Group: clk
Path Type: min

Fanout         Cap        Slew       Delay        Time   Description
---------------------------------------------------------------------------------------------
                                  0.000000    0.000000   clock clk (rise edge)
                                  0.000000    0.000000   clock source latency
     9    0.023640    0.111869    0.076887    0.076887 ^ clk (in)
                                                         clk (net)
                      0.111869    0.000000    0.076887 ^ _146_/CLK (sky130_fd_sc_hd__dfrtp_2)
     1    0.034182    0.173058    0.474014    0.550901 ^ _146_/Q (sky130_fd_sc_hd__dfrtp_2)
                                                         out (net)
                      0.173058    0.000135    0.551036 ^ out (out)
                                              0.551036   data arrival time

                                  0.000000    0.000000   clock clk (rise edge)
                                  0.000000    0.000000   clock network delay (propagated)
                                  0.250000    0.250000   clock uncertainty
                                  0.000000    0.250000   clock reconvergence pessimism
                                 -1.000000   -0.750000   output external delay
                                             -0.750000   data required time
---------------------------------------------------------------------------------------------
                                             -0.750000   data required time
                                             -0.551036   data arrival time
---------------------------------------------------------------------------------------------
                                              1.301036   slack (MET)



