Clock: clk
Sources: clk 
Generated: no
Virtual: yes
Propagated: no
Period: 5.000000

===========================================================================
report_clock_properties
============================================================================
Clock                   Period          Waveform
----------------------------------------------------
clk                   5.000000    0.000000  2.500000

===========================================================================
report_clock_latency
============================================================================
Clock clk
rise -> rise
    min     max
0.000000 0.000000 source latency
0.311845         network latency _360_/CLK
        0.315384 network latency _352_/CLK
---------------
0.311845 0.315384 latency
        0.003539 skew

fall -> fall
    min     max
0.000000 0.000000 source latency
0.305749         network latency _360_/CLK
        0.309182 network latency _352_/CLK
---------------
0.305749 0.309182 latency
        0.003432 skew



===========================================================================
report_clock_min_period
============================================================================
clk period_min = 2.71 fmax = 368.56
