
===========================================================================
report_checks -unconstrained
===========================================================================
======================= nom_tt_025C_1v80 Corner ===================================

Startpoint: div_i[7] (input port clocked by clk)
Endpoint: div_ready_o (output port clocked by clk)
Path Group: clk
Path Type: max

Fanout         Cap        Slew       Delay        Time   Description
---------------------------------------------------------------------------------------------
                      0.000000    0.000000    0.000000   clock clk (rise edge)
                                  0.000000    0.000000   clock network delay (ideal)
                                  1.000000    1.000000 v input external delay
     1    0.007225    0.018456    0.011719    1.011719 v div_i[7] (in)
                                                         div_i[7] (net)
                      0.018457    0.000000    1.011719 v input9/A (sky130_fd_sc_hd__buf_8)
     4    0.010606    0.025163    0.105498    1.117216 v input9/X (sky130_fd_sc_hd__buf_8)
                                                         net9 (net)
                      0.025163    0.000167    1.117383 v _189_/B (sky130_fd_sc_hd__or2_4)
     1    0.003332    0.044043    0.212442    1.329825 v _189_/X (sky130_fd_sc_hd__or2_4)
                                                         _042_ (net)
                      0.044043    0.000106    1.329931 v _193_/A2 (sky130_fd_sc_hd__a22o_1)
     1    0.003588    0.044124    0.227021    1.556952 v _193_/X (sky130_fd_sc_hd__a22o_1)
                                                         _046_ (net)
                      0.044124    0.000115    1.557067 v _194_/A (sky130_fd_sc_hd__or4_4)
     2    0.011664    0.097108    0.550922    2.107989 v _194_/X (sky130_fd_sc_hd__or4_4)
                                                         _047_ (net)
                      0.097108    0.000558    2.108547 v _196_/B (sky130_fd_sc_hd__nor2_2)
     1    0.003802    0.073968    0.097481    2.206028 ^ _196_/Y (sky130_fd_sc_hd__nor2_2)
                                                         _049_ (net)
                      0.073968    0.000116    2.206145 ^ _197_/A1 (sky130_fd_sc_hd__a31o_1)
     1    0.006221    0.074223    0.155532    2.361676 ^ _197_/X (sky130_fd_sc_hd__a31o_1)
                                                         net23 (net)
                      0.074223    0.000213    2.361889 ^ output23/A (sky130_fd_sc_hd__buf_6)
     1    0.034959    0.078004    0.135912    2.497801 ^ output23/X (sky130_fd_sc_hd__buf_6)
                                                         div_ready_o (net)
                      0.078014    0.000917    2.498719 ^ div_ready_o (out)
                                              2.498719   data arrival time

                      0.000000    5.000000    5.000000   clock clk (rise edge)
                                  0.000000    5.000000   clock network delay (ideal)
                                 -0.250000    4.750000   clock uncertainty
                                  0.000000    4.750000   clock reconvergence pessimism
                                 -1.000000    3.750000   output external delay
                                              3.750000   data required time
---------------------------------------------------------------------------------------------
                                              3.750000   data required time
                                             -2.498719   data arrival time
---------------------------------------------------------------------------------------------
                                              1.251281   slack (MET)




===========================================================================
report_checks --slack_max -0.01
============================================================================
======================= nom_tt_025C_1v80 Corner ===================================

No paths found.


===========================================================================
 report_check_types -max_slew -max_cap -max_fanout -violators
============================================================================
======================= nom_tt_025C_1v80 Corner ===================================



===========================================================================
report_parasitic_annotation -report_unannotated
============================================================================
Found 0 unannotated drivers.
Found 0 partially unannotated drivers.

===========================================================================
max slew violation count 0
max fanout violation count 0
max cap violation count 0
============================================================================

===========================================================================
check_setup -verbose -unconstrained_endpoints -multiple_clock -no_clock -no_input_delay -loops -generated_clocks
===========================================================================
Warning: There are 25 unclocked register/latch pins.
  _284_/CLK
  _285_/CLK
  _286_/CLK
  _287_/CLK
  _288_/CLK
  _289_/CLK
  _290_/CLK
  _291_/CLK
  _292_/CLK
  _293_/CLK
  _294_/CLK
  _295_/CLK
  _296_/CLK
  _297_/CLK
  _298_/CLK
  _299_/CLK
  _300_/CLK
  _301_/CLK
  _302_/CLK
  _303_/CLK
  _304_/CLK
  _305_/CLK
  _306_/CLK
  _307_/CLK
  _308_/GATE
Warning: There are 33 unconstrained endpoints.
  cycl_count_o[0]
  cycl_count_o[1]
  cycl_count_o[2]
  cycl_count_o[3]
  cycl_count_o[4]
  cycl_count_o[5]
  cycl_count_o[6]
  cycl_count_o[7]
  _284_/D
  _285_/D
  _286_/D
  _287_/D
  _288_/D
  _289_/D
  _290_/D
  _291_/D
  _292_/D
  _293_/D
  _294_/D
  _295_/D
  _296_/D
  _297_/D
  _298_/D
  _299_/D
  _300_/D
  _301_/D
  _302_/D
  _303_/D
  _304_/D
  _305_/D
  _306_/D
  _307_/D
  _308_/D
