Reading timing models for corner nom_tt_025C_1v80…
Reading cell library for the 'nom_tt_025C_1v80' corner at '/home/nakanomiku/.volare/volare/sky130/versions/0fe599b2afb6708d281543108caf8310912f54af/sky130A/libs.ref/sky130_fd_sc_hd/lib/sky130_fd_sc_hd__tt_025C_1v80.lib'…
Reading top-level netlist at '/home/nakanomiku/DigitalDesign/clk_int_div/runs/RUN_2024-11-01_17-08-01/51-openroad-fillinsertion/clk_int_div.nl.v'…
Linking design 'clk_int_div' from netlist…
Warning: /home/nakanomiku/DigitalDesign/clk_int_div/runs/RUN_2024-11-01_17-08-01/51-openroad-fillinsertion/clk_int_div.nl.v line 905, module sky130_fd_sc_hd__tapvpwrvgnd_1 not found. Creating black box for TAP_TAPCELL_ROW_0_46.
Warning: /home/nakanomiku/DigitalDesign/clk_int_div/runs/RUN_2024-11-01_17-08-01/51-openroad-fillinsertion/clk_int_div.nl.v line 1031, module sky130_ef_sc_hd__decap_12 not found. Creating black box for FILLER_0_3.
Warning: /home/nakanomiku/DigitalDesign/clk_int_div/runs/RUN_2024-11-01_17-08-01/51-openroad-fillinsertion/clk_int_div.nl.v line 1033, module sky130_fd_sc_hd__fill_1 not found. Creating black box for FILLER_0_27.
Warning: /home/nakanomiku/DigitalDesign/clk_int_div/runs/RUN_2024-11-01_17-08-01/51-openroad-fillinsertion/clk_int_div.nl.v line 1046, module sky130_fd_sc_hd__fill_2 not found. Creating black box for FILLER_0_133.
Reading design constraints file at '/nix/store/mr1ix0gwjfwmikfqyrq536nwhj83f0zp-python3-3.11.9-env/lib/python3.11/site-packages/openlane/scripts/base.sdc'…
Warning: base.sdc line 15, port 'clk' not found.
[INFO] Using clock clk…
[INFO] Setting output delay to: 1
[INFO] Setting input delay to: 1
Warning: base.sdc line 32, port 'clk' not found.
[INFO] Setting load to: 0.033442
[INFO] Setting clock uncertainty to: 0.25
[INFO] Setting clock transition to: 0.1499999999999999944488848768742172978818416595458984375
Warning: base.sdc line 69, transition time can not be specified for virtual clocks.
[INFO] Setting timing derate to: 5%
Warning: base.sdc line 79, virtual clock clk can not be propagated.
Reading top-level design parasitics for the 'nom_tt_025C_1v80' corner at '/home/nakanomiku/DigitalDesign/clk_int_div/runs/RUN_2024-11-01_17-08-01/53-openroad-rcx/nom/clk_int_div.nom.spef'…
%OL_CREATE_REPORT min.rpt

===========================================================================
report_checks -path_delay min (Hold)
============================================================================
======================= nom_tt_025C_1v80 Corner ===================================

Startpoint: div_valid_i (input port clocked by clk)
Endpoint: div_ready_o (output port clocked by clk)
Path Group: clk
Path Type: min

Fanout         Cap        Slew       Delay        Time   Description
---------------------------------------------------------------------------------------------
                      0.000000    0.000000    0.000000   clock clk (rise edge)
                                  0.000000    0.000000   clock network delay (ideal)
                                  1.000000    1.000000 ^ input external delay
     1    0.003460    0.022591    0.012635    1.012635 ^ div_valid_i (in)
                                                         div_valid_i (net)
                      0.022591    0.000000    1.012635 ^ input10/A (sky130_fd_sc_hd__buf_1)
     3    0.009524    0.119255    0.126193    1.138828 ^ input10/X (sky130_fd_sc_hd__buf_1)
                                                         net10 (net)
                      0.119256    0.000201    1.139029 ^ _197_/A3 (sky130_fd_sc_hd__a31o_1)
     1    0.006221    0.069687    0.176004    1.315033 ^ _197_/X (sky130_fd_sc_hd__a31o_1)
                                                         net23 (net)
                      0.069687    0.000213    1.315246 ^ output23/A (sky130_fd_sc_hd__buf_6)
     1    0.034959    0.077983    0.134401    1.449647 ^ output23/X (sky130_fd_sc_hd__buf_6)
                                                         div_ready_o (net)
                      0.077993    0.000917    1.450564 ^ div_ready_o (out)
                                              1.450564   data arrival time

                      0.000000    0.000000    0.000000   clock clk (rise edge)
                                  0.000000    0.000000   clock network delay (ideal)
                                  0.250000    0.250000   clock uncertainty
                                  0.000000    0.250000   clock reconvergence pessimism
                                 -1.000000   -0.750000   output external delay
                                             -0.750000   data required time
---------------------------------------------------------------------------------------------
                                             -0.750000   data required time
                                             -1.450564   data arrival time
---------------------------------------------------------------------------------------------
                                              2.200564   slack (MET)


Startpoint: test_mode_en_i (input port clocked by clk)
Endpoint: clk_o (output port clocked by clk)
Path Group: clk
Path Type: min

Fanout         Cap        Slew       Delay        Time   Description
---------------------------------------------------------------------------------------------
                      0.000000    0.000000    0.000000   clock clk (rise edge)
                                  0.000000    0.000000   clock network delay (ideal)
                                  1.000000    1.000000 v input external delay
     1    0.002997    0.009079    0.004772    1.004772 v test_mode_en_i (in)
                                                         test_mode_en_i (net)
                      0.009079    0.000000    1.004772 v input13/A (sky130_fd_sc_hd__clkbuf_1)
     2    0.004825    0.036977    0.081984    1.086756 v input13/X (sky130_fd_sc_hd__clkbuf_1)
                                                         net13 (net)
                      0.036977    0.000126    1.086882 v _198_/B (sky130_fd_sc_hd__nor2_1)
     1    0.004923    0.109826    0.105011    1.191893 ^ _198_/Y (sky130_fd_sc_hd__nor2_1)
                                                         _050_ (net)
                      0.109826    0.000164    1.192057 ^ _201_/S (sky130_fd_sc_hd__mux2_1)
     3    0.009800    0.096562    0.187425    1.379482 ^ _201_/X (sky130_fd_sc_hd__mux2_1)
                                                         _002_ (net)
                      0.096562    0.000130    1.379612 ^ _206_/B (sky130_fd_sc_hd__and2_1)
     1    0.002175    0.040975    0.124566    1.504178 ^ _206_/X (sky130_fd_sc_hd__and2_1)
                                                         net14 (net)
                      0.040975    0.000061    1.504239 ^ output14/A (sky130_fd_sc_hd__buf_2)
     1    0.034435    0.170958    0.196903    1.701141 ^ output14/X (sky130_fd_sc_hd__buf_2)
                                                         clk_o (net)
                      0.171010    0.000775    1.701917 ^ clk_o (out)
                                              1.701917   data arrival time

                      0.000000    0.000000    0.000000   clock clk (rise edge)
                                  0.000000    0.000000   clock network delay (ideal)
                                  0.250000    0.250000   clock uncertainty
                                  0.000000    0.250000   clock reconvergence pessimism
                                 -1.000000   -0.750000   output external delay
                                             -0.750000   data required time
---------------------------------------------------------------------------------------------
                                             -0.750000   data required time
                                             -1.701917   data arrival time
---------------------------------------------------------------------------------------------
                                              2.451917   slack (MET)



%OL_END_REPORT
%OL_CREATE_REPORT max.rpt

===========================================================================
report_checks -path_delay max (Setup)
============================================================================
======================= nom_tt_025C_1v80 Corner ===================================

Startpoint: div_i[7] (input port clocked by clk)
Endpoint: div_ready_o (output port clocked by clk)
Path Group: clk
Path Type: max

Fanout         Cap        Slew       Delay        Time   Description
---------------------------------------------------------------------------------------------
                      0.000000    0.000000    0.000000   clock clk (rise edge)
                                  0.000000    0.000000   clock network delay (ideal)
                                  1.000000    1.000000 v input external delay
     1    0.007225    0.018456    0.011719    1.011719 v div_i[7] (in)
                                                         div_i[7] (net)
                      0.018457    0.000000    1.011719 v input9/A (sky130_fd_sc_hd__buf_8)
     4    0.010606    0.025163    0.105498    1.117216 v input9/X (sky130_fd_sc_hd__buf_8)
                                                         net9 (net)
                      0.025163    0.000167    1.117383 v _189_/B (sky130_fd_sc_hd__or2_4)
     1    0.003332    0.044043    0.212442    1.329825 v _189_/X (sky130_fd_sc_hd__or2_4)
                                                         _042_ (net)
                      0.044043    0.000106    1.329931 v _193_/A2 (sky130_fd_sc_hd__a22o_1)
     1    0.003588    0.044124    0.227021    1.556952 v _193_/X (sky130_fd_sc_hd__a22o_1)
                                                         _046_ (net)
                      0.044124    0.000115    1.557067 v _194_/A (sky130_fd_sc_hd__or4_4)
     2    0.011664    0.097108    0.550922    2.107989 v _194_/X (sky130_fd_sc_hd__or4_4)
                                                         _047_ (net)
                      0.097108    0.000558    2.108547 v _196_/B (sky130_fd_sc_hd__nor2_2)
     1    0.003802    0.073968    0.097481    2.206028 ^ _196_/Y (sky130_fd_sc_hd__nor2_2)
                                                         _049_ (net)
                      0.073968    0.000116    2.206145 ^ _197_/A1 (sky130_fd_sc_hd__a31o_1)
     1    0.006221    0.074223    0.155532    2.361676 ^ _197_/X (sky130_fd_sc_hd__a31o_1)
                                                         net23 (net)
                      0.074223    0.000213    2.361889 ^ output23/A (sky130_fd_sc_hd__buf_6)
     1    0.034959    0.078004    0.135912    2.497801 ^ output23/X (sky130_fd_sc_hd__buf_6)
                                                         div_ready_o (net)
                      0.078014    0.000917    2.498719 ^ div_ready_o (out)
                                              2.498719   data arrival time

                      0.000000    5.000000    5.000000   clock clk (rise edge)
                                  0.000000    5.000000   clock network delay (ideal)
                                 -0.250000    4.750000   clock uncertainty
                                  0.000000    4.750000   clock reconvergence pessimism
                                 -1.000000    3.750000   output external delay
                                              3.750000   data required time
---------------------------------------------------------------------------------------------
                                              3.750000   data required time
                                             -2.498719   data arrival time
---------------------------------------------------------------------------------------------
                                              1.251281   slack (MET)


Startpoint: clk_i (input port clocked by clk)
Endpoint: clk_o (output port clocked by clk)
Path Group: clk
Path Type: max

Fanout         Cap        Slew       Delay        Time   Description
---------------------------------------------------------------------------------------------
                      0.000000    0.000000    0.000000   clock clk (rise edge)
                                  0.000000    0.000000   clock network delay (ideal)
                                  1.000000    1.000000 v input external delay
     1    0.002641    0.008257    0.004169    1.004169 v clk_i (in)
                                                         clk_i (net)
                      0.008257    0.000000    1.004169 v input1/A (sky130_fd_sc_hd__buf_1)
     2    0.012714    0.079591    0.115904    1.120073 v input1/X (sky130_fd_sc_hd__buf_1)
                                                         net1 (net)
                      0.079591    0.000326    1.120399 v fanout34/A (sky130_fd_sc_hd__buf_2)
    10    0.041988    0.103087    0.207732    1.328130 v fanout34/X (sky130_fd_sc_hd__buf_2)
                                                         net34 (net)
                      0.103182    0.002841    1.330971 v _201_/A0 (sky130_fd_sc_hd__mux2_1)
     3    0.009140    0.085370    0.341466    1.672437 v _201_/X (sky130_fd_sc_hd__mux2_1)
                                                         _002_ (net)
                      0.085370    0.000121    1.672559 v _206_/B (sky130_fd_sc_hd__and2_1)
     1    0.002015    0.031833    0.163750    1.836308 v _206_/X (sky130_fd_sc_hd__and2_1)
                                                         net14 (net)
                      0.031833    0.000056    1.836364 v output14/A (sky130_fd_sc_hd__buf_2)
     1    0.034435    0.090020    0.174648    2.011012 v output14/X (sky130_fd_sc_hd__buf_2)
                                                         clk_o (net)
                      0.090026    0.000775    2.011787 v clk_o (out)
                                              2.011787   data arrival time

                      0.000000    5.000000    5.000000   clock clk (rise edge)
                                  0.000000    5.000000   clock network delay (ideal)
                                 -0.250000    4.750000   clock uncertainty
                                  0.000000    4.750000   clock reconvergence pessimism
                                 -1.000000    3.750000   output external delay
                                              3.750000   data required time
---------------------------------------------------------------------------------------------
                                              3.750000   data required time
                                             -2.011787   data arrival time
---------------------------------------------------------------------------------------------
                                              1.738213   slack (MET)



%OL_END_REPORT
%OL_CREATE_REPORT checks.rpt

===========================================================================
report_checks -unconstrained
===========================================================================
======================= nom_tt_025C_1v80 Corner ===================================

Startpoint: div_i[7] (input port clocked by clk)
Endpoint: div_ready_o (output port clocked by clk)
Path Group: clk
Path Type: max

Fanout         Cap        Slew       Delay        Time   Description
---------------------------------------------------------------------------------------------
                      0.000000    0.000000    0.000000   clock clk (rise edge)
                                  0.000000    0.000000   clock network delay (ideal)
                                  1.000000    1.000000 v input external delay
     1    0.007225    0.018456    0.011719    1.011719 v div_i[7] (in)
                                                         div_i[7] (net)
                      0.018457    0.000000    1.011719 v input9/A (sky130_fd_sc_hd__buf_8)
     4    0.010606    0.025163    0.105498    1.117216 v input9/X (sky130_fd_sc_hd__buf_8)
                                                         net9 (net)
                      0.025163    0.000167    1.117383 v _189_/B (sky130_fd_sc_hd__or2_4)
     1    0.003332    0.044043    0.212442    1.329825 v _189_/X (sky130_fd_sc_hd__or2_4)
                                                         _042_ (net)
                      0.044043    0.000106    1.329931 v _193_/A2 (sky130_fd_sc_hd__a22o_1)
     1    0.003588    0.044124    0.227021    1.556952 v _193_/X (sky130_fd_sc_hd__a22o_1)
                                                         _046_ (net)
                      0.044124    0.000115    1.557067 v _194_/A (sky130_fd_sc_hd__or4_4)
     2    0.011664    0.097108    0.550922    2.107989 v _194_/X (sky130_fd_sc_hd__or4_4)
                                                         _047_ (net)
                      0.097108    0.000558    2.108547 v _196_/B (sky130_fd_sc_hd__nor2_2)
     1    0.003802    0.073968    0.097481    2.206028 ^ _196_/Y (sky130_fd_sc_hd__nor2_2)
                                                         _049_ (net)
                      0.073968    0.000116    2.206145 ^ _197_/A1 (sky130_fd_sc_hd__a31o_1)
     1    0.006221    0.074223    0.155532    2.361676 ^ _197_/X (sky130_fd_sc_hd__a31o_1)
                                                         net23 (net)
                      0.074223    0.000213    2.361889 ^ output23/A (sky130_fd_sc_hd__buf_6)
     1    0.034959    0.078004    0.135912    2.497801 ^ output23/X (sky130_fd_sc_hd__buf_6)
                                                         div_ready_o (net)
                      0.078014    0.000917    2.498719 ^ div_ready_o (out)
                                              2.498719   data arrival time

                      0.000000    5.000000    5.000000   clock clk (rise edge)
                                  0.000000    5.000000   clock network delay (ideal)
                                 -0.250000    4.750000   clock uncertainty
                                  0.000000    4.750000   clock reconvergence pessimism
                                 -1.000000    3.750000   output external delay
                                              3.750000   data required time
---------------------------------------------------------------------------------------------
                                              3.750000   data required time
                                             -2.498719   data arrival time
---------------------------------------------------------------------------------------------
                                              1.251281   slack (MET)




===========================================================================
report_checks --slack_max -0.01
============================================================================
======================= nom_tt_025C_1v80 Corner ===================================

No paths found.


===========================================================================
 report_check_types -max_slew -max_cap -max_fanout -violators
============================================================================
======================= nom_tt_025C_1v80 Corner ===================================



===========================================================================
report_parasitic_annotation -report_unannotated
============================================================================
Found 0 unannotated drivers.
Found 0 partially unannotated drivers.

===========================================================================
max slew violation count 0
%OL_METRIC_I design__max_slew_violation__count__corner:nom_tt_025C_1v80 0
max fanout violation count 0
%OL_METRIC_I design__max_fanout_violation__count__corner:nom_tt_025C_1v80 0
max cap violation count 0
%OL_METRIC_I design__max_cap_violation__count__corner:nom_tt_025C_1v80 0
============================================================================

===========================================================================
check_setup -verbose -unconstrained_endpoints -multiple_clock -no_clock -no_input_delay -loops -generated_clocks
===========================================================================
Warning: There are 25 unclocked register/latch pins.
  _284_/CLK
  _285_/CLK
  _286_/CLK
  _287_/CLK
  _288_/CLK
  _289_/CLK
  _290_/CLK
  _291_/CLK
  _292_/CLK
  _293_/CLK
  _294_/CLK
  _295_/CLK
  _296_/CLK
  _297_/CLK
  _298_/CLK
  _299_/CLK
  _300_/CLK
  _301_/CLK
  _302_/CLK
  _303_/CLK
  _304_/CLK
  _305_/CLK
  _306_/CLK
  _307_/CLK
  _308_/GATE
Warning: There are 33 unconstrained endpoints.
  cycl_count_o[0]
  cycl_count_o[1]
  cycl_count_o[2]
  cycl_count_o[3]
  cycl_count_o[4]
  cycl_count_o[5]
  cycl_count_o[6]
  cycl_count_o[7]
  _284_/D
  _285_/D
  _286_/D
  _287_/D
  _288_/D
  _289_/D
  _290_/D
  _291_/D
  _292_/D
  _293_/D
  _294_/D
  _295_/D
  _296_/D
  _297_/D
  _298_/D
  _299_/D
  _300_/D
  _301_/D
  _302_/D
  _303_/D
  _304_/D
  _305_/D
  _306_/D
  _307_/D
  _308_/D
%OL_END_REPORT
%OL_CREATE_REPORT power.rpt

===========================================================================
 report_power
============================================================================
======================= nom_tt_025C_1v80 Corner ===================================

Group                    Internal    Switching      Leakage        Total
                            Power        Power        Power        Power (Watts)
------------------------------------------------------------------------
Sequential           7.563411e-05 1.208217e-04 2.891643e-10 1.964561e-04  46.3%
Combinational        1.293865e-04 9.835659e-05 6.293346e-10 2.277438e-04  53.7%
Clock                0.000000e+00 0.000000e+00 4.438872e-10 4.438872e-10   0.0%
Macro                0.000000e+00 0.000000e+00 0.000000e+00 0.000000e+00   0.0%
Pad                  0.000000e+00 0.000000e+00 0.000000e+00 0.000000e+00   0.0%
------------------------------------------------------------------------
Total                2.050207e-04 2.191783e-04 1.362387e-09 4.242003e-04 100.0%
                            48.3%        51.7%         0.0%
%OL_METRIC_F power__internal__total 0.00020502065308392048
%OL_METRIC_F power__switching__total 0.0002191783132730052
%OL_METRIC_F power__leakage__total 1.3623872030521511e-9
%OL_METRIC_F power__total 0.00042420034878887236

%OL_END_REPORT
%OL_CREATE_REPORT skew.min.rpt

===========================================================================
Clock Skew (Hold)
============================================================================
%OL_METRIC_F clock__skew__worst_hold__corner:nom_tt_025C_1v80 0.0
======================= nom_tt_025C_1v80 Corner ===================================

Clock clk
No launch/capture paths found.

%OL_END_REPORT
%OL_CREATE_REPORT skew.max.rpt

===========================================================================
Clock Skew (Setup)
============================================================================
%OL_METRIC_F clock__skew__worst_setup__corner:nom_tt_025C_1v80 0.0
======================= nom_tt_025C_1v80 Corner ===================================

Clock clk
No launch/capture paths found.

%OL_END_REPORT
%OL_CREATE_REPORT ws.min.rpt

===========================================================================
Worst Slack (Hold)
============================================================================
%OL_METRIC_F timing__hold__ws__corner:nom_tt_025C_1v80 2.2005640155169215
nom_tt_025C_1v80: 2.2005640155169215
%OL_END_REPORT
%OL_CREATE_REPORT ws.max.rpt

===========================================================================
Worst Slack (Setup)
============================================================================
%OL_METRIC_F timing__setup__ws__corner:nom_tt_025C_1v80 1.2512815582291454
nom_tt_025C_1v80: 1.2512815582291454
%OL_END_REPORT
%OL_CREATE_REPORT tns.min.rpt

===========================================================================
Total Negative Slack (Hold)
============================================================================
%OL_METRIC_F timing__hold__tns__corner:nom_tt_025C_1v80 0.0
nom_tt_025C_1v80: 0.0
%OL_END_REPORT
%OL_CREATE_REPORT tns.max.rpt

===========================================================================
Total Negative Slack (Setup)
============================================================================
%OL_METRIC_F timing__setup__tns__corner:nom_tt_025C_1v80 0.0
nom_tt_025C_1v80: 0.0
%OL_END_REPORT
%OL_CREATE_REPORT wns.min.rpt

===========================================================================
Worst Negative Slack (Hold)
============================================================================
%OL_METRIC_F timing__hold__wns__corner:nom_tt_025C_1v80 0
nom_tt_025C_1v80: 0
%OL_END_REPORT
%OL_CREATE_REPORT wns.max.rpt

===========================================================================
Worst Negative Slack (Setup)
============================================================================
%OL_METRIC_F timing__setup__wns__corner:nom_tt_025C_1v80 0.0
nom_tt_025C_1v80: 0.0
%OL_END_REPORT
%OL_CREATE_REPORT violator_list.rpt

===========================================================================
Violator List
============================================================================
%OL_METRIC_I timing__hold_vio__count__corner:nom_tt_025C_1v80 0
%OL_METRIC_F timing__hold_r2r__ws__corner:nom_tt_025C_1v80 inf
%OL_METRIC_I timing__hold_r2r_vio__count__corner:nom_tt_025C_1v80 0
%OL_METRIC_I timing__setup_vio__count__corner:nom_tt_025C_1v80 0
%OL_METRIC_F timing__setup_r2r__ws__corner:nom_tt_025C_1v80 inf
%OL_METRIC_I timing__setup_r2r_vio__count__corner:nom_tt_025C_1v80 0
%OL_END_REPORT
%OL_CREATE_REPORT unpropagated.rpt
clk
%OL_END_REPORT
%OL_CREATE_REPORT clock.rpt
Clock: clk
Sources: 
Generated: no
Virtual: yes
Propagated: no
Period: 5.000000

===========================================================================
report_clock_properties
============================================================================
Clock                   Period          Waveform
----------------------------------------------------
clk                   5.000000    0.000000  2.500000

===========================================================================
report_clock_latency
============================================================================
Clock clk
rise -> rise
    min     max
0.000000 0.000000 source latency
1.350180         network latency _296_/CLK
        1.726676 network latency _308_/GATE
---------------
1.350180 1.726676 latency
        0.376497 skew

rise -> fall
    min     max
0.000000 0.000000 source latency
1.264761         network latency _296_/CLK
        1.678359 network latency _308_/GATE
---------------
1.264761 1.678359 latency
        0.413599 skew



===========================================================================
report_clock_min_period
============================================================================
clk period_min = 0.00 fmax = inf
%OL_END_REPORT
Writing SDF files for all corners…
Removing Clock latencies before writing libs…
Writing timing models for all corners…
Writing timing models for the nom_tt_025C_1v80 corner to /home/nakanomiku/DigitalDesign/clk_int_div/runs/RUN_2024-11-01_17-08-01/54-openroad-stapostpnr/nom_tt_025C_1v80/clk_int_div__nom_tt_025C_1v80.lib…
