
===========================================================================
report_checks -unconstrained
===========================================================================
======================= nom_tt_025C_1v80 Corner ===================================

Startpoint: rst (input port clocked by clk)
Endpoint: _485_ (recovery check against rising-edge clock clk)
Path Group: asynchronous
Path Type: max

Fanout         Cap        Slew       Delay        Time   Description
---------------------------------------------------------------------------------------------
                                  0.000000    0.000000   clock clk (rise edge)
                                  0.000000    0.000000   clock network delay (propagated)
                                  1.000000    1.000000 v input external delay
    33    0.166744    0.363794    0.270793    1.270793 v rst (in)
                                                         rst (net)
                      0.363845    0.000000    1.270793 v _452_/A (sky130_fd_sc_hd__inv_2)
     1    0.003760    0.080059    0.121733    1.392526 ^ _452_/Y (sky130_fd_sc_hd__inv_2)
                                                         _045_ (net)
                      0.080059    0.000003    1.392529 ^ _485_/RESET_B (sky130_fd_sc_hd__dfrtp_2)
                                              1.392529   data arrival time

                                  5.000000    5.000000   clock clk (rise edge)
                                  0.000000    5.000000   clock source latency
    33    0.089242    0.404121    0.278490    5.278490 ^ clk (in)
                                                         clk (net)
                      0.404124    0.000000    5.278490 ^ _485_/CLK (sky130_fd_sc_hd__dfrtp_2)
                                 -0.250000    5.028490   clock uncertainty
                                  0.000000    5.028490   clock reconvergence pessimism
                                  0.319591    5.348081   library recovery time
                                              5.348081   data required time
---------------------------------------------------------------------------------------------
                                              5.348081   data required time
                                             -1.392529   data arrival time
---------------------------------------------------------------------------------------------
                                              3.955552   slack (MET)


Startpoint: psc[31] (input port clocked by clk)
Endpoint: _487_ (rising edge-triggered flip-flop clocked by clk)
Path Group: clk
Path Type: max

Fanout         Cap        Slew       Delay        Time   Description
---------------------------------------------------------------------------------------------
                                  0.000000    0.000000   clock clk (rise edge)
                                  0.000000    0.000000   clock network delay (propagated)
                                  1.000000    1.000000 ^ input external delay
     2    0.004021    0.025030    0.014562    1.014562 ^ psc[31] (in)
                                                         psc[31] (net)
                      0.025030    0.000000    1.014562 ^ _318_/A_N (sky130_fd_sc_hd__and2b_2)
     2    0.005835    0.044636    0.207151    1.221713 v _318_/X (sky130_fd_sc_hd__and2b_2)
                                                         _147_ (net)
                      0.044636    0.000002    1.221714 v _324_/A (sky130_fd_sc_hd__or4_2)
     3    0.008464    0.125208    0.692902    1.914617 v _324_/X (sky130_fd_sc_hd__or4_2)
                                                         _153_ (net)
                      0.125208    0.000027    1.914644 v _332_/B (sky130_fd_sc_hd__or4b_2)
     2    0.006627    0.118329    0.678650    2.593294 v _332_/X (sky130_fd_sc_hd__or4b_2)
                                                         _161_ (net)
                      0.118329    0.000022    2.593317 v _333_/D (sky130_fd_sc_hd__or4_2)
     1    0.001590    0.091994    0.538291    3.131607 v _333_/X (sky130_fd_sc_hd__or4_2)
                                                         _162_ (net)
                      0.091994    0.000000    3.131608 v _342_/A_N (sky130_fd_sc_hd__and4b_2)
     1    0.003037    0.051838    0.280620    3.412228 ^ _342_/X (sky130_fd_sc_hd__and4b_2)
                                                         _171_ (net)
                      0.051838    0.000015    3.412243 ^ _343_/C (sky130_fd_sc_hd__or3_2)
     1    0.005269    0.039430    0.109013    3.521256 ^ _343_/X (sky130_fd_sc_hd__or3_2)
                                                         _172_ (net)
                      0.039430    0.000013    3.521269 ^ _344_/B1 (sky130_fd_sc_hd__a21oi_2)
    33    0.081967    0.281801    0.152293    3.673562 v _344_/Y (sky130_fd_sc_hd__a21oi_2)
                                                         _173_ (net)
                      0.281802    0.000387    3.673949 v _394_/C (sky130_fd_sc_hd__and3b_2)
     1    0.002082    0.035852    0.308631    3.982580 v _394_/X (sky130_fd_sc_hd__and3b_2)
                                                         _006_ (net)
                      0.035852    0.000001    3.982581 v _487_/D (sky130_fd_sc_hd__dfrtp_2)
                                              3.982581   data arrival time

                                  5.000000    5.000000   clock clk (rise edge)
                                  0.000000    5.000000   clock source latency
    33    0.089242    0.404121    0.279283    5.279283 ^ clk (in)
                                                         clk (net)
                      0.404131    0.000000    5.279283 ^ _487_/CLK (sky130_fd_sc_hd__dfrtp_2)
                                 -0.250000    5.029283   clock uncertainty
                                  0.000000    5.029283   clock reconvergence pessimism
                                 -0.028493    5.000791   library setup time
                                              5.000791   data required time
---------------------------------------------------------------------------------------------
                                              5.000791   data required time
                                             -3.982581   data arrival time
---------------------------------------------------------------------------------------------
                                              1.018209   slack (MET)




===========================================================================
report_checks --slack_max -0.01
============================================================================
======================= nom_tt_025C_1v80 Corner ===================================

No paths found.


===========================================================================
 report_check_types -max_slew -max_cap -max_fanout -violators
============================================================================
======================= nom_tt_025C_1v80 Corner ===================================

max slew

Pin                                        Limit        Slew       Slack
------------------------------------------------------------------------
_344_/Y                                 0.750000    0.992065   -0.242065 (VIOLATED)
_345_/B                                 0.750000    0.992065   -0.242065 (VIOLATED)
_346_/B                                 0.750000    0.992065   -0.242065 (VIOLATED)
_349_/A                                 0.750000    0.992065   -0.242065 (VIOLATED)
_352_/A                                 0.750000    0.992065   -0.242065 (VIOLATED)
_355_/B                                 0.750000    0.992065   -0.242065 (VIOLATED)
_358_/A                                 0.750000    0.992065   -0.242065 (VIOLATED)
_362_/B                                 0.750000    0.992065   -0.242065 (VIOLATED)
_365_/A                                 0.750000    0.992065   -0.242065 (VIOLATED)
_368_/B                                 0.750000    0.992065   -0.242065 (VIOLATED)
_371_/A                                 0.750000    0.992065   -0.242065 (VIOLATED)
_375_/B                                 0.750000    0.992065   -0.242065 (VIOLATED)
_378_/B                                 0.750000    0.992065   -0.242065 (VIOLATED)
_381_/B                                 0.750000    0.992065   -0.242065 (VIOLATED)
_384_/C                                 0.750000    0.992065   -0.242065 (VIOLATED)
_387_/B                                 0.750000    0.992065   -0.242065 (VIOLATED)
_390_/A                                 0.750000    0.992065   -0.242065 (VIOLATED)
_394_/C                                 0.750000    0.992065   -0.242065 (VIOLATED)
_397_/B                                 0.750000    0.992065   -0.242065 (VIOLATED)
_400_/C                                 0.750000    0.992065   -0.242065 (VIOLATED)
_402_/C1                                0.750000    0.992065   -0.242065 (VIOLATED)
_406_/B                                 0.750000    0.992065   -0.242065 (VIOLATED)
_409_/B                                 0.750000    0.992065   -0.242065 (VIOLATED)
_411_/C1                                0.750000    0.992065   -0.242065 (VIOLATED)
_415_/A                                 0.750000    0.992065   -0.242065 (VIOLATED)
_419_/B                                 0.750000    0.992065   -0.242065 (VIOLATED)
_422_/B                                 0.750000    0.992065   -0.242065 (VIOLATED)
_424_/C1                                0.750000    0.992065   -0.242065 (VIOLATED)
_426_/C1                                0.750000    0.992065   -0.242065 (VIOLATED)
_430_/B                                 0.750000    0.992065   -0.242065 (VIOLATED)
_432_/C1                                0.750000    0.992065   -0.242065 (VIOLATED)
_435_/B                                 0.750000    0.992065   -0.242065 (VIOLATED)
_438_/A                                 0.750000    0.992065   -0.242065 (VIOLATED)
_439_/B1_N                              0.750000    0.992065   -0.242065 (VIOLATED)
_470_/A                                 0.750000    0.801119   -0.051119 (VIOLATED)
_469_/A                                 0.750000    0.801119   -0.051119 (VIOLATED)
_452_/A                                 0.750000    0.801119   -0.051119 (VIOLATED)
_453_/A                                 0.750000    0.801118   -0.051118 (VIOLATED)
_468_/A                                 0.750000    0.801117   -0.051117 (VIOLATED)
_467_/A                                 0.750000    0.801116   -0.051116 (VIOLATED)
_451_/A                                 0.750000    0.801115   -0.051115 (VIOLATED)
_454_/A                                 0.750000    0.801114   -0.051114 (VIOLATED)
_466_/A                                 0.750000    0.801113   -0.051113 (VIOLATED)
_465_/A                                 0.750000    0.801113   -0.051113 (VIOLATED)
_450_/A                                 0.750000    0.801111   -0.051111 (VIOLATED)
_445_/A                                 0.750000    0.801111   -0.051111 (VIOLATED)
_449_/A                                 0.750000    0.801111   -0.051111 (VIOLATED)
_461_/A                                 0.750000    0.801107   -0.051107 (VIOLATED)
_443_/A                                 0.750000    0.801107   -0.051107 (VIOLATED)
_471_/A                                 0.750000    0.801107   -0.051107 (VIOLATED)
_460_/A                                 0.750000    0.801106   -0.051106 (VIOLATED)
_464_/A                                 0.750000    0.801106   -0.051106 (VIOLATED)
_459_/A                                 0.750000    0.801106   -0.051106 (VIOLATED)
_463_/A                                 0.750000    0.801106   -0.051106 (VIOLATED)
_462_/A                                 0.750000    0.801105   -0.051105 (VIOLATED)
_458_/A                                 0.750000    0.801104   -0.051104 (VIOLATED)
_457_/A                                 0.750000    0.801103   -0.051103 (VIOLATED)
_455_/A                                 0.750000    0.801103   -0.051103 (VIOLATED)
_456_/A                                 0.750000    0.801101   -0.051101 (VIOLATED)
_448_/A                                 0.750000    0.801100   -0.051100 (VIOLATED)
_447_/A                                 0.750000    0.801100   -0.051100 (VIOLATED)
_446_/A                                 0.750000    0.801100   -0.051100 (VIOLATED)
_444_/A                                 0.750000    0.801099   -0.051099 (VIOLATED)
_442_/A                                 0.750000    0.801098   -0.051098 (VIOLATED)
_441_/A                                 0.750000    0.801096   -0.051096 (VIOLATED)
_440_/A                                 0.750000    0.801093   -0.051093 (VIOLATED)
rst                                     0.750000    0.801091   -0.051091 (VIOLATED)
_266_/A                                 0.750000    0.801091   -0.051091 (VIOLATED)

max fanout

Pin                                   Limit Fanout  Slack
---------------------------------------------------------
clk                                      10     33    -23 (VIOLATED)
rst                                      10     33    -23 (VIOLATED)
_344_/Y                                  10     33    -23 (VIOLATED)



===========================================================================
report_parasitic_annotation -report_unannotated
============================================================================
Found 0 unannotated drivers.
Found 0 partially unannotated drivers.

===========================================================================
max slew violation count 68
Writing metric design__max_slew_violation__count__corner:nom_tt_025C_1v80: 68
max fanout violation count 3
Writing metric design__max_fanout_violation__count__corner:nom_tt_025C_1v80: 3
max cap violation count 0
Writing metric design__max_cap_violation__count__corner:nom_tt_025C_1v80: 0
============================================================================

===========================================================================
check_setup -verbose -unconstrained_endpoints -multiple_clock -no_clock -no_input_delay -loops -generated_clocks
===========================================================================
