63. Printing statistics.

=== freq_psc ===

   Number of wires:                 68
   Number of wire bits:             75
   Number of public wires:          12
   Number of public wire bits:      19
   Number of ports:                  4
   Number of port bits:             11
   Number of memories:               0
   Number of memory bits:            0
   Number of processes:              0
   Number of cells:                 65
     sky130_fd_sc_hd__a21boi_2       2
     sky130_fd_sc_hd__a21o_2         1
     sky130_fd_sc_hd__a21oi_2        3
     sky130_fd_sc_hd__a2bb2o_2       1
     sky130_fd_sc_hd__a31o_2         1
     sky130_fd_sc_hd__a41o_2         1
     sky130_fd_sc_hd__and2_2         1
     sky130_fd_sc_hd__and2b_2        3
     sky130_fd_sc_hd__and3_2         5
     sky130_fd_sc_hd__and3b_2        4
     sky130_fd_sc_hd__and4_2         1
     sky130_fd_sc_hd__dfrtp_2        9
     sky130_fd_sc_hd__inv_2         13
     sky130_fd_sc_hd__nand2_2        4
     sky130_fd_sc_hd__nand2b_2       8
     sky130_fd_sc_hd__o2111a_2       1
     sky130_fd_sc_hd__o2bb2a_2       1
     sky130_fd_sc_hd__or2_2          5
     sky130_fd_sc_hd__xnor2_2        1

   Chip area for module '\freq_psc': 661.884800
     of which used for sequential elements: 236.476800 (35.73%)

