Clock: clk
Sources: clk 
Generated: no
Virtual: yes
Propagated: no
Period: 5.000000

===========================================================================
report_clock_properties
============================================================================
Clock                   Period          Waveform
----------------------------------------------------
clk                   5.000000    0.000000  2.500000

===========================================================================
report_clock_latency
============================================================================
Clock clk
rise -> rise
    min     max
0.000000 0.000000 source latency
0.291564         network latency _234_/CLK
        0.294219 network latency _228_/CLK
---------------
0.291564 0.294219 latency
        0.002654 skew

fall -> fall
    min     max
0.000000 0.000000 source latency
0.293312         network latency _234_/CLK
        0.295734 network latency _228_/CLK
---------------
0.293312 0.295734 latency
        0.002422 skew



===========================================================================
report_clock_min_period
============================================================================
clk period_min = 2.61 fmax = 383.42
