
===========================================================================
report_checks -unconstrained
===========================================================================
======================= nom_tt_025C_1v80 Corner ===================================

Startpoint: rst (input port clocked by clk)
Endpoint: _226_ (recovery check against rising-edge clock clk)
Path Group: asynchronous
Path Type: max

Fanout         Cap        Slew       Delay        Time   Description
---------------------------------------------------------------------------------------------
                                  0.000000    0.000000   clock clk (rise edge)
                                  0.000000    0.000000   clock network delay (propagated)
                                  1.000000    1.000000 v input external delay
     1    0.002794    0.008609    0.004426    1.004426 v rst (in)
                                                         rst (net)
                      0.008609    0.000000    1.004426 v input17/A (sky130_fd_sc_hd__buf_1)
     2    0.009255    0.060363    0.101675    1.106101 v input17/X (sky130_fd_sc_hd__buf_1)
                                                         net17 (net)
                      0.060364    0.000339    1.106440 v fanout21/A (sky130_fd_sc_hd__buf_4)
    10    0.054029    0.078188    0.195762    1.302202 v fanout21/X (sky130_fd_sc_hd__buf_4)
                                                         net21 (net)
                      0.078218    0.001462    1.303664 v _126_/A (sky130_fd_sc_hd__inv_2)
     1    0.004137    0.033571    0.057601    1.361265 ^ _126_/Y (sky130_fd_sc_hd__inv_2)
                                                         _016_ (net)
                      0.033571    0.000049    1.361314 ^ _226_/RESET_B (sky130_fd_sc_hd__dfrtp_2)
                                              1.361314   data arrival time

                                  5.000000    5.000000   clock clk (rise edge)
                                  0.000000    5.000000   clock source latency
     1    0.013021    0.064619    0.043873    5.043873 ^ clk (in)
                                                         clk (net)
                      0.064622    0.000000    5.043873 ^ clkbuf_0_clk/A (sky130_fd_sc_hd__clkbuf_16)
     2    0.019681    0.041582    0.132164    5.176037 ^ clkbuf_0_clk/X (sky130_fd_sc_hd__clkbuf_16)
                                                         clknet_0_clk (net)
                      0.041584    0.000594    5.176632 ^ clkbuf_1_0__f_clk/A (sky130_fd_sc_hd__clkbuf_16)
    10    0.030023    0.051021    0.133108    5.309740 ^ clkbuf_1_0__f_clk/X (sky130_fd_sc_hd__clkbuf_16)
                                                         clknet_1_0__leaf_clk (net)
                      0.051024    0.000762    5.310502 ^ _226_/CLK (sky130_fd_sc_hd__dfrtp_2)
                                 -0.250000    5.060502   clock uncertainty
                                  0.000000    5.060502   clock reconvergence pessimism
                                  0.224440    5.284942   library recovery time
                                              5.284942   data required time
---------------------------------------------------------------------------------------------
                                              5.284942   data required time
                                             -1.361314   data arrival time
---------------------------------------------------------------------------------------------
                                              3.923627   slack (MET)


Startpoint: psc[14] (input port clocked by clk)
Endpoint: _231_ (rising edge-triggered flip-flop clocked by clk)
Path Group: clk
Path Type: max

Fanout         Cap        Slew       Delay        Time   Description
---------------------------------------------------------------------------------------------
                                  0.000000    0.000000   clock clk (rise edge)
                                  0.000000    0.000000   clock network delay (propagated)
                                  1.000000    1.000000 v input external delay
     1    0.003249    0.009676    0.005200    1.005200 v psc[14] (in)
                                                         psc[14] (net)
                      0.009676    0.000000    1.005200 v input6/A (sky130_fd_sc_hd__clkbuf_1)
     1    0.004458    0.035036    0.080541    1.085741 v input6/X (sky130_fd_sc_hd__clkbuf_1)
                                                         net6 (net)
                      0.035036    0.000088    1.085828 v _114_/A (sky130_fd_sc_hd__inv_2)
     2    0.011377    0.057517    0.063483    1.149311 ^ _114_/Y (sky130_fd_sc_hd__inv_2)
                                                         _084_ (net)
                      0.057519    0.000277    1.149589 ^ _128_/A1_N (sky130_fd_sc_hd__a2bb2o_4)
     2    0.005788    0.036350    0.212954    1.362543 v _128_/X (sky130_fd_sc_hd__a2bb2o_4)
                                                         _097_ (net)
                      0.036350    0.000137    1.362681 v _134_/A (sky130_fd_sc_hd__or4bb_4)
     2    0.006846    0.089011    0.534746    1.897426 v _134_/X (sky130_fd_sc_hd__or4bb_4)
                                                         _103_ (net)
                      0.089011    0.000211    1.897637 v _162_/B (sky130_fd_sc_hd__or4b_4)
     1    0.004719    0.084301    0.523266    2.420903 v _162_/X (sky130_fd_sc_hd__or4b_4)
                                                         _052_ (net)
                      0.084301    0.000090    2.420993 v _163_/A1 (sky130_fd_sc_hd__o211a_4)
     3    0.017929    0.056137    0.284478    2.705472 v _163_/X (sky130_fd_sc_hd__o211a_4)
                                                         _053_ (net)
                      0.056137    0.000462    2.705933 v fanout20/A (sky130_fd_sc_hd__buf_6)
     7    0.019610    0.032911    0.130382    2.836315 v fanout20/X (sky130_fd_sc_hd__buf_6)
                                                         net20 (net)
                      0.032928    0.000412    2.836727 v _181_/B (sky130_fd_sc_hd__and3b_1)
     1    0.002805    0.036694    0.151337    2.988063 v _181_/X (sky130_fd_sc_hd__and3b_1)
                                                         _011_ (net)
                      0.036694    0.000079    2.988142 v _231_/D (sky130_fd_sc_hd__dfrtp_1)
                                              2.988142   data arrival time

                                  5.000000    5.000000   clock clk (rise edge)
                                  0.000000    5.000000   clock source latency
     1    0.013021    0.064619    0.043873    5.043873 ^ clk (in)
                                                         clk (net)
                      0.064622    0.000000    5.043873 ^ clkbuf_0_clk/A (sky130_fd_sc_hd__clkbuf_16)
     2    0.019681    0.041582    0.132164    5.176037 ^ clkbuf_0_clk/X (sky130_fd_sc_hd__clkbuf_16)
                                                         clknet_0_clk (net)
                      0.041583    0.000483    5.176520 ^ clkbuf_1_1__f_clk/A (sky130_fd_sc_hd__clkbuf_16)
     8    0.026410    0.047587    0.130185    5.306705 ^ clkbuf_1_1__f_clk/X (sky130_fd_sc_hd__clkbuf_16)
                                                         clknet_1_1__leaf_clk (net)
                      0.047592    0.000504    5.307210 ^ _231_/CLK (sky130_fd_sc_hd__dfrtp_1)
                                 -0.250000    5.057210   clock uncertainty
                                  0.000000    5.057210   clock reconvergence pessimism
                                 -0.110057    4.947153   library setup time
                                              4.947153   data required time
---------------------------------------------------------------------------------------------
                                              4.947153   data required time
                                             -2.988142   data arrival time
---------------------------------------------------------------------------------------------
                                              1.959011   slack (MET)




===========================================================================
report_checks --slack_max -0.01
============================================================================
======================= nom_tt_025C_1v80 Corner ===================================

No paths found.


===========================================================================
 report_check_types -max_slew -max_cap -max_fanout -violators
============================================================================
======================= nom_tt_025C_1v80 Corner ===================================



===========================================================================
report_parasitic_annotation -report_unannotated
============================================================================
Found 1 unannotated drivers.
 clkload0/Y
Found 0 partially unannotated drivers.

===========================================================================
max slew violation count 0
max fanout violation count 0
max cap violation count 0
============================================================================

===========================================================================
check_setup -verbose -unconstrained_endpoints -multiple_clock -no_clock -no_input_delay -loops -generated_clocks
===========================================================================
