Clock: clk
Sources: clk 
Generated: no
Virtual: yes
Propagated: no
Period: 5.000000

===========================================================================
report_clock_properties
============================================================================
Clock                   Period          Waveform
----------------------------------------------------
clk                   5.000000    0.000000  2.500000

===========================================================================
report_clock_latency
============================================================================
Clock clk
rise -> rise
    min     max
0.000000 0.000000 source latency
0.307175         network latency _234_/CLK
        0.310758 network latency _230_/CLK
---------------
0.307175 0.310758 latency
        0.003583 skew

fall -> fall
    min     max
0.000000 0.000000 source latency
0.303792         network latency _234_/CLK
        0.307327 network latency _230_/CLK
---------------
0.303792 0.307327 latency
        0.003535 skew



===========================================================================
report_clock_min_period
============================================================================
clk period_min = 2.66 fmax = 375.73
