
===========================================================================
report_checks -unconstrained
===========================================================================
======================= max_tt_025C_1v80 Corner ===================================

Startpoint: rst (input port clocked by clk)
Endpoint: _119_ (recovery check against rising-edge clock clk)
Path Group: asynchronous
Path Type: max

Fanout         Cap        Slew       Delay        Time   Description
---------------------------------------------------------------------------------------------
                                  0.000000    0.000000   clock clk (rise edge)
                                  0.000000    0.000000   clock network delay (propagated)
                                  1.000000    1.000000 v input external delay
     1    0.002183    0.007198    0.003426    1.003426 v rst (in)
                                                         rst (net)
                      0.007199    0.000000    1.003426 v hold2/A (sky130_fd_sc_hd__dlygate4sd3_1)
     1    0.002508    0.051383    0.531433    1.534859 v hold2/X (sky130_fd_sc_hd__dlygate4sd3_1)
                                                         net12 (net)
                      0.051383    0.000169    1.535028 v input9/A (sky130_fd_sc_hd__clkbuf_4)
     9    0.049175    0.107107    0.206495    1.741524 v input9/X (sky130_fd_sc_hd__clkbuf_4)
                                                         net9 (net)
                      0.107310    0.004088    1.745611 v _110_/A (sky130_fd_sc_hd__inv_2)
     1    0.004401    0.040968    0.069506    1.815117 ^ _110_/Y (sky130_fd_sc_hd__inv_2)
                                                         _015_ (net)
                      0.040968    0.000239    1.815356 ^ _119_/RESET_B (sky130_fd_sc_hd__dfrtp_1)
                                              1.815356   data arrival time

                                  5.000000    5.000000   clock clk (rise edge)
                                  0.000000    5.000000   clock source latency
     1    0.009659    0.049935    0.033052    5.033052 ^ clk (in)
                                                         clk (net)
                      0.049940    0.000000    5.033052 ^ clkbuf_0_clk/A (sky130_fd_sc_hd__clkbuf_16)
     2    0.021477    0.043069    0.128173    5.161225 ^ clkbuf_0_clk/X (sky130_fd_sc_hd__clkbuf_16)
                                                         clknet_0_clk (net)
                      0.043184    0.001341    5.162567 ^ clkbuf_1_0__f_clk/A (sky130_fd_sc_hd__clkbuf_16)
     5    0.015799    0.038278    0.120584    5.283151 ^ clkbuf_1_0__f_clk/X (sky130_fd_sc_hd__clkbuf_16)
                                                         clknet_1_0__leaf_clk (net)
                      0.038285    0.000661    5.283812 ^ _119_/CLK (sky130_fd_sc_hd__dfrtp_1)
                                 -0.250000    5.033812   clock uncertainty
                                  0.000000    5.033812   clock reconvergence pessimism
                                  0.229318    5.263130   library recovery time
                                              5.263130   data required time
---------------------------------------------------------------------------------------------
                                              5.263130   data required time
                                             -1.815356   data arrival time
---------------------------------------------------------------------------------------------
                                              3.447774   slack (MET)


Startpoint: psc[1] (input port clocked by clk)
Endpoint: _119_ (rising edge-triggered flip-flop clocked by clk)
Path Group: clk
Path Type: max

Fanout         Cap        Slew       Delay        Time   Description
---------------------------------------------------------------------------------------------
                                  0.000000    0.000000   clock clk (rise edge)
                                  0.000000    0.000000   clock network delay (propagated)
                                  1.000000    1.000000 ^ input external delay
     1    0.004467    0.026976    0.016197    1.016197 ^ psc[1] (in)
                                                         psc[1] (net)
                      0.026978    0.000000    1.016197 ^ input2/A (sky130_fd_sc_hd__clkbuf_1)
     2    0.004970    0.068051    0.091622    1.107819 ^ input2/X (sky130_fd_sc_hd__clkbuf_1)
                                                         net2 (net)
                      0.068051    0.000173    1.107992 ^ _061_/A_N (sky130_fd_sc_hd__and2b_1)
     1    0.003159    0.035323    0.176856    1.284848 v _061_/X (sky130_fd_sc_hd__and2b_1)
                                                         _022_ (net)
                      0.035323    0.000211    1.285059 v _064_/B1 (sky130_fd_sc_hd__a21o_1)
     1    0.005473    0.044439    0.157909    1.442967 v _064_/X (sky130_fd_sc_hd__a21o_1)
                                                         _025_ (net)
                      0.044444    0.000509    1.443476 v _070_/A1 (sky130_fd_sc_hd__a41o_1)
     1    0.009122    0.065989    0.202912    1.646388 v _070_/X (sky130_fd_sc_hd__a41o_1)
                                                         _031_ (net)
                      0.065996    0.000702    1.647090 v _082_/A1 (sky130_fd_sc_hd__a21oi_4)
     9    0.031066    0.251507    0.245301    1.892391 ^ _082_/Y (sky130_fd_sc_hd__a21oi_4)
                                                         _043_ (net)
                      0.251515    0.001137    1.893528 ^ _103_/B1_N (sky130_fd_sc_hd__a21boi_1)
     1    0.003024    0.109319    0.194461    2.087989 ^ _103_/Y (sky130_fd_sc_hd__a21boi_1)
                                                         _007_ (net)
                      0.109319    0.000224    2.088213 ^ _119_/D (sky130_fd_sc_hd__dfrtp_1)
                                              2.088213   data arrival time

                                  5.000000    5.000000   clock clk (rise edge)
                                  0.000000    5.000000   clock source latency
     1    0.009659    0.049935    0.033052    5.033052 ^ clk (in)
                                                         clk (net)
                      0.049940    0.000000    5.033052 ^ clkbuf_0_clk/A (sky130_fd_sc_hd__clkbuf_16)
     2    0.021477    0.043069    0.128173    5.161225 ^ clkbuf_0_clk/X (sky130_fd_sc_hd__clkbuf_16)
                                                         clknet_0_clk (net)
                      0.043184    0.001341    5.162567 ^ clkbuf_1_0__f_clk/A (sky130_fd_sc_hd__clkbuf_16)
     5    0.015799    0.038278    0.120584    5.283151 ^ clkbuf_1_0__f_clk/X (sky130_fd_sc_hd__clkbuf_16)
                                                         clknet_1_0__leaf_clk (net)
                      0.038285    0.000661    5.283812 ^ _119_/CLK (sky130_fd_sc_hd__dfrtp_1)
                                 -0.250000    5.033812   clock uncertainty
                                  0.000000    5.033812   clock reconvergence pessimism
                                 -0.075715    4.958097   library setup time
                                              4.958097   data required time
---------------------------------------------------------------------------------------------
                                              4.958097   data required time
                                             -2.088213   data arrival time
---------------------------------------------------------------------------------------------
                                              2.869883   slack (MET)




===========================================================================
report_checks --slack_max -0.01
============================================================================
======================= max_tt_025C_1v80 Corner ===================================

No paths found.


===========================================================================
 report_check_types -max_slew -max_cap -max_fanout -violators
============================================================================
======================= max_tt_025C_1v80 Corner ===================================



===========================================================================
report_parasitic_annotation -report_unannotated
============================================================================
Found 1 unannotated drivers.
 clkload0/X
Found 0 partially unannotated drivers.

===========================================================================
max slew violation count 0
max fanout violation count 0
max cap violation count 0
============================================================================

===========================================================================
check_setup -verbose -unconstrained_endpoints -multiple_clock -no_clock -no_input_delay -loops -generated_clocks
===========================================================================
