Clock: clk
Sources: clk 
Generated: no
Virtual: yes
Propagated: no
Period: 5.000000

===========================================================================
report_clock_properties
============================================================================
Clock                   Period          Waveform
----------------------------------------------------
clk                   5.000000    0.000000  2.500000

===========================================================================
report_clock_latency
============================================================================
Clock clk
rise -> rise
    min     max
0.000000 0.000000 source latency
0.281253         network latency _113_/CLK
        0.284010 network latency _117_/CLK
---------------
0.281253 0.284010 latency
        0.002756 skew

fall -> fall
    min     max
0.000000 0.000000 source latency
0.287715         network latency _113_/CLK
        0.290136 network latency _117_/CLK
---------------
0.287715 0.290136 latency
        0.002422 skew



===========================================================================
report_clock_min_period
============================================================================
clk period_min = 1.76 fmax = 566.60
