
===========================================================================
report_checks -path_delay min (Hold)
============================================================================
======================= nom_ss_100C_1v60 Corner ===================================

Startpoint: rst (input port clocked by clk)
Endpoint: _226_ (removal check against rising-edge clock clk)
Path Group: asynchronous
Path Type: min

Fanout         Cap        Slew       Delay        Time   Description
---------------------------------------------------------------------------------------------
                      0.150000    0.000000    0.000000   clock clk (rise edge)
                                  0.000000    0.000000   clock network delay (ideal)
                                  1.000000    1.000000 v input external delay
    17    0.073100    0.312564    0.223519    1.223519 v rst (in)
                                                         rst (net)
                      0.312564    0.000000    1.223519 v _126_/A (sky130_fd_sc_hd__inv_2)
     1    0.003263    0.084908    0.142653    1.366172 ^ _126_/Y (sky130_fd_sc_hd__inv_2)
                                                         _016_ (net)
                      0.084908    0.000000    1.366172 ^ _226_/RESET_B (sky130_fd_sc_hd__dfrtp_2)
                                              1.366172   data arrival time

                      0.150000    0.000000    0.000000   clock clk (rise edge)
                                  0.000000    0.000000   clock network delay (ideal)
                                  0.250000    0.250000   clock uncertainty
                                  0.000000    0.250000   clock reconvergence pessimism
                                              0.250000 ^ _226_/CLK (sky130_fd_sc_hd__dfrtp_2)
                                  0.686122    0.936122   library removal time
                                              0.936122   data required time
---------------------------------------------------------------------------------------------
                                              0.936122   data required time
                                             -1.366172   data arrival time
---------------------------------------------------------------------------------------------
                                              0.430049   slack (MET)


Startpoint: rst (input port clocked by clk)
Endpoint: _227_ (removal check against rising-edge clock clk)
Path Group: asynchronous
Path Type: min

Fanout         Cap        Slew       Delay        Time   Description
---------------------------------------------------------------------------------------------
                      0.150000    0.000000    0.000000   clock clk (rise edge)
                                  0.000000    0.000000   clock network delay (ideal)
                                  1.000000    1.000000 v input external delay
    17    0.073100    0.312564    0.223519    1.223519 v rst (in)
                                                         rst (net)
                      0.312564    0.000000    1.223519 v _210_/A (sky130_fd_sc_hd__inv_2)
     1    0.003263    0.084908    0.142653    1.366172 ^ _210_/Y (sky130_fd_sc_hd__inv_2)
                                                         _017_ (net)
                      0.084908    0.000000    1.366172 ^ _227_/RESET_B (sky130_fd_sc_hd__dfrtp_2)
                                              1.366172   data arrival time

                      0.150000    0.000000    0.000000   clock clk (rise edge)
                                  0.000000    0.000000   clock network delay (ideal)
                                  0.250000    0.250000   clock uncertainty
                                  0.000000    0.250000   clock reconvergence pessimism
                                              0.250000 ^ _227_/CLK (sky130_fd_sc_hd__dfrtp_2)
                                  0.686122    0.936122   library removal time
                                              0.936122   data required time
---------------------------------------------------------------------------------------------
                                              0.936122   data required time
                                             -1.366172   data arrival time
---------------------------------------------------------------------------------------------
                                              0.430049   slack (MET)


Startpoint: rst (input port clocked by clk)
Endpoint: _228_ (removal check against rising-edge clock clk)
Path Group: asynchronous
Path Type: min

Fanout         Cap        Slew       Delay        Time   Description
---------------------------------------------------------------------------------------------
                      0.150000    0.000000    0.000000   clock clk (rise edge)
                                  0.000000    0.000000   clock network delay (ideal)
                                  1.000000    1.000000 v input external delay
    17    0.073100    0.312564    0.223519    1.223519 v rst (in)
                                                         rst (net)
                      0.312564    0.000000    1.223519 v _211_/A (sky130_fd_sc_hd__inv_2)
     1    0.003263    0.084908    0.142653    1.366172 ^ _211_/Y (sky130_fd_sc_hd__inv_2)
                                                         _018_ (net)
                      0.084908    0.000000    1.366172 ^ _228_/RESET_B (sky130_fd_sc_hd__dfrtp_2)
                                              1.366172   data arrival time

                      0.150000    0.000000    0.000000   clock clk (rise edge)
                                  0.000000    0.000000   clock network delay (ideal)
                                  0.250000    0.250000   clock uncertainty
                                  0.000000    0.250000   clock reconvergence pessimism
                                              0.250000 ^ _228_/CLK (sky130_fd_sc_hd__dfrtp_2)
                                  0.686122    0.936122   library removal time
                                              0.936122   data required time
---------------------------------------------------------------------------------------------
                                              0.936122   data required time
                                             -1.366172   data arrival time
---------------------------------------------------------------------------------------------
                                              0.430049   slack (MET)


Startpoint: rst (input port clocked by clk)
Endpoint: _229_ (removal check against rising-edge clock clk)
Path Group: asynchronous
Path Type: min

Fanout         Cap        Slew       Delay        Time   Description
---------------------------------------------------------------------------------------------
                      0.150000    0.000000    0.000000   clock clk (rise edge)
                                  0.000000    0.000000   clock network delay (ideal)
                                  1.000000    1.000000 v input external delay
    17    0.073100    0.312564    0.223519    1.223519 v rst (in)
                                                         rst (net)
                      0.312564    0.000000    1.223519 v _212_/A (sky130_fd_sc_hd__inv_2)
     1    0.003263    0.084908    0.142653    1.366172 ^ _212_/Y (sky130_fd_sc_hd__inv_2)
                                                         _019_ (net)
                      0.084908    0.000000    1.366172 ^ _229_/RESET_B (sky130_fd_sc_hd__dfrtp_2)
                                              1.366172   data arrival time

                      0.150000    0.000000    0.000000   clock clk (rise edge)
                                  0.000000    0.000000   clock network delay (ideal)
                                  0.250000    0.250000   clock uncertainty
                                  0.000000    0.250000   clock reconvergence pessimism
                                              0.250000 ^ _229_/CLK (sky130_fd_sc_hd__dfrtp_2)
                                  0.686122    0.936122   library removal time
                                              0.936122   data required time
---------------------------------------------------------------------------------------------
                                              0.936122   data required time
                                             -1.366172   data arrival time
---------------------------------------------------------------------------------------------
                                              0.430049   slack (MET)


Startpoint: rst (input port clocked by clk)
Endpoint: _230_ (removal check against rising-edge clock clk)
Path Group: asynchronous
Path Type: min

Fanout         Cap        Slew       Delay        Time   Description
---------------------------------------------------------------------------------------------
                      0.150000    0.000000    0.000000   clock clk (rise edge)
                                  0.000000    0.000000   clock network delay (ideal)
                                  1.000000    1.000000 v input external delay
    17    0.073100    0.312564    0.223519    1.223519 v rst (in)
                                                         rst (net)
                      0.312564    0.000000    1.223519 v _213_/A (sky130_fd_sc_hd__inv_2)
     1    0.003263    0.084908    0.142653    1.366172 ^ _213_/Y (sky130_fd_sc_hd__inv_2)
                                                         _020_ (net)
                      0.084908    0.000000    1.366172 ^ _230_/RESET_B (sky130_fd_sc_hd__dfrtp_2)
                                              1.366172   data arrival time

                      0.150000    0.000000    0.000000   clock clk (rise edge)
                                  0.000000    0.000000   clock network delay (ideal)
                                  0.250000    0.250000   clock uncertainty
                                  0.000000    0.250000   clock reconvergence pessimism
                                              0.250000 ^ _230_/CLK (sky130_fd_sc_hd__dfrtp_2)
                                  0.686122    0.936122   library removal time
                                              0.936122   data required time
---------------------------------------------------------------------------------------------
                                              0.936122   data required time
                                             -1.366172   data arrival time
---------------------------------------------------------------------------------------------
                                              0.430049   slack (MET)


Startpoint: rst (input port clocked by clk)
Endpoint: _231_ (removal check against rising-edge clock clk)
Path Group: asynchronous
Path Type: min

Fanout         Cap        Slew       Delay        Time   Description
---------------------------------------------------------------------------------------------
                      0.150000    0.000000    0.000000   clock clk (rise edge)
                                  0.000000    0.000000   clock network delay (ideal)
                                  1.000000    1.000000 v input external delay
    17    0.073100    0.312564    0.223519    1.223519 v rst (in)
                                                         rst (net)
                      0.312564    0.000000    1.223519 v _214_/A (sky130_fd_sc_hd__inv_2)
     1    0.003263    0.084908    0.142653    1.366172 ^ _214_/Y (sky130_fd_sc_hd__inv_2)
                                                         _021_ (net)
                      0.084908    0.000000    1.366172 ^ _231_/RESET_B (sky130_fd_sc_hd__dfrtp_2)
                                              1.366172   data arrival time

                      0.150000    0.000000    0.000000   clock clk (rise edge)
                                  0.000000    0.000000   clock network delay (ideal)
                                  0.250000    0.250000   clock uncertainty
                                  0.000000    0.250000   clock reconvergence pessimism
                                              0.250000 ^ _231_/CLK (sky130_fd_sc_hd__dfrtp_2)
                                  0.686122    0.936122   library removal time
                                              0.936122   data required time
---------------------------------------------------------------------------------------------
                                              0.936122   data required time
                                             -1.366172   data arrival time
---------------------------------------------------------------------------------------------
                                              0.430049   slack (MET)


Startpoint: rst (input port clocked by clk)
Endpoint: _232_ (removal check against rising-edge clock clk)
Path Group: asynchronous
Path Type: min

Fanout         Cap        Slew       Delay        Time   Description
---------------------------------------------------------------------------------------------
                      0.150000    0.000000    0.000000   clock clk (rise edge)
                                  0.000000    0.000000   clock network delay (ideal)
                                  1.000000    1.000000 v input external delay
    17    0.073100    0.312564    0.223519    1.223519 v rst (in)
                                                         rst (net)
                      0.312564    0.000000    1.223519 v _215_/A (sky130_fd_sc_hd__inv_2)
     1    0.003263    0.084908    0.142653    1.366172 ^ _215_/Y (sky130_fd_sc_hd__inv_2)
                                                         _022_ (net)
                      0.084908    0.000000    1.366172 ^ _232_/RESET_B (sky130_fd_sc_hd__dfrtp_2)
                                              1.366172   data arrival time

                      0.150000    0.000000    0.000000   clock clk (rise edge)
                                  0.000000    0.000000   clock network delay (ideal)
                                  0.250000    0.250000   clock uncertainty
                                  0.000000    0.250000   clock reconvergence pessimism
                                              0.250000 ^ _232_/CLK (sky130_fd_sc_hd__dfrtp_2)
                                  0.686122    0.936122   library removal time
                                              0.936122   data required time
---------------------------------------------------------------------------------------------
                                              0.936122   data required time
                                             -1.366172   data arrival time
---------------------------------------------------------------------------------------------
                                              0.430049   slack (MET)


Startpoint: rst (input port clocked by clk)
Endpoint: _233_ (removal check against rising-edge clock clk)
Path Group: asynchronous
Path Type: min

Fanout         Cap        Slew       Delay        Time   Description
---------------------------------------------------------------------------------------------
                      0.150000    0.000000    0.000000   clock clk (rise edge)
                                  0.000000    0.000000   clock network delay (ideal)
                                  1.000000    1.000000 v input external delay
    17    0.073100    0.312564    0.223519    1.223519 v rst (in)
                                                         rst (net)
                      0.312564    0.000000    1.223519 v _216_/A (sky130_fd_sc_hd__inv_2)
     1    0.003263    0.084908    0.142653    1.366172 ^ _216_/Y (sky130_fd_sc_hd__inv_2)
                                                         _023_ (net)
                      0.084908    0.000000    1.366172 ^ _233_/RESET_B (sky130_fd_sc_hd__dfrtp_2)
                                              1.366172   data arrival time

                      0.150000    0.000000    0.000000   clock clk (rise edge)
                                  0.000000    0.000000   clock network delay (ideal)
                                  0.250000    0.250000   clock uncertainty
                                  0.000000    0.250000   clock reconvergence pessimism
                                              0.250000 ^ _233_/CLK (sky130_fd_sc_hd__dfrtp_2)
                                  0.686122    0.936122   library removal time
                                              0.936122   data required time
---------------------------------------------------------------------------------------------
                                              0.936122   data required time
                                             -1.366172   data arrival time
---------------------------------------------------------------------------------------------
                                              0.430049   slack (MET)


Startpoint: rst (input port clocked by clk)
Endpoint: _234_ (removal check against rising-edge clock clk)
Path Group: asynchronous
Path Type: min

Fanout         Cap        Slew       Delay        Time   Description
---------------------------------------------------------------------------------------------
                      0.150000    0.000000    0.000000   clock clk (rise edge)
                                  0.000000    0.000000   clock network delay (ideal)
                                  1.000000    1.000000 v input external delay
    17    0.073100    0.312564    0.223519    1.223519 v rst (in)
                                                         rst (net)
                      0.312564    0.000000    1.223519 v _217_/A (sky130_fd_sc_hd__inv_2)
     1    0.003263    0.084908    0.142653    1.366172 ^ _217_/Y (sky130_fd_sc_hd__inv_2)
                                                         _024_ (net)
                      0.084908    0.000000    1.366172 ^ _234_/RESET_B (sky130_fd_sc_hd__dfrtp_2)
                                              1.366172   data arrival time

                      0.150000    0.000000    0.000000   clock clk (rise edge)
                                  0.000000    0.000000   clock network delay (ideal)
                                  0.250000    0.250000   clock uncertainty
                                  0.000000    0.250000   clock reconvergence pessimism
                                              0.250000 ^ _234_/CLK (sky130_fd_sc_hd__dfrtp_2)
                                  0.686122    0.936122   library removal time
                                              0.936122   data required time
---------------------------------------------------------------------------------------------
                                              0.936122   data required time
                                             -1.366172   data arrival time
---------------------------------------------------------------------------------------------
                                              0.430049   slack (MET)


Startpoint: rst (input port clocked by clk)
Endpoint: _235_ (removal check against rising-edge clock clk)
Path Group: asynchronous
Path Type: min

Fanout         Cap        Slew       Delay        Time   Description
---------------------------------------------------------------------------------------------
                      0.150000    0.000000    0.000000   clock clk (rise edge)
                                  0.000000    0.000000   clock network delay (ideal)
                                  1.000000    1.000000 v input external delay
    17    0.073100    0.312564    0.223519    1.223519 v rst (in)
                                                         rst (net)
                      0.312564    0.000000    1.223519 v _218_/A (sky130_fd_sc_hd__inv_2)
     1    0.003263    0.084908    0.142653    1.366172 ^ _218_/Y (sky130_fd_sc_hd__inv_2)
                                                         _025_ (net)
                      0.084908    0.000000    1.366172 ^ _235_/RESET_B (sky130_fd_sc_hd__dfrtp_2)
                                              1.366172   data arrival time

                      0.150000    0.000000    0.000000   clock clk (rise edge)
                                  0.000000    0.000000   clock network delay (ideal)
                                  0.250000    0.250000   clock uncertainty
                                  0.000000    0.250000   clock reconvergence pessimism
                                              0.250000 ^ _235_/CLK (sky130_fd_sc_hd__dfrtp_2)
                                  0.686122    0.936122   library removal time
                                              0.936122   data required time
---------------------------------------------------------------------------------------------
                                              0.936122   data required time
                                             -1.366172   data arrival time
---------------------------------------------------------------------------------------------
                                              0.430049   slack (MET)


Startpoint: rst (input port clocked by clk)
Endpoint: _236_ (removal check against rising-edge clock clk)
Path Group: asynchronous
Path Type: min

Fanout         Cap        Slew       Delay        Time   Description
---------------------------------------------------------------------------------------------
                      0.150000    0.000000    0.000000   clock clk (rise edge)
                                  0.000000    0.000000   clock network delay (ideal)
                                  1.000000    1.000000 v input external delay
    17    0.073100    0.312564    0.223519    1.223519 v rst (in)
                                                         rst (net)
                      0.312564    0.000000    1.223519 v _219_/A (sky130_fd_sc_hd__inv_2)
     1    0.003263    0.084908    0.142653    1.366172 ^ _219_/Y (sky130_fd_sc_hd__inv_2)
                                                         _026_ (net)
                      0.084908    0.000000    1.366172 ^ _236_/RESET_B (sky130_fd_sc_hd__dfrtp_2)
                                              1.366172   data arrival time

                      0.150000    0.000000    0.000000   clock clk (rise edge)
                                  0.000000    0.000000   clock network delay (ideal)
                                  0.250000    0.250000   clock uncertainty
                                  0.000000    0.250000   clock reconvergence pessimism
                                              0.250000 ^ _236_/CLK (sky130_fd_sc_hd__dfrtp_2)
                                  0.686122    0.936122   library removal time
                                              0.936122   data required time
---------------------------------------------------------------------------------------------
                                              0.936122   data required time
                                             -1.366172   data arrival time
---------------------------------------------------------------------------------------------
                                              0.430049   slack (MET)


Startpoint: rst (input port clocked by clk)
Endpoint: _237_ (removal check against rising-edge clock clk)
Path Group: asynchronous
Path Type: min

Fanout         Cap        Slew       Delay        Time   Description
---------------------------------------------------------------------------------------------
                      0.150000    0.000000    0.000000   clock clk (rise edge)
                                  0.000000    0.000000   clock network delay (ideal)
                                  1.000000    1.000000 v input external delay
    17    0.073100    0.312564    0.223519    1.223519 v rst (in)
                                                         rst (net)
                      0.312564    0.000000    1.223519 v _220_/A (sky130_fd_sc_hd__inv_2)
     1    0.003263    0.084908    0.142653    1.366172 ^ _220_/Y (sky130_fd_sc_hd__inv_2)
                                                         _027_ (net)
                      0.084908    0.000000    1.366172 ^ _237_/RESET_B (sky130_fd_sc_hd__dfrtp_2)
                                              1.366172   data arrival time

                      0.150000    0.000000    0.000000   clock clk (rise edge)
                                  0.000000    0.000000   clock network delay (ideal)
                                  0.250000    0.250000   clock uncertainty
                                  0.000000    0.250000   clock reconvergence pessimism
                                              0.250000 ^ _237_/CLK (sky130_fd_sc_hd__dfrtp_2)
                                  0.686122    0.936122   library removal time
                                              0.936122   data required time
---------------------------------------------------------------------------------------------
                                              0.936122   data required time
                                             -1.366172   data arrival time
---------------------------------------------------------------------------------------------
                                              0.430049   slack (MET)


Startpoint: rst (input port clocked by clk)
Endpoint: _238_ (removal check against rising-edge clock clk)
Path Group: asynchronous
Path Type: min

Fanout         Cap        Slew       Delay        Time   Description
---------------------------------------------------------------------------------------------
                      0.150000    0.000000    0.000000   clock clk (rise edge)
                                  0.000000    0.000000   clock network delay (ideal)
                                  1.000000    1.000000 v input external delay
    17    0.073100    0.312564    0.223519    1.223519 v rst (in)
                                                         rst (net)
                      0.312564    0.000000    1.223519 v _221_/A (sky130_fd_sc_hd__inv_2)
     1    0.003263    0.084908    0.142653    1.366172 ^ _221_/Y (sky130_fd_sc_hd__inv_2)
                                                         _028_ (net)
                      0.084908    0.000000    1.366172 ^ _238_/RESET_B (sky130_fd_sc_hd__dfrtp_2)
                                              1.366172   data arrival time

                      0.150000    0.000000    0.000000   clock clk (rise edge)
                                  0.000000    0.000000   clock network delay (ideal)
                                  0.250000    0.250000   clock uncertainty
                                  0.000000    0.250000   clock reconvergence pessimism
                                              0.250000 ^ _238_/CLK (sky130_fd_sc_hd__dfrtp_2)
                                  0.686122    0.936122   library removal time
                                              0.936122   data required time
---------------------------------------------------------------------------------------------
                                              0.936122   data required time
                                             -1.366172   data arrival time
---------------------------------------------------------------------------------------------
                                              0.430049   slack (MET)


Startpoint: rst (input port clocked by clk)
Endpoint: _239_ (removal check against rising-edge clock clk)
Path Group: asynchronous
Path Type: min

Fanout         Cap        Slew       Delay        Time   Description
---------------------------------------------------------------------------------------------
                      0.150000    0.000000    0.000000   clock clk (rise edge)
                                  0.000000    0.000000   clock network delay (ideal)
                                  1.000000    1.000000 v input external delay
    17    0.073100    0.312564    0.223519    1.223519 v rst (in)
                                                         rst (net)
                      0.312564    0.000000    1.223519 v _222_/A (sky130_fd_sc_hd__inv_2)
     1    0.003263    0.084908    0.142653    1.366172 ^ _222_/Y (sky130_fd_sc_hd__inv_2)
                                                         _029_ (net)
                      0.084908    0.000000    1.366172 ^ _239_/RESET_B (sky130_fd_sc_hd__dfrtp_2)
                                              1.366172   data arrival time

                      0.150000    0.000000    0.000000   clock clk (rise edge)
                                  0.000000    0.000000   clock network delay (ideal)
                                  0.250000    0.250000   clock uncertainty
                                  0.000000    0.250000   clock reconvergence pessimism
                                              0.250000 ^ _239_/CLK (sky130_fd_sc_hd__dfrtp_2)
                                  0.686122    0.936122   library removal time
                                              0.936122   data required time
---------------------------------------------------------------------------------------------
                                              0.936122   data required time
                                             -1.366172   data arrival time
---------------------------------------------------------------------------------------------
                                              0.430049   slack (MET)


Startpoint: rst (input port clocked by clk)
Endpoint: _240_ (removal check against rising-edge clock clk)
Path Group: asynchronous
Path Type: min

Fanout         Cap        Slew       Delay        Time   Description
---------------------------------------------------------------------------------------------
                      0.150000    0.000000    0.000000   clock clk (rise edge)
                                  0.000000    0.000000   clock network delay (ideal)
                                  1.000000    1.000000 v input external delay
    17    0.073100    0.312564    0.223519    1.223519 v rst (in)
                                                         rst (net)
                      0.312564    0.000000    1.223519 v _223_/A (sky130_fd_sc_hd__inv_2)
     1    0.003263    0.084908    0.142653    1.366172 ^ _223_/Y (sky130_fd_sc_hd__inv_2)
                                                         _030_ (net)
                      0.084908    0.000000    1.366172 ^ _240_/RESET_B (sky130_fd_sc_hd__dfrtp_2)
                                              1.366172   data arrival time

                      0.150000    0.000000    0.000000   clock clk (rise edge)
                                  0.000000    0.000000   clock network delay (ideal)
                                  0.250000    0.250000   clock uncertainty
                                  0.000000    0.250000   clock reconvergence pessimism
                                              0.250000 ^ _240_/CLK (sky130_fd_sc_hd__dfrtp_2)
                                  0.686122    0.936122   library removal time
                                              0.936122   data required time
---------------------------------------------------------------------------------------------
                                              0.936122   data required time
                                             -1.366172   data arrival time
---------------------------------------------------------------------------------------------
                                              0.430049   slack (MET)


Startpoint: rst (input port clocked by clk)
Endpoint: _241_ (removal check against rising-edge clock clk)
Path Group: asynchronous
Path Type: min

Fanout         Cap        Slew       Delay        Time   Description
---------------------------------------------------------------------------------------------
                      0.150000    0.000000    0.000000   clock clk (rise edge)
                                  0.000000    0.000000   clock network delay (ideal)
                                  1.000000    1.000000 v input external delay
    17    0.073100    0.312564    0.223519    1.223519 v rst (in)
                                                         rst (net)
                      0.312564    0.000000    1.223519 v _224_/A (sky130_fd_sc_hd__inv_2)
     1    0.003263    0.084908    0.142653    1.366172 ^ _224_/Y (sky130_fd_sc_hd__inv_2)
                                                         _031_ (net)
                      0.084908    0.000000    1.366172 ^ _241_/RESET_B (sky130_fd_sc_hd__dfrtp_2)
                                              1.366172   data arrival time

                      0.150000    0.000000    0.000000   clock clk (rise edge)
                                  0.000000    0.000000   clock network delay (ideal)
                                  0.250000    0.250000   clock uncertainty
                                  0.000000    0.250000   clock reconvergence pessimism
                                              0.250000 ^ _241_/CLK (sky130_fd_sc_hd__dfrtp_2)
                                  0.686122    0.936122   library removal time
                                              0.936122   data required time
---------------------------------------------------------------------------------------------
                                              0.936122   data required time
                                             -1.366172   data arrival time
---------------------------------------------------------------------------------------------
                                              0.430049   slack (MET)


Startpoint: rst (input port clocked by clk)
Endpoint: _242_ (removal check against rising-edge clock clk)
Path Group: asynchronous
Path Type: min

Fanout         Cap        Slew       Delay        Time   Description
---------------------------------------------------------------------------------------------
                      0.150000    0.000000    0.000000   clock clk (rise edge)
                                  0.000000    0.000000   clock network delay (ideal)
                                  1.000000    1.000000 v input external delay
    17    0.073100    0.312564    0.223519    1.223519 v rst (in)
                                                         rst (net)
                      0.312564    0.000000    1.223519 v _225_/A (sky130_fd_sc_hd__inv_2)
     1    0.003263    0.084908    0.142653    1.366172 ^ _225_/Y (sky130_fd_sc_hd__inv_2)
                                                         _032_ (net)
                      0.084908    0.000000    1.366172 ^ _242_/RESET_B (sky130_fd_sc_hd__dfrtp_2)
                                              1.366172   data arrival time

                      0.150000    0.000000    0.000000   clock clk (rise edge)
                                  0.000000    0.000000   clock network delay (ideal)
                                  0.250000    0.250000   clock uncertainty
                                  0.000000    0.250000   clock reconvergence pessimism
                                              0.250000 ^ _242_/CLK (sky130_fd_sc_hd__dfrtp_2)
                                  0.686122    0.936122   library removal time
                                              0.936122   data required time
---------------------------------------------------------------------------------------------
                                              0.936122   data required time
                                             -1.366172   data arrival time
---------------------------------------------------------------------------------------------
                                              0.430049   slack (MET)


Startpoint: _241_ (rising edge-triggered flip-flop clocked by clk)
Endpoint: _241_ (rising edge-triggered flip-flop clocked by clk)
Path Group: clk
Path Type: min

Fanout         Cap        Slew       Delay        Time   Description
---------------------------------------------------------------------------------------------
                      0.150000    0.000000    0.000000   clock clk (rise edge)
                                  0.000000    0.000000   clock network delay (ideal)
                      0.150000    0.000000    0.000000 ^ _241_/CLK (sky130_fd_sc_hd__dfrtp_2)
     2    0.006127    0.096299    0.741459    0.741459 ^ _241_/Q (sky130_fd_sc_hd__dfrtp_2)
                                                         psc_cnt[15] (net)
                      0.096299    0.000000    0.741459 ^ _113_/A (sky130_fd_sc_hd__inv_2)
     2    0.005904    0.038191    0.075311    0.816770 v _113_/Y (sky130_fd_sc_hd__inv_2)
                                                         _083_ (net)
                      0.038191    0.000000    0.816770 v _209_/A1 (sky130_fd_sc_hd__a21boi_2)
     1    0.001853    0.095350    0.154674    0.971444 ^ _209_/Y (sky130_fd_sc_hd__a21boi_2)
                                                         _006_ (net)
                      0.095350    0.000000    0.971444 ^ _241_/D (sky130_fd_sc_hd__dfrtp_2)
                                              0.971444   data arrival time

                      0.150000    0.000000    0.000000   clock clk (rise edge)
                                  0.000000    0.000000   clock network delay (ideal)
                                  0.250000    0.250000   clock uncertainty
                                  0.000000    0.250000   clock reconvergence pessimism
                                              0.250000 ^ _241_/CLK (sky130_fd_sc_hd__dfrtp_2)
                                 -0.069532    0.180468   library hold time
                                              0.180468   data required time
---------------------------------------------------------------------------------------------
                                              0.180468   data required time
                                             -0.971444   data arrival time
---------------------------------------------------------------------------------------------
                                              0.790975   slack (MET)


Startpoint: _242_ (rising edge-triggered flip-flop clocked by clk)
Endpoint: _242_ (rising edge-triggered flip-flop clocked by clk)
Path Group: clk
Path Type: min

Fanout         Cap        Slew       Delay        Time   Description
---------------------------------------------------------------------------------------------
                      0.150000    0.000000    0.000000   clock clk (rise edge)
                                  0.000000    0.000000   clock network delay (ideal)
                      0.150000    0.000000    0.000000 ^ _242_/CLK (sky130_fd_sc_hd__dfrtp_2)
     2    0.042503    0.343610    0.954859    0.954859 ^ _242_/Q (sky130_fd_sc_hd__dfrtp_2)
                                                         out (net)
                      0.343610    0.000000    0.954859 ^ _164_/A (sky130_fd_sc_hd__xnor2_2)
     1    0.001838    0.057251    0.205427    1.160286 v _164_/Y (sky130_fd_sc_hd__xnor2_2)
                                                         _033_ (net)
                      0.057251    0.000000    1.160286 v _242_/D (sky130_fd_sc_hd__dfrtp_2)
                                              1.160286   data arrival time

                      0.150000    0.000000    0.000000   clock clk (rise edge)
                                  0.000000    0.000000   clock network delay (ideal)
                                  0.250000    0.250000   clock uncertainty
                                  0.000000    0.250000   clock reconvergence pessimism
                                              0.250000 ^ _242_/CLK (sky130_fd_sc_hd__dfrtp_2)
                                 -0.065590    0.184410   library hold time
                                              0.184410   data required time
---------------------------------------------------------------------------------------------
                                              0.184410   data required time
                                             -1.160286   data arrival time
---------------------------------------------------------------------------------------------
                                              0.975876   slack (MET)


Startpoint: _239_ (rising edge-triggered flip-flop clocked by clk)
Endpoint: _239_ (rising edge-triggered flip-flop clocked by clk)
Path Group: clk
Path Type: min

Fanout         Cap        Slew       Delay        Time   Description
---------------------------------------------------------------------------------------------
                      0.150000    0.000000    0.000000   clock clk (rise edge)
                                  0.000000    0.000000   clock network delay (ideal)
                      0.150000    0.000000    0.000000 ^ _239_/CLK (sky130_fd_sc_hd__dfrtp_2)
     2    0.005995    0.095415    0.740555    0.740555 ^ _239_/Q (sky130_fd_sc_hd__dfrtp_2)
                                                         psc_cnt[13] (net)
                      0.095415    0.000000    0.740555 ^ _115_/A (sky130_fd_sc_hd__inv_2)
     3    0.008306    0.047014    0.082765    0.823320 v _115_/Y (sky130_fd_sc_hd__inv_2)
                                                         _085_ (net)
                      0.047014    0.000000    0.823320 v _204_/A1 (sky130_fd_sc_hd__a21oi_2)
     1    0.001460    0.089210    0.148425    0.971744 ^ _204_/Y (sky130_fd_sc_hd__a21oi_2)
                                                         _080_ (net)
                      0.089210    0.000000    0.971744 ^ _205_/B (sky130_fd_sc_hd__and2_2)
     1    0.001853    0.061272    0.257610    1.229355 ^ _205_/X (sky130_fd_sc_hd__and2_2)
                                                         _004_ (net)
                      0.061272    0.000000    1.229355 ^ _239_/D (sky130_fd_sc_hd__dfrtp_2)
                                              1.229355   data arrival time

                      0.150000    0.000000    0.000000   clock clk (rise edge)
                                  0.000000    0.000000   clock network delay (ideal)
                                  0.250000    0.250000   clock uncertainty
                                  0.000000    0.250000   clock reconvergence pessimism
                                              0.250000 ^ _239_/CLK (sky130_fd_sc_hd__dfrtp_2)
                                 -0.061788    0.188212   library hold time
                                              0.188212   data required time
---------------------------------------------------------------------------------------------
                                              0.188212   data required time
                                             -1.229355   data arrival time
---------------------------------------------------------------------------------------------
                                              1.041143   slack (MET)


Startpoint: _233_ (rising edge-triggered flip-flop clocked by clk)
Endpoint: _233_ (rising edge-triggered flip-flop clocked by clk)
Path Group: clk
Path Type: min

Fanout         Cap        Slew       Delay        Time   Description
---------------------------------------------------------------------------------------------
                      0.150000    0.000000    0.000000   clock clk (rise edge)
                                  0.000000    0.000000   clock network delay (ideal)
                      0.150000    0.000000    0.000000 ^ _233_/CLK (sky130_fd_sc_hd__dfrtp_2)
     3    0.007284    0.104056    0.749382    0.749382 ^ _233_/Q (sky130_fd_sc_hd__dfrtp_2)
                                                         psc_cnt[7] (net)
                      0.104056    0.000000    0.749382 ^ _119_/A (sky130_fd_sc_hd__inv_2)
     3    0.010817    0.057790    0.094378    0.843760 v _119_/Y (sky130_fd_sc_hd__inv_2)
                                                         _089_ (net)
                      0.057790    0.000000    0.843760 v _185_/A (sky130_fd_sc_hd__nand2_2)
     1    0.001508    0.036378    0.064598    0.908358 ^ _185_/Y (sky130_fd_sc_hd__nand2_2)
                                                         _067_ (net)
                      0.036378    0.000000    0.908358 ^ _188_/C (sky130_fd_sc_hd__and3b_2)
     1    0.001853    0.073715    0.338953    1.247311 ^ _188_/X (sky130_fd_sc_hd__and3b_2)
                                                         _013_ (net)
                      0.073715    0.000000    1.247311 ^ _233_/D (sky130_fd_sc_hd__dfrtp_2)
                                              1.247311   data arrival time

                      0.150000    0.000000    0.000000   clock clk (rise edge)
                                  0.000000    0.000000   clock network delay (ideal)
                                  0.250000    0.250000   clock uncertainty
                                  0.000000    0.250000   clock reconvergence pessimism
                                              0.250000 ^ _233_/CLK (sky130_fd_sc_hd__dfrtp_2)
                                 -0.064616    0.185384   library hold time
                                              0.185384   data required time
---------------------------------------------------------------------------------------------
                                              0.185384   data required time
                                             -1.247311   data arrival time
---------------------------------------------------------------------------------------------
                                              1.061927   slack (MET)


Startpoint: _231_ (rising edge-triggered flip-flop clocked by clk)
Endpoint: _231_ (rising edge-triggered flip-flop clocked by clk)
Path Group: clk
Path Type: min

Fanout         Cap        Slew       Delay        Time   Description
---------------------------------------------------------------------------------------------
                      0.150000    0.000000    0.000000   clock clk (rise edge)
                                  0.000000    0.000000   clock network delay (ideal)
                      0.150000    0.000000    0.000000 ^ _231_/CLK (sky130_fd_sc_hd__dfrtp_2)
     4    0.010086    0.122840    0.768570    0.768570 ^ _231_/Q (sky130_fd_sc_hd__dfrtp_2)
                                                         psc_cnt[5] (net)
                      0.122840    0.000000    0.768570 ^ _178_/B1 (sky130_fd_sc_hd__a21o_2)
     1    0.001508    0.037688    0.159840    0.928410 ^ _178_/X (sky130_fd_sc_hd__a21o_2)
                                                         _062_ (net)
                      0.037688    0.000000    0.928410 ^ _181_/C (sky130_fd_sc_hd__and3b_2)
     1    0.001853    0.074046    0.339471    1.267881 ^ _181_/X (sky130_fd_sc_hd__and3b_2)
                                                         _011_ (net)
                      0.074046    0.000000    1.267881 ^ _231_/D (sky130_fd_sc_hd__dfrtp_2)
                                              1.267881   data arrival time

                      0.150000    0.000000    0.000000   clock clk (rise edge)
                                  0.000000    0.000000   clock network delay (ideal)
                                  0.250000    0.250000   clock uncertainty
                                  0.000000    0.250000   clock reconvergence pessimism
                                              0.250000 ^ _231_/CLK (sky130_fd_sc_hd__dfrtp_2)
                                 -0.064691    0.185309   library hold time
                                              0.185309   data required time
---------------------------------------------------------------------------------------------
                                              0.185309   data required time
                                             -1.267881   data arrival time
---------------------------------------------------------------------------------------------
                                              1.082572   slack (MET)


Startpoint: _240_ (rising edge-triggered flip-flop clocked by clk)
Endpoint: _240_ (rising edge-triggered flip-flop clocked by clk)
Path Group: clk
Path Type: min

Fanout         Cap        Slew       Delay        Time   Description
---------------------------------------------------------------------------------------------
                      0.150000    0.000000    0.000000   clock clk (rise edge)
                                  0.000000    0.000000   clock network delay (ideal)
                      0.150000    0.000000    0.000000 ^ _240_/CLK (sky130_fd_sc_hd__dfrtp_2)
     4    0.009613    0.119669    0.765331    0.765331 ^ _240_/Q (sky130_fd_sc_hd__dfrtp_2)
                                                         psc_cnt[14] (net)
                      0.119669    0.000000    0.765331 ^ _206_/A (sky130_fd_sc_hd__or2_2)
     1    0.001472    0.040475    0.186913    0.952244 ^ _206_/X (sky130_fd_sc_hd__or2_2)
                                                         _081_ (net)
                      0.040475    0.000000    0.952244 ^ _208_/B (sky130_fd_sc_hd__and3_2)
     1    0.001853    0.072968    0.317592    1.269835 ^ _208_/X (sky130_fd_sc_hd__and3_2)
                                                         _005_ (net)
                      0.072968    0.000000    1.269835 ^ _240_/D (sky130_fd_sc_hd__dfrtp_2)
                                              1.269835   data arrival time

                      0.150000    0.000000    0.000000   clock clk (rise edge)
                                  0.000000    0.000000   clock network delay (ideal)
                                  0.250000    0.250000   clock uncertainty
                                  0.000000    0.250000   clock reconvergence pessimism
                                              0.250000 ^ _240_/CLK (sky130_fd_sc_hd__dfrtp_2)
                                 -0.064446    0.185554   library hold time
                                              0.185554   data required time
---------------------------------------------------------------------------------------------
                                              0.185554   data required time
                                             -1.269835   data arrival time
---------------------------------------------------------------------------------------------
                                              1.084281   slack (MET)


Startpoint: _234_ (rising edge-triggered flip-flop clocked by clk)
Endpoint: _234_ (rising edge-triggered flip-flop clocked by clk)
Path Group: clk
Path Type: min

Fanout         Cap        Slew       Delay        Time   Description
---------------------------------------------------------------------------------------------
                      0.150000    0.000000    0.000000   clock clk (rise edge)
                                  0.000000    0.000000   clock network delay (ideal)
                      0.150000    0.000000    0.000000 ^ _234_/CLK (sky130_fd_sc_hd__dfrtp_2)
     3    0.007551    0.105846    0.751211    0.751211 ^ _234_/Q (sky130_fd_sc_hd__dfrtp_2)
                                                         psc_cnt[8] (net)
                      0.105846    0.000000    0.751211 ^ _189_/A (sky130_fd_sc_hd__or2_2)
     1    0.001508    0.040735    0.180748    0.931959 ^ _189_/X (sky130_fd_sc_hd__or2_2)
                                                         _070_ (net)
                      0.040735    0.000000    0.931959 ^ _191_/C (sky130_fd_sc_hd__and3b_2)
     1    0.001853    0.074040    0.340675    1.272633 ^ _191_/X (sky130_fd_sc_hd__and3b_2)
                                                         _014_ (net)
                      0.074040    0.000000    1.272633 ^ _234_/D (sky130_fd_sc_hd__dfrtp_2)
                                              1.272633   data arrival time

                      0.150000    0.000000    0.000000   clock clk (rise edge)
                                  0.000000    0.000000   clock network delay (ideal)
                                  0.250000    0.250000   clock uncertainty
                                  0.000000    0.250000   clock reconvergence pessimism
                                              0.250000 ^ _234_/CLK (sky130_fd_sc_hd__dfrtp_2)
                                 -0.064690    0.185310   library hold time
                                              0.185310   data required time
---------------------------------------------------------------------------------------------
                                              0.185310   data required time
                                             -1.272633   data arrival time
---------------------------------------------------------------------------------------------
                                              1.087323   slack (MET)


Startpoint: _229_ (rising edge-triggered flip-flop clocked by clk)
Endpoint: _229_ (rising edge-triggered flip-flop clocked by clk)
Path Group: clk
Path Type: min

Fanout         Cap        Slew       Delay        Time   Description
---------------------------------------------------------------------------------------------
                      0.150000    0.000000    0.000000   clock clk (rise edge)
                                  0.000000    0.000000   clock network delay (ideal)
                      0.150000    0.000000    0.000000 ^ _229_/CLK (sky130_fd_sc_hd__dfrtp_2)
     4    0.008925    0.115057    0.760620    0.760620 ^ _229_/Q (sky130_fd_sc_hd__dfrtp_2)
                                                         psc_cnt[3] (net)
                      0.115057    0.000000    0.760620 ^ _172_/B1 (sky130_fd_sc_hd__a31o_2)
     1    0.001508    0.045716    0.172091    0.932711 ^ _172_/X (sky130_fd_sc_hd__a31o_2)
                                                         _058_ (net)
                      0.045716    0.000000    0.932711 ^ _174_/C (sky130_fd_sc_hd__and3b_2)
     1    0.001853    0.074031    0.342642    1.275353 ^ _174_/X (sky130_fd_sc_hd__and3b_2)
                                                         _009_ (net)
                      0.074031    0.000000    1.275353 ^ _229_/D (sky130_fd_sc_hd__dfrtp_2)
                                              1.275353   data arrival time

                      0.150000    0.000000    0.000000   clock clk (rise edge)
                                  0.000000    0.000000   clock network delay (ideal)
                                  0.250000    0.250000   clock uncertainty
                                  0.000000    0.250000   clock reconvergence pessimism
                                              0.250000 ^ _229_/CLK (sky130_fd_sc_hd__dfrtp_2)
                                 -0.064687    0.185313   library hold time
                                              0.185313   data required time
---------------------------------------------------------------------------------------------
                                              0.185313   data required time
                                             -1.275353   data arrival time
---------------------------------------------------------------------------------------------
                                              1.090041   slack (MET)


Startpoint: _237_ (rising edge-triggered flip-flop clocked by clk)
Endpoint: _237_ (rising edge-triggered flip-flop clocked by clk)
Path Group: clk
Path Type: min

Fanout         Cap        Slew       Delay        Time   Description
---------------------------------------------------------------------------------------------
                      0.150000    0.000000    0.000000   clock clk (rise edge)
                                  0.000000    0.000000   clock network delay (ideal)
                      0.150000    0.000000    0.000000 ^ _237_/CLK (sky130_fd_sc_hd__dfrtp_2)
     4    0.009813    0.121010    0.766701    0.766701 ^ _237_/Q (sky130_fd_sc_hd__dfrtp_2)
                                                         psc_cnt[11] (net)
                      0.121010    0.000000    0.766701 ^ _197_/B1 (sky130_fd_sc_hd__a31o_2)
     1    0.001508    0.045758    0.174788    0.941489 ^ _197_/X (sky130_fd_sc_hd__a31o_2)
                                                         _075_ (net)
                      0.045758    0.000000    0.941489 ^ _199_/C (sky130_fd_sc_hd__and3b_2)
     1    0.001853    0.074031    0.342659    1.284148 ^ _199_/X (sky130_fd_sc_hd__and3b_2)
                                                         _002_ (net)
                      0.074031    0.000000    1.284148 ^ _237_/D (sky130_fd_sc_hd__dfrtp_2)
                                              1.284148   data arrival time

                      0.150000    0.000000    0.000000   clock clk (rise edge)
                                  0.000000    0.000000   clock network delay (ideal)
                                  0.250000    0.250000   clock uncertainty
                                  0.000000    0.250000   clock reconvergence pessimism
                                              0.250000 ^ _237_/CLK (sky130_fd_sc_hd__dfrtp_2)
                                 -0.064687    0.185313   library hold time
                                              0.185313   data required time
---------------------------------------------------------------------------------------------
                                              0.185313   data required time
                                             -1.284148   data arrival time
---------------------------------------------------------------------------------------------
                                              1.098835   slack (MET)


Startpoint: _236_ (rising edge-triggered flip-flop clocked by clk)
Endpoint: _236_ (rising edge-triggered flip-flop clocked by clk)
Path Group: clk
Path Type: min

Fanout         Cap        Slew       Delay        Time   Description
---------------------------------------------------------------------------------------------
                      0.150000    0.000000    0.000000   clock clk (rise edge)
                                  0.000000    0.000000   clock network delay (ideal)
                      0.150000    0.000000    0.000000 ^ _236_/CLK (sky130_fd_sc_hd__dfrtp_2)
     5    0.018873    0.181797    0.828215    0.828215 ^ _236_/Q (sky130_fd_sc_hd__dfrtp_2)
                                                         psc_cnt[10] (net)
                      0.181797    0.000000    0.828215 ^ _195_/A (sky130_fd_sc_hd__xnor2_2)
     1    0.001460    0.049235    0.224605    1.052820 ^ _195_/Y (sky130_fd_sc_hd__xnor2_2)
                                                         _074_ (net)
                      0.049235    0.000000    1.052820 ^ _196_/B (sky130_fd_sc_hd__and2_2)
     1    0.001853    0.061123    0.241738    1.294558 ^ _196_/X (sky130_fd_sc_hd__and2_2)
                                                         _001_ (net)
                      0.061123    0.000000    1.294558 ^ _236_/D (sky130_fd_sc_hd__dfrtp_2)
                                              1.294558   data arrival time

                      0.150000    0.000000    0.000000   clock clk (rise edge)
                                  0.000000    0.000000   clock network delay (ideal)
                                  0.250000    0.250000   clock uncertainty
                                  0.000000    0.250000   clock reconvergence pessimism
                                              0.250000 ^ _236_/CLK (sky130_fd_sc_hd__dfrtp_2)
                                 -0.061755    0.188245   library hold time
                                              0.188245   data required time
---------------------------------------------------------------------------------------------
                                              0.188245   data required time
                                             -1.294558   data arrival time
---------------------------------------------------------------------------------------------
                                              1.106313   slack (MET)


Startpoint: _238_ (rising edge-triggered flip-flop clocked by clk)
Endpoint: _238_ (rising edge-triggered flip-flop clocked by clk)
Path Group: clk
Path Type: min

Fanout         Cap        Slew       Delay        Time   Description
---------------------------------------------------------------------------------------------
                      0.150000    0.000000    0.000000   clock clk (rise edge)
                                  0.000000    0.000000   clock network delay (ideal)
                      0.150000    0.000000    0.000000 ^ _238_/CLK (sky130_fd_sc_hd__dfrtp_2)
     4    0.012115    0.136442    0.782464    0.782464 ^ _238_/Q (sky130_fd_sc_hd__dfrtp_2)
                                                         psc_cnt[12] (net)
                      0.136442    0.000000    0.782464 ^ _200_/A (sky130_fd_sc_hd__or2_2)
     1    0.001472    0.040511    0.194781    0.977246 ^ _200_/X (sky130_fd_sc_hd__or2_2)
                                                         _077_ (net)
                      0.040511    0.000000    0.977246 ^ _202_/B (sky130_fd_sc_hd__and3_2)
     1    0.001853    0.072966    0.317606    1.294851 ^ _202_/X (sky130_fd_sc_hd__and3_2)
                                                         _003_ (net)
                      0.072966    0.000000    1.294851 ^ _238_/D (sky130_fd_sc_hd__dfrtp_2)
                                              1.294851   data arrival time

                      0.150000    0.000000    0.000000   clock clk (rise edge)
                                  0.000000    0.000000   clock network delay (ideal)
                                  0.250000    0.250000   clock uncertainty
                                  0.000000    0.250000   clock reconvergence pessimism
                                              0.250000 ^ _238_/CLK (sky130_fd_sc_hd__dfrtp_2)
                                 -0.064445    0.185555   library hold time
                                              0.185555   data required time
---------------------------------------------------------------------------------------------
                                              0.185555   data required time
                                             -1.294851   data arrival time
---------------------------------------------------------------------------------------------
                                              1.109297   slack (MET)


Startpoint: _228_ (rising edge-triggered flip-flop clocked by clk)
Endpoint: _228_ (rising edge-triggered flip-flop clocked by clk)
Path Group: clk
Path Type: min

Fanout         Cap        Slew       Delay        Time   Description
---------------------------------------------------------------------------------------------
                      0.150000    0.000000    0.000000   clock clk (rise edge)
                                  0.000000    0.000000   clock network delay (ideal)
                      0.150000    0.000000    0.000000 ^ _228_/CLK (sky130_fd_sc_hd__dfrtp_2)
     6    0.015948    0.162137    0.808712    0.808712 ^ _228_/Q (sky130_fd_sc_hd__dfrtp_2)
                                                         psc_cnt[2] (net)
                      0.162137    0.000000    0.808712 ^ _169_/B1 (sky130_fd_sc_hd__a21o_2)
     1    0.001472    0.037904    0.176796    0.985509 ^ _169_/X (sky130_fd_sc_hd__a21o_2)
                                                         _056_ (net)
                      0.037904    0.000000    0.985509 ^ _171_/B (sky130_fd_sc_hd__and3_2)
     1    0.001853    0.073064    0.316594    1.302103 ^ _171_/X (sky130_fd_sc_hd__and3_2)
                                                         _008_ (net)
                      0.073064    0.000000    1.302103 ^ _228_/D (sky130_fd_sc_hd__dfrtp_2)
                                              1.302103   data arrival time

                      0.150000    0.000000    0.000000   clock clk (rise edge)
                                  0.000000    0.000000   clock network delay (ideal)
                                  0.250000    0.250000   clock uncertainty
                                  0.000000    0.250000   clock reconvergence pessimism
                                              0.250000 ^ _228_/CLK (sky130_fd_sc_hd__dfrtp_2)
                                 -0.064468    0.185532   library hold time
                                              0.185532   data required time
---------------------------------------------------------------------------------------------
                                              0.185532   data required time
                                             -1.302103   data arrival time
---------------------------------------------------------------------------------------------
                                              1.116571   slack (MET)


Startpoint: _232_ (rising edge-triggered flip-flop clocked by clk)
Endpoint: _232_ (rising edge-triggered flip-flop clocked by clk)
Path Group: clk
Path Type: min

Fanout         Cap        Slew       Delay        Time   Description
---------------------------------------------------------------------------------------------
                      0.150000    0.000000    0.000000   clock clk (rise edge)
                                  0.000000    0.000000   clock network delay (ideal)
                      0.150000    0.000000    0.000000 ^ _232_/CLK (sky130_fd_sc_hd__dfrtp_2)
     4    0.012103    0.136361    0.782382    0.782382 ^ _232_/Q (sky130_fd_sc_hd__dfrtp_2)
                                                         psc_cnt[6] (net)
                      0.136361    0.000000    0.782382 ^ _183_/A (sky130_fd_sc_hd__or2_2)
     1    0.001516    0.040831    0.195134    0.977516 ^ _183_/X (sky130_fd_sc_hd__or2_2)
                                                         _066_ (net)
                      0.040831    0.000000    0.977516 ^ _184_/C (sky130_fd_sc_hd__and3_2)
     1    0.001853    0.073096    0.332600    1.310116 ^ _184_/X (sky130_fd_sc_hd__and3_2)
                                                         _012_ (net)
                      0.073096    0.000000    1.310116 ^ _232_/D (sky130_fd_sc_hd__dfrtp_2)
                                              1.310116   data arrival time

                      0.150000    0.000000    0.000000   clock clk (rise edge)
                                  0.000000    0.000000   clock network delay (ideal)
                                  0.250000    0.250000   clock uncertainty
                                  0.000000    0.250000   clock reconvergence pessimism
                                              0.250000 ^ _232_/CLK (sky130_fd_sc_hd__dfrtp_2)
                                 -0.064475    0.185525   library hold time
                                              0.185525   data required time
---------------------------------------------------------------------------------------------
                                              0.185525   data required time
                                             -1.310116   data arrival time
---------------------------------------------------------------------------------------------
                                              1.124591   slack (MET)


Startpoint: _226_ (rising edge-triggered flip-flop clocked by clk)
Endpoint: _226_ (rising edge-triggered flip-flop clocked by clk)
Path Group: clk
Path Type: min

Fanout         Cap        Slew       Delay        Time   Description
---------------------------------------------------------------------------------------------
                      0.150000    0.000000    0.000000   clock clk (rise edge)
                                  0.000000    0.000000   clock network delay (ideal)
                      0.150000    0.000000    0.000000 ^ _226_/CLK (sky130_fd_sc_hd__dfrtp_2)
     8    0.021230    0.197937    0.840848    0.840848 ^ _226_/Q (sky130_fd_sc_hd__dfrtp_2)
                                                         psc_cnt[0] (net)
                      0.197937    0.000000    0.840848 ^ _165_/A_N (sky130_fd_sc_hd__and2b_2)
     1    0.001838    0.063807    0.479760    1.320607 v _165_/X (sky130_fd_sc_hd__and2b_2)
                                                         _000_ (net)
                      0.063807    0.000000    1.320607 v _226_/D (sky130_fd_sc_hd__dfrtp_2)
                                              1.320607   data arrival time

                      0.150000    0.000000    0.000000   clock clk (rise edge)
                                  0.000000    0.000000   clock network delay (ideal)
                                  0.250000    0.250000   clock uncertainty
                                  0.000000    0.250000   clock reconvergence pessimism
                                              0.250000 ^ _226_/CLK (sky130_fd_sc_hd__dfrtp_2)
                                 -0.067992    0.182008   library hold time
                                              0.182008   data required time
---------------------------------------------------------------------------------------------
                                              0.182008   data required time
                                             -1.320607   data arrival time
---------------------------------------------------------------------------------------------
                                              1.138599   slack (MET)


Startpoint: _230_ (rising edge-triggered flip-flop clocked by clk)
Endpoint: _230_ (rising edge-triggered flip-flop clocked by clk)
Path Group: clk
Path Type: min

Fanout         Cap        Slew       Delay        Time   Description
---------------------------------------------------------------------------------------------
                      0.150000    0.000000    0.000000   clock clk (rise edge)
                                  0.000000    0.000000   clock network delay (ideal)
                      0.150000    0.000000    0.000000 ^ _230_/CLK (sky130_fd_sc_hd__dfrtp_2)
     6    0.017036    0.169431    0.816163    0.816163 ^ _230_/Q (sky130_fd_sc_hd__dfrtp_2)
                                                         psc_cnt[4] (net)
                      0.169431    0.000000    0.816163 ^ _176_/A (sky130_fd_sc_hd__nand2_2)
     1    0.001404    0.045520    0.099402    0.915565 v _176_/Y (sky130_fd_sc_hd__nand2_2)
                                                         _061_ (net)
                      0.045520    0.000000    0.915565 v _177_/C (sky130_fd_sc_hd__and3_2)
     1    0.001838    0.061958    0.407256    1.322820 v _177_/X (sky130_fd_sc_hd__and3_2)
                                                         _010_ (net)
                      0.061958    0.000000    1.322820 v _230_/D (sky130_fd_sc_hd__dfrtp_2)
                                              1.322820   data arrival time

                      0.150000    0.000000    0.000000   clock clk (rise edge)
                                  0.000000    0.000000   clock network delay (ideal)
                                  0.250000    0.250000   clock uncertainty
                                  0.000000    0.250000   clock reconvergence pessimism
                                              0.250000 ^ _230_/CLK (sky130_fd_sc_hd__dfrtp_2)
                                 -0.067314    0.182686   library hold time
                                              0.182686   data required time
---------------------------------------------------------------------------------------------
                                              0.182686   data required time
                                             -1.322820   data arrival time
---------------------------------------------------------------------------------------------
                                              1.140134   slack (MET)


Startpoint: _235_ (rising edge-triggered flip-flop clocked by clk)
Endpoint: _235_ (rising edge-triggered flip-flop clocked by clk)
Path Group: clk
Path Type: min

Fanout         Cap        Slew       Delay        Time   Description
---------------------------------------------------------------------------------------------
                      0.150000    0.000000    0.000000   clock clk (rise edge)
                                  0.000000    0.000000   clock network delay (ideal)
                      0.150000    0.000000    0.000000 ^ _235_/CLK (sky130_fd_sc_hd__dfrtp_2)
     5    0.017678    0.173735    0.820559    0.820559 ^ _235_/Q (sky130_fd_sc_hd__dfrtp_2)
                                                         psc_cnt[9] (net)
                      0.173735    0.000000    0.820559 ^ _193_/A (sky130_fd_sc_hd__nor2_2)
     1    0.001309    0.041889    0.098953    0.919512 v _193_/Y (sky130_fd_sc_hd__nor2_2)
                                                         _073_ (net)
                      0.041889    0.000000    0.919512 v _194_/A_N (sky130_fd_sc_hd__and3b_2)
     1    0.001853    0.073800    0.429853    1.349365 ^ _194_/X (sky130_fd_sc_hd__and3b_2)
                                                         _015_ (net)
                      0.073800    0.000000    1.349365 ^ _235_/D (sky130_fd_sc_hd__dfrtp_2)
                                              1.349365   data arrival time

                      0.150000    0.000000    0.000000   clock clk (rise edge)
                                  0.000000    0.000000   clock network delay (ideal)
                                  0.250000    0.250000   clock uncertainty
                                  0.000000    0.250000   clock reconvergence pessimism
                                              0.250000 ^ _235_/CLK (sky130_fd_sc_hd__dfrtp_2)
                                 -0.064635    0.185365   library hold time
                                              0.185365   data required time
---------------------------------------------------------------------------------------------
                                              0.185365   data required time
                                             -1.349365   data arrival time
---------------------------------------------------------------------------------------------
                                              1.164000   slack (MET)


Startpoint: _227_ (rising edge-triggered flip-flop clocked by clk)
Endpoint: _227_ (rising edge-triggered flip-flop clocked by clk)
Path Group: clk
Path Type: min

Fanout         Cap        Slew       Delay        Time   Description
---------------------------------------------------------------------------------------------
                      0.150000    0.000000    0.000000   clock clk (rise edge)
                                  0.000000    0.000000   clock network delay (ideal)
                      0.150000    0.000000    0.000000 ^ _227_/CLK (sky130_fd_sc_hd__dfrtp_2)
     8    0.022035    0.203450    0.845162    0.845162 ^ _227_/Q (sky130_fd_sc_hd__dfrtp_2)
                                                         psc_cnt[1] (net)
                      0.203450    0.000000    0.845162 ^ _167_/A (sky130_fd_sc_hd__nand2_2)
     1    0.001404    0.047202    0.110022    0.955184 v _167_/Y (sky130_fd_sc_hd__nand2_2)
                                                         _055_ (net)
                      0.047202    0.000000    0.955184 v _168_/C (sky130_fd_sc_hd__and3_2)
     1    0.001838    0.061958    0.408034    1.363218 v _168_/X (sky130_fd_sc_hd__and3_2)
                                                         _007_ (net)
                      0.061958    0.000000    1.363218 v _227_/D (sky130_fd_sc_hd__dfrtp_2)
                                              1.363218   data arrival time

                      0.150000    0.000000    0.000000   clock clk (rise edge)
                                  0.000000    0.000000   clock network delay (ideal)
                                  0.250000    0.250000   clock uncertainty
                                  0.000000    0.250000   clock reconvergence pessimism
                                              0.250000 ^ _227_/CLK (sky130_fd_sc_hd__dfrtp_2)
                                 -0.067314    0.182686   library hold time
                                              0.182686   data required time
---------------------------------------------------------------------------------------------
                                              0.182686   data required time
                                             -1.363218   data arrival time
---------------------------------------------------------------------------------------------
                                              1.180533   slack (MET)


Startpoint: _242_ (rising edge-triggered flip-flop clocked by clk)
Endpoint: out (output port clocked by clk)
Path Group: clk
Path Type: min

Fanout         Cap        Slew       Delay        Time   Description
---------------------------------------------------------------------------------------------
                      0.150000    0.000000    0.000000   clock clk (rise edge)
                                  0.000000    0.000000   clock network delay (ideal)
                      0.150000    0.000000    0.000000 ^ _242_/CLK (sky130_fd_sc_hd__dfrtp_2)
     2    0.042503    0.343610    0.954859    0.954859 ^ _242_/Q (sky130_fd_sc_hd__dfrtp_2)
                                                         out (net)
                      0.343610    0.000000    0.954859 ^ out (out)
                                              0.954859   data arrival time

                      0.150000    0.000000    0.000000   clock clk (rise edge)
                                  0.000000    0.000000   clock network delay (ideal)
                                  0.250000    0.250000   clock uncertainty
                                  0.000000    0.250000   clock reconvergence pessimism
                                 -1.000000   -0.750000   output external delay
                                             -0.750000   data required time
---------------------------------------------------------------------------------------------
                                             -0.750000   data required time
                                             -0.954859   data arrival time
---------------------------------------------------------------------------------------------
                                              1.704859   slack (MET)



