[WARNING ORD-0039] .openroad ignored with -python
                                Cells by Master                                 
┏━━━━━━━━━━━━━━━━━━━━━━━━━━━━━━━━━━━━━━━━━━━━━━━━━━━━━━━━━━━━━━━━┳━━━━━━━━━━━━━┓
┃ Cell                                                           ┃ Count       ┃
┡━━━━━━━━━━━━━━━━━━━━━━━━━━━━━━━━━━━━━━━━━━━━━━━━━━━━━━━━━━━━━━━━╇━━━━━━━━━━━━━┩
│ sky130_ef_sc_hd__decap_12                                      │ 109         │
│ sky130_fd_sc_hd__a2111o_1                                      │ 2           │
│ sky130_fd_sc_hd__a211o_1                                       │ 2           │
│ sky130_fd_sc_hd__a21bo_1                                       │ 2           │
│ sky130_fd_sc_hd__a21o_1                                        │ 15          │
│ sky130_fd_sc_hd__a21oi_1                                       │ 9           │
│ sky130_fd_sc_hd__a221o_1                                       │ 4           │
│ sky130_fd_sc_hd__a22o_1                                        │ 14          │
│ sky130_fd_sc_hd__a22oi_1                                       │ 1           │
│ sky130_fd_sc_hd__a2bb2o_1                                      │ 2           │
│ sky130_fd_sc_hd__a2bb2o_4                                      │ 1           │
│ sky130_fd_sc_hd__a31o_1                                        │ 7           │
│ sky130_fd_sc_hd__a31oi_1                                       │ 1           │
│ sky130_fd_sc_hd__a31oi_4                                       │ 1           │
│ sky130_fd_sc_hd__and2_1                                        │ 21          │
│ sky130_fd_sc_hd__and2_4                                        │ 1           │
│ sky130_fd_sc_hd__and2b_1                                       │ 5           │
│ sky130_fd_sc_hd__and3_1                                        │ 24          │
│ sky130_fd_sc_hd__and3b_1                                       │ 25          │
│ sky130_fd_sc_hd__and4_1                                        │ 10          │
│ sky130_fd_sc_hd__and4b_1                                       │ 2           │
│ sky130_fd_sc_hd__and4bb_1                                      │ 1           │
│ sky130_fd_sc_hd__buf_1                                         │ 20          │
│ sky130_fd_sc_hd__buf_2                                         │ 3           │
│ sky130_fd_sc_hd__buf_4                                         │ 2           │
│ sky130_fd_sc_hd__buf_6                                         │ 7           │
│ sky130_fd_sc_hd__bufinv_16                                     │ 1           │
│ sky130_fd_sc_hd__clkbuf_1                                      │ 3           │
│ sky130_fd_sc_hd__clkbuf_16                                     │ 5           │
│ sky130_fd_sc_hd__clkbuf_2                                      │ 5           │
│ sky130_fd_sc_hd__clkbuf_4                                      │ 2           │
│ sky130_fd_sc_hd__clkbuf_8                                      │ 1           │
│ sky130_fd_sc_hd__decap_3                                       │ 108         │
│ sky130_fd_sc_hd__decap_4                                       │ 42          │
│ sky130_fd_sc_hd__decap_6                                       │ 33          │
│ sky130_fd_sc_hd__decap_8                                       │ 69          │
│ sky130_fd_sc_hd__dfrtp_1                                       │ 15          │
│ sky130_fd_sc_hd__dfrtp_2                                       │ 15          │
│ sky130_fd_sc_hd__dfrtp_4                                       │ 3           │
│ sky130_fd_sc_hd__dlygate4sd1_1                                 │ 4           │
│ sky130_fd_sc_hd__dlymetal6s2s_1                                │ 8           │
│ sky130_fd_sc_hd__fill_1                                        │ 137         │
│ sky130_fd_sc_hd__fill_2                                        │ 51          │
│ sky130_fd_sc_hd__inv_2                                         │ 66          │
│ sky130_fd_sc_hd__nand2_1                                       │ 21          │
│ sky130_fd_sc_hd__nand2b_1                                      │ 6           │
│ sky130_fd_sc_hd__nand4_2                                       │ 1           │
│ sky130_fd_sc_hd__nor2_1                                        │ 17          │
│ sky130_fd_sc_hd__nor3_1                                        │ 1           │
│ sky130_fd_sc_hd__nor4_4                                        │ 2           │
│ sky130_fd_sc_hd__o211a_1                                       │ 2           │
│ sky130_fd_sc_hd__o211a_4                                       │ 1           │
│ sky130_fd_sc_hd__o211ai_1                                      │ 2           │
│ sky130_fd_sc_hd__o21a_1                                        │ 5           │
│ sky130_fd_sc_hd__o21ai_1                                       │ 6           │
│ sky130_fd_sc_hd__o21ba_1                                       │ 1           │
│ sky130_fd_sc_hd__o21bai_1                                      │ 1           │
│ sky130_fd_sc_hd__o221a_1                                       │ 10          │
│ sky130_fd_sc_hd__o22a_1                                        │ 9           │
│ sky130_fd_sc_hd__o22ai_1                                       │ 1           │
│ sky130_fd_sc_hd__o2bb2a_1                                      │ 3           │
│ sky130_fd_sc_hd__o31a_1                                        │ 3           │
│ sky130_fd_sc_hd__o31ai_4                                       │ 1           │
│ sky130_fd_sc_hd__o32a_1                                        │ 2           │
│ sky130_fd_sc_hd__o41a_1                                        │ 1           │
│ sky130_fd_sc_hd__or2_1                                         │ 32          │
│ sky130_fd_sc_hd__or3_1                                         │ 7           │
│ sky130_fd_sc_hd__or3_4                                         │ 2           │
│ sky130_fd_sc_hd__or3b_1                                        │ 4           │
│ sky130_fd_sc_hd__or4_1                                         │ 2           │
│ sky130_fd_sc_hd__or4_2                                         │ 1           │
│ sky130_fd_sc_hd__or4_4                                         │ 10          │
│ sky130_fd_sc_hd__or4b_1                                        │ 1           │
│ sky130_fd_sc_hd__or4b_4                                        │ 2           │
│ sky130_fd_sc_hd__or4bb_1                                       │ 1           │
│ sky130_fd_sc_hd__tapvpwrvgnd_1                                 │ 102         │
│ sky130_fd_sc_hd__xnor2_1                                       │ 9           │
│ sky130_fd_sc_hd__xnor2_2                                       │ 1           │
│ sky130_fd_sc_hd__xor2_1                                        │ 2           │
└────────────────────────────────────────────────────────────────┴─────────────┘
                               Cells by Function                                
┏━━━━━━━━━━━━━━━━━━━━━━━━━━━━━━━━━━━━━━━━━━━━━━━━━━━━━━━━━━━━━━━┳━━━━━━━━━━━━━━┓
┃ Cell Function                                                 ┃ Count        ┃
┡━━━━━━━━━━━━━━━━━━━━━━━━━━━━━━━━━━━━━━━━━━━━━━━━━━━━━━━━━━━━━━━╇━━━━━━━━━━━━━━┩
│ sky130_ef_sc_hd__decap                                        │ 109          │
│ sky130_fd_sc_hd__a2111o                                       │ 2            │
│ sky130_fd_sc_hd__a211o                                        │ 2            │
│ sky130_fd_sc_hd__a21bo                                        │ 2            │
│ sky130_fd_sc_hd__a21o                                         │ 15           │
│ sky130_fd_sc_hd__a21oi                                        │ 9            │
│ sky130_fd_sc_hd__a221o                                        │ 4            │
│ sky130_fd_sc_hd__a22o                                         │ 14           │
│ sky130_fd_sc_hd__a22oi                                        │ 1            │
│ sky130_fd_sc_hd__a2bb2o                                       │ 3            │
│ sky130_fd_sc_hd__a31o                                         │ 7            │
│ sky130_fd_sc_hd__a31oi                                        │ 2            │
│ sky130_fd_sc_hd__and2                                         │ 22           │
│ sky130_fd_sc_hd__and2b                                        │ 5            │
│ sky130_fd_sc_hd__and3                                         │ 24           │
│ sky130_fd_sc_hd__and3b                                        │ 25           │
│ sky130_fd_sc_hd__and4                                         │ 10           │
│ sky130_fd_sc_hd__and4b                                        │ 2            │
│ sky130_fd_sc_hd__and4bb                                       │ 1            │
│ sky130_fd_sc_hd__buf                                          │ 32           │
│ sky130_fd_sc_hd__bufinv                                       │ 1            │
│ sky130_fd_sc_hd__clkbuf                                       │ 16           │
│ sky130_fd_sc_hd__decap                                        │ 252          │
│ sky130_fd_sc_hd__dfrtp                                        │ 33           │
│ sky130_fd_sc_hd__dlygate4sd1                                  │ 4            │
│ sky130_fd_sc_hd__dlymetal6s2s                                 │ 8            │
│ sky130_fd_sc_hd__fill                                         │ 188          │
│ sky130_fd_sc_hd__inv                                          │ 66           │
│ sky130_fd_sc_hd__nand2                                        │ 21           │
│ sky130_fd_sc_hd__nand2b                                       │ 6            │
│ sky130_fd_sc_hd__nand4                                        │ 1            │
│ sky130_fd_sc_hd__nor2                                         │ 17           │
│ sky130_fd_sc_hd__nor3                                         │ 1            │
│ sky130_fd_sc_hd__nor4                                         │ 2            │
│ sky130_fd_sc_hd__o211a                                        │ 3            │
│ sky130_fd_sc_hd__o211ai                                       │ 2            │
│ sky130_fd_sc_hd__o21a                                         │ 5            │
│ sky130_fd_sc_hd__o21ai                                        │ 6            │
│ sky130_fd_sc_hd__o21ba                                        │ 1            │
│ sky130_fd_sc_hd__o21bai                                       │ 1            │
│ sky130_fd_sc_hd__o221a                                        │ 10           │
│ sky130_fd_sc_hd__o22a                                         │ 9            │
│ sky130_fd_sc_hd__o22ai                                        │ 1            │
│ sky130_fd_sc_hd__o2bb2a                                       │ 3            │
│ sky130_fd_sc_hd__o31a                                         │ 3            │
│ sky130_fd_sc_hd__o31ai                                        │ 1            │
│ sky130_fd_sc_hd__o32a                                         │ 2            │
│ sky130_fd_sc_hd__o41a                                         │ 1            │
│ sky130_fd_sc_hd__or2                                          │ 32           │
│ sky130_fd_sc_hd__or3                                          │ 9            │
│ sky130_fd_sc_hd__or3b                                         │ 4            │
│ sky130_fd_sc_hd__or4                                          │ 13           │
│ sky130_fd_sc_hd__or4b                                         │ 3            │
│ sky130_fd_sc_hd__or4bb                                        │ 1            │
│ sky130_fd_sc_hd__tapvpwrvgnd                                  │ 102          │
│ sky130_fd_sc_hd__xnor2                                        │ 10           │
│ sky130_fd_sc_hd__xor2                                         │ 2            │
└───────────────────────────────────────────────────────────────┴──────────────┘
                                  Cells by SCL                                  
┏━━━━━━━━━━━━━━━━━━━━━━━━━━━━━━━━━━━━━━━━━━━━━━━━━━━━━━━┳━━━━━━━━━━━━━━━━━━━━━━┓
┃ SCL                                                   ┃ Count                ┃
┡━━━━━━━━━━━━━━━━━━━━━━━━━━━━━━━━━━━━━━━━━━━━━━━━━━━━━━━╇━━━━━━━━━━━━━━━━━━━━━━┩
│ sky130_ef_sc_hd                                       │ 109                  │
│ sky130_fd_sc_hd                                       │ 1022                 │
└───────────────────────────────────────────────────────┴──────────────────────┘
                             Buffers by Cell Master                             
┏━━━━━━━━━━━━━━━━━━━━━━━━━━━━━━━━━━━━━━━━━━━━━━━━━━━━━━━━━━━━━━━━┳━━━━━━━━━━━━━┓
┃ Buffer                                                         ┃ Count       ┃
┡━━━━━━━━━━━━━━━━━━━━━━━━━━━━━━━━━━━━━━━━━━━━━━━━━━━━━━━━━━━━━━━━╇━━━━━━━━━━━━━┩
│ sky130_fd_sc_hd__buf_1                                         │ 20          │
│ sky130_fd_sc_hd__buf_2                                         │ 3           │
│ sky130_fd_sc_hd__buf_4                                         │ 2           │
│ sky130_fd_sc_hd__buf_6                                         │ 7           │
│ sky130_fd_sc_hd__clkbuf_1                                      │ 3           │
│ sky130_fd_sc_hd__clkbuf_16                                     │ 5           │
│ sky130_fd_sc_hd__clkbuf_2                                      │ 5           │
│ sky130_fd_sc_hd__clkbuf_4                                      │ 2           │
│ sky130_fd_sc_hd__clkbuf_8                                      │ 1           │
│ sky130_fd_sc_hd__dlygate4sd1_1                                 │ 4           │
│ sky130_fd_sc_hd__dlymetal6s2s_1                                │ 8           │
└────────────────────────────────────────────────────────────────┴─────────────┘
