[WARNING ORD-0039] .openroad ignored with -python
                                Cells by Master                                 
┏━━━━━━━━━━━━━━━━━━━━━━━━━━━━━━━━━━━━━━━━━━━━━━━━━━━━━━━━━━━━━━━━┳━━━━━━━━━━━━━┓
┃ Cell                                                           ┃ Count       ┃
┡━━━━━━━━━━━━━━━━━━━━━━━━━━━━━━━━━━━━━━━━━━━━━━━━━━━━━━━━━━━━━━━━╇━━━━━━━━━━━━━┩
│ sky130_ef_sc_hd__decap_12                                      │ 66          │
│ sky130_fd_sc_hd__a211o_1                                       │ 1           │
│ sky130_fd_sc_hd__a21boi_1                                      │ 1           │
│ sky130_fd_sc_hd__a21o_1                                        │ 7           │
│ sky130_fd_sc_hd__a21oi_4                                       │ 1           │
│ sky130_fd_sc_hd__a221o_1                                       │ 1           │
│ sky130_fd_sc_hd__a221oi_1                                      │ 1           │
│ sky130_fd_sc_hd__a22o_1                                        │ 3           │
│ sky130_fd_sc_hd__a2bb2o_1                                      │ 1           │
│ sky130_fd_sc_hd__a31o_1                                        │ 2           │
│ sky130_fd_sc_hd__a32o_1                                        │ 6           │
│ sky130_fd_sc_hd__and2_1                                        │ 2           │
│ sky130_fd_sc_hd__and2b_1                                       │ 3           │
│ sky130_fd_sc_hd__and3_1                                        │ 2           │
│ sky130_fd_sc_hd__and3b_1                                       │ 1           │
│ sky130_fd_sc_hd__and4_1                                        │ 6           │
│ sky130_fd_sc_hd__and4b_1                                       │ 1           │
│ sky130_fd_sc_hd__buf_1                                         │ 7           │
│ sky130_fd_sc_hd__buf_2                                         │ 14          │
│ sky130_fd_sc_hd__buf_6                                         │ 2           │
│ sky130_fd_sc_hd__buf_8                                         │ 2           │
│ sky130_fd_sc_hd__clkbuf_1                                      │ 4           │
│ sky130_fd_sc_hd__clkbuf_2                                      │ 3           │
│ sky130_fd_sc_hd__clkbuf_4                                      │ 3           │
│ sky130_fd_sc_hd__decap_3                                       │ 72          │
│ sky130_fd_sc_hd__decap_4                                       │ 17          │
│ sky130_fd_sc_hd__decap_6                                       │ 12          │
│ sky130_fd_sc_hd__decap_8                                       │ 36          │
│ sky130_fd_sc_hd__dfrtp_1                                       │ 11          │
│ sky130_fd_sc_hd__dfrtp_2                                       │ 3           │
│ sky130_fd_sc_hd__dfrtp_4                                       │ 8           │
│ sky130_fd_sc_hd__dfstp_1                                       │ 2           │
│ sky130_fd_sc_hd__dlxtp_1                                       │ 1           │
│ sky130_fd_sc_hd__dlygate4sd1_1                                 │ 2           │
│ sky130_fd_sc_hd__dlymetal6s4s_1                                │ 1           │
│ sky130_fd_sc_hd__fill_1                                        │ 44          │
│ sky130_fd_sc_hd__fill_2                                        │ 26          │
│ sky130_fd_sc_hd__inv_2                                         │ 8           │
│ sky130_fd_sc_hd__mux2_1                                        │ 12          │
│ sky130_fd_sc_hd__nand2_1                                       │ 18          │
│ sky130_fd_sc_hd__nand2b_1                                      │ 1           │
│ sky130_fd_sc_hd__nand2b_2                                      │ 1           │
│ sky130_fd_sc_hd__nand3_1                                       │ 2           │
│ sky130_fd_sc_hd__nor2_1                                        │ 4           │
│ sky130_fd_sc_hd__nor2_2                                        │ 3           │
│ sky130_fd_sc_hd__nor4_4                                        │ 1           │
│ sky130_fd_sc_hd__o2111a_1                                      │ 2           │
│ sky130_fd_sc_hd__o211a_1                                       │ 2           │
│ sky130_fd_sc_hd__o21a_1                                        │ 1           │
│ sky130_fd_sc_hd__o21ai_1                                       │ 3           │
│ sky130_fd_sc_hd__o21ba_1                                       │ 1           │
│ sky130_fd_sc_hd__o31ai_1                                       │ 1           │
│ sky130_fd_sc_hd__o41a_1                                        │ 1           │
│ sky130_fd_sc_hd__or2_1                                         │ 7           │
│ sky130_fd_sc_hd__or2_4                                         │ 3           │
│ sky130_fd_sc_hd__or3_1                                         │ 4           │
│ sky130_fd_sc_hd__or4_1                                         │ 4           │
│ sky130_fd_sc_hd__or4_2                                         │ 1           │
│ sky130_fd_sc_hd__or4_4                                         │ 2           │
│ sky130_fd_sc_hd__tapvpwrvgnd_1                                 │ 50          │
│ sky130_fd_sc_hd__xnor2_1                                       │ 10          │
│ sky130_fd_sc_hd__xnor2_2                                       │ 1           │
│ sky130_fd_sc_hd__xor2_1                                        │ 12          │
└────────────────────────────────────────────────────────────────┴─────────────┘
                               Cells by Function                                
┏━━━━━━━━━━━━━━━━━━━━━━━━━━━━━━━━━━━━━━━━━━━━━━━━━━━━━━━━━━━━━━━┳━━━━━━━━━━━━━━┓
┃ Cell Function                                                 ┃ Count        ┃
┡━━━━━━━━━━━━━━━━━━━━━━━━━━━━━━━━━━━━━━━━━━━━━━━━━━━━━━━━━━━━━━━╇━━━━━━━━━━━━━━┩
│ sky130_ef_sc_hd__decap                                        │ 66           │
│ sky130_fd_sc_hd__a211o                                        │ 1            │
│ sky130_fd_sc_hd__a21boi                                       │ 1            │
│ sky130_fd_sc_hd__a21o                                         │ 7            │
│ sky130_fd_sc_hd__a21oi                                        │ 1            │
│ sky130_fd_sc_hd__a221o                                        │ 1            │
│ sky130_fd_sc_hd__a221oi                                       │ 1            │
│ sky130_fd_sc_hd__a22o                                         │ 3            │
│ sky130_fd_sc_hd__a2bb2o                                       │ 1            │
│ sky130_fd_sc_hd__a31o                                         │ 2            │
│ sky130_fd_sc_hd__a32o                                         │ 6            │
│ sky130_fd_sc_hd__and2                                         │ 2            │
│ sky130_fd_sc_hd__and2b                                        │ 3            │
│ sky130_fd_sc_hd__and3                                         │ 2            │
│ sky130_fd_sc_hd__and3b                                        │ 1            │
│ sky130_fd_sc_hd__and4                                         │ 6            │
│ sky130_fd_sc_hd__and4b                                        │ 1            │
│ sky130_fd_sc_hd__buf                                          │ 25           │
│ sky130_fd_sc_hd__clkbuf                                       │ 10           │
│ sky130_fd_sc_hd__decap                                        │ 137          │
│ sky130_fd_sc_hd__dfrtp                                        │ 22           │
│ sky130_fd_sc_hd__dfstp                                        │ 2            │
│ sky130_fd_sc_hd__dlxtp                                        │ 1            │
│ sky130_fd_sc_hd__dlygate4sd1                                  │ 2            │
│ sky130_fd_sc_hd__dlymetal6s4s                                 │ 1            │
│ sky130_fd_sc_hd__fill                                         │ 70           │
│ sky130_fd_sc_hd__inv                                          │ 8            │
│ sky130_fd_sc_hd__mux2                                         │ 12           │
│ sky130_fd_sc_hd__nand2                                        │ 18           │
│ sky130_fd_sc_hd__nand2b                                       │ 2            │
│ sky130_fd_sc_hd__nand3                                        │ 2            │
│ sky130_fd_sc_hd__nor2                                         │ 7            │
│ sky130_fd_sc_hd__nor4                                         │ 1            │
│ sky130_fd_sc_hd__o2111a                                       │ 2            │
│ sky130_fd_sc_hd__o211a                                        │ 2            │
│ sky130_fd_sc_hd__o21a                                         │ 1            │
│ sky130_fd_sc_hd__o21ai                                        │ 3            │
│ sky130_fd_sc_hd__o21ba                                        │ 1            │
│ sky130_fd_sc_hd__o31ai                                        │ 1            │
│ sky130_fd_sc_hd__o41a                                         │ 1            │
│ sky130_fd_sc_hd__or2                                          │ 10           │
│ sky130_fd_sc_hd__or3                                          │ 4            │
│ sky130_fd_sc_hd__or4                                          │ 7            │
│ sky130_fd_sc_hd__tapvpwrvgnd                                  │ 50           │
│ sky130_fd_sc_hd__xnor2                                        │ 11           │
│ sky130_fd_sc_hd__xor2                                         │ 12           │
└───────────────────────────────────────────────────────────────┴──────────────┘
                                  Cells by SCL                                  
┏━━━━━━━━━━━━━━━━━━━━━━━━━━━━━━━━━━━━━━━━━━━━━━━━━━━━━━━┳━━━━━━━━━━━━━━━━━━━━━━┓
┃ SCL                                                   ┃ Count                ┃
┡━━━━━━━━━━━━━━━━━━━━━━━━━━━━━━━━━━━━━━━━━━━━━━━━━━━━━━━╇━━━━━━━━━━━━━━━━━━━━━━┩
│ sky130_ef_sc_hd                                       │ 66                   │
│ sky130_fd_sc_hd                                       │ 464                  │
└───────────────────────────────────────────────────────┴──────────────────────┘
                             Buffers by Cell Master                             
┏━━━━━━━━━━━━━━━━━━━━━━━━━━━━━━━━━━━━━━━━━━━━━━━━━━━━━━━━━━━━━━━━┳━━━━━━━━━━━━━┓
┃ Buffer                                                         ┃ Count       ┃
┡━━━━━━━━━━━━━━━━━━━━━━━━━━━━━━━━━━━━━━━━━━━━━━━━━━━━━━━━━━━━━━━━╇━━━━━━━━━━━━━┩
│ sky130_fd_sc_hd__buf_1                                         │ 7           │
│ sky130_fd_sc_hd__buf_2                                         │ 14          │
│ sky130_fd_sc_hd__buf_6                                         │ 2           │
│ sky130_fd_sc_hd__buf_8                                         │ 2           │
│ sky130_fd_sc_hd__clkbuf_1                                      │ 4           │
│ sky130_fd_sc_hd__clkbuf_2                                      │ 3           │
│ sky130_fd_sc_hd__clkbuf_4                                      │ 3           │
│ sky130_fd_sc_hd__dlygate4sd1_1                                 │ 2           │
│ sky130_fd_sc_hd__dlymetal6s4s_1                                │ 1           │
└────────────────────────────────────────────────────────────────┴─────────────┘
