Reading OpenROAD database at '/home/nakanomiku/DigitalDesign/clk_int_div/runs/RUN_2024-11-01_17-08-01/20-openroad-generatepdn/clk_int_div.odb'…
Reading library file at '/home/nakanomiku/.volare/volare/sky130/versions/0fe599b2afb6708d281543108caf8310912f54af/sky130A/libs.ref/sky130_fd_sc_hd/lib/sky130_fd_sc_hd__tt_025C_1v80.lib'…
Reading design constraints file at '/nix/store/mr1ix0gwjfwmikfqyrq536nwhj83f0zp-python3-3.11.9-env/lib/python3.11/site-packages/openlane/scripts/base.sdc'…
[WARNING STA-0366] port 'clk' not found.
[INFO] Using clock clk…
[INFO] Setting output delay to: 1
[INFO] Setting input delay to: 1
[WARNING STA-0366] port 'clk' not found.
[INFO] Setting load to: 0.033442
[INFO] Setting clock uncertainty to: 0.25
[INFO] Setting clock transition to: 0.1499999999999999944488848768742172978818416595458984375
[WARNING STA-0419] transition time can not be specified for virtual clocks.
[INFO] Setting timing derate to: 5%
[WARNING STA-0450] virtual clock clk can not be propagated.
[INFO GPL-0002] DBU: 1000
[INFO GPL-0003] SiteSize: (  0.460  2.720 ) um
[INFO GPL-0004] CoreBBox: (  5.520 10.880 ) ( 69.000 73.440 ) um
[INFO GPL-0006] NumInstances:               265
[INFO GPL-0007] NumPlaceInstances:          169
[INFO GPL-0008] NumFixedInstances:           96
[INFO GPL-0009] NumDummyInstances:            0
[INFO GPL-0010] NumNets:                    182
[INFO GPL-0011] NumPins:                    641
[INFO GPL-0012] DieBBox:  (  0.000  0.000 ) ( 74.945 85.665 ) um
[INFO GPL-0013] CoreBBox: (  5.520 10.880 ) ( 69.000 73.440 ) um
[INFO GPL-0016] CoreArea:              3971.309 um^2
[INFO GPL-0017] NonPlaceInstsArea:      235.226 um^2
[INFO GPL-0018] PlaceInstsArea:        2041.958 um^2
[INFO GPL-0019] Util:                    54.655 %
[INFO GPL-0020] StdInstsArea:          2041.958 um^2
[INFO GPL-0021] MacroInstsArea:           0.000 um^2
[INFO GPL-0031] FillerInit:NumGCells:       195
[INFO GPL-0032] FillerInit:NumGNets:        182
[INFO GPL-0033] FillerInit:NumGPins:        641
[INFO GPL-0023] TargetDensity:            0.630
[INFO GPL-0024] AvrgPlaceInstArea:       12.083 um^2
[INFO GPL-0025] IdealBinArea:            19.181 um^2
[INFO GPL-0026] IdealBinCnt:                207
[INFO GPL-0027] TotalBinArea:          3971.309 um^2
[INFO GPL-0028] BinCnt:         8      8
[INFO GPL-0029] BinSize: (  7.935  7.820 )
[INFO GPL-0030] NumBins: 64
[NesterovSolve] Iter:    1 overflow: 0.925 HPWL: 484510
[NesterovSolve] Iter:   10 overflow: 0.925 HPWL: 351529
[NesterovSolve] Iter:   20 overflow: 0.925 HPWL: 351209
[NesterovSolve] Iter:   30 overflow: 0.925 HPWL: 351148
[NesterovSolve] Iter:   40 overflow: 0.925 HPWL: 351165
[NesterovSolve] Iter:   50 overflow: 0.925 HPWL: 351155
[NesterovSolve] Iter:   60 overflow: 0.925 HPWL: 351028
[NesterovSolve] Iter:   70 overflow: 0.925 HPWL: 350950
[NesterovSolve] Iter:   80 overflow: 0.925 HPWL: 350868
[NesterovSolve] Iter:   90 overflow: 0.925 HPWL: 350676
[NesterovSolve] Iter:  100 overflow: 0.925 HPWL: 350634
[NesterovSolve] Iter:  110 overflow: 0.925 HPWL: 351161
[NesterovSolve] Iter:  120 overflow: 0.925 HPWL: 351421
[NesterovSolve] Iter:  130 overflow: 0.924 HPWL: 352776
[NesterovSolve] Iter:  140 overflow: 0.916 HPWL: 359797
[NesterovSolve] Iter:  150 overflow: 0.871 HPWL: 409760
[NesterovSolve] Iter:  160 overflow: 0.842 HPWL: 506312
[NesterovSolve] Iter:  170 overflow: 0.799 HPWL: 677052
[NesterovSolve] Iter:  180 overflow: 0.748 HPWL: 774724
[NesterovSolve] Iter:  190 overflow: 0.679 HPWL: 948126
[NesterovSolve] Iter:  200 overflow: 0.646 HPWL: 1040210
[NesterovSolve] Iter:  210 overflow: 0.605 HPWL: 1173535
[NesterovSolve] Iter:  220 overflow: 0.550 HPWL: 1301397
[NesterovSolve] Iter:  230 overflow: 0.506 HPWL: 1470692
[NesterovSolve] Iter:  240 overflow: 0.457 HPWL: 1592526
[NesterovSolve] Iter:  250 overflow: 0.402 HPWL: 1700497
[NesterovSolve] Iter:  260 overflow: 0.352 HPWL: 1802832
[NesterovSolve] Iter:  270 overflow: 0.307 HPWL: 1890308
[NesterovSolve] Iter:  280 overflow: 0.273 HPWL: 1923429
[NesterovSolve] Iter:  290 overflow: 0.242 HPWL: 1980579
[NesterovSolve] Iter:  300 overflow: 0.206 HPWL: 2007914
[NesterovSolve] Iter:  310 overflow: 0.165 HPWL: 2048570
[NesterovSolve] Iter:  320 overflow: 0.130 HPWL: 2078263
[NesterovSolve] Iter:  330 overflow: 0.105 HPWL: 2106968
[NesterovSolve] Finished with Overflow: 0.098898
[INFO] Setting RC values…
Setting global connections for newly added cells…
[INFO] Setting global connections...
Updating metrics…
Cell type report:                       Count       Area
  Fill cell                                46     172.67
  Tap cell                                 50      62.56
  Inverter                                  8      30.03
  Sequential cell                          25     645.62
  Multi-Input combinational cell          136    1366.31
  Total                                   265    2277.18
Writing OpenROAD database to '/home/nakanomiku/DigitalDesign/clk_int_div/runs/RUN_2024-11-01_17-08-01/23-openroad-globalplacementskipio/clk_int_div.odb'…
Writing netlist to '/home/nakanomiku/DigitalDesign/clk_int_div/runs/RUN_2024-11-01_17-08-01/23-openroad-globalplacementskipio/clk_int_div.nl.v'…
Writing powered netlist to '/home/nakanomiku/DigitalDesign/clk_int_div/runs/RUN_2024-11-01_17-08-01/23-openroad-globalplacementskipio/clk_int_div.pnl.v'…
Writing layout to '/home/nakanomiku/DigitalDesign/clk_int_div/runs/RUN_2024-11-01_17-08-01/23-openroad-globalplacementskipio/clk_int_div.def'…
Writing timing constraints to '/home/nakanomiku/DigitalDesign/clk_int_div/runs/RUN_2024-11-01_17-08-01/23-openroad-globalplacementskipio/clk_int_div.sdc'…
