Reading OpenROAD database at '/home/nakanomiku/DigitalDesign/freq_psc/runs/RUN_2024-10-28_14-46-53/24-openroad-ioplacement/freq_psc.odb'…
Reading library file at '/home/nakanomiku/.volare/volare/sky130/versions/0fe599b2afb6708d281543108caf8310912f54af/sky130A/libs.ref/sky130_fd_sc_hd/lib/sky130_fd_sc_hd__tt_025C_1v80.lib'…
Reading design constraints file at '/nix/store/mr1ix0gwjfwmikfqyrq536nwhj83f0zp-python3-3.11.9-env/lib/python3.11/site-packages/openlane/scripts/base.sdc'…
[INFO] Using clock clk…
[INFO] Setting output delay to: 1
[INFO] Setting input delay to: 1
[INFO] Setting load to: 0.033442
[INFO] Setting clock uncertainty to: 0.25
[INFO] Setting clock transition to: 0.1499999999999999944488848768742172978818416595458984375
[INFO] Setting timing derate to: 5%
[INFO] Setting RC values…
[INFO] Setting signal min routing layer to: met1 and clock min routing layer to met1. 
[INFO] Setting signal max routing layer to: met5 and clock max routing layer to met5. 
[INFO GPL-0002] DBU: 1000
[INFO GPL-0003] SiteSize: (  0.460  2.720 ) um
[INFO GPL-0004] CoreBBox: (  5.520 10.880 ) ( 94.300 97.920 ) um
[INFO GPL-0006] NumInstances:               585
[INFO GPL-0007] NumPlaceInstances:          419
[INFO GPL-0008] NumFixedInstances:          166
[INFO GPL-0009] NumDummyInstances:            0
[INFO GPL-0010] NumNets:                    453
[INFO GPL-0011] NumPins:                   1586
[INFO GPL-0012] DieBBox:  (  0.000  0.000 ) ( 100.190 110.910 ) um
[INFO GPL-0013] CoreBBox: (  5.520 10.880 ) ( 94.300 97.920 ) um
[INFO GPL-0016] CoreArea:              7727.411 um^2
[INFO GPL-0017] NonPlaceInstsArea:      367.853 um^2
[INFO GPL-0018] PlaceInstsArea:        3973.811 um^2
[INFO GPL-0019] Util:                    53.995 %
[INFO GPL-0020] StdInstsArea:          3973.811 um^2
[INFO GPL-0021] MacroInstsArea:           0.000 um^2
[InitialPlace]  Iter: 1 CG residual: 0.00000008 HPWL: 8793538
[InitialPlace]  Iter: 2 CG residual: 0.00000007 HPWL: 6030549
[InitialPlace]  Iter: 3 CG residual: 0.00000010 HPWL: 6039580
[InitialPlace]  Iter: 4 CG residual: 0.00000009 HPWL: 6053772
[InitialPlace]  Iter: 5 CG residual: 0.00000010 HPWL: 6050706
[INFO GPL-0031] FillerInit:NumGCells:       494
[INFO GPL-0032] FillerInit:NumGNets:        453
[INFO GPL-0033] FillerInit:NumGPins:       1586
[INFO GPL-0023] TargetDensity:            0.631
[INFO GPL-0024] AvrgPlaceInstArea:        9.484 um^2
[INFO GPL-0025] IdealBinArea:            15.036 um^2
[INFO GPL-0026] IdealBinCnt:                513
[INFO GPL-0027] TotalBinArea:          7727.411 um^2
[INFO GPL-0028] BinCnt:        16     16
[INFO GPL-0029] BinSize: (  5.549  5.440 )
[INFO GPL-0030] NumBins: 256
[NesterovSolve] Iter:    1 overflow: 0.896 HPWL: 3357052
[INFO GPL-0100] Timing-driven: executing resizer for reweighting nets.
[INFO GPL-0101] Timing-driven: worst slack -1.21e-09
[INFO GPL-0103] Timing-driven: weighted 45 nets.
[NesterovSolve] Iter:   10 overflow: 0.748 HPWL: 4068173
[NesterovSolve] Iter:   20 overflow: 0.702 HPWL: 4166788
[NesterovSolve] Iter:   30 overflow: 0.691 HPWL: 4154555
[NesterovSolve] Iter:   40 overflow: 0.695 HPWL: 4132819
[NesterovSolve] Iter:   50 overflow: 0.699 HPWL: 4127823
[NesterovSolve] Iter:   60 overflow: 0.697 HPWL: 4138241
[NesterovSolve] Iter:   70 overflow: 0.695 HPWL: 4136764
[NesterovSolve] Iter:   80 overflow: 0.695 HPWL: 4132070
[NesterovSolve] Iter:   90 overflow: 0.696 HPWL: 4132889
[NesterovSolve] Iter:  100 overflow: 0.695 HPWL: 4135367
[NesterovSolve] Iter:  110 overflow: 0.695 HPWL: 4136314
[NesterovSolve] Iter:  120 overflow: 0.694 HPWL: 4138085
[NesterovSolve] Iter:  130 overflow: 0.693 HPWL: 4142759
[NesterovSolve] Iter:  140 overflow: 0.691 HPWL: 4149730
[NesterovSolve] Iter:  150 overflow: 0.688 HPWL: 4159148
[NesterovSolve] Iter:  160 overflow: 0.684 HPWL: 4172603
[NesterovSolve] Iter:  170 overflow: 0.677 HPWL: 4190171
[NesterovSolve] Iter:  180 overflow: 0.669 HPWL: 4213211
[NesterovSolve] Iter:  190 overflow: 0.659 HPWL: 4250180
[NesterovSolve] Iter:  200 overflow: 0.648 HPWL: 4304833
[INFO GPL-0100] Timing-driven: executing resizer for reweighting nets.
[INFO GPL-0101] Timing-driven: worst slack -1.16e-09
[INFO GPL-0103] Timing-driven: weighted 45 nets.
[NesterovSolve] Iter:  210 overflow: 0.630 HPWL: 4373912
[NesterovSolve] Iter:  220 overflow: 0.601 HPWL: 4445634
[NesterovSolve] Snapshot saved at iter = 220
[NesterovSolve] Iter:  230 overflow: 0.574 HPWL: 4548593
[NesterovSolve] Iter:  240 overflow: 0.539 HPWL: 4665524
[NesterovSolve] Iter:  250 overflow: 0.504 HPWL: 4759641
[INFO GPL-0100] Timing-driven: executing resizer for reweighting nets.
[INFO GPL-0101] Timing-driven: worst slack -1.35e-09
[INFO GPL-0103] Timing-driven: weighted 45 nets.
[NesterovSolve] Iter:  260 overflow: 0.467 HPWL: 4854739
[NesterovSolve] Iter:  270 overflow: 0.428 HPWL: 4938929
[NesterovSolve] Iter:  280 overflow: 0.378 HPWL: 4994063
[NesterovSolve] Iter:  290 overflow: 0.331 HPWL: 5034974
[NesterovSolve] Iter:  300 overflow: 0.302 HPWL: 5073167
[INFO GPL-0075] Routability numCall: 1 inflationIterCnt: 1 bloatIterCnt: 0
[INFO GPL-0036] TileBBox: (    0    0 ) ( 6900 6900 ) DBU
[INFO GPL-0038] TileCnt:      14   16
[INFO GPL-0040] NumTiles: 224
[INFO GPL-0081] TotalRouteOverflow: 0
[INFO GPL-0082] OverflowTileCnt: 0
[INFO GPL-0083] 0.5%RC: 0.8014289140701294
[INFO GPL-0084] 1.0%RC: 0.790546735127767
[INFO GPL-0085] 2.0%RC: 0.7701765537261963
[INFO GPL-0086] 5.0%RC: 0.7412587255239487
[INFO GPL-0087] FinalRC: 0.79598784
[INFO GPL-0077] FinalRC lower than targetRC(1.01), routability not needed.
[INFO GPL-0100] Timing-driven: executing resizer for reweighting nets.
[INFO GPL-0101] Timing-driven: worst slack -1.16e-09
[INFO GPL-0103] Timing-driven: weighted 45 nets.
[NesterovSolve] Iter:  310 overflow: 0.269 HPWL: 5131157
[NesterovSolve] Iter:  320 overflow: 0.235 HPWL: 5169462
[NesterovSolve] Iter:  330 overflow: 0.205 HPWL: 5196502
[INFO GPL-0100] Timing-driven: executing resizer for reweighting nets.
[INFO GPL-0101] Timing-driven: worst slack -1.15e-09
[INFO GPL-0103] Timing-driven: weighted 45 nets.
[NesterovSolve] Iter:  340 overflow: 0.181 HPWL: 5237647
[NesterovSolve] Iter:  350 overflow: 0.156 HPWL: 5276903
[INFO GPL-0100] Timing-driven: executing resizer for reweighting nets.
[INFO GPL-0101] Timing-driven: worst slack -1.16e-09
[INFO GPL-0103] Timing-driven: weighted 45 nets.
[NesterovSolve] Iter:  360 overflow: 0.131 HPWL: 5317672
[NesterovSolve] Iter:  370 overflow: 0.107 HPWL: 5355813
[NesterovSolve] Finished with Overflow: 0.099941
[INFO] Setting RC values…
Setting global connections for newly added cells…
[INFO] Setting global connections...
Updating metrics…
Cell type report:                       Count       Area
  Fill cell                                64     240.23
  Tap cell                                102     127.62
  Inverter                                 66     247.74
  Sequential cell                          33     867.08
  Multi-Input combinational cell          320    2858.99
  Total                                   585    4341.66
Writing OpenROAD database to '/home/nakanomiku/DigitalDesign/freq_psc/runs/RUN_2024-10-28_14-46-53/27-openroad-globalplacement/freq_psc.odb'…
Writing netlist to '/home/nakanomiku/DigitalDesign/freq_psc/runs/RUN_2024-10-28_14-46-53/27-openroad-globalplacement/freq_psc.nl.v'…
Writing powered netlist to '/home/nakanomiku/DigitalDesign/freq_psc/runs/RUN_2024-10-28_14-46-53/27-openroad-globalplacement/freq_psc.pnl.v'…
Writing layout to '/home/nakanomiku/DigitalDesign/freq_psc/runs/RUN_2024-10-28_14-46-53/27-openroad-globalplacement/freq_psc.def'…
Writing timing constraints to '/home/nakanomiku/DigitalDesign/freq_psc/runs/RUN_2024-10-28_14-46-53/27-openroad-globalplacement/freq_psc.sdc'…
