Clock: clk
Sources: clk 
Generated: no
Virtual: yes
Propagated: no
Period: 5.000000

===========================================================================
report_clock_properties
============================================================================
Clock                   Period          Waveform
----------------------------------------------------
clk                   5.000000    0.000000  2.500000

===========================================================================
report_clock_latency
============================================================================
Clock clk
rise -> rise
    min     max
0.000000 0.000000 source latency
0.289539         network latency _154_/CLK
        0.290295 network latency _150_/CLK
---------------
0.289539 0.290295 latency
        0.000756 skew

fall -> fall
    min     max
0.000000 0.000000 source latency
0.292071         network latency _154_/CLK
        0.292841 network latency _150_/CLK
---------------
0.292071 0.292841 latency
        0.000770 skew



===========================================================================
report_clock_min_period
============================================================================
clk period_min = 2.00 fmax = 500.85
