
===========================================================================
report_checks -path_delay min (Hold)
============================================================================
======================= max_tt_025C_1v80 Corner ===================================

Startpoint: _153_ (rising edge-triggered flip-flop clocked by clk)
Endpoint: _146_ (rising edge-triggered flip-flop clocked by clk)
Path Group: clk
Path Type: min

Fanout         Cap        Slew       Delay        Time   Description
---------------------------------------------------------------------------------------------
                                  0.000000    0.000000   clock clk (rise edge)
                                  0.000000    0.000000   clock source latency
     1    0.011428    0.057820    0.038792    0.038792 ^ clk (in)
                                                         clk (net)
                      0.057826    0.000000    0.038792 ^ clkbuf_0_clk/A (sky130_fd_sc_hd__clkbuf_16)
     2    0.020207    0.042013    0.130023    0.168815 ^ clkbuf_0_clk/X (sky130_fd_sc_hd__clkbuf_16)
                                                         clknet_0_clk (net)
                      0.042039    0.001029    0.169843 ^ clkbuf_1_1__f_clk/A (sky130_fd_sc_hd__clkbuf_16)
     5    0.014588    0.037260    0.118965    0.288808 ^ clkbuf_1_1__f_clk/X (sky130_fd_sc_hd__clkbuf_16)
                                                         clknet_1_1__leaf_clk (net)
                      0.037270    0.000963    0.289771 ^ _153_/CLK (sky130_fd_sc_hd__dfrtp_1)
     6    0.018625    0.171352    0.411699    0.701470 ^ _153_/Q (sky130_fd_sc_hd__dfrtp_1)
                                                         counter[6] (net)
                      0.171364    0.001537    0.703008 ^ _129_/B (sky130_fd_sc_hd__or2_1)
     1    0.002663    0.038569    0.122077    0.825085 ^ _129_/X (sky130_fd_sc_hd__or2_1)
                                                         _065_ (net)
                      0.038569    0.000122    0.825207 ^ _137_/A1 (sky130_fd_sc_hd__a21oi_1)
     1    0.002934    0.028827    0.052420    0.877627 v _137_/Y (sky130_fd_sc_hd__a21oi_1)
                                                         _008_ (net)
                      0.028827    0.000192    0.877819 v _146_/D (sky130_fd_sc_hd__dfrtp_1)
                                              0.877819   data arrival time

                                  0.000000    0.000000   clock clk (rise edge)
                                  0.000000    0.000000   clock source latency
     1    0.011428    0.057820    0.038792    0.038792 ^ clk (in)
                                                         clk (net)
                      0.057826    0.000000    0.038792 ^ clkbuf_0_clk/A (sky130_fd_sc_hd__clkbuf_16)
     2    0.020207    0.042013    0.130023    0.168815 ^ clkbuf_0_clk/X (sky130_fd_sc_hd__clkbuf_16)
                                                         clknet_0_clk (net)
                      0.042039    0.001029    0.169843 ^ clkbuf_1_1__f_clk/A (sky130_fd_sc_hd__clkbuf_16)
     5    0.014588    0.037260    0.118965    0.288808 ^ clkbuf_1_1__f_clk/X (sky130_fd_sc_hd__clkbuf_16)
                                                         clknet_1_1__leaf_clk (net)
                      0.037260    0.000772    0.289581 ^ _146_/CLK (sky130_fd_sc_hd__dfrtp_1)
                                  0.250000    0.539581   clock uncertainty
                                  0.000000    0.539581   clock reconvergence pessimism
                                 -0.040956    0.498624   library hold time
                                              0.498624   data required time
---------------------------------------------------------------------------------------------
                                              0.498624   data required time
                                             -0.877819   data arrival time
---------------------------------------------------------------------------------------------
                                              0.379195   slack (MET)


Startpoint: _147_ (rising edge-triggered flip-flop clocked by clk)
Endpoint: _147_ (rising edge-triggered flip-flop clocked by clk)
Path Group: clk
Path Type: min

Fanout         Cap        Slew       Delay        Time   Description
---------------------------------------------------------------------------------------------
                                  0.000000    0.000000   clock clk (rise edge)
                                  0.000000    0.000000   clock source latency
     1    0.011428    0.057820    0.038792    0.038792 ^ clk (in)
                                                         clk (net)
                      0.057826    0.000000    0.038792 ^ clkbuf_0_clk/A (sky130_fd_sc_hd__clkbuf_16)
     2    0.020207    0.042013    0.130023    0.168815 ^ clkbuf_0_clk/X (sky130_fd_sc_hd__clkbuf_16)
                                                         clknet_0_clk (net)
                      0.042023    0.000786    0.169600 ^ clkbuf_1_0__f_clk/A (sky130_fd_sc_hd__clkbuf_16)
     5    0.015256    0.037826    0.119574    0.289174 ^ clkbuf_1_0__f_clk/X (sky130_fd_sc_hd__clkbuf_16)
                                                         clknet_1_0__leaf_clk (net)
                      0.037835    0.000869    0.290043 ^ _147_/CLK (sky130_fd_sc_hd__dfrtp_2)
     7    0.022797    0.122827    0.406181    0.696224 ^ _147_/Q (sky130_fd_sc_hd__dfrtp_2)
                                                         counter[0] (net)
                      0.122841    0.001377    0.697601 ^ _108_/A_N (sky130_fd_sc_hd__and2b_1)
     1    0.002326    0.030919    0.187509    0.885109 v _108_/X (sky130_fd_sc_hd__and2b_1)
                                                         _000_ (net)
                      0.030919    0.000169    0.885279 v _147_/D (sky130_fd_sc_hd__dfrtp_2)
                                              0.885279   data arrival time

                                  0.000000    0.000000   clock clk (rise edge)
                                  0.000000    0.000000   clock source latency
     1    0.011428    0.057820    0.038792    0.038792 ^ clk (in)
                                                         clk (net)
                      0.057826    0.000000    0.038792 ^ clkbuf_0_clk/A (sky130_fd_sc_hd__clkbuf_16)
     2    0.020207    0.042013    0.130023    0.168815 ^ clkbuf_0_clk/X (sky130_fd_sc_hd__clkbuf_16)
                                                         clknet_0_clk (net)
                      0.042023    0.000786    0.169600 ^ clkbuf_1_0__f_clk/A (sky130_fd_sc_hd__clkbuf_16)
     5    0.015256    0.037826    0.119574    0.289174 ^ clkbuf_1_0__f_clk/X (sky130_fd_sc_hd__clkbuf_16)
                                                         clknet_1_0__leaf_clk (net)
                      0.037835    0.000869    0.290043 ^ _147_/CLK (sky130_fd_sc_hd__dfrtp_2)
                                  0.250000    0.540043   clock uncertainty
                                  0.000000    0.540043   clock reconvergence pessimism
                                 -0.038015    0.502029   library hold time
                                              0.502029   data required time
---------------------------------------------------------------------------------------------
                                              0.502029   data required time
                                             -0.885279   data arrival time
---------------------------------------------------------------------------------------------
                                              0.383250   slack (MET)


Startpoint: _154_ (rising edge-triggered flip-flop clocked by clk)
Endpoint: _154_ (rising edge-triggered flip-flop clocked by clk)
Path Group: clk
Path Type: min

Fanout         Cap        Slew       Delay        Time   Description
---------------------------------------------------------------------------------------------
                                  0.000000    0.000000   clock clk (rise edge)
                                  0.000000    0.000000   clock source latency
     1    0.011428    0.057820    0.038792    0.038792 ^ clk (in)
                                                         clk (net)
                      0.057826    0.000000    0.038792 ^ clkbuf_0_clk/A (sky130_fd_sc_hd__clkbuf_16)
     2    0.020207    0.042013    0.130023    0.168815 ^ clkbuf_0_clk/X (sky130_fd_sc_hd__clkbuf_16)
                                                         clknet_0_clk (net)
                      0.042039    0.001029    0.169843 ^ clkbuf_1_1__f_clk/A (sky130_fd_sc_hd__clkbuf_16)
     5    0.014588    0.037260    0.118965    0.288808 ^ clkbuf_1_1__f_clk/X (sky130_fd_sc_hd__clkbuf_16)
                                                         clknet_1_1__leaf_clk (net)
                      0.037260    0.000731    0.289539 ^ _154_/CLK (sky130_fd_sc_hd__dfrtp_2)
     4    0.023121    0.124556    0.407330    0.696869 ^ _154_/Q (sky130_fd_sc_hd__dfrtp_2)
                                                         counter[7] (net)
                      0.124565    0.001167    0.698036 ^ _127_/A (sky130_fd_sc_hd__xnor2_1)
     1    0.002885    0.036356    0.085461    0.783496 v _127_/Y (sky130_fd_sc_hd__xnor2_1)
                                                         _064_ (net)
                      0.036356    0.000167    0.783663 v _128_/B (sky130_fd_sc_hd__and2_1)
     1    0.002260    0.031237    0.142999    0.926663 v _128_/X (sky130_fd_sc_hd__and2_1)
                                                         _007_ (net)
                      0.031237    0.000165    0.926828 v _154_/D (sky130_fd_sc_hd__dfrtp_2)
                                              0.926828   data arrival time

                                  0.000000    0.000000   clock clk (rise edge)
                                  0.000000    0.000000   clock source latency
     1    0.011428    0.057820    0.038792    0.038792 ^ clk (in)
                                                         clk (net)
                      0.057826    0.000000    0.038792 ^ clkbuf_0_clk/A (sky130_fd_sc_hd__clkbuf_16)
     2    0.020207    0.042013    0.130023    0.168815 ^ clkbuf_0_clk/X (sky130_fd_sc_hd__clkbuf_16)
                                                         clknet_0_clk (net)
                      0.042039    0.001029    0.169843 ^ clkbuf_1_1__f_clk/A (sky130_fd_sc_hd__clkbuf_16)
     5    0.014588    0.037260    0.118965    0.288808 ^ clkbuf_1_1__f_clk/X (sky130_fd_sc_hd__clkbuf_16)
                                                         clknet_1_1__leaf_clk (net)
                      0.037260    0.000731    0.289539 ^ _154_/CLK (sky130_fd_sc_hd__dfrtp_2)
                                  0.250000    0.539539   clock uncertainty
                                  0.000000    0.539539   clock reconvergence pessimism
                                 -0.038275    0.501264   library hold time
                                              0.501264   data required time
---------------------------------------------------------------------------------------------
                                              0.501264   data required time
                                             -0.926828   data arrival time
---------------------------------------------------------------------------------------------
                                              0.425564   slack (MET)


Startpoint: _151_ (rising edge-triggered flip-flop clocked by clk)
Endpoint: _151_ (rising edge-triggered flip-flop clocked by clk)
Path Group: clk
Path Type: min

Fanout         Cap        Slew       Delay        Time   Description
---------------------------------------------------------------------------------------------
                                  0.000000    0.000000   clock clk (rise edge)
                                  0.000000    0.000000   clock source latency
     1    0.011428    0.057820    0.038792    0.038792 ^ clk (in)
                                                         clk (net)
                      0.057826    0.000000    0.038792 ^ clkbuf_0_clk/A (sky130_fd_sc_hd__clkbuf_16)
     2    0.020207    0.042013    0.130023    0.168815 ^ clkbuf_0_clk/X (sky130_fd_sc_hd__clkbuf_16)
                                                         clknet_0_clk (net)
                      0.042023    0.000786    0.169600 ^ clkbuf_1_0__f_clk/A (sky130_fd_sc_hd__clkbuf_16)
     5    0.015256    0.037826    0.119574    0.289174 ^ clkbuf_1_0__f_clk/X (sky130_fd_sc_hd__clkbuf_16)
                                                         clknet_1_0__leaf_clk (net)
                      0.037836    0.000957    0.290132 ^ _151_/CLK (sky130_fd_sc_hd__dfrtp_2)
     8    0.026003    0.137183    0.417467    0.707598 ^ _151_/Q (sky130_fd_sc_hd__dfrtp_2)
                                                         counter[4] (net)
                      0.137194    0.001318    0.708916 ^ _117_/A (sky130_fd_sc_hd__nand2_1)
     1    0.002275    0.043211    0.061316    0.770232 v _117_/Y (sky130_fd_sc_hd__nand2_1)
                                                         _057_ (net)
                      0.043211    0.000092    0.770324 v _119_/B (sky130_fd_sc_hd__and3_1)
     1    0.003181    0.035013    0.159798    0.930123 v _119_/X (sky130_fd_sc_hd__and3_1)
                                                         _004_ (net)
                      0.035013    0.000210    0.930332 v _151_/D (sky130_fd_sc_hd__dfrtp_2)
                                              0.930332   data arrival time

                                  0.000000    0.000000   clock clk (rise edge)
                                  0.000000    0.000000   clock source latency
     1    0.011428    0.057820    0.038792    0.038792 ^ clk (in)
                                                         clk (net)
                      0.057826    0.000000    0.038792 ^ clkbuf_0_clk/A (sky130_fd_sc_hd__clkbuf_16)
     2    0.020207    0.042013    0.130023    0.168815 ^ clkbuf_0_clk/X (sky130_fd_sc_hd__clkbuf_16)
                                                         clknet_0_clk (net)
                      0.042023    0.000786    0.169600 ^ clkbuf_1_0__f_clk/A (sky130_fd_sc_hd__clkbuf_16)
     5    0.015256    0.037826    0.119574    0.289174 ^ clkbuf_1_0__f_clk/X (sky130_fd_sc_hd__clkbuf_16)
                                                         clknet_1_0__leaf_clk (net)
                      0.037836    0.000957    0.290132 ^ _151_/CLK (sky130_fd_sc_hd__dfrtp_2)
                                  0.250000    0.540132   clock uncertainty
                                  0.000000    0.540132   clock reconvergence pessimism
                                 -0.039681    0.500450   library hold time
                                              0.500450   data required time
---------------------------------------------------------------------------------------------
                                              0.500450   data required time
                                             -0.930332   data arrival time
---------------------------------------------------------------------------------------------
                                              0.429882   slack (MET)


Startpoint: _149_ (rising edge-triggered flip-flop clocked by clk)
Endpoint: _149_ (rising edge-triggered flip-flop clocked by clk)
Path Group: clk
Path Type: min

Fanout         Cap        Slew       Delay        Time   Description
---------------------------------------------------------------------------------------------
                                  0.000000    0.000000   clock clk (rise edge)
                                  0.000000    0.000000   clock source latency
     1    0.011428    0.057820    0.038792    0.038792 ^ clk (in)
                                                         clk (net)
                      0.057826    0.000000    0.038792 ^ clkbuf_0_clk/A (sky130_fd_sc_hd__clkbuf_16)
     2    0.020207    0.042013    0.130023    0.168815 ^ clkbuf_0_clk/X (sky130_fd_sc_hd__clkbuf_16)
                                                         clknet_0_clk (net)
                      0.042023    0.000786    0.169600 ^ clkbuf_1_0__f_clk/A (sky130_fd_sc_hd__clkbuf_16)
     5    0.015256    0.037826    0.119574    0.289174 ^ clkbuf_1_0__f_clk/X (sky130_fd_sc_hd__clkbuf_16)
                                                         clknet_1_0__leaf_clk (net)
                      0.037826    0.000696    0.289870 ^ _149_/CLK (sky130_fd_sc_hd__dfrtp_2)
     7    0.026844    0.140893    0.420289    0.710159 ^ _149_/Q (sky130_fd_sc_hd__dfrtp_2)
                                                         counter[2] (net)
                      0.140905    0.001400    0.711559 ^ _111_/A (sky130_fd_sc_hd__xnor2_1)
     1    0.001969    0.031850    0.082015    0.793575 v _111_/Y (sky130_fd_sc_hd__xnor2_1)
                                                         _053_ (net)
                      0.031850    0.000128    0.793703 v _112_/B (sky130_fd_sc_hd__and2_1)
     1    0.002456    0.032044    0.142193    0.935896 v _112_/X (sky130_fd_sc_hd__and2_1)
                                                         _002_ (net)
                      0.032044    0.000167    0.936063 v _149_/D (sky130_fd_sc_hd__dfrtp_2)
                                              0.936063   data arrival time

                                  0.000000    0.000000   clock clk (rise edge)
                                  0.000000    0.000000   clock source latency
     1    0.011428    0.057820    0.038792    0.038792 ^ clk (in)
                                                         clk (net)
                      0.057826    0.000000    0.038792 ^ clkbuf_0_clk/A (sky130_fd_sc_hd__clkbuf_16)
     2    0.020207    0.042013    0.130023    0.168815 ^ clkbuf_0_clk/X (sky130_fd_sc_hd__clkbuf_16)
                                                         clknet_0_clk (net)
                      0.042023    0.000786    0.169600 ^ clkbuf_1_0__f_clk/A (sky130_fd_sc_hd__clkbuf_16)
     5    0.015256    0.037826    0.119574    0.289174 ^ clkbuf_1_0__f_clk/X (sky130_fd_sc_hd__clkbuf_16)
                                                         clknet_1_0__leaf_clk (net)
                      0.037826    0.000696    0.289870 ^ _149_/CLK (sky130_fd_sc_hd__dfrtp_2)
                                  0.250000    0.539870   clock uncertainty
                                  0.000000    0.539870   clock reconvergence pessimism
                                 -0.038475    0.501395   library hold time
                                              0.501395   data required time
---------------------------------------------------------------------------------------------
                                              0.501395   data required time
                                             -0.936063   data arrival time
---------------------------------------------------------------------------------------------
                                              0.434668   slack (MET)


Startpoint: _152_ (rising edge-triggered flip-flop clocked by clk)
Endpoint: _152_ (rising edge-triggered flip-flop clocked by clk)
Path Group: clk
Path Type: min

Fanout         Cap        Slew       Delay        Time   Description
---------------------------------------------------------------------------------------------
                                  0.000000    0.000000   clock clk (rise edge)
                                  0.000000    0.000000   clock source latency
     1    0.011428    0.057820    0.038792    0.038792 ^ clk (in)
                                                         clk (net)
                      0.057826    0.000000    0.038792 ^ clkbuf_0_clk/A (sky130_fd_sc_hd__clkbuf_16)
     2    0.020207    0.042013    0.130023    0.168815 ^ clkbuf_0_clk/X (sky130_fd_sc_hd__clkbuf_16)
                                                         clknet_0_clk (net)
                      0.042039    0.001029    0.169843 ^ clkbuf_1_1__f_clk/A (sky130_fd_sc_hd__clkbuf_16)
     5    0.014588    0.037260    0.118965    0.288808 ^ clkbuf_1_1__f_clk/X (sky130_fd_sc_hd__clkbuf_16)
                                                         clknet_1_1__leaf_clk (net)
                      0.037270    0.000985    0.289793 ^ _152_/CLK (sky130_fd_sc_hd__dfrtp_1)
     6    0.019889    0.181807    0.419269    0.709062 ^ _152_/Q (sky130_fd_sc_hd__dfrtp_1)
                                                         counter[5] (net)
                      0.181810    0.001039    0.710101 ^ _122_/B1 (sky130_fd_sc_hd__a21o_1)
     1    0.001997    0.032246    0.100289    0.810390 ^ _122_/X (sky130_fd_sc_hd__a21o_1)
                                                         _061_ (net)
                      0.032246    0.000089    0.810479 ^ _123_/C (sky130_fd_sc_hd__and3_1)
     1    0.002672    0.048179    0.141430    0.951909 ^ _123_/X (sky130_fd_sc_hd__and3_1)
                                                         _005_ (net)
                      0.048179    0.000177    0.952087 ^ _152_/D (sky130_fd_sc_hd__dfrtp_1)
                                              0.952087   data arrival time

                                  0.000000    0.000000   clock clk (rise edge)
                                  0.000000    0.000000   clock source latency
     1    0.011428    0.057820    0.038792    0.038792 ^ clk (in)
                                                         clk (net)
                      0.057826    0.000000    0.038792 ^ clkbuf_0_clk/A (sky130_fd_sc_hd__clkbuf_16)
     2    0.020207    0.042013    0.130023    0.168815 ^ clkbuf_0_clk/X (sky130_fd_sc_hd__clkbuf_16)
                                                         clknet_0_clk (net)
                      0.042039    0.001029    0.169843 ^ clkbuf_1_1__f_clk/A (sky130_fd_sc_hd__clkbuf_16)
     5    0.014588    0.037260    0.118965    0.288808 ^ clkbuf_1_1__f_clk/X (sky130_fd_sc_hd__clkbuf_16)
                                                         clknet_1_1__leaf_clk (net)
                      0.037270    0.000985    0.289793 ^ _152_/CLK (sky130_fd_sc_hd__dfrtp_1)
                                  0.250000    0.539793   clock uncertainty
                                  0.000000    0.539793   clock reconvergence pessimism
                                 -0.036488    0.503305   library hold time
                                              0.503305   data required time
---------------------------------------------------------------------------------------------
                                              0.503305   data required time
                                             -0.952087   data arrival time
---------------------------------------------------------------------------------------------
                                              0.448782   slack (MET)


Startpoint: _148_ (rising edge-triggered flip-flop clocked by clk)
Endpoint: _148_ (rising edge-triggered flip-flop clocked by clk)
Path Group: clk
Path Type: min

Fanout         Cap        Slew       Delay        Time   Description
---------------------------------------------------------------------------------------------
                                  0.000000    0.000000   clock clk (rise edge)
                                  0.000000    0.000000   clock source latency
     1    0.011428    0.057820    0.038792    0.038792 ^ clk (in)
                                                         clk (net)
                      0.057826    0.000000    0.038792 ^ clkbuf_0_clk/A (sky130_fd_sc_hd__clkbuf_16)
     2    0.020207    0.042013    0.130023    0.168815 ^ clkbuf_0_clk/X (sky130_fd_sc_hd__clkbuf_16)
                                                         clknet_0_clk (net)
                      0.042023    0.000786    0.169600 ^ clkbuf_1_0__f_clk/A (sky130_fd_sc_hd__clkbuf_16)
     5    0.015256    0.037826    0.119574    0.289174 ^ clkbuf_1_0__f_clk/X (sky130_fd_sc_hd__clkbuf_16)
                                                         clknet_1_0__leaf_clk (net)
                      0.037826    0.000699    0.289873 ^ _148_/CLK (sky130_fd_sc_hd__dfrtp_2)
     7    0.022542    0.121979    0.405691    0.695564 ^ _148_/Q (sky130_fd_sc_hd__dfrtp_2)
                                                         counter[1] (net)
                      0.122003    0.001716    0.697281 ^ _109_/B (sky130_fd_sc_hd__or2_1)
     1    0.002825    0.040389    0.113392    0.810673 ^ _109_/X (sky130_fd_sc_hd__or2_1)
                                                         _052_ (net)
                      0.040391    0.000168    0.810841 ^ _110_/C (sky130_fd_sc_hd__and3_1)
     1    0.002635    0.047910    0.143229    0.954070 ^ _110_/X (sky130_fd_sc_hd__and3_1)
                                                         _001_ (net)
                      0.047910    0.000181    0.954251 ^ _148_/D (sky130_fd_sc_hd__dfrtp_2)
                                              0.954251   data arrival time

                                  0.000000    0.000000   clock clk (rise edge)
                                  0.000000    0.000000   clock source latency
     1    0.011428    0.057820    0.038792    0.038792 ^ clk (in)
                                                         clk (net)
                      0.057826    0.000000    0.038792 ^ clkbuf_0_clk/A (sky130_fd_sc_hd__clkbuf_16)
     2    0.020207    0.042013    0.130023    0.168815 ^ clkbuf_0_clk/X (sky130_fd_sc_hd__clkbuf_16)
                                                         clknet_0_clk (net)
                      0.042023    0.000786    0.169600 ^ clkbuf_1_0__f_clk/A (sky130_fd_sc_hd__clkbuf_16)
     5    0.015256    0.037826    0.119574    0.289174 ^ clkbuf_1_0__f_clk/X (sky130_fd_sc_hd__clkbuf_16)
                                                         clknet_1_0__leaf_clk (net)
                      0.037826    0.000699    0.289873 ^ _148_/CLK (sky130_fd_sc_hd__dfrtp_2)
                                  0.250000    0.539873   clock uncertainty
                                  0.000000    0.539873   clock reconvergence pessimism
                                 -0.036261    0.503613   library hold time
                                              0.503613   data required time
---------------------------------------------------------------------------------------------
                                              0.503613   data required time
                                             -0.954251   data arrival time
---------------------------------------------------------------------------------------------
                                              0.450638   slack (MET)


Startpoint: _150_ (rising edge-triggered flip-flop clocked by clk)
Endpoint: _150_ (rising edge-triggered flip-flop clocked by clk)
Path Group: clk
Path Type: min

Fanout         Cap        Slew       Delay        Time   Description
---------------------------------------------------------------------------------------------
                                  0.000000    0.000000   clock clk (rise edge)
                                  0.000000    0.000000   clock source latency
     1    0.011428    0.057820    0.038792    0.038792 ^ clk (in)
                                                         clk (net)
                      0.057826    0.000000    0.038792 ^ clkbuf_0_clk/A (sky130_fd_sc_hd__clkbuf_16)
     2    0.020207    0.042013    0.130023    0.168815 ^ clkbuf_0_clk/X (sky130_fd_sc_hd__clkbuf_16)
                                                         clknet_0_clk (net)
                      0.042023    0.000786    0.169600 ^ clkbuf_1_0__f_clk/A (sky130_fd_sc_hd__clkbuf_16)
     5    0.015256    0.037826    0.119574    0.289174 ^ clkbuf_1_0__f_clk/X (sky130_fd_sc_hd__clkbuf_16)
                                                         clknet_1_0__leaf_clk (net)
                      0.037839    0.001121    0.290295 ^ _150_/CLK (sky130_fd_sc_hd__dfrtp_1)
     6    0.019080    0.175046    0.414860    0.705155 ^ _150_/Q (sky130_fd_sc_hd__dfrtp_1)
                                                         counter[3] (net)
                      0.175047    0.000889    0.706044 ^ _115_/B1 (sky130_fd_sc_hd__a31o_1)
     1    0.002482    0.040874    0.118143    0.824187 ^ _115_/X (sky130_fd_sc_hd__a31o_1)
                                                         _056_ (net)
                      0.040877    0.000160    0.824347 ^ _116_/C (sky130_fd_sc_hd__and3_1)
     1    0.002370    0.045642    0.141017    0.965364 ^ _116_/X (sky130_fd_sc_hd__and3_1)
                                                         _003_ (net)
                      0.045642    0.000108    0.965473 ^ _150_/D (sky130_fd_sc_hd__dfrtp_1)
                                              0.965473   data arrival time

                                  0.000000    0.000000   clock clk (rise edge)
                                  0.000000    0.000000   clock source latency
     1    0.011428    0.057820    0.038792    0.038792 ^ clk (in)
                                                         clk (net)
                      0.057826    0.000000    0.038792 ^ clkbuf_0_clk/A (sky130_fd_sc_hd__clkbuf_16)
     2    0.020207    0.042013    0.130023    0.168815 ^ clkbuf_0_clk/X (sky130_fd_sc_hd__clkbuf_16)
                                                         clknet_0_clk (net)
                      0.042023    0.000786    0.169600 ^ clkbuf_1_0__f_clk/A (sky130_fd_sc_hd__clkbuf_16)
     5    0.015256    0.037826    0.119574    0.289174 ^ clkbuf_1_0__f_clk/X (sky130_fd_sc_hd__clkbuf_16)
                                                         clknet_1_0__leaf_clk (net)
                      0.037839    0.001121    0.290295 ^ _150_/CLK (sky130_fd_sc_hd__dfrtp_1)
                                  0.250000    0.540295   clock uncertainty
                                  0.000000    0.540295   clock reconvergence pessimism
                                 -0.035878    0.504417   library hold time
                                              0.504417   data required time
---------------------------------------------------------------------------------------------
                                              0.504417   data required time
                                             -0.965473   data arrival time
---------------------------------------------------------------------------------------------
                                              0.461055   slack (MET)


Startpoint: _153_ (rising edge-triggered flip-flop clocked by clk)
Endpoint: _153_ (rising edge-triggered flip-flop clocked by clk)
Path Group: clk
Path Type: min

Fanout         Cap        Slew       Delay        Time   Description
---------------------------------------------------------------------------------------------
                                  0.000000    0.000000   clock clk (rise edge)
                                  0.000000    0.000000   clock source latency
     1    0.011428    0.057820    0.038792    0.038792 ^ clk (in)
                                                         clk (net)
                      0.057826    0.000000    0.038792 ^ clkbuf_0_clk/A (sky130_fd_sc_hd__clkbuf_16)
     2    0.020207    0.042013    0.130023    0.168815 ^ clkbuf_0_clk/X (sky130_fd_sc_hd__clkbuf_16)
                                                         clknet_0_clk (net)
                      0.042039    0.001029    0.169843 ^ clkbuf_1_1__f_clk/A (sky130_fd_sc_hd__clkbuf_16)
     5    0.014588    0.037260    0.118965    0.288808 ^ clkbuf_1_1__f_clk/X (sky130_fd_sc_hd__clkbuf_16)
                                                         clknet_1_1__leaf_clk (net)
                      0.037270    0.000963    0.289771 ^ _153_/CLK (sky130_fd_sc_hd__dfrtp_1)
     6    0.017320    0.103219    0.417659    0.707431 v _153_/Q (sky130_fd_sc_hd__dfrtp_1)
                                                         counter[6] (net)
                      0.103232    0.001177    0.708607 v _124_/A (sky130_fd_sc_hd__nand2_1)
     2    0.007529    0.081014    0.108874    0.817481 ^ _124_/Y (sky130_fd_sc_hd__nand2_1)
                                                         _062_ (net)
                      0.081014    0.000383    0.817864 ^ _126_/B (sky130_fd_sc_hd__and3_1)
     1    0.003294    0.053618    0.155121    0.972985 ^ _126_/X (sky130_fd_sc_hd__and3_1)
                                                         _006_ (net)
                      0.053618    0.000210    0.973195 ^ _153_/D (sky130_fd_sc_hd__dfrtp_1)
                                              0.973195   data arrival time

                                  0.000000    0.000000   clock clk (rise edge)
                                  0.000000    0.000000   clock source latency
     1    0.011428    0.057820    0.038792    0.038792 ^ clk (in)
                                                         clk (net)
                      0.057826    0.000000    0.038792 ^ clkbuf_0_clk/A (sky130_fd_sc_hd__clkbuf_16)
     2    0.020207    0.042013    0.130023    0.168815 ^ clkbuf_0_clk/X (sky130_fd_sc_hd__clkbuf_16)
                                                         clknet_0_clk (net)
                      0.042039    0.001029    0.169843 ^ clkbuf_1_1__f_clk/A (sky130_fd_sc_hd__clkbuf_16)
     5    0.014588    0.037260    0.118965    0.288808 ^ clkbuf_1_1__f_clk/X (sky130_fd_sc_hd__clkbuf_16)
                                                         clknet_1_1__leaf_clk (net)
                      0.037270    0.000963    0.289771 ^ _153_/CLK (sky130_fd_sc_hd__dfrtp_1)
                                  0.250000    0.539771   clock uncertainty
                                  0.000000    0.539771   clock reconvergence pessimism
                                 -0.037629    0.502143   library hold time
                                              0.502143   data required time
---------------------------------------------------------------------------------------------
                                              0.502143   data required time
                                             -0.973195   data arrival time
---------------------------------------------------------------------------------------------
                                              0.471052   slack (MET)


Startpoint: rst (input port clocked by clk)
Endpoint: _153_ (removal check against rising-edge clock clk)
Path Group: asynchronous
Path Type: min

Fanout         Cap        Slew       Delay        Time   Description
---------------------------------------------------------------------------------------------
                                  0.000000    0.000000   clock clk (rise edge)
                                  0.000000    0.000000   clock network delay (propagated)
                                  1.000000    1.000000 v input external delay
     1    0.002249    0.007350    0.003539    1.003538 v rst (in)
                                                         rst (net)
                      0.007351    0.000000    1.003538 v hold1/A (sky130_fd_sc_hd__dlygate4sd3_1)
     1    0.002729    0.052617    0.533500    1.537039 v hold1/X (sky130_fd_sc_hd__dlygate4sd3_1)
                                                         net11 (net)
                      0.052617    0.000178    1.537217 v input9/A (sky130_fd_sc_hd__clkbuf_4)
     9    0.050414    0.108894    0.207931    1.745147 v input9/X (sky130_fd_sc_hd__clkbuf_4)
                                                         net9 (net)
                      0.108951    0.002340    1.747488 v _144_/A (sky130_fd_sc_hd__inv_2)
     1    0.003978    0.039551    0.067880    1.815368 ^ _144_/Y (sky130_fd_sc_hd__inv_2)
                                                         _016_ (net)
                      0.039552    0.000098    1.815466 ^ _153_/RESET_B (sky130_fd_sc_hd__dfrtp_1)
                                              1.815466   data arrival time

                                  0.000000    0.000000   clock clk (rise edge)
                                  0.000000    0.000000   clock source latency
     1    0.011428    0.057820    0.038792    0.038792 ^ clk (in)
                                                         clk (net)
                      0.057826    0.000000    0.038792 ^ clkbuf_0_clk/A (sky130_fd_sc_hd__clkbuf_16)
     2    0.020207    0.042013    0.130023    0.168815 ^ clkbuf_0_clk/X (sky130_fd_sc_hd__clkbuf_16)
                                                         clknet_0_clk (net)
                      0.042039    0.001029    0.169843 ^ clkbuf_1_1__f_clk/A (sky130_fd_sc_hd__clkbuf_16)
     5    0.014588    0.037260    0.118965    0.288808 ^ clkbuf_1_1__f_clk/X (sky130_fd_sc_hd__clkbuf_16)
                                                         clknet_1_1__leaf_clk (net)
                      0.037270    0.000963    0.289771 ^ _153_/CLK (sky130_fd_sc_hd__dfrtp_1)
                                  0.250000    0.539771   clock uncertainty
                                  0.000000    0.539771   clock reconvergence pessimism
                                  0.316642    0.856413   library removal time
                                              0.856413   data required time
---------------------------------------------------------------------------------------------
                                              0.856413   data required time
                                             -1.815466   data arrival time
---------------------------------------------------------------------------------------------
                                              0.959053   slack (MET)


Startpoint: rst (input port clocked by clk)
Endpoint: _150_ (removal check against rising-edge clock clk)
Path Group: asynchronous
Path Type: min

Fanout         Cap        Slew       Delay        Time   Description
---------------------------------------------------------------------------------------------
                                  0.000000    0.000000   clock clk (rise edge)
                                  0.000000    0.000000   clock network delay (propagated)
                                  1.000000    1.000000 v input external delay
     1    0.002249    0.007350    0.003539    1.003538 v rst (in)
                                                         rst (net)
                      0.007351    0.000000    1.003538 v hold1/A (sky130_fd_sc_hd__dlygate4sd3_1)
     1    0.002729    0.052617    0.533500    1.537039 v hold1/X (sky130_fd_sc_hd__dlygate4sd3_1)
                                                         net11 (net)
                      0.052617    0.000178    1.537217 v input9/A (sky130_fd_sc_hd__clkbuf_4)
     9    0.050414    0.108894    0.207931    1.745147 v input9/X (sky130_fd_sc_hd__clkbuf_4)
                                                         net9 (net)
                      0.109113    0.004287    1.749435 v _141_/A (sky130_fd_sc_hd__inv_2)
     1    0.003939    0.039420    0.067721    1.817156 ^ _141_/Y (sky130_fd_sc_hd__inv_2)
                                                         _013_ (net)
                      0.039420    0.000097    1.817253 ^ _150_/RESET_B (sky130_fd_sc_hd__dfrtp_1)
                                              1.817253   data arrival time

                                  0.000000    0.000000   clock clk (rise edge)
                                  0.000000    0.000000   clock source latency
     1    0.011428    0.057820    0.038792    0.038792 ^ clk (in)
                                                         clk (net)
                      0.057826    0.000000    0.038792 ^ clkbuf_0_clk/A (sky130_fd_sc_hd__clkbuf_16)
     2    0.020207    0.042013    0.130023    0.168815 ^ clkbuf_0_clk/X (sky130_fd_sc_hd__clkbuf_16)
                                                         clknet_0_clk (net)
                      0.042023    0.000786    0.169600 ^ clkbuf_1_0__f_clk/A (sky130_fd_sc_hd__clkbuf_16)
     5    0.015256    0.037826    0.119574    0.289174 ^ clkbuf_1_0__f_clk/X (sky130_fd_sc_hd__clkbuf_16)
                                                         clknet_1_0__leaf_clk (net)
                      0.037839    0.001121    0.290295 ^ _150_/CLK (sky130_fd_sc_hd__dfrtp_1)
                                  0.250000    0.540295   clock uncertainty
                                  0.000000    0.540295   clock reconvergence pessimism
                                  0.316761    0.857056   library removal time
                                              0.857056   data required time
---------------------------------------------------------------------------------------------
                                              0.857056   data required time
                                             -1.817253   data arrival time
---------------------------------------------------------------------------------------------
                                              0.960197   slack (MET)


Startpoint: rst (input port clocked by clk)
Endpoint: _151_ (removal check against rising-edge clock clk)
Path Group: asynchronous
Path Type: min

Fanout         Cap        Slew       Delay        Time   Description
---------------------------------------------------------------------------------------------
                                  0.000000    0.000000   clock clk (rise edge)
                                  0.000000    0.000000   clock network delay (propagated)
                                  1.000000    1.000000 v input external delay
     1    0.002249    0.007350    0.003539    1.003538 v rst (in)
                                                         rst (net)
                      0.007351    0.000000    1.003538 v hold1/A (sky130_fd_sc_hd__dlygate4sd3_1)
     1    0.002729    0.052617    0.533500    1.537039 v hold1/X (sky130_fd_sc_hd__dlygate4sd3_1)
                                                         net11 (net)
                      0.052617    0.000178    1.537217 v input9/A (sky130_fd_sc_hd__clkbuf_4)
     9    0.050414    0.108894    0.207931    1.745147 v input9/X (sky130_fd_sc_hd__clkbuf_4)
                                                         net9 (net)
                      0.109202    0.004485    1.749633 v _142_/A (sky130_fd_sc_hd__inv_2)
     1    0.004081    0.040042    0.068536    1.818168 ^ _142_/Y (sky130_fd_sc_hd__inv_2)
                                                         _014_ (net)
                      0.040042    0.000104    1.818272 ^ _151_/RESET_B (sky130_fd_sc_hd__dfrtp_2)
                                              1.818272   data arrival time

                                  0.000000    0.000000   clock clk (rise edge)
                                  0.000000    0.000000   clock source latency
     1    0.011428    0.057820    0.038792    0.038792 ^ clk (in)
                                                         clk (net)
                      0.057826    0.000000    0.038792 ^ clkbuf_0_clk/A (sky130_fd_sc_hd__clkbuf_16)
     2    0.020207    0.042013    0.130023    0.168815 ^ clkbuf_0_clk/X (sky130_fd_sc_hd__clkbuf_16)
                                                         clknet_0_clk (net)
                      0.042023    0.000786    0.169600 ^ clkbuf_1_0__f_clk/A (sky130_fd_sc_hd__clkbuf_16)
     5    0.015256    0.037826    0.119574    0.289174 ^ clkbuf_1_0__f_clk/X (sky130_fd_sc_hd__clkbuf_16)
                                                         clknet_1_0__leaf_clk (net)
                      0.037836    0.000957    0.290132 ^ _151_/CLK (sky130_fd_sc_hd__dfrtp_2)
                                  0.250000    0.540132   clock uncertainty
                                  0.000000    0.540132   clock reconvergence pessimism
                                  0.316926    0.857057   library removal time
                                              0.857057   data required time
---------------------------------------------------------------------------------------------
                                              0.857057   data required time
                                             -1.818272   data arrival time
---------------------------------------------------------------------------------------------
                                              0.961215   slack (MET)


Startpoint: rst (input port clocked by clk)
Endpoint: _146_ (removal check against rising-edge clock clk)
Path Group: asynchronous
Path Type: min

Fanout         Cap        Slew       Delay        Time   Description
---------------------------------------------------------------------------------------------
                                  0.000000    0.000000   clock clk (rise edge)
                                  0.000000    0.000000   clock network delay (propagated)
                                  1.000000    1.000000 v input external delay
     1    0.002249    0.007350    0.003539    1.003538 v rst (in)
                                                         rst (net)
                      0.007351    0.000000    1.003538 v hold1/A (sky130_fd_sc_hd__dlygate4sd3_1)
     1    0.002729    0.052617    0.533500    1.537039 v hold1/X (sky130_fd_sc_hd__dlygate4sd3_1)
                                                         net11 (net)
                      0.052617    0.000178    1.537217 v input9/A (sky130_fd_sc_hd__clkbuf_4)
     9    0.050414    0.108894    0.207931    1.745147 v input9/X (sky130_fd_sc_hd__clkbuf_4)
                                                         net9 (net)
                      0.109201    0.004484    1.749631 v _081_/A (sky130_fd_sc_hd__inv_2)
     1    0.003926    0.039389    0.067627    1.817258 ^ _081_/Y (sky130_fd_sc_hd__inv_2)
                                                         _009_ (net)
                      0.039389    0.000209    1.817467 ^ _146_/RESET_B (sky130_fd_sc_hd__dfrtp_1)
                                              1.817467   data arrival time

                                  0.000000    0.000000   clock clk (rise edge)
                                  0.000000    0.000000   clock source latency
     1    0.011428    0.057820    0.038792    0.038792 ^ clk (in)
                                                         clk (net)
                      0.057826    0.000000    0.038792 ^ clkbuf_0_clk/A (sky130_fd_sc_hd__clkbuf_16)
     2    0.020207    0.042013    0.130023    0.168815 ^ clkbuf_0_clk/X (sky130_fd_sc_hd__clkbuf_16)
                                                         clknet_0_clk (net)
                      0.042039    0.001029    0.169843 ^ clkbuf_1_1__f_clk/A (sky130_fd_sc_hd__clkbuf_16)
     5    0.014588    0.037260    0.118965    0.288808 ^ clkbuf_1_1__f_clk/X (sky130_fd_sc_hd__clkbuf_16)
                                                         clknet_1_1__leaf_clk (net)
                      0.037260    0.000772    0.289581 ^ _146_/CLK (sky130_fd_sc_hd__dfrtp_1)
                                  0.250000    0.539581   clock uncertainty
                                  0.000000    0.539581   clock reconvergence pessimism
                                  0.316595    0.856175   library removal time
                                              0.856175   data required time
---------------------------------------------------------------------------------------------
                                              0.856175   data required time
                                             -1.817467   data arrival time
---------------------------------------------------------------------------------------------
                                              0.961292   slack (MET)


Startpoint: rst (input port clocked by clk)
Endpoint: _148_ (removal check against rising-edge clock clk)
Path Group: asynchronous
Path Type: min

Fanout         Cap        Slew       Delay        Time   Description
---------------------------------------------------------------------------------------------
                                  0.000000    0.000000   clock clk (rise edge)
                                  0.000000    0.000000   clock network delay (propagated)
                                  1.000000    1.000000 v input external delay
     1    0.002249    0.007350    0.003539    1.003538 v rst (in)
                                                         rst (net)
                      0.007351    0.000000    1.003538 v hold1/A (sky130_fd_sc_hd__dlygate4sd3_1)
     1    0.002729    0.052617    0.533500    1.537039 v hold1/X (sky130_fd_sc_hd__dlygate4sd3_1)
                                                         net11 (net)
                      0.052617    0.000178    1.537217 v input9/A (sky130_fd_sc_hd__clkbuf_4)
     9    0.050414    0.108894    0.207931    1.745147 v input9/X (sky130_fd_sc_hd__clkbuf_4)
                                                         net9 (net)
                      0.109281    0.005078    1.750226 v _139_/A (sky130_fd_sc_hd__inv_2)
     1    0.003888    0.039248    0.067449    1.817675 ^ _139_/Y (sky130_fd_sc_hd__inv_2)
                                                         _011_ (net)
                      0.039248    0.000206    1.817881 ^ _148_/RESET_B (sky130_fd_sc_hd__dfrtp_2)
                                              1.817881   data arrival time

                                  0.000000    0.000000   clock clk (rise edge)
                                  0.000000    0.000000   clock source latency
     1    0.011428    0.057820    0.038792    0.038792 ^ clk (in)
                                                         clk (net)
                      0.057826    0.000000    0.038792 ^ clkbuf_0_clk/A (sky130_fd_sc_hd__clkbuf_16)
     2    0.020207    0.042013    0.130023    0.168815 ^ clkbuf_0_clk/X (sky130_fd_sc_hd__clkbuf_16)
                                                         clknet_0_clk (net)
                      0.042023    0.000786    0.169600 ^ clkbuf_1_0__f_clk/A (sky130_fd_sc_hd__clkbuf_16)
     5    0.015256    0.037826    0.119574    0.289174 ^ clkbuf_1_0__f_clk/X (sky130_fd_sc_hd__clkbuf_16)
                                                         clknet_1_0__leaf_clk (net)
                      0.037826    0.000699    0.289873 ^ _148_/CLK (sky130_fd_sc_hd__dfrtp_2)
                                  0.250000    0.539873   clock uncertainty
                                  0.000000    0.539873   clock reconvergence pessimism
                                  0.316707    0.856580   library removal time
                                              0.856580   data required time
---------------------------------------------------------------------------------------------
                                              0.856580   data required time
                                             -1.817881   data arrival time
---------------------------------------------------------------------------------------------
                                              0.961301   slack (MET)


Startpoint: rst (input port clocked by clk)
Endpoint: _147_ (removal check against rising-edge clock clk)
Path Group: asynchronous
Path Type: min

Fanout         Cap        Slew       Delay        Time   Description
---------------------------------------------------------------------------------------------
                                  0.000000    0.000000   clock clk (rise edge)
                                  0.000000    0.000000   clock network delay (propagated)
                                  1.000000    1.000000 v input external delay
     1    0.002249    0.007350    0.003539    1.003538 v rst (in)
                                                         rst (net)
                      0.007351    0.000000    1.003538 v hold1/A (sky130_fd_sc_hd__dlygate4sd3_1)
     1    0.002729    0.052617    0.533500    1.537039 v hold1/X (sky130_fd_sc_hd__dlygate4sd3_1)
                                                         net11 (net)
                      0.052617    0.000178    1.537217 v input9/A (sky130_fd_sc_hd__clkbuf_4)
     9    0.050414    0.108894    0.207931    1.745147 v input9/X (sky130_fd_sc_hd__clkbuf_4)
                                                         net9 (net)
                      0.109229    0.004703    1.749851 v _138_/A (sky130_fd_sc_hd__inv_2)
     1    0.004113    0.040186    0.068725    1.818576 ^ _138_/Y (sky130_fd_sc_hd__inv_2)
                                                         _010_ (net)
                      0.040186    0.000105    1.818681 ^ _147_/RESET_B (sky130_fd_sc_hd__dfrtp_2)
                                              1.818681   data arrival time

                                  0.000000    0.000000   clock clk (rise edge)
                                  0.000000    0.000000   clock source latency
     1    0.011428    0.057820    0.038792    0.038792 ^ clk (in)
                                                         clk (net)
                      0.057826    0.000000    0.038792 ^ clkbuf_0_clk/A (sky130_fd_sc_hd__clkbuf_16)
     2    0.020207    0.042013    0.130023    0.168815 ^ clkbuf_0_clk/X (sky130_fd_sc_hd__clkbuf_16)
                                                         clknet_0_clk (net)
                      0.042023    0.000786    0.169600 ^ clkbuf_1_0__f_clk/A (sky130_fd_sc_hd__clkbuf_16)
     5    0.015256    0.037826    0.119574    0.289174 ^ clkbuf_1_0__f_clk/X (sky130_fd_sc_hd__clkbuf_16)
                                                         clknet_1_0__leaf_clk (net)
                      0.037835    0.000869    0.290043 ^ _147_/CLK (sky130_fd_sc_hd__dfrtp_2)
                                  0.250000    0.540043   clock uncertainty
                                  0.000000    0.540043   clock reconvergence pessimism
                                  0.316965    0.857008   library removal time
                                              0.857008   data required time
---------------------------------------------------------------------------------------------
                                              0.857008   data required time
                                             -1.818681   data arrival time
---------------------------------------------------------------------------------------------
                                              0.961673   slack (MET)


Startpoint: rst (input port clocked by clk)
Endpoint: _154_ (removal check against rising-edge clock clk)
Path Group: asynchronous
Path Type: min

Fanout         Cap        Slew       Delay        Time   Description
---------------------------------------------------------------------------------------------
                                  0.000000    0.000000   clock clk (rise edge)
                                  0.000000    0.000000   clock network delay (propagated)
                                  1.000000    1.000000 v input external delay
     1    0.002249    0.007350    0.003539    1.003538 v rst (in)
                                                         rst (net)
                      0.007351    0.000000    1.003538 v hold1/A (sky130_fd_sc_hd__dlygate4sd3_1)
     1    0.002729    0.052617    0.533500    1.537039 v hold1/X (sky130_fd_sc_hd__dlygate4sd3_1)
                                                         net11 (net)
                      0.052617    0.000178    1.537217 v input9/A (sky130_fd_sc_hd__clkbuf_4)
     9    0.050414    0.108894    0.207931    1.745147 v input9/X (sky130_fd_sc_hd__clkbuf_4)
                                                         net9 (net)
                      0.109001    0.003100    1.748248 v _145_/A (sky130_fd_sc_hd__inv_2)
     1    0.004369    0.041239    0.070000    1.818248 ^ _145_/Y (sky130_fd_sc_hd__inv_2)
                                                         _017_ (net)
                      0.041239    0.000236    1.818484 ^ _154_/RESET_B (sky130_fd_sc_hd__dfrtp_2)
                                              1.818484   data arrival time

                                  0.000000    0.000000   clock clk (rise edge)
                                  0.000000    0.000000   clock source latency
     1    0.011428    0.057820    0.038792    0.038792 ^ clk (in)
                                                         clk (net)
                      0.057826    0.000000    0.038792 ^ clkbuf_0_clk/A (sky130_fd_sc_hd__clkbuf_16)
     2    0.020207    0.042013    0.130023    0.168815 ^ clkbuf_0_clk/X (sky130_fd_sc_hd__clkbuf_16)
                                                         clknet_0_clk (net)
                      0.042039    0.001029    0.169843 ^ clkbuf_1_1__f_clk/A (sky130_fd_sc_hd__clkbuf_16)
     5    0.014588    0.037260    0.118965    0.288808 ^ clkbuf_1_1__f_clk/X (sky130_fd_sc_hd__clkbuf_16)
                                                         clknet_1_1__leaf_clk (net)
                      0.037260    0.000731    0.289539 ^ _154_/CLK (sky130_fd_sc_hd__dfrtp_2)
                                  0.250000    0.539539   clock uncertainty
                                  0.000000    0.539539   clock reconvergence pessimism
                                  0.317094    0.856633   library removal time
                                              0.856633   data required time
---------------------------------------------------------------------------------------------
                                              0.856633   data required time
                                             -1.818484   data arrival time
---------------------------------------------------------------------------------------------
                                              0.961851   slack (MET)


Startpoint: rst (input port clocked by clk)
Endpoint: _149_ (removal check against rising-edge clock clk)
Path Group: asynchronous
Path Type: min

Fanout         Cap        Slew       Delay        Time   Description
---------------------------------------------------------------------------------------------
                                  0.000000    0.000000   clock clk (rise edge)
                                  0.000000    0.000000   clock network delay (propagated)
                                  1.000000    1.000000 v input external delay
     1    0.002249    0.007350    0.003539    1.003538 v rst (in)
                                                         rst (net)
                      0.007351    0.000000    1.003538 v hold1/A (sky130_fd_sc_hd__dlygate4sd3_1)
     1    0.002729    0.052617    0.533500    1.537039 v hold1/X (sky130_fd_sc_hd__dlygate4sd3_1)
                                                         net11 (net)
                      0.052617    0.000178    1.537217 v input9/A (sky130_fd_sc_hd__clkbuf_4)
     9    0.050414    0.108894    0.207931    1.745147 v input9/X (sky130_fd_sc_hd__clkbuf_4)
                                                         net9 (net)
                      0.109272    0.005017    1.750164 v _140_/A (sky130_fd_sc_hd__inv_2)
     1    0.004091    0.040101    0.068621    1.818785 ^ _140_/Y (sky130_fd_sc_hd__inv_2)
                                                         _012_ (net)
                      0.040101    0.000103    1.818888 ^ _149_/RESET_B (sky130_fd_sc_hd__dfrtp_2)
                                              1.818888   data arrival time

                                  0.000000    0.000000   clock clk (rise edge)
                                  0.000000    0.000000   clock source latency
     1    0.011428    0.057820    0.038792    0.038792 ^ clk (in)
                                                         clk (net)
                      0.057826    0.000000    0.038792 ^ clkbuf_0_clk/A (sky130_fd_sc_hd__clkbuf_16)
     2    0.020207    0.042013    0.130023    0.168815 ^ clkbuf_0_clk/X (sky130_fd_sc_hd__clkbuf_16)
                                                         clknet_0_clk (net)
                      0.042023    0.000786    0.169600 ^ clkbuf_1_0__f_clk/A (sky130_fd_sc_hd__clkbuf_16)
     5    0.015256    0.037826    0.119574    0.289174 ^ clkbuf_1_0__f_clk/X (sky130_fd_sc_hd__clkbuf_16)
                                                         clknet_1_0__leaf_clk (net)
                      0.037826    0.000696    0.289870 ^ _149_/CLK (sky130_fd_sc_hd__dfrtp_2)
                                  0.250000    0.539870   clock uncertainty
                                  0.000000    0.539870   clock reconvergence pessimism
                                  0.316939    0.856810   library removal time
                                              0.856810   data required time
---------------------------------------------------------------------------------------------
                                              0.856810   data required time
                                             -1.818888   data arrival time
---------------------------------------------------------------------------------------------
                                              0.962079   slack (MET)


Startpoint: rst (input port clocked by clk)
Endpoint: _152_ (removal check against rising-edge clock clk)
Path Group: asynchronous
Path Type: min

Fanout         Cap        Slew       Delay        Time   Description
---------------------------------------------------------------------------------------------
                                  0.000000    0.000000   clock clk (rise edge)
                                  0.000000    0.000000   clock network delay (propagated)
                                  1.000000    1.000000 v input external delay
     1    0.002249    0.007350    0.003539    1.003538 v rst (in)
                                                         rst (net)
                      0.007351    0.000000    1.003538 v hold1/A (sky130_fd_sc_hd__dlygate4sd3_1)
     1    0.002729    0.052617    0.533500    1.537039 v hold1/X (sky130_fd_sc_hd__dlygate4sd3_1)
                                                         net11 (net)
                      0.052617    0.000178    1.537217 v input9/A (sky130_fd_sc_hd__clkbuf_4)
     9    0.050414    0.108894    0.207931    1.745147 v input9/X (sky130_fd_sc_hd__clkbuf_4)
                                                         net9 (net)
                      0.109099    0.004163    1.749310 v _143_/A (sky130_fd_sc_hd__inv_2)
     1    0.004521    0.041718    0.070651    1.819961 ^ _143_/Y (sky130_fd_sc_hd__inv_2)
                                                         _015_ (net)
                      0.041718    0.000120    1.820081 ^ _152_/RESET_B (sky130_fd_sc_hd__dfrtp_1)
                                              1.820081   data arrival time

                                  0.000000    0.000000   clock clk (rise edge)
                                  0.000000    0.000000   clock source latency
     1    0.011428    0.057820    0.038792    0.038792 ^ clk (in)
                                                         clk (net)
                      0.057826    0.000000    0.038792 ^ clkbuf_0_clk/A (sky130_fd_sc_hd__clkbuf_16)
     2    0.020207    0.042013    0.130023    0.168815 ^ clkbuf_0_clk/X (sky130_fd_sc_hd__clkbuf_16)
                                                         clknet_0_clk (net)
                      0.042039    0.001029    0.169843 ^ clkbuf_1_1__f_clk/A (sky130_fd_sc_hd__clkbuf_16)
     5    0.014588    0.037260    0.118965    0.288808 ^ clkbuf_1_1__f_clk/X (sky130_fd_sc_hd__clkbuf_16)
                                                         clknet_1_1__leaf_clk (net)
                      0.037270    0.000985    0.289793 ^ _152_/CLK (sky130_fd_sc_hd__dfrtp_1)
                                  0.250000    0.539793   clock uncertainty
                                  0.000000    0.539793   clock reconvergence pessimism
                                  0.317238    0.857031   library removal time
                                              0.857031   data required time
---------------------------------------------------------------------------------------------
                                              0.857031   data required time
                                             -1.820081   data arrival time
---------------------------------------------------------------------------------------------
                                              0.963050   slack (MET)


Startpoint: _146_ (rising edge-triggered flip-flop clocked by clk)
Endpoint: out (output port clocked by clk)
Path Group: clk
Path Type: min

Fanout         Cap        Slew       Delay        Time   Description
---------------------------------------------------------------------------------------------
                                  0.000000    0.000000   clock clk (rise edge)
                                  0.000000    0.000000   clock source latency
     1    0.011428    0.057820    0.038792    0.038792 ^ clk (in)
                                                         clk (net)
                      0.057826    0.000000    0.038792 ^ clkbuf_0_clk/A (sky130_fd_sc_hd__clkbuf_16)
     2    0.020207    0.042013    0.130023    0.168815 ^ clkbuf_0_clk/X (sky130_fd_sc_hd__clkbuf_16)
                                                         clknet_0_clk (net)
                      0.042039    0.001029    0.169843 ^ clkbuf_1_1__f_clk/A (sky130_fd_sc_hd__clkbuf_16)
     5    0.014588    0.037260    0.118965    0.288808 ^ clkbuf_1_1__f_clk/X (sky130_fd_sc_hd__clkbuf_16)
                                                         clknet_1_1__leaf_clk (net)
                      0.037260    0.000772    0.289581 ^ _146_/CLK (sky130_fd_sc_hd__dfrtp_1)
     1    0.002813    0.045243    0.311107    0.600688 ^ _146_/Q (sky130_fd_sc_hd__dfrtp_1)
                                                         net10 (net)
                      0.045243    0.000173    0.600861 ^ output10/A (sky130_fd_sc_hd__buf_2)
     1    0.034921    0.173407    0.199430    0.800291 ^ output10/X (sky130_fd_sc_hd__buf_2)
                                                         out (net)
                      0.173433    0.001790    0.802081 ^ out (out)
                                              0.802081   data arrival time

                                  0.000000    0.000000   clock clk (rise edge)
                                  0.000000    0.000000   clock network delay (propagated)
                                  0.250000    0.250000   clock uncertainty
                                  0.000000    0.250000   clock reconvergence pessimism
                                 -1.000000   -0.750000   output external delay
                                             -0.750000   data required time
---------------------------------------------------------------------------------------------
                                             -0.750000   data required time
                                             -0.802081   data arrival time
---------------------------------------------------------------------------------------------
                                              1.552081   slack (MET)



