
===========================================================================
report_checks -unconstrained
===========================================================================
======================= nom_ss_100C_1v60 Corner ===================================

Startpoint: rst (input port clocked by clk)
Endpoint: _146_ (recovery check against rising-edge clock clk)
Path Group: asynchronous
Path Type: max

Fanout         Cap        Slew       Delay        Time   Description
---------------------------------------------------------------------------------------------
                      0.150000    0.000000    0.000000   clock clk (rise edge)
                                  0.000000    0.000000   clock network delay (ideal)
                                  1.000000    1.000000 v input external delay
     9    0.038700    0.168577    0.118657    1.118657 v rst (in)
                                                         rst (net)
                      0.168577    0.000000    1.118657 v _081_/A (sky130_fd_sc_hd__inv_2)
     1    0.003263    0.058782    0.104692    1.223349 ^ _081_/Y (sky130_fd_sc_hd__inv_2)
                                                         _009_ (net)
                      0.058782    0.000000    1.223349 ^ _146_/RESET_B (sky130_fd_sc_hd__dfrtp_2)
                                              1.223349   data arrival time

                      0.150000    5.000000    5.000000   clock clk (rise edge)
                                  0.000000    5.000000   clock network delay (ideal)
                                 -0.250000    4.750000   clock uncertainty
                                  0.000000    4.750000   clock reconvergence pessimism
                                              4.750000 ^ _146_/CLK (sky130_fd_sc_hd__dfrtp_2)
                                  0.476049    5.226049   library recovery time
                                              5.226049   data required time
---------------------------------------------------------------------------------------------
                                              5.226049   data required time
                                             -1.223349   data arrival time
---------------------------------------------------------------------------------------------
                                              4.002700   slack (MET)


Startpoint: psc[3] (input port clocked by clk)
Endpoint: _148_ (rising edge-triggered flip-flop clocked by clk)
Path Group: clk
Path Type: max

Fanout         Cap        Slew       Delay        Time   Description
---------------------------------------------------------------------------------------------
                      0.150000    0.000000    0.000000   clock clk (rise edge)
                                  0.000000    0.000000   clock network delay (ideal)
                                  1.000000    1.000000 v input external delay
     2    0.005596    0.030458    0.017987    1.017987 v psc[3] (in)
                                                         psc[3] (net)
                      0.030458    0.000000    1.017987 v _084_/A (sky130_fd_sc_hd__or4_2)
     3    0.013634    0.302393    1.688670    2.706656 v _084_/X (sky130_fd_sc_hd__or4_2)
                                                         _028_ (net)
                      0.302393    0.000000    2.706656 v _085_/C (sky130_fd_sc_hd__or3_2)
     3    0.009794    0.212899    1.128062    3.834718 v _085_/X (sky130_fd_sc_hd__or3_2)
                                                         _029_ (net)
                      0.212899    0.000000    3.834718 v _100_/A (sky130_fd_sc_hd__and2_2)
     2    0.003563    0.075186    0.419861    4.254579 v _100_/X (sky130_fd_sc_hd__and2_2)
                                                         _044_ (net)
                      0.075186    0.000000    4.254579 v _101_/B1 (sky130_fd_sc_hd__a22o_2)
     1    0.002248    0.063900    0.374100    4.628679 v _101_/X (sky130_fd_sc_hd__a22o_2)
                                                         _045_ (net)
                      0.063900    0.000000    4.628679 v _105_/A2 (sky130_fd_sc_hd__o221a_2)
     1    0.004246    0.091380    0.495045    5.123724 v _105_/X (sky130_fd_sc_hd__o221a_2)
                                                         _049_ (net)
                      0.091380    0.000000    5.123724 v _107_/B1 (sky130_fd_sc_hd__o22ai_2)
     8    0.011452    0.324170    0.287260    5.410984 ^ _107_/Y (sky130_fd_sc_hd__o22ai_2)
                                                         _051_ (net)
                      0.324170    0.000000    5.410984 ^ _110_/B (sky130_fd_sc_hd__and3_2)
     1    0.001853    0.073773    0.421513    5.832497 ^ _110_/X (sky130_fd_sc_hd__and3_2)
                                                         _001_ (net)
                      0.073773    0.000000    5.832497 ^ _148_/D (sky130_fd_sc_hd__dfrtp_2)
                                              5.832497   data arrival time

                      0.150000    5.000000    5.000000   clock clk (rise edge)
                                  0.000000    5.000000   clock network delay (ideal)
                                 -0.250000    4.750000   clock uncertainty
                                  0.000000    4.750000   clock reconvergence pessimism
                                              4.750000 ^ _148_/CLK (sky130_fd_sc_hd__dfrtp_2)
                                 -0.125225    4.624775   library setup time
                                              4.624775   data required time
---------------------------------------------------------------------------------------------
                                              4.624775   data required time
                                             -5.832497   data arrival time
---------------------------------------------------------------------------------------------
                                             -1.207721   slack (VIOLATED)




===========================================================================
report_checks --slack_max -0.01
============================================================================
======================= nom_ss_100C_1v60 Corner ===================================

Startpoint: psc[3] (input port clocked by clk)
Endpoint: _148_ (rising edge-triggered flip-flop clocked by clk)
Path Group: clk
Path Type: max

Fanout         Cap        Slew       Delay        Time   Description
---------------------------------------------------------------------------------------------
                      0.150000    0.000000    0.000000   clock clk (rise edge)
                                  0.000000    0.000000   clock network delay (ideal)
                                  1.000000    1.000000 v input external delay
     2    0.005596    0.030458    0.017987    1.017987 v psc[3] (in)
                                                         psc[3] (net)
                      0.030458    0.000000    1.017987 v _084_/A (sky130_fd_sc_hd__or4_2)
     3    0.013634    0.302393    1.688670    2.706656 v _084_/X (sky130_fd_sc_hd__or4_2)
                                                         _028_ (net)
                      0.302393    0.000000    2.706656 v _085_/C (sky130_fd_sc_hd__or3_2)
     3    0.009794    0.212899    1.128062    3.834718 v _085_/X (sky130_fd_sc_hd__or3_2)
                                                         _029_ (net)
                      0.212899    0.000000    3.834718 v _100_/A (sky130_fd_sc_hd__and2_2)
     2    0.003563    0.075186    0.419861    4.254579 v _100_/X (sky130_fd_sc_hd__and2_2)
                                                         _044_ (net)
                      0.075186    0.000000    4.254579 v _101_/B1 (sky130_fd_sc_hd__a22o_2)
     1    0.002248    0.063900    0.374100    4.628679 v _101_/X (sky130_fd_sc_hd__a22o_2)
                                                         _045_ (net)
                      0.063900    0.000000    4.628679 v _105_/A2 (sky130_fd_sc_hd__o221a_2)
     1    0.004246    0.091380    0.495045    5.123724 v _105_/X (sky130_fd_sc_hd__o221a_2)
                                                         _049_ (net)
                      0.091380    0.000000    5.123724 v _107_/B1 (sky130_fd_sc_hd__o22ai_2)
     8    0.011452    0.324170    0.287260    5.410984 ^ _107_/Y (sky130_fd_sc_hd__o22ai_2)
                                                         _051_ (net)
                      0.324170    0.000000    5.410984 ^ _110_/B (sky130_fd_sc_hd__and3_2)
     1    0.001853    0.073773    0.421513    5.832497 ^ _110_/X (sky130_fd_sc_hd__and3_2)
                                                         _001_ (net)
                      0.073773    0.000000    5.832497 ^ _148_/D (sky130_fd_sc_hd__dfrtp_2)
                                              5.832497   data arrival time

                      0.150000    5.000000    5.000000   clock clk (rise edge)
                                  0.000000    5.000000   clock network delay (ideal)
                                 -0.250000    4.750000   clock uncertainty
                                  0.000000    4.750000   clock reconvergence pessimism
                                              4.750000 ^ _148_/CLK (sky130_fd_sc_hd__dfrtp_2)
                                 -0.125225    4.624775   library setup time
                                              4.624775   data required time
---------------------------------------------------------------------------------------------
                                              4.624775   data required time
                                             -5.832497   data arrival time
---------------------------------------------------------------------------------------------
                                             -1.207721   slack (VIOLATED)




===========================================================================
 report_check_types -max_slew -max_cap -max_fanout -violators
============================================================================
======================= nom_ss_100C_1v60 Corner ===================================



===========================================================================
report_parasitic_annotation -report_unannotated
============================================================================
Found 92 unannotated drivers.
 clk
 psc[0]
 psc[1]
 psc[2]
 psc[3]
 psc[4]
 psc[5]
 psc[6]
 psc[7]
 rst
 _073_/Y
 _074_/Y
 _075_/Y
 _076_/Y
 _077_/Y
 _078_/Y
 _079_/Y
 _080_/Y
 _081_/Y
 _082_/Y
 _083_/X
 _084_/X
 _085_/X
 _086_/Y
 _087_/Y
 _088_/Y
 _089_/Y
 _090_/Y
 _091_/Y
 _092_/Y
 _093_/X
 _094_/Y
 _095_/X
 _096_/Y
 _097_/X
 _098_/X
 _099_/Y
 _100_/X
 _101_/X
 _102_/X
 _103_/Y
 _104_/X
 _105_/X
 _106_/X
 _107_/Y
 _108_/X
 _109_/X
 _110_/X
 _111_/Y
 _112_/X
 _113_/X
 _114_/Y
 _115_/X
 _116_/X
 _117_/Y
 _118_/X
 _119_/X
 _120_/X
 _121_/Y
 _122_/X
 _123_/X
 _124_/Y
 _125_/X
 _126_/X
 _127_/Y
 _128_/X
 _129_/X
 _130_/X
 _131_/X
 _132_/X
 _133_/X
 _134_/X
 _135_/X
 _136_/X
 _137_/Y
 _138_/Y
 _139_/Y
 _140_/Y
 _141_/Y
 _142_/Y
 _143_/Y
 _144_/Y
 _145_/Y
 _146_/Q
 _147_/Q
 _148_/Q
 _149_/Q
 _150_/Q
 _151_/Q
 _152_/Q
 _153_/Q
 _154_/Q
Found 0 partially unannotated drivers.

===========================================================================
max slew violation count 0
max fanout violation count 0
max cap violation count 0
============================================================================

===========================================================================
check_setup -verbose -unconstrained_endpoints -multiple_clock -no_clock -no_input_delay -loops -generated_clocks
===========================================================================
