Clock: clk
Sources: clk 
Generated: no
Virtual: yes
Propagated: no
Period: 5.000000

===========================================================================
report_clock_properties
============================================================================
Clock                   Period          Waveform
----------------------------------------------------
clk                   5.000000    0.000000  2.500000

===========================================================================
report_clock_latency
============================================================================
Clock clk
rise -> rise
    min     max
0.000000 0.000000 source latency
0.197426         network latency _154_/CLK
        0.197961 network latency _150_/CLK
---------------
0.197426 0.197961 latency
        0.000536 skew

fall -> fall
    min     max
0.000000 0.000000 source latency
0.195650         network latency _154_/CLK
        0.196181 network latency _150_/CLK
---------------
0.195650 0.196181 latency
        0.000531 skew



===========================================================================
report_clock_min_period
============================================================================
clk period_min = 1.33 fmax = 752.47
