
===========================================================================
report_checks -unconstrained
===========================================================================
======================= nom_ff_n40C_1v95 Corner ===================================

Startpoint: div_i[1] (input port clocked by clk)
Endpoint: div_ready_o (output port clocked by clk)
Path Group: clk
Path Type: max

Fanout         Cap        Slew       Delay        Time   Description
---------------------------------------------------------------------------------------------
                      0.000000    0.000000    0.000000   clock clk (rise edge)
                                  0.000000    0.000000   clock network delay (ideal)
                                  1.000000    1.000000 v input external delay
     1    0.002715    0.004596    0.002204    1.002204 v div_i[1] (in)
                                                         div_i[1] (net)
                      0.004597    0.000000    1.002204 v input3/A (sky130_fd_sc_hd__buf_1)
     3    0.010442    0.045400    0.070429    1.072633 v input3/X (sky130_fd_sc_hd__buf_1)
                                                         net3 (net)
                      0.045400    0.000205    1.072838 v _178_/A (sky130_fd_sc_hd__or4_4)
     1    0.008275    0.063056    0.327920    1.400759 v _178_/X (sky130_fd_sc_hd__or4_4)
                                                         _031_ (net)
                      0.063056    0.000259    1.401018 v _179_/D (sky130_fd_sc_hd__nor4_4)
     2    0.010077    0.182782    0.130434    1.531451 ^ _179_/Y (sky130_fd_sc_hd__nor4_4)
                                                         _032_ (net)
                      0.182782    0.000374    1.531826 ^ _180_/B (sky130_fd_sc_hd__nor2_2)
     2    0.012040    0.052500    0.039433    1.571259 v _180_/Y (sky130_fd_sc_hd__nor2_2)
                                                         _033_ (net)
                      0.052505    0.000410    1.571669 v _195_/B (sky130_fd_sc_hd__xnor2_2)
     2    0.007661    0.051358    0.095471    1.667140 v _195_/Y (sky130_fd_sc_hd__xnor2_2)
                                                         _048_ (net)
                      0.051358    0.000221    1.667361 v _196_/A (sky130_fd_sc_hd__nor2_2)
     1    0.003830    0.053225    0.075597    1.742957 ^ _196_/Y (sky130_fd_sc_hd__nor2_2)
                                                         _049_ (net)
                      0.053225    0.000117    1.743074 ^ _197_/A1 (sky130_fd_sc_hd__a31o_1)
     1    0.006275    0.053721    0.094522    1.837596 ^ _197_/X (sky130_fd_sc_hd__a31o_1)
                                                         net23 (net)
                      0.053721    0.000215    1.837811 ^ output23/A (sky130_fd_sc_hd__buf_6)
     1    0.034959    0.058347    0.091507    1.929318 ^ output23/X (sky130_fd_sc_hd__buf_6)
                                                         div_ready_o (net)
                      0.058393    0.000917    1.930235 ^ div_ready_o (out)
                                              1.930235   data arrival time

                      0.000000    5.000000    5.000000   clock clk (rise edge)
                                  0.000000    5.000000   clock network delay (ideal)
                                 -0.250000    4.750000   clock uncertainty
                                  0.000000    4.750000   clock reconvergence pessimism
                                 -1.000000    3.750000   output external delay
                                              3.750000   data required time
---------------------------------------------------------------------------------------------
                                              3.750000   data required time
                                             -1.930235   data arrival time
---------------------------------------------------------------------------------------------
                                              1.819765   slack (MET)




===========================================================================
report_checks --slack_max -0.01
============================================================================
======================= nom_ff_n40C_1v95 Corner ===================================

No paths found.


===========================================================================
 report_check_types -max_slew -max_cap -max_fanout -violators
============================================================================
======================= nom_ff_n40C_1v95 Corner ===================================



===========================================================================
report_parasitic_annotation -report_unannotated
============================================================================
Found 0 unannotated drivers.
Found 0 partially unannotated drivers.

===========================================================================
max slew violation count 0
max fanout violation count 0
max cap violation count 0
============================================================================

===========================================================================
check_setup -verbose -unconstrained_endpoints -multiple_clock -no_clock -no_input_delay -loops -generated_clocks
===========================================================================
Warning: There are 25 unclocked register/latch pins.
  _284_/CLK
  _285_/CLK
  _286_/CLK
  _287_/CLK
  _288_/CLK
  _289_/CLK
  _290_/CLK
  _291_/CLK
  _292_/CLK
  _293_/CLK
  _294_/CLK
  _295_/CLK
  _296_/CLK
  _297_/CLK
  _298_/CLK
  _299_/CLK
  _300_/CLK
  _301_/CLK
  _302_/CLK
  _303_/CLK
  _304_/CLK
  _305_/CLK
  _306_/CLK
  _307_/CLK
  _308_/GATE
Warning: There are 33 unconstrained endpoints.
  cycl_count_o[0]
  cycl_count_o[1]
  cycl_count_o[2]
  cycl_count_o[3]
  cycl_count_o[4]
  cycl_count_o[5]
  cycl_count_o[6]
  cycl_count_o[7]
  _284_/D
  _285_/D
  _286_/D
  _287_/D
  _288_/D
  _289_/D
  _290_/D
  _291_/D
  _292_/D
  _293_/D
  _294_/D
  _295_/D
  _296_/D
  _297_/D
  _298_/D
  _299_/D
  _300_/D
  _301_/D
  _302_/D
  _303_/D
  _304_/D
  _305_/D
  _306_/D
  _307_/D
  _308_/D
