Clock: clk
Sources: 
Generated: no
Virtual: yes
Propagated: no
Period: 5.000000

===========================================================================
report_clock_properties
============================================================================
Clock                   Period          Waveform
----------------------------------------------------
clk                   5.000000    0.000000  2.500000

===========================================================================
report_clock_latency
============================================================================
Clock clk
rise -> rise
    min     max
0.000000 0.000000 source latency
1.238244         network latency _296_/CLK
        1.473755 network latency _291_/CLK
---------------
1.238244 1.473755 latency
        0.235511 skew

rise -> fall
    min     max
0.000000 0.000000 source latency
1.175824         network latency _296_/CLK
        1.446590 network latency _308_/GATE
---------------
1.175824 1.446590 latency
        0.270767 skew



===========================================================================
report_clock_min_period
============================================================================
clk period_min = 0.00 fmax = inf
