
===========================================================================
report_checks -path_delay max (Setup)
============================================================================
======================= nom_tt_025C_1v80 Corner ===================================

Startpoint: psc[3] (input port clocked by clk)
Endpoint: _148_ (rising edge-triggered flip-flop clocked by clk)
Path Group: clk
Path Type: max

Fanout         Cap        Slew       Delay        Time   Description
---------------------------------------------------------------------------------------------
                      0.150000    0.000000    0.000000   clock clk (rise edge)
                                  0.000000    0.000000   clock network delay (ideal)
                                  1.000000    1.000000 v input external delay
     2    0.005620    0.015389    0.009070    1.009070 v psc[3] (in)
                                                         psc[3] (net)
                      0.015389    0.000000    1.009070 v _084_/A (sky130_fd_sc_hd__or4_2)
     3    0.013489    0.145430    0.717752    1.726822 v _084_/X (sky130_fd_sc_hd__or4_2)
                                                         _028_ (net)
                      0.145430    0.000000    1.726822 v _085_/C (sky130_fd_sc_hd__or3_2)
     3    0.009769    0.102695    0.476543    2.203365 v _085_/X (sky130_fd_sc_hd__or3_2)
                                                         _029_ (net)
                      0.102695    0.000000    2.203365 v _100_/A (sky130_fd_sc_hd__and2_2)
     2    0.003538    0.039337    0.190953    2.394318 v _100_/X (sky130_fd_sc_hd__and2_2)
                                                         _044_ (net)
                      0.039337    0.000000    2.394318 v _101_/B1 (sky130_fd_sc_hd__a22o_2)
     1    0.002214    0.037899    0.195753    2.590071 v _101_/X (sky130_fd_sc_hd__a22o_2)
                                                         _045_ (net)
                      0.037899    0.000000    2.590071 v _105_/A2 (sky130_fd_sc_hd__o221a_2)
     1    0.004176    0.047839    0.264293    2.854364 v _105_/X (sky130_fd_sc_hd__o221a_2)
                                                         _049_ (net)
                      0.047839    0.000000    2.854364 v _107_/B1 (sky130_fd_sc_hd__o22ai_2)
     8    0.011978    0.203712    0.171672    3.026036 ^ _107_/Y (sky130_fd_sc_hd__o22ai_2)
                                                         _051_ (net)
                      0.203712    0.000000    3.026036 ^ _110_/B (sky130_fd_sc_hd__and3_2)
     1    0.002005    0.039911    0.199725    3.225761 ^ _110_/X (sky130_fd_sc_hd__and3_2)
                                                         _001_ (net)
                      0.039911    0.000000    3.225761 ^ _148_/D (sky130_fd_sc_hd__dfrtp_2)
                                              3.225761   data arrival time

                      0.150000    5.000000    5.000000   clock clk (rise edge)
                                  0.000000    5.000000   clock network delay (ideal)
                                 -0.250000    4.750000   clock uncertainty
                                  0.000000    4.750000   clock reconvergence pessimism
                                              4.750000 ^ _148_/CLK (sky130_fd_sc_hd__dfrtp_2)
                                 -0.046324    4.703677   library setup time
                                              4.703677   data required time
---------------------------------------------------------------------------------------------
                                              4.703677   data required time
                                             -3.225761   data arrival time
---------------------------------------------------------------------------------------------
                                              1.477916   slack (MET)


Startpoint: psc[3] (input port clocked by clk)
Endpoint: _150_ (rising edge-triggered flip-flop clocked by clk)
Path Group: clk
Path Type: max

Fanout         Cap        Slew       Delay        Time   Description
---------------------------------------------------------------------------------------------
                      0.150000    0.000000    0.000000   clock clk (rise edge)
                                  0.000000    0.000000   clock network delay (ideal)
                                  1.000000    1.000000 v input external delay
     2    0.005620    0.015389    0.009070    1.009070 v psc[3] (in)
                                                         psc[3] (net)
                      0.015389    0.000000    1.009070 v _084_/A (sky130_fd_sc_hd__or4_2)
     3    0.013489    0.145430    0.717752    1.726822 v _084_/X (sky130_fd_sc_hd__or4_2)
                                                         _028_ (net)
                      0.145430    0.000000    1.726822 v _085_/C (sky130_fd_sc_hd__or3_2)
     3    0.009769    0.102695    0.476543    2.203365 v _085_/X (sky130_fd_sc_hd__or3_2)
                                                         _029_ (net)
                      0.102695    0.000000    2.203365 v _100_/A (sky130_fd_sc_hd__and2_2)
     2    0.003538    0.039337    0.190953    2.394318 v _100_/X (sky130_fd_sc_hd__and2_2)
                                                         _044_ (net)
                      0.039337    0.000000    2.394318 v _101_/B1 (sky130_fd_sc_hd__a22o_2)
     1    0.002214    0.037899    0.195753    2.590071 v _101_/X (sky130_fd_sc_hd__a22o_2)
                                                         _045_ (net)
                      0.037899    0.000000    2.590071 v _105_/A2 (sky130_fd_sc_hd__o221a_2)
     1    0.004176    0.047839    0.264293    2.854364 v _105_/X (sky130_fd_sc_hd__o221a_2)
                                                         _049_ (net)
                      0.047839    0.000000    2.854364 v _107_/B1 (sky130_fd_sc_hd__o22ai_2)
     8    0.011978    0.203712    0.171672    3.026036 ^ _107_/Y (sky130_fd_sc_hd__o22ai_2)
                                                         _051_ (net)
                      0.203712    0.000000    3.026036 ^ _116_/A (sky130_fd_sc_hd__and3_2)
     1    0.002005    0.040215    0.199383    3.225419 ^ _116_/X (sky130_fd_sc_hd__and3_2)
                                                         _003_ (net)
                      0.040215    0.000000    3.225419 ^ _150_/D (sky130_fd_sc_hd__dfrtp_2)
                                              3.225419   data arrival time

                      0.150000    5.000000    5.000000   clock clk (rise edge)
                                  0.000000    5.000000   clock network delay (ideal)
                                 -0.250000    4.750000   clock uncertainty
                                  0.000000    4.750000   clock reconvergence pessimism
                                              4.750000 ^ _150_/CLK (sky130_fd_sc_hd__dfrtp_2)
                                 -0.046393    4.703607   library setup time
                                              4.703607   data required time
---------------------------------------------------------------------------------------------
                                              4.703607   data required time
                                             -3.225419   data arrival time
---------------------------------------------------------------------------------------------
                                              1.478188   slack (MET)


Startpoint: psc[3] (input port clocked by clk)
Endpoint: _151_ (rising edge-triggered flip-flop clocked by clk)
Path Group: clk
Path Type: max

Fanout         Cap        Slew       Delay        Time   Description
---------------------------------------------------------------------------------------------
                      0.150000    0.000000    0.000000   clock clk (rise edge)
                                  0.000000    0.000000   clock network delay (ideal)
                                  1.000000    1.000000 v input external delay
     2    0.005620    0.015389    0.009070    1.009070 v psc[3] (in)
                                                         psc[3] (net)
                      0.015389    0.000000    1.009070 v _084_/A (sky130_fd_sc_hd__or4_2)
     3    0.013489    0.145430    0.717752    1.726822 v _084_/X (sky130_fd_sc_hd__or4_2)
                                                         _028_ (net)
                      0.145430    0.000000    1.726822 v _085_/C (sky130_fd_sc_hd__or3_2)
     3    0.009769    0.102695    0.476543    2.203365 v _085_/X (sky130_fd_sc_hd__or3_2)
                                                         _029_ (net)
                      0.102695    0.000000    2.203365 v _100_/A (sky130_fd_sc_hd__and2_2)
     2    0.003538    0.039337    0.190953    2.394318 v _100_/X (sky130_fd_sc_hd__and2_2)
                                                         _044_ (net)
                      0.039337    0.000000    2.394318 v _101_/B1 (sky130_fd_sc_hd__a22o_2)
     1    0.002214    0.037899    0.195753    2.590071 v _101_/X (sky130_fd_sc_hd__a22o_2)
                                                         _045_ (net)
                      0.037899    0.000000    2.590071 v _105_/A2 (sky130_fd_sc_hd__o221a_2)
     1    0.004176    0.047839    0.264293    2.854364 v _105_/X (sky130_fd_sc_hd__o221a_2)
                                                         _049_ (net)
                      0.047839    0.000000    2.854364 v _107_/B1 (sky130_fd_sc_hd__o22ai_2)
     8    0.011978    0.203712    0.171672    3.026036 ^ _107_/Y (sky130_fd_sc_hd__o22ai_2)
                                                         _051_ (net)
                      0.203712    0.000000    3.026036 ^ _119_/A (sky130_fd_sc_hd__and3_2)
     1    0.002005    0.040215    0.199383    3.225419 ^ _119_/X (sky130_fd_sc_hd__and3_2)
                                                         _004_ (net)
                      0.040215    0.000000    3.225419 ^ _151_/D (sky130_fd_sc_hd__dfrtp_2)
                                              3.225419   data arrival time

                      0.150000    5.000000    5.000000   clock clk (rise edge)
                                  0.000000    5.000000   clock network delay (ideal)
                                 -0.250000    4.750000   clock uncertainty
                                  0.000000    4.750000   clock reconvergence pessimism
                                              4.750000 ^ _151_/CLK (sky130_fd_sc_hd__dfrtp_2)
                                 -0.046393    4.703607   library setup time
                                              4.703607   data required time
---------------------------------------------------------------------------------------------
                                              4.703607   data required time
                                             -3.225419   data arrival time
---------------------------------------------------------------------------------------------
                                              1.478188   slack (MET)


Startpoint: psc[3] (input port clocked by clk)
Endpoint: _152_ (rising edge-triggered flip-flop clocked by clk)
Path Group: clk
Path Type: max

Fanout         Cap        Slew       Delay        Time   Description
---------------------------------------------------------------------------------------------
                      0.150000    0.000000    0.000000   clock clk (rise edge)
                                  0.000000    0.000000   clock network delay (ideal)
                                  1.000000    1.000000 v input external delay
     2    0.005620    0.015389    0.009070    1.009070 v psc[3] (in)
                                                         psc[3] (net)
                      0.015389    0.000000    1.009070 v _084_/A (sky130_fd_sc_hd__or4_2)
     3    0.013489    0.145430    0.717752    1.726822 v _084_/X (sky130_fd_sc_hd__or4_2)
                                                         _028_ (net)
                      0.145430    0.000000    1.726822 v _085_/C (sky130_fd_sc_hd__or3_2)
     3    0.009769    0.102695    0.476543    2.203365 v _085_/X (sky130_fd_sc_hd__or3_2)
                                                         _029_ (net)
                      0.102695    0.000000    2.203365 v _100_/A (sky130_fd_sc_hd__and2_2)
     2    0.003538    0.039337    0.190953    2.394318 v _100_/X (sky130_fd_sc_hd__and2_2)
                                                         _044_ (net)
                      0.039337    0.000000    2.394318 v _101_/B1 (sky130_fd_sc_hd__a22o_2)
     1    0.002214    0.037899    0.195753    2.590071 v _101_/X (sky130_fd_sc_hd__a22o_2)
                                                         _045_ (net)
                      0.037899    0.000000    2.590071 v _105_/A2 (sky130_fd_sc_hd__o221a_2)
     1    0.004176    0.047839    0.264293    2.854364 v _105_/X (sky130_fd_sc_hd__o221a_2)
                                                         _049_ (net)
                      0.047839    0.000000    2.854364 v _107_/B1 (sky130_fd_sc_hd__o22ai_2)
     8    0.011978    0.203712    0.171672    3.026036 ^ _107_/Y (sky130_fd_sc_hd__o22ai_2)
                                                         _051_ (net)
                      0.203712    0.000000    3.026036 ^ _123_/A (sky130_fd_sc_hd__and3_2)
     1    0.002005    0.040215    0.199383    3.225419 ^ _123_/X (sky130_fd_sc_hd__and3_2)
                                                         _005_ (net)
                      0.040215    0.000000    3.225419 ^ _152_/D (sky130_fd_sc_hd__dfrtp_2)
                                              3.225419   data arrival time

                      0.150000    5.000000    5.000000   clock clk (rise edge)
                                  0.000000    5.000000   clock network delay (ideal)
                                 -0.250000    4.750000   clock uncertainty
                                  0.000000    4.750000   clock reconvergence pessimism
                                              4.750000 ^ _152_/CLK (sky130_fd_sc_hd__dfrtp_2)
                                 -0.046393    4.703607   library setup time
                                              4.703607   data required time
---------------------------------------------------------------------------------------------
                                              4.703607   data required time
                                             -3.225419   data arrival time
---------------------------------------------------------------------------------------------
                                              1.478188   slack (MET)


Startpoint: psc[3] (input port clocked by clk)
Endpoint: _153_ (rising edge-triggered flip-flop clocked by clk)
Path Group: clk
Path Type: max

Fanout         Cap        Slew       Delay        Time   Description
---------------------------------------------------------------------------------------------
                      0.150000    0.000000    0.000000   clock clk (rise edge)
                                  0.000000    0.000000   clock network delay (ideal)
                                  1.000000    1.000000 v input external delay
     2    0.005620    0.015389    0.009070    1.009070 v psc[3] (in)
                                                         psc[3] (net)
                      0.015389    0.000000    1.009070 v _084_/A (sky130_fd_sc_hd__or4_2)
     3    0.013489    0.145430    0.717752    1.726822 v _084_/X (sky130_fd_sc_hd__or4_2)
                                                         _028_ (net)
                      0.145430    0.000000    1.726822 v _085_/C (sky130_fd_sc_hd__or3_2)
     3    0.009769    0.102695    0.476543    2.203365 v _085_/X (sky130_fd_sc_hd__or3_2)
                                                         _029_ (net)
                      0.102695    0.000000    2.203365 v _100_/A (sky130_fd_sc_hd__and2_2)
     2    0.003538    0.039337    0.190953    2.394318 v _100_/X (sky130_fd_sc_hd__and2_2)
                                                         _044_ (net)
                      0.039337    0.000000    2.394318 v _101_/B1 (sky130_fd_sc_hd__a22o_2)
     1    0.002214    0.037899    0.195753    2.590071 v _101_/X (sky130_fd_sc_hd__a22o_2)
                                                         _045_ (net)
                      0.037899    0.000000    2.590071 v _105_/A2 (sky130_fd_sc_hd__o221a_2)
     1    0.004176    0.047839    0.264293    2.854364 v _105_/X (sky130_fd_sc_hd__o221a_2)
                                                         _049_ (net)
                      0.047839    0.000000    2.854364 v _107_/B1 (sky130_fd_sc_hd__o22ai_2)
     8    0.011978    0.203712    0.171672    3.026036 ^ _107_/Y (sky130_fd_sc_hd__o22ai_2)
                                                         _051_ (net)
                      0.203712    0.000000    3.026036 ^ _126_/A (sky130_fd_sc_hd__and3_2)
     1    0.002005    0.040215    0.199383    3.225419 ^ _126_/X (sky130_fd_sc_hd__and3_2)
                                                         _006_ (net)
                      0.040215    0.000000    3.225419 ^ _153_/D (sky130_fd_sc_hd__dfrtp_2)
                                              3.225419   data arrival time

                      0.150000    5.000000    5.000000   clock clk (rise edge)
                                  0.000000    5.000000   clock network delay (ideal)
                                 -0.250000    4.750000   clock uncertainty
                                  0.000000    4.750000   clock reconvergence pessimism
                                              4.750000 ^ _153_/CLK (sky130_fd_sc_hd__dfrtp_2)
                                 -0.046393    4.703607   library setup time
                                              4.703607   data required time
---------------------------------------------------------------------------------------------
                                              4.703607   data required time
                                             -3.225419   data arrival time
---------------------------------------------------------------------------------------------
                                              1.478188   slack (MET)


Startpoint: psc[3] (input port clocked by clk)
Endpoint: _149_ (rising edge-triggered flip-flop clocked by clk)
Path Group: clk
Path Type: max

Fanout         Cap        Slew       Delay        Time   Description
---------------------------------------------------------------------------------------------
                      0.150000    0.000000    0.000000   clock clk (rise edge)
                                  0.000000    0.000000   clock network delay (ideal)
                                  1.000000    1.000000 v input external delay
     2    0.005620    0.015389    0.009070    1.009070 v psc[3] (in)
                                                         psc[3] (net)
                      0.015389    0.000000    1.009070 v _084_/A (sky130_fd_sc_hd__or4_2)
     3    0.013489    0.145430    0.717752    1.726822 v _084_/X (sky130_fd_sc_hd__or4_2)
                                                         _028_ (net)
                      0.145430    0.000000    1.726822 v _085_/C (sky130_fd_sc_hd__or3_2)
     3    0.009769    0.102695    0.476543    2.203365 v _085_/X (sky130_fd_sc_hd__or3_2)
                                                         _029_ (net)
                      0.102695    0.000000    2.203365 v _100_/A (sky130_fd_sc_hd__and2_2)
     2    0.003538    0.039337    0.190953    2.394318 v _100_/X (sky130_fd_sc_hd__and2_2)
                                                         _044_ (net)
                      0.039337    0.000000    2.394318 v _101_/B1 (sky130_fd_sc_hd__a22o_2)
     1    0.002214    0.037899    0.195753    2.590071 v _101_/X (sky130_fd_sc_hd__a22o_2)
                                                         _045_ (net)
                      0.037899    0.000000    2.590071 v _105_/A2 (sky130_fd_sc_hd__o221a_2)
     1    0.004176    0.047839    0.264293    2.854364 v _105_/X (sky130_fd_sc_hd__o221a_2)
                                                         _049_ (net)
                      0.047839    0.000000    2.854364 v _107_/B1 (sky130_fd_sc_hd__o22ai_2)
     8    0.011978    0.203712    0.171672    3.026036 ^ _107_/Y (sky130_fd_sc_hd__o22ai_2)
                                                         _051_ (net)
                      0.203712    0.000000    3.026036 ^ _112_/A (sky130_fd_sc_hd__and2_2)
     1    0.002005    0.036084    0.170398    3.196434 ^ _112_/X (sky130_fd_sc_hd__and2_2)
                                                         _002_ (net)
                      0.036084    0.000000    3.196434 ^ _149_/D (sky130_fd_sc_hd__dfrtp_2)
                                              3.196434   data arrival time

                      0.150000    5.000000    5.000000   clock clk (rise edge)
                                  0.000000    5.000000   clock network delay (ideal)
                                 -0.250000    4.750000   clock uncertainty
                                  0.000000    4.750000   clock reconvergence pessimism
                                              4.750000 ^ _149_/CLK (sky130_fd_sc_hd__dfrtp_2)
                                 -0.045450    4.704550   library setup time
                                              4.704550   data required time
---------------------------------------------------------------------------------------------
                                              4.704550   data required time
                                             -3.196434   data arrival time
---------------------------------------------------------------------------------------------
                                              1.508116   slack (MET)


Startpoint: psc[3] (input port clocked by clk)
Endpoint: _154_ (rising edge-triggered flip-flop clocked by clk)
Path Group: clk
Path Type: max

Fanout         Cap        Slew       Delay        Time   Description
---------------------------------------------------------------------------------------------
                      0.150000    0.000000    0.000000   clock clk (rise edge)
                                  0.000000    0.000000   clock network delay (ideal)
                                  1.000000    1.000000 v input external delay
     2    0.005620    0.015389    0.009070    1.009070 v psc[3] (in)
                                                         psc[3] (net)
                      0.015389    0.000000    1.009070 v _084_/A (sky130_fd_sc_hd__or4_2)
     3    0.013489    0.145430    0.717752    1.726822 v _084_/X (sky130_fd_sc_hd__or4_2)
                                                         _028_ (net)
                      0.145430    0.000000    1.726822 v _085_/C (sky130_fd_sc_hd__or3_2)
     3    0.009769    0.102695    0.476543    2.203365 v _085_/X (sky130_fd_sc_hd__or3_2)
                                                         _029_ (net)
                      0.102695    0.000000    2.203365 v _100_/A (sky130_fd_sc_hd__and2_2)
     2    0.003538    0.039337    0.190953    2.394318 v _100_/X (sky130_fd_sc_hd__and2_2)
                                                         _044_ (net)
                      0.039337    0.000000    2.394318 v _101_/B1 (sky130_fd_sc_hd__a22o_2)
     1    0.002214    0.037899    0.195753    2.590071 v _101_/X (sky130_fd_sc_hd__a22o_2)
                                                         _045_ (net)
                      0.037899    0.000000    2.590071 v _105_/A2 (sky130_fd_sc_hd__o221a_2)
     1    0.004176    0.047839    0.264293    2.854364 v _105_/X (sky130_fd_sc_hd__o221a_2)
                                                         _049_ (net)
                      0.047839    0.000000    2.854364 v _107_/B1 (sky130_fd_sc_hd__o22ai_2)
     8    0.011978    0.203712    0.171672    3.026036 ^ _107_/Y (sky130_fd_sc_hd__o22ai_2)
                                                         _051_ (net)
                      0.203712    0.000000    3.026036 ^ _128_/A (sky130_fd_sc_hd__and2_2)
     1    0.002005    0.036084    0.170398    3.196434 ^ _128_/X (sky130_fd_sc_hd__and2_2)
                                                         _007_ (net)
                      0.036084    0.000000    3.196434 ^ _154_/D (sky130_fd_sc_hd__dfrtp_2)
                                              3.196434   data arrival time

                      0.150000    5.000000    5.000000   clock clk (rise edge)
                                  0.000000    5.000000   clock network delay (ideal)
                                 -0.250000    4.750000   clock uncertainty
                                  0.000000    4.750000   clock reconvergence pessimism
                                              4.750000 ^ _154_/CLK (sky130_fd_sc_hd__dfrtp_2)
                                 -0.045450    4.704550   library setup time
                                              4.704550   data required time
---------------------------------------------------------------------------------------------
                                              4.704550   data required time
                                             -3.196434   data arrival time
---------------------------------------------------------------------------------------------
                                              1.508116   slack (MET)


Startpoint: psc[3] (input port clocked by clk)
Endpoint: _147_ (rising edge-triggered flip-flop clocked by clk)
Path Group: clk
Path Type: max

Fanout         Cap        Slew       Delay        Time   Description
---------------------------------------------------------------------------------------------
                      0.150000    0.000000    0.000000   clock clk (rise edge)
                                  0.000000    0.000000   clock network delay (ideal)
                                  1.000000    1.000000 v input external delay
     2    0.005620    0.015389    0.009070    1.009070 v psc[3] (in)
                                                         psc[3] (net)
                      0.015389    0.000000    1.009070 v _084_/A (sky130_fd_sc_hd__or4_2)
     3    0.013489    0.145430    0.717752    1.726822 v _084_/X (sky130_fd_sc_hd__or4_2)
                                                         _028_ (net)
                      0.145430    0.000000    1.726822 v _085_/C (sky130_fd_sc_hd__or3_2)
     3    0.009769    0.102695    0.476543    2.203365 v _085_/X (sky130_fd_sc_hd__or3_2)
                                                         _029_ (net)
                      0.102695    0.000000    2.203365 v _100_/A (sky130_fd_sc_hd__and2_2)
     2    0.003538    0.039337    0.190953    2.394318 v _100_/X (sky130_fd_sc_hd__and2_2)
                                                         _044_ (net)
                      0.039337    0.000000    2.394318 v _101_/B1 (sky130_fd_sc_hd__a22o_2)
     1    0.002214    0.037899    0.195753    2.590071 v _101_/X (sky130_fd_sc_hd__a22o_2)
                                                         _045_ (net)
                      0.037899    0.000000    2.590071 v _105_/A2 (sky130_fd_sc_hd__o221a_2)
     1    0.004176    0.047839    0.264293    2.854364 v _105_/X (sky130_fd_sc_hd__o221a_2)
                                                         _049_ (net)
                      0.047839    0.000000    2.854364 v _107_/B1 (sky130_fd_sc_hd__o22ai_2)
     8    0.011978    0.203712    0.171672    3.026036 ^ _107_/Y (sky130_fd_sc_hd__o22ai_2)
                                                         _051_ (net)
                      0.203712    0.000000    3.026036 ^ _108_/B (sky130_fd_sc_hd__and2b_2)
     1    0.002005    0.033225    0.165037    3.191073 ^ _108_/X (sky130_fd_sc_hd__and2b_2)
                                                         _000_ (net)
                      0.033225    0.000000    3.191073 ^ _147_/D (sky130_fd_sc_hd__dfrtp_2)
                                              3.191073   data arrival time

                      0.150000    5.000000    5.000000   clock clk (rise edge)
                                  0.000000    5.000000   clock network delay (ideal)
                                 -0.250000    4.750000   clock uncertainty
                                  0.000000    4.750000   clock reconvergence pessimism
                                              4.750000 ^ _147_/CLK (sky130_fd_sc_hd__dfrtp_2)
                                 -0.044797    4.705203   library setup time
                                              4.705203   data required time
---------------------------------------------------------------------------------------------
                                              4.705203   data required time
                                             -3.191073   data arrival time
---------------------------------------------------------------------------------------------
                                              1.514130   slack (MET)


Startpoint: psc[1] (input port clocked by clk)
Endpoint: _146_ (rising edge-triggered flip-flop clocked by clk)
Path Group: clk
Path Type: max

Fanout         Cap        Slew       Delay        Time   Description
---------------------------------------------------------------------------------------------
                      0.150000    0.000000    0.000000   clock clk (rise edge)
                                  0.000000    0.000000   clock network delay (ideal)
                                  1.000000    1.000000 ^ input external delay
     6    0.019465    0.095073    0.063812    1.063812 ^ psc[1] (in)
                                                         psc[1] (net)
                      0.095073    0.000000    1.063812 ^ _079_/A (sky130_fd_sc_hd__inv_2)
     1    0.002242    0.022074    0.031110    1.094923 v _079_/Y (sky130_fd_sc_hd__inv_2)
                                                         _024_ (net)
                      0.022074    0.000000    1.094923 v _131_/A1 (sky130_fd_sc_hd__o22a_2)
     1    0.002067    0.033874    0.214415    1.309338 v _131_/X (sky130_fd_sc_hd__o22a_2)
                                                         _067_ (net)
                      0.033874    0.000000    1.309338 v _132_/C1 (sky130_fd_sc_hd__a221o_2)
     1    0.002253    0.050636    0.283406    1.592744 v _132_/X (sky130_fd_sc_hd__a221o_2)
                                                         _068_ (net)
                      0.050636    0.000000    1.592744 v _133_/C1 (sky130_fd_sc_hd__o221a_2)
     1    0.002248    0.041572    0.116260    1.709004 v _133_/X (sky130_fd_sc_hd__o221a_2)
                                                         _069_ (net)
                      0.041572    0.000000    1.709004 v _135_/B1 (sky130_fd_sc_hd__o221a_2)
     1    0.002067    0.040956    0.232014    1.941018 v _135_/X (sky130_fd_sc_hd__o221a_2)
                                                         _071_ (net)
                      0.040956    0.000000    1.941018 v _136_/C1 (sky130_fd_sc_hd__a221o_2)
     1    0.004609    0.059806    0.300346    2.241364 v _136_/X (sky130_fd_sc_hd__a221o_2)
                                                         _072_ (net)
                      0.059806    0.000000    2.241364 v _137_/A2 (sky130_fd_sc_hd__a21oi_2)
     1    0.002005    0.072936    0.120582    2.361945 ^ _137_/Y (sky130_fd_sc_hd__a21oi_2)
                                                         _008_ (net)
                      0.072936    0.000000    2.361945 ^ _146_/D (sky130_fd_sc_hd__dfrtp_2)
                                              2.361945   data arrival time

                      0.150000    5.000000    5.000000   clock clk (rise edge)
                                  0.000000    5.000000   clock network delay (ideal)
                                 -0.250000    4.750000   clock uncertainty
                                  0.000000    4.750000   clock reconvergence pessimism
                                              4.750000 ^ _146_/CLK (sky130_fd_sc_hd__dfrtp_2)
                                 -0.053863    4.696137   library setup time
                                              4.696137   data required time
---------------------------------------------------------------------------------------------
                                              4.696137   data required time
                                             -2.361945   data arrival time
---------------------------------------------------------------------------------------------
                                              2.334192   slack (MET)


Startpoint: _146_ (rising edge-triggered flip-flop clocked by clk)
Endpoint: out (output port clocked by clk)
Path Group: clk
Path Type: max

Fanout         Cap        Slew       Delay        Time   Description
---------------------------------------------------------------------------------------------
                      0.150000    0.000000    0.000000   clock clk (rise edge)
                                  0.000000    0.000000   clock network delay (ideal)
                      0.150000    0.000000    0.000000 ^ _146_/CLK (sky130_fd_sc_hd__dfrtp_2)
     1    0.033442    0.110070    0.504914    0.504914 v _146_/Q (sky130_fd_sc_hd__dfrtp_2)
                                                         out (net)
                      0.110070    0.000000    0.504914 v out (out)
                                              0.504914   data arrival time

                      0.150000    5.000000    5.000000   clock clk (rise edge)
                                  0.000000    5.000000   clock network delay (ideal)
                                 -0.250000    4.750000   clock uncertainty
                                  0.000000    4.750000   clock reconvergence pessimism
                                 -1.000000    3.750000   output external delay
                                              3.750000   data required time
---------------------------------------------------------------------------------------------
                                              3.750000   data required time
                                             -0.504914   data arrival time
---------------------------------------------------------------------------------------------
                                              3.245086   slack (MET)


Startpoint: rst (input port clocked by clk)
Endpoint: _146_ (recovery check against rising-edge clock clk)
Path Group: asynchronous
Path Type: max

Fanout         Cap        Slew       Delay        Time   Description
---------------------------------------------------------------------------------------------
                      0.150000    0.000000    0.000000   clock clk (rise edge)
                                  0.000000    0.000000   clock network delay (ideal)
                                  1.000000    1.000000 v input external delay
     9    0.038484    0.085728    0.061418    1.061418 v rst (in)
                                                         rst (net)
                      0.085728    0.000000    1.061418 v _081_/A (sky130_fd_sc_hd__inv_2)
     1    0.003612    0.034415    0.057864    1.119283 ^ _081_/Y (sky130_fd_sc_hd__inv_2)
                                                         _009_ (net)
                      0.034415    0.000000    1.119283 ^ _146_/RESET_B (sky130_fd_sc_hd__dfrtp_2)
                                              1.119283   data arrival time

                      0.150000    5.000000    5.000000   clock clk (rise edge)
                                  0.000000    5.000000   clock network delay (ideal)
                                 -0.250000    4.750000   clock uncertainty
                                  0.000000    4.750000   clock reconvergence pessimism
                                              4.750000 ^ _146_/CLK (sky130_fd_sc_hd__dfrtp_2)
                                  0.254514    5.004514   library recovery time
                                              5.004514   data required time
---------------------------------------------------------------------------------------------
                                              5.004514   data required time
                                             -1.119283   data arrival time
---------------------------------------------------------------------------------------------
                                              3.885231   slack (MET)


Startpoint: rst (input port clocked by clk)
Endpoint: _147_ (recovery check against rising-edge clock clk)
Path Group: asynchronous
Path Type: max

Fanout         Cap        Slew       Delay        Time   Description
---------------------------------------------------------------------------------------------
                      0.150000    0.000000    0.000000   clock clk (rise edge)
                                  0.000000    0.000000   clock network delay (ideal)
                                  1.000000    1.000000 v input external delay
     9    0.038484    0.085728    0.061418    1.061418 v rst (in)
                                                         rst (net)
                      0.085728    0.000000    1.061418 v _138_/A (sky130_fd_sc_hd__inv_2)
     1    0.003612    0.034415    0.057864    1.119283 ^ _138_/Y (sky130_fd_sc_hd__inv_2)
                                                         _010_ (net)
                      0.034415    0.000000    1.119283 ^ _147_/RESET_B (sky130_fd_sc_hd__dfrtp_2)
                                              1.119283   data arrival time

                      0.150000    5.000000    5.000000   clock clk (rise edge)
                                  0.000000    5.000000   clock network delay (ideal)
                                 -0.250000    4.750000   clock uncertainty
                                  0.000000    4.750000   clock reconvergence pessimism
                                              4.750000 ^ _147_/CLK (sky130_fd_sc_hd__dfrtp_2)
                                  0.254514    5.004514   library recovery time
                                              5.004514   data required time
---------------------------------------------------------------------------------------------
                                              5.004514   data required time
                                             -1.119283   data arrival time
---------------------------------------------------------------------------------------------
                                              3.885231   slack (MET)


Startpoint: rst (input port clocked by clk)
Endpoint: _148_ (recovery check against rising-edge clock clk)
Path Group: asynchronous
Path Type: max

Fanout         Cap        Slew       Delay        Time   Description
---------------------------------------------------------------------------------------------
                      0.150000    0.000000    0.000000   clock clk (rise edge)
                                  0.000000    0.000000   clock network delay (ideal)
                                  1.000000    1.000000 v input external delay
     9    0.038484    0.085728    0.061418    1.061418 v rst (in)
                                                         rst (net)
                      0.085728    0.000000    1.061418 v _139_/A (sky130_fd_sc_hd__inv_2)
     1    0.003612    0.034415    0.057864    1.119283 ^ _139_/Y (sky130_fd_sc_hd__inv_2)
                                                         _011_ (net)
                      0.034415    0.000000    1.119283 ^ _148_/RESET_B (sky130_fd_sc_hd__dfrtp_2)
                                              1.119283   data arrival time

                      0.150000    5.000000    5.000000   clock clk (rise edge)
                                  0.000000    5.000000   clock network delay (ideal)
                                 -0.250000    4.750000   clock uncertainty
                                  0.000000    4.750000   clock reconvergence pessimism
                                              4.750000 ^ _148_/CLK (sky130_fd_sc_hd__dfrtp_2)
                                  0.254514    5.004514   library recovery time
                                              5.004514   data required time
---------------------------------------------------------------------------------------------
                                              5.004514   data required time
                                             -1.119283   data arrival time
---------------------------------------------------------------------------------------------
                                              3.885231   slack (MET)


Startpoint: rst (input port clocked by clk)
Endpoint: _149_ (recovery check against rising-edge clock clk)
Path Group: asynchronous
Path Type: max

Fanout         Cap        Slew       Delay        Time   Description
---------------------------------------------------------------------------------------------
                      0.150000    0.000000    0.000000   clock clk (rise edge)
                                  0.000000    0.000000   clock network delay (ideal)
                                  1.000000    1.000000 v input external delay
     9    0.038484    0.085728    0.061418    1.061418 v rst (in)
                                                         rst (net)
                      0.085728    0.000000    1.061418 v _140_/A (sky130_fd_sc_hd__inv_2)
     1    0.003612    0.034415    0.057864    1.119283 ^ _140_/Y (sky130_fd_sc_hd__inv_2)
                                                         _012_ (net)
                      0.034415    0.000000    1.119283 ^ _149_/RESET_B (sky130_fd_sc_hd__dfrtp_2)
                                              1.119283   data arrival time

                      0.150000    5.000000    5.000000   clock clk (rise edge)
                                  0.000000    5.000000   clock network delay (ideal)
                                 -0.250000    4.750000   clock uncertainty
                                  0.000000    4.750000   clock reconvergence pessimism
                                              4.750000 ^ _149_/CLK (sky130_fd_sc_hd__dfrtp_2)
                                  0.254514    5.004514   library recovery time
                                              5.004514   data required time
---------------------------------------------------------------------------------------------
                                              5.004514   data required time
                                             -1.119283   data arrival time
---------------------------------------------------------------------------------------------
                                              3.885231   slack (MET)


Startpoint: rst (input port clocked by clk)
Endpoint: _150_ (recovery check against rising-edge clock clk)
Path Group: asynchronous
Path Type: max

Fanout         Cap        Slew       Delay        Time   Description
---------------------------------------------------------------------------------------------
                      0.150000    0.000000    0.000000   clock clk (rise edge)
                                  0.000000    0.000000   clock network delay (ideal)
                                  1.000000    1.000000 v input external delay
     9    0.038484    0.085728    0.061418    1.061418 v rst (in)
                                                         rst (net)
                      0.085728    0.000000    1.061418 v _141_/A (sky130_fd_sc_hd__inv_2)
     1    0.003612    0.034415    0.057864    1.119283 ^ _141_/Y (sky130_fd_sc_hd__inv_2)
                                                         _013_ (net)
                      0.034415    0.000000    1.119283 ^ _150_/RESET_B (sky130_fd_sc_hd__dfrtp_2)
                                              1.119283   data arrival time

                      0.150000    5.000000    5.000000   clock clk (rise edge)
                                  0.000000    5.000000   clock network delay (ideal)
                                 -0.250000    4.750000   clock uncertainty
                                  0.000000    4.750000   clock reconvergence pessimism
                                              4.750000 ^ _150_/CLK (sky130_fd_sc_hd__dfrtp_2)
                                  0.254514    5.004514   library recovery time
                                              5.004514   data required time
---------------------------------------------------------------------------------------------
                                              5.004514   data required time
                                             -1.119283   data arrival time
---------------------------------------------------------------------------------------------
                                              3.885231   slack (MET)


Startpoint: rst (input port clocked by clk)
Endpoint: _151_ (recovery check against rising-edge clock clk)
Path Group: asynchronous
Path Type: max

Fanout         Cap        Slew       Delay        Time   Description
---------------------------------------------------------------------------------------------
                      0.150000    0.000000    0.000000   clock clk (rise edge)
                                  0.000000    0.000000   clock network delay (ideal)
                                  1.000000    1.000000 v input external delay
     9    0.038484    0.085728    0.061418    1.061418 v rst (in)
                                                         rst (net)
                      0.085728    0.000000    1.061418 v _142_/A (sky130_fd_sc_hd__inv_2)
     1    0.003612    0.034415    0.057864    1.119283 ^ _142_/Y (sky130_fd_sc_hd__inv_2)
                                                         _014_ (net)
                      0.034415    0.000000    1.119283 ^ _151_/RESET_B (sky130_fd_sc_hd__dfrtp_2)
                                              1.119283   data arrival time

                      0.150000    5.000000    5.000000   clock clk (rise edge)
                                  0.000000    5.000000   clock network delay (ideal)
                                 -0.250000    4.750000   clock uncertainty
                                  0.000000    4.750000   clock reconvergence pessimism
                                              4.750000 ^ _151_/CLK (sky130_fd_sc_hd__dfrtp_2)
                                  0.254514    5.004514   library recovery time
                                              5.004514   data required time
---------------------------------------------------------------------------------------------
                                              5.004514   data required time
                                             -1.119283   data arrival time
---------------------------------------------------------------------------------------------
                                              3.885231   slack (MET)


Startpoint: rst (input port clocked by clk)
Endpoint: _152_ (recovery check against rising-edge clock clk)
Path Group: asynchronous
Path Type: max

Fanout         Cap        Slew       Delay        Time   Description
---------------------------------------------------------------------------------------------
                      0.150000    0.000000    0.000000   clock clk (rise edge)
                                  0.000000    0.000000   clock network delay (ideal)
                                  1.000000    1.000000 v input external delay
     9    0.038484    0.085728    0.061418    1.061418 v rst (in)
                                                         rst (net)
                      0.085728    0.000000    1.061418 v _143_/A (sky130_fd_sc_hd__inv_2)
     1    0.003612    0.034415    0.057864    1.119283 ^ _143_/Y (sky130_fd_sc_hd__inv_2)
                                                         _015_ (net)
                      0.034415    0.000000    1.119283 ^ _152_/RESET_B (sky130_fd_sc_hd__dfrtp_2)
                                              1.119283   data arrival time

                      0.150000    5.000000    5.000000   clock clk (rise edge)
                                  0.000000    5.000000   clock network delay (ideal)
                                 -0.250000    4.750000   clock uncertainty
                                  0.000000    4.750000   clock reconvergence pessimism
                                              4.750000 ^ _152_/CLK (sky130_fd_sc_hd__dfrtp_2)
                                  0.254514    5.004514   library recovery time
                                              5.004514   data required time
---------------------------------------------------------------------------------------------
                                              5.004514   data required time
                                             -1.119283   data arrival time
---------------------------------------------------------------------------------------------
                                              3.885231   slack (MET)


Startpoint: rst (input port clocked by clk)
Endpoint: _153_ (recovery check against rising-edge clock clk)
Path Group: asynchronous
Path Type: max

Fanout         Cap        Slew       Delay        Time   Description
---------------------------------------------------------------------------------------------
                      0.150000    0.000000    0.000000   clock clk (rise edge)
                                  0.000000    0.000000   clock network delay (ideal)
                                  1.000000    1.000000 v input external delay
     9    0.038484    0.085728    0.061418    1.061418 v rst (in)
                                                         rst (net)
                      0.085728    0.000000    1.061418 v _144_/A (sky130_fd_sc_hd__inv_2)
     1    0.003612    0.034415    0.057864    1.119283 ^ _144_/Y (sky130_fd_sc_hd__inv_2)
                                                         _016_ (net)
                      0.034415    0.000000    1.119283 ^ _153_/RESET_B (sky130_fd_sc_hd__dfrtp_2)
                                              1.119283   data arrival time

                      0.150000    5.000000    5.000000   clock clk (rise edge)
                                  0.000000    5.000000   clock network delay (ideal)
                                 -0.250000    4.750000   clock uncertainty
                                  0.000000    4.750000   clock reconvergence pessimism
                                              4.750000 ^ _153_/CLK (sky130_fd_sc_hd__dfrtp_2)
                                  0.254514    5.004514   library recovery time
                                              5.004514   data required time
---------------------------------------------------------------------------------------------
                                              5.004514   data required time
                                             -1.119283   data arrival time
---------------------------------------------------------------------------------------------
                                              3.885231   slack (MET)


Startpoint: rst (input port clocked by clk)
Endpoint: _154_ (recovery check against rising-edge clock clk)
Path Group: asynchronous
Path Type: max

Fanout         Cap        Slew       Delay        Time   Description
---------------------------------------------------------------------------------------------
                      0.150000    0.000000    0.000000   clock clk (rise edge)
                                  0.000000    0.000000   clock network delay (ideal)
                                  1.000000    1.000000 v input external delay
     9    0.038484    0.085728    0.061418    1.061418 v rst (in)
                                                         rst (net)
                      0.085728    0.000000    1.061418 v _145_/A (sky130_fd_sc_hd__inv_2)
     1    0.003612    0.034415    0.057864    1.119283 ^ _145_/Y (sky130_fd_sc_hd__inv_2)
                                                         _017_ (net)
                      0.034415    0.000000    1.119283 ^ _154_/RESET_B (sky130_fd_sc_hd__dfrtp_2)
                                              1.119283   data arrival time

                      0.150000    5.000000    5.000000   clock clk (rise edge)
                                  0.000000    5.000000   clock network delay (ideal)
                                 -0.250000    4.750000   clock uncertainty
                                  0.000000    4.750000   clock reconvergence pessimism
                                              4.750000 ^ _154_/CLK (sky130_fd_sc_hd__dfrtp_2)
                                  0.254514    5.004514   library recovery time
                                              5.004514   data required time
---------------------------------------------------------------------------------------------
                                              5.004514   data required time
                                             -1.119283   data arrival time
---------------------------------------------------------------------------------------------
                                              3.885231   slack (MET)



