
===========================================================================
report_checks -path_delay min (Hold)
============================================================================
======================= nom_tt_025C_1v80 Corner ===================================

Startpoint: _154_ (rising edge-triggered flip-flop clocked by clk)
Endpoint: _146_ (rising edge-triggered flip-flop clocked by clk)
Path Group: clk
Path Type: min

Fanout         Cap        Slew       Delay        Time   Description
---------------------------------------------------------------------------------------------
                      0.150000    0.000000    0.000000   clock clk (rise edge)
                                  0.000000    0.000000   clock network delay (ideal)
                      0.150000    0.000000    0.000000 ^ _154_/CLK (sky130_fd_sc_hd__dfrtp_2)
     4    0.020749    0.117051    0.440416    0.440416 ^ _154_/Q (sky130_fd_sc_hd__dfrtp_2)
                                                         counter[7] (net)
                      0.117051    0.000000    0.440416 ^ _137_/B1 (sky130_fd_sc_hd__a21oi_2)
     1    0.001949    0.026008    0.036169    0.476585 v _137_/Y (sky130_fd_sc_hd__a21oi_2)
                                                         _008_ (net)
                      0.026008    0.000000    0.476585 v _146_/D (sky130_fd_sc_hd__dfrtp_2)
                                              0.476585   data arrival time

                      0.150000    0.000000    0.000000   clock clk (rise edge)
                                  0.000000    0.000000   clock network delay (ideal)
                                  0.250000    0.250000   clock uncertainty
                                  0.000000    0.250000   clock reconvergence pessimism
                                              0.250000 ^ _146_/CLK (sky130_fd_sc_hd__dfrtp_2)
                                 -0.010440    0.239560   library hold time
                                              0.239560   data required time
---------------------------------------------------------------------------------------------
                                              0.239560   data required time
                                             -0.476585   data arrival time
---------------------------------------------------------------------------------------------
                                              0.237025   slack (MET)


Startpoint: _147_ (rising edge-triggered flip-flop clocked by clk)
Endpoint: _147_ (rising edge-triggered flip-flop clocked by clk)
Path Group: clk
Path Type: min

Fanout         Cap        Slew       Delay        Time   Description
---------------------------------------------------------------------------------------------
                      0.150000    0.000000    0.000000   clock clk (rise edge)
                                  0.000000    0.000000   clock network delay (ideal)
                      0.150000    0.000000    0.000000 ^ _147_/CLK (sky130_fd_sc_hd__dfrtp_2)
     7    0.018998    0.109491    0.434402    0.434402 ^ _147_/Q (sky130_fd_sc_hd__dfrtp_2)
                                                         counter[0] (net)
                      0.109491    0.000000    0.434402 ^ _108_/A_N (sky130_fd_sc_hd__and2b_2)
     1    0.001949    0.032773    0.217002    0.651404 v _108_/X (sky130_fd_sc_hd__and2b_2)
                                                         _000_ (net)
                      0.032773    0.000000    0.651404 v _147_/D (sky130_fd_sc_hd__dfrtp_2)
                                              0.651404   data arrival time

                      0.150000    0.000000    0.000000   clock clk (rise edge)
                                  0.000000    0.000000   clock network delay (ideal)
                                  0.250000    0.250000   clock uncertainty
                                  0.000000    0.250000   clock reconvergence pessimism
                                              0.250000 ^ _147_/CLK (sky130_fd_sc_hd__dfrtp_2)
                                 -0.013191    0.236809   library hold time
                                              0.236809   data required time
---------------------------------------------------------------------------------------------
                                              0.236809   data required time
                                             -0.651404   data arrival time
---------------------------------------------------------------------------------------------
                                              0.414595   slack (MET)


Startpoint: _151_ (rising edge-triggered flip-flop clocked by clk)
Endpoint: _151_ (rising edge-triggered flip-flop clocked by clk)
Path Group: clk
Path Type: min

Fanout         Cap        Slew       Delay        Time   Description
---------------------------------------------------------------------------------------------
                      0.150000    0.000000    0.000000   clock clk (rise edge)
                                  0.000000    0.000000   clock network delay (ideal)
                      0.150000    0.000000    0.000000 ^ _151_/CLK (sky130_fd_sc_hd__dfrtp_2)
     8    0.019157    0.110177    0.434948    0.434948 ^ _151_/Q (sky130_fd_sc_hd__dfrtp_2)
                                                         counter[4] (net)
                      0.110177    0.000000    0.434948 ^ _117_/A (sky130_fd_sc_hd__nand2_2)
     1    0.001475    0.026538    0.043186    0.478134 v _117_/Y (sky130_fd_sc_hd__nand2_2)
                                                         _057_ (net)
                      0.026538    0.000000    0.478134 v _119_/B (sky130_fd_sc_hd__and3_2)
     1    0.001949    0.031821    0.174733    0.652866 v _119_/X (sky130_fd_sc_hd__and3_2)
                                                         _004_ (net)
                      0.031821    0.000000    0.652866 v _151_/D (sky130_fd_sc_hd__dfrtp_2)
                                              0.652866   data arrival time

                      0.150000    0.000000    0.000000   clock clk (rise edge)
                                  0.000000    0.000000   clock network delay (ideal)
                                  0.250000    0.250000   clock uncertainty
                                  0.000000    0.250000   clock reconvergence pessimism
                                              0.250000 ^ _151_/CLK (sky130_fd_sc_hd__dfrtp_2)
                                 -0.012804    0.237196   library hold time
                                              0.237196   data required time
---------------------------------------------------------------------------------------------
                                              0.237196   data required time
                                             -0.652866   data arrival time
---------------------------------------------------------------------------------------------
                                              0.415670   slack (MET)


Startpoint: _152_ (rising edge-triggered flip-flop clocked by clk)
Endpoint: _152_ (rising edge-triggered flip-flop clocked by clk)
Path Group: clk
Path Type: min

Fanout         Cap        Slew       Delay        Time   Description
---------------------------------------------------------------------------------------------
                      0.150000    0.000000    0.000000   clock clk (rise edge)
                                  0.000000    0.000000   clock network delay (ideal)
                      0.150000    0.000000    0.000000 ^ _152_/CLK (sky130_fd_sc_hd__dfrtp_2)
     6    0.012059    0.079565    0.410022    0.410022 ^ _152_/Q (sky130_fd_sc_hd__dfrtp_2)
                                                         counter[5] (net)
                      0.079565    0.000000    0.410022 ^ _122_/B1 (sky130_fd_sc_hd__a21o_2)
     1    0.001593    0.022091    0.085403    0.495425 ^ _122_/X (sky130_fd_sc_hd__a21o_2)
                                                         _061_ (net)
                      0.022091    0.000000    0.495425 ^ _123_/C (sky130_fd_sc_hd__and3_2)
     1    0.002005    0.038961    0.154487    0.649911 ^ _123_/X (sky130_fd_sc_hd__and3_2)
                                                         _005_ (net)
                      0.038961    0.000000    0.649911 ^ _152_/D (sky130_fd_sc_hd__dfrtp_2)
                                              0.649911   data arrival time

                      0.150000    0.000000    0.000000   clock clk (rise edge)
                                  0.000000    0.000000   clock network delay (ideal)
                                  0.250000    0.250000   clock uncertainty
                                  0.000000    0.250000   clock reconvergence pessimism
                                              0.250000 ^ _152_/CLK (sky130_fd_sc_hd__dfrtp_2)
                                 -0.019095    0.230905   library hold time
                                              0.230905   data required time
---------------------------------------------------------------------------------------------
                                              0.230905   data required time
                                             -0.649911   data arrival time
---------------------------------------------------------------------------------------------
                                              0.419006   slack (MET)


Startpoint: _154_ (rising edge-triggered flip-flop clocked by clk)
Endpoint: _154_ (rising edge-triggered flip-flop clocked by clk)
Path Group: clk
Path Type: min

Fanout         Cap        Slew       Delay        Time   Description
---------------------------------------------------------------------------------------------
                      0.150000    0.000000    0.000000   clock clk (rise edge)
                                  0.000000    0.000000   clock network delay (ideal)
                      0.150000    0.000000    0.000000 ^ _154_/CLK (sky130_fd_sc_hd__dfrtp_2)
     4    0.020749    0.117051    0.440416    0.440416 ^ _154_/Q (sky130_fd_sc_hd__dfrtp_2)
                                                         counter[7] (net)
                      0.117051    0.000000    0.440416 ^ _127_/A (sky130_fd_sc_hd__xnor2_2)
     1    0.001541    0.028954    0.111818    0.552234 ^ _127_/Y (sky130_fd_sc_hd__xnor2_2)
                                                         _064_ (net)
                      0.028954    0.000000    0.552234 ^ _128_/B (sky130_fd_sc_hd__and2_2)
     1    0.002005    0.033910    0.118648    0.670882 ^ _128_/X (sky130_fd_sc_hd__and2_2)
                                                         _007_ (net)
                      0.033910    0.000000    0.670882 ^ _154_/D (sky130_fd_sc_hd__dfrtp_2)
                                              0.670882   data arrival time

                      0.150000    0.000000    0.000000   clock clk (rise edge)
                                  0.000000    0.000000   clock network delay (ideal)
                                  0.250000    0.250000   clock uncertainty
                                  0.000000    0.250000   clock reconvergence pessimism
                                              0.250000 ^ _154_/CLK (sky130_fd_sc_hd__dfrtp_2)
                                 -0.018062    0.231938   library hold time
                                              0.231938   data required time
---------------------------------------------------------------------------------------------
                                              0.231938   data required time
                                             -0.670882   data arrival time
---------------------------------------------------------------------------------------------
                                              0.438944   slack (MET)


Startpoint: _153_ (rising edge-triggered flip-flop clocked by clk)
Endpoint: _153_ (rising edge-triggered flip-flop clocked by clk)
Path Group: clk
Path Type: min

Fanout         Cap        Slew       Delay        Time   Description
---------------------------------------------------------------------------------------------
                      0.150000    0.000000    0.000000   clock clk (rise edge)
                                  0.000000    0.000000   clock network delay (ideal)
                      0.150000    0.000000    0.000000 ^ _153_/CLK (sky130_fd_sc_hd__dfrtp_2)
     6    0.015075    0.092552    0.420930    0.420930 ^ _153_/Q (sky130_fd_sc_hd__dfrtp_2)
                                                         counter[6] (net)
                      0.092552    0.000000    0.420930 ^ _124_/A (sky130_fd_sc_hd__nand2_2)
     2    0.009552    0.050477    0.070749    0.491679 v _124_/Y (sky130_fd_sc_hd__nand2_2)
                                                         _062_ (net)
                      0.050477    0.000000    0.491679 v _126_/B (sky130_fd_sc_hd__and3_2)
     1    0.001949    0.031821    0.185286    0.676965 v _126_/X (sky130_fd_sc_hd__and3_2)
                                                         _006_ (net)
                      0.031821    0.000000    0.676965 v _153_/D (sky130_fd_sc_hd__dfrtp_2)
                                              0.676965   data arrival time

                      0.150000    0.000000    0.000000   clock clk (rise edge)
                                  0.000000    0.000000   clock network delay (ideal)
                                  0.250000    0.250000   clock uncertainty
                                  0.000000    0.250000   clock reconvergence pessimism
                                              0.250000 ^ _153_/CLK (sky130_fd_sc_hd__dfrtp_2)
                                 -0.012804    0.237196   library hold time
                                              0.237196   data required time
---------------------------------------------------------------------------------------------
                                              0.237196   data required time
                                             -0.676965   data arrival time
---------------------------------------------------------------------------------------------
                                              0.439769   slack (MET)


Startpoint: _150_ (rising edge-triggered flip-flop clocked by clk)
Endpoint: _150_ (rising edge-triggered flip-flop clocked by clk)
Path Group: clk
Path Type: min

Fanout         Cap        Slew       Delay        Time   Description
---------------------------------------------------------------------------------------------
                      0.150000    0.000000    0.000000   clock clk (rise edge)
                                  0.000000    0.000000   clock network delay (ideal)
                      0.150000    0.000000    0.000000 ^ _150_/CLK (sky130_fd_sc_hd__dfrtp_2)
     6    0.014190    0.088731    0.417891    0.417891 ^ _150_/Q (sky130_fd_sc_hd__dfrtp_2)
                                                         counter[3] (net)
                      0.088731    0.000000    0.417891 ^ _115_/B1 (sky130_fd_sc_hd__a31o_2)
     1    0.001593    0.026965    0.097686    0.515577 ^ _115_/X (sky130_fd_sc_hd__a31o_2)
                                                         _056_ (net)
                      0.026965    0.000000    0.515577 ^ _116_/C (sky130_fd_sc_hd__and3_2)
     1    0.002005    0.038936    0.155833    0.671410 ^ _116_/X (sky130_fd_sc_hd__and3_2)
                                                         _003_ (net)
                      0.038936    0.000000    0.671410 ^ _150_/D (sky130_fd_sc_hd__dfrtp_2)
                                              0.671410   data arrival time

                      0.150000    0.000000    0.000000   clock clk (rise edge)
                                  0.000000    0.000000   clock network delay (ideal)
                                  0.250000    0.250000   clock uncertainty
                                  0.000000    0.250000   clock reconvergence pessimism
                                              0.250000 ^ _150_/CLK (sky130_fd_sc_hd__dfrtp_2)
                                 -0.019090    0.230910   library hold time
                                              0.230910   data required time
---------------------------------------------------------------------------------------------
                                              0.230910   data required time
                                             -0.671410   data arrival time
---------------------------------------------------------------------------------------------
                                              0.440500   slack (MET)


Startpoint: _149_ (rising edge-triggered flip-flop clocked by clk)
Endpoint: _149_ (rising edge-triggered flip-flop clocked by clk)
Path Group: clk
Path Type: min

Fanout         Cap        Slew       Delay        Time   Description
---------------------------------------------------------------------------------------------
                      0.150000    0.000000    0.000000   clock clk (rise edge)
                                  0.000000    0.000000   clock network delay (ideal)
                      0.150000    0.000000    0.000000 ^ _149_/CLK (sky130_fd_sc_hd__dfrtp_2)
     7    0.025201    0.136274    0.455705    0.455705 ^ _149_/Q (sky130_fd_sc_hd__dfrtp_2)
                                                         counter[2] (net)
                      0.136274    0.000000    0.455705 ^ _111_/A (sky130_fd_sc_hd__xnor2_2)
     1    0.001541    0.029370    0.115632    0.571336 ^ _111_/Y (sky130_fd_sc_hd__xnor2_2)
                                                         _053_ (net)
                      0.029370    0.000000    0.571336 ^ _112_/B (sky130_fd_sc_hd__and2_2)
     1    0.002005    0.033910    0.118774    0.690110 ^ _112_/X (sky130_fd_sc_hd__and2_2)
                                                         _002_ (net)
                      0.033910    0.000000    0.690110 ^ _149_/D (sky130_fd_sc_hd__dfrtp_2)
                                              0.690110   data arrival time

                      0.150000    0.000000    0.000000   clock clk (rise edge)
                                  0.000000    0.000000   clock network delay (ideal)
                                  0.250000    0.250000   clock uncertainty
                                  0.000000    0.250000   clock reconvergence pessimism
                                              0.250000 ^ _149_/CLK (sky130_fd_sc_hd__dfrtp_2)
                                 -0.018062    0.231938   library hold time
                                              0.231938   data required time
---------------------------------------------------------------------------------------------
                                              0.231938   data required time
                                             -0.690110   data arrival time
---------------------------------------------------------------------------------------------
                                              0.458172   slack (MET)


Startpoint: _147_ (rising edge-triggered flip-flop clocked by clk)
Endpoint: _148_ (rising edge-triggered flip-flop clocked by clk)
Path Group: clk
Path Type: min

Fanout         Cap        Slew       Delay        Time   Description
---------------------------------------------------------------------------------------------
                      0.150000    0.000000    0.000000   clock clk (rise edge)
                                  0.000000    0.000000   clock network delay (ideal)
                      0.150000    0.000000    0.000000 ^ _147_/CLK (sky130_fd_sc_hd__dfrtp_2)
     7    0.018998    0.109491    0.434402    0.434402 ^ _147_/Q (sky130_fd_sc_hd__dfrtp_2)
                                                         counter[0] (net)
                      0.109491    0.000000    0.434402 ^ _091_/A (sky130_fd_sc_hd__nand2_2)
     3    0.013760    0.067787    0.089426    0.523829 v _091_/Y (sky130_fd_sc_hd__nand2_2)
                                                         _035_ (net)
                      0.067787    0.000000    0.523829 v _110_/A (sky130_fd_sc_hd__and3_2)
     1    0.001949    0.031818    0.172625    0.696454 v _110_/X (sky130_fd_sc_hd__and3_2)
                                                         _001_ (net)
                      0.031818    0.000000    0.696454 v _148_/D (sky130_fd_sc_hd__dfrtp_2)
                                              0.696454   data arrival time

                      0.150000    0.000000    0.000000   clock clk (rise edge)
                                  0.000000    0.000000   clock network delay (ideal)
                                  0.250000    0.250000   clock uncertainty
                                  0.000000    0.250000   clock reconvergence pessimism
                                              0.250000 ^ _148_/CLK (sky130_fd_sc_hd__dfrtp_2)
                                 -0.012802    0.237198   library hold time
                                              0.237198   data required time
---------------------------------------------------------------------------------------------
                                              0.237198   data required time
                                             -0.696454   data arrival time
---------------------------------------------------------------------------------------------
                                              0.459256   slack (MET)


Startpoint: rst (input port clocked by clk)
Endpoint: _146_ (removal check against rising-edge clock clk)
Path Group: asynchronous
Path Type: min

Fanout         Cap        Slew       Delay        Time   Description
---------------------------------------------------------------------------------------------
                      0.150000    0.000000    0.000000   clock clk (rise edge)
                                  0.000000    0.000000   clock network delay (ideal)
                                  1.000000    1.000000 v input external delay
     9    0.038484    0.085728    0.061418    1.061418 v rst (in)
                                                         rst (net)
                      0.085728    0.000000    1.061418 v _081_/A (sky130_fd_sc_hd__inv_2)
     1    0.003612    0.034415    0.057864    1.119283 ^ _081_/Y (sky130_fd_sc_hd__inv_2)
                                                         _009_ (net)
                      0.034415    0.000000    1.119283 ^ _146_/RESET_B (sky130_fd_sc_hd__dfrtp_2)
                                              1.119283   data arrival time

                      0.150000    0.000000    0.000000   clock clk (rise edge)
                                  0.000000    0.000000   clock network delay (ideal)
                                  0.250000    0.250000   clock uncertainty
                                  0.000000    0.250000   clock reconvergence pessimism
                                              0.250000 ^ _146_/CLK (sky130_fd_sc_hd__dfrtp_2)
                                  0.346253    0.596253   library removal time
                                              0.596253   data required time
---------------------------------------------------------------------------------------------
                                              0.596253   data required time
                                             -1.119283   data arrival time
---------------------------------------------------------------------------------------------
                                              0.523030   slack (MET)


Startpoint: rst (input port clocked by clk)
Endpoint: _147_ (removal check against rising-edge clock clk)
Path Group: asynchronous
Path Type: min

Fanout         Cap        Slew       Delay        Time   Description
---------------------------------------------------------------------------------------------
                      0.150000    0.000000    0.000000   clock clk (rise edge)
                                  0.000000    0.000000   clock network delay (ideal)
                                  1.000000    1.000000 v input external delay
     9    0.038484    0.085728    0.061418    1.061418 v rst (in)
                                                         rst (net)
                      0.085728    0.000000    1.061418 v _138_/A (sky130_fd_sc_hd__inv_2)
     1    0.003612    0.034415    0.057864    1.119283 ^ _138_/Y (sky130_fd_sc_hd__inv_2)
                                                         _010_ (net)
                      0.034415    0.000000    1.119283 ^ _147_/RESET_B (sky130_fd_sc_hd__dfrtp_2)
                                              1.119283   data arrival time

                      0.150000    0.000000    0.000000   clock clk (rise edge)
                                  0.000000    0.000000   clock network delay (ideal)
                                  0.250000    0.250000   clock uncertainty
                                  0.000000    0.250000   clock reconvergence pessimism
                                              0.250000 ^ _147_/CLK (sky130_fd_sc_hd__dfrtp_2)
                                  0.346253    0.596253   library removal time
                                              0.596253   data required time
---------------------------------------------------------------------------------------------
                                              0.596253   data required time
                                             -1.119283   data arrival time
---------------------------------------------------------------------------------------------
                                              0.523030   slack (MET)


Startpoint: rst (input port clocked by clk)
Endpoint: _148_ (removal check against rising-edge clock clk)
Path Group: asynchronous
Path Type: min

Fanout         Cap        Slew       Delay        Time   Description
---------------------------------------------------------------------------------------------
                      0.150000    0.000000    0.000000   clock clk (rise edge)
                                  0.000000    0.000000   clock network delay (ideal)
                                  1.000000    1.000000 v input external delay
     9    0.038484    0.085728    0.061418    1.061418 v rst (in)
                                                         rst (net)
                      0.085728    0.000000    1.061418 v _139_/A (sky130_fd_sc_hd__inv_2)
     1    0.003612    0.034415    0.057864    1.119283 ^ _139_/Y (sky130_fd_sc_hd__inv_2)
                                                         _011_ (net)
                      0.034415    0.000000    1.119283 ^ _148_/RESET_B (sky130_fd_sc_hd__dfrtp_2)
                                              1.119283   data arrival time

                      0.150000    0.000000    0.000000   clock clk (rise edge)
                                  0.000000    0.000000   clock network delay (ideal)
                                  0.250000    0.250000   clock uncertainty
                                  0.000000    0.250000   clock reconvergence pessimism
                                              0.250000 ^ _148_/CLK (sky130_fd_sc_hd__dfrtp_2)
                                  0.346253    0.596253   library removal time
                                              0.596253   data required time
---------------------------------------------------------------------------------------------
                                              0.596253   data required time
                                             -1.119283   data arrival time
---------------------------------------------------------------------------------------------
                                              0.523030   slack (MET)


Startpoint: rst (input port clocked by clk)
Endpoint: _149_ (removal check against rising-edge clock clk)
Path Group: asynchronous
Path Type: min

Fanout         Cap        Slew       Delay        Time   Description
---------------------------------------------------------------------------------------------
                      0.150000    0.000000    0.000000   clock clk (rise edge)
                                  0.000000    0.000000   clock network delay (ideal)
                                  1.000000    1.000000 v input external delay
     9    0.038484    0.085728    0.061418    1.061418 v rst (in)
                                                         rst (net)
                      0.085728    0.000000    1.061418 v _140_/A (sky130_fd_sc_hd__inv_2)
     1    0.003612    0.034415    0.057864    1.119283 ^ _140_/Y (sky130_fd_sc_hd__inv_2)
                                                         _012_ (net)
                      0.034415    0.000000    1.119283 ^ _149_/RESET_B (sky130_fd_sc_hd__dfrtp_2)
                                              1.119283   data arrival time

                      0.150000    0.000000    0.000000   clock clk (rise edge)
                                  0.000000    0.000000   clock network delay (ideal)
                                  0.250000    0.250000   clock uncertainty
                                  0.000000    0.250000   clock reconvergence pessimism
                                              0.250000 ^ _149_/CLK (sky130_fd_sc_hd__dfrtp_2)
                                  0.346253    0.596253   library removal time
                                              0.596253   data required time
---------------------------------------------------------------------------------------------
                                              0.596253   data required time
                                             -1.119283   data arrival time
---------------------------------------------------------------------------------------------
                                              0.523030   slack (MET)


Startpoint: rst (input port clocked by clk)
Endpoint: _150_ (removal check against rising-edge clock clk)
Path Group: asynchronous
Path Type: min

Fanout         Cap        Slew       Delay        Time   Description
---------------------------------------------------------------------------------------------
                      0.150000    0.000000    0.000000   clock clk (rise edge)
                                  0.000000    0.000000   clock network delay (ideal)
                                  1.000000    1.000000 v input external delay
     9    0.038484    0.085728    0.061418    1.061418 v rst (in)
                                                         rst (net)
                      0.085728    0.000000    1.061418 v _141_/A (sky130_fd_sc_hd__inv_2)
     1    0.003612    0.034415    0.057864    1.119283 ^ _141_/Y (sky130_fd_sc_hd__inv_2)
                                                         _013_ (net)
                      0.034415    0.000000    1.119283 ^ _150_/RESET_B (sky130_fd_sc_hd__dfrtp_2)
                                              1.119283   data arrival time

                      0.150000    0.000000    0.000000   clock clk (rise edge)
                                  0.000000    0.000000   clock network delay (ideal)
                                  0.250000    0.250000   clock uncertainty
                                  0.000000    0.250000   clock reconvergence pessimism
                                              0.250000 ^ _150_/CLK (sky130_fd_sc_hd__dfrtp_2)
                                  0.346253    0.596253   library removal time
                                              0.596253   data required time
---------------------------------------------------------------------------------------------
                                              0.596253   data required time
                                             -1.119283   data arrival time
---------------------------------------------------------------------------------------------
                                              0.523030   slack (MET)


Startpoint: rst (input port clocked by clk)
Endpoint: _151_ (removal check against rising-edge clock clk)
Path Group: asynchronous
Path Type: min

Fanout         Cap        Slew       Delay        Time   Description
---------------------------------------------------------------------------------------------
                      0.150000    0.000000    0.000000   clock clk (rise edge)
                                  0.000000    0.000000   clock network delay (ideal)
                                  1.000000    1.000000 v input external delay
     9    0.038484    0.085728    0.061418    1.061418 v rst (in)
                                                         rst (net)
                      0.085728    0.000000    1.061418 v _142_/A (sky130_fd_sc_hd__inv_2)
     1    0.003612    0.034415    0.057864    1.119283 ^ _142_/Y (sky130_fd_sc_hd__inv_2)
                                                         _014_ (net)
                      0.034415    0.000000    1.119283 ^ _151_/RESET_B (sky130_fd_sc_hd__dfrtp_2)
                                              1.119283   data arrival time

                      0.150000    0.000000    0.000000   clock clk (rise edge)
                                  0.000000    0.000000   clock network delay (ideal)
                                  0.250000    0.250000   clock uncertainty
                                  0.000000    0.250000   clock reconvergence pessimism
                                              0.250000 ^ _151_/CLK (sky130_fd_sc_hd__dfrtp_2)
                                  0.346253    0.596253   library removal time
                                              0.596253   data required time
---------------------------------------------------------------------------------------------
                                              0.596253   data required time
                                             -1.119283   data arrival time
---------------------------------------------------------------------------------------------
                                              0.523030   slack (MET)


Startpoint: rst (input port clocked by clk)
Endpoint: _152_ (removal check against rising-edge clock clk)
Path Group: asynchronous
Path Type: min

Fanout         Cap        Slew       Delay        Time   Description
---------------------------------------------------------------------------------------------
                      0.150000    0.000000    0.000000   clock clk (rise edge)
                                  0.000000    0.000000   clock network delay (ideal)
                                  1.000000    1.000000 v input external delay
     9    0.038484    0.085728    0.061418    1.061418 v rst (in)
                                                         rst (net)
                      0.085728    0.000000    1.061418 v _143_/A (sky130_fd_sc_hd__inv_2)
     1    0.003612    0.034415    0.057864    1.119283 ^ _143_/Y (sky130_fd_sc_hd__inv_2)
                                                         _015_ (net)
                      0.034415    0.000000    1.119283 ^ _152_/RESET_B (sky130_fd_sc_hd__dfrtp_2)
                                              1.119283   data arrival time

                      0.150000    0.000000    0.000000   clock clk (rise edge)
                                  0.000000    0.000000   clock network delay (ideal)
                                  0.250000    0.250000   clock uncertainty
                                  0.000000    0.250000   clock reconvergence pessimism
                                              0.250000 ^ _152_/CLK (sky130_fd_sc_hd__dfrtp_2)
                                  0.346253    0.596253   library removal time
                                              0.596253   data required time
---------------------------------------------------------------------------------------------
                                              0.596253   data required time
                                             -1.119283   data arrival time
---------------------------------------------------------------------------------------------
                                              0.523030   slack (MET)


Startpoint: rst (input port clocked by clk)
Endpoint: _153_ (removal check against rising-edge clock clk)
Path Group: asynchronous
Path Type: min

Fanout         Cap        Slew       Delay        Time   Description
---------------------------------------------------------------------------------------------
                      0.150000    0.000000    0.000000   clock clk (rise edge)
                                  0.000000    0.000000   clock network delay (ideal)
                                  1.000000    1.000000 v input external delay
     9    0.038484    0.085728    0.061418    1.061418 v rst (in)
                                                         rst (net)
                      0.085728    0.000000    1.061418 v _144_/A (sky130_fd_sc_hd__inv_2)
     1    0.003612    0.034415    0.057864    1.119283 ^ _144_/Y (sky130_fd_sc_hd__inv_2)
                                                         _016_ (net)
                      0.034415    0.000000    1.119283 ^ _153_/RESET_B (sky130_fd_sc_hd__dfrtp_2)
                                              1.119283   data arrival time

                      0.150000    0.000000    0.000000   clock clk (rise edge)
                                  0.000000    0.000000   clock network delay (ideal)
                                  0.250000    0.250000   clock uncertainty
                                  0.000000    0.250000   clock reconvergence pessimism
                                              0.250000 ^ _153_/CLK (sky130_fd_sc_hd__dfrtp_2)
                                  0.346253    0.596253   library removal time
                                              0.596253   data required time
---------------------------------------------------------------------------------------------
                                              0.596253   data required time
                                             -1.119283   data arrival time
---------------------------------------------------------------------------------------------
                                              0.523030   slack (MET)


Startpoint: rst (input port clocked by clk)
Endpoint: _154_ (removal check against rising-edge clock clk)
Path Group: asynchronous
Path Type: min

Fanout         Cap        Slew       Delay        Time   Description
---------------------------------------------------------------------------------------------
                      0.150000    0.000000    0.000000   clock clk (rise edge)
                                  0.000000    0.000000   clock network delay (ideal)
                                  1.000000    1.000000 v input external delay
     9    0.038484    0.085728    0.061418    1.061418 v rst (in)
                                                         rst (net)
                      0.085728    0.000000    1.061418 v _145_/A (sky130_fd_sc_hd__inv_2)
     1    0.003612    0.034415    0.057864    1.119283 ^ _145_/Y (sky130_fd_sc_hd__inv_2)
                                                         _017_ (net)
                      0.034415    0.000000    1.119283 ^ _154_/RESET_B (sky130_fd_sc_hd__dfrtp_2)
                                              1.119283   data arrival time

                      0.150000    0.000000    0.000000   clock clk (rise edge)
                                  0.000000    0.000000   clock network delay (ideal)
                                  0.250000    0.250000   clock uncertainty
                                  0.000000    0.250000   clock reconvergence pessimism
                                              0.250000 ^ _154_/CLK (sky130_fd_sc_hd__dfrtp_2)
                                  0.346253    0.596253   library removal time
                                              0.596253   data required time
---------------------------------------------------------------------------------------------
                                              0.596253   data required time
                                             -1.119283   data arrival time
---------------------------------------------------------------------------------------------
                                              0.523030   slack (MET)


Startpoint: _146_ (rising edge-triggered flip-flop clocked by clk)
Endpoint: out (output port clocked by clk)
Path Group: clk
Path Type: min

Fanout         Cap        Slew       Delay        Time   Description
---------------------------------------------------------------------------------------------
                      0.150000    0.000000    0.000000   clock clk (rise edge)
                                  0.000000    0.000000   clock network delay (ideal)
                      0.150000    0.000000    0.000000 ^ _146_/CLK (sky130_fd_sc_hd__dfrtp_2)
     1    0.033442    0.171856    0.484006    0.484006 ^ _146_/Q (sky130_fd_sc_hd__dfrtp_2)
                                                         out (net)
                      0.171856    0.000000    0.484006 ^ out (out)
                                              0.484006   data arrival time

                      0.150000    0.000000    0.000000   clock clk (rise edge)
                                  0.000000    0.000000   clock network delay (ideal)
                                  0.250000    0.250000   clock uncertainty
                                  0.000000    0.250000   clock reconvergence pessimism
                                 -1.000000   -0.750000   output external delay
                                             -0.750000   data required time
---------------------------------------------------------------------------------------------
                                             -0.750000   data required time
                                             -0.484006   data arrival time
---------------------------------------------------------------------------------------------
                                              1.234006   slack (MET)



