49. Printing statistics.

=== freq_psc ===

   Number of wires:                242
   Number of wire bits:            366
   Number of public wires:           5
   Number of public wire bits:      67
   Number of ports:                  4
   Number of port bits:             35
   Number of memories:               0
   Number of memory bits:            0
   Number of processes:              0
   Number of cells:                301
     $_ANDNOT_                     117
     $_AND_                          2
     $_DFFE_PP0P_                    1
     $_DFF_PP0_                     32
     $_NAND_                        23
     $_NOR_                          1
     $_NOT_                          1
     $_ORNOT_                       42
     $_OR_                          20
     $_XNOR_                        19
     $_XOR_                         43

   Area for cell type $_NOT_ is unknown!
   Area for cell type $_AND_ is unknown!
   Area for cell type $_NAND_ is unknown!
   Area for cell type $_OR_ is unknown!
   Area for cell type $_NOR_ is unknown!
   Area for cell type $_XOR_ is unknown!
   Area for cell type $_XNOR_ is unknown!
   Area for cell type $_ANDNOT_ is unknown!
   Area for cell type $_ORNOT_ is unknown!
   Area for cell type $_DFF_PP0_ is unknown!
   Area for cell type $_DFFE_PP0P_ is unknown!

