Clock: clk
Sources: clk 
Generated: no
Virtual: yes
Propagated: no
Period: 5.000000

===========================================================================
report_clock_properties
============================================================================
Clock                   Period          Waveform
----------------------------------------------------
clk                   5.000000    0.000000  2.500000

===========================================================================
report_clock_latency
============================================================================
Clock clk
rise -> rise
    min     max
0.000000 0.000000 source latency
0.299128         network latency _235_/CLK
        0.301119 network latency _229_/CLK
---------------
0.299128 0.301119 latency
        0.001991 skew

fall -> fall
    min     max
0.000000 0.000000 source latency
0.298923         network latency _235_/CLK
        0.300811 network latency _229_/CLK
---------------
0.298923 0.300811 latency
        0.001888 skew



===========================================================================
report_clock_min_period
============================================================================
clk period_min = 2.66 fmax = 375.69
