                                                                        Cells by Master                                                                         
┏━━━━━━━━━━━━━━━━━━━━━━━━━━━━━━━━━━━━━━━━━━━━━━━━━━━━━━━━━━━━━━━━━━━━━━━━━━━━━━━━━━━━━━━━━━━━━━━━━━━━━━━━━━━━━━━━━━━━━━━━━━━━━━━━━━┳━━━━━━━━━━━━━━━━━━━━━━━━━━━┓
┃ Cell                                                                                                                             ┃ Count                     ┃
┡━━━━━━━━━━━━━━━━━━━━━━━━━━━━━━━━━━━━━━━━━━━━━━━━━━━━━━━━━━━━━━━━━━━━━━━━━━━━━━━━━━━━━━━━━━━━━━━━━━━━━━━━━━━━━━━━━━━━━━━━━━━━━━━━━━╇━━━━━━━━━━━━━━━━━━━━━━━━━━━┩
│ sky130_ef_sc_hd__decap_12                                                                                                        │ 51                        │
│ sky130_fd_sc_hd__a21boi_1                                                                                                        │ 1                         │
│ sky130_fd_sc_hd__a21o_1                                                                                                          │ 6                         │
│ sky130_fd_sc_hd__a21oi_1                                                                                                         │ 6                         │
│ sky130_fd_sc_hd__a221o_1                                                                                                         │ 3                         │
│ sky130_fd_sc_hd__a221oi_2                                                                                                        │ 1                         │
│ sky130_fd_sc_hd__a22o_1                                                                                                          │ 5                         │
│ sky130_fd_sc_hd__a2bb2o_1                                                                                                        │ 1                         │
│ sky130_fd_sc_hd__a31o_1                                                                                                          │ 3                         │
│ sky130_fd_sc_hd__a32o_1                                                                                                          │ 1                         │
│ sky130_fd_sc_hd__and2_1                                                                                                          │ 9                         │
│ sky130_fd_sc_hd__and2_4                                                                                                          │ 1                         │
│ sky130_fd_sc_hd__and2b_1                                                                                                         │ 3                         │
│ sky130_fd_sc_hd__and3_1                                                                                                          │ 11                        │
│ sky130_fd_sc_hd__and3b_1                                                                                                         │ 11                        │
│ sky130_fd_sc_hd__and4_1                                                                                                          │ 2                         │
│ sky130_fd_sc_hd__and4bb_1                                                                                                        │ 1                         │
│ sky130_fd_sc_hd__buf_1                                                                                                           │ 10                        │
│ sky130_fd_sc_hd__buf_2                                                                                                           │ 1                         │
│ sky130_fd_sc_hd__buf_4                                                                                                           │ 1                         │
│ sky130_fd_sc_hd__buf_6                                                                                                           │ 7                         │
│ sky130_fd_sc_hd__clkbuf_1                                                                                                        │ 3                         │
│ sky130_fd_sc_hd__clkbuf_16                                                                                                       │ 3                         │
│ sky130_fd_sc_hd__clkbuf_2                                                                                                        │ 1                         │
│ sky130_fd_sc_hd__clkbuf_4                                                                                                        │ 1                         │
│ sky130_fd_sc_hd__clkinv_2                                                                                                        │ 1                         │
│ sky130_fd_sc_hd__decap_3                                                                                                         │ 62                        │
│ sky130_fd_sc_hd__decap_4                                                                                                         │ 30                        │
│ sky130_fd_sc_hd__decap_6                                                                                                         │ 17                        │
│ sky130_fd_sc_hd__decap_8                                                                                                         │ 21                        │
│ sky130_fd_sc_hd__dfrtp_1                                                                                                         │ 6                         │
│ sky130_fd_sc_hd__dfrtp_2                                                                                                         │ 9                         │
│ sky130_fd_sc_hd__dfrtp_4                                                                                                         │ 2                         │
│ sky130_fd_sc_hd__dlygate4sd1_1                                                                                                   │ 4                         │
│ sky130_fd_sc_hd__dlymetal6s2s_1                                                                                                  │ 1                         │
│ sky130_fd_sc_hd__fill_1                                                                                                          │ 81                        │
│ sky130_fd_sc_hd__fill_2                                                                                                          │ 36                        │
│ sky130_fd_sc_hd__inv_2                                                                                                           │ 31                        │
│ sky130_fd_sc_hd__nand2_1                                                                                                         │ 10                        │
│ sky130_fd_sc_hd__nand2b_1                                                                                                        │ 1                         │
│ sky130_fd_sc_hd__nand3b_1                                                                                                        │ 1                         │
│ sky130_fd_sc_hd__nand4b_1                                                                                                        │ 1                         │
│ sky130_fd_sc_hd__nor2_1                                                                                                          │ 8                         │
│ sky130_fd_sc_hd__o211a_1                                                                                                         │ 2                         │
│ sky130_fd_sc_hd__o211ai_1                                                                                                        │ 2                         │
│ sky130_fd_sc_hd__o21a_4                                                                                                          │ 1                         │
│ sky130_fd_sc_hd__o21ai_1                                                                                                         │ 3                         │
│ sky130_fd_sc_hd__o21ba_1                                                                                                         │ 1                         │
│ sky130_fd_sc_hd__o221a_1                                                                                                         │ 2                         │
│ sky130_fd_sc_hd__o22a_1                                                                                                          │ 8                         │
│ sky130_fd_sc_hd__o22ai_1                                                                                                         │ 2                         │
│ sky130_fd_sc_hd__o311a_1                                                                                                         │ 1                         │
│ sky130_fd_sc_hd__o31a_1                                                                                                          │ 1                         │
│ sky130_fd_sc_hd__o31ai_1                                                                                                         │ 1                         │
│ sky130_fd_sc_hd__or2_1                                                                                                           │ 14                        │
│ sky130_fd_sc_hd__or3_1                                                                                                           │ 4                         │
│ sky130_fd_sc_hd__or3_4                                                                                                           │ 1                         │
│ sky130_fd_sc_hd__or4_2                                                                                                           │ 1                         │
│ sky130_fd_sc_hd__or4_4                                                                                                           │ 4                         │
│ sky130_fd_sc_hd__or4b_1                                                                                                          │ 1                         │
│ sky130_fd_sc_hd__or4b_4                                                                                                          │ 2                         │
│ sky130_fd_sc_hd__tapvpwrvgnd_1                                                                                                   │ 48                        │
│ sky130_fd_sc_hd__xnor2_1                                                                                                         │ 7                         │
│ sky130_fd_sc_hd__xor2_1                                                                                                          │ 1                         │
└──────────────────────────────────────────────────────────────────────────────────────────────────────────────────────────────────┴───────────────────────────┘
