Clock: clk
Sources: clk 
Generated: no
Virtual: yes
Propagated: no
Period: 5.000000

===========================================================================
report_clock_properties
============================================================================
Clock                   Period          Waveform
----------------------------------------------------
clk                   5.000000    0.000000  2.500000

===========================================================================
report_clock_latency
============================================================================
Clock clk
rise -> rise
    min     max
0.000000 0.000000 source latency
0.283923         network latency _154_/CLK
        0.284554 network latency _150_/CLK
---------------
0.283923 0.284554 latency
        0.000631 skew

fall -> fall
    min     max
0.000000 0.000000 source latency
0.287985         network latency _154_/CLK
        0.288631 network latency _150_/CLK
---------------
0.287985 0.288631 latency
        0.000646 skew



===========================================================================
report_clock_min_period
============================================================================
clk period_min = 1.96 fmax = 509.46
