
===========================================================================
report_checks -path_delay max (Setup)
============================================================================
======================= min_tt_025C_1v80 Corner ===================================

Startpoint: psc[2] (input port clocked by clk)
Endpoint: _151_ (rising edge-triggered flip-flop clocked by clk)
Path Group: clk
Path Type: max

Fanout         Cap        Slew       Delay        Time   Description
---------------------------------------------------------------------------------------------
                                  0.000000    0.000000   clock clk (rise edge)
                                  0.000000    0.000000   clock network delay (propagated)
                                  1.000000    1.000000 v input external delay
     1    0.002582    0.008129    0.004051    1.004051 v psc[2] (in)
                                                         psc[2] (net)
                      0.008129    0.000000    1.004051 v input3/A (sky130_fd_sc_hd__buf_1)
     4    0.012139    0.076281    0.113759    1.117810 v input3/X (sky130_fd_sc_hd__buf_1)
                                                         net3 (net)
                      0.076281    0.000089    1.117898 v _084_/B (sky130_fd_sc_hd__or4_4)
     3    0.009493    0.093202    0.534190    1.652089 v _084_/X (sky130_fd_sc_hd__or4_4)
                                                         _028_ (net)
                      0.093202    0.000075    1.652163 v _085_/C (sky130_fd_sc_hd__or3_1)
     3    0.008948    0.098824    0.365047    2.017210 v _085_/X (sky130_fd_sc_hd__or3_1)
                                                         _029_ (net)
                      0.098824    0.000049    2.017259 v _086_/B (sky130_fd_sc_hd__nor2_2)
     2    0.010659    0.137750    0.149208    2.166468 ^ _086_/Y (sky130_fd_sc_hd__nor2_2)
                                                         _030_ (net)
                      0.137750    0.000034    2.166502 ^ _104_/A_N (sky130_fd_sc_hd__and2b_1)
     2    0.005623    0.045484    0.207470    2.373972 v _104_/X (sky130_fd_sc_hd__and2b_1)
                                                         _048_ (net)
                      0.045484    0.000054    2.374026 v _105_/B1 (sky130_fd_sc_hd__o221a_1)
     1    0.008802    0.075720    0.256431    2.630457 v _105_/X (sky130_fd_sc_hd__o221a_1)
                                                         _049_ (net)
                      0.075720    0.000075    2.630533 v _107_/B1 (sky130_fd_sc_hd__o22ai_4)
     8    0.021886    0.231257    0.206915    2.837448 ^ _107_/Y (sky130_fd_sc_hd__o22ai_4)
                                                         _051_ (net)
                      0.231258    0.000754    2.838201 ^ _119_/A (sky130_fd_sc_hd__and3_1)
     1    0.003007    0.053252    0.189401    3.027603 ^ _119_/X (sky130_fd_sc_hd__and3_1)
                                                         _004_ (net)
                      0.053252    0.000033    3.027636 ^ _151_/D (sky130_fd_sc_hd__dfrtp_2)
                                              3.027636   data arrival time

                                  5.000000    5.000000   clock clk (rise edge)
                                  0.000000    5.000000   clock source latency
     1    0.010901    0.055423    0.036905    5.036905 ^ clk (in)
                                                         clk (net)
                      0.055424    0.000000    5.036905 ^ clkbuf_0_clk/A (sky130_fd_sc_hd__clkbuf_16)
     2    0.019419    0.041353    0.128688    5.165593 ^ clkbuf_0_clk/X (sky130_fd_sc_hd__clkbuf_16)
                                                         clknet_0_clk (net)
                      0.041354    0.000122    5.165714 ^ clkbuf_1_0__f_clk/A (sky130_fd_sc_hd__clkbuf_16)
     5    0.014236    0.036941    0.118587    5.284302 ^ clkbuf_1_0__f_clk/X (sky130_fd_sc_hd__clkbuf_16)
                                                         clknet_1_0__leaf_clk (net)
                      0.036941    0.000199    5.284501 ^ _151_/CLK (sky130_fd_sc_hd__dfrtp_2)
                                 -0.250000    5.034501   clock uncertainty
                                  0.000000    5.034501   clock reconvergence pessimism
                                 -0.066656    4.967844   library setup time
                                              4.967844   data required time
---------------------------------------------------------------------------------------------
                                              4.967844   data required time
                                             -3.027636   data arrival time
---------------------------------------------------------------------------------------------
                                              1.940209   slack (MET)


Startpoint: psc[2] (input port clocked by clk)
Endpoint: _153_ (rising edge-triggered flip-flop clocked by clk)
Path Group: clk
Path Type: max

Fanout         Cap        Slew       Delay        Time   Description
---------------------------------------------------------------------------------------------
                                  0.000000    0.000000   clock clk (rise edge)
                                  0.000000    0.000000   clock network delay (propagated)
                                  1.000000    1.000000 v input external delay
     1    0.002582    0.008129    0.004051    1.004051 v psc[2] (in)
                                                         psc[2] (net)
                      0.008129    0.000000    1.004051 v input3/A (sky130_fd_sc_hd__buf_1)
     4    0.012139    0.076281    0.113759    1.117810 v input3/X (sky130_fd_sc_hd__buf_1)
                                                         net3 (net)
                      0.076281    0.000089    1.117898 v _084_/B (sky130_fd_sc_hd__or4_4)
     3    0.009493    0.093202    0.534190    1.652089 v _084_/X (sky130_fd_sc_hd__or4_4)
                                                         _028_ (net)
                      0.093202    0.000075    1.652163 v _085_/C (sky130_fd_sc_hd__or3_1)
     3    0.008948    0.098824    0.365047    2.017210 v _085_/X (sky130_fd_sc_hd__or3_1)
                                                         _029_ (net)
                      0.098824    0.000049    2.017259 v _086_/B (sky130_fd_sc_hd__nor2_2)
     2    0.010659    0.137750    0.149208    2.166468 ^ _086_/Y (sky130_fd_sc_hd__nor2_2)
                                                         _030_ (net)
                      0.137750    0.000034    2.166502 ^ _104_/A_N (sky130_fd_sc_hd__and2b_1)
     2    0.005623    0.045484    0.207470    2.373972 v _104_/X (sky130_fd_sc_hd__and2b_1)
                                                         _048_ (net)
                      0.045484    0.000054    2.374026 v _105_/B1 (sky130_fd_sc_hd__o221a_1)
     1    0.008802    0.075720    0.256431    2.630457 v _105_/X (sky130_fd_sc_hd__o221a_1)
                                                         _049_ (net)
                      0.075720    0.000075    2.630533 v _107_/B1 (sky130_fd_sc_hd__o22ai_4)
     8    0.021886    0.231257    0.206915    2.837448 ^ _107_/Y (sky130_fd_sc_hd__o22ai_4)
                                                         _051_ (net)
                      0.231258    0.000616    2.838063 ^ _126_/A (sky130_fd_sc_hd__and3_1)
     1    0.003067    0.053773    0.189953    3.028016 ^ _126_/X (sky130_fd_sc_hd__and3_1)
                                                         _006_ (net)
                      0.053773    0.000036    3.028052 ^ _153_/D (sky130_fd_sc_hd__dfrtp_1)
                                              3.028052   data arrival time

                                  5.000000    5.000000   clock clk (rise edge)
                                  0.000000    5.000000   clock source latency
     1    0.010901    0.055423    0.036905    5.036905 ^ clk (in)
                                                         clk (net)
                      0.055424    0.000000    5.036905 ^ clkbuf_0_clk/A (sky130_fd_sc_hd__clkbuf_16)
     2    0.019419    0.041353    0.128688    5.165593 ^ clkbuf_0_clk/X (sky130_fd_sc_hd__clkbuf_16)
                                                         clknet_0_clk (net)
                      0.041354    0.000152    5.165744 ^ clkbuf_1_1__f_clk/A (sky130_fd_sc_hd__clkbuf_16)
     5    0.013670    0.036461    0.118045    5.283790 ^ clkbuf_1_1__f_clk/X (sky130_fd_sc_hd__clkbuf_16)
                                                         clknet_1_1__leaf_clk (net)
                      0.036461    0.000187    5.283976 ^ _153_/CLK (sky130_fd_sc_hd__dfrtp_1)
                                 -0.250000    5.033976   clock uncertainty
                                  0.000000    5.033976   clock reconvergence pessimism
                                 -0.063140    4.970835   library setup time
                                              4.970835   data required time
---------------------------------------------------------------------------------------------
                                              4.970835   data required time
                                             -3.028052   data arrival time
---------------------------------------------------------------------------------------------
                                              1.942784   slack (MET)


Startpoint: psc[2] (input port clocked by clk)
Endpoint: _148_ (rising edge-triggered flip-flop clocked by clk)
Path Group: clk
Path Type: max

Fanout         Cap        Slew       Delay        Time   Description
---------------------------------------------------------------------------------------------
                                  0.000000    0.000000   clock clk (rise edge)
                                  0.000000    0.000000   clock network delay (propagated)
                                  1.000000    1.000000 v input external delay
     1    0.002582    0.008129    0.004051    1.004051 v psc[2] (in)
                                                         psc[2] (net)
                      0.008129    0.000000    1.004051 v input3/A (sky130_fd_sc_hd__buf_1)
     4    0.012139    0.076281    0.113759    1.117810 v input3/X (sky130_fd_sc_hd__buf_1)
                                                         net3 (net)
                      0.076281    0.000089    1.117898 v _084_/B (sky130_fd_sc_hd__or4_4)
     3    0.009493    0.093202    0.534190    1.652089 v _084_/X (sky130_fd_sc_hd__or4_4)
                                                         _028_ (net)
                      0.093202    0.000075    1.652163 v _085_/C (sky130_fd_sc_hd__or3_1)
     3    0.008948    0.098824    0.365047    2.017210 v _085_/X (sky130_fd_sc_hd__or3_1)
                                                         _029_ (net)
                      0.098824    0.000049    2.017259 v _086_/B (sky130_fd_sc_hd__nor2_2)
     2    0.010659    0.137750    0.149208    2.166468 ^ _086_/Y (sky130_fd_sc_hd__nor2_2)
                                                         _030_ (net)
                      0.137750    0.000034    2.166502 ^ _104_/A_N (sky130_fd_sc_hd__and2b_1)
     2    0.005623    0.045484    0.207470    2.373972 v _104_/X (sky130_fd_sc_hd__and2b_1)
                                                         _048_ (net)
                      0.045484    0.000054    2.374026 v _105_/B1 (sky130_fd_sc_hd__o221a_1)
     1    0.008802    0.075720    0.256431    2.630457 v _105_/X (sky130_fd_sc_hd__o221a_1)
                                                         _049_ (net)
                      0.075720    0.000075    2.630533 v _107_/B1 (sky130_fd_sc_hd__o22ai_4)
     8    0.021886    0.231257    0.206915    2.837448 ^ _107_/Y (sky130_fd_sc_hd__o22ai_4)
                                                         _051_ (net)
                      0.231258    0.000829    2.838276 ^ _110_/B (sky130_fd_sc_hd__and3_1)
     1    0.002513    0.048914    0.186230    3.024507 ^ _110_/X (sky130_fd_sc_hd__and3_1)
                                                         _001_ (net)
                      0.048914    0.000024    3.024531 ^ _148_/D (sky130_fd_sc_hd__dfrtp_2)
                                              3.024531   data arrival time

                                  5.000000    5.000000   clock clk (rise edge)
                                  0.000000    5.000000   clock source latency
     1    0.010901    0.055423    0.036905    5.036905 ^ clk (in)
                                                         clk (net)
                      0.055424    0.000000    5.036905 ^ clkbuf_0_clk/A (sky130_fd_sc_hd__clkbuf_16)
     2    0.019419    0.041353    0.128688    5.165593 ^ clkbuf_0_clk/X (sky130_fd_sc_hd__clkbuf_16)
                                                         clknet_0_clk (net)
                      0.041354    0.000122    5.165714 ^ clkbuf_1_0__f_clk/A (sky130_fd_sc_hd__clkbuf_16)
     5    0.014236    0.036941    0.118587    5.284302 ^ clkbuf_1_0__f_clk/X (sky130_fd_sc_hd__clkbuf_16)
                                                         clknet_1_0__leaf_clk (net)
                      0.036941    0.000077    5.284379 ^ _148_/CLK (sky130_fd_sc_hd__dfrtp_2)
                                 -0.250000    5.034379   clock uncertainty
                                  0.000000    5.034379   clock reconvergence pessimism
                                 -0.065641    4.968738   library setup time
                                              4.968738   data required time
---------------------------------------------------------------------------------------------
                                              4.968738   data required time
                                             -3.024531   data arrival time
---------------------------------------------------------------------------------------------
                                              1.944207   slack (MET)


Startpoint: psc[2] (input port clocked by clk)
Endpoint: _152_ (rising edge-triggered flip-flop clocked by clk)
Path Group: clk
Path Type: max

Fanout         Cap        Slew       Delay        Time   Description
---------------------------------------------------------------------------------------------
                                  0.000000    0.000000   clock clk (rise edge)
                                  0.000000    0.000000   clock network delay (propagated)
                                  1.000000    1.000000 v input external delay
     1    0.002582    0.008129    0.004051    1.004051 v psc[2] (in)
                                                         psc[2] (net)
                      0.008129    0.000000    1.004051 v input3/A (sky130_fd_sc_hd__buf_1)
     4    0.012139    0.076281    0.113759    1.117810 v input3/X (sky130_fd_sc_hd__buf_1)
                                                         net3 (net)
                      0.076281    0.000089    1.117898 v _084_/B (sky130_fd_sc_hd__or4_4)
     3    0.009493    0.093202    0.534190    1.652089 v _084_/X (sky130_fd_sc_hd__or4_4)
                                                         _028_ (net)
                      0.093202    0.000075    1.652163 v _085_/C (sky130_fd_sc_hd__or3_1)
     3    0.008948    0.098824    0.365047    2.017210 v _085_/X (sky130_fd_sc_hd__or3_1)
                                                         _029_ (net)
                      0.098824    0.000049    2.017259 v _086_/B (sky130_fd_sc_hd__nor2_2)
     2    0.010659    0.137750    0.149208    2.166468 ^ _086_/Y (sky130_fd_sc_hd__nor2_2)
                                                         _030_ (net)
                      0.137750    0.000034    2.166502 ^ _104_/A_N (sky130_fd_sc_hd__and2b_1)
     2    0.005623    0.045484    0.207470    2.373972 v _104_/X (sky130_fd_sc_hd__and2b_1)
                                                         _048_ (net)
                      0.045484    0.000054    2.374026 v _105_/B1 (sky130_fd_sc_hd__o221a_1)
     1    0.008802    0.075720    0.256431    2.630457 v _105_/X (sky130_fd_sc_hd__o221a_1)
                                                         _049_ (net)
                      0.075720    0.000075    2.630533 v _107_/B1 (sky130_fd_sc_hd__o22ai_4)
     8    0.021886    0.231257    0.206915    2.837448 ^ _107_/Y (sky130_fd_sc_hd__o22ai_4)
                                                         _051_ (net)
                      0.231258    0.000595    2.838042 ^ _123_/A (sky130_fd_sc_hd__and3_1)
     1    0.002534    0.049216    0.185074    3.023116 ^ _123_/X (sky130_fd_sc_hd__and3_1)
                                                         _005_ (net)
                      0.049216    0.000025    3.023141 ^ _152_/D (sky130_fd_sc_hd__dfrtp_1)
                                              3.023141   data arrival time

                                  5.000000    5.000000   clock clk (rise edge)
                                  0.000000    5.000000   clock source latency
     1    0.010901    0.055423    0.036905    5.036905 ^ clk (in)
                                                         clk (net)
                      0.055424    0.000000    5.036905 ^ clkbuf_0_clk/A (sky130_fd_sc_hd__clkbuf_16)
     2    0.019419    0.041353    0.128688    5.165593 ^ clkbuf_0_clk/X (sky130_fd_sc_hd__clkbuf_16)
                                                         clknet_0_clk (net)
                      0.041354    0.000152    5.165744 ^ clkbuf_1_1__f_clk/A (sky130_fd_sc_hd__clkbuf_16)
     5    0.013670    0.036461    0.118045    5.283790 ^ clkbuf_1_1__f_clk/X (sky130_fd_sc_hd__clkbuf_16)
                                                         clknet_1_1__leaf_clk (net)
                      0.036461    0.000194    5.283984 ^ _152_/CLK (sky130_fd_sc_hd__dfrtp_1)
                                 -0.250000    5.033984   clock uncertainty
                                  0.000000    5.033984   clock reconvergence pessimism
                                 -0.062086    4.971898   library setup time
                                              4.971898   data required time
---------------------------------------------------------------------------------------------
                                              4.971898   data required time
                                             -3.023141   data arrival time
---------------------------------------------------------------------------------------------
                                              1.948757   slack (MET)


Startpoint: psc[2] (input port clocked by clk)
Endpoint: _150_ (rising edge-triggered flip-flop clocked by clk)
Path Group: clk
Path Type: max

Fanout         Cap        Slew       Delay        Time   Description
---------------------------------------------------------------------------------------------
                                  0.000000    0.000000   clock clk (rise edge)
                                  0.000000    0.000000   clock network delay (propagated)
                                  1.000000    1.000000 v input external delay
     1    0.002582    0.008129    0.004051    1.004051 v psc[2] (in)
                                                         psc[2] (net)
                      0.008129    0.000000    1.004051 v input3/A (sky130_fd_sc_hd__buf_1)
     4    0.012139    0.076281    0.113759    1.117810 v input3/X (sky130_fd_sc_hd__buf_1)
                                                         net3 (net)
                      0.076281    0.000089    1.117898 v _084_/B (sky130_fd_sc_hd__or4_4)
     3    0.009493    0.093202    0.534190    1.652089 v _084_/X (sky130_fd_sc_hd__or4_4)
                                                         _028_ (net)
                      0.093202    0.000075    1.652163 v _085_/C (sky130_fd_sc_hd__or3_1)
     3    0.008948    0.098824    0.365047    2.017210 v _085_/X (sky130_fd_sc_hd__or3_1)
                                                         _029_ (net)
                      0.098824    0.000049    2.017259 v _086_/B (sky130_fd_sc_hd__nor2_2)
     2    0.010659    0.137750    0.149208    2.166468 ^ _086_/Y (sky130_fd_sc_hd__nor2_2)
                                                         _030_ (net)
                      0.137750    0.000034    2.166502 ^ _104_/A_N (sky130_fd_sc_hd__and2b_1)
     2    0.005623    0.045484    0.207470    2.373972 v _104_/X (sky130_fd_sc_hd__and2b_1)
                                                         _048_ (net)
                      0.045484    0.000054    2.374026 v _105_/B1 (sky130_fd_sc_hd__o221a_1)
     1    0.008802    0.075720    0.256431    2.630457 v _105_/X (sky130_fd_sc_hd__o221a_1)
                                                         _049_ (net)
                      0.075720    0.000075    2.630533 v _107_/B1 (sky130_fd_sc_hd__o22ai_4)
     8    0.021886    0.231257    0.206915    2.837448 ^ _107_/Y (sky130_fd_sc_hd__o22ai_4)
                                                         _051_ (net)
                      0.231258    0.000792    2.838240 ^ _116_/A (sky130_fd_sc_hd__and3_1)
     1    0.002309    0.048863    0.183027    3.021267 ^ _116_/X (sky130_fd_sc_hd__and3_1)
                                                         _003_ (net)
                      0.048863    0.000011    3.021278 ^ _150_/D (sky130_fd_sc_hd__dfrtp_1)
                                              3.021278   data arrival time

                                  5.000000    5.000000   clock clk (rise edge)
                                  0.000000    5.000000   clock source latency
     1    0.010901    0.055423    0.036905    5.036905 ^ clk (in)
                                                         clk (net)
                      0.055424    0.000000    5.036905 ^ clkbuf_0_clk/A (sky130_fd_sc_hd__clkbuf_16)
     2    0.019419    0.041353    0.128688    5.165593 ^ clkbuf_0_clk/X (sky130_fd_sc_hd__clkbuf_16)
                                                         clknet_0_clk (net)
                      0.041354    0.000122    5.165714 ^ clkbuf_1_0__f_clk/A (sky130_fd_sc_hd__clkbuf_16)
     5    0.014236    0.036941    0.118587    5.284302 ^ clkbuf_1_0__f_clk/X (sky130_fd_sc_hd__clkbuf_16)
                                                         clknet_1_0__leaf_clk (net)
                      0.036941    0.000253    5.284554 ^ _150_/CLK (sky130_fd_sc_hd__dfrtp_1)
                                 -0.250000    5.034554   clock uncertainty
                                  0.000000    5.034554   clock reconvergence pessimism
                                 -0.061932    4.972622   library setup time
                                              4.972622   data required time
---------------------------------------------------------------------------------------------
                                              4.972622   data required time
                                             -3.021278   data arrival time
---------------------------------------------------------------------------------------------
                                              1.951344   slack (MET)


Startpoint: psc[2] (input port clocked by clk)
Endpoint: _149_ (rising edge-triggered flip-flop clocked by clk)
Path Group: clk
Path Type: max

Fanout         Cap        Slew       Delay        Time   Description
---------------------------------------------------------------------------------------------
                                  0.000000    0.000000   clock clk (rise edge)
                                  0.000000    0.000000   clock network delay (propagated)
                                  1.000000    1.000000 v input external delay
     1    0.002582    0.008129    0.004051    1.004051 v psc[2] (in)
                                                         psc[2] (net)
                      0.008129    0.000000    1.004051 v input3/A (sky130_fd_sc_hd__buf_1)
     4    0.012139    0.076281    0.113759    1.117810 v input3/X (sky130_fd_sc_hd__buf_1)
                                                         net3 (net)
                      0.076281    0.000089    1.117898 v _084_/B (sky130_fd_sc_hd__or4_4)
     3    0.009493    0.093202    0.534190    1.652089 v _084_/X (sky130_fd_sc_hd__or4_4)
                                                         _028_ (net)
                      0.093202    0.000075    1.652163 v _085_/C (sky130_fd_sc_hd__or3_1)
     3    0.008948    0.098824    0.365047    2.017210 v _085_/X (sky130_fd_sc_hd__or3_1)
                                                         _029_ (net)
                      0.098824    0.000049    2.017259 v _086_/B (sky130_fd_sc_hd__nor2_2)
     2    0.010659    0.137750    0.149208    2.166468 ^ _086_/Y (sky130_fd_sc_hd__nor2_2)
                                                         _030_ (net)
                      0.137750    0.000034    2.166502 ^ _104_/A_N (sky130_fd_sc_hd__and2b_1)
     2    0.005623    0.045484    0.207470    2.373972 v _104_/X (sky130_fd_sc_hd__and2b_1)
                                                         _048_ (net)
                      0.045484    0.000054    2.374026 v _105_/B1 (sky130_fd_sc_hd__o221a_1)
     1    0.008802    0.075720    0.256431    2.630457 v _105_/X (sky130_fd_sc_hd__o221a_1)
                                                         _049_ (net)
                      0.075720    0.000075    2.630533 v _107_/B1 (sky130_fd_sc_hd__o22ai_4)
     8    0.021886    0.231257    0.206915    2.837448 ^ _107_/Y (sky130_fd_sc_hd__o22ai_4)
                                                         _051_ (net)
                      0.231258    0.000850    2.838298 ^ _112_/A (sky130_fd_sc_hd__and2_1)
     1    0.002420    0.045823    0.158030    2.996328 ^ _112_/X (sky130_fd_sc_hd__and2_1)
                                                         _002_ (net)
                      0.045823    0.000022    2.996350 ^ _149_/D (sky130_fd_sc_hd__dfrtp_2)
                                              2.996350   data arrival time

                                  5.000000    5.000000   clock clk (rise edge)
                                  0.000000    5.000000   clock source latency
     1    0.010901    0.055423    0.036905    5.036905 ^ clk (in)
                                                         clk (net)
                      0.055424    0.000000    5.036905 ^ clkbuf_0_clk/A (sky130_fd_sc_hd__clkbuf_16)
     2    0.019419    0.041353    0.128688    5.165593 ^ clkbuf_0_clk/X (sky130_fd_sc_hd__clkbuf_16)
                                                         clknet_0_clk (net)
                      0.041354    0.000122    5.165714 ^ clkbuf_1_0__f_clk/A (sky130_fd_sc_hd__clkbuf_16)
     5    0.014236    0.036941    0.118587    5.284302 ^ clkbuf_1_0__f_clk/X (sky130_fd_sc_hd__clkbuf_16)
                                                         clknet_1_0__leaf_clk (net)
                      0.036941    0.000089    5.284390 ^ _149_/CLK (sky130_fd_sc_hd__dfrtp_2)
                                 -0.250000    5.034390   clock uncertainty
                                  0.000000    5.034390   clock reconvergence pessimism
                                 -0.064917    4.969473   library setup time
                                              4.969473   data required time
---------------------------------------------------------------------------------------------
                                              4.969473   data required time
                                             -2.996350   data arrival time
---------------------------------------------------------------------------------------------
                                              1.973124   slack (MET)


Startpoint: psc[2] (input port clocked by clk)
Endpoint: _154_ (rising edge-triggered flip-flop clocked by clk)
Path Group: clk
Path Type: max

Fanout         Cap        Slew       Delay        Time   Description
---------------------------------------------------------------------------------------------
                                  0.000000    0.000000   clock clk (rise edge)
                                  0.000000    0.000000   clock network delay (propagated)
                                  1.000000    1.000000 v input external delay
     1    0.002582    0.008129    0.004051    1.004051 v psc[2] (in)
                                                         psc[2] (net)
                      0.008129    0.000000    1.004051 v input3/A (sky130_fd_sc_hd__buf_1)
     4    0.012139    0.076281    0.113759    1.117810 v input3/X (sky130_fd_sc_hd__buf_1)
                                                         net3 (net)
                      0.076281    0.000089    1.117898 v _084_/B (sky130_fd_sc_hd__or4_4)
     3    0.009493    0.093202    0.534190    1.652089 v _084_/X (sky130_fd_sc_hd__or4_4)
                                                         _028_ (net)
                      0.093202    0.000075    1.652163 v _085_/C (sky130_fd_sc_hd__or3_1)
     3    0.008948    0.098824    0.365047    2.017210 v _085_/X (sky130_fd_sc_hd__or3_1)
                                                         _029_ (net)
                      0.098824    0.000049    2.017259 v _086_/B (sky130_fd_sc_hd__nor2_2)
     2    0.010659    0.137750    0.149208    2.166468 ^ _086_/Y (sky130_fd_sc_hd__nor2_2)
                                                         _030_ (net)
                      0.137750    0.000034    2.166502 ^ _104_/A_N (sky130_fd_sc_hd__and2b_1)
     2    0.005623    0.045484    0.207470    2.373972 v _104_/X (sky130_fd_sc_hd__and2b_1)
                                                         _048_ (net)
                      0.045484    0.000054    2.374026 v _105_/B1 (sky130_fd_sc_hd__o221a_1)
     1    0.008802    0.075720    0.256431    2.630457 v _105_/X (sky130_fd_sc_hd__o221a_1)
                                                         _049_ (net)
                      0.075720    0.000075    2.630533 v _107_/B1 (sky130_fd_sc_hd__o22ai_4)
     8    0.021886    0.231257    0.206915    2.837448 ^ _107_/Y (sky130_fd_sc_hd__o22ai_4)
                                                         _051_ (net)
                      0.231257    0.000297    2.837745 ^ _128_/A (sky130_fd_sc_hd__and2_1)
     1    0.002259    0.044577    0.156761    2.994506 ^ _128_/X (sky130_fd_sc_hd__and2_1)
                                                         _007_ (net)
                      0.044577    0.000019    2.994525 ^ _154_/D (sky130_fd_sc_hd__dfrtp_2)
                                              2.994525   data arrival time

                                  5.000000    5.000000   clock clk (rise edge)
                                  0.000000    5.000000   clock source latency
     1    0.010901    0.055423    0.036905    5.036905 ^ clk (in)
                                                         clk (net)
                      0.055424    0.000000    5.036905 ^ clkbuf_0_clk/A (sky130_fd_sc_hd__clkbuf_16)
     2    0.019419    0.041353    0.128688    5.165593 ^ clkbuf_0_clk/X (sky130_fd_sc_hd__clkbuf_16)
                                                         clknet_0_clk (net)
                      0.041354    0.000152    5.165744 ^ clkbuf_1_1__f_clk/A (sky130_fd_sc_hd__clkbuf_16)
     5    0.013670    0.036461    0.118045    5.283790 ^ clkbuf_1_1__f_clk/X (sky130_fd_sc_hd__clkbuf_16)
                                                         clknet_1_1__leaf_clk (net)
                      0.036461    0.000134    5.283924 ^ _154_/CLK (sky130_fd_sc_hd__dfrtp_2)
                                 -0.250000    5.033924   clock uncertainty
                                  0.000000    5.033924   clock reconvergence pessimism
                                 -0.064699    4.969225   library setup time
                                              4.969225   data required time
---------------------------------------------------------------------------------------------
                                              4.969225   data required time
                                             -2.994525   data arrival time
---------------------------------------------------------------------------------------------
                                              1.974700   slack (MET)


Startpoint: psc[2] (input port clocked by clk)
Endpoint: _147_ (rising edge-triggered flip-flop clocked by clk)
Path Group: clk
Path Type: max

Fanout         Cap        Slew       Delay        Time   Description
---------------------------------------------------------------------------------------------
                                  0.000000    0.000000   clock clk (rise edge)
                                  0.000000    0.000000   clock network delay (propagated)
                                  1.000000    1.000000 v input external delay
     1    0.002582    0.008129    0.004051    1.004051 v psc[2] (in)
                                                         psc[2] (net)
                      0.008129    0.000000    1.004051 v input3/A (sky130_fd_sc_hd__buf_1)
     4    0.012139    0.076281    0.113759    1.117810 v input3/X (sky130_fd_sc_hd__buf_1)
                                                         net3 (net)
                      0.076281    0.000089    1.117898 v _084_/B (sky130_fd_sc_hd__or4_4)
     3    0.009493    0.093202    0.534190    1.652089 v _084_/X (sky130_fd_sc_hd__or4_4)
                                                         _028_ (net)
                      0.093202    0.000075    1.652163 v _085_/C (sky130_fd_sc_hd__or3_1)
     3    0.008948    0.098824    0.365047    2.017210 v _085_/X (sky130_fd_sc_hd__or3_1)
                                                         _029_ (net)
                      0.098824    0.000049    2.017259 v _086_/B (sky130_fd_sc_hd__nor2_2)
     2    0.010659    0.137750    0.149208    2.166468 ^ _086_/Y (sky130_fd_sc_hd__nor2_2)
                                                         _030_ (net)
                      0.137750    0.000034    2.166502 ^ _104_/A_N (sky130_fd_sc_hd__and2b_1)
     2    0.005623    0.045484    0.207470    2.373972 v _104_/X (sky130_fd_sc_hd__and2b_1)
                                                         _048_ (net)
                      0.045484    0.000054    2.374026 v _105_/B1 (sky130_fd_sc_hd__o221a_1)
     1    0.008802    0.075720    0.256431    2.630457 v _105_/X (sky130_fd_sc_hd__o221a_1)
                                                         _049_ (net)
                      0.075720    0.000075    2.630533 v _107_/B1 (sky130_fd_sc_hd__o22ai_4)
     8    0.021886    0.231257    0.206915    2.837448 ^ _107_/Y (sky130_fd_sc_hd__o22ai_4)
                                                         _051_ (net)
                      0.231258    0.000775    2.838223 ^ _108_/B (sky130_fd_sc_hd__and2b_1)
     1    0.002313    0.039948    0.151505    2.989728 ^ _108_/X (sky130_fd_sc_hd__and2b_1)
                                                         _000_ (net)
                      0.039948    0.000020    2.989748 ^ _147_/D (sky130_fd_sc_hd__dfrtp_2)
                                              2.989748   data arrival time

                                  5.000000    5.000000   clock clk (rise edge)
                                  0.000000    5.000000   clock source latency
     1    0.010901    0.055423    0.036905    5.036905 ^ clk (in)
                                                         clk (net)
                      0.055424    0.000000    5.036905 ^ clkbuf_0_clk/A (sky130_fd_sc_hd__clkbuf_16)
     2    0.019419    0.041353    0.128688    5.165593 ^ clkbuf_0_clk/X (sky130_fd_sc_hd__clkbuf_16)
                                                         clknet_0_clk (net)
                      0.041354    0.000122    5.165714 ^ clkbuf_1_0__f_clk/A (sky130_fd_sc_hd__clkbuf_16)
     5    0.014236    0.036941    0.118587    5.284302 ^ clkbuf_1_0__f_clk/X (sky130_fd_sc_hd__clkbuf_16)
                                                         clknet_1_0__leaf_clk (net)
                      0.036941    0.000140    5.284441 ^ _147_/CLK (sky130_fd_sc_hd__dfrtp_2)
                                 -0.250000    5.034441   clock uncertainty
                                  0.000000    5.034441   clock reconvergence pessimism
                                 -0.063543    4.970899   library setup time
                                              4.970899   data required time
---------------------------------------------------------------------------------------------
                                              4.970899   data required time
                                             -2.989748   data arrival time
---------------------------------------------------------------------------------------------
                                              1.981151   slack (MET)


Startpoint: psc[1] (input port clocked by clk)
Endpoint: _146_ (rising edge-triggered flip-flop clocked by clk)
Path Group: clk
Path Type: max

Fanout         Cap        Slew       Delay        Time   Description
---------------------------------------------------------------------------------------------
                                  0.000000    0.000000   clock clk (rise edge)
                                  0.000000    0.000000   clock network delay (propagated)
                                  1.000000    1.000000 ^ input external delay
     1    0.002342    0.017794    0.008696    1.008696 ^ psc[1] (in)
                                                         psc[1] (net)
                      0.017794    0.000000    1.008696 ^ input2/A (sky130_fd_sc_hd__dlymetal6s2s_1)
     6    0.019370    0.208961    0.194802    1.203498 ^ input2/X (sky130_fd_sc_hd__dlymetal6s2s_1)
                                                         net2 (net)
                      0.208961    0.000206    1.203704 ^ _079_/A (sky130_fd_sc_hd__inv_2)
     1    0.002509    0.036378    0.039411    1.243115 v _079_/Y (sky130_fd_sc_hd__inv_2)
                                                         _024_ (net)
                      0.036378    0.000021    1.243136 v _131_/A1 (sky130_fd_sc_hd__o22a_1)
     1    0.002634    0.040463    0.198627    1.441764 v _131_/X (sky130_fd_sc_hd__o22a_1)
                                                         _067_ (net)
                      0.040463    0.000015    1.441779 v _132_/C1 (sky130_fd_sc_hd__a221o_1)
     1    0.002467    0.051395    0.250412    1.692191 v _132_/X (sky130_fd_sc_hd__a221o_1)
                                                         _068_ (net)
                      0.051395    0.000011    1.692202 v _133_/C1 (sky130_fd_sc_hd__o221a_1)
     1    0.002854    0.045493    0.114544    1.806747 v _133_/X (sky130_fd_sc_hd__o221a_1)
                                                         _069_ (net)
                      0.045493    0.000018    1.806764 v _135_/B1 (sky130_fd_sc_hd__o221a_1)
     1    0.002633    0.044146    0.216491    2.023256 v _135_/X (sky130_fd_sc_hd__o221a_1)
                                                         _071_ (net)
                      0.044146    0.000025    2.023280 v _136_/C1 (sky130_fd_sc_hd__a221o_1)
     1    0.002798    0.051759    0.254384    2.277664 v _136_/X (sky130_fd_sc_hd__a221o_1)
                                                         _072_ (net)
                      0.051759    0.000016    2.277680 v _137_/A2 (sky130_fd_sc_hd__a21oi_1)
     1    0.002806    0.104322    0.137932    2.415613 ^ _137_/Y (sky130_fd_sc_hd__a21oi_1)
                                                         _008_ (net)
                      0.104322    0.000030    2.415643 ^ _146_/D (sky130_fd_sc_hd__dfrtp_1)
                                              2.415643   data arrival time

                                  5.000000    5.000000   clock clk (rise edge)
                                  0.000000    5.000000   clock source latency
     1    0.010901    0.055423    0.036905    5.036905 ^ clk (in)
                                                         clk (net)
                      0.055424    0.000000    5.036905 ^ clkbuf_0_clk/A (sky130_fd_sc_hd__clkbuf_16)
     2    0.019419    0.041353    0.128688    5.165593 ^ clkbuf_0_clk/X (sky130_fd_sc_hd__clkbuf_16)
                                                         clknet_0_clk (net)
                      0.041354    0.000152    5.165744 ^ clkbuf_1_1__f_clk/A (sky130_fd_sc_hd__clkbuf_16)
     5    0.013670    0.036461    0.118045    5.283790 ^ clkbuf_1_1__f_clk/X (sky130_fd_sc_hd__clkbuf_16)
                                                         clknet_1_1__leaf_clk (net)
                      0.036461    0.000147    5.283937 ^ _146_/CLK (sky130_fd_sc_hd__dfrtp_1)
                                 -0.250000    5.033937   clock uncertainty
                                  0.000000    5.033937   clock reconvergence pessimism
                                 -0.074839    4.959098   library setup time
                                              4.959098   data required time
---------------------------------------------------------------------------------------------
                                              4.959098   data required time
                                             -2.415643   data arrival time
---------------------------------------------------------------------------------------------
                                              2.543455   slack (MET)


Startpoint: _146_ (rising edge-triggered flip-flop clocked by clk)
Endpoint: out (output port clocked by clk)
Path Group: clk
Path Type: max

Fanout         Cap        Slew       Delay        Time   Description
---------------------------------------------------------------------------------------------
                                  0.000000    0.000000   clock clk (rise edge)
                                  0.000000    0.000000   clock source latency
     1    0.010901    0.055423    0.036905    0.036905 ^ clk (in)
                                                         clk (net)
                      0.055424    0.000000    0.036905 ^ clkbuf_0_clk/A (sky130_fd_sc_hd__clkbuf_16)
     2    0.019419    0.041353    0.128687    0.165592 ^ clkbuf_0_clk/X (sky130_fd_sc_hd__clkbuf_16)
                                                         clknet_0_clk (net)
                      0.041354    0.000152    0.165744 ^ clkbuf_1_1__f_clk/A (sky130_fd_sc_hd__clkbuf_16)
     5    0.013670    0.036461    0.118045    0.283789 ^ clkbuf_1_1__f_clk/X (sky130_fd_sc_hd__clkbuf_16)
                                                         clknet_1_1__leaf_clk (net)
                      0.036461    0.000147    0.283937 ^ _146_/CLK (sky130_fd_sc_hd__dfrtp_1)
     1    0.002465    0.037437    0.346669    0.630605 v _146_/Q (sky130_fd_sc_hd__dfrtp_1)
                                                         net10 (net)
                      0.037437    0.000025    0.630630 v output10/A (sky130_fd_sc_hd__buf_2)
     1    0.034709    0.090344    0.177967    0.808597 v output10/X (sky130_fd_sc_hd__buf_2)
                                                         out (net)
                      0.090344    0.000283    0.808880 v out (out)
                                              0.808880   data arrival time

                                  5.000000    5.000000   clock clk (rise edge)
                                  0.000000    5.000000   clock network delay (propagated)
                                 -0.250000    4.750000   clock uncertainty
                                  0.000000    4.750000   clock reconvergence pessimism
                                 -1.000000    3.750000   output external delay
                                              3.750000   data required time
---------------------------------------------------------------------------------------------
                                              3.750000   data required time
                                             -0.808880   data arrival time
---------------------------------------------------------------------------------------------
                                              2.941120   slack (MET)


Startpoint: rst (input port clocked by clk)
Endpoint: _154_ (recovery check against rising-edge clock clk)
Path Group: asynchronous
Path Type: max

Fanout         Cap        Slew       Delay        Time   Description
---------------------------------------------------------------------------------------------
                                  0.000000    0.000000   clock clk (rise edge)
                                  0.000000    0.000000   clock network delay (propagated)
                                  1.000000    1.000000 v input external delay
     1    0.002153    0.007141    0.003326    1.003326 v rst (in)
                                                         rst (net)
                      0.007141    0.000000    1.003326 v hold1/A (sky130_fd_sc_hd__dlygate4sd3_1)
     1    0.002604    0.051945    0.532338    1.535665 v hold1/X (sky130_fd_sc_hd__dlygate4sd3_1)
                                                         net11 (net)
                      0.051945    0.000025    1.535690 v input9/A (sky130_fd_sc_hd__clkbuf_4)
     9    0.048332    0.104941    0.207004    1.742694 v input9/X (sky130_fd_sc_hd__clkbuf_4)
                                                         net9 (net)
                      0.104943    0.000567    1.743261 v _145_/A (sky130_fd_sc_hd__inv_2)
     1    0.004228    0.039745    0.067821    1.811083 ^ _145_/Y (sky130_fd_sc_hd__inv_2)
                                                         _017_ (net)
                      0.039745    0.000041    1.811123 ^ _154_/RESET_B (sky130_fd_sc_hd__dfrtp_2)
                                              1.811123   data arrival time

                                  5.000000    5.000000   clock clk (rise edge)
                                  0.000000    5.000000   clock source latency
     1    0.010901    0.055423    0.036905    5.036905 ^ clk (in)
                                                         clk (net)
                      0.055424    0.000000    5.036905 ^ clkbuf_0_clk/A (sky130_fd_sc_hd__clkbuf_16)
     2    0.019419    0.041353    0.128688    5.165593 ^ clkbuf_0_clk/X (sky130_fd_sc_hd__clkbuf_16)
                                                         clknet_0_clk (net)
                      0.041354    0.000152    5.165744 ^ clkbuf_1_1__f_clk/A (sky130_fd_sc_hd__clkbuf_16)
     5    0.013670    0.036461    0.118045    5.283790 ^ clkbuf_1_1__f_clk/X (sky130_fd_sc_hd__clkbuf_16)
                                                         clknet_1_1__leaf_clk (net)
                      0.036461    0.000134    5.283924 ^ _154_/CLK (sky130_fd_sc_hd__dfrtp_2)
                                 -0.250000    5.033924   clock uncertainty
                                  0.000000    5.033924   clock reconvergence pessimism
                                  0.218133    5.252057   library recovery time
                                              5.252057   data required time
---------------------------------------------------------------------------------------------
                                              5.252057   data required time
                                             -1.811123   data arrival time
---------------------------------------------------------------------------------------------
                                              3.440933   slack (MET)


Startpoint: rst (input port clocked by clk)
Endpoint: _147_ (recovery check against rising-edge clock clk)
Path Group: asynchronous
Path Type: max

Fanout         Cap        Slew       Delay        Time   Description
---------------------------------------------------------------------------------------------
                                  0.000000    0.000000   clock clk (rise edge)
                                  0.000000    0.000000   clock network delay (propagated)
                                  1.000000    1.000000 v input external delay
     1    0.002153    0.007141    0.003326    1.003326 v rst (in)
                                                         rst (net)
                      0.007141    0.000000    1.003326 v hold1/A (sky130_fd_sc_hd__dlygate4sd3_1)
     1    0.002604    0.051945    0.532338    1.535665 v hold1/X (sky130_fd_sc_hd__dlygate4sd3_1)
                                                         net11 (net)
                      0.051945    0.000025    1.535690 v input9/A (sky130_fd_sc_hd__clkbuf_4)
     9    0.048332    0.104941    0.207004    1.742694 v input9/X (sky130_fd_sc_hd__clkbuf_4)
                                                         net9 (net)
                      0.104954    0.001160    1.743854 v _138_/A (sky130_fd_sc_hd__inv_2)
     1    0.004062    0.039046    0.066939    1.810793 ^ _138_/Y (sky130_fd_sc_hd__inv_2)
                                                         _010_ (net)
                      0.039046    0.000016    1.810809 ^ _147_/RESET_B (sky130_fd_sc_hd__dfrtp_2)
                                              1.810809   data arrival time

                                  5.000000    5.000000   clock clk (rise edge)
                                  0.000000    5.000000   clock source latency
     1    0.010901    0.055423    0.036905    5.036905 ^ clk (in)
                                                         clk (net)
                      0.055424    0.000000    5.036905 ^ clkbuf_0_clk/A (sky130_fd_sc_hd__clkbuf_16)
     2    0.019419    0.041353    0.128688    5.165593 ^ clkbuf_0_clk/X (sky130_fd_sc_hd__clkbuf_16)
                                                         clknet_0_clk (net)
                      0.041354    0.000122    5.165714 ^ clkbuf_1_0__f_clk/A (sky130_fd_sc_hd__clkbuf_16)
     5    0.014236    0.036941    0.118587    5.284302 ^ clkbuf_1_0__f_clk/X (sky130_fd_sc_hd__clkbuf_16)
                                                         clknet_1_0__leaf_clk (net)
                      0.036941    0.000140    5.284441 ^ _147_/CLK (sky130_fd_sc_hd__dfrtp_2)
                                 -0.250000    5.034441   clock uncertainty
                                  0.000000    5.034441   clock reconvergence pessimism
                                  0.218490    5.252931   library recovery time
                                              5.252931   data required time
---------------------------------------------------------------------------------------------
                                              5.252931   data required time
                                             -1.810809   data arrival time
---------------------------------------------------------------------------------------------
                                              3.442122   slack (MET)


Startpoint: rst (input port clocked by clk)
Endpoint: _149_ (recovery check against rising-edge clock clk)
Path Group: asynchronous
Path Type: max

Fanout         Cap        Slew       Delay        Time   Description
---------------------------------------------------------------------------------------------
                                  0.000000    0.000000   clock clk (rise edge)
                                  0.000000    0.000000   clock network delay (propagated)
                                  1.000000    1.000000 v input external delay
     1    0.002153    0.007141    0.003326    1.003326 v rst (in)
                                                         rst (net)
                      0.007141    0.000000    1.003326 v hold1/A (sky130_fd_sc_hd__dlygate4sd3_1)
     1    0.002604    0.051945    0.532338    1.535665 v hold1/X (sky130_fd_sc_hd__dlygate4sd3_1)
                                                         net11 (net)
                      0.051945    0.000025    1.535690 v input9/A (sky130_fd_sc_hd__clkbuf_4)
     9    0.048332    0.104941    0.207004    1.742694 v input9/X (sky130_fd_sc_hd__clkbuf_4)
                                                         net9 (net)
                      0.104957    0.001249    1.743944 v _140_/A (sky130_fd_sc_hd__inv_2)
     1    0.004028    0.038904    0.066757    1.810701 ^ _140_/Y (sky130_fd_sc_hd__inv_2)
                                                         _012_ (net)
                      0.038904    0.000016    1.810717 ^ _149_/RESET_B (sky130_fd_sc_hd__dfrtp_2)
                                              1.810717   data arrival time

                                  5.000000    5.000000   clock clk (rise edge)
                                  0.000000    5.000000   clock source latency
     1    0.010901    0.055423    0.036905    5.036905 ^ clk (in)
                                                         clk (net)
                      0.055424    0.000000    5.036905 ^ clkbuf_0_clk/A (sky130_fd_sc_hd__clkbuf_16)
     2    0.019419    0.041353    0.128688    5.165593 ^ clkbuf_0_clk/X (sky130_fd_sc_hd__clkbuf_16)
                                                         clknet_0_clk (net)
                      0.041354    0.000122    5.165714 ^ clkbuf_1_0__f_clk/A (sky130_fd_sc_hd__clkbuf_16)
     5    0.014236    0.036941    0.118587    5.284302 ^ clkbuf_1_0__f_clk/X (sky130_fd_sc_hd__clkbuf_16)
                                                         clknet_1_0__leaf_clk (net)
                      0.036941    0.000089    5.284390 ^ _149_/CLK (sky130_fd_sc_hd__dfrtp_2)
                                 -0.250000    5.034390   clock uncertainty
                                  0.000000    5.034390   clock reconvergence pessimism
                                  0.218532    5.252922   library recovery time
                                              5.252922   data required time
---------------------------------------------------------------------------------------------
                                              5.252922   data required time
                                             -1.810717   data arrival time
---------------------------------------------------------------------------------------------
                                              3.442206   slack (MET)


Startpoint: rst (input port clocked by clk)
Endpoint: _151_ (recovery check against rising-edge clock clk)
Path Group: asynchronous
Path Type: max

Fanout         Cap        Slew       Delay        Time   Description
---------------------------------------------------------------------------------------------
                                  0.000000    0.000000   clock clk (rise edge)
                                  0.000000    0.000000   clock network delay (propagated)
                                  1.000000    1.000000 v input external delay
     1    0.002153    0.007141    0.003326    1.003326 v rst (in)
                                                         rst (net)
                      0.007141    0.000000    1.003326 v hold1/A (sky130_fd_sc_hd__dlygate4sd3_1)
     1    0.002604    0.051945    0.532338    1.535665 v hold1/X (sky130_fd_sc_hd__dlygate4sd3_1)
                                                         net11 (net)
                      0.051945    0.000025    1.535690 v input9/A (sky130_fd_sc_hd__clkbuf_4)
     9    0.048332    0.104941    0.207004    1.742694 v input9/X (sky130_fd_sc_hd__clkbuf_4)
                                                         net9 (net)
                      0.104950    0.001006    1.743700 v _142_/A (sky130_fd_sc_hd__inv_2)
     1    0.004016    0.038850    0.066686    1.810386 ^ _142_/Y (sky130_fd_sc_hd__inv_2)
                                                         _014_ (net)
                      0.038850    0.000015    1.810401 ^ _151_/RESET_B (sky130_fd_sc_hd__dfrtp_2)
                                              1.810401   data arrival time

                                  5.000000    5.000000   clock clk (rise edge)
                                  0.000000    5.000000   clock source latency
     1    0.010901    0.055423    0.036905    5.036905 ^ clk (in)
                                                         clk (net)
                      0.055424    0.000000    5.036905 ^ clkbuf_0_clk/A (sky130_fd_sc_hd__clkbuf_16)
     2    0.019419    0.041353    0.128688    5.165593 ^ clkbuf_0_clk/X (sky130_fd_sc_hd__clkbuf_16)
                                                         clknet_0_clk (net)
                      0.041354    0.000122    5.165714 ^ clkbuf_1_0__f_clk/A (sky130_fd_sc_hd__clkbuf_16)
     5    0.014236    0.036941    0.118587    5.284302 ^ clkbuf_1_0__f_clk/X (sky130_fd_sc_hd__clkbuf_16)
                                                         clknet_1_0__leaf_clk (net)
                      0.036941    0.000199    5.284501 ^ _151_/CLK (sky130_fd_sc_hd__dfrtp_2)
                                 -0.250000    5.034501   clock uncertainty
                                  0.000000    5.034501   clock reconvergence pessimism
                                  0.218548    5.253049   library recovery time
                                              5.253049   data required time
---------------------------------------------------------------------------------------------
                                              5.253049   data required time
                                             -1.810401   data arrival time
---------------------------------------------------------------------------------------------
                                              3.442648   slack (MET)


Startpoint: rst (input port clocked by clk)
Endpoint: _148_ (recovery check against rising-edge clock clk)
Path Group: asynchronous
Path Type: max

Fanout         Cap        Slew       Delay        Time   Description
---------------------------------------------------------------------------------------------
                                  0.000000    0.000000   clock clk (rise edge)
                                  0.000000    0.000000   clock network delay (propagated)
                                  1.000000    1.000000 v input external delay
     1    0.002153    0.007141    0.003326    1.003326 v rst (in)
                                                         rst (net)
                      0.007141    0.000000    1.003326 v hold1/A (sky130_fd_sc_hd__dlygate4sd3_1)
     1    0.002604    0.051945    0.532338    1.535665 v hold1/X (sky130_fd_sc_hd__dlygate4sd3_1)
                                                         net11 (net)
                      0.051945    0.000025    1.535690 v input9/A (sky130_fd_sc_hd__clkbuf_4)
     9    0.048332    0.104941    0.207004    1.742694 v input9/X (sky130_fd_sc_hd__clkbuf_4)
                                                         net9 (net)
                      0.104957    0.001277    1.743971 v _139_/A (sky130_fd_sc_hd__inv_2)
     1    0.003842    0.038134    0.065744    1.809715 ^ _139_/Y (sky130_fd_sc_hd__inv_2)
                                                         _011_ (net)
                      0.038134    0.000028    1.809742 ^ _148_/RESET_B (sky130_fd_sc_hd__dfrtp_2)
                                              1.809742   data arrival time

                                  5.000000    5.000000   clock clk (rise edge)
                                  0.000000    5.000000   clock source latency
     1    0.010901    0.055423    0.036905    5.036905 ^ clk (in)
                                                         clk (net)
                      0.055424    0.000000    5.036905 ^ clkbuf_0_clk/A (sky130_fd_sc_hd__clkbuf_16)
     2    0.019419    0.041353    0.128688    5.165593 ^ clkbuf_0_clk/X (sky130_fd_sc_hd__clkbuf_16)
                                                         clknet_0_clk (net)
                      0.041354    0.000122    5.165714 ^ clkbuf_1_0__f_clk/A (sky130_fd_sc_hd__clkbuf_16)
     5    0.014236    0.036941    0.118587    5.284302 ^ clkbuf_1_0__f_clk/X (sky130_fd_sc_hd__clkbuf_16)
                                                         clknet_1_0__leaf_clk (net)
                      0.036941    0.000077    5.284379 ^ _148_/CLK (sky130_fd_sc_hd__dfrtp_2)
                                 -0.250000    5.034379   clock uncertainty
                                  0.000000    5.034379   clock reconvergence pessimism
                                  0.218762    5.253141   library recovery time
                                              5.253141   data required time
---------------------------------------------------------------------------------------------
                                              5.253141   data required time
                                             -1.809742   data arrival time
---------------------------------------------------------------------------------------------
                                              3.443398   slack (MET)


Startpoint: rst (input port clocked by clk)
Endpoint: _152_ (recovery check against rising-edge clock clk)
Path Group: asynchronous
Path Type: max

Fanout         Cap        Slew       Delay        Time   Description
---------------------------------------------------------------------------------------------
                                  0.000000    0.000000   clock clk (rise edge)
                                  0.000000    0.000000   clock network delay (propagated)
                                  1.000000    1.000000 v input external delay
     1    0.002153    0.007141    0.003326    1.003326 v rst (in)
                                                         rst (net)
                      0.007141    0.000000    1.003326 v hold1/A (sky130_fd_sc_hd__dlygate4sd3_1)
     1    0.002604    0.051945    0.532338    1.535665 v hold1/X (sky130_fd_sc_hd__dlygate4sd3_1)
                                                         net11 (net)
                      0.051945    0.000025    1.535690 v input9/A (sky130_fd_sc_hd__clkbuf_4)
     9    0.048332    0.104941    0.207004    1.742694 v input9/X (sky130_fd_sc_hd__clkbuf_4)
                                                         net9 (net)
                      0.104949    0.000926    1.743620 v _143_/A (sky130_fd_sc_hd__inv_2)
     1    0.004406    0.040451    0.068711    1.812331 ^ _143_/Y (sky130_fd_sc_hd__inv_2)
                                                         _015_ (net)
                      0.040451    0.000024    1.812355 ^ _152_/RESET_B (sky130_fd_sc_hd__dfrtp_1)
                                              1.812355   data arrival time

                                  5.000000    5.000000   clock clk (rise edge)
                                  0.000000    5.000000   clock source latency
     1    0.010901    0.055423    0.036905    5.036905 ^ clk (in)
                                                         clk (net)
                      0.055424    0.000000    5.036905 ^ clkbuf_0_clk/A (sky130_fd_sc_hd__clkbuf_16)
     2    0.019419    0.041353    0.128688    5.165593 ^ clkbuf_0_clk/X (sky130_fd_sc_hd__clkbuf_16)
                                                         clknet_0_clk (net)
                      0.041354    0.000152    5.165744 ^ clkbuf_1_1__f_clk/A (sky130_fd_sc_hd__clkbuf_16)
     5    0.013670    0.036461    0.118045    5.283790 ^ clkbuf_1_1__f_clk/X (sky130_fd_sc_hd__clkbuf_16)
                                                         clknet_1_1__leaf_clk (net)
                      0.036461    0.000194    5.283984 ^ _152_/CLK (sky130_fd_sc_hd__dfrtp_1)
                                 -0.250000    5.033984   clock uncertainty
                                  0.000000    5.033984   clock reconvergence pessimism
                                  0.228894    5.262877   library recovery time
                                              5.262877   data required time
---------------------------------------------------------------------------------------------
                                              5.262877   data required time
                                             -1.812355   data arrival time
---------------------------------------------------------------------------------------------
                                              3.450522   slack (MET)


Startpoint: rst (input port clocked by clk)
Endpoint: _146_ (recovery check against rising-edge clock clk)
Path Group: asynchronous
Path Type: max

Fanout         Cap        Slew       Delay        Time   Description
---------------------------------------------------------------------------------------------
                                  0.000000    0.000000   clock clk (rise edge)
                                  0.000000    0.000000   clock network delay (propagated)
                                  1.000000    1.000000 v input external delay
     1    0.002153    0.007141    0.003326    1.003326 v rst (in)
                                                         rst (net)
                      0.007141    0.000000    1.003326 v hold1/A (sky130_fd_sc_hd__dlygate4sd3_1)
     1    0.002604    0.051945    0.532338    1.535665 v hold1/X (sky130_fd_sc_hd__dlygate4sd3_1)
                                                         net11 (net)
                      0.051945    0.000025    1.535690 v input9/A (sky130_fd_sc_hd__clkbuf_4)
     9    0.048332    0.104941    0.207004    1.742694 v input9/X (sky130_fd_sc_hd__clkbuf_4)
                                                         net9 (net)
                      0.104950    0.001000    1.743694 v _081_/A (sky130_fd_sc_hd__inv_2)
     1    0.003871    0.038254    0.065902    1.809596 ^ _081_/Y (sky130_fd_sc_hd__inv_2)
                                                         _009_ (net)
                      0.038254    0.000027    1.809623 ^ _146_/RESET_B (sky130_fd_sc_hd__dfrtp_1)
                                              1.809623   data arrival time

                                  5.000000    5.000000   clock clk (rise edge)
                                  0.000000    5.000000   clock source latency
     1    0.010901    0.055423    0.036905    5.036905 ^ clk (in)
                                                         clk (net)
                      0.055424    0.000000    5.036905 ^ clkbuf_0_clk/A (sky130_fd_sc_hd__clkbuf_16)
     2    0.019419    0.041353    0.128688    5.165593 ^ clkbuf_0_clk/X (sky130_fd_sc_hd__clkbuf_16)
                                                         clknet_0_clk (net)
                      0.041354    0.000152    5.165744 ^ clkbuf_1_1__f_clk/A (sky130_fd_sc_hd__clkbuf_16)
     5    0.013670    0.036461    0.118045    5.283790 ^ clkbuf_1_1__f_clk/X (sky130_fd_sc_hd__clkbuf_16)
                                                         clknet_1_1__leaf_clk (net)
                      0.036461    0.000147    5.283937 ^ _146_/CLK (sky130_fd_sc_hd__dfrtp_1)
                                 -0.250000    5.033937   clock uncertainty
                                  0.000000    5.033937   clock reconvergence pessimism
                                  0.229463    5.263400   library recovery time
                                              5.263400   data required time
---------------------------------------------------------------------------------------------
                                              5.263400   data required time
                                             -1.809623   data arrival time
---------------------------------------------------------------------------------------------
                                              3.453777   slack (MET)


Startpoint: rst (input port clocked by clk)
Endpoint: _153_ (recovery check against rising-edge clock clk)
Path Group: asynchronous
Path Type: max

Fanout         Cap        Slew       Delay        Time   Description
---------------------------------------------------------------------------------------------
                                  0.000000    0.000000   clock clk (rise edge)
                                  0.000000    0.000000   clock network delay (propagated)
                                  1.000000    1.000000 v input external delay
     1    0.002153    0.007141    0.003326    1.003326 v rst (in)
                                                         rst (net)
                      0.007141    0.000000    1.003326 v hold1/A (sky130_fd_sc_hd__dlygate4sd3_1)
     1    0.002604    0.051945    0.532338    1.535665 v hold1/X (sky130_fd_sc_hd__dlygate4sd3_1)
                                                         net11 (net)
                      0.051945    0.000025    1.535690 v input9/A (sky130_fd_sc_hd__clkbuf_4)
     9    0.048332    0.104941    0.207004    1.742694 v input9/X (sky130_fd_sc_hd__clkbuf_4)
                                                         net9 (net)
                      0.104941    0.000382    1.743076 v _144_/A (sky130_fd_sc_hd__inv_2)
     1    0.003931    0.038496    0.066226    1.809302 ^ _144_/Y (sky130_fd_sc_hd__inv_2)
                                                         _016_ (net)
                      0.038496    0.000013    1.809315 ^ _153_/RESET_B (sky130_fd_sc_hd__dfrtp_1)
                                              1.809315   data arrival time

                                  5.000000    5.000000   clock clk (rise edge)
                                  0.000000    5.000000   clock source latency
     1    0.010901    0.055423    0.036905    5.036905 ^ clk (in)
                                                         clk (net)
                      0.055424    0.000000    5.036905 ^ clkbuf_0_clk/A (sky130_fd_sc_hd__clkbuf_16)
     2    0.019419    0.041353    0.128688    5.165593 ^ clkbuf_0_clk/X (sky130_fd_sc_hd__clkbuf_16)
                                                         clknet_0_clk (net)
                      0.041354    0.000152    5.165744 ^ clkbuf_1_1__f_clk/A (sky130_fd_sc_hd__clkbuf_16)
     5    0.013670    0.036461    0.118045    5.283790 ^ clkbuf_1_1__f_clk/X (sky130_fd_sc_hd__clkbuf_16)
                                                         clknet_1_1__leaf_clk (net)
                      0.036461    0.000187    5.283976 ^ _153_/CLK (sky130_fd_sc_hd__dfrtp_1)
                                 -0.250000    5.033976   clock uncertainty
                                  0.000000    5.033976   clock reconvergence pessimism
                                  0.229400    5.263377   library recovery time
                                              5.263377   data required time
---------------------------------------------------------------------------------------------
                                              5.263377   data required time
                                             -1.809315   data arrival time
---------------------------------------------------------------------------------------------
                                              3.454062   slack (MET)


Startpoint: rst (input port clocked by clk)
Endpoint: _150_ (recovery check against rising-edge clock clk)
Path Group: asynchronous
Path Type: max

Fanout         Cap        Slew       Delay        Time   Description
---------------------------------------------------------------------------------------------
                                  0.000000    0.000000   clock clk (rise edge)
                                  0.000000    0.000000   clock network delay (propagated)
                                  1.000000    1.000000 v input external delay
     1    0.002153    0.007141    0.003326    1.003326 v rst (in)
                                                         rst (net)
                      0.007141    0.000000    1.003326 v hold1/A (sky130_fd_sc_hd__dlygate4sd3_1)
     1    0.002604    0.051945    0.532338    1.535665 v hold1/X (sky130_fd_sc_hd__dlygate4sd3_1)
                                                         net11 (net)
                      0.051945    0.000025    1.535690 v input9/A (sky130_fd_sc_hd__clkbuf_4)
     9    0.048332    0.104941    0.207004    1.742694 v input9/X (sky130_fd_sc_hd__clkbuf_4)
                                                         net9 (net)
                      0.104949    0.000948    1.743642 v _141_/A (sky130_fd_sc_hd__inv_2)
     1    0.003901    0.038373    0.066066    1.809708 ^ _141_/Y (sky130_fd_sc_hd__inv_2)
                                                         _013_ (net)
                      0.038373    0.000013    1.809721 ^ _150_/RESET_B (sky130_fd_sc_hd__dfrtp_1)
                                              1.809721   data arrival time

                                  5.000000    5.000000   clock clk (rise edge)
                                  0.000000    5.000000   clock source latency
     1    0.010901    0.055423    0.036905    5.036905 ^ clk (in)
                                                         clk (net)
                      0.055424    0.000000    5.036905 ^ clkbuf_0_clk/A (sky130_fd_sc_hd__clkbuf_16)
     2    0.019419    0.041353    0.128688    5.165593 ^ clkbuf_0_clk/X (sky130_fd_sc_hd__clkbuf_16)
                                                         clknet_0_clk (net)
                      0.041354    0.000122    5.165714 ^ clkbuf_1_0__f_clk/A (sky130_fd_sc_hd__clkbuf_16)
     5    0.014236    0.036941    0.118587    5.284302 ^ clkbuf_1_0__f_clk/X (sky130_fd_sc_hd__clkbuf_16)
                                                         clknet_1_0__leaf_clk (net)
                      0.036941    0.000253    5.284554 ^ _150_/CLK (sky130_fd_sc_hd__dfrtp_1)
                                 -0.250000    5.034554   clock uncertainty
                                  0.000000    5.034554   clock reconvergence pessimism
                                  0.229579    5.264134   library recovery time
                                              5.264134   data required time
---------------------------------------------------------------------------------------------
                                              5.264134   data required time
                                             -1.809721   data arrival time
---------------------------------------------------------------------------------------------
                                              3.454413   slack (MET)



