
===========================================================================
report_checks -path_delay max (Setup)
============================================================================
======================= max_tt_025C_1v80 Corner ===================================

Startpoint: div_i[7] (input port clocked by clk)
Endpoint: div_ready_o (output port clocked by clk)
Path Group: clk
Path Type: max

Fanout         Cap        Slew       Delay        Time   Description
---------------------------------------------------------------------------------------------
                      0.000000    0.000000    0.000000   clock clk (rise edge)
                                  0.000000    0.000000   clock network delay (ideal)
                                  1.000000    1.000000 v input external delay
     1    0.007260    0.018553    0.011849    1.011849 v div_i[7] (in)
                                                         div_i[7] (net)
                      0.018562    0.000000    1.011849 v input9/A (sky130_fd_sc_hd__buf_8)
     4    0.010820    0.025405    0.105702    1.117551 v input9/X (sky130_fd_sc_hd__buf_8)
                                                         net9 (net)
                      0.025405    0.000355    1.117906 v _189_/B (sky130_fd_sc_hd__or2_4)
     1    0.003442    0.044260    0.212867    1.330773 v _189_/X (sky130_fd_sc_hd__or2_4)
                                                         _042_ (net)
                      0.044260    0.000262    1.331035 v _193_/A2 (sky130_fd_sc_hd__a22o_1)
     1    0.003751    0.044782    0.227932    1.558967 v _193_/X (sky130_fd_sc_hd__a22o_1)
                                                         _046_ (net)
                      0.044782    0.000283    1.559250 v _194_/A (sky130_fd_sc_hd__or4_4)
     2    0.012274    0.098276    0.553150    2.112400 v _194_/X (sky130_fd_sc_hd__or4_4)
                                                         _047_ (net)
                      0.098276    0.001094    2.113494 v _196_/B (sky130_fd_sc_hd__nor2_2)
     1    0.003933    0.075213    0.098884    2.212379 ^ _196_/Y (sky130_fd_sc_hd__nor2_2)
                                                         _049_ (net)
                      0.075213    0.000256    2.212635 ^ _197_/A1 (sky130_fd_sc_hd__a31o_1)
     1    0.006363    0.075530    0.156784    2.369419 ^ _197_/X (sky130_fd_sc_hd__a31o_1)
                                                         net23 (net)
                      0.075531    0.000486    2.369905 ^ output23/A (sky130_fd_sc_hd__buf_6)
     1    0.035053    0.078150    0.135888    2.505794 ^ output23/X (sky130_fd_sc_hd__buf_6)
                                                         div_ready_o (net)
                      0.078250    0.001834    2.507627 ^ div_ready_o (out)
                                              2.507627   data arrival time

                      0.000000    5.000000    5.000000   clock clk (rise edge)
                                  0.000000    5.000000   clock network delay (ideal)
                                 -0.250000    4.750000   clock uncertainty
                                  0.000000    4.750000   clock reconvergence pessimism
                                 -1.000000    3.750000   output external delay
                                              3.750000   data required time
---------------------------------------------------------------------------------------------
                                              3.750000   data required time
                                             -2.507627   data arrival time
---------------------------------------------------------------------------------------------
                                              1.242373   slack (MET)


Startpoint: clk_i (input port clocked by clk)
Endpoint: clk_o (output port clocked by clk)
Path Group: clk
Path Type: max

Fanout         Cap        Slew       Delay        Time   Description
---------------------------------------------------------------------------------------------
                      0.000000    0.000000    0.000000   clock clk (rise edge)
                                  0.000000    0.000000   clock network delay (ideal)
                                  1.000000    1.000000 v input external delay
     1    0.002684    0.008349    0.004278    1.004278 v clk_i (in)
                                                         clk_i (net)
                      0.008355    0.000000    1.004278 v input1/A (sky130_fd_sc_hd__buf_1)
     2    0.013402    0.083561    0.118356    1.122634 v input1/X (sky130_fd_sc_hd__buf_1)
                                                         net1 (net)
                      0.083568    0.000824    1.123458 v fanout34/A (sky130_fd_sc_hd__buf_2)
    10    0.042924    0.105830    0.208976    1.332434 v fanout34/X (sky130_fd_sc_hd__buf_2)
                                                         net34 (net)
                      0.106449    0.006241    1.338675 v _201_/A0 (sky130_fd_sc_hd__mux2_1)
     3    0.009235    0.085785    0.343205    1.681880 v _201_/X (sky130_fd_sc_hd__mux2_1)
                                                         _002_ (net)
                      0.085785    0.000272    1.682152 v _206_/B (sky130_fd_sc_hd__and2_1)
     1    0.002056    0.032000    0.164158    1.846310 v _206_/X (sky130_fd_sc_hd__and2_1)
                                                         net14 (net)
                      0.032000    0.000147    1.846457 v output14/A (sky130_fd_sc_hd__buf_2)
     1    0.034491    0.090490    0.174140    2.020597 v output14/X (sky130_fd_sc_hd__buf_2)
                                                         clk_o (net)
                      0.090525    0.001644    2.022241 v clk_o (out)
                                              2.022241   data arrival time

                      0.000000    5.000000    5.000000   clock clk (rise edge)
                                  0.000000    5.000000   clock network delay (ideal)
                                 -0.250000    4.750000   clock uncertainty
                                  0.000000    4.750000   clock reconvergence pessimism
                                 -1.000000    3.750000   output external delay
                                              3.750000   data required time
---------------------------------------------------------------------------------------------
                                              3.750000   data required time
                                             -2.022241   data arrival time
---------------------------------------------------------------------------------------------
                                              1.727759   slack (MET)



