
===========================================================================
report_checks -path_delay min (Hold)
============================================================================
======================= max_tt_025C_1v80 Corner ===================================

Startpoint: div_valid_i (input port clocked by clk)
Endpoint: div_ready_o (output port clocked by clk)
Path Group: clk
Path Type: min

Fanout         Cap        Slew       Delay        Time   Description
---------------------------------------------------------------------------------------------
                      0.000000    0.000000    0.000000   clock clk (rise edge)
                                  0.000000    0.000000   clock network delay (ideal)
                                  1.000000    1.000000 ^ input external delay
     1    0.003527    0.022894    0.012912    1.012912 ^ div_valid_i (in)
                                                         div_valid_i (net)
                      0.022895    0.000000    1.012912 ^ input10/A (sky130_fd_sc_hd__buf_1)
     3    0.009814    0.122578    0.128414    1.141326 ^ input10/X (sky130_fd_sc_hd__buf_1)
                                                         net10 (net)
                      0.122581    0.000492    1.141818 ^ _197_/A3 (sky130_fd_sc_hd__a31o_1)
     1    0.006363    0.070990    0.177642    1.319460 ^ _197_/X (sky130_fd_sc_hd__a31o_1)
                                                         net23 (net)
                      0.070991    0.000486    1.319946 ^ output23/A (sky130_fd_sc_hd__buf_6)
     1    0.035053    0.078130    0.134375    1.454322 ^ output23/X (sky130_fd_sc_hd__buf_6)
                                                         div_ready_o (net)
                      0.078230    0.001834    1.456155 ^ div_ready_o (out)
                                              1.456155   data arrival time

                      0.000000    0.000000    0.000000   clock clk (rise edge)
                                  0.000000    0.000000   clock network delay (ideal)
                                  0.250000    0.250000   clock uncertainty
                                  0.000000    0.250000   clock reconvergence pessimism
                                 -1.000000   -0.750000   output external delay
                                             -0.750000   data required time
---------------------------------------------------------------------------------------------
                                             -0.750000   data required time
                                             -1.456155   data arrival time
---------------------------------------------------------------------------------------------
                                              2.206155   slack (MET)


Startpoint: test_mode_en_i (input port clocked by clk)
Endpoint: clk_o (output port clocked by clk)
Path Group: clk
Path Type: min

Fanout         Cap        Slew       Delay        Time   Description
---------------------------------------------------------------------------------------------
                      0.000000    0.000000    0.000000   clock clk (rise edge)
                                  0.000000    0.000000   clock network delay (ideal)
                                  1.000000    1.000000 v input external delay
     1    0.003057    0.009212    0.004910    1.004910 v test_mode_en_i (in)
                                                         test_mode_en_i (net)
                      0.009219    0.000000    1.004910 v input13/A (sky130_fd_sc_hd__clkbuf_1)
     2    0.004988    0.037883    0.082692    1.087602 v input13/X (sky130_fd_sc_hd__clkbuf_1)
                                                         net13 (net)
                      0.037885    0.000311    1.087913 v _198_/B (sky130_fd_sc_hd__nor2_1)
     1    0.005072    0.112282    0.107065    1.194978 ^ _198_/Y (sky130_fd_sc_hd__nor2_1)
                                                         _050_ (net)
                      0.112284    0.000389    1.195367 ^ _201_/S (sky130_fd_sc_hd__mux2_1)
     3    0.009895    0.097389    0.188613    1.383980 ^ _201_/X (sky130_fd_sc_hd__mux2_1)
                                                         _002_ (net)
                      0.097389    0.000292    1.384272 ^ _206_/B (sky130_fd_sc_hd__and2_1)
     1    0.002216    0.041298    0.125084    1.509356 ^ _206_/X (sky130_fd_sc_hd__and2_1)
                                                         net14 (net)
                      0.041298    0.000159    1.509515 ^ output14/A (sky130_fd_sc_hd__buf_2)
     1    0.034491    0.171386    0.196600    1.706116 ^ output14/X (sky130_fd_sc_hd__buf_2)
                                                         clk_o (net)
                      0.171409    0.001646    1.707762 ^ clk_o (out)
                                              1.707762   data arrival time

                      0.000000    0.000000    0.000000   clock clk (rise edge)
                                  0.000000    0.000000   clock network delay (ideal)
                                  0.250000    0.250000   clock uncertainty
                                  0.000000    0.250000   clock reconvergence pessimism
                                 -1.000000   -0.750000   output external delay
                                             -0.750000   data required time
---------------------------------------------------------------------------------------------
                                             -0.750000   data required time
                                             -1.707762   data arrival time
---------------------------------------------------------------------------------------------
                                              2.457762   slack (MET)



