Reading timing models for corner max_tt_025C_1v80…
Reading cell library for the 'max_tt_025C_1v80' corner at '/home/nakanomiku/.volare/volare/sky130/versions/0fe599b2afb6708d281543108caf8310912f54af/sky130A/libs.ref/sky130_fd_sc_hd/lib/sky130_fd_sc_hd__tt_025C_1v80.lib'…
Reading top-level netlist at '/home/nakanomiku/DigitalDesign/clk_int_div/runs/RUN_2024-11-01_17-08-01/51-openroad-fillinsertion/clk_int_div.nl.v'…
Linking design 'clk_int_div' from netlist…
Warning: /home/nakanomiku/DigitalDesign/clk_int_div/runs/RUN_2024-11-01_17-08-01/51-openroad-fillinsertion/clk_int_div.nl.v line 905, module sky130_fd_sc_hd__tapvpwrvgnd_1 not found. Creating black box for TAP_TAPCELL_ROW_0_46.
Warning: /home/nakanomiku/DigitalDesign/clk_int_div/runs/RUN_2024-11-01_17-08-01/51-openroad-fillinsertion/clk_int_div.nl.v line 1031, module sky130_ef_sc_hd__decap_12 not found. Creating black box for FILLER_0_3.
Warning: /home/nakanomiku/DigitalDesign/clk_int_div/runs/RUN_2024-11-01_17-08-01/51-openroad-fillinsertion/clk_int_div.nl.v line 1033, module sky130_fd_sc_hd__fill_1 not found. Creating black box for FILLER_0_27.
Warning: /home/nakanomiku/DigitalDesign/clk_int_div/runs/RUN_2024-11-01_17-08-01/51-openroad-fillinsertion/clk_int_div.nl.v line 1046, module sky130_fd_sc_hd__fill_2 not found. Creating black box for FILLER_0_133.
Reading design constraints file at '/nix/store/mr1ix0gwjfwmikfqyrq536nwhj83f0zp-python3-3.11.9-env/lib/python3.11/site-packages/openlane/scripts/base.sdc'…
Warning: base.sdc line 15, port 'clk' not found.
[INFO] Using clock clk…
[INFO] Setting output delay to: 1
[INFO] Setting input delay to: 1
Warning: base.sdc line 32, port 'clk' not found.
[INFO] Setting load to: 0.033442
[INFO] Setting clock uncertainty to: 0.25
[INFO] Setting clock transition to: 0.1499999999999999944488848768742172978818416595458984375
Warning: base.sdc line 69, transition time can not be specified for virtual clocks.
[INFO] Setting timing derate to: 5%
Warning: base.sdc line 79, virtual clock clk can not be propagated.
Reading top-level design parasitics for the 'max_tt_025C_1v80' corner at '/home/nakanomiku/DigitalDesign/clk_int_div/runs/RUN_2024-11-01_17-08-01/53-openroad-rcx/max/clk_int_div.max.spef'…
%OL_CREATE_REPORT min.rpt

===========================================================================
report_checks -path_delay min (Hold)
============================================================================
======================= max_tt_025C_1v80 Corner ===================================

Startpoint: div_valid_i (input port clocked by clk)
Endpoint: div_ready_o (output port clocked by clk)
Path Group: clk
Path Type: min

Fanout         Cap        Slew       Delay        Time   Description
---------------------------------------------------------------------------------------------
                      0.000000    0.000000    0.000000   clock clk (rise edge)
                                  0.000000    0.000000   clock network delay (ideal)
                                  1.000000    1.000000 ^ input external delay
     1    0.003527    0.022894    0.012912    1.012912 ^ div_valid_i (in)
                                                         div_valid_i (net)
                      0.022895    0.000000    1.012912 ^ input10/A (sky130_fd_sc_hd__buf_1)
     3    0.009814    0.122578    0.128414    1.141326 ^ input10/X (sky130_fd_sc_hd__buf_1)
                                                         net10 (net)
                      0.122581    0.000492    1.141818 ^ _197_/A3 (sky130_fd_sc_hd__a31o_1)
     1    0.006363    0.070990    0.177642    1.319460 ^ _197_/X (sky130_fd_sc_hd__a31o_1)
                                                         net23 (net)
                      0.070991    0.000486    1.319946 ^ output23/A (sky130_fd_sc_hd__buf_6)
     1    0.035053    0.078130    0.134375    1.454322 ^ output23/X (sky130_fd_sc_hd__buf_6)
                                                         div_ready_o (net)
                      0.078230    0.001834    1.456155 ^ div_ready_o (out)
                                              1.456155   data arrival time

                      0.000000    0.000000    0.000000   clock clk (rise edge)
                                  0.000000    0.000000   clock network delay (ideal)
                                  0.250000    0.250000   clock uncertainty
                                  0.000000    0.250000   clock reconvergence pessimism
                                 -1.000000   -0.750000   output external delay
                                             -0.750000   data required time
---------------------------------------------------------------------------------------------
                                             -0.750000   data required time
                                             -1.456155   data arrival time
---------------------------------------------------------------------------------------------
                                              2.206155   slack (MET)


Startpoint: test_mode_en_i (input port clocked by clk)
Endpoint: clk_o (output port clocked by clk)
Path Group: clk
Path Type: min

Fanout         Cap        Slew       Delay        Time   Description
---------------------------------------------------------------------------------------------
                      0.000000    0.000000    0.000000   clock clk (rise edge)
                                  0.000000    0.000000   clock network delay (ideal)
                                  1.000000    1.000000 v input external delay
     1    0.003057    0.009212    0.004910    1.004910 v test_mode_en_i (in)
                                                         test_mode_en_i (net)
                      0.009219    0.000000    1.004910 v input13/A (sky130_fd_sc_hd__clkbuf_1)
     2    0.004988    0.037883    0.082692    1.087602 v input13/X (sky130_fd_sc_hd__clkbuf_1)
                                                         net13 (net)
                      0.037885    0.000311    1.087913 v _198_/B (sky130_fd_sc_hd__nor2_1)
     1    0.005072    0.112282    0.107065    1.194978 ^ _198_/Y (sky130_fd_sc_hd__nor2_1)
                                                         _050_ (net)
                      0.112284    0.000389    1.195367 ^ _201_/S (sky130_fd_sc_hd__mux2_1)
     3    0.009895    0.097389    0.188613    1.383980 ^ _201_/X (sky130_fd_sc_hd__mux2_1)
                                                         _002_ (net)
                      0.097389    0.000292    1.384272 ^ _206_/B (sky130_fd_sc_hd__and2_1)
     1    0.002216    0.041298    0.125084    1.509356 ^ _206_/X (sky130_fd_sc_hd__and2_1)
                                                         net14 (net)
                      0.041298    0.000159    1.509515 ^ output14/A (sky130_fd_sc_hd__buf_2)
     1    0.034491    0.171386    0.196600    1.706116 ^ output14/X (sky130_fd_sc_hd__buf_2)
                                                         clk_o (net)
                      0.171409    0.001646    1.707762 ^ clk_o (out)
                                              1.707762   data arrival time

                      0.000000    0.000000    0.000000   clock clk (rise edge)
                                  0.000000    0.000000   clock network delay (ideal)
                                  0.250000    0.250000   clock uncertainty
                                  0.000000    0.250000   clock reconvergence pessimism
                                 -1.000000   -0.750000   output external delay
                                             -0.750000   data required time
---------------------------------------------------------------------------------------------
                                             -0.750000   data required time
                                             -1.707762   data arrival time
---------------------------------------------------------------------------------------------
                                              2.457762   slack (MET)



%OL_END_REPORT
%OL_CREATE_REPORT max.rpt

===========================================================================
report_checks -path_delay max (Setup)
============================================================================
======================= max_tt_025C_1v80 Corner ===================================

Startpoint: div_i[7] (input port clocked by clk)
Endpoint: div_ready_o (output port clocked by clk)
Path Group: clk
Path Type: max

Fanout         Cap        Slew       Delay        Time   Description
---------------------------------------------------------------------------------------------
                      0.000000    0.000000    0.000000   clock clk (rise edge)
                                  0.000000    0.000000   clock network delay (ideal)
                                  1.000000    1.000000 v input external delay
     1    0.007260    0.018553    0.011849    1.011849 v div_i[7] (in)
                                                         div_i[7] (net)
                      0.018562    0.000000    1.011849 v input9/A (sky130_fd_sc_hd__buf_8)
     4    0.010820    0.025405    0.105702    1.117551 v input9/X (sky130_fd_sc_hd__buf_8)
                                                         net9 (net)
                      0.025405    0.000355    1.117906 v _189_/B (sky130_fd_sc_hd__or2_4)
     1    0.003442    0.044260    0.212867    1.330773 v _189_/X (sky130_fd_sc_hd__or2_4)
                                                         _042_ (net)
                      0.044260    0.000262    1.331035 v _193_/A2 (sky130_fd_sc_hd__a22o_1)
     1    0.003751    0.044782    0.227932    1.558967 v _193_/X (sky130_fd_sc_hd__a22o_1)
                                                         _046_ (net)
                      0.044782    0.000283    1.559250 v _194_/A (sky130_fd_sc_hd__or4_4)
     2    0.012274    0.098276    0.553150    2.112400 v _194_/X (sky130_fd_sc_hd__or4_4)
                                                         _047_ (net)
                      0.098276    0.001094    2.113494 v _196_/B (sky130_fd_sc_hd__nor2_2)
     1    0.003933    0.075213    0.098884    2.212379 ^ _196_/Y (sky130_fd_sc_hd__nor2_2)
                                                         _049_ (net)
                      0.075213    0.000256    2.212635 ^ _197_/A1 (sky130_fd_sc_hd__a31o_1)
     1    0.006363    0.075530    0.156784    2.369419 ^ _197_/X (sky130_fd_sc_hd__a31o_1)
                                                         net23 (net)
                      0.075531    0.000486    2.369905 ^ output23/A (sky130_fd_sc_hd__buf_6)
     1    0.035053    0.078150    0.135888    2.505794 ^ output23/X (sky130_fd_sc_hd__buf_6)
                                                         div_ready_o (net)
                      0.078250    0.001834    2.507627 ^ div_ready_o (out)
                                              2.507627   data arrival time

                      0.000000    5.000000    5.000000   clock clk (rise edge)
                                  0.000000    5.000000   clock network delay (ideal)
                                 -0.250000    4.750000   clock uncertainty
                                  0.000000    4.750000   clock reconvergence pessimism
                                 -1.000000    3.750000   output external delay
                                              3.750000   data required time
---------------------------------------------------------------------------------------------
                                              3.750000   data required time
                                             -2.507627   data arrival time
---------------------------------------------------------------------------------------------
                                              1.242373   slack (MET)


Startpoint: clk_i (input port clocked by clk)
Endpoint: clk_o (output port clocked by clk)
Path Group: clk
Path Type: max

Fanout         Cap        Slew       Delay        Time   Description
---------------------------------------------------------------------------------------------
                      0.000000    0.000000    0.000000   clock clk (rise edge)
                                  0.000000    0.000000   clock network delay (ideal)
                                  1.000000    1.000000 v input external delay
     1    0.002684    0.008349    0.004278    1.004278 v clk_i (in)
                                                         clk_i (net)
                      0.008355    0.000000    1.004278 v input1/A (sky130_fd_sc_hd__buf_1)
     2    0.013402    0.083561    0.118356    1.122634 v input1/X (sky130_fd_sc_hd__buf_1)
                                                         net1 (net)
                      0.083568    0.000824    1.123458 v fanout34/A (sky130_fd_sc_hd__buf_2)
    10    0.042924    0.105830    0.208976    1.332434 v fanout34/X (sky130_fd_sc_hd__buf_2)
                                                         net34 (net)
                      0.106449    0.006241    1.338675 v _201_/A0 (sky130_fd_sc_hd__mux2_1)
     3    0.009235    0.085785    0.343205    1.681880 v _201_/X (sky130_fd_sc_hd__mux2_1)
                                                         _002_ (net)
                      0.085785    0.000272    1.682152 v _206_/B (sky130_fd_sc_hd__and2_1)
     1    0.002056    0.032000    0.164158    1.846310 v _206_/X (sky130_fd_sc_hd__and2_1)
                                                         net14 (net)
                      0.032000    0.000147    1.846457 v output14/A (sky130_fd_sc_hd__buf_2)
     1    0.034491    0.090490    0.174140    2.020597 v output14/X (sky130_fd_sc_hd__buf_2)
                                                         clk_o (net)
                      0.090525    0.001644    2.022241 v clk_o (out)
                                              2.022241   data arrival time

                      0.000000    5.000000    5.000000   clock clk (rise edge)
                                  0.000000    5.000000   clock network delay (ideal)
                                 -0.250000    4.750000   clock uncertainty
                                  0.000000    4.750000   clock reconvergence pessimism
                                 -1.000000    3.750000   output external delay
                                              3.750000   data required time
---------------------------------------------------------------------------------------------
                                              3.750000   data required time
                                             -2.022241   data arrival time
---------------------------------------------------------------------------------------------
                                              1.727759   slack (MET)



%OL_END_REPORT
%OL_CREATE_REPORT checks.rpt

===========================================================================
report_checks -unconstrained
===========================================================================
======================= max_tt_025C_1v80 Corner ===================================

Startpoint: div_i[7] (input port clocked by clk)
Endpoint: div_ready_o (output port clocked by clk)
Path Group: clk
Path Type: max

Fanout         Cap        Slew       Delay        Time   Description
---------------------------------------------------------------------------------------------
                      0.000000    0.000000    0.000000   clock clk (rise edge)
                                  0.000000    0.000000   clock network delay (ideal)
                                  1.000000    1.000000 v input external delay
     1    0.007260    0.018553    0.011849    1.011849 v div_i[7] (in)
                                                         div_i[7] (net)
                      0.018562    0.000000    1.011849 v input9/A (sky130_fd_sc_hd__buf_8)
     4    0.010820    0.025405    0.105702    1.117551 v input9/X (sky130_fd_sc_hd__buf_8)
                                                         net9 (net)
                      0.025405    0.000355    1.117906 v _189_/B (sky130_fd_sc_hd__or2_4)
     1    0.003442    0.044260    0.212867    1.330773 v _189_/X (sky130_fd_sc_hd__or2_4)
                                                         _042_ (net)
                      0.044260    0.000262    1.331035 v _193_/A2 (sky130_fd_sc_hd__a22o_1)
     1    0.003751    0.044782    0.227932    1.558967 v _193_/X (sky130_fd_sc_hd__a22o_1)
                                                         _046_ (net)
                      0.044782    0.000283    1.559250 v _194_/A (sky130_fd_sc_hd__or4_4)
     2    0.012274    0.098276    0.553150    2.112400 v _194_/X (sky130_fd_sc_hd__or4_4)
                                                         _047_ (net)
                      0.098276    0.001094    2.113494 v _196_/B (sky130_fd_sc_hd__nor2_2)
     1    0.003933    0.075213    0.098884    2.212379 ^ _196_/Y (sky130_fd_sc_hd__nor2_2)
                                                         _049_ (net)
                      0.075213    0.000256    2.212635 ^ _197_/A1 (sky130_fd_sc_hd__a31o_1)
     1    0.006363    0.075530    0.156784    2.369419 ^ _197_/X (sky130_fd_sc_hd__a31o_1)
                                                         net23 (net)
                      0.075531    0.000486    2.369905 ^ output23/A (sky130_fd_sc_hd__buf_6)
     1    0.035053    0.078150    0.135888    2.505794 ^ output23/X (sky130_fd_sc_hd__buf_6)
                                                         div_ready_o (net)
                      0.078250    0.001834    2.507627 ^ div_ready_o (out)
                                              2.507627   data arrival time

                      0.000000    5.000000    5.000000   clock clk (rise edge)
                                  0.000000    5.000000   clock network delay (ideal)
                                 -0.250000    4.750000   clock uncertainty
                                  0.000000    4.750000   clock reconvergence pessimism
                                 -1.000000    3.750000   output external delay
                                              3.750000   data required time
---------------------------------------------------------------------------------------------
                                              3.750000   data required time
                                             -2.507627   data arrival time
---------------------------------------------------------------------------------------------
                                              1.242373   slack (MET)




===========================================================================
report_checks --slack_max -0.01
============================================================================
======================= max_tt_025C_1v80 Corner ===================================

No paths found.


===========================================================================
 report_check_types -max_slew -max_cap -max_fanout -violators
============================================================================
======================= max_tt_025C_1v80 Corner ===================================



===========================================================================
report_parasitic_annotation -report_unannotated
============================================================================
Found 0 unannotated drivers.
Found 0 partially unannotated drivers.

===========================================================================
max slew violation count 0
%OL_METRIC_I design__max_slew_violation__count__corner:max_tt_025C_1v80 0
max fanout violation count 0
%OL_METRIC_I design__max_fanout_violation__count__corner:max_tt_025C_1v80 0
max cap violation count 0
%OL_METRIC_I design__max_cap_violation__count__corner:max_tt_025C_1v80 0
============================================================================

===========================================================================
check_setup -verbose -unconstrained_endpoints -multiple_clock -no_clock -no_input_delay -loops -generated_clocks
===========================================================================
Warning: There are 25 unclocked register/latch pins.
  _284_/CLK
  _285_/CLK
  _286_/CLK
  _287_/CLK
  _288_/CLK
  _289_/CLK
  _290_/CLK
  _291_/CLK
  _292_/CLK
  _293_/CLK
  _294_/CLK
  _295_/CLK
  _296_/CLK
  _297_/CLK
  _298_/CLK
  _299_/CLK
  _300_/CLK
  _301_/CLK
  _302_/CLK
  _303_/CLK
  _304_/CLK
  _305_/CLK
  _306_/CLK
  _307_/CLK
  _308_/GATE
Warning: There are 33 unconstrained endpoints.
  cycl_count_o[0]
  cycl_count_o[1]
  cycl_count_o[2]
  cycl_count_o[3]
  cycl_count_o[4]
  cycl_count_o[5]
  cycl_count_o[6]
  cycl_count_o[7]
  _284_/D
  _285_/D
  _286_/D
  _287_/D
  _288_/D
  _289_/D
  _290_/D
  _291_/D
  _292_/D
  _293_/D
  _294_/D
  _295_/D
  _296_/D
  _297_/D
  _298_/D
  _299_/D
  _300_/D
  _301_/D
  _302_/D
  _303_/D
  _304_/D
  _305_/D
  _306_/D
  _307_/D
  _308_/D
%OL_END_REPORT
%OL_CREATE_REPORT power.rpt

===========================================================================
 report_power
============================================================================
======================= max_tt_025C_1v80 Corner ===================================

Group                    Internal    Switching      Leakage        Total
                            Power        Power        Power        Power (Watts)
------------------------------------------------------------------------
Sequential           7.484821e-05 1.245261e-04 2.891643e-10 1.993746e-04  46.4%
Combinational        1.294222e-04 1.008543e-04 6.293346e-10 2.302771e-04  53.6%
Clock                0.000000e+00 0.000000e+00 4.438872e-10 4.438872e-10   0.0%
Macro                0.000000e+00 0.000000e+00 0.000000e+00 0.000000e+00   0.0%
Pad                  0.000000e+00 0.000000e+00 0.000000e+00 0.000000e+00   0.0%
------------------------------------------------------------------------
Total                2.042704e-04 2.253805e-04 1.362387e-09 4.296522e-04 100.0%
                            47.5%        52.5%         0.0%
%OL_METRIC_F power__internal__total 0.00020427038543857634
%OL_METRIC_F power__switching__total 0.00022538045595865697
%OL_METRIC_F power__leakage__total 1.3623872030521511e-9
%OL_METRIC_F power__total 0.00042965219472534955

%OL_END_REPORT
%OL_CREATE_REPORT skew.min.rpt

===========================================================================
Clock Skew (Hold)
============================================================================
%OL_METRIC_F clock__skew__worst_hold__corner:max_tt_025C_1v80 0.0
======================= max_tt_025C_1v80 Corner ===================================

Clock clk
No launch/capture paths found.

%OL_END_REPORT
%OL_CREATE_REPORT skew.max.rpt

===========================================================================
Clock Skew (Setup)
============================================================================
%OL_METRIC_F clock__skew__worst_setup__corner:max_tt_025C_1v80 0.0
======================= max_tt_025C_1v80 Corner ===================================

Clock clk
No launch/capture paths found.

%OL_END_REPORT
%OL_CREATE_REPORT ws.min.rpt

===========================================================================
Worst Slack (Hold)
============================================================================
%OL_METRIC_F timing__hold__ws__corner:max_tt_025C_1v80 2.2061553208716718
max_tt_025C_1v80: 2.2061553208716718
%OL_END_REPORT
%OL_CREATE_REPORT ws.max.rpt

===========================================================================
Worst Slack (Setup)
============================================================================
%OL_METRIC_F timing__setup__ws__corner:max_tt_025C_1v80 1.242372684338383
max_tt_025C_1v80: 1.242372684338383
%OL_END_REPORT
%OL_CREATE_REPORT tns.min.rpt

===========================================================================
Total Negative Slack (Hold)
============================================================================
%OL_METRIC_F timing__hold__tns__corner:max_tt_025C_1v80 0.0
max_tt_025C_1v80: 0.0
%OL_END_REPORT
%OL_CREATE_REPORT tns.max.rpt

===========================================================================
Total Negative Slack (Setup)
============================================================================
%OL_METRIC_F timing__setup__tns__corner:max_tt_025C_1v80 0.0
max_tt_025C_1v80: 0.0
%OL_END_REPORT
%OL_CREATE_REPORT wns.min.rpt

===========================================================================
Worst Negative Slack (Hold)
============================================================================
%OL_METRIC_F timing__hold__wns__corner:max_tt_025C_1v80 0
max_tt_025C_1v80: 0
%OL_END_REPORT
%OL_CREATE_REPORT wns.max.rpt

===========================================================================
Worst Negative Slack (Setup)
============================================================================
%OL_METRIC_F timing__setup__wns__corner:max_tt_025C_1v80 0.0
max_tt_025C_1v80: 0.0
%OL_END_REPORT
%OL_CREATE_REPORT violator_list.rpt

===========================================================================
Violator List
============================================================================
%OL_METRIC_I timing__hold_vio__count__corner:max_tt_025C_1v80 0
%OL_METRIC_F timing__hold_r2r__ws__corner:max_tt_025C_1v80 inf
%OL_METRIC_I timing__hold_r2r_vio__count__corner:max_tt_025C_1v80 0
%OL_METRIC_I timing__setup_vio__count__corner:max_tt_025C_1v80 0
%OL_METRIC_F timing__setup_r2r__ws__corner:max_tt_025C_1v80 inf
%OL_METRIC_I timing__setup_r2r_vio__count__corner:max_tt_025C_1v80 0
%OL_END_REPORT
%OL_CREATE_REPORT unpropagated.rpt
clk
%OL_END_REPORT
%OL_CREATE_REPORT clock.rpt
Clock: clk
Sources: 
Generated: no
Virtual: yes
Propagated: no
Period: 5.000000

===========================================================================
report_clock_properties
============================================================================
Clock                   Period          Waveform
----------------------------------------------------
clk                   5.000000    0.000000  2.500000

===========================================================================
report_clock_latency
============================================================================
Clock clk
rise -> rise
    min     max
0.000000 0.000000 source latency
1.360667         network latency _296_/CLK
        1.737171 network latency _308_/GATE
---------------
1.360667 1.737171 latency
        0.376504 skew

rise -> fall
    min     max
0.000000 0.000000 source latency
1.271735         network latency _296_/CLK
        1.693291 network latency _308_/GATE
---------------
1.271735 1.693291 latency
        0.421556 skew



===========================================================================
report_clock_min_period
============================================================================
clk period_min = 0.00 fmax = inf
%OL_END_REPORT
Writing SDF files for all corners…
Removing Clock latencies before writing libs…
Writing timing models for all corners…
Writing timing models for the max_tt_025C_1v80 corner to /home/nakanomiku/DigitalDesign/clk_int_div/runs/RUN_2024-11-01_17-08-01/54-openroad-stapostpnr/max_tt_025C_1v80/clk_int_div__max_tt_025C_1v80.lib…
