
===========================================================================
report_checks -unconstrained
===========================================================================
======================= nom_tt_025C_1v80 Corner ===================================

Startpoint: div_i[2] (input port clocked by clk)
Endpoint: div_ready_o (output port clocked by clk)
Path Group: clk
Path Type: max

Fanout         Cap        Slew       Delay        Time   Description
---------------------------------------------------------------------------------------------
                      0.000000    0.000000    0.000000   clock clk (rise edge)
                                  0.000000    0.000000   clock network delay (ideal)
                                  1.000000    1.000000 v input external delay
     4    0.010721    0.026068    0.017355    1.017355 v div_i[2] (in)
                                                         div_i[2] (net)
                      0.026068    0.000000    1.017355 v _182_/A (sky130_fd_sc_hd__or2_2)
     1    0.002547    0.053561    0.278144    1.295498 v _182_/X (sky130_fd_sc_hd__or2_2)
                                                         _035_ (net)
                      0.053561    0.000004    1.295503 v _186_/A1 (sky130_fd_sc_hd__a221o_2)
     1    0.001833    0.048904    0.338905    1.634408 v _186_/X (sky130_fd_sc_hd__a221o_2)
                                                         _039_ (net)
                      0.048904    0.000005    1.634413 v _194_/A (sky130_fd_sc_hd__or4_2)
     2    0.008919    0.122879    0.696966    2.331378 v _194_/X (sky130_fd_sc_hd__or4_2)
                                                         _047_ (net)
                      0.122879    0.000120    2.331498 v _196_/A (sky130_fd_sc_hd__nor2_2)
     1    0.002939    0.065775    0.124104    2.455602 ^ _196_/Y (sky130_fd_sc_hd__nor2_2)
                                                         _049_ (net)
                      0.065775    0.000006    2.455609 ^ _197_/A3 (sky130_fd_sc_hd__a31o_2)
     1    0.034855    0.202052    0.277979    2.733588 ^ _197_/X (sky130_fd_sc_hd__a31o_2)
                                                         div_ready_o (net)
                      0.202052    0.000316    2.733905 ^ div_ready_o (out)
                                              2.733905   data arrival time

                      0.000000    5.000000    5.000000   clock clk (rise edge)
                                  0.000000    5.000000   clock network delay (ideal)
                                 -0.250000    4.750000   clock uncertainty
                                  0.000000    4.750000   clock reconvergence pessimism
                                 -1.000000    3.750000   output external delay
                                              3.750000   data required time
---------------------------------------------------------------------------------------------
                                              3.750000   data required time
                                             -2.733905   data arrival time
---------------------------------------------------------------------------------------------
                                              1.016095   slack (MET)




===========================================================================
report_checks --slack_max -0.01
============================================================================
======================= nom_tt_025C_1v80 Corner ===================================

No paths found.


===========================================================================
 report_check_types -max_slew -max_cap -max_fanout -violators
============================================================================
======================= nom_tt_025C_1v80 Corner ===================================

max fanout

Pin                                   Limit Fanout  Slack
---------------------------------------------------------
clk_i                                    10     24    -14 (VIOLATED)
rst_ni                                   10     24    -14 (VIOLATED)
_163_/Y                                  10     14     -4 (VIOLATED)
_289_/Q                                  10     12     -2 (VIOLATED)
_302_/Q                                  10     12     -2 (VIOLATED)
_297_/Q                                  10     11        (VIOLATED)
_298_/Q                                  10     11        (VIOLATED)
_301_/Q                                  10     11        (VIOLATED)



===========================================================================
report_parasitic_annotation -report_unannotated
============================================================================
Found 0 unannotated drivers.
Found 0 partially unannotated drivers.

===========================================================================
max slew violation count 0
Writing metric design__max_slew_violation__count__corner:nom_tt_025C_1v80: 0
max fanout violation count 8
Writing metric design__max_fanout_violation__count__corner:nom_tt_025C_1v80: 8
max cap violation count 0
Writing metric design__max_cap_violation__count__corner:nom_tt_025C_1v80: 0
============================================================================

===========================================================================
check_setup -verbose -unconstrained_endpoints -multiple_clock -no_clock -no_input_delay -loops -generated_clocks
===========================================================================
Warning: There are 25 unclocked register/latch pins.
  _284_/CLK
  _285_/CLK
  _286_/CLK
  _287_/CLK
  _288_/CLK
  _289_/CLK
  _290_/CLK
  _291_/CLK
  _292_/CLK
  _293_/CLK
  _294_/CLK
  _295_/CLK
  _296_/CLK
  _297_/CLK
  _298_/CLK
  _299_/CLK
  _300_/CLK
  _301_/CLK
  _302_/CLK
  _303_/CLK
  _304_/CLK
  _305_/CLK
  _306_/CLK
  _307_/CLK
  _308_/GATE
Warning: There are 33 unconstrained endpoints.
  cycl_count_o[0]
  cycl_count_o[1]
  cycl_count_o[2]
  cycl_count_o[3]
  cycl_count_o[4]
  cycl_count_o[5]
  cycl_count_o[6]
  cycl_count_o[7]
  _284_/D
  _285_/D
  _286_/D
  _287_/D
  _288_/D
  _289_/D
  _290_/D
  _291_/D
  _292_/D
  _293_/D
  _294_/D
  _295_/D
  _296_/D
  _297_/D
  _298_/D
  _299_/D
  _300_/D
  _301_/D
  _302_/D
  _303_/D
  _304_/D
  _305_/D
  _306_/D
  _307_/D
  _308_/D
