
===========================================================================
report_checks -unconstrained
===========================================================================
======================= nom_tt_025C_1v80 Corner ===================================

Startpoint: rst (input port clocked by clk)
Endpoint: _473_ (recovery check against rising-edge clock clk)
Path Group: asynchronous
Path Type: max

Fanout         Cap        Slew       Delay        Time   Description
---------------------------------------------------------------------------------------------
                                  0.000000    0.000000   clock clk (rise edge)
                                  0.000000    0.000000   clock network delay (propagated)
                                  1.000000    1.000000 v input external delay
     1    0.002911    0.008889    0.004622    1.004622 v rst (in)
                                                         rst (net)
                      0.008889    0.000000    1.004622 v input33/A (sky130_fd_sc_hd__buf_1)
     4    0.013720    0.085162    0.120416    1.125039 v input33/X (sky130_fd_sc_hd__buf_1)
                                                         net33 (net)
                      0.085163    0.000389    1.125428 v fanout39/A (sky130_fd_sc_hd__buf_4)
    10    0.055988    0.080708    0.208012    1.333440 v fanout39/X (sky130_fd_sc_hd__buf_4)
                                                         net39 (net)
                      0.080737    0.001541    1.334980 v _440_/A (sky130_fd_sc_hd__inv_2)
     1    0.004943    0.036951    0.061494    1.396475 ^ _440_/Y (sky130_fd_sc_hd__inv_2)
                                                         _033_ (net)
                      0.036951    0.000143    1.396618 ^ _473_/RESET_B (sky130_fd_sc_hd__dfrtp_2)
                                              1.396618   data arrival time

                                  5.000000    5.000000   clock clk (rise edge)
                                  0.000000    5.000000   clock source latency
     1    0.013827    0.068205    0.046485    5.046485 ^ clk (in)
                                                         clk (net)
                      0.068210    0.000000    5.046485 ^ clkbuf_0_clk/A (sky130_fd_sc_hd__clkbuf_16)
     4    0.037890    0.057852    0.148526    5.195012 ^ clkbuf_0_clk/X (sky130_fd_sc_hd__clkbuf_16)
                                                         clknet_0_clk (net)
                      0.057879    0.001082    5.196094 ^ clkbuf_2_1__f_clk/A (sky130_fd_sc_hd__clkbuf_16)
    10    0.028457    0.049704    0.137938    5.334031 ^ clkbuf_2_1__f_clk/X (sky130_fd_sc_hd__clkbuf_16)
                                                         clknet_2_1__leaf_clk (net)
                      0.049706    0.000497    5.334528 ^ _473_/CLK (sky130_fd_sc_hd__dfrtp_2)
                                 -0.250000    5.084528   clock uncertainty
                                  0.000000    5.084528   clock reconvergence pessimism
                                  0.223028    5.307557   library recovery time
                                              5.307557   data required time
---------------------------------------------------------------------------------------------
                                              5.307557   data required time
                                             -1.396618   data arrival time
---------------------------------------------------------------------------------------------
                                              3.910939   slack (MET)


Startpoint: psc[30] (input port clocked by clk)
Endpoint: _479_ (rising edge-triggered flip-flop clocked by clk)
Path Group: clk
Path Type: max

Fanout         Cap        Slew       Delay        Time   Description
---------------------------------------------------------------------------------------------
                                  0.000000    0.000000   clock clk (rise edge)
                                  0.000000    0.000000   clock network delay (propagated)
                                  1.000000    1.000000 ^ input external delay
     1    0.003488    0.022716    0.012740    1.012740 ^ psc[30] (in)
                                                         psc[30] (net)
                      0.022723    0.000000    1.012740 ^ input24/A (sky130_fd_sc_hd__clkbuf_1)
     2    0.004231    0.059799    0.084334    1.097074 ^ input24/X (sky130_fd_sc_hd__clkbuf_1)
                                                         net24 (net)
                      0.059799    0.000072    1.097146 ^ _319_/A_N (sky130_fd_sc_hd__and2b_1)
     2    0.005323    0.044206    0.185103    1.282248 v _319_/X (sky130_fd_sc_hd__and2b_1)
                                                         _148_ (net)
                      0.044206    0.000135    1.282383 v _324_/B (sky130_fd_sc_hd__or4_4)
     3    0.007807    0.090226    0.516862    1.799246 v _324_/X (sky130_fd_sc_hd__or4_4)
                                                         _153_ (net)
                      0.090226    0.000168    1.799413 v _332_/C (sky130_fd_sc_hd__or4b_4)
     2    0.005971    0.087143    0.496042    2.295455 v _332_/X (sky130_fd_sc_hd__or4b_4)
                                                         _161_ (net)
                      0.087144    0.000185    2.295640 v _333_/D (sky130_fd_sc_hd__or4_4)
     1    0.002078    0.077302    0.409453    2.705093 v _333_/X (sky130_fd_sc_hd__or4_4)
                                                         _162_ (net)
                      0.077302    0.000045    2.705138 v _342_/A_N (sky130_fd_sc_hd__and4b_1)
     1    0.004454    0.070125    0.261046    2.966184 ^ _342_/X (sky130_fd_sc_hd__and4b_1)
                                                         _171_ (net)
                      0.070125    0.000136    2.966320 ^ _343_/A (sky130_fd_sc_hd__or3_4)
     1    0.009702    0.043358    0.129901    3.096221 ^ _343_/X (sky130_fd_sc_hd__or3_4)
                                                         _172_ (net)
                      0.043358    0.000222    3.096443 ^ _344_/B1 (sky130_fd_sc_hd__a21oi_4)
     5    0.023925    0.070721    0.045749    3.142191 v _344_/Y (sky130_fd_sc_hd__a21oi_4)
                                                         _173_ (net)
                      0.070722    0.000384    3.142576 v fanout38/A (sky130_fd_sc_hd__buf_6)
     8    0.020024    0.033349    0.137468    3.280043 v fanout38/X (sky130_fd_sc_hd__buf_6)
                                                         net38 (net)
                      0.033361    0.000641    3.280685 v _368_/C (sky130_fd_sc_hd__and3b_1)
     1    0.003215    0.038708    0.169903    3.450587 v _368_/X (sky130_fd_sc_hd__and3b_1)
                                                         _029_ (net)
                      0.038708    0.000083    3.450670 v _479_/D (sky130_fd_sc_hd__dfrtp_1)
                                              3.450670   data arrival time

                                  5.000000    5.000000   clock clk (rise edge)
                                  0.000000    5.000000   clock source latency
     1    0.013827    0.068205    0.046485    5.046485 ^ clk (in)
                                                         clk (net)
                      0.068210    0.000000    5.046485 ^ clkbuf_0_clk/A (sky130_fd_sc_hd__clkbuf_16)
     4    0.037890    0.057852    0.148526    5.195012 ^ clkbuf_0_clk/X (sky130_fd_sc_hd__clkbuf_16)
                                                         clknet_0_clk (net)
                      0.057881    0.001120    5.196132 ^ clkbuf_2_3__f_clk/A (sky130_fd_sc_hd__clkbuf_16)
     8    0.026189    0.047390    0.135882    5.332014 ^ clkbuf_2_3__f_clk/X (sky130_fd_sc_hd__clkbuf_16)
                                                         clknet_2_3__leaf_clk (net)
                      0.047396    0.000532    5.332547 ^ _479_/CLK (sky130_fd_sc_hd__dfrtp_1)
                                 -0.250000    5.082547   clock uncertainty
                                  0.000000    5.082547   clock reconvergence pessimism
                                 -0.110981    4.971566   library setup time
                                              4.971566   data required time
---------------------------------------------------------------------------------------------
                                              4.971566   data required time
                                             -3.450670   data arrival time
---------------------------------------------------------------------------------------------
                                              1.520896   slack (MET)




===========================================================================
report_checks --slack_max -0.01
============================================================================
======================= nom_tt_025C_1v80 Corner ===================================

No paths found.


===========================================================================
 report_check_types -max_slew -max_cap -max_fanout -violators
============================================================================
======================= nom_tt_025C_1v80 Corner ===================================



===========================================================================
report_parasitic_annotation -report_unannotated
============================================================================
Found 3 unannotated drivers.
 clkload0/Y
 clkload1/X
 clkload2/Y
Found 0 partially unannotated drivers.

===========================================================================
max slew violation count 0
Writing metric design__max_slew_violation__count__corner:nom_tt_025C_1v80: 0
max fanout violation count 0
Writing metric design__max_fanout_violation__count__corner:nom_tt_025C_1v80: 0
max cap violation count 0
Writing metric design__max_cap_violation__count__corner:nom_tt_025C_1v80: 0
============================================================================

===========================================================================
check_setup -verbose -unconstrained_endpoints -multiple_clock -no_clock -no_input_delay -loops -generated_clocks
===========================================================================
