Using 16 threads…
Using a tile size of (500 µm)²…
Reading /home/nakanomiku/DigitalDesign/freq_psc/runs/RUN_2024-10-28_14-44-52/56-magic-streamout/freq_psc.magic.gds ..
Reading /home/nakanomiku/DigitalDesign/freq_psc/runs/RUN_2024-10-28_14-44-52/57-klayout-streamout/freq_psc.klayout.gds ..
--- Running XOR for layer 122/16 ---
"input" in: xor.drc:109
    Polygons (raw): 527 (flat)  64 (hierarchical)
    Elapsed: 0.000s  Memory: 261.00M
"input" in: xor.drc:109
    Polygons (raw): 527 (flat)  64 (hierarchical)
    Elapsed: 0.000s  Memory: 261.00M
"^" in: xor.drc:109
    Polygons (raw): 0 (flat)  0 (hierarchical)
    Elapsed: 0.020s  Memory: 1389.00M
XOR differences: 0
"output" in: xor.drc:86
    Polygons (raw): 0 (flat)  0 (hierarchical)
    Elapsed: 0.000s  Memory: 1317.00M
--- Running XOR for layer 235/4 ---
"input" in: xor.drc:109
    Polygons (raw): 1 (flat)  1 (hierarchical)
    Elapsed: 0.000s  Memory: 1317.00M
"input" in: xor.drc:109
    Polygons (raw): 1 (flat)  1 (hierarchical)
    Elapsed: 0.000s  Memory: 1317.00M
"^" in: xor.drc:109
    Polygons (raw): 0 (flat)  0 (hierarchical)
    Elapsed: 0.000s  Memory: 1389.00M
XOR differences: 0
"output" in: xor.drc:86
    Polygons (raw): 0 (flat)  0 (hierarchical)
    Elapsed: 0.000s  Memory: 1317.00M
--- Running XOR for layer 236/0 ---
"input" in: xor.drc:109
    Polygons (raw): 407 (flat)  61 (hierarchical)
    Elapsed: 0.000s  Memory: 1317.00M
"input" in: xor.drc:109
    Polygons (raw): 407 (flat)  61 (hierarchical)
    Elapsed: 0.000s  Memory: 1317.00M
"^" in: xor.drc:109
    Polygons (raw): 0 (flat)  0 (hierarchical)
    Elapsed: 0.010s  Memory: 1397.00M
XOR differences: 0
"output" in: xor.drc:86
    Polygons (raw): 0 (flat)  0 (hierarchical)
    Elapsed: 0.000s  Memory: 1317.00M
--- Running XOR for layer 64/16 ---
"input" in: xor.drc:109
    Polygons (raw): 527 (flat)  64 (hierarchical)
    Elapsed: 0.000s  Memory: 1317.00M
"input" in: xor.drc:109
    Polygons (raw): 527 (flat)  64 (hierarchical)
    Elapsed: 0.000s  Memory: 1317.00M
"^" in: xor.drc:109
    Polygons (raw): 0 (flat)  0 (hierarchical)
    Elapsed: 0.010s  Memory: 1405.00M
XOR differences: 0
"output" in: xor.drc:86
    Polygons (raw): 0 (flat)  0 (hierarchical)
    Elapsed: 0.000s  Memory: 1325.00M
--- Running XOR for layer 64/20 ---
"input" in: xor.drc:109
    Polygons (raw): 572 (flat)  64 (hierarchical)
    Elapsed: 0.000s  Memory: 1317.00M
"input" in: xor.drc:109
    Polygons (raw): 572 (flat)  64 (hierarchical)
    Elapsed: 0.000s  Memory: 1317.00M
"^" in: xor.drc:109
    Polygons (raw): 0 (flat)  0 (hierarchical)
    Elapsed: 0.010s  Memory: 1405.00M
XOR differences: 0
"output" in: xor.drc:86
    Polygons (raw): 0 (flat)  0 (hierarchical)
    Elapsed: 0.000s  Memory: 1317.00M
--- Running XOR for layer 64/5 ---
"input" in: xor.drc:109
    Polygons (raw): 0 (flat)  0 (hierarchical)
    Elapsed: 0.000s  Memory: 1317.00M
"input" in: xor.drc:109
    Polygons (raw): 0 (flat)  0 (hierarchical)
    Elapsed: 0.000s  Memory: 1317.00M
"^" in: xor.drc:109
    Polygons (raw): 0 (flat)  0 (hierarchical)
    Elapsed: 0.010s  Memory: 1413.00M
XOR differences: 0
"output" in: xor.drc:86
    Polygons (raw): 0 (flat)  0 (hierarchical)
    Elapsed: 0.000s  Memory: 1325.00M
--- Running XOR for layer 64/59 ---
"input" in: xor.drc:109
    Polygons (raw): 0 (flat)  0 (hierarchical)
    Elapsed: 0.000s  Memory: 1317.00M
"input" in: xor.drc:109
    Polygons (raw): 0 (flat)  0 (hierarchical)
    Elapsed: 0.000s  Memory: 1317.00M
"^" in: xor.drc:109
    Polygons (raw): 0 (flat)  0 (hierarchical)
    Elapsed: 0.000s  Memory: 1397.00M
XOR differences: 0
"output" in: xor.drc:86
    Polygons (raw): 0 (flat)  0 (hierarchical)
    Elapsed: 0.000s  Memory: 1333.00M
--- Running XOR for layer 65/20 ---
"input" in: xor.drc:109
    Polygons (raw): 1055 (flat)  176 (hierarchical)
    Elapsed: 0.000s  Memory: 1317.00M
"input" in: xor.drc:109
    Polygons (raw): 1055 (flat)  176 (hierarchical)
    Elapsed: 0.000s  Memory: 1317.00M
"^" in: xor.drc:109
    Polygons (raw): 0 (flat)  0 (hierarchical)
    Elapsed: 0.020s  Memory: 1413.00M
XOR differences: 0
"output" in: xor.drc:86
    Polygons (raw): 0 (flat)  0 (hierarchical)
    Elapsed: 0.000s  Memory: 1317.00M
--- Running XOR for layer 65/44 ---
"input" in: xor.drc:109
    Polygons (raw): 96 (flat)  2 (hierarchical)
    Elapsed: 0.000s  Memory: 1317.00M
"input" in: xor.drc:109
    Polygons (raw): 96 (flat)  2 (hierarchical)
    Elapsed: 0.000s  Memory: 1317.00M
"^" in: xor.drc:109
    Polygons (raw): 0 (flat)  0 (hierarchical)
    Elapsed: 0.000s  Memory: 1405.00M
XOR differences: 0
"output" in: xor.drc:86
    Polygons (raw): 0 (flat)  0 (hierarchical)
    Elapsed: 0.000s  Memory: 1325.00M
--- Running XOR for layer 66/20 ---
"input" in: xor.drc:109
    Polygons (raw): 1547 (flat)  303 (hierarchical)
    Elapsed: 0.000s  Memory: 1317.00M
"input" in: xor.drc:109
    Polygons (raw): 1547 (flat)  303 (hierarchical)
    Elapsed: 0.000s  Memory: 1317.00M
"^" in: xor.drc:109
    Polygons (raw): 0 (flat)  0 (hierarchical)
    Elapsed: 0.030s  Memory: 1389.00M
XOR differences: 0
"output" in: xor.drc:86
    Polygons (raw): 0 (flat)  0 (hierarchical)
    Elapsed: 0.000s  Memory: 1317.00M
--- Running XOR for layer 66/44 ---
"input" in: xor.drc:109
    Polygons (raw): 6606 (flat)  1430 (hierarchical)
    Elapsed: 0.000s  Memory: 1317.00M
"input" in: xor.drc:109
    Polygons (raw): 6606 (flat)  1430 (hierarchical)
    Elapsed: 0.000s  Memory: 1317.00M
"^" in: xor.drc:109
    Polygons (raw): 0 (flat)  0 (hierarchical)
    Elapsed: 0.030s  Memory: 1397.00M
XOR differences: 0
"output" in: xor.drc:86
    Polygons (raw): 0 (flat)  0 (hierarchical)
    Elapsed: 0.000s  Memory: 1317.00M
--- Running XOR for layer 67/16 ---
"input" in: xor.drc:109
    Polygons (raw): 1512 (flat)  442 (hierarchical)
    Elapsed: 0.000s  Memory: 1317.00M
"input" in: xor.drc:109
    Polygons (raw): 1512 (flat)  442 (hierarchical)
    Elapsed: 0.000s  Memory: 1317.00M
"^" in: xor.drc:109
    Polygons (raw): 0 (flat)  0 (hierarchical)
    Elapsed: 0.010s  Memory: 1413.00M
XOR differences: 0
"output" in: xor.drc:86
    Polygons (raw): 0 (flat)  0 (hierarchical)
    Elapsed: 0.000s  Memory: 1413.00M
--- Running XOR for layer 67/20 ---
"input" in: xor.drc:109
    Polygons (raw): 3916 (flat)  1302 (hierarchical)
    Elapsed: 0.000s  Memory: 1413.00M
"input" in: xor.drc:109
    Polygons (raw): 3916 (flat)  546 (hierarchical)
    Elapsed: 0.010s  Memory: 1381.00M
"^" in: xor.drc:109
    Polygons (raw): 0 (flat)  0 (hierarchical)
    Elapsed: 0.030s  Memory: 1389.00M
XOR differences: 0
"output" in: xor.drc:86
    Polygons (raw): 0 (flat)  0 (hierarchical)
    Elapsed: 0.000s  Memory: 1317.00M
--- Running XOR for layer 67/44 ---
"input" in: xor.drc:109
    Polygons (raw): 6779 (flat)  1717 (hierarchical)
    Elapsed: 0.000s  Memory: 1317.00M
"input" in: xor.drc:109
    Polygons (raw): 6779 (flat)  961 (hierarchical)
    Elapsed: 0.000s  Memory: 1317.00M
"^" in: xor.drc:109
    Polygons (raw): 0 (flat)  0 (hierarchical)
    Elapsed: 0.030s  Memory: 1405.00M
XOR differences: 0
"output" in: xor.drc:86
    Polygons (raw): 0 (flat)  0 (hierarchical)
    Elapsed: 0.000s  Memory: 1317.00M
--- Running XOR for layer 67/5 ---
"input" in: xor.drc:109
    Polygons (raw): 0 (flat)  0 (hierarchical)
    Elapsed: 0.000s  Memory: 1317.00M
"input" in: xor.drc:109
    Polygons (raw): 0 (flat)  0 (hierarchical)
    Elapsed: 0.000s  Memory: 1317.00M
"^" in: xor.drc:109
    Polygons (raw): 0 (flat)  0 (hierarchical)
    Elapsed: 0.010s  Memory: 1397.00M
XOR differences: 0
"output" in: xor.drc:86
    Polygons (raw): 0 (flat)  0 (hierarchical)
    Elapsed: 0.000s  Memory: 1317.00M
--- Running XOR for layer 68/16 ---
"input" in: xor.drc:109
    Polygons (raw): 1146 (flat)  130 (hierarchical)
    Elapsed: 0.000s  Memory: 1317.00M
"input" in: xor.drc:109
    Polygons (raw): 1146 (flat)  130 (hierarchical)
    Elapsed: 0.000s  Memory: 1317.00M
"^" in: xor.drc:109
    Polygons (raw): 0 (flat)  0 (hierarchical)
    Elapsed: 0.010s  Memory: 1389.00M
XOR differences: 0
"output" in: xor.drc:86
    Polygons (raw): 0 (flat)  0 (hierarchical)
    Elapsed: 0.000s  Memory: 1317.00M
--- Running XOR for layer 68/20 ---
"input" in: xor.drc:109
    Polygons (raw): 4256 (flat)  3106 (hierarchical)
    Elapsed: 0.000s  Memory: 1317.00M
"input" in: xor.drc:109
    Polygons (raw): 3697 (flat)  1017 (hierarchical)
    Elapsed: 0.000s  Memory: 1317.00M
"^" in: xor.drc:109
    Polygons (raw): 0 (flat)  0 (hierarchical)
    Elapsed: 0.030s  Memory: 1397.00M
XOR differences: 0
"output" in: xor.drc:86
    Polygons (raw): 0 (flat)  0 (hierarchical)
    Elapsed: 0.000s  Memory: 1317.00M
--- Running XOR for layer 68/44 ---
"input" in: xor.drc:109
    Polygons (raw): 868 (flat)  868 (hierarchical)
    Elapsed: 0.000s  Memory: 1317.00M
"input" in: xor.drc:109
    Polygons (raw): 868 (flat)  6 (hierarchical)
    Elapsed: 0.000s  Memory: 1317.00M
"^" in: xor.drc:109
    Polygons (raw): 0 (flat)  0 (hierarchical)
    Elapsed: 0.010s  Memory: 1365.00M
XOR differences: 0
"output" in: xor.drc:86
    Polygons (raw): 0 (flat)  0 (hierarchical)
    Elapsed: 0.000s  Memory: 1317.00M
--- Running XOR for layer 68/5 ---
"input" in: xor.drc:109
    Polygons (raw): 0 (flat)  0 (hierarchical)
    Elapsed: 0.000s  Memory: 1317.00M
"input" in: xor.drc:109
    Polygons (raw): 0 (flat)  0 (hierarchical)
    Elapsed: 0.000s  Memory: 1317.00M
"^" in: xor.drc:109
    Polygons (raw): 0 (flat)  0 (hierarchical)
    Elapsed: 0.010s  Memory: 1397.00M
XOR differences: 0
"output" in: xor.drc:86
    Polygons (raw): 0 (flat)  0 (hierarchical)
    Elapsed: 0.000s  Memory: 1317.00M
--- Running XOR for layer 69/16 ---
"input" in: xor.drc:109
    Polygons (raw): 12 (flat)  12 (hierarchical)
    Elapsed: 0.000s  Memory: 1317.00M
"input" in: xor.drc:109
    Polygons (raw): 12 (flat)  12 (hierarchical)
    Elapsed: 0.000s  Memory: 1317.00M
"^" in: xor.drc:109
    Polygons (raw): 0 (flat)  0 (hierarchical)
    Elapsed: 0.000s  Memory: 1389.00M
XOR differences: 0
"output" in: xor.drc:86
    Polygons (raw): 0 (flat)  0 (hierarchical)
    Elapsed: 0.000s  Memory: 1317.00M
--- Running XOR for layer 69/20 ---
"input" in: xor.drc:109
    Polygons (raw): 1379 (flat)  1379 (hierarchical)
    Elapsed: 0.000s  Memory: 1317.00M
"input" in: xor.drc:109
    Polygons (raw): 1390 (flat)  562 (hierarchical)
    Elapsed: 0.000s  Memory: 1317.00M
"^" in: xor.drc:109
    Polygons (raw): 0 (flat)  0 (hierarchical)
    Elapsed: 0.030s  Memory: 1405.00M
XOR differences: 0
"output" in: xor.drc:86
    Polygons (raw): 0 (flat)  0 (hierarchical)
    Elapsed: 0.000s  Memory: 1317.00M
--- Running XOR for layer 69/44 ---
"input" in: xor.drc:109
    Polygons (raw): 125 (flat)  125 (hierarchical)
    Elapsed: 0.000s  Memory: 1317.00M
"input" in: xor.drc:109
    Polygons (raw): 125 (flat)  5 (hierarchical)
    Elapsed: 0.000s  Memory: 1317.00M
"^" in: xor.drc:109
    Polygons (raw): 0 (flat)  0 (hierarchical)
    Elapsed: 0.000s  Memory: 1413.00M
XOR differences: 0
"output" in: xor.drc:86
    Polygons (raw): 0 (flat)  0 (hierarchical)
    Elapsed: 0.000s  Memory: 1325.00M
--- Running XOR for layer 69/5 ---
"input" in: xor.drc:109
    Polygons (raw): 0 (flat)  0 (hierarchical)
    Elapsed: 0.000s  Memory: 1317.00M
"input" in: xor.drc:109
    Polygons (raw): 0 (flat)  0 (hierarchical)
    Elapsed: 0.000s  Memory: 1317.00M
"^" in: xor.drc:109
    Polygons (raw): 0 (flat)  0 (hierarchical)
    Elapsed: 0.000s  Memory: 1405.00M
XOR differences: 0
"output" in: xor.drc:86
    Polygons (raw): 0 (flat)  0 (hierarchical)
    Elapsed: 0.000s  Memory: 1317.00M
--- Running XOR for layer 70/16 ---
"input" in: xor.drc:109
    Polygons (raw): 7 (flat)  7 (hierarchical)
    Elapsed: 0.000s  Memory: 1317.00M
"input" in: xor.drc:109
    Polygons (raw): 7 (flat)  7 (hierarchical)
    Elapsed: 0.010s  Memory: 1317.00M
"^" in: xor.drc:109
    Polygons (raw): 0 (flat)  0 (hierarchical)
    Elapsed: 0.000s  Memory: 1405.00M
XOR differences: 0
"output" in: xor.drc:86
    Polygons (raw): 0 (flat)  0 (hierarchical)
    Elapsed: 0.000s  Memory: 1317.00M
--- Running XOR for layer 70/20 ---
"input" in: xor.drc:109
    Polygons (raw): 123 (flat)  123 (hierarchical)
    Elapsed: 0.000s  Memory: 1317.00M
"input" in: xor.drc:109
    Polygons (raw): 131 (flat)  55 (hierarchical)
    Elapsed: 0.000s  Memory: 1317.00M
"^" in: xor.drc:109
    Polygons (raw): 0 (flat)  0 (hierarchical)
    Elapsed: 0.010s  Memory: 1397.00M
XOR differences: 0
"output" in: xor.drc:86
    Polygons (raw): 0 (flat)  0 (hierarchical)
    Elapsed: 0.000s  Memory: 1325.00M
--- Running XOR for layer 70/44 ---
"input" in: xor.drc:109
    Polygons (raw): 92 (flat)  92 (hierarchical)
    Elapsed: 0.000s  Memory: 1317.00M
"input" in: xor.drc:109
    Polygons (raw): 92 (flat)  4 (hierarchical)
    Elapsed: 0.000s  Memory: 1317.00M
"^" in: xor.drc:109
    Polygons (raw): 0 (flat)  0 (hierarchical)
    Elapsed: 0.000s  Memory: 1405.00M
XOR differences: 0
"output" in: xor.drc:86
    Polygons (raw): 0 (flat)  0 (hierarchical)
    Elapsed: 0.000s  Memory: 1317.00M
--- Running XOR for layer 70/5 ---
"input" in: xor.drc:109
    Polygons (raw): 0 (flat)  0 (hierarchical)
    Elapsed: 0.000s  Memory: 1317.00M
"input" in: xor.drc:109
    Polygons (raw): 0 (flat)  0 (hierarchical)
    Elapsed: 0.000s  Memory: 1317.00M
"^" in: xor.drc:109
    Polygons (raw): 0 (flat)  0 (hierarchical)
    Elapsed: 0.020s  Memory: 1405.00M
XOR differences: 0
"output" in: xor.drc:86
    Polygons (raw): 0 (flat)  0 (hierarchical)
    Elapsed: 0.000s  Memory: 1317.00M
--- Running XOR for layer 71/16 ---
"input" in: xor.drc:109
    Polygons (raw): 2 (flat)  2 (hierarchical)
    Elapsed: 0.000s  Memory: 1317.00M
"input" in: xor.drc:109
    Polygons (raw): 2 (flat)  2 (hierarchical)
    Elapsed: 0.000s  Memory: 1317.00M
"^" in: xor.drc:109
    Polygons (raw): 0 (flat)  0 (hierarchical)
    Elapsed: 0.000s  Memory: 1389.00M
XOR differences: 0
"output" in: xor.drc:86
    Polygons (raw): 0 (flat)  0 (hierarchical)
    Elapsed: 0.000s  Memory: 1317.00M
--- Running XOR for layer 71/20 ---
"input" in: xor.drc:109
    Polygons (raw): 2 (flat)  2 (hierarchical)
    Elapsed: 0.000s  Memory: 1317.00M
"input" in: xor.drc:109
    Polygons (raw): 27 (flat)  5 (hierarchical)
    Elapsed: 0.000s  Memory: 1317.00M
"^" in: xor.drc:109
    Polygons (raw): 0 (flat)  0 (hierarchical)
    Elapsed: 0.000s  Memory: 1405.00M
XOR differences: 0
"output" in: xor.drc:86
    Polygons (raw): 0 (flat)  0 (hierarchical)
    Elapsed: 0.000s  Memory: 1333.00M
--- Running XOR for layer 71/5 ---
"input" in: xor.drc:109
    Polygons (raw): 0 (flat)  0 (hierarchical)
    Elapsed: 0.000s  Memory: 1317.00M
"input" in: xor.drc:109
    Polygons (raw): 0 (flat)  0 (hierarchical)
    Elapsed: 0.000s  Memory: 1317.00M
"^" in: xor.drc:109
    Polygons (raw): 0 (flat)  0 (hierarchical)
    Elapsed: 0.000s  Memory: 1397.00M
XOR differences: 0
"output" in: xor.drc:86
    Polygons (raw): 0 (flat)  0 (hierarchical)
    Elapsed: 0.000s  Memory: 1325.00M
--- Running XOR for layer 78/44 ---
"input" in: xor.drc:109
    Polygons (raw): 589 (flat)  70 (hierarchical)
    Elapsed: 0.000s  Memory: 1317.00M
"input" in: xor.drc:109
    Polygons (raw): 589 (flat)  70 (hierarchical)
    Elapsed: 0.000s  Memory: 1317.00M
"^" in: xor.drc:109
    Polygons (raw): 0 (flat)  0 (hierarchical)
    Elapsed: 0.010s  Memory: 1397.00M
XOR differences: 0
"output" in: xor.drc:86
    Polygons (raw): 0 (flat)  0 (hierarchical)
    Elapsed: 0.000s  Memory: 1317.00M
--- Running XOR for layer 81/4 ---
"input" in: xor.drc:109
    Polygons (raw): 572 (flat)  64 (hierarchical)
    Elapsed: 0.000s  Memory: 1317.00M
"input" in: xor.drc:109
    Polygons (raw): 572 (flat)  64 (hierarchical)
    Elapsed: 0.000s  Memory: 1317.00M
"^" in: xor.drc:109
    Polygons (raw): 0 (flat)  0 (hierarchical)
    Elapsed: 0.010s  Memory: 1397.00M
XOR differences: 0
"output" in: xor.drc:86
    Polygons (raw): 0 (flat)  0 (hierarchical)
    Elapsed: 0.000s  Memory: 1317.00M
--- Running XOR for layer 83/44 ---
"input" in: xor.drc:109
    Polygons (raw): 0 (flat)  0 (hierarchical)
    Elapsed: 0.000s  Memory: 1317.00M
"input" in: xor.drc:109
    Polygons (raw): 0 (flat)  0 (hierarchical)
    Elapsed: 0.000s  Memory: 1317.00M
"^" in: xor.drc:109
    Polygons (raw): 0 (flat)  0 (hierarchical)
    Elapsed: 0.010s  Memory: 1405.00M
XOR differences: 0
"output" in: xor.drc:86
    Polygons (raw): 0 (flat)  0 (hierarchical)
    Elapsed: 0.000s  Memory: 1341.00M
--- Running XOR for layer 93/44 ---
"input" in: xor.drc:109
    Polygons (raw): 620 (flat)  65 (hierarchical)
    Elapsed: 0.000s  Memory: 1317.00M
"input" in: xor.drc:109
    Polygons (raw): 620 (flat)  65 (hierarchical)
    Elapsed: 0.000s  Memory: 1317.00M
"^" in: xor.drc:109
    Polygons (raw): 0 (flat)  0 (hierarchical)
    Elapsed: 0.010s  Memory: 1413.00M
XOR differences: 0
"output" in: xor.drc:86
    Polygons (raw): 0 (flat)  0 (hierarchical)
    Elapsed: 0.000s  Memory: 1341.00M
--- Running XOR for layer 94/20 ---
"input" in: xor.drc:109
    Polygons (raw): 620 (flat)  65 (hierarchical)
    Elapsed: 0.000s  Memory: 1317.00M
"input" in: xor.drc:109
    Polygons (raw): 620 (flat)  65 (hierarchical)
    Elapsed: 0.010s  Memory: 1317.00M
"^" in: xor.drc:109
    Polygons (raw): 0 (flat)  0 (hierarchical)
    Elapsed: 0.010s  Memory: 1405.00M
XOR differences: 0
"output" in: xor.drc:86
    Polygons (raw): 0 (flat)  0 (hierarchical)
    Elapsed: 0.000s  Memory: 1317.00M
--- Running XOR for layer 95/20 ---
"input" in: xor.drc:109
    Polygons (raw): 474 (flat)  71 (hierarchical)
    Elapsed: 0.000s  Memory: 1317.00M
"input" in: xor.drc:109
    Polygons (raw): 474 (flat)  71 (hierarchical)
    Elapsed: 0.000s  Memory: 1317.00M
"^" in: xor.drc:109
    Polygons (raw): 0 (flat)  0 (hierarchical)
    Elapsed: 0.010s  Memory: 1405.00M
XOR differences: 0
"output" in: xor.drc:86
    Polygons (raw): 0 (flat)  0 (hierarchical)
    Elapsed: 0.000s  Memory: 1317.00M
---
Total XOR differences: 0
Writing report database: /home/nakanomiku/DigitalDesign/freq_psc/runs/RUN_2024-10-28_14-44-52/60-klayout-xor/xor.xml ..
Total elapsed: 0.510s  Memory: 1317.00M
/home/nakanomiku/DigitalDesign/freq_psc/runs/RUN_2024-10-28_14-44-52/56-magic-streamout/freq_psc.magic.gds
/home/nakanomiku/DigitalDesign/freq_psc/runs/RUN_2024-10-28_14-44-52/57-klayout-streamout/freq_psc.klayout.gds
%OL_METRIC_I design__xor_difference__count 0
