Clock: clk
Sources: clk 
Generated: no
Virtual: yes
Propagated: no
Period: 5.000000

===========================================================================
report_clock_properties
============================================================================
Clock                   Period          Waveform
----------------------------------------------------
clk                   5.000000    0.000000  2.500000

===========================================================================
report_clock_latency
============================================================================
Clock clk
rise -> rise
    min     max
0.000000 0.000000 source latency
0.276976         network latency _113_/CLK
        0.279032 network latency _117_/CLK
---------------
0.276976 0.279032 latency
        0.002056 skew

fall -> fall
    min     max
0.000000 0.000000 source latency
0.284302         network latency _113_/CLK
        0.286112 network latency _117_/CLK
---------------
0.284302 0.286112 latency
        0.001810 skew



===========================================================================
report_clock_min_period
============================================================================
clk period_min = 1.74 fmax = 574.31
