Reading OpenROAD database at '/home/nakanomiku/DigitalDesign/freq_psc/runs/RUN_2024-10-23_18-05-50/20-openroad-generatepdn/freq_psc.odb'…
Reading library file at '/home/nakanomiku/.volare/volare/sky130/versions/0fe599b2afb6708d281543108caf8310912f54af/sky130A/libs.ref/sky130_fd_sc_hd/lib/sky130_fd_sc_hd__tt_025C_1v80.lib'…
Reading design constraints file at '/nix/store/mr1ix0gwjfwmikfqyrq536nwhj83f0zp-python3-3.11.9-env/lib/python3.11/site-packages/openlane/scripts/base.sdc'…
[INFO] Using clock clk…
[INFO] Setting output delay to: 1
[INFO] Setting input delay to: 1
[INFO] Setting load to: 0.033442
[INFO] Setting clock uncertainty to: 0.25
[INFO] Setting clock transition to: 0.1499999999999999944488848768742172978818416595458984375
[INFO] Setting timing derate to: 5%
[INFO GPL-0002] DBU: 1000
[INFO GPL-0003] SiteSize: (  0.460  2.720 ) um
[INFO GPL-0004] CoreBBox: (  5.520 10.880 ) ( 77.280 81.600 ) um
[INFO GPL-0006] NumInstances:               391
[INFO GPL-0007] NumPlaceInstances:          269
[INFO GPL-0008] NumFixedInstances:          122
[INFO GPL-0009] NumDummyInstances:            0
[INFO GPL-0010] NumNets:                    303
[INFO GPL-0011] NumPins:                    936
[INFO GPL-0012] DieBBox:  (  0.000  0.000 ) ( 83.030 93.750 ) um
[INFO GPL-0013] CoreBBox: (  5.520 10.880 ) ( 77.280 81.600 ) um
[INFO GPL-0016] CoreArea:              5074.867 um^2
[INFO GPL-0017] NonPlaceInstsArea:      282.771 um^2
[INFO GPL-0018] PlaceInstsArea:        2591.235 um^2
[INFO GPL-0019] Util:                    54.073 %
[INFO GPL-0020] StdInstsArea:          2591.235 um^2
[INFO GPL-0021] MacroInstsArea:           0.000 um^2
[INFO GPL-0031] FillerInit:NumGCells:       315
[INFO GPL-0032] FillerInit:NumGNets:        303
[INFO GPL-0033] FillerInit:NumGPins:        936
[INFO GPL-0023] TargetDensity:            0.628
[INFO GPL-0024] AvrgPlaceInstArea:        9.633 um^2
[INFO GPL-0025] IdealBinArea:            15.342 um^2
[INFO GPL-0026] IdealBinCnt:                330
[INFO GPL-0027] TotalBinArea:          5074.867 um^2
[INFO GPL-0028] BinCnt:        16     16
[INFO GPL-0029] BinSize: (  4.485  4.420 )
[INFO GPL-0030] NumBins: 256
[NesterovSolve] Iter:    1 overflow: 0.964 HPWL: 726194
[NesterovSolve] Iter:   10 overflow: 0.962 HPWL: 620345
[NesterovSolve] Iter:   20 overflow: 0.962 HPWL: 620559
[NesterovSolve] Iter:   30 overflow: 0.962 HPWL: 620131
[NesterovSolve] Iter:   40 overflow: 0.962 HPWL: 620295
[NesterovSolve] Iter:   50 overflow: 0.962 HPWL: 620378
[NesterovSolve] Iter:   60 overflow: 0.962 HPWL: 620773
[NesterovSolve] Iter:   70 overflow: 0.962 HPWL: 621351
[NesterovSolve] Iter:   80 overflow: 0.962 HPWL: 622237
[NesterovSolve] Iter:   90 overflow: 0.962 HPWL: 624056
[NesterovSolve] Iter:  100 overflow: 0.962 HPWL: 627373
[NesterovSolve] Iter:  110 overflow: 0.962 HPWL: 631612
[NesterovSolve] Iter:  120 overflow: 0.962 HPWL: 638576
[NesterovSolve] Iter:  130 overflow: 0.953 HPWL: 655781
[NesterovSolve] Iter:  140 overflow: 0.921 HPWL: 739492
[NesterovSolve] Iter:  150 overflow: 0.891 HPWL: 842168
[NesterovSolve] Iter:  160 overflow: 0.860 HPWL: 888754
[NesterovSolve] Iter:  170 overflow: 0.842 HPWL: 943703
[NesterovSolve] Iter:  180 overflow: 0.797 HPWL: 1050641
[NesterovSolve] Iter:  190 overflow: 0.771 HPWL: 1109560
[NesterovSolve] Iter:  200 overflow: 0.731 HPWL: 1222759
[NesterovSolve] Iter:  210 overflow: 0.701 HPWL: 1335052
[NesterovSolve] Iter:  220 overflow: 0.655 HPWL: 1435503
[NesterovSolve] Iter:  230 overflow: 0.616 HPWL: 1561824
[NesterovSolve] Iter:  240 overflow: 0.572 HPWL: 1649738
[NesterovSolve] Iter:  250 overflow: 0.527 HPWL: 1756285
[NesterovSolve] Iter:  260 overflow: 0.469 HPWL: 1841233
[NesterovSolve] Iter:  270 overflow: 0.416 HPWL: 1920527
[NesterovSolve] Iter:  280 overflow: 0.370 HPWL: 2020706
[NesterovSolve] Iter:  290 overflow: 0.327 HPWL: 2079353
[NesterovSolve] Iter:  300 overflow: 0.290 HPWL: 2128872
[NesterovSolve] Iter:  310 overflow: 0.258 HPWL: 2152527
[NesterovSolve] Iter:  320 overflow: 0.225 HPWL: 2195048
[NesterovSolve] Iter:  330 overflow: 0.194 HPWL: 2211724
[NesterovSolve] Iter:  340 overflow: 0.172 HPWL: 2231785
[NesterovSolve] Iter:  350 overflow: 0.141 HPWL: 2253382
[NesterovSolve] Iter:  360 overflow: 0.128 HPWL: 2284325
[NesterovSolve] Iter:  370 overflow: 0.105 HPWL: 2320541
[NesterovSolve] Finished with Overflow: 0.099764
[INFO] Setting RC values…
Setting global connections for newly added cells…
[INFO] Setting global connections...
Updating metrics…
Cell type report:                       Count       Area
  Fill cell                                52     195.19
  Tap cell                                 70      87.58
  Inverter                                 63     236.48
  Sequential cell                          33     867.08
  Multi-Input combinational cell          173    1487.68
  Total                                   391    2874.01
Writing OpenROAD database to '/home/nakanomiku/DigitalDesign/freq_psc/runs/RUN_2024-10-23_18-05-50/23-openroad-globalplacementskipio/freq_psc.odb'…
Writing netlist to '/home/nakanomiku/DigitalDesign/freq_psc/runs/RUN_2024-10-23_18-05-50/23-openroad-globalplacementskipio/freq_psc.nl.v'…
Writing powered netlist to '/home/nakanomiku/DigitalDesign/freq_psc/runs/RUN_2024-10-23_18-05-50/23-openroad-globalplacementskipio/freq_psc.pnl.v'…
Writing layout to '/home/nakanomiku/DigitalDesign/freq_psc/runs/RUN_2024-10-23_18-05-50/23-openroad-globalplacementskipio/freq_psc.def'…
Writing timing constraints to '/home/nakanomiku/DigitalDesign/freq_psc/runs/RUN_2024-10-23_18-05-50/23-openroad-globalplacementskipio/freq_psc.sdc'…
