
===========================================================================
report_checks -unconstrained
===========================================================================
======================= max_ss_100C_1v60 Corner ===================================

Startpoint: rst (input port clocked by clk)
Endpoint: _497_ (recovery check against rising-edge clock clk)
Path Group: asynchronous
Path Type: max

Fanout         Cap        Slew       Delay        Time   Description
---------------------------------------------------------------------------------------------
                                  0.000000    0.000000   clock clk (rise edge)
                                  0.000000    0.000000   clock network delay (propagated)
                                  1.000000    1.000000 v input external delay
     1    0.002424    0.017034    0.008090    1.008090 v rst (in)
                                                         rst (net)
                      0.017034    0.000000    1.008090 v input33/A (sky130_fd_sc_hd__buf_1)
     4    0.015230    0.180358    0.238996    1.247085 v input33/X (sky130_fd_sc_hd__buf_1)
                                                         net33 (net)
                      0.180361    0.000963    1.248049 v fanout39/A (sky130_fd_sc_hd__buf_4)
    10    0.061241    0.157471    0.399576    1.647624 v fanout39/X (sky130_fd_sc_hd__buf_4)
                                                         net39 (net)
                      0.157835    0.006636    1.654261 v _464_/A (sky130_fd_sc_hd__inv_2)
     1    0.003578    0.056513    0.103200    1.757461 ^ _464_/Y (sky130_fd_sc_hd__inv_2)
                                                         _057_ (net)
                      0.056513    0.000187    1.757647 ^ _497_/RESET_B (sky130_fd_sc_hd__dfrtp_2)
                                              1.757647   data arrival time

                                  5.000000    5.000000   clock clk (rise edge)
                                  0.000000    5.000000   clock source latency
     1    0.016468    0.125592    0.084866    5.084867 ^ clk (in)
                                                         clk (net)
                      0.125601    0.000000    5.084867 ^ clkbuf_0_clk/A (sky130_fd_sc_hd__clkbuf_16)
     4    0.040598    0.095579    0.275195    5.360062 ^ clkbuf_0_clk/X (sky130_fd_sc_hd__clkbuf_16)
                                                         clknet_0_clk (net)
                      0.095654    0.002418    5.362480 ^ clkbuf_2_2__f_clk/A (sky130_fd_sc_hd__clkbuf_16)
    10    0.029379    0.079613    0.246187    5.608666 ^ clkbuf_2_2__f_clk/X (sky130_fd_sc_hd__clkbuf_16)
                                                         clknet_2_2__leaf_clk (net)
                      0.079657    0.001645    5.610312 ^ _497_/CLK (sky130_fd_sc_hd__dfrtp_2)
                                 -0.250000    5.360312   clock uncertainty
                                  0.000000    5.360312   clock reconvergence pessimism
                                  0.453544    5.813855   library recovery time
                                              5.813855   data required time
---------------------------------------------------------------------------------------------
                                              5.813855   data required time
                                             -1.757647   data arrival time
---------------------------------------------------------------------------------------------
                                              4.056208   slack (MET)


Startpoint: _502_ (rising edge-triggered flip-flop clocked by clk)
Endpoint: _484_ (rising edge-triggered flip-flop clocked by clk)
Path Group: clk
Path Type: max

Fanout         Cap        Slew       Delay        Time   Description
---------------------------------------------------------------------------------------------
                                  0.000000    0.000000   clock clk (rise edge)
                                  0.000000    0.000000   clock source latency
     1    0.016468    0.125592    0.084866    0.084866 ^ clk (in)
                                                         clk (net)
                      0.125601    0.000000    0.084866 ^ clkbuf_0_clk/A (sky130_fd_sc_hd__clkbuf_16)
     4    0.040598    0.095579    0.275195    0.360061 ^ clkbuf_0_clk/X (sky130_fd_sc_hd__clkbuf_16)
                                                         clknet_0_clk (net)
                      0.095654    0.002418    0.362479 ^ clkbuf_2_2__f_clk/A (sky130_fd_sc_hd__clkbuf_16)
    10    0.029379    0.079613    0.246187    0.608666 ^ clkbuf_2_2__f_clk/X (sky130_fd_sc_hd__clkbuf_16)
                                                         clknet_2_2__leaf_clk (net)
                      0.079630    0.001105    0.609771 ^ _502_/CLK (sky130_fd_sc_hd__dfrtp_1)
     4    0.010688    0.144742    0.813446    1.423216 v _502_/Q (sky130_fd_sc_hd__dfrtp_1)
                                                         psc_cnt[30] (net)
                      0.144749    0.001145    1.424361 v _319_/B (sky130_fd_sc_hd__and2b_1)
     2    0.004795    0.082629    0.372572    1.796934 v _319_/X (sky130_fd_sc_hd__and2b_1)
                                                         _148_ (net)
                      0.082629    0.000260    1.797193 v _324_/B (sky130_fd_sc_hd__or4_4)
     3    0.007441    0.166723    1.034729    2.831922 v _324_/X (sky130_fd_sc_hd__or4_4)
                                                         _153_ (net)
                      0.166724    0.000437    2.832360 v _332_/C (sky130_fd_sc_hd__or4b_4)
     2    0.006542    0.163974    1.006581    3.838941 v _332_/X (sky130_fd_sc_hd__or4b_4)
                                                         _161_ (net)
                      0.163975    0.000418    3.839359 v _333_/D (sky130_fd_sc_hd__or4_4)
     1    0.001555    0.138139    0.831198    4.670557 v _333_/X (sky130_fd_sc_hd__or4_4)
                                                         _162_ (net)
                      0.138139    0.000071    4.670629 v _342_/A_N (sky130_fd_sc_hd__and4b_1)
     1    0.005784    0.141761    0.563402    5.234030 ^ _342_/X (sky130_fd_sc_hd__and4b_1)
                                                         _171_ (net)
                      0.141761    0.000273    5.234303 ^ _343_/A (sky130_fd_sc_hd__or3_4)
     1    0.009736    0.075354    0.258470    5.492773 ^ _343_/X (sky130_fd_sc_hd__or3_4)
                                                         _172_ (net)
                      0.075373    0.000765    5.493538 ^ _344_/B1 (sky130_fd_sc_hd__a21oi_4)
     5    0.027788    0.148606    0.093420    5.586958 v _344_/Y (sky130_fd_sc_hd__a21oi_4)
                                                         _173_ (net)
                      0.148610    0.000979    5.587937 v fanout38/A (sky130_fd_sc_hd__buf_6)
     8    0.023135    0.062662    0.267699    5.855636 v fanout38/X (sky130_fd_sc_hd__buf_6)
                                                         net38 (net)
                      0.062817    0.002697    5.858333 v _384_/C (sky130_fd_sc_hd__and3b_1)
     1    0.002956    0.071159    0.354092    6.212425 v _384_/X (sky130_fd_sc_hd__and3b_1)
                                                         _003_ (net)
                      0.071159    0.000123    6.212547 v _484_/D (sky130_fd_sc_hd__dfrtp_1)
                                              6.212547   data arrival time

                                  5.000000    5.000000   clock clk (rise edge)
                                  0.000000    5.000000   clock source latency
     1    0.016468    0.125592    0.084866    5.084867 ^ clk (in)
                                                         clk (net)
                      0.125601    0.000000    5.084867 ^ clkbuf_0_clk/A (sky130_fd_sc_hd__clkbuf_16)
     4    0.040598    0.095579    0.275195    5.360062 ^ clkbuf_0_clk/X (sky130_fd_sc_hd__clkbuf_16)
                                                         clknet_0_clk (net)
                      0.095648    0.002329    5.362390 ^ clkbuf_2_3__f_clk/A (sky130_fd_sc_hd__clkbuf_16)
     8    0.026036    0.075105    0.241599    5.603990 ^ clkbuf_2_3__f_clk/X (sky130_fd_sc_hd__clkbuf_16)
                                                         clknet_2_3__leaf_clk (net)
                      0.075120    0.000982    5.604971 ^ _484_/CLK (sky130_fd_sc_hd__dfrtp_1)
                                 -0.250000    5.354971   clock uncertainty
                                  0.000000    5.354971   clock reconvergence pessimism
                                 -0.275683    5.079288   library setup time
                                              5.079288   data required time
---------------------------------------------------------------------------------------------
                                              5.079288   data required time
                                             -6.212547   data arrival time
---------------------------------------------------------------------------------------------
                                             -1.133259   slack (VIOLATED)




===========================================================================
report_checks --slack_max -0.01
============================================================================
======================= max_ss_100C_1v60 Corner ===================================

Startpoint: _502_ (rising edge-triggered flip-flop clocked by clk)
Endpoint: _484_ (rising edge-triggered flip-flop clocked by clk)
Path Group: clk
Path Type: max

Fanout         Cap        Slew       Delay        Time   Description
---------------------------------------------------------------------------------------------
                                  0.000000    0.000000   clock clk (rise edge)
                                  0.000000    0.000000   clock source latency
     1    0.016468    0.125592    0.084866    0.084866 ^ clk (in)
                                                         clk (net)
                      0.125601    0.000000    0.084866 ^ clkbuf_0_clk/A (sky130_fd_sc_hd__clkbuf_16)
     4    0.040598    0.095579    0.275195    0.360061 ^ clkbuf_0_clk/X (sky130_fd_sc_hd__clkbuf_16)
                                                         clknet_0_clk (net)
                      0.095654    0.002418    0.362479 ^ clkbuf_2_2__f_clk/A (sky130_fd_sc_hd__clkbuf_16)
    10    0.029379    0.079613    0.246187    0.608666 ^ clkbuf_2_2__f_clk/X (sky130_fd_sc_hd__clkbuf_16)
                                                         clknet_2_2__leaf_clk (net)
                      0.079630    0.001105    0.609771 ^ _502_/CLK (sky130_fd_sc_hd__dfrtp_1)
     4    0.010688    0.144742    0.813446    1.423216 v _502_/Q (sky130_fd_sc_hd__dfrtp_1)
                                                         psc_cnt[30] (net)
                      0.144749    0.001145    1.424361 v _319_/B (sky130_fd_sc_hd__and2b_1)
     2    0.004795    0.082629    0.372572    1.796934 v _319_/X (sky130_fd_sc_hd__and2b_1)
                                                         _148_ (net)
                      0.082629    0.000260    1.797193 v _324_/B (sky130_fd_sc_hd__or4_4)
     3    0.007441    0.166723    1.034729    2.831922 v _324_/X (sky130_fd_sc_hd__or4_4)
                                                         _153_ (net)
                      0.166724    0.000437    2.832360 v _332_/C (sky130_fd_sc_hd__or4b_4)
     2    0.006542    0.163974    1.006581    3.838941 v _332_/X (sky130_fd_sc_hd__or4b_4)
                                                         _161_ (net)
                      0.163975    0.000418    3.839359 v _333_/D (sky130_fd_sc_hd__or4_4)
     1    0.001555    0.138139    0.831198    4.670557 v _333_/X (sky130_fd_sc_hd__or4_4)
                                                         _162_ (net)
                      0.138139    0.000071    4.670629 v _342_/A_N (sky130_fd_sc_hd__and4b_1)
     1    0.005784    0.141761    0.563402    5.234030 ^ _342_/X (sky130_fd_sc_hd__and4b_1)
                                                         _171_ (net)
                      0.141761    0.000273    5.234303 ^ _343_/A (sky130_fd_sc_hd__or3_4)
     1    0.009736    0.075354    0.258470    5.492773 ^ _343_/X (sky130_fd_sc_hd__or3_4)
                                                         _172_ (net)
                      0.075373    0.000765    5.493538 ^ _344_/B1 (sky130_fd_sc_hd__a21oi_4)
     5    0.027788    0.148606    0.093420    5.586958 v _344_/Y (sky130_fd_sc_hd__a21oi_4)
                                                         _173_ (net)
                      0.148610    0.000979    5.587937 v fanout38/A (sky130_fd_sc_hd__buf_6)
     8    0.023135    0.062662    0.267699    5.855636 v fanout38/X (sky130_fd_sc_hd__buf_6)
                                                         net38 (net)
                      0.062817    0.002697    5.858333 v _384_/C (sky130_fd_sc_hd__and3b_1)
     1    0.002956    0.071159    0.354092    6.212425 v _384_/X (sky130_fd_sc_hd__and3b_1)
                                                         _003_ (net)
                      0.071159    0.000123    6.212547 v _484_/D (sky130_fd_sc_hd__dfrtp_1)
                                              6.212547   data arrival time

                                  5.000000    5.000000   clock clk (rise edge)
                                  0.000000    5.000000   clock source latency
     1    0.016468    0.125592    0.084866    5.084867 ^ clk (in)
                                                         clk (net)
                      0.125601    0.000000    5.084867 ^ clkbuf_0_clk/A (sky130_fd_sc_hd__clkbuf_16)
     4    0.040598    0.095579    0.275195    5.360062 ^ clkbuf_0_clk/X (sky130_fd_sc_hd__clkbuf_16)
                                                         clknet_0_clk (net)
                      0.095648    0.002329    5.362390 ^ clkbuf_2_3__f_clk/A (sky130_fd_sc_hd__clkbuf_16)
     8    0.026036    0.075105    0.241599    5.603990 ^ clkbuf_2_3__f_clk/X (sky130_fd_sc_hd__clkbuf_16)
                                                         clknet_2_3__leaf_clk (net)
                      0.075120    0.000982    5.604971 ^ _484_/CLK (sky130_fd_sc_hd__dfrtp_1)
                                 -0.250000    5.354971   clock uncertainty
                                  0.000000    5.354971   clock reconvergence pessimism
                                 -0.275683    5.079288   library setup time
                                              5.079288   data required time
---------------------------------------------------------------------------------------------
                                              5.079288   data required time
                                             -6.212547   data arrival time
---------------------------------------------------------------------------------------------
                                             -1.133259   slack (VIOLATED)




===========================================================================
 report_check_types -max_slew -max_cap -max_fanout -violators
============================================================================
======================= max_ss_100C_1v60 Corner ===================================



===========================================================================
report_parasitic_annotation -report_unannotated
============================================================================
Found 3 unannotated drivers.
 clkload0/Y
 clkload1/X
 clkload2/Y
Found 0 partially unannotated drivers.

===========================================================================
max slew violation count 0
max fanout violation count 0
max cap violation count 0
============================================================================

===========================================================================
check_setup -verbose -unconstrained_endpoints -multiple_clock -no_clock -no_input_delay -loops -generated_clocks
===========================================================================
