Clock: clk
Sources: clk 
Generated: no
Virtual: yes
Propagated: no
Period: 5.000000

===========================================================================
report_clock_properties
============================================================================
Clock                   Period          Waveform
----------------------------------------------------
clk                   5.000000    0.000000  2.500000

===========================================================================
report_clock_latency
============================================================================
Clock clk
rise -> rise
    min     max
0.000000 0.000000 source latency
0.237816         network latency _781_/CLK
        0.241417 network latency _787_/CLK
---------------
0.237816 0.241417 latency
        0.003601 skew

fall -> fall
    min     max
0.000000 0.000000 source latency
0.223537         network latency _781_/CLK
        0.226850 network latency _787_/CLK
---------------
0.223537 0.226850 latency
        0.003313 skew



===========================================================================
report_clock_min_period
============================================================================
clk period_min = 2.43 fmax = 410.95
