Clock: clk
Sources: clk 
Generated: no
Virtual: yes
Propagated: no
Period: 5.000000

===========================================================================
report_clock_properties
============================================================================
Clock                   Period          Waveform
----------------------------------------------------
clk                   5.000000    0.000000  2.500000

===========================================================================
report_clock_latency
============================================================================
Clock clk
rise -> rise
    min     max
0.000000 0.000000 source latency
0.500399         network latency _154_/CLK
        0.501201 network latency _150_/CLK
---------------
0.500399 0.501201 latency
        0.000802 skew

fall -> fall
    min     max
0.000000 0.000000 source latency
0.519566         network latency _154_/CLK
        0.520308 network latency _150_/CLK
---------------
0.519566 0.520308 latency
        0.000742 skew



===========================================================================
report_clock_min_period
============================================================================
clk period_min = 3.70 fmax = 270.14
