
===========================================================================
report_checks -path_delay max (Setup)
============================================================================
======================= nom_ss_100C_1v60 Corner ===================================

Startpoint: psc[2] (input port clocked by clk)
Endpoint: _151_ (rising edge-triggered flip-flop clocked by clk)
Path Group: clk
Path Type: max

Fanout         Cap        Slew       Delay        Time   Description
---------------------------------------------------------------------------------------------
                                  0.000000    0.000000   clock clk (rise edge)
                                  0.000000    0.000000   clock network delay (propagated)
                                  1.000000    1.000000 v input external delay
     1    0.002608    0.017732    0.008631    1.008631 v psc[2] (in)
                                                         psc[2] (net)
                      0.017732    0.000000    1.008631 v input3/A (sky130_fd_sc_hd__buf_1)
     4    0.012345    0.148872    0.217207    1.225839 v input3/X (sky130_fd_sc_hd__buf_1)
                                                         net3 (net)
                      0.148872    0.000215    1.226053 v _084_/B (sky130_fd_sc_hd__or4_4)
     3    0.009537    0.172311    1.072859    2.298913 v _084_/X (sky130_fd_sc_hd__or4_4)
                                                         _028_ (net)
                      0.172311    0.000167    2.299079 v _085_/C (sky130_fd_sc_hd__or3_1)
     3    0.009054    0.200231    0.843549    3.142628 v _085_/X (sky130_fd_sc_hd__or3_1)
                                                         _029_ (net)
                      0.200231    0.000157    3.142785 v _086_/B (sky130_fd_sc_hd__nor2_2)
     2    0.010670    0.226392    0.270382    3.413166 ^ _086_/Y (sky130_fd_sc_hd__nor2_2)
                                                         _030_ (net)
                      0.226392    0.000130    3.413296 ^ _104_/A_N (sky130_fd_sc_hd__and2b_1)
     2    0.005816    0.090223    0.449175    3.862471 v _104_/X (sky130_fd_sc_hd__and2b_1)
                                                         _048_ (net)
                      0.090223    0.000148    3.862619 v _105_/B1 (sky130_fd_sc_hd__o221a_1)
     1    0.008975    0.149646    0.502548    4.365167 v _105_/X (sky130_fd_sc_hd__o221a_1)
                                                         _049_ (net)
                      0.149646    0.000261    4.365427 v _107_/B1 (sky130_fd_sc_hd__o22ai_4)
     8    0.022317    0.369741    0.357679    4.723106 ^ _107_/Y (sky130_fd_sc_hd__o22ai_4)
                                                         _051_ (net)
                      0.369742    0.001277    4.724384 ^ _119_/A (sky130_fd_sc_hd__and3_1)
     1    0.002990    0.091170    0.390973    5.115356 ^ _119_/X (sky130_fd_sc_hd__and3_1)
                                                         _004_ (net)
                      0.091170    0.000090    5.115446 ^ _151_/D (sky130_fd_sc_hd__dfrtp_2)
                                              5.115446   data arrival time

                                  5.000000    5.000000   clock clk (rise edge)
                                  0.000000    5.000000   clock source latency
     1    0.011156    0.089032    0.058160    5.058160 ^ clk (in)
                                                         clk (net)
                      0.089032    0.000000    5.058160 ^ clkbuf_0_clk/A (sky130_fd_sc_hd__clkbuf_16)
     2    0.019914    0.067321    0.230080    5.288240 ^ clkbuf_0_clk/X (sky130_fd_sc_hd__clkbuf_16)
                                                         clknet_0_clk (net)
                      0.067336    0.000363    5.288603 ^ clkbuf_1_0__f_clk/A (sky130_fd_sc_hd__clkbuf_16)
     5    0.014203    0.060212    0.212104    5.500707 ^ clkbuf_1_0__f_clk/X (sky130_fd_sc_hd__clkbuf_16)
                                                         clknet_1_0__leaf_clk (net)
                      0.060212    0.000405    5.501112 ^ _151_/CLK (sky130_fd_sc_hd__dfrtp_2)
                                 -0.250000    5.251112   clock uncertainty
                                  0.000000    5.251112   clock reconvergence pessimism
                                 -0.145519    5.105593   library setup time
                                              5.105593   data required time
---------------------------------------------------------------------------------------------
                                              5.105593   data required time
                                             -5.115446   data arrival time
---------------------------------------------------------------------------------------------
                                             -0.009853   slack (VIOLATED)


Startpoint: psc[2] (input port clocked by clk)
Endpoint: _153_ (rising edge-triggered flip-flop clocked by clk)
Path Group: clk
Path Type: max

Fanout         Cap        Slew       Delay        Time   Description
---------------------------------------------------------------------------------------------
                                  0.000000    0.000000   clock clk (rise edge)
                                  0.000000    0.000000   clock network delay (propagated)
                                  1.000000    1.000000 v input external delay
     1    0.002608    0.017732    0.008631    1.008631 v psc[2] (in)
                                                         psc[2] (net)
                      0.017732    0.000000    1.008631 v input3/A (sky130_fd_sc_hd__buf_1)
     4    0.012345    0.148872    0.217207    1.225839 v input3/X (sky130_fd_sc_hd__buf_1)
                                                         net3 (net)
                      0.148872    0.000215    1.226053 v _084_/B (sky130_fd_sc_hd__or4_4)
     3    0.009537    0.172311    1.072859    2.298913 v _084_/X (sky130_fd_sc_hd__or4_4)
                                                         _028_ (net)
                      0.172311    0.000167    2.299079 v _085_/C (sky130_fd_sc_hd__or3_1)
     3    0.009054    0.200231    0.843549    3.142628 v _085_/X (sky130_fd_sc_hd__or3_1)
                                                         _029_ (net)
                      0.200231    0.000157    3.142785 v _086_/B (sky130_fd_sc_hd__nor2_2)
     2    0.010670    0.226392    0.270382    3.413166 ^ _086_/Y (sky130_fd_sc_hd__nor2_2)
                                                         _030_ (net)
                      0.226392    0.000130    3.413296 ^ _104_/A_N (sky130_fd_sc_hd__and2b_1)
     2    0.005816    0.090223    0.449175    3.862471 v _104_/X (sky130_fd_sc_hd__and2b_1)
                                                         _048_ (net)
                      0.090223    0.000148    3.862619 v _105_/B1 (sky130_fd_sc_hd__o221a_1)
     1    0.008975    0.149646    0.502548    4.365167 v _105_/X (sky130_fd_sc_hd__o221a_1)
                                                         _049_ (net)
                      0.149646    0.000261    4.365427 v _107_/B1 (sky130_fd_sc_hd__o22ai_4)
     8    0.022317    0.369741    0.357679    4.723106 ^ _107_/Y (sky130_fd_sc_hd__o22ai_4)
                                                         _051_ (net)
                      0.369741    0.001073    4.724180 ^ _126_/A (sky130_fd_sc_hd__and3_1)
     1    0.003042    0.091832    0.391750    5.115930 ^ _126_/X (sky130_fd_sc_hd__and3_1)
                                                         _006_ (net)
                      0.091832    0.000093    5.116023 ^ _153_/D (sky130_fd_sc_hd__dfrtp_1)
                                              5.116023   data arrival time

                                  5.000000    5.000000   clock clk (rise edge)
                                  0.000000    5.000000   clock source latency
     1    0.011156    0.089032    0.058160    5.058160 ^ clk (in)
                                                         clk (net)
                      0.089032    0.000000    5.058160 ^ clkbuf_0_clk/A (sky130_fd_sc_hd__clkbuf_16)
     2    0.019914    0.067321    0.230080    5.288240 ^ clkbuf_0_clk/X (sky130_fd_sc_hd__clkbuf_16)
                                                         clknet_0_clk (net)
                      0.067337    0.000441    5.288681 ^ clkbuf_1_1__f_clk/A (sky130_fd_sc_hd__clkbuf_16)
     5    0.013715    0.059601    0.211413    5.500094 ^ clkbuf_1_1__f_clk/X (sky130_fd_sc_hd__clkbuf_16)
                                                         clknet_1_1__leaf_clk (net)
                      0.059601    0.000392    5.500486 ^ _153_/CLK (sky130_fd_sc_hd__dfrtp_1)
                                 -0.250000    5.250486   clock uncertainty
                                  0.000000    5.250486   clock reconvergence pessimism
                                 -0.140349    5.110137   library setup time
                                              5.110137   data required time
---------------------------------------------------------------------------------------------
                                              5.110137   data required time
                                             -5.116023   data arrival time
---------------------------------------------------------------------------------------------
                                             -0.005886   slack (VIOLATED)


Startpoint: psc[2] (input port clocked by clk)
Endpoint: _148_ (rising edge-triggered flip-flop clocked by clk)
Path Group: clk
Path Type: max

Fanout         Cap        Slew       Delay        Time   Description
---------------------------------------------------------------------------------------------
                                  0.000000    0.000000   clock clk (rise edge)
                                  0.000000    0.000000   clock network delay (propagated)
                                  1.000000    1.000000 v input external delay
     1    0.002608    0.017732    0.008631    1.008631 v psc[2] (in)
                                                         psc[2] (net)
                      0.017732    0.000000    1.008631 v input3/A (sky130_fd_sc_hd__buf_1)
     4    0.012345    0.148872    0.217207    1.225839 v input3/X (sky130_fd_sc_hd__buf_1)
                                                         net3 (net)
                      0.148872    0.000215    1.226053 v _084_/B (sky130_fd_sc_hd__or4_4)
     3    0.009537    0.172311    1.072859    2.298913 v _084_/X (sky130_fd_sc_hd__or4_4)
                                                         _028_ (net)
                      0.172311    0.000167    2.299079 v _085_/C (sky130_fd_sc_hd__or3_1)
     3    0.009054    0.200231    0.843549    3.142628 v _085_/X (sky130_fd_sc_hd__or3_1)
                                                         _029_ (net)
                      0.200231    0.000157    3.142785 v _086_/B (sky130_fd_sc_hd__nor2_2)
     2    0.010670    0.226392    0.270382    3.413166 ^ _086_/Y (sky130_fd_sc_hd__nor2_2)
                                                         _030_ (net)
                      0.226392    0.000130    3.413296 ^ _104_/A_N (sky130_fd_sc_hd__and2b_1)
     2    0.005816    0.090223    0.449175    3.862471 v _104_/X (sky130_fd_sc_hd__and2b_1)
                                                         _048_ (net)
                      0.090223    0.000148    3.862619 v _105_/B1 (sky130_fd_sc_hd__o221a_1)
     1    0.008975    0.149646    0.502548    4.365167 v _105_/X (sky130_fd_sc_hd__o221a_1)
                                                         _049_ (net)
                      0.149646    0.000261    4.365427 v _107_/B1 (sky130_fd_sc_hd__o22ai_4)
     8    0.022317    0.369741    0.357679    4.723106 ^ _107_/Y (sky130_fd_sc_hd__o22ai_4)
                                                         _051_ (net)
                      0.369742    0.001376    4.724482 ^ _110_/B (sky130_fd_sc_hd__and3_1)
     1    0.002419    0.083806    0.387639    5.112121 ^ _110_/X (sky130_fd_sc_hd__and3_1)
                                                         _001_ (net)
                      0.083806    0.000071    5.112193 ^ _148_/D (sky130_fd_sc_hd__dfrtp_2)
                                              5.112193   data arrival time

                                  5.000000    5.000000   clock clk (rise edge)
                                  0.000000    5.000000   clock source latency
     1    0.011156    0.089032    0.058160    5.058160 ^ clk (in)
                                                         clk (net)
                      0.089032    0.000000    5.058160 ^ clkbuf_0_clk/A (sky130_fd_sc_hd__clkbuf_16)
     2    0.019914    0.067321    0.230080    5.288240 ^ clkbuf_0_clk/X (sky130_fd_sc_hd__clkbuf_16)
                                                         clknet_0_clk (net)
                      0.067336    0.000363    5.288603 ^ clkbuf_1_0__f_clk/A (sky130_fd_sc_hd__clkbuf_16)
     5    0.014203    0.060212    0.212104    5.500707 ^ clkbuf_1_0__f_clk/X (sky130_fd_sc_hd__clkbuf_16)
                                                         clknet_1_0__leaf_clk (net)
                      0.060212    0.000248    5.500955 ^ _148_/CLK (sky130_fd_sc_hd__dfrtp_2)
                                 -0.250000    5.250955   clock uncertainty
                                  0.000000    5.250955   clock reconvergence pessimism
                                 -0.143655    5.107300   library setup time
                                              5.107300   data required time
---------------------------------------------------------------------------------------------
                                              5.107300   data required time
                                             -5.112193   data arrival time
---------------------------------------------------------------------------------------------
                                             -0.004893   slack (VIOLATED)


Startpoint: psc[2] (input port clocked by clk)
Endpoint: _152_ (rising edge-triggered flip-flop clocked by clk)
Path Group: clk
Path Type: max

Fanout         Cap        Slew       Delay        Time   Description
---------------------------------------------------------------------------------------------
                                  0.000000    0.000000   clock clk (rise edge)
                                  0.000000    0.000000   clock network delay (propagated)
                                  1.000000    1.000000 v input external delay
     1    0.002608    0.017732    0.008631    1.008631 v psc[2] (in)
                                                         psc[2] (net)
                      0.017732    0.000000    1.008631 v input3/A (sky130_fd_sc_hd__buf_1)
     4    0.012345    0.148872    0.217207    1.225839 v input3/X (sky130_fd_sc_hd__buf_1)
                                                         net3 (net)
                      0.148872    0.000215    1.226053 v _084_/B (sky130_fd_sc_hd__or4_4)
     3    0.009537    0.172311    1.072859    2.298913 v _084_/X (sky130_fd_sc_hd__or4_4)
                                                         _028_ (net)
                      0.172311    0.000167    2.299079 v _085_/C (sky130_fd_sc_hd__or3_1)
     3    0.009054    0.200231    0.843549    3.142628 v _085_/X (sky130_fd_sc_hd__or3_1)
                                                         _029_ (net)
                      0.200231    0.000157    3.142785 v _086_/B (sky130_fd_sc_hd__nor2_2)
     2    0.010670    0.226392    0.270382    3.413166 ^ _086_/Y (sky130_fd_sc_hd__nor2_2)
                                                         _030_ (net)
                      0.226392    0.000130    3.413296 ^ _104_/A_N (sky130_fd_sc_hd__and2b_1)
     2    0.005816    0.090223    0.449175    3.862471 v _104_/X (sky130_fd_sc_hd__and2b_1)
                                                         _048_ (net)
                      0.090223    0.000148    3.862619 v _105_/B1 (sky130_fd_sc_hd__o221a_1)
     1    0.008975    0.149646    0.502548    4.365167 v _105_/X (sky130_fd_sc_hd__o221a_1)
                                                         _049_ (net)
                      0.149646    0.000261    4.365427 v _107_/B1 (sky130_fd_sc_hd__o22ai_4)
     8    0.022317    0.369741    0.357679    4.723106 ^ _107_/Y (sky130_fd_sc_hd__o22ai_4)
                                                         _051_ (net)
                      0.369741    0.001023    4.724129 ^ _123_/A (sky130_fd_sc_hd__and3_1)
     1    0.002443    0.084416    0.382796    5.106925 ^ _123_/X (sky130_fd_sc_hd__and3_1)
                                                         _005_ (net)
                      0.084416    0.000069    5.106994 ^ _152_/D (sky130_fd_sc_hd__dfrtp_1)
                                              5.106994   data arrival time

                                  5.000000    5.000000   clock clk (rise edge)
                                  0.000000    5.000000   clock source latency
     1    0.011156    0.089032    0.058160    5.058160 ^ clk (in)
                                                         clk (net)
                      0.089032    0.000000    5.058160 ^ clkbuf_0_clk/A (sky130_fd_sc_hd__clkbuf_16)
     2    0.019914    0.067321    0.230080    5.288240 ^ clkbuf_0_clk/X (sky130_fd_sc_hd__clkbuf_16)
                                                         clknet_0_clk (net)
                      0.067337    0.000441    5.288681 ^ clkbuf_1_1__f_clk/A (sky130_fd_sc_hd__clkbuf_16)
     5    0.013715    0.059601    0.211413    5.500094 ^ clkbuf_1_1__f_clk/X (sky130_fd_sc_hd__clkbuf_16)
                                                         clknet_1_1__leaf_clk (net)
                      0.059601    0.000403    5.500497 ^ _152_/CLK (sky130_fd_sc_hd__dfrtp_1)
                                 -0.250000    5.250497   clock uncertainty
                                  0.000000    5.250497   clock reconvergence pessimism
                                 -0.138478    5.112019   library setup time
                                              5.112019   data required time
---------------------------------------------------------------------------------------------
                                              5.112019   data required time
                                             -5.106994   data arrival time
---------------------------------------------------------------------------------------------
                                              0.005025   slack (MET)


Startpoint: psc[2] (input port clocked by clk)
Endpoint: _150_ (rising edge-triggered flip-flop clocked by clk)
Path Group: clk
Path Type: max

Fanout         Cap        Slew       Delay        Time   Description
---------------------------------------------------------------------------------------------
                                  0.000000    0.000000   clock clk (rise edge)
                                  0.000000    0.000000   clock network delay (propagated)
                                  1.000000    1.000000 v input external delay
     1    0.002608    0.017732    0.008631    1.008631 v psc[2] (in)
                                                         psc[2] (net)
                      0.017732    0.000000    1.008631 v input3/A (sky130_fd_sc_hd__buf_1)
     4    0.012345    0.148872    0.217207    1.225839 v input3/X (sky130_fd_sc_hd__buf_1)
                                                         net3 (net)
                      0.148872    0.000215    1.226053 v _084_/B (sky130_fd_sc_hd__or4_4)
     3    0.009537    0.172311    1.072859    2.298913 v _084_/X (sky130_fd_sc_hd__or4_4)
                                                         _028_ (net)
                      0.172311    0.000167    2.299079 v _085_/C (sky130_fd_sc_hd__or3_1)
     3    0.009054    0.200231    0.843549    3.142628 v _085_/X (sky130_fd_sc_hd__or3_1)
                                                         _029_ (net)
                      0.200231    0.000157    3.142785 v _086_/B (sky130_fd_sc_hd__nor2_2)
     2    0.010670    0.226392    0.270382    3.413166 ^ _086_/Y (sky130_fd_sc_hd__nor2_2)
                                                         _030_ (net)
                      0.226392    0.000130    3.413296 ^ _104_/A_N (sky130_fd_sc_hd__and2b_1)
     2    0.005816    0.090223    0.449175    3.862471 v _104_/X (sky130_fd_sc_hd__and2b_1)
                                                         _048_ (net)
                      0.090223    0.000148    3.862619 v _105_/B1 (sky130_fd_sc_hd__o221a_1)
     1    0.008975    0.149646    0.502548    4.365167 v _105_/X (sky130_fd_sc_hd__o221a_1)
                                                         _049_ (net)
                      0.149646    0.000261    4.365427 v _107_/B1 (sky130_fd_sc_hd__o22ai_4)
     8    0.022317    0.369741    0.357679    4.723106 ^ _107_/Y (sky130_fd_sc_hd__o22ai_4)
                                                         _051_ (net)
                      0.369742    0.001331    4.724437 ^ _116_/A (sky130_fd_sc_hd__and3_1)
     1    0.002184    0.081279    0.378936    5.103374 ^ _116_/X (sky130_fd_sc_hd__and3_1)
                                                         _003_ (net)
                      0.081279    0.000043    5.103417 ^ _150_/D (sky130_fd_sc_hd__dfrtp_1)
                                              5.103417   data arrival time

                                  5.000000    5.000000   clock clk (rise edge)
                                  0.000000    5.000000   clock source latency
     1    0.011156    0.089032    0.058160    5.058160 ^ clk (in)
                                                         clk (net)
                      0.089032    0.000000    5.058160 ^ clkbuf_0_clk/A (sky130_fd_sc_hd__clkbuf_16)
     2    0.019914    0.067321    0.230080    5.288240 ^ clkbuf_0_clk/X (sky130_fd_sc_hd__clkbuf_16)
                                                         clknet_0_clk (net)
                      0.067336    0.000363    5.288603 ^ clkbuf_1_0__f_clk/A (sky130_fd_sc_hd__clkbuf_16)
     5    0.014203    0.060212    0.212104    5.500707 ^ clkbuf_1_0__f_clk/X (sky130_fd_sc_hd__clkbuf_16)
                                                         clknet_1_0__leaf_clk (net)
                      0.060212    0.000494    5.501201 ^ _150_/CLK (sky130_fd_sc_hd__dfrtp_1)
                                 -0.250000    5.251201   clock uncertainty
                                  0.000000    5.251201   clock reconvergence pessimism
                                 -0.137580    5.113621   library setup time
                                              5.113621   data required time
---------------------------------------------------------------------------------------------
                                              5.113621   data required time
                                             -5.103417   data arrival time
---------------------------------------------------------------------------------------------
                                              0.010204   slack (MET)


Startpoint: psc[2] (input port clocked by clk)
Endpoint: _149_ (rising edge-triggered flip-flop clocked by clk)
Path Group: clk
Path Type: max

Fanout         Cap        Slew       Delay        Time   Description
---------------------------------------------------------------------------------------------
                                  0.000000    0.000000   clock clk (rise edge)
                                  0.000000    0.000000   clock network delay (propagated)
                                  1.000000    1.000000 v input external delay
     1    0.002608    0.017732    0.008631    1.008631 v psc[2] (in)
                                                         psc[2] (net)
                      0.017732    0.000000    1.008631 v input3/A (sky130_fd_sc_hd__buf_1)
     4    0.012345    0.148872    0.217207    1.225839 v input3/X (sky130_fd_sc_hd__buf_1)
                                                         net3 (net)
                      0.148872    0.000215    1.226053 v _084_/B (sky130_fd_sc_hd__or4_4)
     3    0.009537    0.172311    1.072859    2.298913 v _084_/X (sky130_fd_sc_hd__or4_4)
                                                         _028_ (net)
                      0.172311    0.000167    2.299079 v _085_/C (sky130_fd_sc_hd__or3_1)
     3    0.009054    0.200231    0.843549    3.142628 v _085_/X (sky130_fd_sc_hd__or3_1)
                                                         _029_ (net)
                      0.200231    0.000157    3.142785 v _086_/B (sky130_fd_sc_hd__nor2_2)
     2    0.010670    0.226392    0.270382    3.413166 ^ _086_/Y (sky130_fd_sc_hd__nor2_2)
                                                         _030_ (net)
                      0.226392    0.000130    3.413296 ^ _104_/A_N (sky130_fd_sc_hd__and2b_1)
     2    0.005816    0.090223    0.449175    3.862471 v _104_/X (sky130_fd_sc_hd__and2b_1)
                                                         _048_ (net)
                      0.090223    0.000148    3.862619 v _105_/B1 (sky130_fd_sc_hd__o221a_1)
     1    0.008975    0.149646    0.502548    4.365167 v _105_/X (sky130_fd_sc_hd__o221a_1)
                                                         _049_ (net)
                      0.149646    0.000261    4.365427 v _107_/B1 (sky130_fd_sc_hd__o22ai_4)
     8    0.022317    0.369741    0.357679    4.723106 ^ _107_/Y (sky130_fd_sc_hd__o22ai_4)
                                                         _051_ (net)
                      0.369742    0.001415    4.724521 ^ _112_/A (sky130_fd_sc_hd__and2_1)
     1    0.002316    0.076420    0.324620    5.049141 ^ _112_/X (sky130_fd_sc_hd__and2_1)
                                                         _002_ (net)
                      0.076420    0.000065    5.049206 ^ _149_/D (sky130_fd_sc_hd__dfrtp_2)
                                              5.049206   data arrival time

                                  5.000000    5.000000   clock clk (rise edge)
                                  0.000000    5.000000   clock source latency
     1    0.011156    0.089032    0.058160    5.058160 ^ clk (in)
                                                         clk (net)
                      0.089032    0.000000    5.058160 ^ clkbuf_0_clk/A (sky130_fd_sc_hd__clkbuf_16)
     2    0.019914    0.067321    0.230080    5.288240 ^ clkbuf_0_clk/X (sky130_fd_sc_hd__clkbuf_16)
                                                         clknet_0_clk (net)
                      0.067336    0.000363    5.288603 ^ clkbuf_1_0__f_clk/A (sky130_fd_sc_hd__clkbuf_16)
     5    0.014203    0.060212    0.212104    5.500707 ^ clkbuf_1_0__f_clk/X (sky130_fd_sc_hd__clkbuf_16)
                                                         clknet_1_0__leaf_clk (net)
                      0.060212    0.000257    5.500964 ^ _149_/CLK (sky130_fd_sc_hd__dfrtp_2)
                                 -0.250000    5.250964   clock uncertainty
                                  0.000000    5.250964   clock reconvergence pessimism
                                 -0.141787    5.109177   library setup time
                                              5.109177   data required time
---------------------------------------------------------------------------------------------
                                              5.109177   data required time
                                             -5.049206   data arrival time
---------------------------------------------------------------------------------------------
                                              0.059971   slack (MET)


Startpoint: psc[2] (input port clocked by clk)
Endpoint: _154_ (rising edge-triggered flip-flop clocked by clk)
Path Group: clk
Path Type: max

Fanout         Cap        Slew       Delay        Time   Description
---------------------------------------------------------------------------------------------
                                  0.000000    0.000000   clock clk (rise edge)
                                  0.000000    0.000000   clock network delay (propagated)
                                  1.000000    1.000000 v input external delay
     1    0.002608    0.017732    0.008631    1.008631 v psc[2] (in)
                                                         psc[2] (net)
                      0.017732    0.000000    1.008631 v input3/A (sky130_fd_sc_hd__buf_1)
     4    0.012345    0.148872    0.217207    1.225839 v input3/X (sky130_fd_sc_hd__buf_1)
                                                         net3 (net)
                      0.148872    0.000215    1.226053 v _084_/B (sky130_fd_sc_hd__or4_4)
     3    0.009537    0.172311    1.072859    2.298913 v _084_/X (sky130_fd_sc_hd__or4_4)
                                                         _028_ (net)
                      0.172311    0.000167    2.299079 v _085_/C (sky130_fd_sc_hd__or3_1)
     3    0.009054    0.200231    0.843549    3.142628 v _085_/X (sky130_fd_sc_hd__or3_1)
                                                         _029_ (net)
                      0.200231    0.000157    3.142785 v _086_/B (sky130_fd_sc_hd__nor2_2)
     2    0.010670    0.226392    0.270382    3.413166 ^ _086_/Y (sky130_fd_sc_hd__nor2_2)
                                                         _030_ (net)
                      0.226392    0.000130    3.413296 ^ _104_/A_N (sky130_fd_sc_hd__and2b_1)
     2    0.005816    0.090223    0.449175    3.862471 v _104_/X (sky130_fd_sc_hd__and2b_1)
                                                         _048_ (net)
                      0.090223    0.000148    3.862619 v _105_/B1 (sky130_fd_sc_hd__o221a_1)
     1    0.008975    0.149646    0.502548    4.365167 v _105_/X (sky130_fd_sc_hd__o221a_1)
                                                         _049_ (net)
                      0.149646    0.000261    4.365427 v _107_/B1 (sky130_fd_sc_hd__o22ai_4)
     8    0.022317    0.369741    0.357679    4.723106 ^ _107_/Y (sky130_fd_sc_hd__o22ai_4)
                                                         _051_ (net)
                      0.369741    0.000580    4.723687 ^ _128_/A (sky130_fd_sc_hd__and2_1)
     1    0.002131    0.074159    0.322235    5.045921 ^ _128_/X (sky130_fd_sc_hd__and2_1)
                                                         _007_ (net)
                      0.074159    0.000061    5.045982 ^ _154_/D (sky130_fd_sc_hd__dfrtp_2)
                                              5.045982   data arrival time

                                  5.000000    5.000000   clock clk (rise edge)
                                  0.000000    5.000000   clock source latency
     1    0.011156    0.089032    0.058160    5.058160 ^ clk (in)
                                                         clk (net)
                      0.089032    0.000000    5.058160 ^ clkbuf_0_clk/A (sky130_fd_sc_hd__clkbuf_16)
     2    0.019914    0.067321    0.230080    5.288240 ^ clkbuf_0_clk/X (sky130_fd_sc_hd__clkbuf_16)
                                                         clknet_0_clk (net)
                      0.067337    0.000441    5.288681 ^ clkbuf_1_1__f_clk/A (sky130_fd_sc_hd__clkbuf_16)
     5    0.013715    0.059601    0.211413    5.500094 ^ clkbuf_1_1__f_clk/X (sky130_fd_sc_hd__clkbuf_16)
                                                         clknet_1_1__leaf_clk (net)
                      0.059601    0.000305    5.500399 ^ _154_/CLK (sky130_fd_sc_hd__dfrtp_2)
                                 -0.250000    5.250399   clock uncertainty
                                  0.000000    5.250399   clock reconvergence pessimism
                                 -0.141323    5.109076   library setup time
                                              5.109076   data required time
---------------------------------------------------------------------------------------------
                                              5.109076   data required time
                                             -5.045982   data arrival time
---------------------------------------------------------------------------------------------
                                              0.063094   slack (MET)


Startpoint: psc[2] (input port clocked by clk)
Endpoint: _147_ (rising edge-triggered flip-flop clocked by clk)
Path Group: clk
Path Type: max

Fanout         Cap        Slew       Delay        Time   Description
---------------------------------------------------------------------------------------------
                                  0.000000    0.000000   clock clk (rise edge)
                                  0.000000    0.000000   clock network delay (propagated)
                                  1.000000    1.000000 v input external delay
     1    0.002608    0.017732    0.008631    1.008631 v psc[2] (in)
                                                         psc[2] (net)
                      0.017732    0.000000    1.008631 v input3/A (sky130_fd_sc_hd__buf_1)
     4    0.012345    0.148872    0.217207    1.225839 v input3/X (sky130_fd_sc_hd__buf_1)
                                                         net3 (net)
                      0.148872    0.000215    1.226053 v _084_/B (sky130_fd_sc_hd__or4_4)
     3    0.009537    0.172311    1.072859    2.298913 v _084_/X (sky130_fd_sc_hd__or4_4)
                                                         _028_ (net)
                      0.172311    0.000167    2.299079 v _085_/C (sky130_fd_sc_hd__or3_1)
     3    0.009054    0.200231    0.843549    3.142628 v _085_/X (sky130_fd_sc_hd__or3_1)
                                                         _029_ (net)
                      0.200231    0.000157    3.142785 v _086_/B (sky130_fd_sc_hd__nor2_2)
     2    0.010670    0.226392    0.270382    3.413166 ^ _086_/Y (sky130_fd_sc_hd__nor2_2)
                                                         _030_ (net)
                      0.226392    0.000130    3.413296 ^ _104_/A_N (sky130_fd_sc_hd__and2b_1)
     2    0.005816    0.090223    0.449175    3.862471 v _104_/X (sky130_fd_sc_hd__and2b_1)
                                                         _048_ (net)
                      0.090223    0.000148    3.862619 v _105_/B1 (sky130_fd_sc_hd__o221a_1)
     1    0.008975    0.149646    0.502548    4.365167 v _105_/X (sky130_fd_sc_hd__o221a_1)
                                                         _049_ (net)
                      0.149646    0.000261    4.365427 v _107_/B1 (sky130_fd_sc_hd__o22ai_4)
     8    0.022317    0.369741    0.357679    4.723106 ^ _107_/Y (sky130_fd_sc_hd__o22ai_4)
                                                         _051_ (net)
                      0.369742    0.001311    4.724417 ^ _108_/B (sky130_fd_sc_hd__and2b_1)
     1    0.002197    0.066713    0.316695    5.041112 ^ _108_/X (sky130_fd_sc_hd__and2b_1)
                                                         _000_ (net)
                      0.066713    0.000062    5.041174 ^ _147_/D (sky130_fd_sc_hd__dfrtp_2)
                                              5.041174   data arrival time

                                  5.000000    5.000000   clock clk (rise edge)
                                  0.000000    5.000000   clock source latency
     1    0.011156    0.089032    0.058160    5.058160 ^ clk (in)
                                                         clk (net)
                      0.089032    0.000000    5.058160 ^ clkbuf_0_clk/A (sky130_fd_sc_hd__clkbuf_16)
     2    0.019914    0.067321    0.230080    5.288240 ^ clkbuf_0_clk/X (sky130_fd_sc_hd__clkbuf_16)
                                                         clknet_0_clk (net)
                      0.067336    0.000363    5.288603 ^ clkbuf_1_0__f_clk/A (sky130_fd_sc_hd__clkbuf_16)
     5    0.014203    0.060212    0.212104    5.500707 ^ clkbuf_1_0__f_clk/X (sky130_fd_sc_hd__clkbuf_16)
                                                         clknet_1_0__leaf_clk (net)
                      0.060212    0.000334    5.501040 ^ _147_/CLK (sky130_fd_sc_hd__dfrtp_2)
                                 -0.250000    5.251040   clock uncertainty
                                  0.000000    5.251040   clock reconvergence pessimism
                                 -0.139331    5.111710   library setup time
                                              5.111710   data required time
---------------------------------------------------------------------------------------------
                                              5.111710   data required time
                                             -5.041174   data arrival time
---------------------------------------------------------------------------------------------
                                              0.070536   slack (MET)


Startpoint: psc[1] (input port clocked by clk)
Endpoint: _146_ (rising edge-triggered flip-flop clocked by clk)
Path Group: clk
Path Type: max

Fanout         Cap        Slew       Delay        Time   Description
---------------------------------------------------------------------------------------------
                                  0.000000    0.000000   clock clk (rise edge)
                                  0.000000    0.000000   clock network delay (propagated)
                                  1.000000    1.000000 ^ input external delay
     1    0.002284    0.028850    0.013071    1.013071 ^ psc[1] (in)
                                                         psc[1] (net)
                      0.028850    0.000000    1.013071 ^ input2/A (sky130_fd_sc_hd__dlymetal6s2s_1)
     6    0.019558    0.321618    0.324003    1.337073 ^ input2/X (sky130_fd_sc_hd__dlymetal6s2s_1)
                                                         net2 (net)
                      0.321619    0.000473    1.337547 ^ _079_/A (sky130_fd_sc_hd__inv_2)
     1    0.002560    0.059483    0.114025    1.451571 v _079_/Y (sky130_fd_sc_hd__inv_2)
                                                         _024_ (net)
                      0.059483    0.000073    1.451644 v _131_/A1 (sky130_fd_sc_hd__o22a_1)
     1    0.002768    0.082831    0.371196    1.822840 v _131_/X (sky130_fd_sc_hd__o22a_1)
                                                         _067_ (net)
                      0.082831    0.000058    1.822898 v _132_/C1 (sky130_fd_sc_hd__a221o_1)
     1    0.002516    0.088865    0.487286    2.310184 v _132_/X (sky130_fd_sc_hd__a221o_1)
                                                         _068_ (net)
                      0.088865    0.000050    2.310234 v _133_/C1 (sky130_fd_sc_hd__o221a_1)
     1    0.002956    0.092938    0.224538    2.534772 v _133_/X (sky130_fd_sc_hd__o221a_1)
                                                         _069_ (net)
                      0.092938    0.000063    2.534836 v _135_/B1 (sky130_fd_sc_hd__o221a_1)
     1    0.002771    0.090922    0.430896    2.965731 v _135_/X (sky130_fd_sc_hd__o221a_1)
                                                         _071_ (net)
                      0.090922    0.000080    2.965811 v _136_/C1 (sky130_fd_sc_hd__a221o_1)
     1    0.002901    0.092698    0.496083    3.461894 v _136_/X (sky130_fd_sc_hd__a221o_1)
                                                         _072_ (net)
                      0.092698    0.000061    3.461955 v _137_/A2 (sky130_fd_sc_hd__a21oi_1)
     1    0.002748    0.165731    0.233932    3.695887 ^ _137_/Y (sky130_fd_sc_hd__a21oi_1)
                                                         _008_ (net)
                      0.165731    0.000083    3.695970 ^ _146_/D (sky130_fd_sc_hd__dfrtp_1)
                                              3.695970   data arrival time

                                  5.000000    5.000000   clock clk (rise edge)
                                  0.000000    5.000000   clock source latency
     1    0.011156    0.089032    0.058160    5.058160 ^ clk (in)
                                                         clk (net)
                      0.089032    0.000000    5.058160 ^ clkbuf_0_clk/A (sky130_fd_sc_hd__clkbuf_16)
     2    0.019914    0.067321    0.230080    5.288240 ^ clkbuf_0_clk/X (sky130_fd_sc_hd__clkbuf_16)
                                                         clknet_0_clk (net)
                      0.067337    0.000441    5.288681 ^ clkbuf_1_1__f_clk/A (sky130_fd_sc_hd__clkbuf_16)
     5    0.013715    0.059601    0.211413    5.500094 ^ clkbuf_1_1__f_clk/X (sky130_fd_sc_hd__clkbuf_16)
                                                         clknet_1_1__leaf_clk (net)
                      0.059601    0.000326    5.500420 ^ _146_/CLK (sky130_fd_sc_hd__dfrtp_1)
                                 -0.250000    5.250420   clock uncertainty
                                  0.000000    5.250420   clock reconvergence pessimism
                                 -0.158991    5.091429   library setup time
                                              5.091429   data required time
---------------------------------------------------------------------------------------------
                                              5.091429   data required time
                                             -3.695970   data arrival time
---------------------------------------------------------------------------------------------
                                              1.395459   slack (MET)


Startpoint: _146_ (rising edge-triggered flip-flop clocked by clk)
Endpoint: out (output port clocked by clk)
Path Group: clk
Path Type: max

Fanout         Cap        Slew       Delay        Time   Description
---------------------------------------------------------------------------------------------
                                  0.000000    0.000000   clock clk (rise edge)
                                  0.000000    0.000000   clock source latency
     1    0.011156    0.089032    0.058160    0.058160 ^ clk (in)
                                                         clk (net)
                      0.089032    0.000000    0.058160 ^ clkbuf_0_clk/A (sky130_fd_sc_hd__clkbuf_16)
     2    0.019914    0.067321    0.230080    0.288240 ^ clkbuf_0_clk/X (sky130_fd_sc_hd__clkbuf_16)
                                                         clknet_0_clk (net)
                      0.067337    0.000441    0.288681 ^ clkbuf_1_1__f_clk/A (sky130_fd_sc_hd__clkbuf_16)
     5    0.013715    0.059601    0.211413    0.500094 ^ clkbuf_1_1__f_clk/X (sky130_fd_sc_hd__clkbuf_16)
                                                         clknet_1_1__leaf_clk (net)
                      0.059601    0.000326    0.500420 ^ _146_/CLK (sky130_fd_sc_hd__dfrtp_1)
     1    0.002546    0.072525    0.721528    1.221947 v _146_/Q (sky130_fd_sc_hd__dfrtp_1)
                                                         net10 (net)
                      0.072525    0.000071    1.222018 v output10/A (sky130_fd_sc_hd__buf_2)
     1    0.034826    0.168136    0.347445    1.569463 v output10/X (sky130_fd_sc_hd__buf_2)
                                                         out (net)
                      0.168137    0.000762    1.570226 v out (out)
                                              1.570226   data arrival time

                                  5.000000    5.000000   clock clk (rise edge)
                                  0.000000    5.000000   clock network delay (propagated)
                                 -0.250000    4.750000   clock uncertainty
                                  0.000000    4.750000   clock reconvergence pessimism
                                 -1.000000    3.750000   output external delay
                                              3.750000   data required time
---------------------------------------------------------------------------------------------
                                              3.750000   data required time
                                             -1.570226   data arrival time
---------------------------------------------------------------------------------------------
                                              2.179775   slack (MET)


Startpoint: rst (input port clocked by clk)
Endpoint: _154_ (recovery check against rising-edge clock clk)
Path Group: asynchronous
Path Type: max

Fanout         Cap        Slew       Delay        Time   Description
---------------------------------------------------------------------------------------------
                                  0.000000    0.000000   clock clk (rise edge)
                                  0.000000    0.000000   clock network delay (propagated)
                                  1.000000    1.000000 v input external delay
     1    0.002148    0.015993    0.007179    1.007179 v rst (in)
                                                         rst (net)
                      0.015993    0.000000    1.007179 v hold1/A (sky130_fd_sc_hd__dlygate4sd3_1)
     1    0.002703    0.105057    1.099528    2.106707 v hold1/X (sky130_fd_sc_hd__dlygate4sd3_1)
                                                         net11 (net)
                      0.105057    0.000076    2.106783 v input9/A (sky130_fd_sc_hd__clkbuf_4)
     9    0.049612    0.187826    0.379669    2.486452 v input9/X (sky130_fd_sc_hd__clkbuf_4)
                                                         net9 (net)
                      0.187831    0.001287    2.487739 v _145_/A (sky130_fd_sc_hd__inv_2)
     1    0.003938    0.064644    0.117154    2.604893 ^ _145_/Y (sky130_fd_sc_hd__inv_2)
                                                         _017_ (net)
                      0.064644    0.000087    2.604980 ^ _154_/RESET_B (sky130_fd_sc_hd__dfrtp_2)
                                              2.604980   data arrival time

                                  5.000000    5.000000   clock clk (rise edge)
                                  0.000000    5.000000   clock source latency
     1    0.011156    0.089032    0.058160    5.058160 ^ clk (in)
                                                         clk (net)
                      0.089032    0.000000    5.058160 ^ clkbuf_0_clk/A (sky130_fd_sc_hd__clkbuf_16)
     2    0.019914    0.067321    0.230080    5.288240 ^ clkbuf_0_clk/X (sky130_fd_sc_hd__clkbuf_16)
                                                         clknet_0_clk (net)
                      0.067337    0.000441    5.288681 ^ clkbuf_1_1__f_clk/A (sky130_fd_sc_hd__clkbuf_16)
     5    0.013715    0.059601    0.211413    5.500094 ^ clkbuf_1_1__f_clk/X (sky130_fd_sc_hd__clkbuf_16)
                                                         clknet_1_1__leaf_clk (net)
                      0.059601    0.000305    5.500399 ^ _154_/CLK (sky130_fd_sc_hd__dfrtp_2)
                                 -0.250000    5.250399   clock uncertainty
                                  0.000000    5.250399   clock reconvergence pessimism
                                  0.443374    5.693774   library recovery time
                                              5.693774   data required time
---------------------------------------------------------------------------------------------
                                              5.693774   data required time
                                             -2.604980   data arrival time
---------------------------------------------------------------------------------------------
                                              3.088794   slack (MET)


Startpoint: rst (input port clocked by clk)
Endpoint: _147_ (recovery check against rising-edge clock clk)
Path Group: asynchronous
Path Type: max

Fanout         Cap        Slew       Delay        Time   Description
---------------------------------------------------------------------------------------------
                                  0.000000    0.000000   clock clk (rise edge)
                                  0.000000    0.000000   clock network delay (propagated)
                                  1.000000    1.000000 v input external delay
     1    0.002148    0.015993    0.007179    1.007179 v rst (in)
                                                         rst (net)
                      0.015993    0.000000    1.007179 v hold1/A (sky130_fd_sc_hd__dlygate4sd3_1)
     1    0.002703    0.105057    1.099528    2.106707 v hold1/X (sky130_fd_sc_hd__dlygate4sd3_1)
                                                         net11 (net)
                      0.105057    0.000076    2.106783 v input9/A (sky130_fd_sc_hd__clkbuf_4)
     9    0.049612    0.187826    0.379669    2.486452 v input9/X (sky130_fd_sc_hd__clkbuf_4)
                                                         net9 (net)
                      0.187849    0.002143    2.488595 v _138_/A (sky130_fd_sc_hd__inv_2)
     1    0.003751    0.063536    0.115605    2.604199 ^ _138_/Y (sky130_fd_sc_hd__inv_2)
                                                         _010_ (net)
                      0.063536    0.000044    2.604244 ^ _147_/RESET_B (sky130_fd_sc_hd__dfrtp_2)
                                              2.604244   data arrival time

                                  5.000000    5.000000   clock clk (rise edge)
                                  0.000000    5.000000   clock source latency
     1    0.011156    0.089032    0.058160    5.058160 ^ clk (in)
                                                         clk (net)
                      0.089032    0.000000    5.058160 ^ clkbuf_0_clk/A (sky130_fd_sc_hd__clkbuf_16)
     2    0.019914    0.067321    0.230080    5.288240 ^ clkbuf_0_clk/X (sky130_fd_sc_hd__clkbuf_16)
                                                         clknet_0_clk (net)
                      0.067336    0.000363    5.288603 ^ clkbuf_1_0__f_clk/A (sky130_fd_sc_hd__clkbuf_16)
     5    0.014203    0.060212    0.212104    5.500707 ^ clkbuf_1_0__f_clk/X (sky130_fd_sc_hd__clkbuf_16)
                                                         clknet_1_0__leaf_clk (net)
                      0.060212    0.000334    5.501040 ^ _147_/CLK (sky130_fd_sc_hd__dfrtp_2)
                                 -0.250000    5.251040   clock uncertainty
                                  0.000000    5.251040   clock reconvergence pessimism
                                  0.444052    5.695093   library recovery time
                                              5.695093   data required time
---------------------------------------------------------------------------------------------
                                              5.695093   data required time
                                             -2.604244   data arrival time
---------------------------------------------------------------------------------------------
                                              3.090849   slack (MET)


Startpoint: rst (input port clocked by clk)
Endpoint: _149_ (recovery check against rising-edge clock clk)
Path Group: asynchronous
Path Type: max

Fanout         Cap        Slew       Delay        Time   Description
---------------------------------------------------------------------------------------------
                                  0.000000    0.000000   clock clk (rise edge)
                                  0.000000    0.000000   clock network delay (propagated)
                                  1.000000    1.000000 v input external delay
     1    0.002148    0.015993    0.007179    1.007179 v rst (in)
                                                         rst (net)
                      0.015993    0.000000    1.007179 v hold1/A (sky130_fd_sc_hd__dlygate4sd3_1)
     1    0.002703    0.105057    1.099528    2.106707 v hold1/X (sky130_fd_sc_hd__dlygate4sd3_1)
                                                         net11 (net)
                      0.105057    0.000076    2.106783 v input9/A (sky130_fd_sc_hd__clkbuf_4)
     9    0.049612    0.187826    0.379669    2.486452 v input9/X (sky130_fd_sc_hd__clkbuf_4)
                                                         net9 (net)
                      0.187853    0.002285    2.488737 v _140_/A (sky130_fd_sc_hd__inv_2)
     1    0.003719    0.063349    0.115332    2.604069 ^ _140_/Y (sky130_fd_sc_hd__inv_2)
                                                         _012_ (net)
                      0.063349    0.000043    2.604112 ^ _149_/RESET_B (sky130_fd_sc_hd__dfrtp_2)
                                              2.604112   data arrival time

                                  5.000000    5.000000   clock clk (rise edge)
                                  0.000000    5.000000   clock source latency
     1    0.011156    0.089032    0.058160    5.058160 ^ clk (in)
                                                         clk (net)
                      0.089032    0.000000    5.058160 ^ clkbuf_0_clk/A (sky130_fd_sc_hd__clkbuf_16)
     2    0.019914    0.067321    0.230080    5.288240 ^ clkbuf_0_clk/X (sky130_fd_sc_hd__clkbuf_16)
                                                         clknet_0_clk (net)
                      0.067336    0.000363    5.288603 ^ clkbuf_1_0__f_clk/A (sky130_fd_sc_hd__clkbuf_16)
     5    0.014203    0.060212    0.212104    5.500707 ^ clkbuf_1_0__f_clk/X (sky130_fd_sc_hd__clkbuf_16)
                                                         clknet_1_0__leaf_clk (net)
                      0.060212    0.000257    5.500964 ^ _149_/CLK (sky130_fd_sc_hd__dfrtp_2)
                                 -0.250000    5.250964   clock uncertainty
                                  0.000000    5.250964   clock reconvergence pessimism
                                  0.444132    5.695096   library recovery time
                                              5.695096   data required time
---------------------------------------------------------------------------------------------
                                              5.695096   data required time
                                             -2.604112   data arrival time
---------------------------------------------------------------------------------------------
                                              3.090984   slack (MET)


Startpoint: rst (input port clocked by clk)
Endpoint: _151_ (recovery check against rising-edge clock clk)
Path Group: asynchronous
Path Type: max

Fanout         Cap        Slew       Delay        Time   Description
---------------------------------------------------------------------------------------------
                                  0.000000    0.000000   clock clk (rise edge)
                                  0.000000    0.000000   clock network delay (propagated)
                                  1.000000    1.000000 v input external delay
     1    0.002148    0.015993    0.007179    1.007179 v rst (in)
                                                         rst (net)
                      0.015993    0.000000    1.007179 v hold1/A (sky130_fd_sc_hd__dlygate4sd3_1)
     1    0.002703    0.105057    1.099528    2.106707 v hold1/X (sky130_fd_sc_hd__dlygate4sd3_1)
                                                         net11 (net)
                      0.105057    0.000076    2.106783 v input9/A (sky130_fd_sc_hd__clkbuf_4)
     9    0.049612    0.187826    0.379669    2.486452 v input9/X (sky130_fd_sc_hd__clkbuf_4)
                                                         net9 (net)
                      0.187844    0.001955    2.488407 v _142_/A (sky130_fd_sc_hd__inv_2)
     1    0.003715    0.063324    0.115293    2.603699 ^ _142_/Y (sky130_fd_sc_hd__inv_2)
                                                         _014_ (net)
                      0.063324    0.000043    2.603742 ^ _151_/RESET_B (sky130_fd_sc_hd__dfrtp_2)
                                              2.603742   data arrival time

                                  5.000000    5.000000   clock clk (rise edge)
                                  0.000000    5.000000   clock source latency
     1    0.011156    0.089032    0.058160    5.058160 ^ clk (in)
                                                         clk (net)
                      0.089032    0.000000    5.058160 ^ clkbuf_0_clk/A (sky130_fd_sc_hd__clkbuf_16)
     2    0.019914    0.067321    0.230080    5.288240 ^ clkbuf_0_clk/X (sky130_fd_sc_hd__clkbuf_16)
                                                         clknet_0_clk (net)
                      0.067336    0.000363    5.288603 ^ clkbuf_1_0__f_clk/A (sky130_fd_sc_hd__clkbuf_16)
     5    0.014203    0.060212    0.212104    5.500707 ^ clkbuf_1_0__f_clk/X (sky130_fd_sc_hd__clkbuf_16)
                                                         clknet_1_0__leaf_clk (net)
                      0.060212    0.000405    5.501112 ^ _151_/CLK (sky130_fd_sc_hd__dfrtp_2)
                                 -0.250000    5.251112   clock uncertainty
                                  0.000000    5.251112   clock reconvergence pessimism
                                  0.444143    5.695255   library recovery time
                                              5.695255   data required time
---------------------------------------------------------------------------------------------
                                              5.695255   data required time
                                             -2.603742   data arrival time
---------------------------------------------------------------------------------------------
                                              3.091512   slack (MET)


Startpoint: rst (input port clocked by clk)
Endpoint: _148_ (recovery check against rising-edge clock clk)
Path Group: asynchronous
Path Type: max

Fanout         Cap        Slew       Delay        Time   Description
---------------------------------------------------------------------------------------------
                                  0.000000    0.000000   clock clk (rise edge)
                                  0.000000    0.000000   clock network delay (propagated)
                                  1.000000    1.000000 v input external delay
     1    0.002148    0.015993    0.007179    1.007179 v rst (in)
                                                         rst (net)
                      0.015993    0.000000    1.007179 v hold1/A (sky130_fd_sc_hd__dlygate4sd3_1)
     1    0.002703    0.105057    1.099528    2.106707 v hold1/X (sky130_fd_sc_hd__dlygate4sd3_1)
                                                         net11 (net)
                      0.105057    0.000076    2.106783 v input9/A (sky130_fd_sc_hd__clkbuf_4)
     9    0.049612    0.187826    0.379669    2.486452 v input9/X (sky130_fd_sc_hd__clkbuf_4)
                                                         net9 (net)
                      0.187855    0.002324    2.488776 v _139_/A (sky130_fd_sc_hd__inv_2)
     1    0.003513    0.062194    0.113588    2.602364 ^ _139_/Y (sky130_fd_sc_hd__inv_2)
                                                         _011_ (net)
                      0.062194    0.000070    2.602434 ^ _148_/RESET_B (sky130_fd_sc_hd__dfrtp_2)
                                              2.602434   data arrival time

                                  5.000000    5.000000   clock clk (rise edge)
                                  0.000000    5.000000   clock source latency
     1    0.011156    0.089032    0.058160    5.058160 ^ clk (in)
                                                         clk (net)
                      0.089032    0.000000    5.058160 ^ clkbuf_0_clk/A (sky130_fd_sc_hd__clkbuf_16)
     2    0.019914    0.067321    0.230080    5.288240 ^ clkbuf_0_clk/X (sky130_fd_sc_hd__clkbuf_16)
                                                         clknet_0_clk (net)
                      0.067336    0.000363    5.288603 ^ clkbuf_1_0__f_clk/A (sky130_fd_sc_hd__clkbuf_16)
     5    0.014203    0.060212    0.212104    5.500707 ^ clkbuf_1_0__f_clk/X (sky130_fd_sc_hd__clkbuf_16)
                                                         clknet_1_0__leaf_clk (net)
                      0.060212    0.000248    5.500955 ^ _148_/CLK (sky130_fd_sc_hd__dfrtp_2)
                                 -0.250000    5.250955   clock uncertainty
                                  0.000000    5.250955   clock reconvergence pessimism
                                  0.444626    5.695581   library recovery time
                                              5.695581   data required time
---------------------------------------------------------------------------------------------
                                              5.695581   data required time
                                             -2.602434   data arrival time
---------------------------------------------------------------------------------------------
                                              3.093147   slack (MET)


Startpoint: rst (input port clocked by clk)
Endpoint: _152_ (recovery check against rising-edge clock clk)
Path Group: asynchronous
Path Type: max

Fanout         Cap        Slew       Delay        Time   Description
---------------------------------------------------------------------------------------------
                                  0.000000    0.000000   clock clk (rise edge)
                                  0.000000    0.000000   clock network delay (propagated)
                                  1.000000    1.000000 v input external delay
     1    0.002148    0.015993    0.007179    1.007179 v rst (in)
                                                         rst (net)
                      0.015993    0.000000    1.007179 v hold1/A (sky130_fd_sc_hd__dlygate4sd3_1)
     1    0.002703    0.105057    1.099528    2.106707 v hold1/X (sky130_fd_sc_hd__dlygate4sd3_1)
                                                         net11 (net)
                      0.105057    0.000076    2.106783 v input9/A (sky130_fd_sc_hd__clkbuf_4)
     9    0.049612    0.187826    0.379669    2.486452 v input9/X (sky130_fd_sc_hd__clkbuf_4)
                                                         net9 (net)
                      0.187841    0.001821    2.488273 v _143_/A (sky130_fd_sc_hd__inv_2)
     1    0.004128    0.065778    0.118771    2.607044 ^ _143_/Y (sky130_fd_sc_hd__inv_2)
                                                         _015_ (net)
                      0.065778    0.000054    2.607098 ^ _152_/RESET_B (sky130_fd_sc_hd__dfrtp_1)
                                              2.607098   data arrival time

                                  5.000000    5.000000   clock clk (rise edge)
                                  0.000000    5.000000   clock source latency
     1    0.011156    0.089032    0.058160    5.058160 ^ clk (in)
                                                         clk (net)
                      0.089032    0.000000    5.058160 ^ clkbuf_0_clk/A (sky130_fd_sc_hd__clkbuf_16)
     2    0.019914    0.067321    0.230080    5.288240 ^ clkbuf_0_clk/X (sky130_fd_sc_hd__clkbuf_16)
                                                         clknet_0_clk (net)
                      0.067337    0.000441    5.288681 ^ clkbuf_1_1__f_clk/A (sky130_fd_sc_hd__clkbuf_16)
     5    0.013715    0.059601    0.211413    5.500094 ^ clkbuf_1_1__f_clk/X (sky130_fd_sc_hd__clkbuf_16)
                                                         clknet_1_1__leaf_clk (net)
                      0.059601    0.000403    5.500497 ^ _152_/CLK (sky130_fd_sc_hd__dfrtp_1)
                                 -0.250000    5.250497   clock uncertainty
                                  0.000000    5.250497   clock reconvergence pessimism
                                  0.460684    5.711182   library recovery time
                                              5.711182   data required time
---------------------------------------------------------------------------------------------
                                              5.711182   data required time
                                             -2.607098   data arrival time
---------------------------------------------------------------------------------------------
                                              3.104083   slack (MET)


Startpoint: rst (input port clocked by clk)
Endpoint: _146_ (recovery check against rising-edge clock clk)
Path Group: asynchronous
Path Type: max

Fanout         Cap        Slew       Delay        Time   Description
---------------------------------------------------------------------------------------------
                                  0.000000    0.000000   clock clk (rise edge)
                                  0.000000    0.000000   clock network delay (propagated)
                                  1.000000    1.000000 v input external delay
     1    0.002148    0.015993    0.007179    1.007179 v rst (in)
                                                         rst (net)
                      0.015993    0.000000    1.007179 v hold1/A (sky130_fd_sc_hd__dlygate4sd3_1)
     1    0.002703    0.105057    1.099528    2.106707 v hold1/X (sky130_fd_sc_hd__dlygate4sd3_1)
                                                         net11 (net)
                      0.105057    0.000076    2.106783 v input9/A (sky130_fd_sc_hd__clkbuf_4)
     9    0.049612    0.187826    0.379669    2.486452 v input9/X (sky130_fd_sc_hd__clkbuf_4)
                                                         net9 (net)
                      0.187844    0.001956    2.488408 v _081_/A (sky130_fd_sc_hd__inv_2)
     1    0.003525    0.062257    0.113683    2.602092 ^ _081_/Y (sky130_fd_sc_hd__inv_2)
                                                         _009_ (net)
                      0.062257    0.000069    2.602161 ^ _146_/RESET_B (sky130_fd_sc_hd__dfrtp_1)
                                              2.602161   data arrival time

                                  5.000000    5.000000   clock clk (rise edge)
                                  0.000000    5.000000   clock source latency
     1    0.011156    0.089032    0.058160    5.058160 ^ clk (in)
                                                         clk (net)
                      0.089032    0.000000    5.058160 ^ clkbuf_0_clk/A (sky130_fd_sc_hd__clkbuf_16)
     2    0.019914    0.067321    0.230080    5.288240 ^ clkbuf_0_clk/X (sky130_fd_sc_hd__clkbuf_16)
                                                         clknet_0_clk (net)
                      0.067337    0.000441    5.288681 ^ clkbuf_1_1__f_clk/A (sky130_fd_sc_hd__clkbuf_16)
     5    0.013715    0.059601    0.211413    5.500094 ^ clkbuf_1_1__f_clk/X (sky130_fd_sc_hd__clkbuf_16)
                                                         clknet_1_1__leaf_clk (net)
                      0.059601    0.000326    5.500420 ^ _146_/CLK (sky130_fd_sc_hd__dfrtp_1)
                                 -0.250000    5.250420   clock uncertainty
                                  0.000000    5.250420   clock reconvergence pessimism
                                  0.461989    5.712409   library recovery time
                                              5.712409   data required time
---------------------------------------------------------------------------------------------
                                              5.712409   data required time
                                             -2.602161   data arrival time
---------------------------------------------------------------------------------------------
                                              3.110248   slack (MET)


Startpoint: rst (input port clocked by clk)
Endpoint: _153_ (recovery check against rising-edge clock clk)
Path Group: asynchronous
Path Type: max

Fanout         Cap        Slew       Delay        Time   Description
---------------------------------------------------------------------------------------------
                                  0.000000    0.000000   clock clk (rise edge)
                                  0.000000    0.000000   clock network delay (propagated)
                                  1.000000    1.000000 v input external delay
     1    0.002148    0.015993    0.007179    1.007179 v rst (in)
                                                         rst (net)
                      0.015993    0.000000    1.007179 v hold1/A (sky130_fd_sc_hd__dlygate4sd3_1)
     1    0.002703    0.105057    1.099528    2.106707 v hold1/X (sky130_fd_sc_hd__dlygate4sd3_1)
                                                         net11 (net)
                      0.105057    0.000076    2.106783 v input9/A (sky130_fd_sc_hd__clkbuf_4)
     9    0.049612    0.187826    0.379669    2.486452 v input9/X (sky130_fd_sc_hd__clkbuf_4)
                                                         net9 (net)
                      0.187828    0.000977    2.487428 v _144_/A (sky130_fd_sc_hd__inv_2)
     1    0.003591    0.062616    0.114242    2.601670 ^ _144_/Y (sky130_fd_sc_hd__inv_2)
                                                         _016_ (net)
                      0.062616    0.000040    2.601710 ^ _153_/RESET_B (sky130_fd_sc_hd__dfrtp_1)
                                              2.601710   data arrival time

                                  5.000000    5.000000   clock clk (rise edge)
                                  0.000000    5.000000   clock source latency
     1    0.011156    0.089032    0.058160    5.058160 ^ clk (in)
                                                         clk (net)
                      0.089032    0.000000    5.058160 ^ clkbuf_0_clk/A (sky130_fd_sc_hd__clkbuf_16)
     2    0.019914    0.067321    0.230080    5.288240 ^ clkbuf_0_clk/X (sky130_fd_sc_hd__clkbuf_16)
                                                         clknet_0_clk (net)
                      0.067337    0.000441    5.288681 ^ clkbuf_1_1__f_clk/A (sky130_fd_sc_hd__clkbuf_16)
     5    0.013715    0.059601    0.211413    5.500094 ^ clkbuf_1_1__f_clk/X (sky130_fd_sc_hd__clkbuf_16)
                                                         clknet_1_1__leaf_clk (net)
                      0.059601    0.000392    5.500486 ^ _153_/CLK (sky130_fd_sc_hd__dfrtp_1)
                                 -0.250000    5.250486   clock uncertainty
                                  0.000000    5.250486   clock reconvergence pessimism
                                  0.461856    5.712342   library recovery time
                                              5.712342   data required time
---------------------------------------------------------------------------------------------
                                              5.712342   data required time
                                             -2.601710   data arrival time
---------------------------------------------------------------------------------------------
                                              3.110632   slack (MET)


Startpoint: rst (input port clocked by clk)
Endpoint: _150_ (recovery check against rising-edge clock clk)
Path Group: asynchronous
Path Type: max

Fanout         Cap        Slew       Delay        Time   Description
---------------------------------------------------------------------------------------------
                                  0.000000    0.000000   clock clk (rise edge)
                                  0.000000    0.000000   clock network delay (propagated)
                                  1.000000    1.000000 v input external delay
     1    0.002148    0.015993    0.007179    1.007179 v rst (in)
                                                         rst (net)
                      0.015993    0.000000    1.007179 v hold1/A (sky130_fd_sc_hd__dlygate4sd3_1)
     1    0.002703    0.105057    1.099528    2.106707 v hold1/X (sky130_fd_sc_hd__dlygate4sd3_1)
                                                         net11 (net)
                      0.105057    0.000076    2.106783 v input9/A (sky130_fd_sc_hd__clkbuf_4)
     9    0.049612    0.187826    0.379669    2.486452 v input9/X (sky130_fd_sc_hd__clkbuf_4)
                                                         net9 (net)
                      0.187842    0.001864    2.488316 v _141_/A (sky130_fd_sc_hd__inv_2)
     1    0.003553    0.062410    0.113933    2.602249 ^ _141_/Y (sky130_fd_sc_hd__inv_2)
                                                         _013_ (net)
                      0.062410    0.000039    2.602288 ^ _150_/RESET_B (sky130_fd_sc_hd__dfrtp_1)
                                              2.602288   data arrival time

                                  5.000000    5.000000   clock clk (rise edge)
                                  0.000000    5.000000   clock source latency
     1    0.011156    0.089032    0.058160    5.058160 ^ clk (in)
                                                         clk (net)
                      0.089032    0.000000    5.058160 ^ clkbuf_0_clk/A (sky130_fd_sc_hd__clkbuf_16)
     2    0.019914    0.067321    0.230080    5.288240 ^ clkbuf_0_clk/X (sky130_fd_sc_hd__clkbuf_16)
                                                         clknet_0_clk (net)
                      0.067336    0.000363    5.288603 ^ clkbuf_1_0__f_clk/A (sky130_fd_sc_hd__clkbuf_16)
     5    0.014203    0.060212    0.212104    5.500707 ^ clkbuf_1_0__f_clk/X (sky130_fd_sc_hd__clkbuf_16)
                                                         clknet_1_0__leaf_clk (net)
                      0.060212    0.000494    5.501201 ^ _150_/CLK (sky130_fd_sc_hd__dfrtp_1)
                                 -0.250000    5.251201   clock uncertainty
                                  0.000000    5.251201   clock reconvergence pessimism
                                  0.462136    5.713336   library recovery time
                                              5.713336   data required time
---------------------------------------------------------------------------------------------
                                              5.713336   data required time
                                             -2.602288   data arrival time
---------------------------------------------------------------------------------------------
                                              3.111048   slack (MET)



