
===========================================================================
report_checks -path_delay min (Hold)
============================================================================
======================= nom_ss_100C_1v60 Corner ===================================

Startpoint: _153_ (rising edge-triggered flip-flop clocked by clk)
Endpoint: _146_ (rising edge-triggered flip-flop clocked by clk)
Path Group: clk
Path Type: min

Fanout         Cap        Slew       Delay        Time   Description
---------------------------------------------------------------------------------------------
                                  0.000000    0.000000   clock clk (rise edge)
                                  0.000000    0.000000   clock source latency
     1    0.011156    0.089032    0.058160    0.058160 ^ clk (in)
                                                         clk (net)
                      0.089032    0.000000    0.058160 ^ clkbuf_0_clk/A (sky130_fd_sc_hd__clkbuf_16)
     2    0.019914    0.067321    0.230080    0.288240 ^ clkbuf_0_clk/X (sky130_fd_sc_hd__clkbuf_16)
                                                         clknet_0_clk (net)
                      0.067337    0.000441    0.288681 ^ clkbuf_1_1__f_clk/A (sky130_fd_sc_hd__clkbuf_16)
     5    0.013715    0.059601    0.211413    0.500094 ^ clkbuf_1_1__f_clk/X (sky130_fd_sc_hd__clkbuf_16)
                                                         clknet_1_1__leaf_clk (net)
                      0.059601    0.000392    0.500486 ^ _153_/CLK (sky130_fd_sc_hd__dfrtp_1)
     6    0.017918    0.263345    0.790215    1.290700 ^ _153_/Q (sky130_fd_sc_hd__dfrtp_1)
                                                         counter[6] (net)
                      0.263345    0.000673    1.291373 ^ _129_/B (sky130_fd_sc_hd__or2_1)
     1    0.002653    0.063665    0.238898    1.530271 ^ _129_/X (sky130_fd_sc_hd__or2_1)
                                                         _065_ (net)
                      0.063665    0.000051    1.530322 ^ _137_/A1 (sky130_fd_sc_hd__a21oi_1)
     1    0.002733    0.047908    0.114935    1.645257 v _137_/Y (sky130_fd_sc_hd__a21oi_1)
                                                         _008_ (net)
                      0.047908    0.000083    1.645339 v _146_/D (sky130_fd_sc_hd__dfrtp_1)
                                              1.645339   data arrival time

                                  0.000000    0.000000   clock clk (rise edge)
                                  0.000000    0.000000   clock source latency
     1    0.011156    0.089032    0.058160    0.058160 ^ clk (in)
                                                         clk (net)
                      0.089032    0.000000    0.058160 ^ clkbuf_0_clk/A (sky130_fd_sc_hd__clkbuf_16)
     2    0.019914    0.067321    0.230080    0.288240 ^ clkbuf_0_clk/X (sky130_fd_sc_hd__clkbuf_16)
                                                         clknet_0_clk (net)
                      0.067337    0.000441    0.288681 ^ clkbuf_1_1__f_clk/A (sky130_fd_sc_hd__clkbuf_16)
     5    0.013715    0.059601    0.211413    0.500094 ^ clkbuf_1_1__f_clk/X (sky130_fd_sc_hd__clkbuf_16)
                                                         clknet_1_1__leaf_clk (net)
                      0.059601    0.000326    0.500420 ^ _146_/CLK (sky130_fd_sc_hd__dfrtp_1)
                                  0.250000    0.750420   clock uncertainty
                                  0.000000    0.750420   clock reconvergence pessimism
                                 -0.091561    0.658859   library hold time
                                              0.658859   data required time
---------------------------------------------------------------------------------------------
                                              0.658859   data required time
                                             -1.645339   data arrival time
---------------------------------------------------------------------------------------------
                                              0.986480   slack (MET)


Startpoint: _147_ (rising edge-triggered flip-flop clocked by clk)
Endpoint: _147_ (rising edge-triggered flip-flop clocked by clk)
Path Group: clk
Path Type: min

Fanout         Cap        Slew       Delay        Time   Description
---------------------------------------------------------------------------------------------
                                  0.000000    0.000000   clock clk (rise edge)
                                  0.000000    0.000000   clock source latency
     1    0.011156    0.089032    0.058160    0.058160 ^ clk (in)
                                                         clk (net)
                      0.089032    0.000000    0.058160 ^ clkbuf_0_clk/A (sky130_fd_sc_hd__clkbuf_16)
     2    0.019914    0.067321    0.230080    0.288240 ^ clkbuf_0_clk/X (sky130_fd_sc_hd__clkbuf_16)
                                                         clknet_0_clk (net)
                      0.067336    0.000364    0.288604 ^ clkbuf_1_0__f_clk/A (sky130_fd_sc_hd__clkbuf_16)
     5    0.014203    0.060212    0.212103    0.500707 ^ clkbuf_1_0__f_clk/X (sky130_fd_sc_hd__clkbuf_16)
                                                         clknet_1_0__leaf_clk (net)
                      0.060212    0.000333    0.501041 ^ _147_/CLK (sky130_fd_sc_hd__dfrtp_2)
     7    0.021920    0.196677    0.802262    1.303303 ^ _147_/Q (sky130_fd_sc_hd__dfrtp_2)
                                                         counter[0] (net)
                      0.196677    0.000527    1.303830 ^ _108_/A_N (sky130_fd_sc_hd__and2b_1)
     1    0.002182    0.059494    0.400219    1.704049 v _108_/X (sky130_fd_sc_hd__and2b_1)
                                                         _000_ (net)
                      0.059494    0.000061    1.704110 v _147_/D (sky130_fd_sc_hd__dfrtp_2)
                                              1.704110   data arrival time

                                  0.000000    0.000000   clock clk (rise edge)
                                  0.000000    0.000000   clock source latency
     1    0.011156    0.089032    0.058160    0.058160 ^ clk (in)
                                                         clk (net)
                      0.089032    0.000000    0.058160 ^ clkbuf_0_clk/A (sky130_fd_sc_hd__clkbuf_16)
     2    0.019914    0.067321    0.230080    0.288240 ^ clkbuf_0_clk/X (sky130_fd_sc_hd__clkbuf_16)
                                                         clknet_0_clk (net)
                      0.067336    0.000364    0.288604 ^ clkbuf_1_0__f_clk/A (sky130_fd_sc_hd__clkbuf_16)
     5    0.014203    0.060212    0.212103    0.500707 ^ clkbuf_1_0__f_clk/X (sky130_fd_sc_hd__clkbuf_16)
                                                         clknet_1_0__leaf_clk (net)
                      0.060212    0.000333    0.501041 ^ _147_/CLK (sky130_fd_sc_hd__dfrtp_2)
                                  0.250000    0.751040   clock uncertainty
                                  0.000000    0.751040   clock reconvergence pessimism
                                 -0.088175    0.662866   library hold time
                                              0.662866   data required time
---------------------------------------------------------------------------------------------
                                              0.662866   data required time
                                             -1.704110   data arrival time
---------------------------------------------------------------------------------------------
                                              1.041245   slack (MET)


Startpoint: _154_ (rising edge-triggered flip-flop clocked by clk)
Endpoint: _154_ (rising edge-triggered flip-flop clocked by clk)
Path Group: clk
Path Type: min

Fanout         Cap        Slew       Delay        Time   Description
---------------------------------------------------------------------------------------------
                                  0.000000    0.000000   clock clk (rise edge)
                                  0.000000    0.000000   clock source latency
     1    0.011156    0.089032    0.058160    0.058160 ^ clk (in)
                                                         clk (net)
                      0.089032    0.000000    0.058160 ^ clkbuf_0_clk/A (sky130_fd_sc_hd__clkbuf_16)
     2    0.019914    0.067321    0.230080    0.288240 ^ clkbuf_0_clk/X (sky130_fd_sc_hd__clkbuf_16)
                                                         clknet_0_clk (net)
                      0.067337    0.000441    0.288681 ^ clkbuf_1_1__f_clk/A (sky130_fd_sc_hd__clkbuf_16)
     5    0.013715    0.059601    0.211413    0.500094 ^ clkbuf_1_1__f_clk/X (sky130_fd_sc_hd__clkbuf_16)
                                                         clknet_1_1__leaf_clk (net)
                      0.059601    0.000304    0.500399 ^ _154_/CLK (sky130_fd_sc_hd__dfrtp_2)
     4    0.022521    0.200742    0.805315    1.305713 ^ _154_/Q (sky130_fd_sc_hd__dfrtp_2)
                                                         counter[7] (net)
                      0.200742    0.000468    1.306182 ^ _127_/A (sky130_fd_sc_hd__xnor2_1)
     1    0.002805    0.074398    0.247310    1.553491 ^ _127_/Y (sky130_fd_sc_hd__xnor2_1)
                                                         _064_ (net)
                      0.074398    0.000084    1.553575 ^ _128_/B (sky130_fd_sc_hd__and2_1)
     1    0.002131    0.071021    0.219281    1.772857 ^ _128_/X (sky130_fd_sc_hd__and2_1)
                                                         _007_ (net)
                      0.071021    0.000061    1.772917 ^ _154_/D (sky130_fd_sc_hd__dfrtp_2)
                                              1.772917   data arrival time

                                  0.000000    0.000000   clock clk (rise edge)
                                  0.000000    0.000000   clock source latency
     1    0.011156    0.089032    0.058160    0.058160 ^ clk (in)
                                                         clk (net)
                      0.089032    0.000000    0.058160 ^ clkbuf_0_clk/A (sky130_fd_sc_hd__clkbuf_16)
     2    0.019914    0.067321    0.230080    0.288240 ^ clkbuf_0_clk/X (sky130_fd_sc_hd__clkbuf_16)
                                                         clknet_0_clk (net)
                      0.067337    0.000441    0.288681 ^ clkbuf_1_1__f_clk/A (sky130_fd_sc_hd__clkbuf_16)
     5    0.013715    0.059601    0.211413    0.500094 ^ clkbuf_1_1__f_clk/X (sky130_fd_sc_hd__clkbuf_16)
                                                         clknet_1_1__leaf_clk (net)
                      0.059601    0.000304    0.500399 ^ _154_/CLK (sky130_fd_sc_hd__dfrtp_2)
                                  0.250000    0.750399   clock uncertainty
                                  0.000000    0.750399   clock reconvergence pessimism
                                 -0.078835    0.671563   library hold time
                                              0.671563   data required time
---------------------------------------------------------------------------------------------
                                              0.671563   data required time
                                             -1.772917   data arrival time
---------------------------------------------------------------------------------------------
                                              1.101354   slack (MET)


Startpoint: _149_ (rising edge-triggered flip-flop clocked by clk)
Endpoint: _149_ (rising edge-triggered flip-flop clocked by clk)
Path Group: clk
Path Type: min

Fanout         Cap        Slew       Delay        Time   Description
---------------------------------------------------------------------------------------------
                                  0.000000    0.000000   clock clk (rise edge)
                                  0.000000    0.000000   clock source latency
     1    0.011156    0.089032    0.058160    0.058160 ^ clk (in)
                                                         clk (net)
                      0.089032    0.000000    0.058160 ^ clkbuf_0_clk/A (sky130_fd_sc_hd__clkbuf_16)
     2    0.019914    0.067321    0.230080    0.288240 ^ clkbuf_0_clk/X (sky130_fd_sc_hd__clkbuf_16)
                                                         clknet_0_clk (net)
                      0.067336    0.000364    0.288604 ^ clkbuf_1_0__f_clk/A (sky130_fd_sc_hd__clkbuf_16)
     5    0.014203    0.060212    0.212103    0.500707 ^ clkbuf_1_0__f_clk/X (sky130_fd_sc_hd__clkbuf_16)
                                                         clknet_1_0__leaf_clk (net)
                      0.060212    0.000257    0.500964 ^ _149_/CLK (sky130_fd_sc_hd__dfrtp_2)
     7    0.026033    0.224811    0.824387    1.325351 ^ _149_/Q (sky130_fd_sc_hd__dfrtp_2)
                                                         counter[2] (net)
                      0.224811    0.000575    1.325927 ^ _111_/A (sky130_fd_sc_hd__xnor2_1)
     1    0.001948    0.063561    0.245471    1.571398 ^ _111_/Y (sky130_fd_sc_hd__xnor2_1)
                                                         _053_ (net)
                      0.063561    0.000055    1.571452 ^ _112_/B (sky130_fd_sc_hd__and2_1)
     1    0.002316    0.073314    0.217301    1.788753 ^ _112_/X (sky130_fd_sc_hd__and2_1)
                                                         _002_ (net)
                      0.073314    0.000065    1.788818 ^ _149_/D (sky130_fd_sc_hd__dfrtp_2)
                                              1.788818   data arrival time

                                  0.000000    0.000000   clock clk (rise edge)
                                  0.000000    0.000000   clock source latency
     1    0.011156    0.089032    0.058160    0.058160 ^ clk (in)
                                                         clk (net)
                      0.089032    0.000000    0.058160 ^ clkbuf_0_clk/A (sky130_fd_sc_hd__clkbuf_16)
     2    0.019914    0.067321    0.230080    0.288240 ^ clkbuf_0_clk/X (sky130_fd_sc_hd__clkbuf_16)
                                                         clknet_0_clk (net)
                      0.067336    0.000364    0.288604 ^ clkbuf_1_0__f_clk/A (sky130_fd_sc_hd__clkbuf_16)
     5    0.014203    0.060212    0.212103    0.500707 ^ clkbuf_1_0__f_clk/X (sky130_fd_sc_hd__clkbuf_16)
                                                         clknet_1_0__leaf_clk (net)
                      0.060212    0.000257    0.500964 ^ _149_/CLK (sky130_fd_sc_hd__dfrtp_2)
                                  0.250000    0.750964   clock uncertainty
                                  0.000000    0.750964   clock reconvergence pessimism
                                 -0.079257    0.671707   library hold time
                                              0.671707   data required time
---------------------------------------------------------------------------------------------
                                              0.671707   data required time
                                             -1.788818   data arrival time
---------------------------------------------------------------------------------------------
                                              1.117111   slack (MET)


Startpoint: _152_ (rising edge-triggered flip-flop clocked by clk)
Endpoint: _152_ (rising edge-triggered flip-flop clocked by clk)
Path Group: clk
Path Type: min

Fanout         Cap        Slew       Delay        Time   Description
---------------------------------------------------------------------------------------------
                                  0.000000    0.000000   clock clk (rise edge)
                                  0.000000    0.000000   clock source latency
     1    0.011156    0.089032    0.058160    0.058160 ^ clk (in)
                                                         clk (net)
                      0.089032    0.000000    0.058160 ^ clkbuf_0_clk/A (sky130_fd_sc_hd__clkbuf_16)
     2    0.019914    0.067321    0.230080    0.288240 ^ clkbuf_0_clk/X (sky130_fd_sc_hd__clkbuf_16)
                                                         clknet_0_clk (net)
                      0.067337    0.000441    0.288681 ^ clkbuf_1_1__f_clk/A (sky130_fd_sc_hd__clkbuf_16)
     5    0.013715    0.059601    0.211413    0.500094 ^ clkbuf_1_1__f_clk/X (sky130_fd_sc_hd__clkbuf_16)
                                                         clknet_1_1__leaf_clk (net)
                      0.059601    0.000403    0.500497 ^ _152_/CLK (sky130_fd_sc_hd__dfrtp_1)
     6    0.018912    0.276200    0.799580    1.300078 ^ _152_/Q (sky130_fd_sc_hd__dfrtp_1)
                                                         counter[5] (net)
                      0.276200    0.000459    1.300537 ^ _122_/B1 (sky130_fd_sc_hd__a21o_1)
     1    0.001891    0.051872    0.206195    1.506732 ^ _122_/X (sky130_fd_sc_hd__a21o_1)
                                                         _061_ (net)
                      0.051872    0.000036    1.506768 ^ _123_/C (sky130_fd_sc_hd__and3_1)
     1    0.002443    0.082163    0.290261    1.797029 ^ _123_/X (sky130_fd_sc_hd__and3_1)
                                                         _005_ (net)
                      0.082163    0.000069    1.797098 ^ _152_/D (sky130_fd_sc_hd__dfrtp_1)
                                              1.797098   data arrival time

                                  0.000000    0.000000   clock clk (rise edge)
                                  0.000000    0.000000   clock source latency
     1    0.011156    0.089032    0.058160    0.058160 ^ clk (in)
                                                         clk (net)
                      0.089032    0.000000    0.058160 ^ clkbuf_0_clk/A (sky130_fd_sc_hd__clkbuf_16)
     2    0.019914    0.067321    0.230080    0.288240 ^ clkbuf_0_clk/X (sky130_fd_sc_hd__clkbuf_16)
                                                         clknet_0_clk (net)
                      0.067337    0.000441    0.288681 ^ clkbuf_1_1__f_clk/A (sky130_fd_sc_hd__clkbuf_16)
     5    0.013715    0.059601    0.211413    0.500094 ^ clkbuf_1_1__f_clk/X (sky130_fd_sc_hd__clkbuf_16)
                                                         clknet_1_1__leaf_clk (net)
                      0.059601    0.000403    0.500497 ^ _152_/CLK (sky130_fd_sc_hd__dfrtp_1)
                                  0.250000    0.750497   clock uncertainty
                                  0.000000    0.750497   clock reconvergence pessimism
                                 -0.081423    0.669074   library hold time
                                              0.669074   data required time
---------------------------------------------------------------------------------------------
                                              0.669074   data required time
                                             -1.797098   data arrival time
---------------------------------------------------------------------------------------------
                                              1.128024   slack (MET)


Startpoint: _151_ (rising edge-triggered flip-flop clocked by clk)
Endpoint: _151_ (rising edge-triggered flip-flop clocked by clk)
Path Group: clk
Path Type: min

Fanout         Cap        Slew       Delay        Time   Description
---------------------------------------------------------------------------------------------
                                  0.000000    0.000000   clock clk (rise edge)
                                  0.000000    0.000000   clock source latency
     1    0.011156    0.089032    0.058160    0.058160 ^ clk (in)
                                                         clk (net)
                      0.089032    0.000000    0.058160 ^ clkbuf_0_clk/A (sky130_fd_sc_hd__clkbuf_16)
     2    0.019914    0.067321    0.230080    0.288240 ^ clkbuf_0_clk/X (sky130_fd_sc_hd__clkbuf_16)
                                                         clknet_0_clk (net)
                      0.067336    0.000364    0.288604 ^ clkbuf_1_0__f_clk/A (sky130_fd_sc_hd__clkbuf_16)
     5    0.014203    0.060212    0.212103    0.500707 ^ clkbuf_1_0__f_clk/X (sky130_fd_sc_hd__clkbuf_16)
                                                         clknet_1_0__leaf_clk (net)
                      0.060212    0.000404    0.501112 ^ _151_/CLK (sky130_fd_sc_hd__dfrtp_2)
     8    0.024815    0.216444    0.817880    1.318991 ^ _151_/Q (sky130_fd_sc_hd__dfrtp_2)
                                                         counter[4] (net)
                      0.216444    0.000537    1.319529 ^ _117_/A (sky130_fd_sc_hd__nand2_1)
     1    0.002176    0.077102    0.143875    1.463403 v _117_/Y (sky130_fd_sc_hd__nand2_1)
                                                         _057_ (net)
                      0.077102    0.000046    1.463449 v _119_/B (sky130_fd_sc_hd__and3_1)
     1    0.002975    0.066200    0.334434    1.797884 v _119_/X (sky130_fd_sc_hd__and3_1)
                                                         _004_ (net)
                      0.066200    0.000089    1.797973 v _151_/D (sky130_fd_sc_hd__dfrtp_2)
                                              1.797973   data arrival time

                                  0.000000    0.000000   clock clk (rise edge)
                                  0.000000    0.000000   clock source latency
     1    0.011156    0.089032    0.058160    0.058160 ^ clk (in)
                                                         clk (net)
                      0.089032    0.000000    0.058160 ^ clkbuf_0_clk/A (sky130_fd_sc_hd__clkbuf_16)
     2    0.019914    0.067321    0.230080    0.288240 ^ clkbuf_0_clk/X (sky130_fd_sc_hd__clkbuf_16)
                                                         clknet_0_clk (net)
                      0.067336    0.000364    0.288604 ^ clkbuf_1_0__f_clk/A (sky130_fd_sc_hd__clkbuf_16)
     5    0.014203    0.060212    0.212103    0.500707 ^ clkbuf_1_0__f_clk/X (sky130_fd_sc_hd__clkbuf_16)
                                                         clknet_1_0__leaf_clk (net)
                      0.060212    0.000404    0.501112 ^ _151_/CLK (sky130_fd_sc_hd__dfrtp_2)
                                  0.250000    0.751112   clock uncertainty
                                  0.000000    0.751112   clock reconvergence pessimism
                                 -0.090630    0.660481   library hold time
                                              0.660481   data required time
---------------------------------------------------------------------------------------------
                                              0.660481   data required time
                                             -1.797973   data arrival time
---------------------------------------------------------------------------------------------
                                              1.137492   slack (MET)


Startpoint: _148_ (rising edge-triggered flip-flop clocked by clk)
Endpoint: _148_ (rising edge-triggered flip-flop clocked by clk)
Path Group: clk
Path Type: min

Fanout         Cap        Slew       Delay        Time   Description
---------------------------------------------------------------------------------------------
                                  0.000000    0.000000   clock clk (rise edge)
                                  0.000000    0.000000   clock source latency
     1    0.011156    0.089032    0.058160    0.058160 ^ clk (in)
                                                         clk (net)
                      0.089032    0.000000    0.058160 ^ clkbuf_0_clk/A (sky130_fd_sc_hd__clkbuf_16)
     2    0.019914    0.067321    0.230080    0.288240 ^ clkbuf_0_clk/X (sky130_fd_sc_hd__clkbuf_16)
                                                         clknet_0_clk (net)
                      0.067336    0.000364    0.288604 ^ clkbuf_1_0__f_clk/A (sky130_fd_sc_hd__clkbuf_16)
     5    0.014203    0.060212    0.212103    0.500707 ^ clkbuf_1_0__f_clk/X (sky130_fd_sc_hd__clkbuf_16)
                                                         clknet_1_0__leaf_clk (net)
                      0.060212    0.000248    0.500955 ^ _148_/CLK (sky130_fd_sc_hd__dfrtp_2)
     7    0.021949    0.196822    0.802602    1.303557 ^ _148_/Q (sky130_fd_sc_hd__dfrtp_2)
                                                         counter[1] (net)
                      0.196822    0.000678    1.304235 ^ _109_/B (sky130_fd_sc_hd__or2_1)
     1    0.002639    0.063857    0.213960    1.518195 ^ _109_/X (sky130_fd_sc_hd__or2_1)
                                                         _052_ (net)
                      0.063857    0.000074    1.518269 ^ _110_/C (sky130_fd_sc_hd__and3_1)
     1    0.002419    0.081826    0.294520    1.812789 ^ _110_/X (sky130_fd_sc_hd__and3_1)
                                                         _001_ (net)
                      0.081826    0.000072    1.812860 ^ _148_/D (sky130_fd_sc_hd__dfrtp_2)
                                              1.812860   data arrival time

                                  0.000000    0.000000   clock clk (rise edge)
                                  0.000000    0.000000   clock source latency
     1    0.011156    0.089032    0.058160    0.058160 ^ clk (in)
                                                         clk (net)
                      0.089032    0.000000    0.058160 ^ clkbuf_0_clk/A (sky130_fd_sc_hd__clkbuf_16)
     2    0.019914    0.067321    0.230080    0.288240 ^ clkbuf_0_clk/X (sky130_fd_sc_hd__clkbuf_16)
                                                         clknet_0_clk (net)
                      0.067336    0.000364    0.288604 ^ clkbuf_1_0__f_clk/A (sky130_fd_sc_hd__clkbuf_16)
     5    0.014203    0.060212    0.212103    0.500707 ^ clkbuf_1_0__f_clk/X (sky130_fd_sc_hd__clkbuf_16)
                                                         clknet_1_0__leaf_clk (net)
                      0.060212    0.000248    0.500955 ^ _148_/CLK (sky130_fd_sc_hd__dfrtp_2)
                                  0.250000    0.750955   clock uncertainty
                                  0.000000    0.750955   clock reconvergence pessimism
                                 -0.081194    0.669761   library hold time
                                              0.669761   data required time
---------------------------------------------------------------------------------------------
                                              0.669761   data required time
                                             -1.812860   data arrival time
---------------------------------------------------------------------------------------------
                                              1.143100   slack (MET)


Startpoint: _150_ (rising edge-triggered flip-flop clocked by clk)
Endpoint: _150_ (rising edge-triggered flip-flop clocked by clk)
Path Group: clk
Path Type: min

Fanout         Cap        Slew       Delay        Time   Description
---------------------------------------------------------------------------------------------
                                  0.000000    0.000000   clock clk (rise edge)
                                  0.000000    0.000000   clock source latency
     1    0.011156    0.089032    0.058160    0.058160 ^ clk (in)
                                                         clk (net)
                      0.089032    0.000000    0.058160 ^ clkbuf_0_clk/A (sky130_fd_sc_hd__clkbuf_16)
     2    0.019914    0.067321    0.230080    0.288240 ^ clkbuf_0_clk/X (sky130_fd_sc_hd__clkbuf_16)
                                                         clknet_0_clk (net)
                      0.067336    0.000364    0.288604 ^ clkbuf_1_0__f_clk/A (sky130_fd_sc_hd__clkbuf_16)
     5    0.014203    0.060212    0.212103    0.500707 ^ clkbuf_1_0__f_clk/X (sky130_fd_sc_hd__clkbuf_16)
                                                         clknet_1_0__leaf_clk (net)
                      0.060212    0.000494    0.501201 ^ _150_/CLK (sky130_fd_sc_hd__dfrtp_1)
     6    0.018556    0.271555    0.796633    1.297834 ^ _150_/Q (sky130_fd_sc_hd__dfrtp_1)
                                                         counter[3] (net)
                      0.271555    0.000383    1.298217 ^ _115_/B1 (sky130_fd_sc_hd__a31o_1)
     1    0.002320    0.067886    0.234446    1.532663 ^ _115_/X (sky130_fd_sc_hd__a31o_1)
                                                         _056_ (net)
                      0.067886    0.000067    1.532731 ^ _116_/C (sky130_fd_sc_hd__and3_1)
     1    0.002184    0.078977    0.292603    1.825334 ^ _116_/X (sky130_fd_sc_hd__and3_1)
                                                         _003_ (net)
                      0.078977    0.000043    1.825377 ^ _150_/D (sky130_fd_sc_hd__dfrtp_1)
                                              1.825377   data arrival time

                                  0.000000    0.000000   clock clk (rise edge)
                                  0.000000    0.000000   clock source latency
     1    0.011156    0.089032    0.058160    0.058160 ^ clk (in)
                                                         clk (net)
                      0.089032    0.000000    0.058160 ^ clkbuf_0_clk/A (sky130_fd_sc_hd__clkbuf_16)
     2    0.019914    0.067321    0.230080    0.288240 ^ clkbuf_0_clk/X (sky130_fd_sc_hd__clkbuf_16)
                                                         clknet_0_clk (net)
                      0.067336    0.000364    0.288604 ^ clkbuf_1_0__f_clk/A (sky130_fd_sc_hd__clkbuf_16)
     5    0.014203    0.060212    0.212103    0.500707 ^ clkbuf_1_0__f_clk/X (sky130_fd_sc_hd__clkbuf_16)
                                                         clknet_1_0__leaf_clk (net)
                      0.060212    0.000494    0.501201 ^ _150_/CLK (sky130_fd_sc_hd__dfrtp_1)
                                  0.250000    0.751201   clock uncertainty
                                  0.000000    0.751201   clock reconvergence pessimism
                                 -0.080596    0.670605   library hold time
                                              0.670605   data required time
---------------------------------------------------------------------------------------------
                                              0.670605   data required time
                                             -1.825377   data arrival time
---------------------------------------------------------------------------------------------
                                              1.154772   slack (MET)


Startpoint: _153_ (rising edge-triggered flip-flop clocked by clk)
Endpoint: _153_ (rising edge-triggered flip-flop clocked by clk)
Path Group: clk
Path Type: min

Fanout         Cap        Slew       Delay        Time   Description
---------------------------------------------------------------------------------------------
                                  0.000000    0.000000   clock clk (rise edge)
                                  0.000000    0.000000   clock source latency
     1    0.011156    0.089032    0.058160    0.058160 ^ clk (in)
                                                         clk (net)
                      0.089032    0.000000    0.058160 ^ clkbuf_0_clk/A (sky130_fd_sc_hd__clkbuf_16)
     2    0.019914    0.067321    0.230080    0.288240 ^ clkbuf_0_clk/X (sky130_fd_sc_hd__clkbuf_16)
                                                         clknet_0_clk (net)
                      0.067337    0.000441    0.288681 ^ clkbuf_1_1__f_clk/A (sky130_fd_sc_hd__clkbuf_16)
     5    0.013715    0.059601    0.211413    0.500094 ^ clkbuf_1_1__f_clk/X (sky130_fd_sc_hd__clkbuf_16)
                                                         clknet_1_1__leaf_clk (net)
                      0.059601    0.000392    0.500486 ^ _153_/CLK (sky130_fd_sc_hd__dfrtp_1)
     6    0.017918    0.263345    0.790215    1.290700 ^ _153_/Q (sky130_fd_sc_hd__dfrtp_1)
                                                         counter[6] (net)
                      0.263345    0.000338    1.291038 ^ _125_/A (sky130_fd_sc_hd__or2_1)
     1    0.003448    0.074103    0.252098    1.543136 ^ _125_/X (sky130_fd_sc_hd__or2_1)
                                                         _063_ (net)
                      0.074103    0.000114    1.543250 ^ _126_/C (sky130_fd_sc_hd__and3_1)
     1    0.003042    0.089592    0.307695    1.850945 ^ _126_/X (sky130_fd_sc_hd__and3_1)
                                                         _006_ (net)
                      0.089592    0.000093    1.851038 ^ _153_/D (sky130_fd_sc_hd__dfrtp_1)
                                              1.851038   data arrival time

                                  0.000000    0.000000   clock clk (rise edge)
                                  0.000000    0.000000   clock source latency
     1    0.011156    0.089032    0.058160    0.058160 ^ clk (in)
                                                         clk (net)
                      0.089032    0.000000    0.058160 ^ clkbuf_0_clk/A (sky130_fd_sc_hd__clkbuf_16)
     2    0.019914    0.067321    0.230080    0.288240 ^ clkbuf_0_clk/X (sky130_fd_sc_hd__clkbuf_16)
                                                         clknet_0_clk (net)
                      0.067337    0.000441    0.288681 ^ clkbuf_1_1__f_clk/A (sky130_fd_sc_hd__clkbuf_16)
     5    0.013715    0.059601    0.211413    0.500094 ^ clkbuf_1_1__f_clk/X (sky130_fd_sc_hd__clkbuf_16)
                                                         clknet_1_1__leaf_clk (net)
                      0.059601    0.000392    0.500486 ^ _153_/CLK (sky130_fd_sc_hd__dfrtp_1)
                                  0.250000    0.750486   clock uncertainty
                                  0.000000    0.750486   clock reconvergence pessimism
                                 -0.083119    0.667366   library hold time
                                              0.667366   data required time
---------------------------------------------------------------------------------------------
                                              0.667366   data required time
                                             -1.851038   data arrival time
---------------------------------------------------------------------------------------------
                                              1.183671   slack (MET)


Startpoint: rst (input port clocked by clk)
Endpoint: _150_ (removal check against rising-edge clock clk)
Path Group: asynchronous
Path Type: min

Fanout         Cap        Slew       Delay        Time   Description
---------------------------------------------------------------------------------------------
                                  0.000000    0.000000   clock clk (rise edge)
                                  0.000000    0.000000   clock network delay (propagated)
                                  1.000000    1.000000 v input external delay
     1    0.002148    0.015993    0.007179    1.007179 v rst (in)
                                                         rst (net)
                      0.015993    0.000000    1.007179 v hold1/A (sky130_fd_sc_hd__dlygate4sd3_1)
     1    0.002703    0.105057    1.099528    2.106707 v hold1/X (sky130_fd_sc_hd__dlygate4sd3_1)
                                                         net11 (net)
                      0.105057    0.000076    2.106783 v input9/A (sky130_fd_sc_hd__clkbuf_4)
     9    0.049612    0.187826    0.379669    2.486452 v input9/X (sky130_fd_sc_hd__clkbuf_4)
                                                         net9 (net)
                      0.187842    0.001864    2.488316 v _141_/A (sky130_fd_sc_hd__inv_2)
     1    0.003553    0.062410    0.113933    2.602249 ^ _141_/Y (sky130_fd_sc_hd__inv_2)
                                                         _013_ (net)
                      0.062410    0.000039    2.602288 ^ _150_/RESET_B (sky130_fd_sc_hd__dfrtp_1)
                                              2.602288   data arrival time

                                  0.000000    0.000000   clock clk (rise edge)
                                  0.000000    0.000000   clock source latency
     1    0.011156    0.089032    0.058160    0.058160 ^ clk (in)
                                                         clk (net)
                      0.089032    0.000000    0.058160 ^ clkbuf_0_clk/A (sky130_fd_sc_hd__clkbuf_16)
     2    0.019914    0.067321    0.230080    0.288240 ^ clkbuf_0_clk/X (sky130_fd_sc_hd__clkbuf_16)
                                                         clknet_0_clk (net)
                      0.067336    0.000364    0.288604 ^ clkbuf_1_0__f_clk/A (sky130_fd_sc_hd__clkbuf_16)
     5    0.014203    0.060212    0.212103    0.500707 ^ clkbuf_1_0__f_clk/X (sky130_fd_sc_hd__clkbuf_16)
                                                         clknet_1_0__leaf_clk (net)
                      0.060212    0.000494    0.501201 ^ _150_/CLK (sky130_fd_sc_hd__dfrtp_1)
                                  0.250000    0.751201   clock uncertainty
                                  0.000000    0.751201   clock reconvergence pessimism
                                  0.652169    1.403370   library removal time
                                              1.403370   data required time
---------------------------------------------------------------------------------------------
                                              1.403370   data required time
                                             -2.602288   data arrival time
---------------------------------------------------------------------------------------------
                                              1.198918   slack (MET)


Startpoint: rst (input port clocked by clk)
Endpoint: _153_ (removal check against rising-edge clock clk)
Path Group: asynchronous
Path Type: min

Fanout         Cap        Slew       Delay        Time   Description
---------------------------------------------------------------------------------------------
                                  0.000000    0.000000   clock clk (rise edge)
                                  0.000000    0.000000   clock network delay (propagated)
                                  1.000000    1.000000 v input external delay
     1    0.002148    0.015993    0.007179    1.007179 v rst (in)
                                                         rst (net)
                      0.015993    0.000000    1.007179 v hold1/A (sky130_fd_sc_hd__dlygate4sd3_1)
     1    0.002703    0.105057    1.099528    2.106707 v hold1/X (sky130_fd_sc_hd__dlygate4sd3_1)
                                                         net11 (net)
                      0.105057    0.000076    2.106783 v input9/A (sky130_fd_sc_hd__clkbuf_4)
     9    0.049612    0.187826    0.379669    2.486452 v input9/X (sky130_fd_sc_hd__clkbuf_4)
                                                         net9 (net)
                      0.187828    0.000977    2.487428 v _144_/A (sky130_fd_sc_hd__inv_2)
     1    0.003591    0.062616    0.114242    2.601670 ^ _144_/Y (sky130_fd_sc_hd__inv_2)
                                                         _016_ (net)
                      0.062616    0.000040    2.601710 ^ _153_/RESET_B (sky130_fd_sc_hd__dfrtp_1)
                                              2.601710   data arrival time

                                  0.000000    0.000000   clock clk (rise edge)
                                  0.000000    0.000000   clock source latency
     1    0.011156    0.089032    0.058160    0.058160 ^ clk (in)
                                                         clk (net)
                      0.089032    0.000000    0.058160 ^ clkbuf_0_clk/A (sky130_fd_sc_hd__clkbuf_16)
     2    0.019914    0.067321    0.230080    0.288240 ^ clkbuf_0_clk/X (sky130_fd_sc_hd__clkbuf_16)
                                                         clknet_0_clk (net)
                      0.067337    0.000441    0.288681 ^ clkbuf_1_1__f_clk/A (sky130_fd_sc_hd__clkbuf_16)
     5    0.013715    0.059601    0.211413    0.500094 ^ clkbuf_1_1__f_clk/X (sky130_fd_sc_hd__clkbuf_16)
                                                         clknet_1_1__leaf_clk (net)
                      0.059601    0.000392    0.500486 ^ _153_/CLK (sky130_fd_sc_hd__dfrtp_1)
                                  0.250000    0.750486   clock uncertainty
                                  0.000000    0.750486   clock reconvergence pessimism
                                  0.652048    1.402534   library removal time
                                              1.402534   data required time
---------------------------------------------------------------------------------------------
                                              1.402534   data required time
                                             -2.601710   data arrival time
---------------------------------------------------------------------------------------------
                                              1.199176   slack (MET)


Startpoint: rst (input port clocked by clk)
Endpoint: _148_ (removal check against rising-edge clock clk)
Path Group: asynchronous
Path Type: min

Fanout         Cap        Slew       Delay        Time   Description
---------------------------------------------------------------------------------------------
                                  0.000000    0.000000   clock clk (rise edge)
                                  0.000000    0.000000   clock network delay (propagated)
                                  1.000000    1.000000 v input external delay
     1    0.002148    0.015993    0.007179    1.007179 v rst (in)
                                                         rst (net)
                      0.015993    0.000000    1.007179 v hold1/A (sky130_fd_sc_hd__dlygate4sd3_1)
     1    0.002703    0.105057    1.099528    2.106707 v hold1/X (sky130_fd_sc_hd__dlygate4sd3_1)
                                                         net11 (net)
                      0.105057    0.000076    2.106783 v input9/A (sky130_fd_sc_hd__clkbuf_4)
     9    0.049612    0.187826    0.379669    2.486452 v input9/X (sky130_fd_sc_hd__clkbuf_4)
                                                         net9 (net)
                      0.187855    0.002324    2.488776 v _139_/A (sky130_fd_sc_hd__inv_2)
     1    0.003513    0.062194    0.113588    2.602364 ^ _139_/Y (sky130_fd_sc_hd__inv_2)
                                                         _011_ (net)
                      0.062194    0.000070    2.602434 ^ _148_/RESET_B (sky130_fd_sc_hd__dfrtp_2)
                                              2.602434   data arrival time

                                  0.000000    0.000000   clock clk (rise edge)
                                  0.000000    0.000000   clock source latency
     1    0.011156    0.089032    0.058160    0.058160 ^ clk (in)
                                                         clk (net)
                      0.089032    0.000000    0.058160 ^ clkbuf_0_clk/A (sky130_fd_sc_hd__clkbuf_16)
     2    0.019914    0.067321    0.230080    0.288240 ^ clkbuf_0_clk/X (sky130_fd_sc_hd__clkbuf_16)
                                                         clknet_0_clk (net)
                      0.067336    0.000364    0.288604 ^ clkbuf_1_0__f_clk/A (sky130_fd_sc_hd__clkbuf_16)
     5    0.014203    0.060212    0.212103    0.500707 ^ clkbuf_1_0__f_clk/X (sky130_fd_sc_hd__clkbuf_16)
                                                         clknet_1_0__leaf_clk (net)
                      0.060212    0.000248    0.500955 ^ _148_/CLK (sky130_fd_sc_hd__dfrtp_2)
                                  0.250000    0.750955   clock uncertainty
                                  0.000000    0.750955   clock reconvergence pessimism
                                  0.652066    1.403021   library removal time
                                              1.403021   data required time
---------------------------------------------------------------------------------------------
                                              1.403021   data required time
                                             -2.602434   data arrival time
---------------------------------------------------------------------------------------------
                                              1.199413   slack (MET)


Startpoint: rst (input port clocked by clk)
Endpoint: _146_ (removal check against rising-edge clock clk)
Path Group: asynchronous
Path Type: min

Fanout         Cap        Slew       Delay        Time   Description
---------------------------------------------------------------------------------------------
                                  0.000000    0.000000   clock clk (rise edge)
                                  0.000000    0.000000   clock network delay (propagated)
                                  1.000000    1.000000 v input external delay
     1    0.002148    0.015993    0.007179    1.007179 v rst (in)
                                                         rst (net)
                      0.015993    0.000000    1.007179 v hold1/A (sky130_fd_sc_hd__dlygate4sd3_1)
     1    0.002703    0.105057    1.099528    2.106707 v hold1/X (sky130_fd_sc_hd__dlygate4sd3_1)
                                                         net11 (net)
                      0.105057    0.000076    2.106783 v input9/A (sky130_fd_sc_hd__clkbuf_4)
     9    0.049612    0.187826    0.379669    2.486452 v input9/X (sky130_fd_sc_hd__clkbuf_4)
                                                         net9 (net)
                      0.187844    0.001956    2.488408 v _081_/A (sky130_fd_sc_hd__inv_2)
     1    0.003525    0.062257    0.113683    2.602092 ^ _081_/Y (sky130_fd_sc_hd__inv_2)
                                                         _009_ (net)
                      0.062257    0.000069    2.602161 ^ _146_/RESET_B (sky130_fd_sc_hd__dfrtp_1)
                                              2.602161   data arrival time

                                  0.000000    0.000000   clock clk (rise edge)
                                  0.000000    0.000000   clock source latency
     1    0.011156    0.089032    0.058160    0.058160 ^ clk (in)
                                                         clk (net)
                      0.089032    0.000000    0.058160 ^ clkbuf_0_clk/A (sky130_fd_sc_hd__clkbuf_16)
     2    0.019914    0.067321    0.230080    0.288240 ^ clkbuf_0_clk/X (sky130_fd_sc_hd__clkbuf_16)
                                                         clknet_0_clk (net)
                      0.067337    0.000441    0.288681 ^ clkbuf_1_1__f_clk/A (sky130_fd_sc_hd__clkbuf_16)
     5    0.013715    0.059601    0.211413    0.500094 ^ clkbuf_1_1__f_clk/X (sky130_fd_sc_hd__clkbuf_16)
                                                         clknet_1_1__leaf_clk (net)
                      0.059601    0.000326    0.500420 ^ _146_/CLK (sky130_fd_sc_hd__dfrtp_1)
                                  0.250000    0.750420   clock uncertainty
                                  0.000000    0.750420   clock reconvergence pessimism
                                  0.651938    1.402358   library removal time
                                              1.402358   data required time
---------------------------------------------------------------------------------------------
                                              1.402358   data required time
                                             -2.602161   data arrival time
---------------------------------------------------------------------------------------------
                                              1.199803   slack (MET)


Startpoint: rst (input port clocked by clk)
Endpoint: _151_ (removal check against rising-edge clock clk)
Path Group: asynchronous
Path Type: min

Fanout         Cap        Slew       Delay        Time   Description
---------------------------------------------------------------------------------------------
                                  0.000000    0.000000   clock clk (rise edge)
                                  0.000000    0.000000   clock network delay (propagated)
                                  1.000000    1.000000 v input external delay
     1    0.002148    0.015993    0.007179    1.007179 v rst (in)
                                                         rst (net)
                      0.015993    0.000000    1.007179 v hold1/A (sky130_fd_sc_hd__dlygate4sd3_1)
     1    0.002703    0.105057    1.099528    2.106707 v hold1/X (sky130_fd_sc_hd__dlygate4sd3_1)
                                                         net11 (net)
                      0.105057    0.000076    2.106783 v input9/A (sky130_fd_sc_hd__clkbuf_4)
     9    0.049612    0.187826    0.379669    2.486452 v input9/X (sky130_fd_sc_hd__clkbuf_4)
                                                         net9 (net)
                      0.187844    0.001955    2.488407 v _142_/A (sky130_fd_sc_hd__inv_2)
     1    0.003715    0.063324    0.115293    2.603699 ^ _142_/Y (sky130_fd_sc_hd__inv_2)
                                                         _014_ (net)
                      0.063324    0.000043    2.603742 ^ _151_/RESET_B (sky130_fd_sc_hd__dfrtp_2)
                                              2.603742   data arrival time

                                  0.000000    0.000000   clock clk (rise edge)
                                  0.000000    0.000000   clock source latency
     1    0.011156    0.089032    0.058160    0.058160 ^ clk (in)
                                                         clk (net)
                      0.089032    0.000000    0.058160 ^ clkbuf_0_clk/A (sky130_fd_sc_hd__clkbuf_16)
     2    0.019914    0.067321    0.230080    0.288240 ^ clkbuf_0_clk/X (sky130_fd_sc_hd__clkbuf_16)
                                                         clknet_0_clk (net)
                      0.067336    0.000364    0.288604 ^ clkbuf_1_0__f_clk/A (sky130_fd_sc_hd__clkbuf_16)
     5    0.014203    0.060212    0.212103    0.500707 ^ clkbuf_1_0__f_clk/X (sky130_fd_sc_hd__clkbuf_16)
                                                         clknet_1_0__leaf_clk (net)
                      0.060212    0.000404    0.501112 ^ _151_/CLK (sky130_fd_sc_hd__dfrtp_2)
                                  0.250000    0.751112   clock uncertainty
                                  0.000000    0.751112   clock reconvergence pessimism
                                  0.652412    1.403524   library removal time
                                              1.403524   data required time
---------------------------------------------------------------------------------------------
                                              1.403524   data required time
                                             -2.603742   data arrival time
---------------------------------------------------------------------------------------------
                                              1.200219   slack (MET)


Startpoint: rst (input port clocked by clk)
Endpoint: _147_ (removal check against rising-edge clock clk)
Path Group: asynchronous
Path Type: min

Fanout         Cap        Slew       Delay        Time   Description
---------------------------------------------------------------------------------------------
                                  0.000000    0.000000   clock clk (rise edge)
                                  0.000000    0.000000   clock network delay (propagated)
                                  1.000000    1.000000 v input external delay
     1    0.002148    0.015993    0.007179    1.007179 v rst (in)
                                                         rst (net)
                      0.015993    0.000000    1.007179 v hold1/A (sky130_fd_sc_hd__dlygate4sd3_1)
     1    0.002703    0.105057    1.099528    2.106707 v hold1/X (sky130_fd_sc_hd__dlygate4sd3_1)
                                                         net11 (net)
                      0.105057    0.000076    2.106783 v input9/A (sky130_fd_sc_hd__clkbuf_4)
     9    0.049612    0.187826    0.379669    2.486452 v input9/X (sky130_fd_sc_hd__clkbuf_4)
                                                         net9 (net)
                      0.187849    0.002143    2.488595 v _138_/A (sky130_fd_sc_hd__inv_2)
     1    0.003751    0.063536    0.115605    2.604199 ^ _138_/Y (sky130_fd_sc_hd__inv_2)
                                                         _010_ (net)
                      0.063536    0.000044    2.604244 ^ _147_/RESET_B (sky130_fd_sc_hd__dfrtp_2)
                                              2.604244   data arrival time

                                  0.000000    0.000000   clock clk (rise edge)
                                  0.000000    0.000000   clock source latency
     1    0.011156    0.089032    0.058160    0.058160 ^ clk (in)
                                                         clk (net)
                      0.089032    0.000000    0.058160 ^ clkbuf_0_clk/A (sky130_fd_sc_hd__clkbuf_16)
     2    0.019914    0.067321    0.230080    0.288240 ^ clkbuf_0_clk/X (sky130_fd_sc_hd__clkbuf_16)
                                                         clknet_0_clk (net)
                      0.067336    0.000364    0.288604 ^ clkbuf_1_0__f_clk/A (sky130_fd_sc_hd__clkbuf_16)
     5    0.014203    0.060212    0.212103    0.500707 ^ clkbuf_1_0__f_clk/X (sky130_fd_sc_hd__clkbuf_16)
                                                         clknet_1_0__leaf_clk (net)
                      0.060212    0.000333    0.501041 ^ _147_/CLK (sky130_fd_sc_hd__dfrtp_2)
                                  0.250000    0.751040   clock uncertainty
                                  0.000000    0.751040   clock reconvergence pessimism
                                  0.652478    1.403518   library removal time
                                              1.403518   data required time
---------------------------------------------------------------------------------------------
                                              1.403518   data required time
                                             -2.604244   data arrival time
---------------------------------------------------------------------------------------------
                                              1.200726   slack (MET)


Startpoint: rst (input port clocked by clk)
Endpoint: _149_ (removal check against rising-edge clock clk)
Path Group: asynchronous
Path Type: min

Fanout         Cap        Slew       Delay        Time   Description
---------------------------------------------------------------------------------------------
                                  0.000000    0.000000   clock clk (rise edge)
                                  0.000000    0.000000   clock network delay (propagated)
                                  1.000000    1.000000 v input external delay
     1    0.002148    0.015993    0.007179    1.007179 v rst (in)
                                                         rst (net)
                      0.015993    0.000000    1.007179 v hold1/A (sky130_fd_sc_hd__dlygate4sd3_1)
     1    0.002703    0.105057    1.099528    2.106707 v hold1/X (sky130_fd_sc_hd__dlygate4sd3_1)
                                                         net11 (net)
                      0.105057    0.000076    2.106783 v input9/A (sky130_fd_sc_hd__clkbuf_4)
     9    0.049612    0.187826    0.379669    2.486452 v input9/X (sky130_fd_sc_hd__clkbuf_4)
                                                         net9 (net)
                      0.187853    0.002285    2.488737 v _140_/A (sky130_fd_sc_hd__inv_2)
     1    0.003719    0.063349    0.115332    2.604069 ^ _140_/Y (sky130_fd_sc_hd__inv_2)
                                                         _012_ (net)
                      0.063349    0.000043    2.604112 ^ _149_/RESET_B (sky130_fd_sc_hd__dfrtp_2)
                                              2.604112   data arrival time

                                  0.000000    0.000000   clock clk (rise edge)
                                  0.000000    0.000000   clock source latency
     1    0.011156    0.089032    0.058160    0.058160 ^ clk (in)
                                                         clk (net)
                      0.089032    0.000000    0.058160 ^ clkbuf_0_clk/A (sky130_fd_sc_hd__clkbuf_16)
     2    0.019914    0.067321    0.230080    0.288240 ^ clkbuf_0_clk/X (sky130_fd_sc_hd__clkbuf_16)
                                                         clknet_0_clk (net)
                      0.067336    0.000364    0.288604 ^ clkbuf_1_0__f_clk/A (sky130_fd_sc_hd__clkbuf_16)
     5    0.014203    0.060212    0.212103    0.500707 ^ clkbuf_1_0__f_clk/X (sky130_fd_sc_hd__clkbuf_16)
                                                         clknet_1_0__leaf_clk (net)
                      0.060212    0.000257    0.500964 ^ _149_/CLK (sky130_fd_sc_hd__dfrtp_2)
                                  0.250000    0.750964   clock uncertainty
                                  0.000000    0.750964   clock reconvergence pessimism
                                  0.652420    1.403384   library removal time
                                              1.403384   data required time
---------------------------------------------------------------------------------------------
                                              1.403384   data required time
                                             -2.604112   data arrival time
---------------------------------------------------------------------------------------------
                                              1.200728   slack (MET)


Startpoint: rst (input port clocked by clk)
Endpoint: _154_ (removal check against rising-edge clock clk)
Path Group: asynchronous
Path Type: min

Fanout         Cap        Slew       Delay        Time   Description
---------------------------------------------------------------------------------------------
                                  0.000000    0.000000   clock clk (rise edge)
                                  0.000000    0.000000   clock network delay (propagated)
                                  1.000000    1.000000 v input external delay
     1    0.002148    0.015993    0.007179    1.007179 v rst (in)
                                                         rst (net)
                      0.015993    0.000000    1.007179 v hold1/A (sky130_fd_sc_hd__dlygate4sd3_1)
     1    0.002703    0.105057    1.099528    2.106707 v hold1/X (sky130_fd_sc_hd__dlygate4sd3_1)
                                                         net11 (net)
                      0.105057    0.000076    2.106783 v input9/A (sky130_fd_sc_hd__clkbuf_4)
     9    0.049612    0.187826    0.379669    2.486452 v input9/X (sky130_fd_sc_hd__clkbuf_4)
                                                         net9 (net)
                      0.187831    0.001287    2.487739 v _145_/A (sky130_fd_sc_hd__inv_2)
     1    0.003938    0.064644    0.117154    2.604893 ^ _145_/Y (sky130_fd_sc_hd__inv_2)
                                                         _017_ (net)
                      0.064644    0.000087    2.604980 ^ _154_/RESET_B (sky130_fd_sc_hd__dfrtp_2)
                                              2.604980   data arrival time

                                  0.000000    0.000000   clock clk (rise edge)
                                  0.000000    0.000000   clock source latency
     1    0.011156    0.089032    0.058160    0.058160 ^ clk (in)
                                                         clk (net)
                      0.089032    0.000000    0.058160 ^ clkbuf_0_clk/A (sky130_fd_sc_hd__clkbuf_16)
     2    0.019914    0.067321    0.230080    0.288240 ^ clkbuf_0_clk/X (sky130_fd_sc_hd__clkbuf_16)
                                                         clknet_0_clk (net)
                      0.067337    0.000441    0.288681 ^ clkbuf_1_1__f_clk/A (sky130_fd_sc_hd__clkbuf_16)
     5    0.013715    0.059601    0.211413    0.500094 ^ clkbuf_1_1__f_clk/X (sky130_fd_sc_hd__clkbuf_16)
                                                         clknet_1_1__leaf_clk (net)
                      0.059601    0.000304    0.500399 ^ _154_/CLK (sky130_fd_sc_hd__dfrtp_2)
                                  0.250000    0.750399   clock uncertainty
                                  0.000000    0.750399   clock reconvergence pessimism
                                  0.652633    1.403031   library removal time
                                              1.403031   data required time
---------------------------------------------------------------------------------------------
                                              1.403031   data required time
                                             -2.604980   data arrival time
---------------------------------------------------------------------------------------------
                                              1.201948   slack (MET)


Startpoint: rst (input port clocked by clk)
Endpoint: _152_ (removal check against rising-edge clock clk)
Path Group: asynchronous
Path Type: min

Fanout         Cap        Slew       Delay        Time   Description
---------------------------------------------------------------------------------------------
                                  0.000000    0.000000   clock clk (rise edge)
                                  0.000000    0.000000   clock network delay (propagated)
                                  1.000000    1.000000 v input external delay
     1    0.002148    0.015993    0.007179    1.007179 v rst (in)
                                                         rst (net)
                      0.015993    0.000000    1.007179 v hold1/A (sky130_fd_sc_hd__dlygate4sd3_1)
     1    0.002703    0.105057    1.099528    2.106707 v hold1/X (sky130_fd_sc_hd__dlygate4sd3_1)
                                                         net11 (net)
                      0.105057    0.000076    2.106783 v input9/A (sky130_fd_sc_hd__clkbuf_4)
     9    0.049612    0.187826    0.379669    2.486452 v input9/X (sky130_fd_sc_hd__clkbuf_4)
                                                         net9 (net)
                      0.187841    0.001821    2.488273 v _143_/A (sky130_fd_sc_hd__inv_2)
     1    0.004128    0.065778    0.118771    2.607044 ^ _143_/Y (sky130_fd_sc_hd__inv_2)
                                                         _015_ (net)
                      0.065778    0.000054    2.607098 ^ _152_/RESET_B (sky130_fd_sc_hd__dfrtp_1)
                                              2.607098   data arrival time

                                  0.000000    0.000000   clock clk (rise edge)
                                  0.000000    0.000000   clock source latency
     1    0.011156    0.089032    0.058160    0.058160 ^ clk (in)
                                                         clk (net)
                      0.089032    0.000000    0.058160 ^ clkbuf_0_clk/A (sky130_fd_sc_hd__clkbuf_16)
     2    0.019914    0.067321    0.230080    0.288240 ^ clkbuf_0_clk/X (sky130_fd_sc_hd__clkbuf_16)
                                                         clknet_0_clk (net)
                      0.067337    0.000441    0.288681 ^ clkbuf_1_1__f_clk/A (sky130_fd_sc_hd__clkbuf_16)
     5    0.013715    0.059601    0.211413    0.500094 ^ clkbuf_1_1__f_clk/X (sky130_fd_sc_hd__clkbuf_16)
                                                         clknet_1_1__leaf_clk (net)
                      0.059601    0.000403    0.500497 ^ _152_/CLK (sky130_fd_sc_hd__dfrtp_1)
                                  0.250000    0.750497   clock uncertainty
                                  0.000000    0.750497   clock reconvergence pessimism
                                  0.653020    1.403517   library removal time
                                              1.403517   data required time
---------------------------------------------------------------------------------------------
                                              1.403517   data required time
                                             -2.607098   data arrival time
---------------------------------------------------------------------------------------------
                                              1.203581   slack (MET)


Startpoint: _146_ (rising edge-triggered flip-flop clocked by clk)
Endpoint: out (output port clocked by clk)
Path Group: clk
Path Type: min

Fanout         Cap        Slew       Delay        Time   Description
---------------------------------------------------------------------------------------------
                                  0.000000    0.000000   clock clk (rise edge)
                                  0.000000    0.000000   clock source latency
     1    0.011156    0.089032    0.058160    0.058160 ^ clk (in)
                                                         clk (net)
                      0.089032    0.000000    0.058160 ^ clkbuf_0_clk/A (sky130_fd_sc_hd__clkbuf_16)
     2    0.019914    0.067321    0.230080    0.288240 ^ clkbuf_0_clk/X (sky130_fd_sc_hd__clkbuf_16)
                                                         clknet_0_clk (net)
                      0.067337    0.000441    0.288681 ^ clkbuf_1_1__f_clk/A (sky130_fd_sc_hd__clkbuf_16)
     5    0.013715    0.059601    0.211413    0.500094 ^ clkbuf_1_1__f_clk/X (sky130_fd_sc_hd__clkbuf_16)
                                                         clknet_1_1__leaf_clk (net)
                      0.059601    0.000326    0.500420 ^ _146_/CLK (sky130_fd_sc_hd__dfrtp_1)
     1    0.002674    0.077060    0.628271    1.128690 ^ _146_/Q (sky130_fd_sc_hd__dfrtp_1)
                                                         net10 (net)
                      0.077060    0.000075    1.128765 ^ output10/A (sky130_fd_sc_hd__buf_2)
     1    0.034826    0.276317    0.349631    1.478396 ^ output10/X (sky130_fd_sc_hd__buf_2)
                                                         out (net)
                      0.276317    0.000763    1.479158 ^ out (out)
                                              1.479158   data arrival time

                                  0.000000    0.000000   clock clk (rise edge)
                                  0.000000    0.000000   clock network delay (propagated)
                                  0.250000    0.250000   clock uncertainty
                                  0.000000    0.250000   clock reconvergence pessimism
                                 -1.000000   -0.750000   output external delay
                                             -0.750000   data required time
---------------------------------------------------------------------------------------------
                                             -0.750000   data required time
                                             -1.479158   data arrival time
---------------------------------------------------------------------------------------------
                                              2.229158   slack (MET)



