Clock: clk
Sources: clk 
Generated: no
Virtual: yes
Propagated: no
Period: 5.000000

===========================================================================
report_clock_properties
============================================================================
Clock                   Period          Waveform
----------------------------------------------------
clk                   5.000000    0.000000  2.500000

===========================================================================
report_clock_latency
============================================================================
Clock clk
rise -> rise
    min     max
0.000000 0.000000 source latency
0.074756         network latency _113_/CLK
        0.074892 network latency _118_/CLK
---------------
0.074756 0.074892 latency
        0.000135 skew

fall -> fall
    min     max
0.000000 0.000000 source latency
0.034671         network latency _113_/CLK
        0.034798 network latency _118_/CLK
---------------
0.034671 0.034798 latency
        0.000127 skew



===========================================================================
report_clock_min_period
============================================================================
clk period_min = 1.88 fmax = 531.54
