
===========================================================================
report_checks -path_delay max (Setup)
============================================================================
======================= nom_tt_025C_1v80 Corner ===================================

Startpoint: psc[1] (input port clocked by clk)
Endpoint: _113_ (rising edge-triggered flip-flop clocked by clk)
Path Group: clk
Path Type: max

Fanout         Cap        Slew       Delay        Time   Description
---------------------------------------------------------------------------------------------
                                  0.000000    0.000000   clock clk (rise edge)
                                  0.000000    0.000000   clock network delay (propagated)
                                  1.000000    1.000000 ^ input external delay
     2    0.007476    0.040192    0.025831    1.025831 ^ psc[1] (in)
                                                         psc[1] (net)
                      0.040192    0.000000    1.025831 ^ _061_/A_N (sky130_fd_sc_hd__and2b_2)
     1    0.002262    0.034639    0.197503    1.223334 v _061_/X (sky130_fd_sc_hd__and2b_2)
                                                         _022_ (net)
                      0.034639    0.000000    1.223335 v _064_/B1 (sky130_fd_sc_hd__a21o_2)
     1    0.003699    0.036076    0.180236    1.403571 v _064_/X (sky130_fd_sc_hd__a21o_2)
                                                         _025_ (net)
                      0.036076    0.000019    1.403590 v _070_/A1 (sky130_fd_sc_hd__a41o_2)
     1    0.004901    0.043440    0.209395    1.612985 v _070_/X (sky130_fd_sc_hd__a41o_2)
                                                         _031_ (net)
                      0.043440    0.000018    1.613004 v _082_/A1 (sky130_fd_sc_hd__a21oi_2)
     9    0.026014    0.328285    0.299781    1.912785 ^ _082_/Y (sky130_fd_sc_hd__a21oi_2)
                                                         _043_ (net)
                      0.328285    0.000109    1.912894 ^ _087_/A (sky130_fd_sc_hd__and3_2)
     1    0.002895    0.047126    0.238707    2.151601 ^ _087_/X (sky130_fd_sc_hd__and3_2)
                                                         _001_ (net)
                      0.047126    0.000010    2.151611 ^ _113_/D (sky130_fd_sc_hd__dfrtp_2)
                                              2.151611   data arrival time

                                  5.000000    5.000000   clock clk (rise edge)
                                  0.000000    5.000000   clock source latency
     9    0.022984    0.108946    0.074756    5.074756 ^ clk (in)
                                                         clk (net)
                      0.108946    0.000000    5.074756 ^ _113_/CLK (sky130_fd_sc_hd__dfrtp_2)
                                 -0.250000    4.824756   clock uncertainty
                                  0.000000    4.824756   clock reconvergence pessimism
                                 -0.054235    4.770521   library setup time
                                              4.770521   data required time
---------------------------------------------------------------------------------------------
                                              4.770521   data required time
                                             -2.151611   data arrival time
---------------------------------------------------------------------------------------------
                                              2.618910   slack (MET)


Startpoint: psc[1] (input port clocked by clk)
Endpoint: _118_ (rising edge-triggered flip-flop clocked by clk)
Path Group: clk
Path Type: max

Fanout         Cap        Slew       Delay        Time   Description
---------------------------------------------------------------------------------------------
                                  0.000000    0.000000   clock clk (rise edge)
                                  0.000000    0.000000   clock network delay (propagated)
                                  1.000000    1.000000 ^ input external delay
     2    0.007476    0.040192    0.025831    1.025831 ^ psc[1] (in)
                                                         psc[1] (net)
                      0.040192    0.000000    1.025831 ^ _061_/A_N (sky130_fd_sc_hd__and2b_2)
     1    0.002262    0.034639    0.197503    1.223334 v _061_/X (sky130_fd_sc_hd__and2b_2)
                                                         _022_ (net)
                      0.034639    0.000000    1.223335 v _064_/B1 (sky130_fd_sc_hd__a21o_2)
     1    0.003699    0.036076    0.180236    1.403571 v _064_/X (sky130_fd_sc_hd__a21o_2)
                                                         _025_ (net)
                      0.036076    0.000019    1.403590 v _070_/A1 (sky130_fd_sc_hd__a41o_2)
     1    0.004901    0.043440    0.209395    1.612985 v _070_/X (sky130_fd_sc_hd__a41o_2)
                                                         _031_ (net)
                      0.043440    0.000018    1.613004 v _082_/A1 (sky130_fd_sc_hd__a21oi_2)
     9    0.026014    0.328285    0.299781    1.912785 ^ _082_/Y (sky130_fd_sc_hd__a21oi_2)
                                                         _043_ (net)
                      0.328285    0.000179    1.912964 ^ _102_/A (sky130_fd_sc_hd__and3_2)
     1    0.002473    0.045027    0.235976    2.148940 ^ _102_/X (sky130_fd_sc_hd__and3_2)
                                                         _006_ (net)
                      0.045027    0.000006    2.148947 ^ _118_/D (sky130_fd_sc_hd__dfrtp_2)
                                              2.148947   data arrival time

                                  5.000000    5.000000   clock clk (rise edge)
                                  0.000000    5.000000   clock source latency
     9    0.022984    0.108946    0.074892    5.074892 ^ clk (in)
                                                         clk (net)
                      0.108946    0.000000    5.074892 ^ _118_/CLK (sky130_fd_sc_hd__dfrtp_2)
                                 -0.250000    4.824892   clock uncertainty
                                  0.000000    4.824892   clock reconvergence pessimism
                                 -0.053752    4.771140   library setup time
                                              4.771140   data required time
---------------------------------------------------------------------------------------------
                                              4.771140   data required time
                                             -2.148947   data arrival time
---------------------------------------------------------------------------------------------
                                              2.622194   slack (MET)


Startpoint: psc[1] (input port clocked by clk)
Endpoint: _117_ (rising edge-triggered flip-flop clocked by clk)
Path Group: clk
Path Type: max

Fanout         Cap        Slew       Delay        Time   Description
---------------------------------------------------------------------------------------------
                                  0.000000    0.000000   clock clk (rise edge)
                                  0.000000    0.000000   clock network delay (propagated)
                                  1.000000    1.000000 ^ input external delay
     2    0.007476    0.040192    0.025831    1.025831 ^ psc[1] (in)
                                                         psc[1] (net)
                      0.040192    0.000000    1.025831 ^ _061_/A_N (sky130_fd_sc_hd__and2b_2)
     1    0.002262    0.034639    0.197503    1.223334 v _061_/X (sky130_fd_sc_hd__and2b_2)
                                                         _022_ (net)
                      0.034639    0.000000    1.223335 v _064_/B1 (sky130_fd_sc_hd__a21o_2)
     1    0.003699    0.036076    0.180236    1.403571 v _064_/X (sky130_fd_sc_hd__a21o_2)
                                                         _025_ (net)
                      0.036076    0.000019    1.403590 v _070_/A1 (sky130_fd_sc_hd__a41o_2)
     1    0.004901    0.043440    0.209395    1.612985 v _070_/X (sky130_fd_sc_hd__a41o_2)
                                                         _031_ (net)
                      0.043440    0.000018    1.613004 v _082_/A1 (sky130_fd_sc_hd__a21oi_2)
     9    0.026014    0.328285    0.299781    1.912785 ^ _082_/Y (sky130_fd_sc_hd__a21oi_2)
                                                         _043_ (net)
                      0.328285    0.000198    1.912983 ^ _099_/C (sky130_fd_sc_hd__and3b_2)
     1    0.002402    0.043708    0.223580    2.136564 ^ _099_/X (sky130_fd_sc_hd__and3b_2)
                                                         _005_ (net)
                      0.043708    0.000004    2.136567 ^ _117_/D (sky130_fd_sc_hd__dfrtp_2)
                                              2.136567   data arrival time

                                  5.000000    5.000000   clock clk (rise edge)
                                  0.000000    5.000000   clock source latency
     9    0.022984    0.108946    0.074794    5.074794 ^ clk (in)
                                                         clk (net)
                      0.108946    0.000000    5.074794 ^ _117_/CLK (sky130_fd_sc_hd__dfrtp_2)
                                 -0.250000    4.824794   clock uncertainty
                                  0.000000    4.824794   clock reconvergence pessimism
                                 -0.053448    4.771347   library setup time
                                              4.771347   data required time
---------------------------------------------------------------------------------------------
                                              4.771347   data required time
                                             -2.136567   data arrival time
---------------------------------------------------------------------------------------------
                                              2.634779   slack (MET)


Startpoint: psc[1] (input port clocked by clk)
Endpoint: _114_ (rising edge-triggered flip-flop clocked by clk)
Path Group: clk
Path Type: max

Fanout         Cap        Slew       Delay        Time   Description
---------------------------------------------------------------------------------------------
                                  0.000000    0.000000   clock clk (rise edge)
                                  0.000000    0.000000   clock network delay (propagated)
                                  1.000000    1.000000 ^ input external delay
     2    0.007476    0.040192    0.025831    1.025831 ^ psc[1] (in)
                                                         psc[1] (net)
                      0.040192    0.000000    1.025831 ^ _061_/A_N (sky130_fd_sc_hd__and2b_2)
     1    0.002262    0.034639    0.197503    1.223334 v _061_/X (sky130_fd_sc_hd__and2b_2)
                                                         _022_ (net)
                      0.034639    0.000000    1.223335 v _064_/B1 (sky130_fd_sc_hd__a21o_2)
     1    0.003699    0.036076    0.180236    1.403571 v _064_/X (sky130_fd_sc_hd__a21o_2)
                                                         _025_ (net)
                      0.036076    0.000019    1.403590 v _070_/A1 (sky130_fd_sc_hd__a41o_2)
     1    0.004901    0.043440    0.209395    1.612985 v _070_/X (sky130_fd_sc_hd__a41o_2)
                                                         _031_ (net)
                      0.043440    0.000018    1.613004 v _082_/A1 (sky130_fd_sc_hd__a21oi_2)
     9    0.026014    0.328285    0.299781    1.912785 ^ _082_/Y (sky130_fd_sc_hd__a21oi_2)
                                                         _043_ (net)
                      0.328285    0.000075    1.912860 ^ _090_/C (sky130_fd_sc_hd__and3b_2)
     1    0.002318    0.043278    0.223028    2.135889 ^ _090_/X (sky130_fd_sc_hd__and3b_2)
                                                         _002_ (net)
                      0.043278    0.000005    2.135893 ^ _114_/D (sky130_fd_sc_hd__dfrtp_2)
                                              2.135893   data arrival time

                                  5.000000    5.000000   clock clk (rise edge)
                                  0.000000    5.000000   clock source latency
     9    0.022984    0.108946    0.074857    5.074857 ^ clk (in)
                                                         clk (net)
                      0.108946    0.000000    5.074857 ^ _114_/CLK (sky130_fd_sc_hd__dfrtp_2)
                                 -0.250000    4.824857   clock uncertainty
                                  0.000000    4.824857   clock reconvergence pessimism
                                 -0.053349    4.771508   library setup time
                                              4.771508   data required time
---------------------------------------------------------------------------------------------
                                              4.771508   data required time
                                             -2.135893   data arrival time
---------------------------------------------------------------------------------------------
                                              2.635614   slack (MET)


Startpoint: psc[1] (input port clocked by clk)
Endpoint: _115_ (rising edge-triggered flip-flop clocked by clk)
Path Group: clk
Path Type: max

Fanout         Cap        Slew       Delay        Time   Description
---------------------------------------------------------------------------------------------
                                  0.000000    0.000000   clock clk (rise edge)
                                  0.000000    0.000000   clock network delay (propagated)
                                  1.000000    1.000000 ^ input external delay
     2    0.007476    0.040192    0.025831    1.025831 ^ psc[1] (in)
                                                         psc[1] (net)
                      0.040192    0.000000    1.025831 ^ _061_/A_N (sky130_fd_sc_hd__and2b_2)
     1    0.002262    0.034639    0.197503    1.223334 v _061_/X (sky130_fd_sc_hd__and2b_2)
                                                         _022_ (net)
                      0.034639    0.000000    1.223335 v _064_/B1 (sky130_fd_sc_hd__a21o_2)
     1    0.003699    0.036076    0.180236    1.403571 v _064_/X (sky130_fd_sc_hd__a21o_2)
                                                         _025_ (net)
                      0.036076    0.000019    1.403590 v _070_/A1 (sky130_fd_sc_hd__a41o_2)
     1    0.004901    0.043440    0.209395    1.612985 v _070_/X (sky130_fd_sc_hd__a41o_2)
                                                         _031_ (net)
                      0.043440    0.000018    1.613004 v _082_/A1 (sky130_fd_sc_hd__a21oi_2)
     9    0.026014    0.328285    0.299781    1.912785 ^ _082_/Y (sky130_fd_sc_hd__a21oi_2)
                                                         _043_ (net)
                      0.328285    0.000101    1.912886 ^ _093_/C (sky130_fd_sc_hd__and3b_2)
     1    0.002136    0.042356    0.221842    2.134729 ^ _093_/X (sky130_fd_sc_hd__and3b_2)
                                                         _003_ (net)
                      0.042356    0.000001    2.134730 ^ _115_/D (sky130_fd_sc_hd__dfrtp_2)
                                              2.134730   data arrival time

                                  5.000000    5.000000   clock clk (rise edge)
                                  0.000000    5.000000   clock source latency
     9    0.022984    0.108946    0.074845    5.074845 ^ clk (in)
                                                         clk (net)
                      0.108946    0.000000    5.074845 ^ _115_/CLK (sky130_fd_sc_hd__dfrtp_2)
                                 -0.250000    4.824845   clock uncertainty
                                  0.000000    4.824845   clock reconvergence pessimism
                                 -0.053136    4.771708   library setup time
                                              4.771708   data required time
---------------------------------------------------------------------------------------------
                                              4.771708   data required time
                                             -2.134730   data arrival time
---------------------------------------------------------------------------------------------
                                              2.636978   slack (MET)


Startpoint: psc[1] (input port clocked by clk)
Endpoint: _116_ (rising edge-triggered flip-flop clocked by clk)
Path Group: clk
Path Type: max

Fanout         Cap        Slew       Delay        Time   Description
---------------------------------------------------------------------------------------------
                                  0.000000    0.000000   clock clk (rise edge)
                                  0.000000    0.000000   clock network delay (propagated)
                                  1.000000    1.000000 ^ input external delay
     2    0.007476    0.040192    0.025831    1.025831 ^ psc[1] (in)
                                                         psc[1] (net)
                      0.040192    0.000000    1.025831 ^ _061_/A_N (sky130_fd_sc_hd__and2b_2)
     1    0.002262    0.034639    0.197503    1.223334 v _061_/X (sky130_fd_sc_hd__and2b_2)
                                                         _022_ (net)
                      0.034639    0.000000    1.223335 v _064_/B1 (sky130_fd_sc_hd__a21o_2)
     1    0.003699    0.036076    0.180236    1.403571 v _064_/X (sky130_fd_sc_hd__a21o_2)
                                                         _025_ (net)
                      0.036076    0.000019    1.403590 v _070_/A1 (sky130_fd_sc_hd__a41o_2)
     1    0.004901    0.043440    0.209395    1.612985 v _070_/X (sky130_fd_sc_hd__a41o_2)
                                                         _031_ (net)
                      0.043440    0.000018    1.613004 v _082_/A1 (sky130_fd_sc_hd__a21oi_2)
     9    0.026014    0.328285    0.299781    1.912785 ^ _082_/Y (sky130_fd_sc_hd__a21oi_2)
                                                         _043_ (net)
                      0.328285    0.000164    1.912949 ^ _096_/C (sky130_fd_sc_hd__and3b_2)
     1    0.002122    0.042283    0.221749    2.134698 ^ _096_/X (sky130_fd_sc_hd__and3b_2)
                                                         _004_ (net)
                      0.042283    0.000001    2.134699 ^ _116_/D (sky130_fd_sc_hd__dfrtp_2)
                                              2.134699   data arrival time

                                  5.000000    5.000000   clock clk (rise edge)
                                  0.000000    5.000000   clock source latency
     9    0.022984    0.108946    0.074870    5.074870 ^ clk (in)
                                                         clk (net)
                      0.108946    0.000000    5.074870 ^ _116_/CLK (sky130_fd_sc_hd__dfrtp_2)
                                 -0.250000    4.824870   clock uncertainty
                                  0.000000    4.824870   clock reconvergence pessimism
                                 -0.053119    4.771750   library setup time
                                              4.771750   data required time
---------------------------------------------------------------------------------------------
                                              4.771750   data required time
                                             -2.134699   data arrival time
---------------------------------------------------------------------------------------------
                                              2.637051   slack (MET)


Startpoint: psc[1] (input port clocked by clk)
Endpoint: _119_ (rising edge-triggered flip-flop clocked by clk)
Path Group: clk
Path Type: max

Fanout         Cap        Slew       Delay        Time   Description
---------------------------------------------------------------------------------------------
                                  0.000000    0.000000   clock clk (rise edge)
                                  0.000000    0.000000   clock network delay (propagated)
                                  1.000000    1.000000 ^ input external delay
     2    0.007476    0.040192    0.025831    1.025831 ^ psc[1] (in)
                                                         psc[1] (net)
                      0.040192    0.000000    1.025831 ^ _061_/A_N (sky130_fd_sc_hd__and2b_2)
     1    0.002262    0.034639    0.197503    1.223334 v _061_/X (sky130_fd_sc_hd__and2b_2)
                                                         _022_ (net)
                      0.034639    0.000000    1.223335 v _064_/B1 (sky130_fd_sc_hd__a21o_2)
     1    0.003699    0.036076    0.180236    1.403571 v _064_/X (sky130_fd_sc_hd__a21o_2)
                                                         _025_ (net)
                      0.036076    0.000019    1.403590 v _070_/A1 (sky130_fd_sc_hd__a41o_2)
     1    0.004901    0.043440    0.209395    1.612985 v _070_/X (sky130_fd_sc_hd__a41o_2)
                                                         _031_ (net)
                      0.043440    0.000018    1.613004 v _082_/A1 (sky130_fd_sc_hd__a21oi_2)
     9    0.026014    0.328285    0.299781    1.912785 ^ _082_/Y (sky130_fd_sc_hd__a21oi_2)
                                                         _043_ (net)
                      0.328285    0.000179    1.912964 ^ _103_/B1_N (sky130_fd_sc_hd__a21boi_2)
     1    0.002091    0.073475    0.203811    2.116775 ^ _103_/Y (sky130_fd_sc_hd__a21boi_2)
                                                         _007_ (net)
                      0.073475    0.000000    2.116776 ^ _119_/D (sky130_fd_sc_hd__dfrtp_2)
                                              2.116776   data arrival time

                                  5.000000    5.000000   clock clk (rise edge)
                                  0.000000    5.000000   clock source latency
     9    0.022984    0.108946    0.074887    5.074887 ^ clk (in)
                                                         clk (net)
                      0.108946    0.000000    5.074887 ^ _119_/CLK (sky130_fd_sc_hd__dfrtp_2)
                                 -0.250000    4.824887   clock uncertainty
                                  0.000000    4.824887   clock reconvergence pessimism
                                 -0.060305    4.764581   library setup time
                                              4.764581   data required time
---------------------------------------------------------------------------------------------
                                              4.764581   data required time
                                             -2.116776   data arrival time
---------------------------------------------------------------------------------------------
                                              2.647805   slack (MET)


Startpoint: psc[1] (input port clocked by clk)
Endpoint: _112_ (rising edge-triggered flip-flop clocked by clk)
Path Group: clk
Path Type: max

Fanout         Cap        Slew       Delay        Time   Description
---------------------------------------------------------------------------------------------
                                  0.000000    0.000000   clock clk (rise edge)
                                  0.000000    0.000000   clock network delay (propagated)
                                  1.000000    1.000000 ^ input external delay
     2    0.007476    0.040192    0.025831    1.025831 ^ psc[1] (in)
                                                         psc[1] (net)
                      0.040192    0.000000    1.025831 ^ _061_/A_N (sky130_fd_sc_hd__and2b_2)
     1    0.002262    0.034639    0.197503    1.223334 v _061_/X (sky130_fd_sc_hd__and2b_2)
                                                         _022_ (net)
                      0.034639    0.000000    1.223335 v _064_/B1 (sky130_fd_sc_hd__a21o_2)
     1    0.003699    0.036076    0.180236    1.403571 v _064_/X (sky130_fd_sc_hd__a21o_2)
                                                         _025_ (net)
                      0.036076    0.000019    1.403590 v _070_/A1 (sky130_fd_sc_hd__a41o_2)
     1    0.004901    0.043440    0.209395    1.612985 v _070_/X (sky130_fd_sc_hd__a41o_2)
                                                         _031_ (net)
                      0.043440    0.000018    1.613004 v _082_/A1 (sky130_fd_sc_hd__a21oi_2)
     9    0.026014    0.328285    0.299781    1.912785 ^ _082_/Y (sky130_fd_sc_hd__a21oi_2)
                                                         _043_ (net)
                      0.328285    0.000105    1.912890 ^ _084_/B (sky130_fd_sc_hd__and2b_2)
     1    0.002594    0.038426    0.193785    2.106676 ^ _084_/X (sky130_fd_sc_hd__and2b_2)
                                                         _000_ (net)
                      0.038426    0.000006    2.106681 ^ _112_/D (sky130_fd_sc_hd__dfrtp_2)
                                              2.106681   data arrival time

                                  5.000000    5.000000   clock clk (rise edge)
                                  0.000000    5.000000   clock source latency
     9    0.022984    0.108946    0.074765    5.074765 ^ clk (in)
                                                         clk (net)
                      0.108946    0.000000    5.074765 ^ _112_/CLK (sky130_fd_sc_hd__dfrtp_2)
                                 -0.250000    4.824765   clock uncertainty
                                  0.000000    4.824765   clock reconvergence pessimism
                                 -0.052231    4.772534   library setup time
                                              4.772534   data required time
---------------------------------------------------------------------------------------------
                                              4.772534   data required time
                                             -2.106681   data arrival time
---------------------------------------------------------------------------------------------
                                              2.665853   slack (MET)


Startpoint: psc[1] (input port clocked by clk)
Endpoint: _120_ (rising edge-triggered flip-flop clocked by clk)
Path Group: clk
Path Type: max

Fanout         Cap        Slew       Delay        Time   Description
---------------------------------------------------------------------------------------------
                                  0.000000    0.000000   clock clk (rise edge)
                                  0.000000    0.000000   clock network delay (propagated)
                                  1.000000    1.000000 ^ input external delay
     2    0.007476    0.040192    0.025831    1.025831 ^ psc[1] (in)
                                                         psc[1] (net)
                      0.040192    0.000000    1.025831 ^ _061_/A_N (sky130_fd_sc_hd__and2b_2)
     1    0.002262    0.034639    0.197503    1.223334 v _061_/X (sky130_fd_sc_hd__and2b_2)
                                                         _022_ (net)
                      0.034639    0.000000    1.223335 v _064_/B1 (sky130_fd_sc_hd__a21o_2)
     1    0.003699    0.036076    0.180236    1.403571 v _064_/X (sky130_fd_sc_hd__a21o_2)
                                                         _025_ (net)
                      0.036076    0.000019    1.403590 v _070_/A1 (sky130_fd_sc_hd__a41o_2)
     1    0.004901    0.043440    0.209395    1.612985 v _070_/X (sky130_fd_sc_hd__a41o_2)
                                                         _031_ (net)
                      0.043440    0.000018    1.613004 v _082_/A1 (sky130_fd_sc_hd__a21oi_2)
     9    0.026014    0.328285    0.299781    1.912785 ^ _082_/Y (sky130_fd_sc_hd__a21oi_2)
                                                         _043_ (net)
                      0.328285    0.000225    1.913010 ^ _083_/B (sky130_fd_sc_hd__xnor2_2)
     1    0.002885    0.101741    0.144665    2.057675 ^ _083_/Y (sky130_fd_sc_hd__xnor2_2)
                                                         _017_ (net)
                      0.101741    0.000009    2.057684 ^ _120_/D (sky130_fd_sc_hd__dfrtp_2)
                                              2.057684   data arrival time

                                  5.000000    5.000000   clock clk (rise edge)
                                  0.000000    5.000000   clock source latency
     9    0.022984    0.108946    0.074805    5.074805 ^ clk (in)
                                                         clk (net)
                      0.108946    0.000000    5.074805 ^ _120_/CLK (sky130_fd_sc_hd__dfrtp_2)
                                 -0.250000    4.824805   clock uncertainty
                                  0.000000    4.824805   clock reconvergence pessimism
                                 -0.066817    4.757987   library setup time
                                              4.757987   data required time
---------------------------------------------------------------------------------------------
                                              4.757987   data required time
                                             -2.057684   data arrival time
---------------------------------------------------------------------------------------------
                                              2.700303   slack (MET)


Startpoint: _120_ (rising edge-triggered flip-flop clocked by clk)
Endpoint: out (output port clocked by clk)
Path Group: clk
Path Type: max

Fanout         Cap        Slew       Delay        Time   Description
---------------------------------------------------------------------------------------------
                                  0.000000    0.000000   clock clk (rise edge)
                                  0.000000    0.000000   clock source latency
     9    0.022984    0.108946    0.074804    0.074804 ^ clk (in)
                                                         clk (net)
                      0.108946    0.000000    0.074804 ^ _120_/CLK (sky130_fd_sc_hd__dfrtp_2)
     2    0.042954    0.126611    0.511288    0.586093 v _120_/Q (sky130_fd_sc_hd__dfrtp_2)
                                                         out (net)
                      0.126611    0.000165    0.586258 v out (out)
                                              0.586258   data arrival time

                                  5.000000    5.000000   clock clk (rise edge)
                                  0.000000    5.000000   clock network delay (propagated)
                                 -0.250000    4.750000   clock uncertainty
                                  0.000000    4.750000   clock reconvergence pessimism
                                 -1.000000    3.750000   output external delay
                                              3.750000   data required time
---------------------------------------------------------------------------------------------
                                              3.750000   data required time
                                             -0.586258   data arrival time
---------------------------------------------------------------------------------------------
                                              3.163742   slack (MET)


Startpoint: rst (input port clocked by clk)
Endpoint: _114_ (recovery check against rising-edge clock clk)
Path Group: asynchronous
Path Type: max

Fanout         Cap        Slew       Delay        Time   Description
---------------------------------------------------------------------------------------------
                                  0.000000    0.000000   clock clk (rise edge)
                                  0.000000    0.000000   clock network delay (propagated)
                                  1.000000    1.000000 v input external delay
     9    0.044834    0.100025    0.071811    1.071811 v rst (in)
                                                         rst (net)
                      0.100027    0.000000    1.071811 v _105_/A (sky130_fd_sc_hd__inv_2)
     1    0.003765    0.038037    0.063612    1.135423 ^ _105_/Y (sky130_fd_sc_hd__inv_2)
                                                         _010_ (net)
                      0.038037    0.000003    1.135426 ^ _114_/RESET_B (sky130_fd_sc_hd__dfrtp_2)
                                              1.135426   data arrival time

                                  5.000000    5.000000   clock clk (rise edge)
                                  0.000000    5.000000   clock source latency
     9    0.022984    0.108946    0.074857    5.074857 ^ clk (in)
                                                         clk (net)
                      0.108946    0.000000    5.074857 ^ _114_/CLK (sky130_fd_sc_hd__dfrtp_2)
                                 -0.250000    4.824857   clock uncertainty
                                  0.000000    4.824857   clock reconvergence pessimism
                                  0.240866    5.065723   library recovery time
                                              5.065723   data required time
---------------------------------------------------------------------------------------------
                                              5.065723   data required time
                                             -1.135426   data arrival time
---------------------------------------------------------------------------------------------
                                              3.930298   slack (MET)


Startpoint: rst (input port clocked by clk)
Endpoint: _113_ (recovery check against rising-edge clock clk)
Path Group: asynchronous
Path Type: max

Fanout         Cap        Slew       Delay        Time   Description
---------------------------------------------------------------------------------------------
                                  0.000000    0.000000   clock clk (rise edge)
                                  0.000000    0.000000   clock network delay (propagated)
                                  1.000000    1.000000 v input external delay
     9    0.044834    0.100025    0.071661    1.071661 v rst (in)
                                                         rst (net)
                      0.100026    0.000000    1.071661 v _104_/A (sky130_fd_sc_hd__inv_2)
     1    0.003725    0.037887    0.063400    1.135061 ^ _104_/Y (sky130_fd_sc_hd__inv_2)
                                                         _009_ (net)
                      0.037887    0.000002    1.135063 ^ _113_/RESET_B (sky130_fd_sc_hd__dfrtp_2)
                                              1.135063   data arrival time

                                  5.000000    5.000000   clock clk (rise edge)
                                  0.000000    5.000000   clock source latency
     9    0.022984    0.108946    0.074756    5.074756 ^ clk (in)
                                                         clk (net)
                      0.108946    0.000000    5.074756 ^ _113_/CLK (sky130_fd_sc_hd__dfrtp_2)
                                 -0.250000    4.824756   clock uncertainty
                                  0.000000    4.824756   clock reconvergence pessimism
                                  0.240911    5.065667   library recovery time
                                              5.065667   data required time
---------------------------------------------------------------------------------------------
                                              5.065667   data required time
                                             -1.135063   data arrival time
---------------------------------------------------------------------------------------------
                                              3.930604   slack (MET)


Startpoint: rst (input port clocked by clk)
Endpoint: _120_ (recovery check against rising-edge clock clk)
Path Group: asynchronous
Path Type: max

Fanout         Cap        Slew       Delay        Time   Description
---------------------------------------------------------------------------------------------
                                  0.000000    0.000000   clock clk (rise edge)
                                  0.000000    0.000000   clock network delay (propagated)
                                  1.000000    1.000000 v input external delay
     9    0.044834    0.100025    0.071666    1.071666 v rst (in)
                                                         rst (net)
                      0.100026    0.000000    1.071666 v _111_/A (sky130_fd_sc_hd__inv_2)
     1    0.003717    0.037857    0.063357    1.135023 ^ _111_/Y (sky130_fd_sc_hd__inv_2)
                                                         _016_ (net)
                      0.037857    0.000002    1.135025 ^ _120_/RESET_B (sky130_fd_sc_hd__dfrtp_2)
                                              1.135025   data arrival time

                                  5.000000    5.000000   clock clk (rise edge)
                                  0.000000    5.000000   clock source latency
     9    0.022984    0.108946    0.074805    5.074805 ^ clk (in)
                                                         clk (net)
                      0.108946    0.000000    5.074805 ^ _120_/CLK (sky130_fd_sc_hd__dfrtp_2)
                                 -0.250000    4.824805   clock uncertainty
                                  0.000000    4.824805   clock reconvergence pessimism
                                  0.240920    5.065724   library recovery time
                                              5.065724   data required time
---------------------------------------------------------------------------------------------
                                              5.065724   data required time
                                             -1.135025   data arrival time
---------------------------------------------------------------------------------------------
                                              3.930699   slack (MET)


Startpoint: rst (input port clocked by clk)
Endpoint: _119_ (recovery check against rising-edge clock clk)
Path Group: asynchronous
Path Type: max

Fanout         Cap        Slew       Delay        Time   Description
---------------------------------------------------------------------------------------------
                                  0.000000    0.000000   clock clk (rise edge)
                                  0.000000    0.000000   clock network delay (propagated)
                                  1.000000    1.000000 v input external delay
     9    0.044834    0.100025    0.071877    1.071877 v rst (in)
                                                         rst (net)
                      0.100027    0.000000    1.071877 v _110_/A (sky130_fd_sc_hd__inv_2)
     1    0.003685    0.037741    0.063193    1.135070 ^ _110_/Y (sky130_fd_sc_hd__inv_2)
                                                         _015_ (net)
                      0.037741    0.000001    1.135071 ^ _119_/RESET_B (sky130_fd_sc_hd__dfrtp_2)
                                              1.135071   data arrival time

                                  5.000000    5.000000   clock clk (rise edge)
                                  0.000000    5.000000   clock source latency
     9    0.022984    0.108946    0.074887    5.074887 ^ clk (in)
                                                         clk (net)
                      0.108946    0.000000    5.074887 ^ _119_/CLK (sky130_fd_sc_hd__dfrtp_2)
                                 -0.250000    4.824887   clock uncertainty
                                  0.000000    4.824887   clock reconvergence pessimism
                                  0.240954    5.065841   library recovery time
                                              5.065841   data required time
---------------------------------------------------------------------------------------------
                                              5.065841   data required time
                                             -1.135071   data arrival time
---------------------------------------------------------------------------------------------
                                              3.930770   slack (MET)


Startpoint: rst (input port clocked by clk)
Endpoint: _117_ (recovery check against rising-edge clock clk)
Path Group: asynchronous
Path Type: max

Fanout         Cap        Slew       Delay        Time   Description
---------------------------------------------------------------------------------------------
                                  0.000000    0.000000   clock clk (rise edge)
                                  0.000000    0.000000   clock network delay (propagated)
                                  1.000000    1.000000 v input external delay
     9    0.044834    0.100025    0.071647    1.071647 v rst (in)
                                                         rst (net)
                      0.100026    0.000000    1.071647 v _108_/A (sky130_fd_sc_hd__inv_2)
     1    0.003690    0.037758    0.063218    1.134865 ^ _108_/Y (sky130_fd_sc_hd__inv_2)
                                                         _013_ (net)
                      0.037758    0.000001    1.134866 ^ _117_/RESET_B (sky130_fd_sc_hd__dfrtp_2)
                                              1.134866   data arrival time

                                  5.000000    5.000000   clock clk (rise edge)
                                  0.000000    5.000000   clock source latency
     9    0.022984    0.108946    0.074794    5.074794 ^ clk (in)
                                                         clk (net)
                      0.108946    0.000000    5.074794 ^ _117_/CLK (sky130_fd_sc_hd__dfrtp_2)
                                 -0.250000    4.824794   clock uncertainty
                                  0.000000    4.824794   clock reconvergence pessimism
                                  0.240949    5.065743   library recovery time
                                              5.065743   data required time
---------------------------------------------------------------------------------------------
                                              5.065743   data required time
                                             -1.134866   data arrival time
---------------------------------------------------------------------------------------------
                                              3.930877   slack (MET)


Startpoint: rst (input port clocked by clk)
Endpoint: _118_ (recovery check against rising-edge clock clk)
Path Group: asynchronous
Path Type: max

Fanout         Cap        Slew       Delay        Time   Description
---------------------------------------------------------------------------------------------
                                  0.000000    0.000000   clock clk (rise edge)
                                  0.000000    0.000000   clock network delay (propagated)
                                  1.000000    1.000000 v input external delay
     9    0.044834    0.100025    0.071887    1.071887 v rst (in)
                                                         rst (net)
                      0.100028    0.000000    1.071887 v _109_/A (sky130_fd_sc_hd__inv_2)
     1    0.003665    0.037666    0.063087    1.134974 ^ _109_/Y (sky130_fd_sc_hd__inv_2)
                                                         _014_ (net)
                      0.037666    0.000001    1.134975 ^ _118_/RESET_B (sky130_fd_sc_hd__dfrtp_2)
                                              1.134975   data arrival time

                                  5.000000    5.000000   clock clk (rise edge)
                                  0.000000    5.000000   clock source latency
     9    0.022984    0.108946    0.074892    5.074892 ^ clk (in)
                                                         clk (net)
                      0.108946    0.000000    5.074892 ^ _118_/CLK (sky130_fd_sc_hd__dfrtp_2)
                                 -0.250000    4.824892   clock uncertainty
                                  0.000000    4.824892   clock reconvergence pessimism
                                  0.240976    5.065868   library recovery time
                                              5.065868   data required time
---------------------------------------------------------------------------------------------
                                              5.065868   data required time
                                             -1.134975   data arrival time
---------------------------------------------------------------------------------------------
                                              3.930893   slack (MET)


Startpoint: rst (input port clocked by clk)
Endpoint: _112_ (recovery check against rising-edge clock clk)
Path Group: asynchronous
Path Type: max

Fanout         Cap        Slew       Delay        Time   Description
---------------------------------------------------------------------------------------------
                                  0.000000    0.000000   clock clk (rise edge)
                                  0.000000    0.000000   clock network delay (propagated)
                                  1.000000    1.000000 v input external delay
     9    0.044834    0.100025    0.071641    1.071641 v rst (in)
                                                         rst (net)
                      0.100026    0.000000    1.071641 v _060_/A (sky130_fd_sc_hd__inv_2)
     1    0.003661    0.037652    0.063067    1.134708 ^ _060_/Y (sky130_fd_sc_hd__inv_2)
                                                         _008_ (net)
                      0.037652    0.000000    1.134709 ^ _112_/RESET_B (sky130_fd_sc_hd__dfrtp_2)
                                              1.134709   data arrival time

                                  5.000000    5.000000   clock clk (rise edge)
                                  0.000000    5.000000   clock source latency
     9    0.022984    0.108946    0.074765    5.074765 ^ clk (in)
                                                         clk (net)
                      0.108946    0.000000    5.074765 ^ _112_/CLK (sky130_fd_sc_hd__dfrtp_2)
                                 -0.250000    4.824765   clock uncertainty
                                  0.000000    4.824765   clock reconvergence pessimism
                                  0.240980    5.065745   library recovery time
                                              5.065745   data required time
---------------------------------------------------------------------------------------------
                                              5.065745   data required time
                                             -1.134709   data arrival time
---------------------------------------------------------------------------------------------
                                              3.931036   slack (MET)


Startpoint: rst (input port clocked by clk)
Endpoint: _115_ (recovery check against rising-edge clock clk)
Path Group: asynchronous
Path Type: max

Fanout         Cap        Slew       Delay        Time   Description
---------------------------------------------------------------------------------------------
                                  0.000000    0.000000   clock clk (rise edge)
                                  0.000000    0.000000   clock network delay (propagated)
                                  1.000000    1.000000 v input external delay
     9    0.044834    0.100025    0.071791    1.071791 v rst (in)
                                                         rst (net)
                      0.100027    0.000000    1.071791 v _106_/A (sky130_fd_sc_hd__inv_2)
     1    0.003645    0.037593    0.062985    1.134775 ^ _106_/Y (sky130_fd_sc_hd__inv_2)
                                                         _011_ (net)
                      0.037593    0.000000    1.134776 ^ _115_/RESET_B (sky130_fd_sc_hd__dfrtp_2)
                                              1.134776   data arrival time

                                  5.000000    5.000000   clock clk (rise edge)
                                  0.000000    5.000000   clock source latency
     9    0.022984    0.108946    0.074845    5.074845 ^ clk (in)
                                                         clk (net)
                      0.108946    0.000000    5.074845 ^ _115_/CLK (sky130_fd_sc_hd__dfrtp_2)
                                 -0.250000    4.824845   clock uncertainty
                                  0.000000    4.824845   clock reconvergence pessimism
                                  0.240998    5.065842   library recovery time
                                              5.065842   data required time
---------------------------------------------------------------------------------------------
                                              5.065842   data required time
                                             -1.134776   data arrival time
---------------------------------------------------------------------------------------------
                                              3.931066   slack (MET)


Startpoint: rst (input port clocked by clk)
Endpoint: _116_ (recovery check against rising-edge clock clk)
Path Group: asynchronous
Path Type: max

Fanout         Cap        Slew       Delay        Time   Description
---------------------------------------------------------------------------------------------
                                  0.000000    0.000000   clock clk (rise edge)
                                  0.000000    0.000000   clock network delay (propagated)
                                  1.000000    1.000000 v input external delay
     9    0.044834    0.100025    0.071842    1.071842 v rst (in)
                                                         rst (net)
                      0.100027    0.000000    1.071842 v _107_/A (sky130_fd_sc_hd__inv_2)
     1    0.003626    0.037523    0.062885    1.134727 ^ _107_/Y (sky130_fd_sc_hd__inv_2)
                                                         _012_ (net)
                      0.037523    0.000000    1.134727 ^ _116_/RESET_B (sky130_fd_sc_hd__dfrtp_2)
                                              1.134727   data arrival time

                                  5.000000    5.000000   clock clk (rise edge)
                                  0.000000    5.000000   clock source latency
     9    0.022984    0.108946    0.074870    5.074870 ^ clk (in)
                                                         clk (net)
                      0.108946    0.000000    5.074870 ^ _116_/CLK (sky130_fd_sc_hd__dfrtp_2)
                                 -0.250000    4.824870   clock uncertainty
                                  0.000000    4.824870   clock reconvergence pessimism
                                  0.241018    5.065888   library recovery time
                                              5.065888   data required time
---------------------------------------------------------------------------------------------
                                              5.065888   data required time
                                             -1.134727   data arrival time
---------------------------------------------------------------------------------------------
                                              3.931161   slack (MET)



