Clock: clk
Sources: 
Generated: no
Virtual: yes
Propagated: no
Period: 5.000000

===========================================================================
report_clock_properties
============================================================================
Clock                   Period          Waveform
----------------------------------------------------
clk                   5.000000    0.000000  2.500000

===========================================================================
report_clock_latency
============================================================================
Clock clk
rise -> rise
    min     max
0.000000 0.000000 source latency
1.607716         network latency _296_/CLK
        2.472776 network latency _308_/GATE
---------------
1.607716 2.472776 latency
        0.865060 skew

rise -> fall
    min     max
0.000000 0.000000 source latency
1.487451         network latency _296_/CLK
        2.372232 network latency _286_/CLK
---------------
1.487451 2.372232 latency
        0.884781 skew



===========================================================================
report_clock_min_period
============================================================================
clk period_min = 0.00 fmax = inf
